17:14:12.475 [main                     ] DEBUG Logger               - Configured Logger
17:14:12.504 [main                     ] DEBUG GameApplication      - Logging settings
Title: 1945
Version: 0.1
Width: 1280
Height: 800
Fullscreen: true
Intro: false
Profiling: false
Single step:false
App Mode: DEVELOPER
Menu Key: ESCAPE
Stage Style: DECORATED
Scene Factory: class com.almasb.fxgl.app.scene.SceneFactory

17:14:13.274 [JavaFX Application Thread] DEBUG FXGLApplication      - Initializing FXGL
17:14:13.283 [JavaFX Application Thread] INFO  Engine               - FXGL-21.1 (27.03.2024 07.52) on WINDOWS (J:21.0.9 FX:21.0.1)
17:14:13.284 [JavaFX Application Thread] DEBUG Engine               - JRE Vendor Name: Oracle Corporation
17:14:13.284 [JavaFX Application Thread] DEBUG Engine               - Running on OS: Windows 11 version 10.0
17:14:13.284 [JavaFX Application Thread] DEBUG Engine               - Architecture: amd64
17:14:13.284 [JavaFX Application Thread] INFO  Engine               - Source code and latest versions at: https://github.com/AlmasB/FXGL
17:14:13.284 [JavaFX Application Thread] INFO  Engine               -       Ask questions and discuss at: https://github.com/AlmasB/FXGL/discussions
17:14:13.285 [JavaFX Application Thread] INFO  Engine               -              Join the FXGL chat at: https://gitter.im/AlmasB/FXGL
17:14:13.419 [JavaFX Application Thread] DEBUG PrimaryStageWindow   - Creating a JavaFX scene
17:14:13.478 [JavaFX Application Thread] DEBUG PrimaryStageWindow   - Target settings size: 1280.0 x 800.0
17:14:13.478 [JavaFX Application Thread] DEBUG PrimaryStageWindow   - Scaled scene size:    1280.0 x 800.0
17:14:13.479 [JavaFX Application Thread] DEBUG PrimaryStageWindow   - Scaled ratio: (1.0, 1.0)
17:14:13.480 [JavaFX Application Thread] DEBUG PrimaryStageWindow   - Set initial scene to FXGLStartupScene
17:14:13.485 [JavaFX Application Thread] DEBUG PrimaryStageWindow   - Opening main window
17:14:13.610 [JavaFX Application Thread] DEBUG PrimaryStageWindow   - Window border size: (14.4000244140625, 37.5999755859375)
17:14:13.611 [JavaFX Application Thread] DEBUG PrimaryStageWindow   - Scaled size: 1280.0 x 800.0
17:14:13.611 [JavaFX Application Thread] DEBUG PrimaryStageWindow   - Scaled ratio: (1.0, 1.0)
17:14:13.612 [JavaFX Application Thread] DEBUG PrimaryStageWindow   - Scene size: 1280.0 x 800.0
17:14:13.612 [JavaFX Application Thread] DEBUG PrimaryStageWindow   - Stage size: 1294.4000244140625 x 837.5999755859375
17:14:13.625 [FXGL Background Thread 1 ] DEBUG Engine               - Initializing environment variables
17:14:13.714 [FXGL Background Thread 1 ] DEBUG FXGLAssetLoaderServi - User app class for loading assets: class org.saikat.Main
17:14:13.715 [FXGL Background Thread 1 ] DEBUG GameApplicationServi - Applying CSS: fxgl_dark.css
17:14:13.716 [FXGL Background Thread 1 ] DEBUG FXGLAssetLoaderServi - Loading from file system: jar:file:/C:/Users/HP/.m2/repository/com/github/almasb/fxgl/21.1/fxgl-21.1.jar!/fxglassets/ui/css/fxgl_dark.css
17:14:13.777 [FXGL Background Thread 1 ] DEBUG GameApplicationServi - Initializing application scenes
17:14:13.852 [FXGL Background Thread 1 ] DEBUG GameWorld            - Game world initialized
17:14:13.940 [FXGL Background Thread 1 ] DEBUG PhysicsWorld         - Physics world initialized: appHeight=800, physics.ppm=50.0
17:14:13.940 [FXGL Background Thread 1 ] DEBUG PhysicsWorld         - Using strategy: BRUTE_FORCE
17:14:13.945 [FXGL Background Thread 1 ] DEBUG GameScene            - Game scene initialized: 1280x800
17:14:13.961 [FXGL Background Thread 1 ] DEBUG FXGL.DefaultMenu     - createMenuBodyGameMenu()
17:14:13.985 [FXGL Background Thread 1 ] DEBUG FXGL.DefaultMenu     - createOptionsMenu()
17:14:13.999 [FXGL Background Thread 1 ] DEBUG FXGLAssetLoaderServi - Loading from file system: jar:file:/C:/Users/HP/.m2/repository/com/github/almasb/fxgl/21.1/fxgl-21.1.jar!/fxglassets/textures/particles/smoke.png
17:14:14.133 [FXGL Background Thread 1 ] DEBUG FXGLAssetLoaderServi - Loading from file system: jar:file:/C:/Users/HP/.m2/repository/com/github/almasb/fxgl/21.1/fxgl-21.1.jar!/fxglassets/textures/particles/trace_horizontal.png
17:14:14.162 [FXGL Background Thread 1 ] DEBUG GameApplicationServi - Application scenes initialized
17:14:14.183 [FXGL Background Thread 1 ] DEBUG SystemBundleService  - Loading FXGL system data
17:14:14.188 [FXGL Background Thread 1 ] DEBUG FileSystemAccess     - Reading from: E:\All About Dev\OOP\FXGL new Begining\final version\Tower Defender\Tower-Defender\system\fxgl.bundle
17:14:14.204 [FXGL Background Thread 1 ] DEBUG SystemBundleService  - Bundle FXGL: {}
17:14:14.205 [FXGL Background Thread 1 ] DEBUG UpdaterService       - Checking for updates
17:14:14.210 [FXGL Background Thread 4 ] DEBUG FXGLApplication      - Loading fonts
17:14:14.211 [FXGL Background Thread 4 ] DEBUG FXGLAssetLoaderServi - Loading from file system: jar:file:/C:/Users/HP/.m2/repository/com/github/almasb/fxgl/21.1/fxgl-21.1.jar!/fxglassets/ui/fonts/VarelaRound-Regular.ttf
17:14:14.212 [FXGL Background Thread 1 ] DEBUG FXGLApplication      - Loading default localization
17:14:14.214 [FXGL Background Thread 1 ] DEBUG FXGLAssetLoaderServi - Loading from file system: jar:file:/C:/Users/HP/.m2/repository/com/github/almasb/fxgl/21.1/fxgl-21.1.jar!/fxglassets/languages/english.lang
17:14:14.255 [FXGL Background Thread 1 ] INFO  FXGLApplication      - FXGL initialization took: 0.630 sec
17:14:14.266 [JavaFX Application Thread] DEBUG Input                - Registered new binding: add tower - LMB
17:14:14.267 [JavaFX Application Thread] DEBUG Input                - Registered new binding: remove tower - RMB
17:14:14.267 [JavaFX Application Thread] DEBUG FXGLAssetLoaderServi - Loading from file system: jar:file:/C:/Users/HP/.m2/repository/com/github/almasb/fxgl/21.1/fxgl-21.1.jar!/fxglassets/textures/fxgl_icon.png
17:14:14.295 [JavaFX Application Thread] DEBUG FXGLAssetLoaderServi - Loading from file system: jar:file:/C:/Users/HP/.m2/repository/com/github/almasb/fxgl/21.1/fxgl-21.1.jar!/fxglassets/textures/fxgl_default_cursor.png
17:14:14.308 [JavaFX Application Thread] DEBUG Input                - Registered new binding: Screenshot - CTRL+8
17:14:14.309 [JavaFX Application Thread] DEBUG Input                - Registered new binding: System info dump - CTRL+9
17:14:14.309 [JavaFX Application Thread] DEBUG Input                - Registered new binding: Restart - CTRL+R
17:14:14.310 [JavaFX Application Thread] DEBUG Input                - Registered new binding: Toggle Debug Camera - CTRL+7
17:14:14.315 [JavaFX Application Thread] DEBUG LoopRunner           - Starting loop
17:14:14.315 [JavaFX Application Thread] DEBUG LoopRunner           - Initializing JavaFX AnimationTimerLoop
17:14:14.318 [JavaFX Application Thread] DEBUG GameApplicationServi - Starting new game
17:14:14.319 [JavaFX Application Thread] DEBUG Input                - Clearing active input actions
17:14:14.338 [JavaFX Application Thread] DEBUG GameApplicationServi - Removing overlay from FXGLStartupScene and adding to FXGLLoadingScene
17:14:14.339 [JavaFX Application Thread] DEBUG PrimaryStageWindow   - FXGLStartupScene -> FXGLLoadingScene
17:14:14.339 [JavaFX Application Thread] DEBUG GameApplicationServi - Clearing previous game
17:14:14.339 [JavaFX Application Thread] DEBUG GameScene            - Clearing game scene
17:14:14.339 [JavaFX Application Thread] DEBUG GameWorld            - Clearing game world
17:14:14.339 [JavaFX Application Thread] DEBUG PhysicsWorld         - Clearing physics world
17:14:14.342 [FXGL Background Thread 1 ] DEBUG FXGLApplication      - Initializing game
17:14:14.433 [FXGL Background Thread 1 ] WARN  TMXLevelLoader       - TiledMap generated from 1.12.2. Supported version: 1.9.0. Some features may not be parsed fully.
17:14:14.478 [FXGL Background Thread 1 ] DEBUG TMXLevelLoader       - Parsed TiledMap: file:/E:/All%20About%20Dev/OOP/FXGL%20new%20Begining/final%20version/Tower%20Defender/Tower-Defender/target/classes/assets/levels/wall.tmx
17:14:14.481 [FXGL Background Thread 1 ] DEBUG TMXLevelLoader       - Creating tile layer entities
17:14:14.486 [FXGL Background Thread 1 ] DEBUG TilesetLoader        - Loading view for layer background
17:14:14.488 [FXGL Background Thread 1 ] DEBUG TilesetLoader        - Created buffer with size 1280.0x800.0
17:14:14.499 [FXGL Background Thread 4 ] DEBUG FXGLAssetLoaderServi - Loading from file system: jar:file:/C:/Users/HP/.m2/repository/com/github/almasb/fxgl/21.1/fxgl-21.1.jar!/fxglassets/ui/fonts/Abel-Regular.ttf
17:14:14.505 [FXGL Background Thread 4 ] DEBUG FXGLAssetLoaderServi - Loading from file system: jar:file:/C:/Users/HP/.m2/repository/com/github/almasb/fxgl/21.1/fxgl-21.1.jar!/fxglassets/ui/fonts/TerminalLandMono-Regular.otf
17:14:14.512 [FXGL Background Thread 4 ] DEBUG FXGLAssetLoaderServi - Loading from file system: jar:file:/C:/Users/HP/.m2/repository/com/github/almasb/fxgl/21.1/fxgl-21.1.jar!/fxglassets/ui/fonts/Courier-Prime.ttf
17:14:14.531 [FXGL Background Thread 1 ] DEBUG TilesetLoader        - Loading view for layer tower spot layer
17:14:14.533 [FXGL Background Thread 1 ] DEBUG TilesetLoader        - Created buffer with size 1280.0x800.0
17:14:14.544 [FXGL Background Thread 1 ] DEBUG TilesetLoader        - Loading view for layer icons
17:14:14.546 [FXGL Background Thread 1 ] DEBUG TilesetLoader        - Created buffer with size 1280.0x800.0
17:14:14.557 [JavaFX Application Thread] DEBUG FXGLApplication      - Registering font factories with UI factory
17:14:14.560 [FXGL Background Thread 1 ] DEBUG TilesetLoader        - Loading view for layer Road
17:14:14.563 [FXGL Background Thread 1 ] DEBUG TilesetLoader        - Created buffer with size 1280.0x800.0
17:14:14.569 [FXGL Background Thread 1 ] DEBUG TilesetLoader        - Loading view for layer Grass
17:14:14.571 [FXGL Background Thread 1 ] DEBUG TilesetLoader        - Created buffer with size 1280.0x800.0
17:14:14.583 [FXGL Background Thread 1 ] DEBUG TMXLevelLoader       - Creating object layer entities
17:14:14.622 [FXGL Background Thread 1 ] DEBUG GameWorld            - Clearing removable entities
17:14:14.623 [FXGL Background Thread 1 ] DEBUG GameWorld            - Setting level: com.almasb.fxgl.entity.level.Level@5f55ae43
17:14:14.638 [FXGL Background Thread 1 ] WARN  FXGLAssetLoaderServi - Asset "/assets/ui/fonts/font1.ttf" was not found!
17:14:14.638 [FXGL Background Thread 1 ] WARN  FXGLAssetLoaderServi - Failed to load FONT
17:14:14.645 [JavaFX Application Thread] DEBUG LoopRunner           - Stopping loop
17:14:14.649 [JavaFX Application Thread] FATAL FXGLApplication      - Uncaught Exception:
java.lang.RuntimeException: Initialization failed
	at com.almasb.fxgl.app.FXGLApplication$InitAppTask.failed(FXGLApplication.kt:347)
	at javafx.concurrent.Task.setState(Task.java:710)
	at javafx.concurrent.Task$TaskCallable.lambda$call$2(Task.java:1429)
	at com.sun.javafx.application.PlatformImpl.lambda$runLater$10(PlatformImpl.java:456)
	at java.base/java.security.AccessController.doPrivileged(AccessController.java:400)
	at com.sun.javafx.application.PlatformImpl.lambda$runLater$11(PlatformImpl.java:455)
	at com.sun.glass.ui.InvokeLaterDispatcher$Future.run(InvokeLaterDispatcher.java:95)
	at com.sun.glass.ui.win.WinApplication._runLoop(Native Method)
	at com.sun.glass.ui.win.WinApplication.lambda$runLoop$3(WinApplication.java:185)
	at java.base/java.lang.Thread.run(Thread.java:1583)
Caused by: java.lang.RuntimeException: Text.font : A bound value cannot be set.
	at javafx.beans.property.ObjectPropertyBase.set(ObjectPropertyBase.java:143)
	at javafx.css.StyleableObjectProperty.set(StyleableObjectProperty.java:82)
	at javafx.scene.text.Text.setFont(Text.java:548)
	at org.saikat.Main.initUI(Main.java:59)
	at com.almasb.fxgl.app.FXGLApplication$InitAppTask.call(FXGLApplication.kt:323)
	at com.almasb.fxgl.app.FXGLApplication$InitAppTask.call(FXGLApplication.kt:313)
	at javafx.concurrent.Task$TaskCallable.call(Task.java:1399)
	at java.base/java.util.concurrent.FutureTask.run(FutureTask.java:317)
	at java.base/java.util.concurrent.Executors$RunnableAdapter.call(Executors.java:572)
	at java.base/java.util.concurrent.FutureTask.run(FutureTask.java:317)
	at java.base/java.util.concurrent.ThreadPoolExecutor.runWorker(ThreadPoolExecutor.java:1144)
	at java.base/java.util.concurrent.ThreadPoolExecutor$Worker.run(ThreadPoolExecutor.java:642)
	... 1 more

17:14:14.649 [JavaFX Application Thread] FATAL FXGLApplication      - Application will now exit
17:14:14.679 [JavaFX Application Thread] DEBUG PrimaryStageWindow   - Push state: ErrorSubScene
17:14:14.680 [JavaFX Application Thread] DEBUG Input                - Clearing active input actions
17:14:14.691 [JavaFX Application Thread] DEBUG GameApplicationServi - Removing overlay from FXGLLoadingScene and adding to ErrorSubScene
17:14:14.692 [JavaFX Application Thread] DEBUG PrimaryStageWindow   - FXGLLoadingScene -> ErrorSubScene
17:14:15.729 [FXGL Background Thread 2 ] INFO  UpdaterService       - Your current version:  21.1
17:14:15.730 [FXGL Background Thread 2 ] INFO  UpdaterService       - Latest stable version: 25
17:14:17.208 [FXGL Background Thread 3 ] DEBUG Engine               - Logging environment variables
17:14:17.209 [FXGL Background Thread 3 ] DEBUG Engine               - achievements: []
17:14:17.209 [FXGL Background Thread 3 ] DEBUG Engine               - actualHeight: 800.0
17:14:17.210 [FXGL Background Thread 3 ] DEBUG Engine               - actualHeightProperty: ReadOnlyDoubleProperty [value: 800.0]
17:14:17.210 [FXGL Background Thread 3 ] DEBUG Engine               - actualWidth: 1280.0
17:14:17.210 [FXGL Background Thread 3 ] DEBUG Engine               - actualWidthProperty: ReadOnlyDoubleProperty [value: 1280.0]
17:14:17.210 [FXGL Background Thread 3 ] DEBUG Engine               - appIcon: fxgl_icon.png
17:14:17.210 [FXGL Background Thread 3 ] DEBUG Engine               - applicationMode: DEVELOPER
17:14:17.210 [FXGL Background Thread 3 ] DEBUG Engine               - cSSList: [fxgl_dark.css]
17:14:17.210 [FXGL Background Thread 3 ] DEBUG Engine               - collisionDetectionStrategy: BRUTE_FORCE
17:14:17.210 [FXGL Background Thread 3 ] DEBUG Engine               - configClass: Optional.empty
17:14:17.210 [FXGL Background Thread 3 ] DEBUG Engine               - credits: []
17:14:17.211 [FXGL Background Thread 3 ] DEBUG Engine               - defaultCursor: CursorInfo(imageName=fxgl_default_cursor.png, hotspotX=7.0, hotspotY=6.0)
17:14:17.211 [FXGL Background Thread 3 ] DEBUG Engine               - devBBoxColorProperty: ObjectProperty [value: 0xff0000ff]
17:14:17.211 [FXGL Background Thread 3 ] DEBUG Engine               - devEnableDebugCameraProperty: BooleanProperty [value: false]
17:14:17.211 [FXGL Background Thread 3 ] DEBUG Engine               - devSensorColorProperty: ObjectProperty [value: 0xffff00ff]
17:14:17.211 [FXGL Background Thread 3 ] DEBUG Engine               - devShowBBoxProperty: BooleanProperty [value: false]
17:14:17.211 [FXGL Background Thread 3 ] DEBUG Engine               - devShowPositionProperty: BooleanProperty [value: false]
17:14:17.211 [FXGL Background Thread 3 ] DEBUG Engine               - enabledMenuItems: []
17:14:17.212 [FXGL Background Thread 3 ] DEBUG Engine               - engineServices: [class com.almasb.fxgl.app.services.FXGLAssetLoaderService, class com.almasb.fxgl.app.FXGLApplication$GameApplicationService, class com.almasb.fxgl.app.services.FXGLDialogService, class com.almasb.fxgl.app.services.IOTaskExecutorService, class com.almasb.fxgl.io.FileSystemService, class com.almasb.fxgl.localization.LocalizationService, class com.almasb.fxgl.app.services.SystemBundleService, class com.almasb.fxgl.profile.SaveLoadService, class com.almasb.fxgl.ui.FXGLUIFactoryServiceProvider, class com.almasb.fxgl.ui.FXGLDialogFactoryServiceProvider, class com.almasb.fxgl.audio.AudioPlayer, class com.almasb.fxgl.notification.impl.NotificationServiceProvider, class com.almasb.fxgl.achievement.AchievementService, class com.almasb.fxgl.cutscene.CutsceneService, class com.almasb.fxgl.minigames.MiniGameService, class com.almasb.fxgl.net.NetService, class com.almasb.fxgl.app.services.UpdaterService, class com.almasb.fxgl.dev.DevService]
17:14:17.212 [FXGL Background Thread 3 ] DEBUG Engine               - fontGame: Abel-Regular.ttf
17:14:17.212 [FXGL Background Thread 3 ] DEBUG Engine               - fontMono: TerminalLandMono-Regular.otf
17:14:17.212 [FXGL Background Thread 3 ] DEBUG Engine               - fontSizeScaleUI: 1.0
17:14:17.212 [FXGL Background Thread 3 ] DEBUG Engine               - fontText: Courier-Prime.ttf
17:14:17.212 [FXGL Background Thread 3 ] DEBUG Engine               - fontUI: VarelaRound-Regular.ttf
17:14:17.212 [FXGL Background Thread 3 ] DEBUG Engine               - fullScreen: BooleanProperty [value: false]
17:14:17.212 [FXGL Background Thread 3 ] DEBUG Engine               - gameDifficulty: MEDIUM
17:14:17.212 [FXGL Background Thread 3 ] DEBUG Engine               - gameDifficultyProperty: ObjectProperty [value: MEDIUM]
17:14:17.212 [FXGL Background Thread 3 ] DEBUG Engine               - globalMusicVolume: 0.5
17:14:17.212 [FXGL Background Thread 3 ] DEBUG Engine               - globalMusicVolumeProperty: DoubleProperty [value: 0.5]
17:14:17.212 [FXGL Background Thread 3 ] DEBUG Engine               - globalSoundVolume: 0.5
17:14:17.213 [FXGL Background Thread 3 ] DEBUG Engine               - globalSoundVolumeProperty: DoubleProperty [value: 0.5]
17:14:17.213 [FXGL Background Thread 3 ] DEBUG Engine               - height: 800
17:14:17.213 [FXGL Background Thread 3 ] DEBUG Engine               - is3D: false
17:14:17.213 [FXGL Background Thread 3 ] DEBUG Engine               - isAndroid: false
17:14:17.213 [FXGL Background Thread 3 ] DEBUG Engine               - isBrowser: false
17:14:17.213 [FXGL Background Thread 3 ] DEBUG Engine               - isClickFeedbackEnabled: false
17:14:17.213 [FXGL Background Thread 3 ] DEBUG Engine               - isCloseConfirmation: false
17:14:17.213 [FXGL Background Thread 3 ] DEBUG Engine               - isDesktop: true
17:14:17.213 [FXGL Background Thread 3 ] DEBUG Engine               - isDeveloperMenuEnabled: false
17:14:17.213 [FXGL Background Thread 3 ] DEBUG Engine               - isEmbedded: false
17:14:17.213 [FXGL Background Thread 3 ] DEBUG Engine               - isEntityPreloadEnabled: true
17:14:17.213 [FXGL Background Thread 3 ] DEBUG Engine               - isExperimentalTiledLargeMap: false
17:14:17.214 [FXGL Background Thread 3 ] DEBUG Engine               - isFileSystemWriteAllowed: true
17:14:17.214 [FXGL Background Thread 3 ] DEBUG Engine               - isFullScreenAllowed: true
17:14:17.214 [FXGL Background Thread 3 ] DEBUG Engine               - isFullScreenFromStart: false
17:14:17.214 [FXGL Background Thread 3 ] DEBUG Engine               - isGameMenuEnabled: true
17:14:17.214 [FXGL Background Thread 3 ] DEBUG Engine               - isIOS: false
17:14:17.214 [FXGL Background Thread 3 ] DEBUG Engine               - isIntroEnabled: false
17:14:17.214 [FXGL Background Thread 3 ] DEBUG Engine               - isLinux: false
17:14:17.214 [FXGL Background Thread 3 ] DEBUG Engine               - isMac: false
17:14:17.214 [FXGL Background Thread 3 ] DEBUG Engine               - isMainMenuEnabled: false
17:14:17.214 [FXGL Background Thread 3 ] DEBUG Engine               - isManualResizeEnabled: true
17:14:17.214 [FXGL Background Thread 3 ] DEBUG Engine               - isMobile: false
17:14:17.214 [FXGL Background Thread 3 ] DEBUG Engine               - isNative: false
17:14:17.214 [FXGL Background Thread 3 ] DEBUG Engine               - isPauseMusicWhenMinimized: true
17:14:17.214 [FXGL Background Thread 3 ] DEBUG Engine               - isPreserveResizeRatio: false
17:14:17.214 [FXGL Background Thread 3 ] DEBUG Engine               - isProfilingEnabled: false
17:14:17.215 [FXGL Background Thread 3 ] DEBUG Engine               - isScaleAffectedOnResize: true
17:14:17.215 [FXGL Background Thread 3 ] DEBUG Engine               - isSingleStep: false
17:14:17.215 [FXGL Background Thread 3 ] DEBUG Engine               - isUserProfileEnabled: false
17:14:17.215 [FXGL Background Thread 3 ] DEBUG Engine               - isWindows: true
17:14:17.215 [FXGL Background Thread 3 ] DEBUG Engine               - language: ObjectProperty [value: ENGLISH]
17:14:17.215 [FXGL Background Thread 3 ] DEBUG Engine               - menuKey: ESCAPE
17:14:17.215 [FXGL Background Thread 3 ] DEBUG Engine               - mouseSensitivity: 0.2
17:14:17.215 [FXGL Background Thread 3 ] DEBUG Engine               - notificationViewClass: class com.almasb.fxgl.notification.view.XboxNotificationView
17:14:17.215 [FXGL Background Thread 3 ] DEBUG Engine               - pixelsPerMeter: 50.0
17:14:17.215 [FXGL Background Thread 3 ] DEBUG Engine               - platform: WINDOWS
17:14:17.215 [FXGL Background Thread 3 ] DEBUG Engine               - prefHeightProperty: ReadOnlyDoubleProperty [value: 800.0]
17:14:17.215 [FXGL Background Thread 3 ] DEBUG Engine               - prefWidthProperty: ReadOnlyDoubleProperty [value: 1280.0]
17:14:17.215 [FXGL Background Thread 3 ] DEBUG Engine               - profileDir: profiles/
17:14:17.216 [FXGL Background Thread 3 ] DEBUG Engine               - profileName: StringProperty [value: DEFAULT]
17:14:17.216 [FXGL Background Thread 3 ] DEBUG Engine               - randomSeed: -1
17:14:17.216 [FXGL Background Thread 3 ] DEBUG Engine               - runtimeInfo: RuntimeInfo(platform=WINDOWS, version=21.1, build=27.03.2024 07.52)
17:14:17.216 [FXGL Background Thread 3 ] DEBUG Engine               - saveFileExt: sav
17:14:17.216 [FXGL Background Thread 3 ] DEBUG Engine               - scaledHeightProp$fxgl: DoubleProperty [bound, value: 800.0]
17:14:17.216 [FXGL Background Thread 3 ] DEBUG Engine               - scaledWidthProp$fxgl: DoubleProperty [bound, value: 1280.0]
17:14:17.216 [FXGL Background Thread 3 ] DEBUG Engine               - sceneFactory: com.almasb.fxgl.app.scene.SceneFactory@33a5d74c
17:14:17.216 [FXGL Background Thread 3 ] DEBUG Engine               - secondsIn24h: 60
17:14:17.217 [FXGL Background Thread 3 ] DEBUG Engine               - soundMenuBack: menu/back.wav
17:14:17.217 [FXGL Background Thread 3 ] DEBUG Engine               - soundMenuPress: menu/press.wav
17:14:17.217 [FXGL Background Thread 3 ] DEBUG Engine               - soundMenuSelect: menu/select.wav
17:14:17.217 [FXGL Background Thread 3 ] DEBUG Engine               - soundNotification: core/notification.wav
17:14:17.217 [FXGL Background Thread 3 ] DEBUG Engine               - stageStyle: DECORATED
17:14:17.217 [FXGL Background Thread 3 ] DEBUG Engine               - supportedLanguages: [ENGLISH, FRENCH, GERMAN, HUNGARIAN, RUSSIAN]
17:14:17.217 [FXGL Background Thread 3 ] DEBUG Engine               - ticksPerSecond: -1
17:14:17.217 [FXGL Background Thread 3 ] DEBUG Engine               - title: 1945
17:14:17.217 [FXGL Background Thread 3 ] DEBUG Engine               - urlGithub: https://github.com/AlmasB/FXGL
17:14:17.217 [FXGL Background Thread 3 ] DEBUG Engine               - urlLeaderboard: http://fxgl-top.herokuapp.com/
17:14:17.217 [FXGL Background Thread 3 ] DEBUG Engine               - urlPOM: https://raw.githubusercontent.com/AlmasB/FXGL/release/README.md
17:14:17.217 [FXGL Background Thread 3 ] DEBUG Engine               - userAppClass: class org.saikat.Main
17:14:17.217 [FXGL Background Thread 3 ] DEBUG Engine               - version: 0.1
17:14:17.217 [FXGL Background Thread 3 ] DEBUG Engine               - versionCheckDays: 7
17:14:17.217 [FXGL Background Thread 3 ] DEBUG Engine               - width: 1280
17:14:17.218 [FXGL Background Thread 3 ] DEBUG Engine               - Logging services
17:14:17.218 [FXGL Background Thread 3 ] DEBUG Engine               - class com.almasb.fxgl.app.services.FXGLAssetLoaderService
17:14:17.218 [FXGL Background Thread 3 ] DEBUG Engine               - class com.almasb.fxgl.app.FXGLApplication$GameApplicationService
17:14:17.218 [FXGL Background Thread 3 ] DEBUG Engine               - class com.almasb.fxgl.app.services.FXGLDialogService
17:14:17.218 [FXGL Background Thread 3 ] DEBUG Engine               - class com.almasb.fxgl.app.services.IOTaskExecutorService
17:14:17.218 [FXGL Background Thread 3 ] DEBUG Engine               - class com.almasb.fxgl.io.FileSystemService
17:14:17.218 [FXGL Background Thread 3 ] DEBUG Engine               - class com.almasb.fxgl.localization.LocalizationService
17:14:17.218 [FXGL Background Thread 3 ] DEBUG Engine               - class com.almasb.fxgl.app.services.SystemBundleService
17:14:17.218 [FXGL Background Thread 3 ] DEBUG Engine               - class com.almasb.fxgl.profile.SaveLoadService
17:14:17.218 [FXGL Background Thread 3 ] DEBUG Engine               - class com.almasb.fxgl.ui.FXGLUIFactoryServiceProvider
17:14:17.218 [FXGL Background Thread 3 ] DEBUG Engine               - class com.almasb.fxgl.ui.FXGLDialogFactoryServiceProvider
17:14:17.218 [FXGL Background Thread 3 ] DEBUG Engine               - class com.almasb.fxgl.audio.AudioPlayer
17:14:17.218 [FXGL Background Thread 3 ] DEBUG Engine               - class com.almasb.fxgl.notification.impl.NotificationServiceProvider
17:14:17.218 [FXGL Background Thread 3 ] DEBUG Engine               - class com.almasb.fxgl.achievement.AchievementService
17:14:17.218 [FXGL Background Thread 3 ] DEBUG Engine               - class com.almasb.fxgl.cutscene.CutsceneService
17:14:17.218 [FXGL Background Thread 3 ] DEBUG Engine               - class com.almasb.fxgl.minigames.MiniGameService
17:14:17.218 [FXGL Background Thread 3 ] DEBUG Engine               - class com.almasb.fxgl.net.NetService
17:14:17.219 [FXGL Background Thread 3 ] DEBUG Engine               - class com.almasb.fxgl.app.services.UpdaterService
17:14:17.219 [FXGL Background Thread 3 ] DEBUG Engine               - class com.almasb.fxgl.dev.DevService
17:14:17.674 [JavaFX Application Thread] DEBUG FXGLApplication      - Exiting FXGL
17:14:17.674 [JavaFX Application Thread] DEBUG Async                - Shutting down background threads
17:14:17.674 [JavaFX Application Thread] DEBUG PrimaryStageWindow   - Closing main window
17:14:17.713 [JavaFX Application Thread] DEBUG Logger               - Closing Logger
