20:06:30.574 [main                     ] DEBUG Logger               - Configured Logger
20:06:30.605 [main                     ] DEBUG GameApplication      - Logging settings
Title: 1945
Version: 0.1
Width: 1280
Height: 800
Fullscreen: true
Intro: false
Profiling: false
Single step:false
App Mode: DEVELOPER
Menu Key: ESCAPE
Stage Style: DECORATED
Scene Factory: class com.almasb.fxgl.app.scene.SceneFactory

20:06:31.833 [JavaFX Application Thread] DEBUG FXGLApplication      - Initializing FXGL
20:06:31.849 [JavaFX Application Thread] INFO  Engine               - FXGL-21.1 (27.03.2024 07.52) on WINDOWS (J:21.0.9 FX:21.0.1)
20:06:31.849 [JavaFX Application Thread] DEBUG Engine               - JRE Vendor Name: Oracle Corporation
20:06:31.850 [JavaFX Application Thread] DEBUG Engine               - Running on OS: Windows 11 version 10.0
20:06:31.850 [JavaFX Application Thread] DEBUG Engine               - Architecture: amd64
20:06:31.850 [JavaFX Application Thread] INFO  Engine               - Source code and latest versions at: https://github.com/AlmasB/FXGL
20:06:31.851 [JavaFX Application Thread] INFO  Engine               -       Ask questions and discuss at: https://github.com/AlmasB/FXGL/discussions
20:06:31.851 [JavaFX Application Thread] INFO  Engine               -              Join the FXGL chat at: https://gitter.im/AlmasB/FXGL
20:06:32.113 [JavaFX Application Thread] DEBUG PrimaryStageWindow   - Creating a JavaFX scene
20:06:32.245 [JavaFX Application Thread] DEBUG PrimaryStageWindow   - Target settings size: 1280.0 x 800.0
20:06:32.245 [JavaFX Application Thread] DEBUG PrimaryStageWindow   - Scaled scene size:    1280.0 x 800.0
20:06:32.246 [JavaFX Application Thread] DEBUG PrimaryStageWindow   - Scaled ratio: (1.0, 1.0)
20:06:32.248 [JavaFX Application Thread] DEBUG PrimaryStageWindow   - Set initial scene to FXGLStartupScene
20:06:32.258 [JavaFX Application Thread] DEBUG PrimaryStageWindow   - Opening main window
20:06:32.496 [JavaFX Application Thread] DEBUG PrimaryStageWindow   - Window border size: (14.4000244140625, 37.5999755859375)
20:06:32.497 [JavaFX Application Thread] DEBUG PrimaryStageWindow   - Scaled size: 1280.0 x 800.0
20:06:32.497 [JavaFX Application Thread] DEBUG PrimaryStageWindow   - Scaled ratio: (1.0, 1.0)
20:06:32.498 [JavaFX Application Thread] DEBUG PrimaryStageWindow   - Scene size: 1280.0 x 800.0
20:06:32.498 [JavaFX Application Thread] DEBUG PrimaryStageWindow   - Stage size: 1294.4000244140625 x 837.5999755859375
20:06:32.521 [FXGL Background Thread 1 ] DEBUG Engine               - Initializing environment variables
20:06:32.637 [FXGL Background Thread 1 ] DEBUG FXGLAssetLoaderServi - User app class for loading assets: class org.saikat.Main
20:06:32.637 [FXGL Background Thread 1 ] DEBUG GameApplicationServi - Applying CSS: fxgl_dark.css
20:06:32.639 [FXGL Background Thread 1 ] DEBUG FXGLAssetLoaderServi - Loading from file system: jar:file:/C:/Users/HP/.m2/repository/com/github/almasb/fxgl/21.1/fxgl-21.1.jar!/fxglassets/ui/css/fxgl_dark.css
20:06:32.734 [FXGL Background Thread 1 ] DEBUG GameApplicationServi - Initializing application scenes
20:06:32.828 [FXGL Background Thread 1 ] DEBUG GameWorld            - Game world initialized
20:06:32.928 [FXGL Background Thread 1 ] DEBUG PhysicsWorld         - Physics world initialized: appHeight=800, physics.ppm=50.0
20:06:32.929 [FXGL Background Thread 1 ] DEBUG PhysicsWorld         - Using strategy: BRUTE_FORCE
20:06:32.935 [FXGL Background Thread 1 ] DEBUG GameScene            - Game scene initialized: 1280x800
20:06:32.958 [FXGL Background Thread 1 ] DEBUG FXGL.DefaultMenu     - createMenuBodyGameMenu()
20:06:32.997 [FXGL Background Thread 1 ] DEBUG FXGL.DefaultMenu     - createOptionsMenu()
20:06:33.019 [FXGL Background Thread 1 ] DEBUG FXGLAssetLoaderServi - Loading from file system: jar:file:/C:/Users/HP/.m2/repository/com/github/almasb/fxgl/21.1/fxgl-21.1.jar!/fxglassets/textures/particles/smoke.png
20:06:33.187 [FXGL Background Thread 1 ] DEBUG FXGLAssetLoaderServi - Loading from file system: jar:file:/C:/Users/HP/.m2/repository/com/github/almasb/fxgl/21.1/fxgl-21.1.jar!/fxglassets/textures/particles/trace_horizontal.png
20:06:33.216 [FXGL Background Thread 1 ] DEBUG GameApplicationServi - Application scenes initialized
20:06:33.237 [FXGL Background Thread 1 ] DEBUG SystemBundleService  - Loading FXGL system data
20:06:33.246 [FXGL Background Thread 1 ] DEBUG FileSystemAccess     - Reading from: E:\All About Dev\OOP\FXGL new Begining\final version\Tower Defender\Tower-Defender\system\fxgl.bundle
20:06:33.266 [FXGL Background Thread 1 ] DEBUG SystemBundleService  - Bundle FXGL: {}
20:06:33.266 [FXGL Background Thread 1 ] DEBUG UpdaterService       - Checking for updates
20:06:33.273 [FXGL Background Thread 4 ] DEBUG FXGLApplication      - Loading fonts
20:06:33.274 [FXGL Background Thread 4 ] DEBUG FXGLAssetLoaderServi - Loading from file system: jar:file:/C:/Users/HP/.m2/repository/com/github/almasb/fxgl/21.1/fxgl-21.1.jar!/fxglassets/ui/fonts/VarelaRound-Regular.ttf
20:06:33.274 [FXGL Background Thread 1 ] DEBUG FXGLApplication      - Loading default localization
20:06:33.276 [FXGL Background Thread 1 ] DEBUG FXGLAssetLoaderServi - Loading from file system: jar:file:/C:/Users/HP/.m2/repository/com/github/almasb/fxgl/21.1/fxgl-21.1.jar!/fxglassets/languages/english.lang
20:06:33.307 [FXGL Background Thread 1 ] INFO  FXGLApplication      - FXGL initialization took: 0.785 sec
20:06:33.314 [JavaFX Application Thread] DEBUG Input                - Registered new binding: add tower - LMB
20:06:33.314 [JavaFX Application Thread] DEBUG Input                - Registered new binding: remove tower - RMB
20:06:33.316 [JavaFX Application Thread] DEBUG FXGLAssetLoaderServi - Loading from file system: jar:file:/C:/Users/HP/.m2/repository/com/github/almasb/fxgl/21.1/fxgl-21.1.jar!/fxglassets/textures/fxgl_icon.png
20:06:33.344 [JavaFX Application Thread] DEBUG FXGLAssetLoaderServi - Loading from file system: jar:file:/C:/Users/HP/.m2/repository/com/github/almasb/fxgl/21.1/fxgl-21.1.jar!/fxglassets/textures/fxgl_default_cursor.png
20:06:33.355 [JavaFX Application Thread] DEBUG Input                - Registered new binding: Screenshot - CTRL+8
20:06:33.355 [JavaFX Application Thread] DEBUG Input                - Registered new binding: System info dump - CTRL+9
20:06:33.356 [JavaFX Application Thread] DEBUG Input                - Registered new binding: Restart - CTRL+R
20:06:33.357 [JavaFX Application Thread] DEBUG Input                - Registered new binding: Toggle Debug Camera - CTRL+7
20:06:33.361 [JavaFX Application Thread] DEBUG LoopRunner           - Starting loop
20:06:33.361 [JavaFX Application Thread] DEBUG LoopRunner           - Initializing JavaFX AnimationTimerLoop
20:06:33.364 [JavaFX Application Thread] DEBUG GameApplicationServi - Starting new game
20:06:33.365 [JavaFX Application Thread] DEBUG Input                - Clearing active input actions
20:06:33.377 [JavaFX Application Thread] DEBUG GameApplicationServi - Removing overlay from FXGLStartupScene and adding to FXGLLoadingScene
20:06:33.378 [JavaFX Application Thread] DEBUG PrimaryStageWindow   - FXGLStartupScene -> FXGLLoadingScene
20:06:33.378 [JavaFX Application Thread] DEBUG GameApplicationServi - Clearing previous game
20:06:33.378 [JavaFX Application Thread] DEBUG GameScene            - Clearing game scene
20:06:33.378 [JavaFX Application Thread] DEBUG GameWorld            - Clearing game world
20:06:33.378 [JavaFX Application Thread] DEBUG PhysicsWorld         - Clearing physics world
20:06:33.380 [FXGL Background Thread 1 ] DEBUG FXGLApplication      - Initializing game
20:06:33.459 [FXGL Background Thread 1 ] WARN  TMXLevelLoader       - TiledMap generated from 1.12.2. Supported version: 1.9.0. Some features may not be parsed fully.
20:06:33.494 [FXGL Background Thread 1 ] DEBUG TMXLevelLoader       - Parsed TiledMap: file:/E:/All%20About%20Dev/OOP/FXGL%20new%20Begining/final%20version/Tower%20Defender/Tower-Defender/target/classes/assets/levels/wall.tmx
20:06:33.496 [FXGL Background Thread 1 ] DEBUG TMXLevelLoader       - Creating tile layer entities
20:06:33.499 [FXGL Background Thread 1 ] DEBUG TilesetLoader        - Loading view for layer background
20:06:33.501 [FXGL Background Thread 1 ] DEBUG TilesetLoader        - Created buffer with size 1280.0x800.0
20:06:33.536 [FXGL Background Thread 1 ] DEBUG TilesetLoader        - Loading view for layer tower spot layer
20:06:33.538 [FXGL Background Thread 1 ] DEBUG TilesetLoader        - Created buffer with size 1280.0x800.0
20:06:33.548 [FXGL Background Thread 4 ] DEBUG FXGLAssetLoaderServi - Loading from file system: jar:file:/C:/Users/HP/.m2/repository/com/github/almasb/fxgl/21.1/fxgl-21.1.jar!/fxglassets/ui/fonts/Abel-Regular.ttf
20:06:33.550 [FXGL Background Thread 1 ] DEBUG TilesetLoader        - Loading view for layer icons
20:06:33.553 [FXGL Background Thread 1 ] DEBUG TilesetLoader        - Created buffer with size 1280.0x800.0
20:06:33.555 [FXGL Background Thread 4 ] DEBUG FXGLAssetLoaderServi - Loading from file system: jar:file:/C:/Users/HP/.m2/repository/com/github/almasb/fxgl/21.1/fxgl-21.1.jar!/fxglassets/ui/fonts/TerminalLandMono-Regular.otf
20:06:33.565 [FXGL Background Thread 4 ] DEBUG FXGLAssetLoaderServi - Loading from file system: jar:file:/C:/Users/HP/.m2/repository/com/github/almasb/fxgl/21.1/fxgl-21.1.jar!/fxglassets/ui/fonts/Courier-Prime.ttf
20:06:33.565 [FXGL Background Thread 1 ] DEBUG TilesetLoader        - Loading view for layer Road
20:06:33.567 [FXGL Background Thread 1 ] DEBUG TilesetLoader        - Created buffer with size 1280.0x800.0
20:06:33.571 [FXGL Background Thread 1 ] DEBUG TilesetLoader        - Loading view for layer Grass
20:06:33.573 [FXGL Background Thread 1 ] DEBUG TilesetLoader        - Created buffer with size 1280.0x800.0
20:06:33.596 [FXGL Background Thread 1 ] DEBUG TMXLevelLoader       - Creating object layer entities
20:06:33.598 [JavaFX Application Thread] DEBUG FXGLApplication      - Registering font factories with UI factory
20:06:33.637 [FXGL Background Thread 1 ] DEBUG GameWorld            - Clearing removable entities
20:06:33.638 [FXGL Background Thread 1 ] DEBUG GameWorld            - Setting level: com.almasb.fxgl.entity.level.Level@24be36c6
20:06:33.650 [FXGL Background Thread 1 ] INFO  FXGLApplication      - Game initialization took: 0.270 sec
20:06:33.688 [JavaFX Application Thread] DEBUG Input                - Clearing active input actions
20:06:33.703 [JavaFX Application Thread] DEBUG GameApplicationServi - Removing overlay from FXGLLoadingScene and adding to GameScene
20:06:33.703 [JavaFX Application Thread] DEBUG PrimaryStageWindow   - FXGLLoadingScene -> GameScene
20:06:34.604 [FXGL Background Thread 2 ] INFO  UpdaterService       - Your current version:  21.1
20:06:34.604 [FXGL Background Thread 2 ] INFO  UpdaterService       - Latest stable version: 25
20:06:34.675 [JavaFX Application Thread] DEBUG FXGLAssetLoaderServi - Loading from file system: file:/E:/All%20About%20Dev/OOP/FXGL%20new%20Begining/final%20version/Tower%20Defender/Tower-Defender/target/classes/assets/textures/bird.png
20:06:35.388 [JavaFX Application Thread] DEBUG FXGLAssetLoaderServi - Loading from file system: file:/E:/All%20About%20Dev/OOP/FXGL%20new%20Begining/final%20version/Tower%20Defender/Tower-Defender/target/classes/assets/textures/FieldsTileset.png
20:06:36.271 [FXGL Background Thread 3 ] DEBUG Engine               - Logging environment variables
20:06:36.272 [FXGL Background Thread 3 ] DEBUG Engine               - achievements: []
20:06:36.272 [FXGL Background Thread 3 ] DEBUG Engine               - actualHeight: 800.0
20:06:36.272 [FXGL Background Thread 3 ] DEBUG Engine               - actualHeightProperty: ReadOnlyDoubleProperty [value: 800.0]
20:06:36.272 [FXGL Background Thread 3 ] DEBUG Engine               - actualWidth: 1280.0
20:06:36.272 [FXGL Background Thread 3 ] DEBUG Engine               - actualWidthProperty: ReadOnlyDoubleProperty [value: 1280.0]
20:06:36.272 [FXGL Background Thread 3 ] DEBUG Engine               - appIcon: fxgl_icon.png
20:06:36.272 [FXGL Background Thread 3 ] DEBUG Engine               - applicationMode: DEVELOPER
20:06:36.272 [FXGL Background Thread 3 ] DEBUG Engine               - cSSList: [fxgl_dark.css]
20:06:36.273 [FXGL Background Thread 3 ] DEBUG Engine               - collisionDetectionStrategy: BRUTE_FORCE
20:06:36.273 [FXGL Background Thread 3 ] DEBUG Engine               - configClass: Optional.empty
20:06:36.273 [FXGL Background Thread 3 ] DEBUG Engine               - credits: []
20:06:36.273 [FXGL Background Thread 3 ] DEBUG Engine               - defaultCursor: CursorInfo(imageName=fxgl_default_cursor.png, hotspotX=7.0, hotspotY=6.0)
20:06:36.273 [FXGL Background Thread 3 ] DEBUG Engine               - devBBoxColorProperty: ObjectProperty [value: 0xff0000ff]
20:06:36.274 [FXGL Background Thread 3 ] DEBUG Engine               - devEnableDebugCameraProperty: BooleanProperty [value: false]
20:06:36.274 [FXGL Background Thread 3 ] DEBUG Engine               - devSensorColorProperty: ObjectProperty [value: 0xffff00ff]
20:06:36.274 [FXGL Background Thread 3 ] DEBUG Engine               - devShowBBoxProperty: BooleanProperty [value: false]
20:06:36.274 [FXGL Background Thread 3 ] DEBUG Engine               - devShowPositionProperty: BooleanProperty [value: false]
20:06:36.274 [FXGL Background Thread 3 ] DEBUG Engine               - enabledMenuItems: []
20:06:36.274 [FXGL Background Thread 3 ] DEBUG Engine               - engineServices: [class com.almasb.fxgl.app.services.FXGLAssetLoaderService, class com.almasb.fxgl.app.FXGLApplication$GameApplicationService, class com.almasb.fxgl.app.services.FXGLDialogService, class com.almasb.fxgl.app.services.IOTaskExecutorService, class com.almasb.fxgl.io.FileSystemService, class com.almasb.fxgl.localization.LocalizationService, class com.almasb.fxgl.app.services.SystemBundleService, class com.almasb.fxgl.profile.SaveLoadService, class com.almasb.fxgl.ui.FXGLUIFactoryServiceProvider, class com.almasb.fxgl.ui.FXGLDialogFactoryServiceProvider, class com.almasb.fxgl.audio.AudioPlayer, class com.almasb.fxgl.notification.impl.NotificationServiceProvider, class com.almasb.fxgl.achievement.AchievementService, class com.almasb.fxgl.cutscene.CutsceneService, class com.almasb.fxgl.minigames.MiniGameService, class com.almasb.fxgl.net.NetService, class com.almasb.fxgl.app.services.UpdaterService, class com.almasb.fxgl.dev.DevService]
20:06:36.274 [FXGL Background Thread 3 ] DEBUG Engine               - fontGame: Abel-Regular.ttf
20:06:36.274 [FXGL Background Thread 3 ] DEBUG Engine               - fontMono: TerminalLandMono-Regular.otf
20:06:36.274 [FXGL Background Thread 3 ] DEBUG Engine               - fontSizeScaleUI: 1.0
20:06:36.274 [FXGL Background Thread 3 ] DEBUG Engine               - fontText: Courier-Prime.ttf
20:06:36.275 [FXGL Background Thread 3 ] DEBUG Engine               - fontUI: VarelaRound-Regular.ttf
20:06:36.275 [FXGL Background Thread 3 ] DEBUG Engine               - fullScreen: BooleanProperty [value: false]
20:06:36.275 [FXGL Background Thread 3 ] DEBUG Engine               - gameDifficulty: MEDIUM
20:06:36.275 [FXGL Background Thread 3 ] DEBUG Engine               - gameDifficultyProperty: ObjectProperty [value: MEDIUM]
20:06:36.275 [FXGL Background Thread 3 ] DEBUG Engine               - globalMusicVolume: 0.5
20:06:36.275 [FXGL Background Thread 3 ] DEBUG Engine               - globalMusicVolumeProperty: DoubleProperty [value: 0.5]
20:06:36.275 [FXGL Background Thread 3 ] DEBUG Engine               - globalSoundVolume: 0.5
20:06:36.275 [FXGL Background Thread 3 ] DEBUG Engine               - globalSoundVolumeProperty: DoubleProperty [value: 0.5]
20:06:36.275 [FXGL Background Thread 3 ] DEBUG Engine               - height: 800
20:06:36.275 [FXGL Background Thread 3 ] DEBUG Engine               - is3D: false
20:06:36.275 [FXGL Background Thread 3 ] DEBUG Engine               - isAndroid: false
20:06:36.275 [FXGL Background Thread 3 ] DEBUG Engine               - isBrowser: false
20:06:36.275 [FXGL Background Thread 3 ] DEBUG Engine               - isClickFeedbackEnabled: false
20:06:36.276 [FXGL Background Thread 3 ] DEBUG Engine               - isCloseConfirmation: false
20:06:36.276 [FXGL Background Thread 3 ] DEBUG Engine               - isDesktop: true
20:06:36.276 [FXGL Background Thread 3 ] DEBUG Engine               - isDeveloperMenuEnabled: false
20:06:36.276 [FXGL Background Thread 3 ] DEBUG Engine               - isEmbedded: false
20:06:36.276 [FXGL Background Thread 3 ] DEBUG Engine               - isEntityPreloadEnabled: true
20:06:36.276 [FXGL Background Thread 3 ] DEBUG Engine               - isExperimentalTiledLargeMap: false
20:06:36.276 [FXGL Background Thread 3 ] DEBUG Engine               - isFileSystemWriteAllowed: true
20:06:36.276 [FXGL Background Thread 3 ] DEBUG Engine               - isFullScreenAllowed: true
20:06:36.276 [FXGL Background Thread 3 ] DEBUG Engine               - isFullScreenFromStart: false
20:06:36.276 [FXGL Background Thread 3 ] DEBUG Engine               - isGameMenuEnabled: true
20:06:36.276 [FXGL Background Thread 3 ] DEBUG Engine               - isIOS: false
20:06:36.276 [FXGL Background Thread 3 ] DEBUG Engine               - isIntroEnabled: false
20:06:36.276 [FXGL Background Thread 3 ] DEBUG Engine               - isLinux: false
20:06:36.276 [FXGL Background Thread 3 ] DEBUG Engine               - isMac: false
20:06:36.276 [FXGL Background Thread 3 ] DEBUG Engine               - isMainMenuEnabled: false
20:06:36.277 [FXGL Background Thread 3 ] DEBUG Engine               - isManualResizeEnabled: true
20:06:36.277 [FXGL Background Thread 3 ] DEBUG Engine               - isMobile: false
20:06:36.277 [FXGL Background Thread 3 ] DEBUG Engine               - isNative: false
20:06:36.277 [FXGL Background Thread 3 ] DEBUG Engine               - isPauseMusicWhenMinimized: true
20:06:36.277 [FXGL Background Thread 3 ] DEBUG Engine               - isPreserveResizeRatio: false
20:06:36.277 [FXGL Background Thread 3 ] DEBUG Engine               - isProfilingEnabled: false
20:06:36.277 [FXGL Background Thread 3 ] DEBUG Engine               - isScaleAffectedOnResize: true
20:06:36.277 [FXGL Background Thread 3 ] DEBUG Engine               - isSingleStep: false
20:06:36.277 [FXGL Background Thread 3 ] DEBUG Engine               - isUserProfileEnabled: false
20:06:36.277 [FXGL Background Thread 3 ] DEBUG Engine               - isWindows: true
20:06:36.277 [FXGL Background Thread 3 ] DEBUG Engine               - language: ObjectProperty [value: ENGLISH]
20:06:36.277 [FXGL Background Thread 3 ] DEBUG Engine               - menuKey: ESCAPE
20:06:36.277 [FXGL Background Thread 3 ] DEBUG Engine               - mouseSensitivity: 0.2
20:06:36.277 [FXGL Background Thread 3 ] DEBUG Engine               - notificationViewClass: class com.almasb.fxgl.notification.view.XboxNotificationView
20:06:36.277 [FXGL Background Thread 3 ] DEBUG Engine               - pixelsPerMeter: 50.0
20:06:36.277 [FXGL Background Thread 3 ] DEBUG Engine               - platform: WINDOWS
20:06:36.278 [FXGL Background Thread 3 ] DEBUG Engine               - prefHeightProperty: ReadOnlyDoubleProperty [value: 800.0]
20:06:36.278 [FXGL Background Thread 3 ] DEBUG Engine               - prefWidthProperty: ReadOnlyDoubleProperty [value: 1280.0]
20:06:36.278 [FXGL Background Thread 3 ] DEBUG Engine               - profileDir: profiles/
20:06:36.278 [FXGL Background Thread 3 ] DEBUG Engine               - profileName: StringProperty [value: DEFAULT]
20:06:36.278 [FXGL Background Thread 3 ] DEBUG Engine               - randomSeed: -1
20:06:36.278 [FXGL Background Thread 3 ] DEBUG Engine               - runtimeInfo: RuntimeInfo(platform=WINDOWS, version=21.1, build=27.03.2024 07.52)
20:06:36.278 [FXGL Background Thread 3 ] DEBUG Engine               - saveFileExt: sav
20:06:36.279 [FXGL Background Thread 3 ] DEBUG Engine               - scaledHeightProp$fxgl: DoubleProperty [bound, value: 800.0]
20:06:36.279 [FXGL Background Thread 3 ] DEBUG Engine               - scaledWidthProp$fxgl: DoubleProperty [bound, value: 1280.0]
20:06:36.279 [FXGL Background Thread 3 ] DEBUG Engine               - sceneFactory: com.almasb.fxgl.app.scene.SceneFactory@5174c281
20:06:36.279 [FXGL Background Thread 3 ] DEBUG Engine               - secondsIn24h: 60
20:06:36.279 [FXGL Background Thread 3 ] DEBUG Engine               - soundMenuBack: menu/back.wav
20:06:36.279 [FXGL Background Thread 3 ] DEBUG Engine               - soundMenuPress: menu/press.wav
20:06:36.279 [FXGL Background Thread 3 ] DEBUG Engine               - soundMenuSelect: menu/select.wav
20:06:36.279 [FXGL Background Thread 3 ] DEBUG Engine               - soundNotification: core/notification.wav
20:06:36.279 [FXGL Background Thread 3 ] DEBUG Engine               - stageStyle: DECORATED
20:06:36.279 [FXGL Background Thread 3 ] DEBUG Engine               - supportedLanguages: [ENGLISH, FRENCH, GERMAN, HUNGARIAN, RUSSIAN]
20:06:36.279 [FXGL Background Thread 3 ] DEBUG Engine               - ticksPerSecond: -1
20:06:36.279 [FXGL Background Thread 3 ] DEBUG Engine               - title: 1945
20:06:36.279 [FXGL Background Thread 3 ] DEBUG Engine               - urlGithub: https://github.com/AlmasB/FXGL
20:06:36.279 [FXGL Background Thread 3 ] DEBUG Engine               - urlLeaderboard: http://fxgl-top.herokuapp.com/
20:06:36.279 [FXGL Background Thread 3 ] DEBUG Engine               - urlPOM: https://raw.githubusercontent.com/AlmasB/FXGL/release/README.md
20:06:36.279 [FXGL Background Thread 3 ] DEBUG Engine               - userAppClass: class org.saikat.Main
20:06:36.279 [FXGL Background Thread 3 ] DEBUG Engine               - version: 0.1
20:06:36.279 [FXGL Background Thread 3 ] DEBUG Engine               - versionCheckDays: 7
20:06:36.279 [FXGL Background Thread 3 ] DEBUG Engine               - width: 1280
20:06:36.279 [FXGL Background Thread 3 ] DEBUG Engine               - Logging services
20:06:36.279 [FXGL Background Thread 3 ] DEBUG Engine               - class com.almasb.fxgl.app.services.FXGLAssetLoaderService
20:06:36.279 [FXGL Background Thread 3 ] DEBUG Engine               - class com.almasb.fxgl.app.FXGLApplication$GameApplicationService
20:06:36.279 [FXGL Background Thread 3 ] DEBUG Engine               - class com.almasb.fxgl.app.services.FXGLDialogService
20:06:36.280 [FXGL Background Thread 3 ] DEBUG Engine               - class com.almasb.fxgl.app.services.IOTaskExecutorService
20:06:36.280 [FXGL Background Thread 3 ] DEBUG Engine               - class com.almasb.fxgl.io.FileSystemService
20:06:36.280 [FXGL Background Thread 3 ] DEBUG Engine               - class com.almasb.fxgl.localization.LocalizationService
20:06:36.280 [FXGL Background Thread 3 ] DEBUG Engine               - class com.almasb.fxgl.app.services.SystemBundleService
20:06:36.280 [FXGL Background Thread 3 ] DEBUG Engine               - class com.almasb.fxgl.profile.SaveLoadService
20:06:36.280 [FXGL Background Thread 3 ] DEBUG Engine               - class com.almasb.fxgl.ui.FXGLUIFactoryServiceProvider
20:06:36.280 [FXGL Background Thread 3 ] DEBUG Engine               - class com.almasb.fxgl.ui.FXGLDialogFactoryServiceProvider
20:06:36.280 [FXGL Background Thread 3 ] DEBUG Engine               - class com.almasb.fxgl.audio.AudioPlayer
20:06:36.280 [FXGL Background Thread 3 ] DEBUG Engine               - class com.almasb.fxgl.notification.impl.NotificationServiceProvider
20:06:36.280 [FXGL Background Thread 3 ] DEBUG Engine               - class com.almasb.fxgl.achievement.AchievementService
20:06:36.280 [FXGL Background Thread 3 ] DEBUG Engine               - class com.almasb.fxgl.cutscene.CutsceneService
20:06:36.280 [FXGL Background Thread 3 ] DEBUG Engine               - class com.almasb.fxgl.minigames.MiniGameService
20:06:36.280 [FXGL Background Thread 3 ] DEBUG Engine               - class com.almasb.fxgl.net.NetService
20:06:36.280 [FXGL Background Thread 3 ] DEBUG Engine               - class com.almasb.fxgl.app.services.UpdaterService
20:06:36.280 [FXGL Background Thread 3 ] DEBUG Engine               - class com.almasb.fxgl.dev.DevService
20:12:43.227 [JavaFX Application Thread] DEBUG FXGLApplication      - Exiting FXGL
20:12:43.232 [JavaFX Application Thread] DEBUG LoopRunner           - Stopping loop
20:12:43.233 [JavaFX Application Thread] DEBUG SystemBundleService  - Saving FXGL system data
20:12:43.251 [JavaFX Application Thread] DEBUG FileSystemAccess     - Writing to: E:\All About Dev\OOP\FXGL new Begining\final version\Tower Defender\Tower-Defender\system\fxgl.bundle
20:12:43.266 [JavaFX Application Thread] DEBUG Async                - Shutting down background threads
20:12:43.270 [JavaFX Application Thread] DEBUG PrimaryStageWindow   - Closing main window
20:12:43.330 [JavaFX Application Thread] DEBUG Logger               - Closing Logger
