18:07:43.605 [main                     ] DEBUG Logger               - Configured Logger
18:07:43.632 [main                     ] DEBUG GameApplication      - Logging settings
Title: 1945
Version: 0.1
Width: 1280
Height: 800
Fullscreen: true
Intro: false
Profiling: false
Single step:false
App Mode: DEVELOPER
Menu Key: ESCAPE
Stage Style: DECORATED
Scene Factory: class com.almasb.fxgl.app.scene.SceneFactory

18:07:44.158 [JavaFX Application Thread] DEBUG FXGLApplication      - Initializing FXGL
18:07:44.168 [JavaFX Application Thread] INFO  Engine               - FXGL-21.1 (27.03.2024 07.52) on WINDOWS (J:21.0.9 FX:21.0.1)
18:07:44.168 [JavaFX Application Thread] DEBUG Engine               - JRE Vendor Name: Oracle Corporation
18:07:44.169 [JavaFX Application Thread] DEBUG Engine               - Running on OS: Windows 11 version 10.0
18:07:44.169 [JavaFX Application Thread] DEBUG Engine               - Architecture: amd64
18:07:44.169 [JavaFX Application Thread] INFO  Engine               - Source code and latest versions at: https://github.com/AlmasB/FXGL
18:07:44.169 [JavaFX Application Thread] INFO  Engine               -       Ask questions and discuss at: https://github.com/AlmasB/FXGL/discussions
18:07:44.169 [JavaFX Application Thread] INFO  Engine               -              Join the FXGL chat at: https://gitter.im/AlmasB/FXGL
18:07:44.289 [JavaFX Application Thread] DEBUG PrimaryStageWindow   - Creating a JavaFX scene
18:07:44.343 [JavaFX Application Thread] DEBUG PrimaryStageWindow   - Target settings size: 1280.0 x 800.0
18:07:44.343 [JavaFX Application Thread] DEBUG PrimaryStageWindow   - Scaled scene size:    1280.0 x 800.0
18:07:44.343 [JavaFX Application Thread] DEBUG PrimaryStageWindow   - Scaled ratio: (1.0, 1.0)
18:07:44.345 [JavaFX Application Thread] DEBUG PrimaryStageWindow   - Set initial scene to FXGLStartupScene
18:07:44.349 [JavaFX Application Thread] DEBUG PrimaryStageWindow   - Opening main window
18:07:44.502 [JavaFX Application Thread] DEBUG PrimaryStageWindow   - Window border size: (14.4000244140625, 37.5999755859375)
18:07:44.503 [JavaFX Application Thread] DEBUG PrimaryStageWindow   - Scaled size: 1280.0 x 800.0
18:07:44.503 [JavaFX Application Thread] DEBUG PrimaryStageWindow   - Scaled ratio: (1.0, 1.0)
18:07:44.504 [JavaFX Application Thread] DEBUG PrimaryStageWindow   - Scene size: 1280.0 x 800.0
18:07:44.504 [JavaFX Application Thread] DEBUG PrimaryStageWindow   - Stage size: 1294.4000244140625 x 837.5999755859375
18:07:44.516 [FXGL Background Thread 1 ] DEBUG Engine               - Initializing environment variables
18:07:44.594 [FXGL Background Thread 1 ] DEBUG FXGLAssetLoaderServi - User app class for loading assets: class org.saikat.Main
18:07:44.594 [FXGL Background Thread 1 ] DEBUG GameApplicationServi - Applying CSS: fxgl_dark.css
18:07:44.595 [FXGL Background Thread 1 ] DEBUG FXGLAssetLoaderServi - Loading from file system: jar:file:/C:/Users/HP/.m2/repository/com/github/almasb/fxgl/21.1/fxgl-21.1.jar!/fxglassets/ui/css/fxgl_dark.css
18:07:44.654 [FXGL Background Thread 1 ] DEBUG GameApplicationServi - Initializing application scenes
18:07:44.718 [FXGL Background Thread 1 ] DEBUG GameWorld            - Game world initialized
18:07:44.811 [FXGL Background Thread 1 ] DEBUG PhysicsWorld         - Physics world initialized: appHeight=800, physics.ppm=50.0
18:07:44.812 [FXGL Background Thread 1 ] DEBUG PhysicsWorld         - Using strategy: BRUTE_FORCE
18:07:44.817 [FXGL Background Thread 1 ] DEBUG GameScene            - Game scene initialized: 1280x800
18:07:44.833 [FXGL Background Thread 1 ] DEBUG FXGL.DefaultMenu     - createMenuBodyGameMenu()
18:07:44.845 [FXGL Background Thread 1 ] DEBUG FXGL.DefaultMenu     - createOptionsMenu()
18:07:44.857 [FXGL Background Thread 1 ] DEBUG FXGLAssetLoaderServi - Loading from file system: jar:file:/C:/Users/HP/.m2/repository/com/github/almasb/fxgl/21.1/fxgl-21.1.jar!/fxglassets/textures/particles/smoke.png
18:07:44.965 [FXGL Background Thread 1 ] DEBUG FXGLAssetLoaderServi - Loading from file system: jar:file:/C:/Users/HP/.m2/repository/com/github/almasb/fxgl/21.1/fxgl-21.1.jar!/fxglassets/textures/particles/trace_horizontal.png
18:07:44.993 [FXGL Background Thread 1 ] DEBUG GameApplicationServi - Application scenes initialized
18:07:45.007 [FXGL Background Thread 1 ] DEBUG SystemBundleService  - Loading FXGL system data
18:07:45.012 [FXGL Background Thread 1 ] DEBUG FileSystemAccess     - Reading from: E:\All About Dev\OOP\FXGL new Begining\final version\Tower Defender\Tower-Defender\system\fxgl.bundle
18:07:45.023 [FXGL Background Thread 1 ] DEBUG SystemBundleService  - Bundle FXGL: {}
18:07:45.024 [FXGL Background Thread 1 ] DEBUG UpdaterService       - Checking for updates
18:07:45.029 [FXGL Background Thread 4 ] DEBUG FXGLApplication      - Loading fonts
18:07:45.030 [FXGL Background Thread 4 ] DEBUG FXGLAssetLoaderServi - Loading from file system: jar:file:/C:/Users/HP/.m2/repository/com/github/almasb/fxgl/21.1/fxgl-21.1.jar!/fxglassets/ui/fonts/VarelaRound-Regular.ttf
18:07:45.030 [FXGL Background Thread 1 ] DEBUG FXGLApplication      - Loading default localization
18:07:45.031 [FXGL Background Thread 1 ] DEBUG FXGLAssetLoaderServi - Loading from file system: jar:file:/C:/Users/HP/.m2/repository/com/github/almasb/fxgl/21.1/fxgl-21.1.jar!/fxglassets/languages/english.lang
18:07:45.075 [FXGL Background Thread 1 ] INFO  FXGLApplication      - FXGL initialization took: 0.559 sec
18:07:45.077 [FXGL Background Thread 4 ] DEBUG FXGLAssetLoaderServi - Loading from file system: jar:file:/C:/Users/HP/.m2/repository/com/github/almasb/fxgl/21.1/fxgl-21.1.jar!/fxglassets/ui/fonts/Abel-Regular.ttf
18:07:45.082 [JavaFX Application Thread] DEBUG Input                - Registered new binding: Add Tower - LMB
18:07:45.082 [JavaFX Application Thread] DEBUG FXGLAssetLoaderServi - Loading from file system: jar:file:/C:/Users/HP/.m2/repository/com/github/almasb/fxgl/21.1/fxgl-21.1.jar!/fxglassets/textures/fxgl_icon.png
18:07:45.083 [FXGL Background Thread 4 ] DEBUG FXGLAssetLoaderServi - Loading from file system: jar:file:/C:/Users/HP/.m2/repository/com/github/almasb/fxgl/21.1/fxgl-21.1.jar!/fxglassets/ui/fonts/TerminalLandMono-Regular.otf
18:07:45.089 [FXGL Background Thread 4 ] DEBUG FXGLAssetLoaderServi - Loading from file system: jar:file:/C:/Users/HP/.m2/repository/com/github/almasb/fxgl/21.1/fxgl-21.1.jar!/fxglassets/ui/fonts/Courier-Prime.ttf
18:07:45.109 [JavaFX Application Thread] DEBUG FXGLAssetLoaderServi - Loading from file system: jar:file:/C:/Users/HP/.m2/repository/com/github/almasb/fxgl/21.1/fxgl-21.1.jar!/fxglassets/textures/fxgl_default_cursor.png
18:07:45.119 [JavaFX Application Thread] DEBUG Input                - Registered new binding: Screenshot - CTRL+8
18:07:45.120 [JavaFX Application Thread] DEBUG Input                - Registered new binding: System info dump - CTRL+9
18:07:45.120 [JavaFX Application Thread] DEBUG Input                - Registered new binding: Restart - CTRL+R
18:07:45.121 [JavaFX Application Thread] DEBUG Input                - Registered new binding: Toggle Debug Camera - CTRL+7
18:07:45.125 [JavaFX Application Thread] DEBUG LoopRunner           - Starting loop
18:07:45.125 [JavaFX Application Thread] DEBUG LoopRunner           - Initializing JavaFX AnimationTimerLoop
18:07:45.129 [JavaFX Application Thread] DEBUG GameApplicationServi - Starting new game
18:07:45.130 [JavaFX Application Thread] DEBUG Input                - Clearing active input actions
18:07:45.142 [JavaFX Application Thread] DEBUG GameApplicationServi - Removing overlay from FXGLStartupScene and adding to FXGLLoadingScene
18:07:45.143 [JavaFX Application Thread] DEBUG PrimaryStageWindow   - FXGLStartupScene -> FXGLLoadingScene
18:07:45.143 [JavaFX Application Thread] DEBUG GameApplicationServi - Clearing previous game
18:07:45.143 [JavaFX Application Thread] DEBUG GameScene            - Clearing game scene
18:07:45.143 [JavaFX Application Thread] DEBUG GameWorld            - Clearing game world
18:07:45.143 [JavaFX Application Thread] DEBUG PhysicsWorld         - Clearing physics world
18:07:45.145 [FXGL Background Thread 4 ] DEBUG FXGLApplication      - Initializing game
18:07:45.148 [JavaFX Application Thread] DEBUG FXGLApplication      - Registering font factories with UI factory
18:07:45.237 [FXGL Background Thread 4 ] WARN  TMXLevelLoader       - TiledMap generated from 1.12.2. Supported version: 1.9.0. Some features may not be parsed fully.
18:07:45.264 [FXGL Background Thread 4 ] DEBUG TMXLevelLoader       - Parsed TiledMap: file:/E:/All%20About%20Dev/OOP/FXGL%20new%20Begining/final%20version/Tower%20Defender/Tower-Defender/target/classes/assets/levels/wall.tmx
18:07:45.266 [FXGL Background Thread 4 ] DEBUG TMXLevelLoader       - Creating tile layer entities
18:07:45.270 [FXGL Background Thread 4 ] DEBUG TilesetLoader        - Loading view for layer background
18:07:45.272 [FXGL Background Thread 4 ] DEBUG TilesetLoader        - Created buffer with size 1280.0x800.0
18:07:45.305 [FXGL Background Thread 4 ] DEBUG TilesetLoader        - Loading view for layer tower spot layer
18:07:45.307 [FXGL Background Thread 4 ] DEBUG TilesetLoader        - Created buffer with size 1280.0x800.0
18:07:45.315 [FXGL Background Thread 4 ] DEBUG TilesetLoader        - Loading view for layer icons
18:07:45.318 [FXGL Background Thread 4 ] DEBUG TilesetLoader        - Created buffer with size 1280.0x800.0
18:07:45.329 [FXGL Background Thread 4 ] DEBUG TilesetLoader        - Loading view for layer Road
18:07:45.330 [FXGL Background Thread 4 ] DEBUG TilesetLoader        - Created buffer with size 1280.0x800.0
18:07:45.334 [FXGL Background Thread 4 ] DEBUG TMXLevelLoader       - Creating object layer entities
18:07:45.376 [FXGL Background Thread 4 ] DEBUG GameWorld            - Clearing removable entities
18:07:45.377 [FXGL Background Thread 4 ] DEBUG GameWorld            - Setting level: com.almasb.fxgl.entity.level.Level@1cc8b3e8
18:07:45.388 [FXGL Background Thread 4 ] INFO  FXGLApplication      - Game initialization took: 0.243 sec
18:07:45.389 [JavaFX Application Thread] DEBUG Input                - Clearing active input actions
18:07:45.400 [JavaFX Application Thread] DEBUG GameApplicationServi - Removing overlay from FXGLLoadingScene and adding to GameScene
18:07:45.400 [JavaFX Application Thread] DEBUG PrimaryStageWindow   - FXGLLoadingScene -> GameScene
18:07:46.039 [FXGL Background Thread 2 ] INFO  UpdaterService       - Your current version:  21.1
18:07:46.039 [FXGL Background Thread 2 ] INFO  UpdaterService       - Latest stable version: 25
18:07:46.339 [JavaFX Application Thread] DEBUG FXGLAssetLoaderServi - Loading from file system: file:/E:/All%20About%20Dev/OOP/FXGL%20new%20Begining/final%20version/Tower%20Defender/Tower-Defender/target/classes/assets/textures/bird.png
18:07:46.464 [JavaFX Application Thread] DEBUG FXGLAssetLoaderServi - Loading from file system: file:/E:/All%20About%20Dev/OOP/FXGL%20new%20Begining/final%20version/Tower%20Defender/Tower-Defender/target/classes/assets/textures/FieldsTileset.png
18:07:48.028 [FXGL Background Thread 3 ] DEBUG Engine               - Logging environment variables
18:07:48.030 [FXGL Background Thread 3 ] DEBUG Engine               - achievements: []
18:07:48.030 [FXGL Background Thread 3 ] DEBUG Engine               - actualHeight: 800.0
18:07:48.031 [FXGL Background Thread 3 ] DEBUG Engine               - actualHeightProperty: ReadOnlyDoubleProperty [value: 800.0]
18:07:48.031 [FXGL Background Thread 3 ] DEBUG Engine               - actualWidth: 1280.0
18:07:48.031 [FXGL Background Thread 3 ] DEBUG Engine               - actualWidthProperty: ReadOnlyDoubleProperty [value: 1280.0]
18:07:48.031 [FXGL Background Thread 3 ] DEBUG Engine               - appIcon: fxgl_icon.png
18:07:48.031 [FXGL Background Thread 3 ] DEBUG Engine               - applicationMode: DEVELOPER
18:07:48.032 [FXGL Background Thread 3 ] DEBUG Engine               - cSSList: [fxgl_dark.css]
18:07:48.032 [FXGL Background Thread 3 ] DEBUG Engine               - collisionDetectionStrategy: BRUTE_FORCE
18:07:48.032 [FXGL Background Thread 3 ] DEBUG Engine               - configClass: Optional.empty
18:07:48.032 [FXGL Background Thread 3 ] DEBUG Engine               - credits: []
18:07:48.033 [FXGL Background Thread 3 ] DEBUG Engine               - defaultCursor: CursorInfo(imageName=fxgl_default_cursor.png, hotspotX=7.0, hotspotY=6.0)
18:07:48.033 [FXGL Background Thread 3 ] DEBUG Engine               - devBBoxColorProperty: ObjectProperty [value: 0xff0000ff]
18:07:48.033 [FXGL Background Thread 3 ] DEBUG Engine               - devEnableDebugCameraProperty: BooleanProperty [value: false]
18:07:48.033 [FXGL Background Thread 3 ] DEBUG Engine               - devSensorColorProperty: ObjectProperty [value: 0xffff00ff]
18:07:48.033 [FXGL Background Thread 3 ] DEBUG Engine               - devShowBBoxProperty: BooleanProperty [value: false]
18:07:48.033 [FXGL Background Thread 3 ] DEBUG Engine               - devShowPositionProperty: BooleanProperty [value: false]
18:07:48.034 [FXGL Background Thread 3 ] DEBUG Engine               - enabledMenuItems: []
18:07:48.034 [FXGL Background Thread 3 ] DEBUG Engine               - engineServices: [class com.almasb.fxgl.app.services.FXGLAssetLoaderService, class com.almasb.fxgl.app.FXGLApplication$GameApplicationService, class com.almasb.fxgl.app.services.FXGLDialogService, class com.almasb.fxgl.app.services.IOTaskExecutorService, class com.almasb.fxgl.io.FileSystemService, class com.almasb.fxgl.localization.LocalizationService, class com.almasb.fxgl.app.services.SystemBundleService, class com.almasb.fxgl.profile.SaveLoadService, class com.almasb.fxgl.ui.FXGLUIFactoryServiceProvider, class com.almasb.fxgl.ui.FXGLDialogFactoryServiceProvider, class com.almasb.fxgl.audio.AudioPlayer, class com.almasb.fxgl.notification.impl.NotificationServiceProvider, class com.almasb.fxgl.achievement.AchievementService, class com.almasb.fxgl.cutscene.CutsceneService, class com.almasb.fxgl.minigames.MiniGameService, class com.almasb.fxgl.net.NetService, class com.almasb.fxgl.app.services.UpdaterService, class com.almasb.fxgl.dev.DevService]
18:07:48.034 [FXGL Background Thread 3 ] DEBUG Engine               - fontGame: Abel-Regular.ttf
18:07:48.034 [FXGL Background Thread 3 ] DEBUG Engine               - fontMono: TerminalLandMono-Regular.otf
18:07:48.034 [FXGL Background Thread 3 ] DEBUG Engine               - fontSizeScaleUI: 1.0
18:07:48.034 [FXGL Background Thread 3 ] DEBUG Engine               - fontText: Courier-Prime.ttf
18:07:48.034 [FXGL Background Thread 3 ] DEBUG Engine               - fontUI: VarelaRound-Regular.ttf
18:07:48.034 [FXGL Background Thread 3 ] DEBUG Engine               - fullScreen: BooleanProperty [value: false]
18:07:48.034 [FXGL Background Thread 3 ] DEBUG Engine               - gameDifficulty: MEDIUM
18:07:48.034 [FXGL Background Thread 3 ] DEBUG Engine               - gameDifficultyProperty: ObjectProperty [value: MEDIUM]
18:07:48.034 [FXGL Background Thread 3 ] DEBUG Engine               - globalMusicVolume: 0.5
18:07:48.035 [FXGL Background Thread 3 ] DEBUG Engine               - globalMusicVolumeProperty: DoubleProperty [value: 0.5]
18:07:48.035 [FXGL Background Thread 3 ] DEBUG Engine               - globalSoundVolume: 0.5
18:07:48.035 [FXGL Background Thread 3 ] DEBUG Engine               - globalSoundVolumeProperty: DoubleProperty [value: 0.5]
18:07:48.035 [FXGL Background Thread 3 ] DEBUG Engine               - height: 800
18:07:48.035 [FXGL Background Thread 3 ] DEBUG Engine               - is3D: false
18:07:48.035 [FXGL Background Thread 3 ] DEBUG Engine               - isAndroid: false
18:07:48.035 [FXGL Background Thread 3 ] DEBUG Engine               - isBrowser: false
18:07:48.035 [FXGL Background Thread 3 ] DEBUG Engine               - isClickFeedbackEnabled: false
18:07:48.036 [FXGL Background Thread 3 ] DEBUG Engine               - isCloseConfirmation: false
18:07:48.036 [FXGL Background Thread 3 ] DEBUG Engine               - isDesktop: true
18:07:48.036 [FXGL Background Thread 3 ] DEBUG Engine               - isDeveloperMenuEnabled: false
18:07:48.036 [FXGL Background Thread 3 ] DEBUG Engine               - isEmbedded: false
18:07:48.036 [FXGL Background Thread 3 ] DEBUG Engine               - isEntityPreloadEnabled: true
18:07:48.037 [FXGL Background Thread 3 ] DEBUG Engine               - isExperimentalTiledLargeMap: false
18:07:48.037 [FXGL Background Thread 3 ] DEBUG Engine               - isFileSystemWriteAllowed: true
18:07:48.037 [FXGL Background Thread 3 ] DEBUG Engine               - isFullScreenAllowed: true
18:07:48.037 [FXGL Background Thread 3 ] DEBUG Engine               - isFullScreenFromStart: false
18:07:48.037 [FXGL Background Thread 3 ] DEBUG Engine               - isGameMenuEnabled: true
18:07:48.037 [FXGL Background Thread 3 ] DEBUG Engine               - isIOS: false
18:07:48.037 [FXGL Background Thread 3 ] DEBUG Engine               - isIntroEnabled: false
18:07:48.038 [FXGL Background Thread 3 ] DEBUG Engine               - isLinux: false
18:07:48.038 [FXGL Background Thread 3 ] DEBUG Engine               - isMac: false
18:07:48.038 [FXGL Background Thread 3 ] DEBUG Engine               - isMainMenuEnabled: false
18:07:48.038 [FXGL Background Thread 3 ] DEBUG Engine               - isManualResizeEnabled: true
18:07:48.038 [FXGL Background Thread 3 ] DEBUG Engine               - isMobile: false
18:07:48.038 [FXGL Background Thread 3 ] DEBUG Engine               - isNative: false
18:07:48.038 [FXGL Background Thread 3 ] DEBUG Engine               - isPauseMusicWhenMinimized: true
18:07:48.038 [FXGL Background Thread 3 ] DEBUG Engine               - isPreserveResizeRatio: false
18:07:48.038 [FXGL Background Thread 3 ] DEBUG Engine               - isProfilingEnabled: false
18:07:48.038 [FXGL Background Thread 3 ] DEBUG Engine               - isScaleAffectedOnResize: true
18:07:48.039 [FXGL Background Thread 3 ] DEBUG Engine               - isSingleStep: false
18:07:48.039 [FXGL Background Thread 3 ] DEBUG Engine               - isUserProfileEnabled: false
18:07:48.039 [FXGL Background Thread 3 ] DEBUG Engine               - isWindows: true
18:07:48.039 [FXGL Background Thread 3 ] DEBUG Engine               - language: ObjectProperty [value: ENGLISH]
18:07:48.039 [FXGL Background Thread 3 ] DEBUG Engine               - menuKey: ESCAPE
18:07:48.039 [FXGL Background Thread 3 ] DEBUG Engine               - mouseSensitivity: 0.2
18:07:48.039 [FXGL Background Thread 3 ] DEBUG Engine               - notificationViewClass: class com.almasb.fxgl.notification.view.XboxNotificationView
18:07:48.039 [FXGL Background Thread 3 ] DEBUG Engine               - pixelsPerMeter: 50.0
18:07:48.039 [FXGL Background Thread 3 ] DEBUG Engine               - platform: WINDOWS
18:07:48.039 [FXGL Background Thread 3 ] DEBUG Engine               - prefHeightProperty: ReadOnlyDoubleProperty [value: 800.0]
18:07:48.039 [FXGL Background Thread 3 ] DEBUG Engine               - prefWidthProperty: ReadOnlyDoubleProperty [value: 1280.0]
18:07:48.039 [FXGL Background Thread 3 ] DEBUG Engine               - profileDir: profiles/
18:07:48.039 [FXGL Background Thread 3 ] DEBUG Engine               - profileName: StringProperty [value: DEFAULT]
18:07:48.039 [FXGL Background Thread 3 ] DEBUG Engine               - randomSeed: -1
18:07:48.040 [FXGL Background Thread 3 ] DEBUG Engine               - runtimeInfo: RuntimeInfo(platform=WINDOWS, version=21.1, build=27.03.2024 07.52)
18:07:48.040 [FXGL Background Thread 3 ] DEBUG Engine               - saveFileExt: sav
18:07:48.040 [FXGL Background Thread 3 ] DEBUG Engine               - scaledHeightProp$fxgl: DoubleProperty [bound, value: 800.0]
18:07:48.040 [FXGL Background Thread 3 ] DEBUG Engine               - scaledWidthProp$fxgl: DoubleProperty [bound, value: 1280.0]
18:07:48.040 [FXGL Background Thread 3 ] DEBUG Engine               - sceneFactory: com.almasb.fxgl.app.scene.SceneFactory@35cc5f3a
18:07:48.040 [FXGL Background Thread 3 ] DEBUG Engine               - secondsIn24h: 60
18:07:48.040 [FXGL Background Thread 3 ] DEBUG Engine               - soundMenuBack: menu/back.wav
18:07:48.040 [FXGL Background Thread 3 ] DEBUG Engine               - soundMenuPress: menu/press.wav
18:07:48.040 [FXGL Background Thread 3 ] DEBUG Engine               - soundMenuSelect: menu/select.wav
18:07:48.040 [FXGL Background Thread 3 ] DEBUG Engine               - soundNotification: core/notification.wav
18:07:48.040 [FXGL Background Thread 3 ] DEBUG Engine               - stageStyle: DECORATED
18:07:48.040 [FXGL Background Thread 3 ] DEBUG Engine               - supportedLanguages: [ENGLISH, FRENCH, GERMAN, HUNGARIAN, RUSSIAN]
18:07:48.041 [FXGL Background Thread 3 ] DEBUG Engine               - ticksPerSecond: -1
18:07:48.041 [FXGL Background Thread 3 ] DEBUG Engine               - title: 1945
18:07:48.041 [FXGL Background Thread 3 ] DEBUG Engine               - urlGithub: https://github.com/AlmasB/FXGL
18:07:48.041 [FXGL Background Thread 3 ] DEBUG Engine               - urlLeaderboard: http://fxgl-top.herokuapp.com/
18:07:48.041 [FXGL Background Thread 3 ] DEBUG Engine               - urlPOM: https://raw.githubusercontent.com/AlmasB/FXGL/release/README.md
18:07:48.041 [FXGL Background Thread 3 ] DEBUG Engine               - userAppClass: class org.saikat.Main
18:07:48.041 [FXGL Background Thread 3 ] DEBUG Engine               - version: 0.1
18:07:48.041 [FXGL Background Thread 3 ] DEBUG Engine               - versionCheckDays: 7
18:07:48.041 [FXGL Background Thread 3 ] DEBUG Engine               - width: 1280
18:07:48.041 [FXGL Background Thread 3 ] DEBUG Engine               - Logging services
18:07:48.041 [FXGL Background Thread 3 ] DEBUG Engine               - class com.almasb.fxgl.app.services.FXGLAssetLoaderService
18:07:48.041 [FXGL Background Thread 3 ] DEBUG Engine               - class com.almasb.fxgl.app.FXGLApplication$GameApplicationService
18:07:48.041 [FXGL Background Thread 3 ] DEBUG Engine               - class com.almasb.fxgl.app.services.FXGLDialogService
18:07:48.041 [FXGL Background Thread 3 ] DEBUG Engine               - class com.almasb.fxgl.app.services.IOTaskExecutorService
18:07:48.041 [FXGL Background Thread 3 ] DEBUG Engine               - class com.almasb.fxgl.io.FileSystemService
18:07:48.041 [FXGL Background Thread 3 ] DEBUG Engine               - class com.almasb.fxgl.localization.LocalizationService
18:07:48.041 [FXGL Background Thread 3 ] DEBUG Engine               - class com.almasb.fxgl.app.services.SystemBundleService
18:07:48.041 [FXGL Background Thread 3 ] DEBUG Engine               - class com.almasb.fxgl.profile.SaveLoadService
18:07:48.041 [FXGL Background Thread 3 ] DEBUG Engine               - class com.almasb.fxgl.ui.FXGLUIFactoryServiceProvider
18:07:48.041 [FXGL Background Thread 3 ] DEBUG Engine               - class com.almasb.fxgl.ui.FXGLDialogFactoryServiceProvider
18:07:48.041 [FXGL Background Thread 3 ] DEBUG Engine               - class com.almasb.fxgl.audio.AudioPlayer
18:07:48.041 [FXGL Background Thread 3 ] DEBUG Engine               - class com.almasb.fxgl.notification.impl.NotificationServiceProvider
18:07:48.041 [FXGL Background Thread 3 ] DEBUG Engine               - class com.almasb.fxgl.achievement.AchievementService
18:07:48.041 [FXGL Background Thread 3 ] DEBUG Engine               - class com.almasb.fxgl.cutscene.CutsceneService
18:07:48.041 [FXGL Background Thread 3 ] DEBUG Engine               - class com.almasb.fxgl.minigames.MiniGameService
18:07:48.041 [FXGL Background Thread 3 ] DEBUG Engine               - class com.almasb.fxgl.net.NetService
18:07:48.041 [FXGL Background Thread 3 ] DEBUG Engine               - class com.almasb.fxgl.app.services.UpdaterService
18:07:48.041 [FXGL Background Thread 3 ] DEBUG Engine               - class com.almasb.fxgl.dev.DevService
18:07:50.606 [JavaFX Application Thread] DEBUG LoopRunner           - Stopping loop
18:07:50.610 [JavaFX Application Thread] FATAL FXGLApplication      - Uncaught Exception:
java.lang.NullPointerException: Cannot invoke "com.almasb.fxgl.entity.Entity.getX()" because "tower" is null
	at org.saikat.AttackAbility.lambda$radar$0(AttackAbility.java:26)
	at com.almasb.fxgl.time.TimerAction.update(TimerAction.kt:69)
	at com.almasb.fxgl.time.Timer.update(Timer.kt:38)
	at com.almasb.fxgl.scene.Scene.update(Scene.kt:104)
	at com.almasb.fxgl.app.MainWindow$update$1.invoke(MainWindow.kt:121)
	at com.almasb.fxgl.app.MainWindow$update$1.invoke(MainWindow.kt:121)
	at com.almasb.fxgl.core.fsm.StateMachine.runOnActiveStates(StateMachine.kt:69)
	at com.almasb.fxgl.app.MainWindow.update(MainWindow.kt:121)
	at com.almasb.fxgl.app.FXGLApplication$GameApplicationService.onUpdate(FXGLApplication.kt:445)
	at com.almasb.fxgl.app.Engine.loop(Engine.kt:134)
	at com.almasb.fxgl.app.Engine.access$loop(Engine.kt:24)
	at com.almasb.fxgl.app.Engine$loop$1.invoke(Engine.kt:28)
	at com.almasb.fxgl.app.Engine$loop$1.invoke(Engine.kt:28)
	at com.almasb.fxgl.app.LoopRunner.frame(LoopRunner.kt:103)
	at com.almasb.fxgl.app.LoopRunner.access$frame(LoopRunner.kt:23)
	at com.almasb.fxgl.app.LoopRunner$impl$2$1.onTick(LoopRunner.kt:57)
	at com.almasb.fxgl.app.AnimationTimerLoop$timer$1.handle(LoopRunner.kt:137)
	at javafx.animation.AnimationTimer$AnimationTimerReceiver.lambda$handle$0(AnimationTimer.java:58)
	at java.base/java.security.AccessController.doPrivileged(AccessController.java:400)
	at javafx.animation.AnimationTimer$AnimationTimerReceiver.handle(AnimationTimer.java:57)
	at com.sun.scenario.animation.AbstractPrimaryTimer.timePulseImpl(AbstractPrimaryTimer.java:356)
	at com.sun.scenario.animation.AbstractPrimaryTimer$MainLoop.run(AbstractPrimaryTimer.java:266)
	at com.sun.javafx.tk.quantum.QuantumToolkit.pulse(QuantumToolkit.java:588)
	at com.sun.javafx.tk.quantum.QuantumToolkit.pulse(QuantumToolkit.java:572)
	at com.sun.javafx.tk.quantum.QuantumToolkit.pulseFromQueue(QuantumToolkit.java:565)
	at com.sun.javafx.tk.quantum.QuantumToolkit.lambda$runToolkit$11(QuantumToolkit.java:352)
	at com.sun.glass.ui.InvokeLaterDispatcher$Future.run(InvokeLaterDispatcher.java:95)
	at com.sun.glass.ui.win.WinApplication._runLoop(Native Method)
	at com.sun.glass.ui.win.WinApplication.lambda$runLoop$3(WinApplication.java:185)
	at java.base/java.lang.Thread.run(Thread.java:1583)

18:07:50.611 [JavaFX Application Thread] FATAL FXGLApplication      - Application will now exit
18:07:50.641 [JavaFX Application Thread] DEBUG PrimaryStageWindow   - Push state: ErrorSubScene
18:07:50.643 [JavaFX Application Thread] DEBUG Input                - Clearing active input actions
18:07:50.650 [JavaFX Application Thread] DEBUG GameApplicationServi - Removing overlay from GameScene and adding to ErrorSubScene
18:07:50.651 [JavaFX Application Thread] DEBUG PrimaryStageWindow   - GameScene -> ErrorSubScene
18:07:55.730 [JavaFX Application Thread] DEBUG FXGLApplication      - Exiting FXGL
18:07:55.730 [JavaFX Application Thread] DEBUG Async                - Shutting down background threads
18:07:55.731 [JavaFX Application Thread] DEBUG PrimaryStageWindow   - Closing main window
18:07:55.775 [JavaFX Application Thread] DEBUG Logger               - Closing Logger
