18:38:05.178 [main                     ] DEBUG Logger               - Configured Logger
18:38:05.210 [main                     ] DEBUG GameApplication      - Logging settings
Title: Ghost Hunter
Version: 1.0
Width: 1280
Height: 800
Fullscreen: true
Intro: false
Profiling: false
Single step:false
App Mode: DEVELOPER
Menu Key: ESCAPE
Stage Style: DECORATED
Scene Factory: class com.almasb.fxgl.app.scene.SceneFactory

18:38:05.805 [JavaFX Application Thread] DEBUG FXGLApplication      - Initializing FXGL
18:38:05.810 [JavaFX Application Thread] INFO  Engine               - FXGL-21.1 (27.03.2024 07.52) on WINDOWS (J:21.0.9 FX:21.0.1)
18:38:05.810 [JavaFX Application Thread] DEBUG Engine               - JRE Vendor Name: Oracle Corporation
18:38:05.810 [JavaFX Application Thread] DEBUG Engine               - Running on OS: Windows 11 version 10.0
18:38:05.810 [JavaFX Application Thread] DEBUG Engine               - Architecture: amd64
18:38:05.810 [JavaFX Application Thread] INFO  Engine               - Source code and latest versions at: https://github.com/AlmasB/FXGL
18:38:05.810 [JavaFX Application Thread] INFO  Engine               -       Ask questions and discuss at: https://github.com/AlmasB/FXGL/discussions
18:38:05.811 [JavaFX Application Thread] INFO  Engine               -              Join the FXGL chat at: https://gitter.im/AlmasB/FXGL
18:38:05.945 [JavaFX Application Thread] DEBUG PrimaryStageWindow   - Creating a JavaFX scene
18:38:05.998 [JavaFX Application Thread] DEBUG PrimaryStageWindow   - Target settings size: 1280.0 x 800.0
18:38:05.998 [JavaFX Application Thread] DEBUG PrimaryStageWindow   - Scaled scene size:    1280.0 x 800.0
18:38:05.998 [JavaFX Application Thread] DEBUG PrimaryStageWindow   - Scaled ratio: (1.0, 1.0)
18:38:05.999 [JavaFX Application Thread] DEBUG PrimaryStageWindow   - Set initial scene to FXGLStartupScene
18:38:06.003 [JavaFX Application Thread] DEBUG PrimaryStageWindow   - Opening main window
18:38:06.130 [JavaFX Application Thread] DEBUG PrimaryStageWindow   - Window border size: (14.4000244140625, 37.5999755859375)
18:38:06.131 [JavaFX Application Thread] DEBUG PrimaryStageWindow   - Scaled size: 1280.0 x 800.0
18:38:06.131 [JavaFX Application Thread] DEBUG PrimaryStageWindow   - Scaled ratio: (1.0, 1.0)
18:38:06.131 [JavaFX Application Thread] DEBUG PrimaryStageWindow   - Scene size: 1280.0 x 800.0
18:38:06.131 [JavaFX Application Thread] DEBUG PrimaryStageWindow   - Stage size: 1294.4000244140625 x 837.5999755859375
18:38:06.148 [FXGL Background Thread 1 ] DEBUG Engine               - Initializing environment variables
18:38:06.243 [FXGL Background Thread 1 ] DEBUG FXGLAssetLoaderServi - User app class for loading assets: class org.saikat.Main
18:38:06.243 [FXGL Background Thread 1 ] DEBUG GameApplicationServi - Applying CSS: fxgl_dark.css
18:38:06.244 [FXGL Background Thread 1 ] DEBUG FXGLAssetLoaderServi - Loading from file system: jar:file:/C:/Users/HP/.m2/repository/com/github/almasb/fxgl/21.1/fxgl-21.1.jar!/fxglassets/ui/css/fxgl_dark.css
18:38:06.300 [FXGL Background Thread 1 ] DEBUG GameApplicationServi - Initializing application scenes
18:38:06.366 [FXGL Background Thread 1 ] DEBUG GameWorld            - Game world initialized
18:38:06.481 [FXGL Background Thread 1 ] DEBUG PhysicsWorld         - Physics world initialized: appHeight=800, physics.ppm=50.0
18:38:06.481 [FXGL Background Thread 1 ] DEBUG PhysicsWorld         - Using strategy: BRUTE_FORCE
18:38:06.486 [FXGL Background Thread 1 ] DEBUG GameScene            - Game scene initialized: 1280x800
18:38:06.498 [FXGL Background Thread 1 ] DEBUG FXGL.DefaultMenu     - createMenuBodyGameMenu()
18:38:06.514 [FXGL Background Thread 1 ] DEBUG FXGL.DefaultMenu     - createOptionsMenu()
18:38:06.526 [FXGL Background Thread 1 ] DEBUG FXGLAssetLoaderServi - Loading from file system: jar:file:/C:/Users/HP/.m2/repository/com/github/almasb/fxgl/21.1/fxgl-21.1.jar!/fxglassets/textures/particles/smoke.png
18:38:06.639 [FXGL Background Thread 1 ] DEBUG FXGLAssetLoaderServi - Loading from file system: jar:file:/C:/Users/HP/.m2/repository/com/github/almasb/fxgl/21.1/fxgl-21.1.jar!/fxglassets/textures/particles/trace_horizontal.png
18:38:06.666 [FXGL Background Thread 1 ] DEBUG GameApplicationServi - Application scenes initialized
18:38:06.681 [FXGL Background Thread 1 ] DEBUG SystemBundleService  - Loading FXGL system data
18:38:06.686 [FXGL Background Thread 1 ] DEBUG FileSystemAccess     - Reading from: E:\All About Dev\OOP\FXGL new Begining\final version\Tower Defender\Tower-Defender\system\fxgl.bundle
18:38:06.705 [FXGL Background Thread 1 ] DEBUG SystemBundleService  - Bundle FXGL: {}
18:38:06.705 [FXGL Background Thread 1 ] DEBUG UpdaterService       - Checking for updates
18:38:06.712 [FXGL Background Thread 4 ] DEBUG FXGLApplication      - Loading fonts
18:38:06.712 [FXGL Background Thread 4 ] DEBUG FXGLAssetLoaderServi - Loading from file system: jar:file:/C:/Users/HP/.m2/repository/com/github/almasb/fxgl/21.1/fxgl-21.1.jar!/fxglassets/ui/fonts/VarelaRound-Regular.ttf
18:38:06.713 [FXGL Background Thread 1 ] DEBUG FXGLApplication      - Loading default localization
18:38:06.714 [FXGL Background Thread 1 ] DEBUG FXGLAssetLoaderServi - Loading from file system: jar:file:/C:/Users/HP/.m2/repository/com/github/almasb/fxgl/21.1/fxgl-21.1.jar!/fxglassets/languages/english.lang
18:38:06.765 [FXGL Background Thread 1 ] INFO  FXGLApplication      - FXGL initialization took: 0.617 sec
18:38:06.766 [FXGL Background Thread 4 ] DEBUG FXGLAssetLoaderServi - Loading from file system: jar:file:/C:/Users/HP/.m2/repository/com/github/almasb/fxgl/21.1/fxgl-21.1.jar!/fxglassets/ui/fonts/Abel-Regular.ttf
18:38:06.772 [FXGL Background Thread 4 ] DEBUG FXGLAssetLoaderServi - Loading from file system: jar:file:/C:/Users/HP/.m2/repository/com/github/almasb/fxgl/21.1/fxgl-21.1.jar!/fxglassets/ui/fonts/TerminalLandMono-Regular.otf
18:38:06.775 [JavaFX Application Thread] DEBUG Input                - Registered new binding: add tower - LMB
18:38:06.775 [JavaFX Application Thread] DEBUG Input                - Registered new binding: remove tower - RMB
18:38:06.776 [JavaFX Application Thread] DEBUG FXGLAssetLoaderServi - Loading from file system: jar:file:/C:/Users/HP/.m2/repository/com/github/almasb/fxgl/21.1/fxgl-21.1.jar!/fxglassets/textures/fxgl_icon.png
18:38:06.782 [FXGL Background Thread 4 ] DEBUG FXGLAssetLoaderServi - Loading from file system: jar:file:/C:/Users/HP/.m2/repository/com/github/almasb/fxgl/21.1/fxgl-21.1.jar!/fxglassets/ui/fonts/Courier-Prime.ttf
18:38:06.801 [JavaFX Application Thread] DEBUG FXGLAssetLoaderServi - Loading from file system: jar:file:/C:/Users/HP/.m2/repository/com/github/almasb/fxgl/21.1/fxgl-21.1.jar!/fxglassets/textures/fxgl_default_cursor.png
18:38:06.809 [JavaFX Application Thread] DEBUG Input                - Registered new binding: Screenshot - CTRL+8
18:38:06.810 [JavaFX Application Thread] DEBUG Input                - Registered new binding: System info dump - CTRL+9
18:38:06.810 [JavaFX Application Thread] DEBUG Input                - Registered new binding: Restart - CTRL+R
18:38:06.811 [JavaFX Application Thread] DEBUG Input                - Registered new binding: Toggle Debug Camera - CTRL+7
18:38:06.819 [JavaFX Application Thread] DEBUG LoopRunner           - Starting loop
18:38:06.819 [JavaFX Application Thread] DEBUG LoopRunner           - Initializing JavaFX AnimationTimerLoop
18:38:06.823 [JavaFX Application Thread] DEBUG GameApplicationServi - Starting new game
18:38:06.823 [JavaFX Application Thread] DEBUG Input                - Clearing active input actions
18:38:06.836 [JavaFX Application Thread] DEBUG GameApplicationServi - Removing overlay from FXGLStartupScene and adding to FXGLLoadingScene
18:38:06.837 [JavaFX Application Thread] DEBUG PrimaryStageWindow   - FXGLStartupScene -> FXGLLoadingScene
18:38:06.837 [JavaFX Application Thread] DEBUG GameApplicationServi - Clearing previous game
18:38:06.837 [JavaFX Application Thread] DEBUG GameScene            - Clearing game scene
18:38:06.837 [JavaFX Application Thread] DEBUG GameWorld            - Clearing game world
18:38:06.837 [JavaFX Application Thread] DEBUG PhysicsWorld         - Clearing physics world
18:38:06.840 [FXGL Background Thread 4 ] DEBUG FXGLApplication      - Initializing game
18:38:06.842 [JavaFX Application Thread] DEBUG FXGLApplication      - Registering font factories with UI factory
18:38:06.941 [FXGL Background Thread 4 ] WARN  TMXLevelLoader       - TiledMap generated from 1.12.2. Supported version: 1.9.0. Some features may not be parsed fully.
18:38:06.972 [FXGL Background Thread 4 ] DEBUG TMXLevelLoader       - Parsed TiledMap: file:/E:/All%20About%20Dev/OOP/FXGL%20new%20Begining/final%20version/Tower%20Defender/Tower-Defender/target/classes/assets/levels/wall.tmx
18:38:06.975 [FXGL Background Thread 4 ] DEBUG TMXLevelLoader       - Creating tile layer entities
18:38:06.979 [FXGL Background Thread 4 ] DEBUG TilesetLoader        - Loading view for layer background
18:38:06.981 [FXGL Background Thread 4 ] DEBUG TilesetLoader        - Created buffer with size 1280.0x800.0
18:38:07.017 [FXGL Background Thread 4 ] DEBUG TilesetLoader        - Loading view for layer tower spot layer
18:38:07.018 [FXGL Background Thread 4 ] DEBUG TilesetLoader        - Created buffer with size 1280.0x800.0
18:38:07.027 [FXGL Background Thread 4 ] DEBUG TilesetLoader        - Loading view for layer Road
18:38:07.029 [FXGL Background Thread 4 ] DEBUG TilesetLoader        - Created buffer with size 1280.0x800.0
18:38:07.033 [FXGL Background Thread 4 ] DEBUG TilesetLoader        - Loading view for layer road2
18:38:07.035 [FXGL Background Thread 4 ] DEBUG TilesetLoader        - Created buffer with size 1280.0x800.0
18:38:07.037 [FXGL Background Thread 4 ] WARN  TilesetLoader        - Diagonally flipped tiles are not currently supported
18:38:07.038 [FXGL Background Thread 4 ] WARN  TilesetLoader        - Diagonally flipped tiles are not currently supported
18:38:07.039 [FXGL Background Thread 4 ] WARN  TilesetLoader        - Diagonally flipped tiles are not currently supported
18:38:07.040 [FXGL Background Thread 4 ] WARN  TilesetLoader        - Diagonally flipped tiles are not currently supported
18:38:07.041 [FXGL Background Thread 4 ] WARN  TilesetLoader        - Diagonally flipped tiles are not currently supported
18:38:07.042 [FXGL Background Thread 4 ] WARN  TilesetLoader        - Diagonally flipped tiles are not currently supported
18:38:07.043 [FXGL Background Thread 4 ] WARN  TilesetLoader        - Diagonally flipped tiles are not currently supported
18:38:07.044 [FXGL Background Thread 4 ] WARN  TilesetLoader        - Diagonally flipped tiles are not currently supported
18:38:07.044 [FXGL Background Thread 4 ] WARN  TilesetLoader        - Diagonally flipped tiles are not currently supported
18:38:07.046 [FXGL Background Thread 4 ] WARN  TilesetLoader        - Diagonally flipped tiles are not currently supported
18:38:07.047 [FXGL Background Thread 4 ] WARN  TilesetLoader        - Diagonally flipped tiles are not currently supported
18:38:07.048 [FXGL Background Thread 4 ] WARN  TilesetLoader        - Diagonally flipped tiles are not currently supported
18:38:07.049 [FXGL Background Thread 4 ] WARN  TilesetLoader        - Diagonally flipped tiles are not currently supported
18:38:07.049 [FXGL Background Thread 4 ] WARN  TilesetLoader        - Diagonally flipped tiles are not currently supported
18:38:07.049 [FXGL Background Thread 4 ] WARN  TilesetLoader        - Diagonally flipped tiles are not currently supported
18:38:07.050 [FXGL Background Thread 4 ] WARN  TilesetLoader        - Diagonally flipped tiles are not currently supported
18:38:07.050 [FXGL Background Thread 4 ] WARN  TilesetLoader        - Diagonally flipped tiles are not currently supported
18:38:07.051 [FXGL Background Thread 4 ] WARN  TilesetLoader        - Diagonally flipped tiles are not currently supported
18:38:07.051 [FXGL Background Thread 4 ] WARN  TilesetLoader        - Diagonally flipped tiles are not currently supported
18:38:07.052 [FXGL Background Thread 4 ] WARN  TilesetLoader        - Diagonally flipped tiles are not currently supported
18:38:07.053 [FXGL Background Thread 4 ] WARN  TilesetLoader        - Diagonally flipped tiles are not currently supported
18:38:07.054 [FXGL Background Thread 4 ] WARN  TilesetLoader        - Diagonally flipped tiles are not currently supported
18:38:07.055 [FXGL Background Thread 4 ] WARN  TilesetLoader        - Diagonally flipped tiles are not currently supported
18:38:07.055 [FXGL Background Thread 4 ] WARN  TilesetLoader        - Diagonally flipped tiles are not currently supported
18:38:07.056 [FXGL Background Thread 4 ] WARN  TilesetLoader        - Diagonally flipped tiles are not currently supported
18:38:07.056 [FXGL Background Thread 4 ] WARN  TilesetLoader        - Diagonally flipped tiles are not currently supported
18:38:07.057 [FXGL Background Thread 4 ] WARN  TilesetLoader        - Diagonally flipped tiles are not currently supported
18:38:07.057 [FXGL Background Thread 4 ] WARN  TilesetLoader        - Diagonally flipped tiles are not currently supported
18:38:07.057 [FXGL Background Thread 4 ] WARN  TilesetLoader        - Diagonally flipped tiles are not currently supported
18:38:07.058 [FXGL Background Thread 4 ] WARN  TilesetLoader        - Diagonally flipped tiles are not currently supported
18:38:07.058 [FXGL Background Thread 4 ] WARN  TilesetLoader        - Diagonally flipped tiles are not currently supported
18:38:07.059 [FXGL Background Thread 4 ] WARN  TilesetLoader        - Diagonally flipped tiles are not currently supported
18:38:07.059 [FXGL Background Thread 4 ] WARN  TilesetLoader        - Diagonally flipped tiles are not currently supported
18:38:07.059 [FXGL Background Thread 4 ] WARN  TilesetLoader        - Diagonally flipped tiles are not currently supported
18:38:07.060 [FXGL Background Thread 4 ] WARN  TilesetLoader        - Diagonally flipped tiles are not currently supported
18:38:07.061 [FXGL Background Thread 4 ] WARN  TilesetLoader        - Diagonally flipped tiles are not currently supported
18:38:07.061 [FXGL Background Thread 4 ] WARN  TilesetLoader        - Diagonally flipped tiles are not currently supported
18:38:07.062 [FXGL Background Thread 4 ] WARN  TilesetLoader        - Diagonally flipped tiles are not currently supported
18:38:07.063 [FXGL Background Thread 4 ] WARN  TilesetLoader        - Diagonally flipped tiles are not currently supported
18:38:07.070 [FXGL Background Thread 4 ] WARN  TilesetLoader        - Diagonally flipped tiles are not currently supported
18:38:07.071 [FXGL Background Thread 4 ] WARN  TilesetLoader        - Diagonally flipped tiles are not currently supported
18:38:07.072 [FXGL Background Thread 4 ] WARN  TilesetLoader        - Diagonally flipped tiles are not currently supported
18:38:07.072 [FXGL Background Thread 4 ] WARN  TilesetLoader        - Diagonally flipped tiles are not currently supported
18:38:07.073 [FXGL Background Thread 4 ] WARN  TilesetLoader        - Diagonally flipped tiles are not currently supported
18:38:07.074 [FXGL Background Thread 4 ] WARN  TilesetLoader        - Diagonally flipped tiles are not currently supported
18:38:07.074 [FXGL Background Thread 4 ] WARN  TilesetLoader        - Diagonally flipped tiles are not currently supported
18:38:07.075 [FXGL Background Thread 4 ] WARN  TilesetLoader        - Diagonally flipped tiles are not currently supported
18:38:07.076 [FXGL Background Thread 4 ] WARN  TilesetLoader        - Diagonally flipped tiles are not currently supported
18:38:07.077 [FXGL Background Thread 4 ] WARN  TilesetLoader        - Diagonally flipped tiles are not currently supported
18:38:07.078 [FXGL Background Thread 4 ] WARN  TilesetLoader        - Diagonally flipped tiles are not currently supported
18:38:07.078 [FXGL Background Thread 4 ] WARN  TilesetLoader        - Diagonally flipped tiles are not currently supported
18:38:07.079 [FXGL Background Thread 4 ] WARN  TilesetLoader        - Diagonally flipped tiles are not currently supported
18:38:07.079 [FXGL Background Thread 4 ] WARN  TilesetLoader        - Diagonally flipped tiles are not currently supported
18:38:07.080 [FXGL Background Thread 4 ] WARN  TilesetLoader        - Diagonally flipped tiles are not currently supported
18:38:07.080 [FXGL Background Thread 4 ] WARN  TilesetLoader        - Diagonally flipped tiles are not currently supported
18:38:07.081 [FXGL Background Thread 4 ] WARN  TilesetLoader        - Diagonally flipped tiles are not currently supported
18:38:07.081 [FXGL Background Thread 4 ] WARN  TilesetLoader        - Diagonally flipped tiles are not currently supported
18:38:07.082 [FXGL Background Thread 4 ] WARN  TilesetLoader        - Diagonally flipped tiles are not currently supported
18:38:07.082 [FXGL Background Thread 4 ] WARN  TilesetLoader        - Diagonally flipped tiles are not currently supported
18:38:07.083 [FXGL Background Thread 4 ] WARN  TilesetLoader        - Diagonally flipped tiles are not currently supported
18:38:07.083 [FXGL Background Thread 4 ] WARN  TilesetLoader        - Diagonally flipped tiles are not currently supported
18:38:07.083 [FXGL Background Thread 4 ] WARN  TilesetLoader        - Diagonally flipped tiles are not currently supported
18:38:07.084 [FXGL Background Thread 4 ] WARN  TilesetLoader        - Diagonally flipped tiles are not currently supported
18:38:07.084 [FXGL Background Thread 4 ] WARN  TilesetLoader        - Diagonally flipped tiles are not currently supported
18:38:07.085 [FXGL Background Thread 4 ] WARN  TilesetLoader        - Diagonally flipped tiles are not currently supported
18:38:07.085 [FXGL Background Thread 4 ] WARN  TilesetLoader        - Diagonally flipped tiles are not currently supported
18:38:07.085 [FXGL Background Thread 4 ] WARN  TilesetLoader        - Diagonally flipped tiles are not currently supported
18:38:07.086 [FXGL Background Thread 4 ] WARN  TilesetLoader        - Diagonally flipped tiles are not currently supported
18:38:07.086 [FXGL Background Thread 4 ] WARN  TilesetLoader        - Diagonally flipped tiles are not currently supported
18:38:07.087 [FXGL Background Thread 4 ] WARN  TilesetLoader        - Diagonally flipped tiles are not currently supported
18:38:07.087 [FXGL Background Thread 4 ] WARN  TilesetLoader        - Diagonally flipped tiles are not currently supported
18:38:07.088 [FXGL Background Thread 4 ] WARN  TilesetLoader        - Diagonally flipped tiles are not currently supported
18:38:07.088 [FXGL Background Thread 4 ] WARN  TilesetLoader        - Diagonally flipped tiles are not currently supported
18:38:07.089 [FXGL Background Thread 4 ] WARN  TilesetLoader        - Diagonally flipped tiles are not currently supported
18:38:07.089 [FXGL Background Thread 4 ] WARN  TilesetLoader        - Diagonally flipped tiles are not currently supported
18:38:07.090 [FXGL Background Thread 4 ] WARN  TilesetLoader        - Diagonally flipped tiles are not currently supported
18:38:07.090 [FXGL Background Thread 4 ] WARN  TilesetLoader        - Diagonally flipped tiles are not currently supported
18:38:07.091 [FXGL Background Thread 4 ] WARN  TilesetLoader        - Diagonally flipped tiles are not currently supported
18:38:07.091 [FXGL Background Thread 4 ] WARN  TilesetLoader        - Diagonally flipped tiles are not currently supported
18:38:07.092 [FXGL Background Thread 4 ] WARN  TilesetLoader        - Diagonally flipped tiles are not currently supported
18:38:07.092 [FXGL Background Thread 4 ] WARN  TilesetLoader        - Diagonally flipped tiles are not currently supported
18:38:07.093 [FXGL Background Thread 4 ] WARN  TilesetLoader        - Diagonally flipped tiles are not currently supported
18:38:07.093 [FXGL Background Thread 4 ] WARN  TilesetLoader        - Diagonally flipped tiles are not currently supported
18:38:07.094 [FXGL Background Thread 4 ] WARN  TilesetLoader        - Diagonally flipped tiles are not currently supported
18:38:07.094 [FXGL Background Thread 4 ] WARN  TilesetLoader        - Diagonally flipped tiles are not currently supported
18:38:07.095 [FXGL Background Thread 4 ] WARN  TilesetLoader        - Diagonally flipped tiles are not currently supported
18:38:07.095 [FXGL Background Thread 4 ] WARN  TilesetLoader        - Diagonally flipped tiles are not currently supported
18:38:07.096 [FXGL Background Thread 4 ] WARN  TilesetLoader        - Diagonally flipped tiles are not currently supported
18:38:07.096 [FXGL Background Thread 4 ] WARN  TilesetLoader        - Diagonally flipped tiles are not currently supported
18:38:07.097 [FXGL Background Thread 4 ] WARN  TilesetLoader        - Diagonally flipped tiles are not currently supported
18:38:07.097 [FXGL Background Thread 4 ] WARN  TilesetLoader        - Diagonally flipped tiles are not currently supported
18:38:07.097 [FXGL Background Thread 4 ] WARN  TilesetLoader        - Diagonally flipped tiles are not currently supported
18:38:07.098 [FXGL Background Thread 4 ] WARN  TilesetLoader        - Diagonally flipped tiles are not currently supported
18:38:07.098 [FXGL Background Thread 4 ] WARN  TilesetLoader        - Diagonally flipped tiles are not currently supported
18:38:07.099 [FXGL Background Thread 4 ] WARN  TilesetLoader        - Diagonally flipped tiles are not currently supported
18:38:07.099 [FXGL Background Thread 4 ] WARN  TilesetLoader        - Diagonally flipped tiles are not currently supported
18:38:07.100 [FXGL Background Thread 4 ] WARN  TilesetLoader        - Diagonally flipped tiles are not currently supported
18:38:07.104 [FXGL Background Thread 4 ] WARN  TilesetLoader        - Diagonally flipped tiles are not currently supported
18:38:07.105 [FXGL Background Thread 4 ] WARN  TilesetLoader        - Diagonally flipped tiles are not currently supported
18:38:07.106 [FXGL Background Thread 4 ] WARN  TilesetLoader        - Diagonally flipped tiles are not currently supported
18:38:07.106 [FXGL Background Thread 4 ] WARN  TilesetLoader        - Diagonally flipped tiles are not currently supported
18:38:07.107 [FXGL Background Thread 4 ] WARN  TilesetLoader        - Diagonally flipped tiles are not currently supported
18:38:07.107 [FXGL Background Thread 4 ] WARN  TilesetLoader        - Diagonally flipped tiles are not currently supported
18:38:07.108 [FXGL Background Thread 4 ] WARN  TilesetLoader        - Diagonally flipped tiles are not currently supported
18:38:07.108 [FXGL Background Thread 4 ] WARN  TilesetLoader        - Diagonally flipped tiles are not currently supported
18:38:07.109 [FXGL Background Thread 4 ] WARN  TilesetLoader        - Diagonally flipped tiles are not currently supported
18:38:07.110 [FXGL Background Thread 4 ] WARN  TilesetLoader        - Diagonally flipped tiles are not currently supported
18:38:07.110 [FXGL Background Thread 4 ] WARN  TilesetLoader        - Diagonally flipped tiles are not currently supported
18:38:07.111 [FXGL Background Thread 4 ] WARN  TilesetLoader        - Diagonally flipped tiles are not currently supported
18:38:07.111 [FXGL Background Thread 4 ] WARN  TilesetLoader        - Diagonally flipped tiles are not currently supported
18:38:07.111 [FXGL Background Thread 4 ] WARN  TilesetLoader        - Diagonally flipped tiles are not currently supported
18:38:07.112 [FXGL Background Thread 4 ] WARN  TilesetLoader        - Diagonally flipped tiles are not currently supported
18:38:07.112 [FXGL Background Thread 4 ] WARN  TilesetLoader        - Diagonally flipped tiles are not currently supported
18:38:07.113 [FXGL Background Thread 4 ] WARN  TilesetLoader        - Diagonally flipped tiles are not currently supported
18:38:07.113 [FXGL Background Thread 4 ] WARN  TilesetLoader        - Diagonally flipped tiles are not currently supported
18:38:07.113 [FXGL Background Thread 4 ] WARN  TilesetLoader        - Diagonally flipped tiles are not currently supported
18:38:07.114 [FXGL Background Thread 4 ] WARN  TilesetLoader        - Diagonally flipped tiles are not currently supported
18:38:07.114 [FXGL Background Thread 4 ] WARN  TilesetLoader        - Diagonally flipped tiles are not currently supported
18:38:07.115 [FXGL Background Thread 4 ] WARN  TilesetLoader        - Diagonally flipped tiles are not currently supported
18:38:07.115 [FXGL Background Thread 4 ] WARN  TilesetLoader        - Diagonally flipped tiles are not currently supported
18:38:07.115 [FXGL Background Thread 4 ] WARN  TilesetLoader        - Diagonally flipped tiles are not currently supported
18:38:07.116 [FXGL Background Thread 4 ] WARN  TilesetLoader        - Diagonally flipped tiles are not currently supported
18:38:07.116 [FXGL Background Thread 4 ] WARN  TilesetLoader        - Diagonally flipped tiles are not currently supported
18:38:07.117 [FXGL Background Thread 4 ] WARN  TilesetLoader        - Diagonally flipped tiles are not currently supported
18:38:07.117 [FXGL Background Thread 4 ] WARN  TilesetLoader        - Diagonally flipped tiles are not currently supported
18:38:07.117 [FXGL Background Thread 4 ] WARN  TilesetLoader        - Diagonally flipped tiles are not currently supported
18:38:07.118 [FXGL Background Thread 4 ] WARN  TilesetLoader        - Diagonally flipped tiles are not currently supported
18:38:07.118 [FXGL Background Thread 4 ] WARN  TilesetLoader        - Diagonally flipped tiles are not currently supported
18:38:07.118 [FXGL Background Thread 4 ] WARN  TilesetLoader        - Diagonally flipped tiles are not currently supported
18:38:07.119 [FXGL Background Thread 4 ] WARN  TilesetLoader        - Diagonally flipped tiles are not currently supported
18:38:07.119 [FXGL Background Thread 4 ] WARN  TilesetLoader        - Diagonally flipped tiles are not currently supported
18:38:07.120 [FXGL Background Thread 4 ] WARN  TilesetLoader        - Diagonally flipped tiles are not currently supported
18:38:07.120 [FXGL Background Thread 4 ] WARN  TilesetLoader        - Diagonally flipped tiles are not currently supported
18:38:07.120 [FXGL Background Thread 4 ] WARN  TilesetLoader        - Diagonally flipped tiles are not currently supported
18:38:07.121 [FXGL Background Thread 4 ] WARN  TilesetLoader        - Diagonally flipped tiles are not currently supported
18:38:07.121 [FXGL Background Thread 4 ] WARN  TilesetLoader        - Diagonally flipped tiles are not currently supported
18:38:07.121 [FXGL Background Thread 4 ] WARN  TilesetLoader        - Diagonally flipped tiles are not currently supported
18:38:07.122 [FXGL Background Thread 4 ] WARN  TilesetLoader        - Diagonally flipped tiles are not currently supported
18:38:07.122 [FXGL Background Thread 4 ] WARN  TilesetLoader        - Diagonally flipped tiles are not currently supported
18:38:07.123 [FXGL Background Thread 4 ] WARN  TilesetLoader        - Diagonally flipped tiles are not currently supported
18:38:07.123 [FXGL Background Thread 4 ] WARN  TilesetLoader        - Diagonally flipped tiles are not currently supported
18:38:07.123 [FXGL Background Thread 4 ] WARN  TilesetLoader        - Diagonally flipped tiles are not currently supported
18:38:07.124 [FXGL Background Thread 4 ] WARN  TilesetLoader        - Diagonally flipped tiles are not currently supported
18:38:07.124 [FXGL Background Thread 4 ] WARN  TilesetLoader        - Diagonally flipped tiles are not currently supported
18:38:07.125 [FXGL Background Thread 4 ] WARN  TilesetLoader        - Diagonally flipped tiles are not currently supported
18:38:07.125 [FXGL Background Thread 4 ] WARN  TilesetLoader        - Diagonally flipped tiles are not currently supported
18:38:07.125 [FXGL Background Thread 4 ] WARN  TilesetLoader        - Diagonally flipped tiles are not currently supported
18:38:07.126 [FXGL Background Thread 4 ] WARN  TilesetLoader        - Diagonally flipped tiles are not currently supported
18:38:07.126 [FXGL Background Thread 4 ] WARN  TilesetLoader        - Diagonally flipped tiles are not currently supported
18:38:07.127 [FXGL Background Thread 4 ] DEBUG TilesetLoader        - Loading view for layer road3
18:38:07.132 [FXGL Background Thread 4 ] DEBUG TilesetLoader        - Created buffer with size 1280.0x800.0
18:38:07.134 [FXGL Background Thread 4 ] DEBUG TilesetLoader        - Loading view for layer bg2
18:38:07.135 [FXGL Background Thread 4 ] DEBUG TilesetLoader        - Created buffer with size 1280.0x800.0
18:38:07.280 [FXGL Background Thread 4 ] DEBUG TilesetLoader        - Loading view for layer icons
18:38:07.282 [FXGL Background Thread 4 ] DEBUG TilesetLoader        - Created buffer with size 1280.0x800.0
18:38:07.293 [FXGL Background Thread 4 ] DEBUG TMXLevelLoader       - Creating object layer entities
18:38:07.331 [FXGL Background Thread 4 ] DEBUG GameWorld            - Clearing removable entities
18:38:07.332 [FXGL Background Thread 4 ] DEBUG GameWorld            - Setting level: com.almasb.fxgl.entity.level.Level@5a45dd74
18:38:07.347 [FXGL Background Thread 4 ] INFO  FXGLApplication      - Game initialization took: 0.507 sec
18:38:07.354 [JavaFX Application Thread] DEBUG Input                - Clearing active input actions
18:38:07.372 [JavaFX Application Thread] DEBUG GameApplicationServi - Removing overlay from FXGLLoadingScene and adding to GameScene
18:38:07.372 [JavaFX Application Thread] DEBUG PrimaryStageWindow   - FXGLLoadingScene -> GameScene
18:38:07.544 [FXGL Background Thread 2 ] INFO  UpdaterService       - Your current version:  21.1
18:38:07.545 [FXGL Background Thread 2 ] INFO  UpdaterService       - Latest stable version: 25
18:38:08.438 [JavaFX Application Thread] DEBUG FXGLAssetLoaderServi - Loading from file system: file:/E:/All%20About%20Dev/OOP/FXGL%20new%20Begining/final%20version/Tower%20Defender/Tower-Defender/target/classes/assets/textures/wolf.png
18:38:08.459 [JavaFX Application Thread] DEBUG FXGLAssetLoaderServi - Loading from file system: file:/E:/All%20About%20Dev/OOP/FXGL%20new%20Begining/final%20version/Tower%20Defender/Tower-Defender/target/classes/assets/textures/bird.png
18:38:08.721 [JavaFX Application Thread] DEBUG FXGLAssetLoaderServi - Loading from file system: file:/E:/All%20About%20Dev/OOP/FXGL%20new%20Begining/final%20version/Tower%20Defender/Tower-Defender/target/classes/assets/textures/tank_enemy.png
18:38:09.278 [JavaFX Application Thread] DEBUG FXGLAssetLoaderServi - Loading from file system: file:/E:/All%20About%20Dev/OOP/FXGL%20new%20Begining/final%20version/Tower%20Defender/Tower-Defender/target/classes/assets/textures/tank_bullet.png
18:38:09.710 [FXGL Background Thread 3 ] DEBUG Engine               - Logging environment variables
18:38:09.711 [FXGL Background Thread 3 ] DEBUG Engine               - achievements: []
18:38:09.711 [FXGL Background Thread 3 ] DEBUG Engine               - actualHeight: 800.0
18:38:09.711 [FXGL Background Thread 3 ] DEBUG Engine               - actualHeightProperty: ReadOnlyDoubleProperty [value: 800.0]
18:38:09.711 [FXGL Background Thread 3 ] DEBUG Engine               - actualWidth: 1280.0
18:38:09.711 [FXGL Background Thread 3 ] DEBUG Engine               - actualWidthProperty: ReadOnlyDoubleProperty [value: 1280.0]
18:38:09.711 [FXGL Background Thread 3 ] DEBUG Engine               - appIcon: fxgl_icon.png
18:38:09.711 [FXGL Background Thread 3 ] DEBUG Engine               - applicationMode: DEVELOPER
18:38:09.711 [FXGL Background Thread 3 ] DEBUG Engine               - cSSList: [fxgl_dark.css]
18:38:09.711 [FXGL Background Thread 3 ] DEBUG Engine               - collisionDetectionStrategy: BRUTE_FORCE
18:38:09.711 [FXGL Background Thread 3 ] DEBUG Engine               - configClass: Optional.empty
18:38:09.711 [FXGL Background Thread 3 ] DEBUG Engine               - credits: []
18:38:09.711 [FXGL Background Thread 3 ] DEBUG Engine               - defaultCursor: CursorInfo(imageName=fxgl_default_cursor.png, hotspotX=7.0, hotspotY=6.0)
18:38:09.712 [FXGL Background Thread 3 ] DEBUG Engine               - devBBoxColorProperty: ObjectProperty [value: 0xff0000ff]
18:38:09.712 [FXGL Background Thread 3 ] DEBUG Engine               - devEnableDebugCameraProperty: BooleanProperty [value: false]
18:38:09.712 [FXGL Background Thread 3 ] DEBUG Engine               - devSensorColorProperty: ObjectProperty [value: 0xffff00ff]
18:38:09.712 [FXGL Background Thread 3 ] DEBUG Engine               - devShowBBoxProperty: BooleanProperty [value: false]
18:38:09.712 [FXGL Background Thread 3 ] DEBUG Engine               - devShowPositionProperty: BooleanProperty [value: false]
18:38:09.712 [FXGL Background Thread 3 ] DEBUG Engine               - enabledMenuItems: []
18:38:09.712 [FXGL Background Thread 3 ] DEBUG Engine               - engineServices: [class com.almasb.fxgl.app.services.FXGLAssetLoaderService, class com.almasb.fxgl.app.FXGLApplication$GameApplicationService, class com.almasb.fxgl.app.services.FXGLDialogService, class com.almasb.fxgl.app.services.IOTaskExecutorService, class com.almasb.fxgl.io.FileSystemService, class com.almasb.fxgl.localization.LocalizationService, class com.almasb.fxgl.app.services.SystemBundleService, class com.almasb.fxgl.profile.SaveLoadService, class com.almasb.fxgl.ui.FXGLUIFactoryServiceProvider, class com.almasb.fxgl.ui.FXGLDialogFactoryServiceProvider, class com.almasb.fxgl.audio.AudioPlayer, class com.almasb.fxgl.notification.impl.NotificationServiceProvider, class com.almasb.fxgl.achievement.AchievementService, class com.almasb.fxgl.cutscene.CutsceneService, class com.almasb.fxgl.minigames.MiniGameService, class com.almasb.fxgl.net.NetService, class com.almasb.fxgl.app.services.UpdaterService, class com.almasb.fxgl.dev.DevService]
18:38:09.712 [FXGL Background Thread 3 ] DEBUG Engine               - fontGame: Abel-Regular.ttf
18:38:09.712 [FXGL Background Thread 3 ] DEBUG Engine               - fontMono: TerminalLandMono-Regular.otf
18:38:09.712 [FXGL Background Thread 3 ] DEBUG Engine               - fontSizeScaleUI: 1.0
18:38:09.712 [FXGL Background Thread 3 ] DEBUG Engine               - fontText: Courier-Prime.ttf
18:38:09.712 [FXGL Background Thread 3 ] DEBUG Engine               - fontUI: VarelaRound-Regular.ttf
18:38:09.712 [FXGL Background Thread 3 ] DEBUG Engine               - fullScreen: BooleanProperty [value: false]
18:38:09.712 [FXGL Background Thread 3 ] DEBUG Engine               - gameDifficulty: MEDIUM
18:38:09.712 [FXGL Background Thread 3 ] DEBUG Engine               - gameDifficultyProperty: ObjectProperty [value: MEDIUM]
18:38:09.712 [FXGL Background Thread 3 ] DEBUG Engine               - globalMusicVolume: 0.5
18:38:09.713 [FXGL Background Thread 3 ] DEBUG Engine               - globalMusicVolumeProperty: DoubleProperty [value: 0.5]
18:38:09.713 [FXGL Background Thread 3 ] DEBUG Engine               - globalSoundVolume: 0.5
18:38:09.713 [FXGL Background Thread 3 ] DEBUG Engine               - globalSoundVolumeProperty: DoubleProperty [value: 0.5]
18:38:09.713 [FXGL Background Thread 3 ] DEBUG Engine               - height: 800
18:38:09.713 [FXGL Background Thread 3 ] DEBUG Engine               - is3D: false
18:38:09.713 [FXGL Background Thread 3 ] DEBUG Engine               - isAndroid: false
18:38:09.713 [FXGL Background Thread 3 ] DEBUG Engine               - isBrowser: false
18:38:09.713 [FXGL Background Thread 3 ] DEBUG Engine               - isClickFeedbackEnabled: false
18:38:09.713 [FXGL Background Thread 3 ] DEBUG Engine               - isCloseConfirmation: false
18:38:09.713 [FXGL Background Thread 3 ] DEBUG Engine               - isDesktop: true
18:38:09.713 [FXGL Background Thread 3 ] DEBUG Engine               - isDeveloperMenuEnabled: false
18:38:09.713 [FXGL Background Thread 3 ] DEBUG Engine               - isEmbedded: false
18:38:09.713 [FXGL Background Thread 3 ] DEBUG Engine               - isEntityPreloadEnabled: true
18:38:09.713 [FXGL Background Thread 3 ] DEBUG Engine               - isExperimentalTiledLargeMap: false
18:38:09.713 [FXGL Background Thread 3 ] DEBUG Engine               - isFileSystemWriteAllowed: true
18:38:09.713 [FXGL Background Thread 3 ] DEBUG Engine               - isFullScreenAllowed: true
18:38:09.713 [FXGL Background Thread 3 ] DEBUG Engine               - isFullScreenFromStart: false
18:38:09.713 [FXGL Background Thread 3 ] DEBUG Engine               - isGameMenuEnabled: true
18:38:09.713 [FXGL Background Thread 3 ] DEBUG Engine               - isIOS: false
18:38:09.713 [FXGL Background Thread 3 ] DEBUG Engine               - isIntroEnabled: false
18:38:09.713 [FXGL Background Thread 3 ] DEBUG Engine               - isLinux: false
18:38:09.713 [FXGL Background Thread 3 ] DEBUG Engine               - isMac: false
18:38:09.713 [FXGL Background Thread 3 ] DEBUG Engine               - isMainMenuEnabled: false
18:38:09.714 [FXGL Background Thread 3 ] DEBUG Engine               - isManualResizeEnabled: true
18:38:09.714 [FXGL Background Thread 3 ] DEBUG Engine               - isMobile: false
18:38:09.714 [FXGL Background Thread 3 ] DEBUG Engine               - isNative: false
18:38:09.714 [FXGL Background Thread 3 ] DEBUG Engine               - isPauseMusicWhenMinimized: true
18:38:09.714 [FXGL Background Thread 3 ] DEBUG Engine               - isPreserveResizeRatio: false
18:38:09.714 [FXGL Background Thread 3 ] DEBUG Engine               - isProfilingEnabled: false
18:38:09.714 [FXGL Background Thread 3 ] DEBUG Engine               - isScaleAffectedOnResize: true
18:38:09.714 [FXGL Background Thread 3 ] DEBUG Engine               - isSingleStep: false
18:38:09.714 [FXGL Background Thread 3 ] DEBUG Engine               - isUserProfileEnabled: false
18:38:09.714 [FXGL Background Thread 3 ] DEBUG Engine               - isWindows: true
18:38:09.714 [FXGL Background Thread 3 ] DEBUG Engine               - language: ObjectProperty [value: ENGLISH]
18:38:09.714 [FXGL Background Thread 3 ] DEBUG Engine               - menuKey: ESCAPE
18:38:09.714 [FXGL Background Thread 3 ] DEBUG Engine               - mouseSensitivity: 0.2
18:38:09.714 [FXGL Background Thread 3 ] DEBUG Engine               - notificationViewClass: class com.almasb.fxgl.notification.view.XboxNotificationView
18:38:09.714 [FXGL Background Thread 3 ] DEBUG Engine               - pixelsPerMeter: 50.0
18:38:09.714 [FXGL Background Thread 3 ] DEBUG Engine               - platform: WINDOWS
18:38:09.714 [FXGL Background Thread 3 ] DEBUG Engine               - prefHeightProperty: ReadOnlyDoubleProperty [value: 800.0]
18:38:09.714 [FXGL Background Thread 3 ] DEBUG Engine               - prefWidthProperty: ReadOnlyDoubleProperty [value: 1280.0]
18:38:09.714 [FXGL Background Thread 3 ] DEBUG Engine               - profileDir: profiles/
18:38:09.714 [FXGL Background Thread 3 ] DEBUG Engine               - profileName: StringProperty [value: DEFAULT]
18:38:09.714 [FXGL Background Thread 3 ] DEBUG Engine               - randomSeed: -1
18:38:09.715 [FXGL Background Thread 3 ] DEBUG Engine               - runtimeInfo: RuntimeInfo(platform=WINDOWS, version=21.1, build=27.03.2024 07.52)
18:38:09.715 [FXGL Background Thread 3 ] DEBUG Engine               - saveFileExt: sav
18:38:09.715 [FXGL Background Thread 3 ] DEBUG Engine               - scaledHeightProp$fxgl: DoubleProperty [bound, value: 800.0]
18:38:09.715 [FXGL Background Thread 3 ] DEBUG Engine               - scaledWidthProp$fxgl: DoubleProperty [bound, value: 1280.0]
18:38:09.715 [FXGL Background Thread 3 ] DEBUG Engine               - sceneFactory: com.almasb.fxgl.app.scene.SceneFactory@2e29dbef
18:38:09.715 [FXGL Background Thread 3 ] DEBUG Engine               - secondsIn24h: 60
18:38:09.715 [FXGL Background Thread 3 ] DEBUG Engine               - soundMenuBack: menu/back.wav
18:38:09.715 [FXGL Background Thread 3 ] DEBUG Engine               - soundMenuPress: menu/press.wav
18:38:09.715 [FXGL Background Thread 3 ] DEBUG Engine               - soundMenuSelect: menu/select.wav
18:38:09.715 [FXGL Background Thread 3 ] DEBUG Engine               - soundNotification: core/notification.wav
18:38:09.715 [FXGL Background Thread 3 ] DEBUG Engine               - stageStyle: DECORATED
18:38:09.715 [FXGL Background Thread 3 ] DEBUG Engine               - supportedLanguages: [ENGLISH, FRENCH, GERMAN, HUNGARIAN, RUSSIAN]
18:38:09.715 [FXGL Background Thread 3 ] DEBUG Engine               - ticksPerSecond: -1
18:38:09.715 [FXGL Background Thread 3 ] DEBUG Engine               - title: Ghost Hunter
18:38:09.715 [FXGL Background Thread 3 ] DEBUG Engine               - urlGithub: https://github.com/AlmasB/FXGL
18:38:09.716 [FXGL Background Thread 3 ] DEBUG Engine               - urlLeaderboard: http://fxgl-top.herokuapp.com/
18:38:09.716 [FXGL Background Thread 3 ] DEBUG Engine               - urlPOM: https://raw.githubusercontent.com/AlmasB/FXGL/release/README.md
18:38:09.716 [FXGL Background Thread 3 ] DEBUG Engine               - userAppClass: class org.saikat.Main
18:38:09.716 [FXGL Background Thread 3 ] DEBUG Engine               - version: 1.0
18:38:09.716 [FXGL Background Thread 3 ] DEBUG Engine               - versionCheckDays: 7
18:38:09.716 [FXGL Background Thread 3 ] DEBUG Engine               - width: 1280
18:38:09.716 [FXGL Background Thread 3 ] DEBUG Engine               - Logging services
18:38:09.716 [FXGL Background Thread 3 ] DEBUG Engine               - class com.almasb.fxgl.app.services.FXGLAssetLoaderService
18:38:09.716 [FXGL Background Thread 3 ] DEBUG Engine               - class com.almasb.fxgl.app.FXGLApplication$GameApplicationService
18:38:09.717 [FXGL Background Thread 3 ] DEBUG Engine               - class com.almasb.fxgl.app.services.FXGLDialogService
18:38:09.717 [FXGL Background Thread 3 ] DEBUG Engine               - class com.almasb.fxgl.app.services.IOTaskExecutorService
18:38:09.717 [FXGL Background Thread 3 ] DEBUG Engine               - class com.almasb.fxgl.io.FileSystemService
18:38:09.717 [FXGL Background Thread 3 ] DEBUG Engine               - class com.almasb.fxgl.localization.LocalizationService
18:38:09.717 [FXGL Background Thread 3 ] DEBUG Engine               - class com.almasb.fxgl.app.services.SystemBundleService
18:38:09.717 [FXGL Background Thread 3 ] DEBUG Engine               - class com.almasb.fxgl.profile.SaveLoadService
18:38:09.717 [FXGL Background Thread 3 ] DEBUG Engine               - class com.almasb.fxgl.ui.FXGLUIFactoryServiceProvider
18:38:09.717 [FXGL Background Thread 3 ] DEBUG Engine               - class com.almasb.fxgl.ui.FXGLDialogFactoryServiceProvider
18:38:09.717 [FXGL Background Thread 3 ] DEBUG Engine               - class com.almasb.fxgl.audio.AudioPlayer
18:38:09.717 [FXGL Background Thread 3 ] DEBUG Engine               - class com.almasb.fxgl.notification.impl.NotificationServiceProvider
18:38:09.717 [FXGL Background Thread 3 ] DEBUG Engine               - class com.almasb.fxgl.achievement.AchievementService
18:38:09.717 [FXGL Background Thread 3 ] DEBUG Engine               - class com.almasb.fxgl.cutscene.CutsceneService
18:38:09.717 [FXGL Background Thread 3 ] DEBUG Engine               - class com.almasb.fxgl.minigames.MiniGameService
18:38:09.717 [FXGL Background Thread 3 ] DEBUG Engine               - class com.almasb.fxgl.net.NetService
18:38:09.717 [FXGL Background Thread 3 ] DEBUG Engine               - class com.almasb.fxgl.app.services.UpdaterService
18:38:09.717 [FXGL Background Thread 3 ] DEBUG Engine               - class com.almasb.fxgl.dev.DevService
18:38:27.411 [JavaFX Application Thread] DEBUG FXGLApplication      - Exiting FXGL
18:38:27.411 [JavaFX Application Thread] DEBUG LoopRunner           - Stopping loop
18:38:27.412 [JavaFX Application Thread] DEBUG SystemBundleService  - Saving FXGL system data
18:38:27.416 [JavaFX Application Thread] DEBUG FileSystemAccess     - Writing to: E:\All About Dev\OOP\FXGL new Begining\final version\Tower Defender\Tower-Defender\system\fxgl.bundle
18:38:27.418 [JavaFX Application Thread] DEBUG Async                - Shutting down background threads
18:38:27.418 [JavaFX Application Thread] DEBUG PrimaryStageWindow   - Closing main window
18:38:27.442 [JavaFX Application Thread] DEBUG Logger               - Closing Logger
