04:09:23.315 [main                     ] DEBUG Logger               - Configured Logger
04:09:23.340 [main                     ] DEBUG GameApplication      - Logging settings
Title: 1945
Version: 0.1
Width: 1280
Height: 800
Fullscreen: true
Intro: false
Profiling: false
Single step:false
App Mode: DEVELOPER
Menu Key: ESCAPE
Stage Style: DECORATED
Scene Factory: class com.almasb.fxgl.app.scene.SceneFactory

04:09:24.049 [JavaFX Application Thread] DEBUG FXGLApplication      - Initializing FXGL
04:09:24.059 [JavaFX Application Thread] INFO  Engine               - FXGL-21.1 (27.03.2024 07.52) on WINDOWS (J:21.0.9 FX:21.0.1)
04:09:24.059 [JavaFX Application Thread] DEBUG Engine               - JRE Vendor Name: Oracle Corporation
04:09:24.059 [JavaFX Application Thread] DEBUG Engine               - Running on OS: Windows 11 version 10.0
04:09:24.059 [JavaFX Application Thread] DEBUG Engine               - Architecture: amd64
04:09:24.059 [JavaFX Application Thread] INFO  Engine               - Source code and latest versions at: https://github.com/AlmasB/FXGL
04:09:24.060 [JavaFX Application Thread] INFO  Engine               -       Ask questions and discuss at: https://github.com/AlmasB/FXGL/discussions
04:09:24.060 [JavaFX Application Thread] INFO  Engine               -              Join the FXGL chat at: https://gitter.im/AlmasB/FXGL
04:09:24.177 [JavaFX Application Thread] DEBUG PrimaryStageWindow   - Creating a JavaFX scene
04:09:24.218 [JavaFX Application Thread] DEBUG PrimaryStageWindow   - Target settings size: 1280.0 x 800.0
04:09:24.218 [JavaFX Application Thread] DEBUG PrimaryStageWindow   - Scaled scene size:    1280.0 x 800.0
04:09:24.218 [JavaFX Application Thread] DEBUG PrimaryStageWindow   - Scaled ratio: (1.0, 1.0)
04:09:24.219 [JavaFX Application Thread] DEBUG PrimaryStageWindow   - Set initial scene to FXGLStartupScene
04:09:24.221 [JavaFX Application Thread] DEBUG PrimaryStageWindow   - Opening main window
04:09:24.338 [JavaFX Application Thread] DEBUG PrimaryStageWindow   - Window border size: (14.4000244140625, 37.5999755859375)
04:09:24.339 [JavaFX Application Thread] DEBUG PrimaryStageWindow   - Scaled size: 1280.0 x 800.0
04:09:24.339 [JavaFX Application Thread] DEBUG PrimaryStageWindow   - Scaled ratio: (1.0, 1.0)
04:09:24.339 [JavaFX Application Thread] DEBUG PrimaryStageWindow   - Scene size: 1280.0 x 800.0
04:09:24.340 [JavaFX Application Thread] DEBUG PrimaryStageWindow   - Stage size: 1294.4000244140625 x 837.5999755859375
04:09:24.350 [FXGL Background Thread 1 ] DEBUG Engine               - Initializing environment variables
04:09:24.438 [FXGL Background Thread 1 ] DEBUG FXGLAssetLoaderServi - User app class for loading assets: class org.saikat.Main
04:09:24.438 [FXGL Background Thread 1 ] DEBUG GameApplicationServi - Applying CSS: fxgl_dark.css
04:09:24.439 [FXGL Background Thread 1 ] DEBUG FXGLAssetLoaderServi - Loading from file system: jar:file:/C:/Users/HP/.m2/repository/com/github/almasb/fxgl/21.1/fxgl-21.1.jar!/fxglassets/ui/css/fxgl_dark.css
04:09:24.504 [FXGL Background Thread 1 ] DEBUG GameApplicationServi - Initializing application scenes
04:09:24.577 [FXGL Background Thread 1 ] DEBUG GameWorld            - Game world initialized
04:09:24.671 [FXGL Background Thread 1 ] DEBUG PhysicsWorld         - Physics world initialized: appHeight=800, physics.ppm=50.0
04:09:24.671 [FXGL Background Thread 1 ] DEBUG PhysicsWorld         - Using strategy: BRUTE_FORCE
04:09:24.676 [FXGL Background Thread 1 ] DEBUG GameScene            - Game scene initialized: 1280x800
04:09:24.686 [FXGL Background Thread 1 ] DEBUG FXGL.DefaultMenu     - createMenuBodyGameMenu()
04:09:24.702 [FXGL Background Thread 1 ] DEBUG FXGL.DefaultMenu     - createOptionsMenu()
04:09:24.711 [FXGL Background Thread 1 ] DEBUG FXGLAssetLoaderServi - Loading from file system: jar:file:/C:/Users/HP/.m2/repository/com/github/almasb/fxgl/21.1/fxgl-21.1.jar!/fxglassets/textures/particles/smoke.png
04:09:24.840 [FXGL Background Thread 1 ] DEBUG FXGLAssetLoaderServi - Loading from file system: jar:file:/C:/Users/HP/.m2/repository/com/github/almasb/fxgl/21.1/fxgl-21.1.jar!/fxglassets/textures/particles/trace_horizontal.png
04:09:24.872 [FXGL Background Thread 1 ] DEBUG GameApplicationServi - Application scenes initialized
04:09:24.888 [FXGL Background Thread 1 ] DEBUG SystemBundleService  - Loading FXGL system data
04:09:24.895 [FXGL Background Thread 1 ] DEBUG FileSystemAccess     - Reading from: E:\All About Dev\OOP\FXGL new Begining\final version\Tower Defender\Tower-Defender\system\fxgl.bundle
04:09:24.908 [FXGL Background Thread 1 ] DEBUG SystemBundleService  - Bundle FXGL: {}
04:09:24.908 [FXGL Background Thread 1 ] DEBUG UpdaterService       - Checking for updates
04:09:24.915 [FXGL Background Thread 4 ] DEBUG FXGLApplication      - Loading fonts
04:09:24.916 [FXGL Background Thread 4 ] DEBUG FXGLAssetLoaderServi - Loading from file system: jar:file:/C:/Users/HP/.m2/repository/com/github/almasb/fxgl/21.1/fxgl-21.1.jar!/fxglassets/ui/fonts/VarelaRound-Regular.ttf
04:09:24.917 [FXGL Background Thread 1 ] DEBUG FXGLApplication      - Loading default localization
04:09:24.918 [FXGL Background Thread 1 ] DEBUG FXGLAssetLoaderServi - Loading from file system: jar:file:/C:/Users/HP/.m2/repository/com/github/almasb/fxgl/21.1/fxgl-21.1.jar!/fxglassets/languages/english.lang
04:09:24.958 [FXGL Background Thread 1 ] INFO  FXGLApplication      - FXGL initialization took: 0.608 sec
04:09:24.967 [JavaFX Application Thread] DEBUG Input                - Registered new binding: Add Tower - LMB
04:09:24.967 [JavaFX Application Thread] DEBUG FXGLAssetLoaderServi - Loading from file system: jar:file:/C:/Users/HP/.m2/repository/com/github/almasb/fxgl/21.1/fxgl-21.1.jar!/fxglassets/textures/fxgl_icon.png
04:09:24.997 [JavaFX Application Thread] DEBUG FXGLAssetLoaderServi - Loading from file system: jar:file:/C:/Users/HP/.m2/repository/com/github/almasb/fxgl/21.1/fxgl-21.1.jar!/fxglassets/textures/fxgl_default_cursor.png
04:09:25.008 [JavaFX Application Thread] DEBUG Input                - Registered new binding: Screenshot - CTRL+8
04:09:25.009 [JavaFX Application Thread] DEBUG Input                - Registered new binding: System info dump - CTRL+9
04:09:25.010 [JavaFX Application Thread] DEBUG Input                - Registered new binding: Restart - CTRL+R
04:09:25.011 [JavaFX Application Thread] DEBUG Input                - Registered new binding: Toggle Debug Camera - CTRL+7
04:09:25.016 [JavaFX Application Thread] DEBUG LoopRunner           - Starting loop
04:09:25.016 [JavaFX Application Thread] DEBUG LoopRunner           - Initializing JavaFX AnimationTimerLoop
04:09:25.019 [JavaFX Application Thread] DEBUG GameApplicationServi - Starting new game
04:09:25.020 [JavaFX Application Thread] DEBUG Input                - Clearing active input actions
04:09:25.037 [JavaFX Application Thread] DEBUG GameApplicationServi - Removing overlay from FXGLStartupScene and adding to FXGLLoadingScene
04:09:25.037 [JavaFX Application Thread] DEBUG PrimaryStageWindow   - FXGLStartupScene -> FXGLLoadingScene
04:09:25.037 [JavaFX Application Thread] DEBUG GameApplicationServi - Clearing previous game
04:09:25.037 [JavaFX Application Thread] DEBUG GameScene            - Clearing game scene
04:09:25.037 [JavaFX Application Thread] DEBUG GameWorld            - Clearing game world
04:09:25.037 [JavaFX Application Thread] DEBUG PhysicsWorld         - Clearing physics world
04:09:25.039 [FXGL Background Thread 1 ] DEBUG FXGLApplication      - Initializing game
04:09:25.136 [FXGL Background Thread 1 ] WARN  TMXLevelLoader       - TiledMap generated from 1.12.2. Supported version: 1.9.0. Some features may not be parsed fully.
04:09:25.159 [FXGL Background Thread 1 ] DEBUG TMXLevelLoader       - Parsed TiledMap: file:/E:/All%20About%20Dev/OOP/FXGL%20new%20Begining/final%20version/Tower%20Defender/Tower-Defender/target/classes/assets/levels/wall.tmx
04:09:25.163 [FXGL Background Thread 1 ] DEBUG TMXLevelLoader       - Creating tile layer entities
04:09:25.167 [FXGL Background Thread 1 ] DEBUG TilesetLoader        - Loading view for layer background
04:09:25.169 [FXGL Background Thread 1 ] DEBUG TilesetLoader        - Created buffer with size 1280.0x800.0
04:09:25.187 [FXGL Background Thread 4 ] DEBUG FXGLAssetLoaderServi - Loading from file system: jar:file:/C:/Users/HP/.m2/repository/com/github/almasb/fxgl/21.1/fxgl-21.1.jar!/fxglassets/ui/fonts/Abel-Regular.ttf
04:09:25.192 [FXGL Background Thread 4 ] DEBUG FXGLAssetLoaderServi - Loading from file system: jar:file:/C:/Users/HP/.m2/repository/com/github/almasb/fxgl/21.1/fxgl-21.1.jar!/fxglassets/ui/fonts/TerminalLandMono-Regular.otf
04:09:25.198 [FXGL Background Thread 1 ] DEBUG TilesetLoader        - Loading view for layer tower spot layer
04:09:25.198 [FXGL Background Thread 4 ] DEBUG FXGLAssetLoaderServi - Loading from file system: jar:file:/C:/Users/HP/.m2/repository/com/github/almasb/fxgl/21.1/fxgl-21.1.jar!/fxglassets/ui/fonts/Courier-Prime.ttf
04:09:25.200 [FXGL Background Thread 1 ] DEBUG TilesetLoader        - Created buffer with size 1280.0x800.0
04:09:25.207 [FXGL Background Thread 1 ] DEBUG TilesetLoader        - Loading view for layer Road
04:09:25.209 [FXGL Background Thread 1 ] DEBUG TilesetLoader        - Created buffer with size 1280.0x800.0
04:09:25.211 [FXGL Background Thread 1 ] DEBUG TMXLevelLoader       - Creating object layer entities
04:09:25.219 [FXGL Background Thread 1 ] WARN  TMXLevelLoader       - Parse error
java.lang.IllegalArgumentException: Key spotNumber has no associated value!
	at com.almasb.fxgl.entity.SpawnData.get(SpawnData.kt:35)
	at org.saikat.Factory.towerSpot(Factory.java:37)
	at java.base/jdk.internal.reflect.DirectMethodHandleAccessor.invoke(DirectMethodHandleAccessor.java:103)
	at java.base/java.lang.reflect.Method.invoke(Method.java:580)
	at com.almasb.fxgl.core.reflect.ReflectionUtils.call(ReflectionUtils.java:104)
	at com.almasb.fxgl.core.reflect.ReflectionUtils.lambda$mapToFunction$3(ReflectionUtils.java:111)
	at com.almasb.fxgl.entity.GameWorld$create$2.invoke(GameWorld.kt:428)
	at com.almasb.fxgl.entity.GameWorld$create$2.invoke(GameWorld.kt:428)
	at com.almasb.fxgl.core.util.DSLKt.tryCatchRoot(DSL.kt:34)
	at com.almasb.fxgl.entity.GameWorld.create(GameWorld.kt:428)
	at com.almasb.fxgl.entity.level.tiled.TMXLevelLoader.createObjectLayerEntities(TMXLevelLoader.kt:154)
	at com.almasb.fxgl.entity.level.tiled.TMXLevelLoader.load(TMXLevelLoader.kt:60)
	at com.almasb.fxgl.app.services.FXGLAssetLoaderService.loadLevel(FXGLAssetLoaderService.kt:449)
	at com.almasb.fxgl.dsl.FXGL$Companion.setLevelFromMap(FXGL.kt:643)
	at com.almasb.fxgl.dsl.FXGL.setLevelFromMap(FXGL.kt)
	at org.saikat.Main.initGame(Main.java:99)
	at com.almasb.fxgl.app.FXGLApplication$InitAppTask.initGame(FXGLApplication.kt:343)
	at com.almasb.fxgl.app.FXGLApplication$InitAppTask.call(FXGLApplication.kt:321)
	at com.almasb.fxgl.app.FXGLApplication$InitAppTask.call(FXGLApplication.kt:313)
	at javafx.concurrent.Task$TaskCallable.call(Task.java:1399)
	at java.base/java.util.concurrent.FutureTask.run(FutureTask.java:317)
	at java.base/java.util.concurrent.Executors$RunnableAdapter.call(Executors.java:572)
	at java.base/java.util.concurrent.FutureTask.run(FutureTask.java:317)
	at java.base/java.util.concurrent.ThreadPoolExecutor.runWorker(ThreadPoolExecutor.java:1144)
	at java.base/java.util.concurrent.ThreadPoolExecutor$Worker.run(ThreadPoolExecutor.java:642)
	at java.base/java.lang.Thread.run(Thread.java:1583)

04:09:25.235 [JavaFX Application Thread] DEBUG FXGLApplication      - Registering font factories with UI factory
04:09:25.238 [JavaFX Application Thread] DEBUG LoopRunner           - Stopping loop
04:09:25.239 [JavaFX Application Thread] FATAL FXGLApplication      - Uncaught Exception:
java.lang.RuntimeException: Initialization failed
	at com.almasb.fxgl.app.FXGLApplication$InitAppTask.failed(FXGLApplication.kt:347)
	at javafx.concurrent.Task.setState(Task.java:710)
	at javafx.concurrent.Task$TaskCallable.lambda$call$2(Task.java:1429)
	at com.sun.javafx.application.PlatformImpl.lambda$runLater$10(PlatformImpl.java:456)
	at java.base/java.security.AccessController.doPrivileged(AccessController.java:400)
	at com.sun.javafx.application.PlatformImpl.lambda$runLater$11(PlatformImpl.java:455)
	at com.sun.glass.ui.InvokeLaterDispatcher$Future.run(InvokeLaterDispatcher.java:95)
	at com.sun.glass.ui.win.WinApplication._runLoop(Native Method)
	at com.sun.glass.ui.win.WinApplication.lambda$runLoop$3(WinApplication.java:185)
	at java.base/java.lang.Thread.run(Thread.java:1583)
Caused by: com.almasb.fxgl.entity.level.LevelLoadingException: Key spotNumber has no associated value!
	at com.almasb.fxgl.entity.level.tiled.TMXLevelLoader.load(TMXLevelLoader.kt:77)
	at com.almasb.fxgl.app.services.FXGLAssetLoaderService.loadLevel(FXGLAssetLoaderService.kt:449)
	at com.almasb.fxgl.dsl.FXGL$Companion.setLevelFromMap(FXGL.kt:643)
	at com.almasb.fxgl.dsl.FXGL.setLevelFromMap(FXGL.kt)
	at org.saikat.Main.initGame(Main.java:99)
	at com.almasb.fxgl.app.FXGLApplication$InitAppTask.initGame(FXGLApplication.kt:343)
	at com.almasb.fxgl.app.FXGLApplication$InitAppTask.call(FXGLApplication.kt:321)
	at com.almasb.fxgl.app.FXGLApplication$InitAppTask.call(FXGLApplication.kt:313)
	at javafx.concurrent.Task$TaskCallable.call(Task.java:1399)
	at java.base/java.util.concurrent.FutureTask.run(FutureTask.java:317)
	at java.base/java.util.concurrent.Executors$RunnableAdapter.call(Executors.java:572)
	at java.base/java.util.concurrent.FutureTask.run(FutureTask.java:317)
	at java.base/java.util.concurrent.ThreadPoolExecutor.runWorker(ThreadPoolExecutor.java:1144)
	at java.base/java.util.concurrent.ThreadPoolExecutor$Worker.run(ThreadPoolExecutor.java:642)
	... 1 more
Caused by: java.lang.IllegalArgumentException: Key spotNumber has no associated value!
	at com.almasb.fxgl.entity.SpawnData.get(SpawnData.kt:35)
	at org.saikat.Factory.towerSpot(Factory.java:37)
	at java.base/jdk.internal.reflect.DirectMethodHandleAccessor.invoke(DirectMethodHandleAccessor.java:103)
	at java.base/java.lang.reflect.Method.invoke(Method.java:580)
	at com.almasb.fxgl.core.reflect.ReflectionUtils.call(ReflectionUtils.java:104)
	at com.almasb.fxgl.core.reflect.ReflectionUtils.lambda$mapToFunction$3(ReflectionUtils.java:111)
	at com.almasb.fxgl.entity.GameWorld$create$2.invoke(GameWorld.kt:428)
	at com.almasb.fxgl.entity.GameWorld$create$2.invoke(GameWorld.kt:428)
	at com.almasb.fxgl.core.util.DSLKt.tryCatchRoot(DSL.kt:34)
	at com.almasb.fxgl.entity.GameWorld.create(GameWorld.kt:428)
	at com.almasb.fxgl.entity.level.tiled.TMXLevelLoader.createObjectLayerEntities(TMXLevelLoader.kt:154)
	at com.almasb.fxgl.entity.level.tiled.TMXLevelLoader.load(TMXLevelLoader.kt:60)
	... 14 more

04:09:25.240 [JavaFX Application Thread] FATAL FXGLApplication      - Application will now exit
04:09:25.282 [JavaFX Application Thread] DEBUG PrimaryStageWindow   - Push state: ErrorSubScene
04:09:25.283 [JavaFX Application Thread] DEBUG Input                - Clearing active input actions
04:09:25.296 [JavaFX Application Thread] DEBUG GameApplicationServi - Removing overlay from FXGLLoadingScene and adding to ErrorSubScene
04:09:25.296 [JavaFX Application Thread] DEBUG PrimaryStageWindow   - FXGLLoadingScene -> ErrorSubScene
04:09:27.231 [FXGL Background Thread 2 ] INFO  UpdaterService       - Your current version:  21.1
04:09:27.231 [FXGL Background Thread 2 ] INFO  UpdaterService       - Latest stable version: 25
04:09:27.912 [FXGL Background Thread 3 ] DEBUG Engine               - Logging environment variables
04:09:27.913 [FXGL Background Thread 3 ] DEBUG Engine               - achievements: []
04:09:27.913 [FXGL Background Thread 3 ] DEBUG Engine               - actualHeight: 800.0
04:09:27.913 [FXGL Background Thread 3 ] DEBUG Engine               - actualHeightProperty: ReadOnlyDoubleProperty [value: 800.0]
04:09:27.914 [FXGL Background Thread 3 ] DEBUG Engine               - actualWidth: 1280.0
04:09:27.914 [FXGL Background Thread 3 ] DEBUG Engine               - actualWidthProperty: ReadOnlyDoubleProperty [value: 1280.0]
04:09:27.914 [FXGL Background Thread 3 ] DEBUG Engine               - appIcon: fxgl_icon.png
04:09:27.914 [FXGL Background Thread 3 ] DEBUG Engine               - applicationMode: DEVELOPER
04:09:27.914 [FXGL Background Thread 3 ] DEBUG Engine               - cSSList: [fxgl_dark.css]
04:09:27.914 [FXGL Background Thread 3 ] DEBUG Engine               - collisionDetectionStrategy: BRUTE_FORCE
04:09:27.914 [FXGL Background Thread 3 ] DEBUG Engine               - configClass: Optional.empty
04:09:27.914 [FXGL Background Thread 3 ] DEBUG Engine               - credits: []
04:09:27.915 [FXGL Background Thread 3 ] DEBUG Engine               - defaultCursor: CursorInfo(imageName=fxgl_default_cursor.png, hotspotX=7.0, hotspotY=6.0)
04:09:27.915 [FXGL Background Thread 3 ] DEBUG Engine               - devBBoxColorProperty: ObjectProperty [value: 0xff0000ff]
04:09:27.915 [FXGL Background Thread 3 ] DEBUG Engine               - devEnableDebugCameraProperty: BooleanProperty [value: false]
04:09:27.915 [FXGL Background Thread 3 ] DEBUG Engine               - devSensorColorProperty: ObjectProperty [value: 0xffff00ff]
04:09:27.915 [FXGL Background Thread 3 ] DEBUG Engine               - devShowBBoxProperty: BooleanProperty [value: false]
04:09:27.915 [FXGL Background Thread 3 ] DEBUG Engine               - devShowPositionProperty: BooleanProperty [value: false]
04:09:27.915 [FXGL Background Thread 3 ] DEBUG Engine               - enabledMenuItems: []
04:09:27.915 [FXGL Background Thread 3 ] DEBUG Engine               - engineServices: [class com.almasb.fxgl.app.services.FXGLAssetLoaderService, class com.almasb.fxgl.app.FXGLApplication$GameApplicationService, class com.almasb.fxgl.app.services.FXGLDialogService, class com.almasb.fxgl.app.services.IOTaskExecutorService, class com.almasb.fxgl.io.FileSystemService, class com.almasb.fxgl.localization.LocalizationService, class com.almasb.fxgl.app.services.SystemBundleService, class com.almasb.fxgl.profile.SaveLoadService, class com.almasb.fxgl.ui.FXGLUIFactoryServiceProvider, class com.almasb.fxgl.ui.FXGLDialogFactoryServiceProvider, class com.almasb.fxgl.audio.AudioPlayer, class com.almasb.fxgl.notification.impl.NotificationServiceProvider, class com.almasb.fxgl.achievement.AchievementService, class com.almasb.fxgl.cutscene.CutsceneService, class com.almasb.fxgl.minigames.MiniGameService, class com.almasb.fxgl.net.NetService, class com.almasb.fxgl.app.services.UpdaterService, class com.almasb.fxgl.dev.DevService]
04:09:27.915 [FXGL Background Thread 3 ] DEBUG Engine               - fontGame: Abel-Regular.ttf
04:09:27.917 [FXGL Background Thread 3 ] DEBUG Engine               - fontMono: TerminalLandMono-Regular.otf
04:09:27.917 [FXGL Background Thread 3 ] DEBUG Engine               - fontSizeScaleUI: 1.0
04:09:27.917 [FXGL Background Thread 3 ] DEBUG Engine               - fontText: Courier-Prime.ttf
04:09:27.917 [FXGL Background Thread 3 ] DEBUG Engine               - fontUI: VarelaRound-Regular.ttf
04:09:27.917 [FXGL Background Thread 3 ] DEBUG Engine               - fullScreen: BooleanProperty [value: false]
04:09:27.917 [FXGL Background Thread 3 ] DEBUG Engine               - gameDifficulty: MEDIUM
04:09:27.917 [FXGL Background Thread 3 ] DEBUG Engine               - gameDifficultyProperty: ObjectProperty [value: MEDIUM]
04:09:27.917 [FXGL Background Thread 3 ] DEBUG Engine               - globalMusicVolume: 0.5
04:09:27.917 [FXGL Background Thread 3 ] DEBUG Engine               - globalMusicVolumeProperty: DoubleProperty [value: 0.5]
04:09:27.917 [FXGL Background Thread 3 ] DEBUG Engine               - globalSoundVolume: 0.5
04:09:27.917 [FXGL Background Thread 3 ] DEBUG Engine               - globalSoundVolumeProperty: DoubleProperty [value: 0.5]
04:09:27.918 [FXGL Background Thread 3 ] DEBUG Engine               - height: 800
04:09:27.918 [FXGL Background Thread 3 ] DEBUG Engine               - is3D: false
04:09:27.918 [FXGL Background Thread 3 ] DEBUG Engine               - isAndroid: false
04:09:27.918 [FXGL Background Thread 3 ] DEBUG Engine               - isBrowser: false
04:09:27.918 [FXGL Background Thread 3 ] DEBUG Engine               - isClickFeedbackEnabled: false
04:09:27.918 [FXGL Background Thread 3 ] DEBUG Engine               - isCloseConfirmation: false
04:09:27.918 [FXGL Background Thread 3 ] DEBUG Engine               - isDesktop: true
04:09:27.918 [FXGL Background Thread 3 ] DEBUG Engine               - isDeveloperMenuEnabled: false
04:09:27.918 [FXGL Background Thread 3 ] DEBUG Engine               - isEmbedded: false
04:09:27.918 [FXGL Background Thread 3 ] DEBUG Engine               - isEntityPreloadEnabled: true
04:09:27.919 [FXGL Background Thread 3 ] DEBUG Engine               - isExperimentalTiledLargeMap: false
04:09:27.919 [FXGL Background Thread 3 ] DEBUG Engine               - isFileSystemWriteAllowed: true
04:09:27.919 [FXGL Background Thread 3 ] DEBUG Engine               - isFullScreenAllowed: true
04:09:27.919 [FXGL Background Thread 3 ] DEBUG Engine               - isFullScreenFromStart: false
04:09:27.919 [FXGL Background Thread 3 ] DEBUG Engine               - isGameMenuEnabled: true
04:09:27.919 [FXGL Background Thread 3 ] DEBUG Engine               - isIOS: false
04:09:27.919 [FXGL Background Thread 3 ] DEBUG Engine               - isIntroEnabled: false
04:09:27.919 [FXGL Background Thread 3 ] DEBUG Engine               - isLinux: false
04:09:27.919 [FXGL Background Thread 3 ] DEBUG Engine               - isMac: false
04:09:27.920 [FXGL Background Thread 3 ] DEBUG Engine               - isMainMenuEnabled: false
04:09:27.920 [FXGL Background Thread 3 ] DEBUG Engine               - isManualResizeEnabled: true
04:09:27.920 [FXGL Background Thread 3 ] DEBUG Engine               - isMobile: false
04:09:27.920 [FXGL Background Thread 3 ] DEBUG Engine               - isNative: false
04:09:27.920 [FXGL Background Thread 3 ] DEBUG Engine               - isPauseMusicWhenMinimized: true
04:09:27.920 [FXGL Background Thread 3 ] DEBUG Engine               - isPreserveResizeRatio: false
04:09:27.920 [FXGL Background Thread 3 ] DEBUG Engine               - isProfilingEnabled: false
04:09:27.920 [FXGL Background Thread 3 ] DEBUG Engine               - isScaleAffectedOnResize: true
04:09:27.920 [FXGL Background Thread 3 ] DEBUG Engine               - isSingleStep: false
04:09:27.920 [FXGL Background Thread 3 ] DEBUG Engine               - isUserProfileEnabled: false
04:09:27.920 [FXGL Background Thread 3 ] DEBUG Engine               - isWindows: true
04:09:27.921 [FXGL Background Thread 3 ] DEBUG Engine               - language: ObjectProperty [value: ENGLISH]
04:09:27.921 [FXGL Background Thread 3 ] DEBUG Engine               - menuKey: ESCAPE
04:09:27.921 [FXGL Background Thread 3 ] DEBUG Engine               - mouseSensitivity: 0.2
04:09:27.921 [FXGL Background Thread 3 ] DEBUG Engine               - notificationViewClass: class com.almasb.fxgl.notification.view.XboxNotificationView
04:09:27.921 [FXGL Background Thread 3 ] DEBUG Engine               - pixelsPerMeter: 50.0
04:09:27.921 [FXGL Background Thread 3 ] DEBUG Engine               - platform: WINDOWS
04:09:27.921 [FXGL Background Thread 3 ] DEBUG Engine               - prefHeightProperty: ReadOnlyDoubleProperty [value: 800.0]
04:09:27.922 [FXGL Background Thread 3 ] DEBUG Engine               - prefWidthProperty: ReadOnlyDoubleProperty [value: 1280.0]
04:09:27.922 [FXGL Background Thread 3 ] DEBUG Engine               - profileDir: profiles/
04:09:27.922 [FXGL Background Thread 3 ] DEBUG Engine               - profileName: StringProperty [value: DEFAULT]
04:09:27.922 [FXGL Background Thread 3 ] DEBUG Engine               - randomSeed: -1
04:09:27.923 [FXGL Background Thread 3 ] DEBUG Engine               - runtimeInfo: RuntimeInfo(platform=WINDOWS, version=21.1, build=27.03.2024 07.52)
04:09:27.923 [FXGL Background Thread 3 ] DEBUG Engine               - saveFileExt: sav
04:09:27.923 [FXGL Background Thread 3 ] DEBUG Engine               - scaledHeightProp$fxgl: DoubleProperty [bound, value: 800.0]
04:09:27.923 [FXGL Background Thread 3 ] DEBUG Engine               - scaledWidthProp$fxgl: DoubleProperty [bound, value: 1280.0]
04:09:27.923 [FXGL Background Thread 3 ] DEBUG Engine               - sceneFactory: com.almasb.fxgl.app.scene.SceneFactory@7c27e2f4
04:09:27.924 [FXGL Background Thread 3 ] DEBUG Engine               - secondsIn24h: 60
04:09:27.924 [FXGL Background Thread 3 ] DEBUG Engine               - soundMenuBack: menu/back.wav
04:09:27.924 [FXGL Background Thread 3 ] DEBUG Engine               - soundMenuPress: menu/press.wav
04:09:27.924 [FXGL Background Thread 3 ] DEBUG Engine               - soundMenuSelect: menu/select.wav
04:09:27.924 [FXGL Background Thread 3 ] DEBUG Engine               - soundNotification: core/notification.wav
04:09:27.924 [FXGL Background Thread 3 ] DEBUG Engine               - stageStyle: DECORATED
04:09:27.925 [FXGL Background Thread 3 ] DEBUG Engine               - supportedLanguages: [ENGLISH, FRENCH, GERMAN, HUNGARIAN, RUSSIAN]
04:09:27.925 [FXGL Background Thread 3 ] DEBUG Engine               - ticksPerSecond: -1
04:09:27.925 [FXGL Background Thread 3 ] DEBUG Engine               - title: 1945
04:09:27.925 [FXGL Background Thread 3 ] DEBUG Engine               - urlGithub: https://github.com/AlmasB/FXGL
04:09:27.925 [FXGL Background Thread 3 ] DEBUG Engine               - urlLeaderboard: http://fxgl-top.herokuapp.com/
04:09:27.925 [FXGL Background Thread 3 ] DEBUG Engine               - urlPOM: https://raw.githubusercontent.com/AlmasB/FXGL/release/README.md
04:09:27.925 [FXGL Background Thread 3 ] DEBUG Engine               - userAppClass: class org.saikat.Main
04:09:27.925 [FXGL Background Thread 3 ] DEBUG Engine               - version: 0.1
04:09:27.925 [FXGL Background Thread 3 ] DEBUG Engine               - versionCheckDays: 7
04:09:27.925 [FXGL Background Thread 3 ] DEBUG Engine               - width: 1280
04:09:27.927 [FXGL Background Thread 3 ] DEBUG Engine               - Logging services
04:09:27.927 [FXGL Background Thread 3 ] DEBUG Engine               - class com.almasb.fxgl.app.services.FXGLAssetLoaderService
04:09:27.927 [FXGL Background Thread 3 ] DEBUG Engine               - class com.almasb.fxgl.app.FXGLApplication$GameApplicationService
04:09:27.927 [FXGL Background Thread 3 ] DEBUG Engine               - class com.almasb.fxgl.app.services.FXGLDialogService
04:09:27.927 [FXGL Background Thread 3 ] DEBUG Engine               - class com.almasb.fxgl.app.services.IOTaskExecutorService
04:09:27.927 [FXGL Background Thread 3 ] DEBUG Engine               - class com.almasb.fxgl.io.FileSystemService
04:09:27.927 [FXGL Background Thread 3 ] DEBUG Engine               - class com.almasb.fxgl.localization.LocalizationService
04:09:27.927 [FXGL Background Thread 3 ] DEBUG Engine               - class com.almasb.fxgl.app.services.SystemBundleService
04:09:27.927 [FXGL Background Thread 3 ] DEBUG Engine               - class com.almasb.fxgl.profile.SaveLoadService
04:09:27.927 [FXGL Background Thread 3 ] DEBUG Engine               - class com.almasb.fxgl.ui.FXGLUIFactoryServiceProvider
04:09:27.927 [FXGL Background Thread 3 ] DEBUG Engine               - class com.almasb.fxgl.ui.FXGLDialogFactoryServiceProvider
04:09:27.927 [FXGL Background Thread 3 ] DEBUG Engine               - class com.almasb.fxgl.audio.AudioPlayer
04:09:27.928 [FXGL Background Thread 3 ] DEBUG Engine               - class com.almasb.fxgl.notification.impl.NotificationServiceProvider
04:09:27.928 [FXGL Background Thread 3 ] DEBUG Engine               - class com.almasb.fxgl.achievement.AchievementService
04:09:27.928 [FXGL Background Thread 3 ] DEBUG Engine               - class com.almasb.fxgl.cutscene.CutsceneService
04:09:27.928 [FXGL Background Thread 3 ] DEBUG Engine               - class com.almasb.fxgl.minigames.MiniGameService
04:09:27.928 [FXGL Background Thread 3 ] DEBUG Engine               - class com.almasb.fxgl.net.NetService
04:09:27.928 [FXGL Background Thread 3 ] DEBUG Engine               - class com.almasb.fxgl.app.services.UpdaterService
04:09:27.928 [FXGL Background Thread 3 ] DEBUG Engine               - class com.almasb.fxgl.dev.DevService
04:09:31.570 [JavaFX Application Thread] DEBUG FXGLApplication      - Exiting FXGL
04:09:31.570 [JavaFX Application Thread] DEBUG Async                - Shutting down background threads
04:09:31.570 [JavaFX Application Thread] DEBUG PrimaryStageWindow   - Closing main window
04:09:31.610 [JavaFX Application Thread] DEBUG Logger               - Closing Logger
