14:17:12.769 [main                     ] DEBUG Logger               - Configured Logger
14:17:12.799 [main                     ] DEBUG GameApplication      - Logging settings
Title: Ghost Hunter
Version: 1.0
Width: 1280
Height: 800
Fullscreen: true
Intro: false
Profiling: false
Single step:false
App Mode: DEVELOPER
Menu Key: ESCAPE
Stage Style: DECORATED
Scene Factory: class com.almasb.fxgl.app.scene.SceneFactory

14:17:13.411 [JavaFX Application Thread] DEBUG FXGLApplication      - Initializing FXGL
14:17:13.416 [JavaFX Application Thread] INFO  Engine               - FXGL-21.1 (27.03.2024 07.52) on WINDOWS (J:21.0.9 FX:21.0.1)
14:17:13.416 [JavaFX Application Thread] DEBUG Engine               - JRE Vendor Name: Oracle Corporation
14:17:13.417 [JavaFX Application Thread] DEBUG Engine               - Running on OS: Windows 11 version 10.0
14:17:13.417 [JavaFX Application Thread] DEBUG Engine               - Architecture: amd64
14:17:13.417 [JavaFX Application Thread] INFO  Engine               - Source code and latest versions at: https://github.com/AlmasB/FXGL
14:17:13.417 [JavaFX Application Thread] INFO  Engine               -       Ask questions and discuss at: https://github.com/AlmasB/FXGL/discussions
14:17:13.417 [JavaFX Application Thread] INFO  Engine               -              Join the FXGL chat at: https://gitter.im/AlmasB/FXGL
14:17:13.551 [JavaFX Application Thread] DEBUG PrimaryStageWindow   - Creating a JavaFX scene
14:17:13.609 [JavaFX Application Thread] DEBUG PrimaryStageWindow   - Target settings size: 1280.0 x 800.0
14:17:13.609 [JavaFX Application Thread] DEBUG PrimaryStageWindow   - Scaled scene size:    1280.0 x 800.0
14:17:13.609 [JavaFX Application Thread] DEBUG PrimaryStageWindow   - Scaled ratio: (1.0, 1.0)
14:17:13.611 [JavaFX Application Thread] DEBUG PrimaryStageWindow   - Set initial scene to FXGLStartupScene
14:17:13.616 [JavaFX Application Thread] DEBUG PrimaryStageWindow   - Opening main window
14:17:13.749 [JavaFX Application Thread] DEBUG PrimaryStageWindow   - Window border size: (14.4000244140625, 37.5999755859375)
14:17:13.749 [JavaFX Application Thread] DEBUG PrimaryStageWindow   - Scaled size: 1280.0 x 800.0
14:17:13.749 [JavaFX Application Thread] DEBUG PrimaryStageWindow   - Scaled ratio: (1.0, 1.0)
14:17:13.749 [JavaFX Application Thread] DEBUG PrimaryStageWindow   - Scene size: 1280.0 x 800.0
14:17:13.749 [JavaFX Application Thread] DEBUG PrimaryStageWindow   - Stage size: 1294.4000244140625 x 837.5999755859375
14:17:13.769 [FXGL Background Thread 1 ] DEBUG Engine               - Initializing environment variables
14:17:13.856 [FXGL Background Thread 1 ] DEBUG FXGLAssetLoaderServi - User app class for loading assets: class org.saikat.Game
14:17:13.856 [FXGL Background Thread 1 ] DEBUG GameApplicationServi - Applying CSS: fxgl_dark.css
14:17:13.857 [FXGL Background Thread 1 ] DEBUG FXGLAssetLoaderServi - Loading from file system: jar:file:/C:/Users/HP/.m2/repository/com/github/almasb/fxgl/21.1/fxgl-21.1.jar!/fxglassets/ui/css/fxgl_dark.css
14:17:13.913 [FXGL Background Thread 1 ] DEBUG GameApplicationServi - Initializing application scenes
14:17:13.982 [FXGL Background Thread 1 ] DEBUG GameWorld            - Game world initialized
14:17:14.084 [FXGL Background Thread 1 ] DEBUG PhysicsWorld         - Physics world initialized: appHeight=800, physics.ppm=50.0
14:17:14.085 [FXGL Background Thread 1 ] DEBUG PhysicsWorld         - Using strategy: BRUTE_FORCE
14:17:14.089 [FXGL Background Thread 1 ] DEBUG GameScene            - Game scene initialized: 1280x800
14:17:14.104 [FXGL Background Thread 1 ] DEBUG FXGL.DefaultMenu     - createMenuBodyGameMenu()
14:17:14.128 [FXGL Background Thread 1 ] DEBUG FXGL.DefaultMenu     - createOptionsMenu()
14:17:14.142 [FXGL Background Thread 1 ] DEBUG FXGLAssetLoaderServi - Loading from file system: jar:file:/C:/Users/HP/.m2/repository/com/github/almasb/fxgl/21.1/fxgl-21.1.jar!/fxglassets/textures/particles/smoke.png
14:17:14.285 [FXGL Background Thread 1 ] DEBUG FXGLAssetLoaderServi - Loading from file system: jar:file:/C:/Users/HP/.m2/repository/com/github/almasb/fxgl/21.1/fxgl-21.1.jar!/fxglassets/textures/particles/trace_horizontal.png
14:17:14.315 [FXGL Background Thread 1 ] DEBUG GameApplicationServi - Application scenes initialized
14:17:14.338 [FXGL Background Thread 1 ] DEBUG SystemBundleService  - Loading FXGL system data
14:17:14.350 [FXGL Background Thread 1 ] DEBUG FileSystemAccess     - Reading from: E:\All About Dev\OOP\FXGL new Begining\final version\Tower Defender\Tower-Defender\system\fxgl.bundle
14:17:14.367 [FXGL Background Thread 1 ] DEBUG SystemBundleService  - Bundle FXGL: {}
14:17:14.368 [FXGL Background Thread 1 ] DEBUG UpdaterService       - Checking for updates
14:17:14.410 [FXGL Background Thread 4 ] DEBUG FXGLApplication      - Loading fonts
14:17:14.411 [FXGL Background Thread 4 ] DEBUG FXGLAssetLoaderServi - Loading from file system: jar:file:/C:/Users/HP/.m2/repository/com/github/almasb/fxgl/21.1/fxgl-21.1.jar!/fxglassets/ui/fonts/VarelaRound-Regular.ttf
14:17:14.411 [FXGL Background Thread 1 ] DEBUG FXGLApplication      - Loading default localization
14:17:14.412 [FXGL Background Thread 1 ] DEBUG FXGLAssetLoaderServi - Loading from file system: jar:file:/C:/Users/HP/.m2/repository/com/github/almasb/fxgl/21.1/fxgl-21.1.jar!/fxglassets/languages/english.lang
14:17:14.441 [FXGL Background Thread 1 ] INFO  FXGLApplication      - FXGL initialization took: 0.672 sec
14:17:14.456 [JavaFX Application Thread] DEBUG Input                - Registered new binding: add tower - LMB
14:17:14.457 [JavaFX Application Thread] DEBUG Input                - Registered new binding: remove tower - RMB
14:17:14.457 [JavaFX Application Thread] DEBUG FXGLAssetLoaderServi - Loading from file system: jar:file:/C:/Users/HP/.m2/repository/com/github/almasb/fxgl/21.1/fxgl-21.1.jar!/fxglassets/textures/fxgl_icon.png
14:17:14.464 [FXGL Background Thread 4 ] DEBUG FXGLAssetLoaderServi - Loading from file system: jar:file:/C:/Users/HP/.m2/repository/com/github/almasb/fxgl/21.1/fxgl-21.1.jar!/fxglassets/ui/fonts/Abel-Regular.ttf
14:17:14.471 [FXGL Background Thread 4 ] DEBUG FXGLAssetLoaderServi - Loading from file system: jar:file:/C:/Users/HP/.m2/repository/com/github/almasb/fxgl/21.1/fxgl-21.1.jar!/fxglassets/ui/fonts/TerminalLandMono-Regular.otf
14:17:14.477 [FXGL Background Thread 4 ] DEBUG FXGLAssetLoaderServi - Loading from file system: jar:file:/C:/Users/HP/.m2/repository/com/github/almasb/fxgl/21.1/fxgl-21.1.jar!/fxglassets/ui/fonts/Courier-Prime.ttf
14:17:14.480 [JavaFX Application Thread] DEBUG FXGLAssetLoaderServi - Loading from file system: jar:file:/C:/Users/HP/.m2/repository/com/github/almasb/fxgl/21.1/fxgl-21.1.jar!/fxglassets/textures/fxgl_default_cursor.png
14:17:14.492 [JavaFX Application Thread] DEBUG Input                - Registered new binding: Screenshot - CTRL+8
14:17:14.493 [JavaFX Application Thread] DEBUG Input                - Registered new binding: Dev Options - 1
14:17:14.493 [JavaFX Application Thread] DEBUG Input                - Registered new binding: Dev Console - 2
14:17:14.494 [JavaFX Application Thread] DEBUG Input                - Registered new binding: System info dump - CTRL+9
14:17:14.494 [JavaFX Application Thread] DEBUG Input                - Registered new binding: Restart - CTRL+R
14:17:14.495 [JavaFX Application Thread] DEBUG Input                - Registered new binding: Toggle Debug Camera - CTRL+7
14:17:14.503 [JavaFX Application Thread] DEBUG LoopRunner           - Starting loop
14:17:14.540 [JavaFX Application Thread] DEBUG LoopRunner           - Initializing JavaFX AnimationTimerLoop
14:17:14.544 [JavaFX Application Thread] DEBUG GameApplicationServi - Starting new game
14:17:14.546 [JavaFX Application Thread] DEBUG Input                - Clearing active input actions
14:17:14.561 [JavaFX Application Thread] DEBUG GameApplicationServi - Removing overlay from FXGLStartupScene and adding to FXGLLoadingScene
14:17:14.566 [JavaFX Application Thread] DEBUG PrimaryStageWindow   - FXGLStartupScene -> FXGLLoadingScene
14:17:14.566 [JavaFX Application Thread] DEBUG GameApplicationServi - Clearing previous game
14:17:14.567 [JavaFX Application Thread] DEBUG GameScene            - Clearing game scene
14:17:14.567 [JavaFX Application Thread] DEBUG GameWorld            - Clearing game world
14:17:14.567 [JavaFX Application Thread] DEBUG PhysicsWorld         - Clearing physics world
14:17:14.569 [JavaFX Application Thread] DEBUG FXGLApplication      - Registering font factories with UI factory
14:17:14.653 [FXGL Background Thread 4 ] WARN  TMXLevelLoader       - TiledMap generated from 1.12.2. Supported version: 1.9.0. Some features may not be parsed fully.
14:17:14.686 [FXGL Background Thread 4 ] DEBUG TMXLevelLoader       - Parsed TiledMap: file:/E:/All%20About%20Dev/OOP/FXGL%20new%20Begining/final%20version/Tower%20Defender/Tower-Defender/target/classes/assets/levels/wall.tmx
14:17:14.689 [FXGL Background Thread 4 ] DEBUG TMXLevelLoader       - Creating tile layer entities
14:17:14.693 [FXGL Background Thread 4 ] DEBUG TilesetLoader        - Loading view for layer icons
14:17:14.695 [FXGL Background Thread 4 ] DEBUG TilesetLoader        - Created buffer with size 1280.0x800.0
14:17:14.716 [FXGL Background Thread 4 ] DEBUG TilesetLoader        - Loading view for layer background
14:17:14.719 [FXGL Background Thread 4 ] DEBUG TilesetLoader        - Created buffer with size 1280.0x800.0
14:17:14.744 [FXGL Background Thread 2 ] WARN  UpdaterService       - Failed to find updates: java.net.UnknownHostException: raw.githubusercontent.com
14:17:14.841 [FXGL Background Thread 4 ] DEBUG TilesetLoader        - Loading view for layer tower spot layer
14:17:14.844 [FXGL Background Thread 4 ] DEBUG TilesetLoader        - Created buffer with size 1280.0x800.0
14:17:14.867 [FXGL Background Thread 4 ] DEBUG TilesetLoader        - Loading view for layer Road
14:17:14.869 [FXGL Background Thread 4 ] DEBUG TilesetLoader        - Created buffer with size 1280.0x800.0
14:17:14.884 [FXGL Background Thread 4 ] DEBUG TilesetLoader        - Loading view for layer road2
14:17:14.886 [FXGL Background Thread 4 ] DEBUG TilesetLoader        - Created buffer with size 1280.0x800.0
14:17:14.888 [FXGL Background Thread 4 ] WARN  TilesetLoader        - Diagonally flipped tiles are not currently supported
14:17:14.890 [FXGL Background Thread 4 ] WARN  TilesetLoader        - Diagonally flipped tiles are not currently supported
14:17:14.890 [FXGL Background Thread 4 ] WARN  TilesetLoader        - Diagonally flipped tiles are not currently supported
14:17:14.891 [FXGL Background Thread 4 ] WARN  TilesetLoader        - Diagonally flipped tiles are not currently supported
14:17:14.892 [FXGL Background Thread 4 ] WARN  TilesetLoader        - Diagonally flipped tiles are not currently supported
14:17:14.892 [FXGL Background Thread 4 ] WARN  TilesetLoader        - Diagonally flipped tiles are not currently supported
14:17:14.892 [FXGL Background Thread 4 ] WARN  TilesetLoader        - Diagonally flipped tiles are not currently supported
14:17:14.893 [FXGL Background Thread 4 ] WARN  TilesetLoader        - Diagonally flipped tiles are not currently supported
14:17:14.894 [FXGL Background Thread 4 ] WARN  TilesetLoader        - Diagonally flipped tiles are not currently supported
14:17:14.894 [FXGL Background Thread 4 ] WARN  TilesetLoader        - Diagonally flipped tiles are not currently supported
14:17:14.895 [FXGL Background Thread 4 ] WARN  TilesetLoader        - Diagonally flipped tiles are not currently supported
14:17:14.896 [FXGL Background Thread 4 ] WARN  TilesetLoader        - Diagonally flipped tiles are not currently supported
14:17:14.896 [FXGL Background Thread 4 ] WARN  TilesetLoader        - Diagonally flipped tiles are not currently supported
14:17:14.897 [FXGL Background Thread 4 ] WARN  TilesetLoader        - Diagonally flipped tiles are not currently supported
14:17:14.897 [FXGL Background Thread 4 ] WARN  TilesetLoader        - Diagonally flipped tiles are not currently supported
14:17:14.898 [FXGL Background Thread 4 ] WARN  TilesetLoader        - Diagonally flipped tiles are not currently supported
14:17:14.899 [FXGL Background Thread 4 ] WARN  TilesetLoader        - Diagonally flipped tiles are not currently supported
14:17:14.905 [FXGL Background Thread 4 ] WARN  TilesetLoader        - Diagonally flipped tiles are not currently supported
14:17:14.906 [FXGL Background Thread 4 ] WARN  TilesetLoader        - Diagonally flipped tiles are not currently supported
14:17:14.906 [FXGL Background Thread 4 ] WARN  TilesetLoader        - Diagonally flipped tiles are not currently supported
14:17:14.907 [FXGL Background Thread 4 ] WARN  TilesetLoader        - Diagonally flipped tiles are not currently supported
14:17:14.907 [FXGL Background Thread 4 ] WARN  TilesetLoader        - Diagonally flipped tiles are not currently supported
14:17:14.908 [FXGL Background Thread 4 ] WARN  TilesetLoader        - Diagonally flipped tiles are not currently supported
14:17:14.908 [FXGL Background Thread 4 ] WARN  TilesetLoader        - Diagonally flipped tiles are not currently supported
14:17:14.909 [FXGL Background Thread 4 ] WARN  TilesetLoader        - Diagonally flipped tiles are not currently supported
14:17:14.909 [FXGL Background Thread 4 ] WARN  TilesetLoader        - Diagonally flipped tiles are not currently supported
14:17:14.910 [FXGL Background Thread 4 ] WARN  TilesetLoader        - Diagonally flipped tiles are not currently supported
14:17:14.910 [FXGL Background Thread 4 ] WARN  TilesetLoader        - Diagonally flipped tiles are not currently supported
14:17:14.911 [FXGL Background Thread 4 ] WARN  TilesetLoader        - Diagonally flipped tiles are not currently supported
14:17:14.911 [FXGL Background Thread 4 ] WARN  TilesetLoader        - Diagonally flipped tiles are not currently supported
14:17:14.911 [FXGL Background Thread 4 ] WARN  TilesetLoader        - Diagonally flipped tiles are not currently supported
14:17:14.912 [FXGL Background Thread 4 ] WARN  TilesetLoader        - Diagonally flipped tiles are not currently supported
14:17:14.912 [FXGL Background Thread 4 ] WARN  TilesetLoader        - Diagonally flipped tiles are not currently supported
14:17:14.912 [FXGL Background Thread 4 ] WARN  TilesetLoader        - Diagonally flipped tiles are not currently supported
14:17:14.912 [FXGL Background Thread 4 ] WARN  TilesetLoader        - Diagonally flipped tiles are not currently supported
14:17:14.913 [FXGL Background Thread 4 ] WARN  TilesetLoader        - Diagonally flipped tiles are not currently supported
14:17:14.913 [FXGL Background Thread 4 ] WARN  TilesetLoader        - Diagonally flipped tiles are not currently supported
14:17:14.913 [FXGL Background Thread 4 ] WARN  TilesetLoader        - Diagonally flipped tiles are not currently supported
14:17:14.913 [FXGL Background Thread 4 ] WARN  TilesetLoader        - Diagonally flipped tiles are not currently supported
14:17:14.914 [FXGL Background Thread 4 ] WARN  TilesetLoader        - Diagonally flipped tiles are not currently supported
14:17:14.914 [FXGL Background Thread 4 ] WARN  TilesetLoader        - Diagonally flipped tiles are not currently supported
14:17:14.914 [FXGL Background Thread 4 ] WARN  TilesetLoader        - Diagonally flipped tiles are not currently supported
14:17:14.915 [FXGL Background Thread 4 ] WARN  TilesetLoader        - Diagonally flipped tiles are not currently supported
14:17:14.915 [FXGL Background Thread 4 ] WARN  TilesetLoader        - Diagonally flipped tiles are not currently supported
14:17:14.916 [FXGL Background Thread 4 ] WARN  TilesetLoader        - Diagonally flipped tiles are not currently supported
14:17:14.916 [FXGL Background Thread 4 ] WARN  TilesetLoader        - Diagonally flipped tiles are not currently supported
14:17:14.917 [FXGL Background Thread 4 ] WARN  TilesetLoader        - Diagonally flipped tiles are not currently supported
14:17:14.917 [FXGL Background Thread 4 ] WARN  TilesetLoader        - Diagonally flipped tiles are not currently supported
14:17:14.918 [FXGL Background Thread 4 ] WARN  TilesetLoader        - Diagonally flipped tiles are not currently supported
14:17:14.918 [FXGL Background Thread 4 ] WARN  TilesetLoader        - Diagonally flipped tiles are not currently supported
14:17:14.918 [FXGL Background Thread 4 ] WARN  TilesetLoader        - Diagonally flipped tiles are not currently supported
14:17:14.919 [FXGL Background Thread 4 ] WARN  TilesetLoader        - Diagonally flipped tiles are not currently supported
14:17:14.919 [FXGL Background Thread 4 ] WARN  TilesetLoader        - Diagonally flipped tiles are not currently supported
14:17:14.920 [FXGL Background Thread 4 ] WARN  TilesetLoader        - Diagonally flipped tiles are not currently supported
14:17:14.920 [FXGL Background Thread 4 ] WARN  TilesetLoader        - Diagonally flipped tiles are not currently supported
14:17:14.920 [FXGL Background Thread 4 ] WARN  TilesetLoader        - Diagonally flipped tiles are not currently supported
14:17:14.922 [FXGL Background Thread 4 ] WARN  TilesetLoader        - Diagonally flipped tiles are not currently supported
14:17:14.922 [FXGL Background Thread 4 ] WARN  TilesetLoader        - Diagonally flipped tiles are not currently supported
14:17:14.923 [FXGL Background Thread 4 ] WARN  TilesetLoader        - Diagonally flipped tiles are not currently supported
14:17:14.923 [FXGL Background Thread 4 ] WARN  TilesetLoader        - Diagonally flipped tiles are not currently supported
14:17:14.923 [FXGL Background Thread 4 ] WARN  TilesetLoader        - Diagonally flipped tiles are not currently supported
14:17:14.927 [FXGL Background Thread 4 ] WARN  TilesetLoader        - Diagonally flipped tiles are not currently supported
14:17:14.928 [FXGL Background Thread 4 ] WARN  TilesetLoader        - Diagonally flipped tiles are not currently supported
14:17:14.928 [FXGL Background Thread 4 ] WARN  TilesetLoader        - Diagonally flipped tiles are not currently supported
14:17:14.928 [FXGL Background Thread 4 ] WARN  TilesetLoader        - Diagonally flipped tiles are not currently supported
14:17:14.928 [FXGL Background Thread 4 ] WARN  TilesetLoader        - Diagonally flipped tiles are not currently supported
14:17:14.929 [FXGL Background Thread 4 ] WARN  TilesetLoader        - Diagonally flipped tiles are not currently supported
14:17:14.929 [FXGL Background Thread 4 ] WARN  TilesetLoader        - Diagonally flipped tiles are not currently supported
14:17:14.929 [FXGL Background Thread 4 ] WARN  TilesetLoader        - Diagonally flipped tiles are not currently supported
14:17:14.929 [FXGL Background Thread 4 ] WARN  TilesetLoader        - Diagonally flipped tiles are not currently supported
14:17:14.929 [FXGL Background Thread 4 ] WARN  TilesetLoader        - Diagonally flipped tiles are not currently supported
14:17:14.930 [FXGL Background Thread 4 ] WARN  TilesetLoader        - Diagonally flipped tiles are not currently supported
14:17:14.930 [FXGL Background Thread 4 ] WARN  TilesetLoader        - Diagonally flipped tiles are not currently supported
14:17:14.930 [FXGL Background Thread 4 ] WARN  TilesetLoader        - Diagonally flipped tiles are not currently supported
14:17:14.931 [FXGL Background Thread 4 ] WARN  TilesetLoader        - Diagonally flipped tiles are not currently supported
14:17:14.931 [FXGL Background Thread 4 ] WARN  TilesetLoader        - Diagonally flipped tiles are not currently supported
14:17:14.931 [FXGL Background Thread 4 ] WARN  TilesetLoader        - Diagonally flipped tiles are not currently supported
14:17:14.931 [FXGL Background Thread 4 ] WARN  TilesetLoader        - Diagonally flipped tiles are not currently supported
14:17:14.932 [FXGL Background Thread 4 ] WARN  TilesetLoader        - Diagonally flipped tiles are not currently supported
14:17:14.932 [FXGL Background Thread 4 ] WARN  TilesetLoader        - Diagonally flipped tiles are not currently supported
14:17:14.933 [FXGL Background Thread 4 ] WARN  TilesetLoader        - Diagonally flipped tiles are not currently supported
14:17:14.933 [FXGL Background Thread 4 ] WARN  TilesetLoader        - Diagonally flipped tiles are not currently supported
14:17:14.933 [FXGL Background Thread 4 ] WARN  TilesetLoader        - Diagonally flipped tiles are not currently supported
14:17:14.934 [FXGL Background Thread 4 ] WARN  TilesetLoader        - Diagonally flipped tiles are not currently supported
14:17:14.934 [FXGL Background Thread 4 ] WARN  TilesetLoader        - Diagonally flipped tiles are not currently supported
14:17:14.934 [FXGL Background Thread 4 ] WARN  TilesetLoader        - Diagonally flipped tiles are not currently supported
14:17:14.934 [FXGL Background Thread 4 ] WARN  TilesetLoader        - Diagonally flipped tiles are not currently supported
14:17:14.935 [FXGL Background Thread 4 ] WARN  TilesetLoader        - Diagonally flipped tiles are not currently supported
14:17:14.935 [FXGL Background Thread 4 ] WARN  TilesetLoader        - Diagonally flipped tiles are not currently supported
14:17:14.935 [FXGL Background Thread 4 ] WARN  TilesetLoader        - Diagonally flipped tiles are not currently supported
14:17:14.936 [FXGL Background Thread 4 ] WARN  TilesetLoader        - Diagonally flipped tiles are not currently supported
14:17:14.936 [FXGL Background Thread 4 ] WARN  TilesetLoader        - Diagonally flipped tiles are not currently supported
14:17:14.936 [FXGL Background Thread 4 ] WARN  TilesetLoader        - Diagonally flipped tiles are not currently supported
14:17:14.937 [FXGL Background Thread 4 ] WARN  TilesetLoader        - Diagonally flipped tiles are not currently supported
14:17:14.937 [FXGL Background Thread 4 ] WARN  TilesetLoader        - Diagonally flipped tiles are not currently supported
14:17:14.937 [FXGL Background Thread 4 ] WARN  TilesetLoader        - Diagonally flipped tiles are not currently supported
14:17:14.937 [FXGL Background Thread 4 ] WARN  TilesetLoader        - Diagonally flipped tiles are not currently supported
14:17:14.938 [FXGL Background Thread 4 ] WARN  TilesetLoader        - Diagonally flipped tiles are not currently supported
14:17:14.938 [FXGL Background Thread 4 ] WARN  TilesetLoader        - Diagonally flipped tiles are not currently supported
14:17:14.938 [FXGL Background Thread 4 ] WARN  TilesetLoader        - Diagonally flipped tiles are not currently supported
14:17:14.939 [FXGL Background Thread 4 ] WARN  TilesetLoader        - Diagonally flipped tiles are not currently supported
14:17:14.939 [FXGL Background Thread 4 ] WARN  TilesetLoader        - Diagonally flipped tiles are not currently supported
14:17:14.939 [FXGL Background Thread 4 ] WARN  TilesetLoader        - Diagonally flipped tiles are not currently supported
14:17:14.940 [FXGL Background Thread 4 ] WARN  TilesetLoader        - Diagonally flipped tiles are not currently supported
14:17:14.940 [FXGL Background Thread 4 ] WARN  TilesetLoader        - Diagonally flipped tiles are not currently supported
14:17:14.940 [FXGL Background Thread 4 ] WARN  TilesetLoader        - Diagonally flipped tiles are not currently supported
14:17:14.940 [FXGL Background Thread 4 ] WARN  TilesetLoader        - Diagonally flipped tiles are not currently supported
14:17:14.941 [FXGL Background Thread 4 ] WARN  TilesetLoader        - Diagonally flipped tiles are not currently supported
14:17:14.941 [FXGL Background Thread 4 ] WARN  TilesetLoader        - Diagonally flipped tiles are not currently supported
14:17:14.941 [FXGL Background Thread 4 ] WARN  TilesetLoader        - Diagonally flipped tiles are not currently supported
14:17:14.941 [FXGL Background Thread 4 ] WARN  TilesetLoader        - Diagonally flipped tiles are not currently supported
14:17:14.941 [FXGL Background Thread 4 ] WARN  TilesetLoader        - Diagonally flipped tiles are not currently supported
14:17:14.942 [FXGL Background Thread 4 ] WARN  TilesetLoader        - Diagonally flipped tiles are not currently supported
14:17:14.942 [FXGL Background Thread 4 ] WARN  TilesetLoader        - Diagonally flipped tiles are not currently supported
14:17:14.942 [FXGL Background Thread 4 ] WARN  TilesetLoader        - Diagonally flipped tiles are not currently supported
14:17:14.942 [FXGL Background Thread 4 ] WARN  TilesetLoader        - Diagonally flipped tiles are not currently supported
14:17:14.943 [FXGL Background Thread 4 ] WARN  TilesetLoader        - Diagonally flipped tiles are not currently supported
14:17:14.943 [FXGL Background Thread 4 ] WARN  TilesetLoader        - Diagonally flipped tiles are not currently supported
14:17:14.943 [FXGL Background Thread 4 ] WARN  TilesetLoader        - Diagonally flipped tiles are not currently supported
14:17:14.945 [FXGL Background Thread 4 ] WARN  TilesetLoader        - Diagonally flipped tiles are not currently supported
14:17:14.947 [FXGL Background Thread 4 ] WARN  TilesetLoader        - Diagonally flipped tiles are not currently supported
14:17:14.947 [FXGL Background Thread 4 ] WARN  TilesetLoader        - Diagonally flipped tiles are not currently supported
14:17:14.948 [FXGL Background Thread 4 ] WARN  TilesetLoader        - Diagonally flipped tiles are not currently supported
14:17:14.948 [FXGL Background Thread 4 ] WARN  TilesetLoader        - Diagonally flipped tiles are not currently supported
14:17:14.949 [FXGL Background Thread 4 ] WARN  TilesetLoader        - Diagonally flipped tiles are not currently supported
14:17:14.949 [FXGL Background Thread 4 ] WARN  TilesetLoader        - Diagonally flipped tiles are not currently supported
14:17:14.949 [FXGL Background Thread 4 ] WARN  TilesetLoader        - Diagonally flipped tiles are not currently supported
14:17:14.950 [FXGL Background Thread 4 ] WARN  TilesetLoader        - Diagonally flipped tiles are not currently supported
14:17:14.950 [FXGL Background Thread 4 ] WARN  TilesetLoader        - Diagonally flipped tiles are not currently supported
14:17:14.951 [FXGL Background Thread 4 ] WARN  TilesetLoader        - Diagonally flipped tiles are not currently supported
14:17:14.951 [FXGL Background Thread 4 ] WARN  TilesetLoader        - Diagonally flipped tiles are not currently supported
14:17:14.951 [FXGL Background Thread 4 ] WARN  TilesetLoader        - Diagonally flipped tiles are not currently supported
14:17:14.952 [FXGL Background Thread 4 ] WARN  TilesetLoader        - Diagonally flipped tiles are not currently supported
14:17:14.952 [FXGL Background Thread 4 ] WARN  TilesetLoader        - Diagonally flipped tiles are not currently supported
14:17:14.952 [FXGL Background Thread 4 ] WARN  TilesetLoader        - Diagonally flipped tiles are not currently supported
14:17:14.953 [FXGL Background Thread 4 ] WARN  TilesetLoader        - Diagonally flipped tiles are not currently supported
14:17:14.953 [FXGL Background Thread 4 ] WARN  TilesetLoader        - Diagonally flipped tiles are not currently supported
14:17:14.956 [FXGL Background Thread 4 ] WARN  TilesetLoader        - Diagonally flipped tiles are not currently supported
14:17:14.957 [FXGL Background Thread 4 ] WARN  TilesetLoader        - Diagonally flipped tiles are not currently supported
14:17:14.957 [FXGL Background Thread 4 ] WARN  TilesetLoader        - Diagonally flipped tiles are not currently supported
14:17:14.958 [FXGL Background Thread 4 ] WARN  TilesetLoader        - Diagonally flipped tiles are not currently supported
14:17:14.958 [FXGL Background Thread 4 ] WARN  TilesetLoader        - Diagonally flipped tiles are not currently supported
14:17:14.958 [FXGL Background Thread 4 ] WARN  TilesetLoader        - Diagonally flipped tiles are not currently supported
14:17:14.959 [FXGL Background Thread 4 ] WARN  TilesetLoader        - Diagonally flipped tiles are not currently supported
14:17:14.959 [FXGL Background Thread 4 ] WARN  TilesetLoader        - Diagonally flipped tiles are not currently supported
14:17:14.959 [FXGL Background Thread 4 ] WARN  TilesetLoader        - Diagonally flipped tiles are not currently supported
14:17:14.960 [FXGL Background Thread 4 ] WARN  TilesetLoader        - Diagonally flipped tiles are not currently supported
14:17:14.960 [FXGL Background Thread 4 ] WARN  TilesetLoader        - Diagonally flipped tiles are not currently supported
14:17:14.961 [FXGL Background Thread 4 ] WARN  TilesetLoader        - Diagonally flipped tiles are not currently supported
14:17:14.962 [FXGL Background Thread 4 ] DEBUG TilesetLoader        - Loading view for layer road3
14:17:14.963 [FXGL Background Thread 4 ] DEBUG TilesetLoader        - Created buffer with size 1280.0x800.0
14:17:14.965 [FXGL Background Thread 4 ] DEBUG TilesetLoader        - Loading view for layer bg2
14:17:14.965 [FXGL Background Thread 4 ] DEBUG TilesetLoader        - Created buffer with size 1280.0x800.0
14:17:14.970 [FXGL Background Thread 4 ] WARN  TilesetLoader        - Diagonally flipped tiles are not currently supported
14:17:14.971 [FXGL Background Thread 4 ] WARN  TilesetLoader        - Diagonally flipped tiles are not currently supported
14:17:14.972 [FXGL Background Thread 4 ] WARN  TilesetLoader        - Diagonally flipped tiles are not currently supported
14:17:14.972 [FXGL Background Thread 4 ] WARN  TilesetLoader        - Diagonally flipped tiles are not currently supported
14:17:14.973 [FXGL Background Thread 4 ] WARN  TilesetLoader        - Diagonally flipped tiles are not currently supported
14:17:14.973 [FXGL Background Thread 4 ] WARN  TilesetLoader        - Diagonally flipped tiles are not currently supported
14:17:14.974 [FXGL Background Thread 4 ] WARN  TilesetLoader        - Diagonally flipped tiles are not currently supported
14:17:14.976 [FXGL Background Thread 4 ] DEBUG TilesetLoader        - Loading view for layer temp
14:17:14.978 [FXGL Background Thread 4 ] DEBUG TilesetLoader        - Created buffer with size 1280.0x800.0
14:17:14.979 [FXGL Background Thread 4 ] DEBUG TMXLevelLoader       - Creating object layer entities
14:17:15.021 [FXGL Background Thread 4 ] DEBUG GameWorld            - Clearing removable entities
14:17:15.021 [FXGL Background Thread 4 ] DEBUG GameWorld            - Setting level: com.almasb.fxgl.entity.level.Level@704cc27f
14:17:15.027 [FXGL Background Thread 4 ] DEBUG FXGLAssetLoaderServi - Loading from file system: file:/E:/All%20About%20Dev/OOP/FXGL%20new%20Begining/final%20version/Tower%20Defender/Tower-Defender/target/classes/assets/textures/life.png
14:17:15.031 [FXGL Background Thread 4 ] DEBUG FXGLAssetLoaderServi - Loading from file system: file:/E:/All%20About%20Dev/OOP/FXGL%20new%20Begining/final%20version/Tower%20Defender/Tower-Defender/target/classes/assets/textures/skull.png
14:17:15.076 [FXGL Background Thread 4 ] INFO  FXGLApplication      - Game initialization took: 0.506 sec
14:17:15.164 [JavaFX Application Thread] DEBUG Input                - Clearing active input actions
14:17:15.175 [JavaFX Application Thread] DEBUG GameApplicationServi - Removing overlay from FXGLLoadingScene and adding to GameScene
14:17:15.181 [JavaFX Application Thread] DEBUG PrimaryStageWindow   - FXGLLoadingScene -> GameScene
14:17:15.204 [JavaFX Application Thread] DEBUG FXGLAssetLoaderServi - Loading from file system: file:/E:/All%20About%20Dev/OOP/FXGL%20new%20Begining/final%20version/Tower%20Defender/Tower-Defender/target/classes/assets/textures/goblin.png
14:17:17.202 [JavaFX Application Thread] DEBUG PrimaryStageWindow   - Push state: DialogSubScene
14:17:17.203 [JavaFX Application Thread] DEBUG Input                - Clearing active input actions
14:17:17.205 [JavaFX Application Thread] DEBUG GameApplicationServi - Removing overlay from GameScene and adding to DialogSubScene
14:17:17.210 [JavaFX Application Thread] DEBUG PrimaryStageWindow   - GameScene -> DialogSubScene
14:17:17.409 [FXGL Background Thread 3 ] DEBUG Engine               - Logging environment variables
14:17:17.410 [FXGL Background Thread 3 ] DEBUG Engine               - achievements: []
14:17:17.410 [FXGL Background Thread 3 ] DEBUG Engine               - actualHeight: 800.0
14:17:17.410 [FXGL Background Thread 3 ] DEBUG Engine               - actualHeightProperty: ReadOnlyDoubleProperty [value: 800.0]
14:17:17.410 [FXGL Background Thread 3 ] DEBUG Engine               - actualWidth: 1280.0
14:17:17.410 [FXGL Background Thread 3 ] DEBUG Engine               - actualWidthProperty: ReadOnlyDoubleProperty [value: 1280.0]
14:17:17.410 [FXGL Background Thread 3 ] DEBUG Engine               - appIcon: fxgl_icon.png
14:17:17.410 [FXGL Background Thread 3 ] DEBUG Engine               - applicationMode: DEVELOPER
14:17:17.410 [FXGL Background Thread 3 ] DEBUG Engine               - cSSList: [fxgl_dark.css]
14:17:17.411 [FXGL Background Thread 3 ] DEBUG Engine               - collisionDetectionStrategy: BRUTE_FORCE
14:17:17.411 [FXGL Background Thread 3 ] DEBUG Engine               - configClass: Optional.empty
14:17:17.411 [FXGL Background Thread 3 ] DEBUG Engine               - credits: []
14:17:17.411 [FXGL Background Thread 3 ] DEBUG Engine               - defaultCursor: CursorInfo(imageName=fxgl_default_cursor.png, hotspotX=7.0, hotspotY=6.0)
14:17:17.412 [FXGL Background Thread 3 ] DEBUG Engine               - devBBoxColorProperty: ObjectProperty [value: 0xff0000ff]
14:17:17.412 [FXGL Background Thread 3 ] DEBUG Engine               - devEnableDebugCameraProperty: BooleanProperty [value: false]
14:17:17.412 [FXGL Background Thread 3 ] DEBUG Engine               - devSensorColorProperty: ObjectProperty [value: 0xffff00ff]
14:17:17.412 [FXGL Background Thread 3 ] DEBUG Engine               - devShowBBoxProperty: BooleanProperty [value: false]
14:17:17.412 [FXGL Background Thread 3 ] DEBUG Engine               - devShowPositionProperty: BooleanProperty [value: false]
14:17:17.412 [FXGL Background Thread 3 ] DEBUG Engine               - enabledMenuItems: []
14:17:17.412 [FXGL Background Thread 3 ] DEBUG Engine               - engineServices: [class com.almasb.fxgl.app.services.FXGLAssetLoaderService, class com.almasb.fxgl.app.FXGLApplication$GameApplicationService, class com.almasb.fxgl.app.services.FXGLDialogService, class com.almasb.fxgl.app.services.IOTaskExecutorService, class com.almasb.fxgl.io.FileSystemService, class com.almasb.fxgl.localization.LocalizationService, class com.almasb.fxgl.app.services.SystemBundleService, class com.almasb.fxgl.profile.SaveLoadService, class com.almasb.fxgl.ui.FXGLUIFactoryServiceProvider, class com.almasb.fxgl.ui.FXGLDialogFactoryServiceProvider, class com.almasb.fxgl.audio.AudioPlayer, class com.almasb.fxgl.notification.impl.NotificationServiceProvider, class com.almasb.fxgl.achievement.AchievementService, class com.almasb.fxgl.cutscene.CutsceneService, class com.almasb.fxgl.minigames.MiniGameService, class com.almasb.fxgl.net.NetService, class com.almasb.fxgl.app.services.UpdaterService, class com.almasb.fxgl.dev.DevService]
14:17:17.412 [FXGL Background Thread 3 ] DEBUG Engine               - fontGame: Abel-Regular.ttf
14:17:17.412 [FXGL Background Thread 3 ] DEBUG Engine               - fontMono: TerminalLandMono-Regular.otf
14:17:17.412 [FXGL Background Thread 3 ] DEBUG Engine               - fontSizeScaleUI: 1.0
14:17:17.413 [FXGL Background Thread 3 ] DEBUG Engine               - fontText: Courier-Prime.ttf
14:17:17.413 [FXGL Background Thread 3 ] DEBUG Engine               - fontUI: VarelaRound-Regular.ttf
14:17:17.413 [FXGL Background Thread 3 ] DEBUG Engine               - fullScreen: BooleanProperty [value: false]
14:17:17.413 [FXGL Background Thread 3 ] DEBUG Engine               - gameDifficulty: MEDIUM
14:17:17.413 [FXGL Background Thread 3 ] DEBUG Engine               - gameDifficultyProperty: ObjectProperty [value: MEDIUM]
14:17:17.413 [FXGL Background Thread 3 ] DEBUG Engine               - globalMusicVolume: 0.5
14:17:17.413 [FXGL Background Thread 3 ] DEBUG Engine               - globalMusicVolumeProperty: DoubleProperty [value: 0.5]
14:17:17.413 [FXGL Background Thread 3 ] DEBUG Engine               - globalSoundVolume: 0.5
14:17:17.413 [FXGL Background Thread 3 ] DEBUG Engine               - globalSoundVolumeProperty: DoubleProperty [value: 0.5]
14:17:17.413 [FXGL Background Thread 3 ] DEBUG Engine               - height: 800
14:17:17.413 [FXGL Background Thread 3 ] DEBUG Engine               - is3D: false
14:17:17.413 [FXGL Background Thread 3 ] DEBUG Engine               - isAndroid: false
14:17:17.413 [FXGL Background Thread 3 ] DEBUG Engine               - isBrowser: false
14:17:17.414 [FXGL Background Thread 3 ] DEBUG Engine               - isClickFeedbackEnabled: false
14:17:17.414 [FXGL Background Thread 3 ] DEBUG Engine               - isCloseConfirmation: false
14:17:17.414 [FXGL Background Thread 3 ] DEBUG Engine               - isDesktop: true
14:17:17.414 [FXGL Background Thread 3 ] DEBUG Engine               - isDeveloperMenuEnabled: true
14:17:17.414 [FXGL Background Thread 3 ] DEBUG Engine               - isEmbedded: false
14:17:17.414 [FXGL Background Thread 3 ] DEBUG Engine               - isEntityPreloadEnabled: true
14:17:17.414 [FXGL Background Thread 3 ] DEBUG Engine               - isExperimentalTiledLargeMap: false
14:17:17.414 [FXGL Background Thread 3 ] DEBUG Engine               - isFileSystemWriteAllowed: true
14:17:17.414 [FXGL Background Thread 3 ] DEBUG Engine               - isFullScreenAllowed: true
14:17:17.414 [FXGL Background Thread 3 ] DEBUG Engine               - isFullScreenFromStart: false
14:17:17.414 [FXGL Background Thread 3 ] DEBUG Engine               - isGameMenuEnabled: true
14:17:17.414 [FXGL Background Thread 3 ] DEBUG Engine               - isIOS: false
14:17:17.414 [FXGL Background Thread 3 ] DEBUG Engine               - isIntroEnabled: false
14:17:17.414 [FXGL Background Thread 3 ] DEBUG Engine               - isLinux: false
14:17:17.414 [FXGL Background Thread 3 ] DEBUG Engine               - isMac: false
14:17:17.415 [FXGL Background Thread 3 ] DEBUG Engine               - isMainMenuEnabled: false
14:17:17.415 [FXGL Background Thread 3 ] DEBUG Engine               - isManualResizeEnabled: true
14:17:17.415 [FXGL Background Thread 3 ] DEBUG Engine               - isMobile: false
14:17:17.415 [FXGL Background Thread 3 ] DEBUG Engine               - isNative: false
14:17:17.415 [FXGL Background Thread 3 ] DEBUG Engine               - isPauseMusicWhenMinimized: true
14:17:17.415 [FXGL Background Thread 3 ] DEBUG Engine               - isPreserveResizeRatio: false
14:17:17.415 [FXGL Background Thread 3 ] DEBUG Engine               - isProfilingEnabled: false
14:17:17.415 [FXGL Background Thread 3 ] DEBUG Engine               - isScaleAffectedOnResize: true
14:17:17.415 [FXGL Background Thread 3 ] DEBUG Engine               - isSingleStep: false
14:17:17.415 [FXGL Background Thread 3 ] DEBUG Engine               - isUserProfileEnabled: false
14:17:17.415 [FXGL Background Thread 3 ] DEBUG Engine               - isWindows: true
14:17:17.415 [FXGL Background Thread 3 ] DEBUG Engine               - language: ObjectProperty [value: ENGLISH]
14:17:17.415 [FXGL Background Thread 3 ] DEBUG Engine               - menuKey: ESCAPE
14:17:17.415 [FXGL Background Thread 3 ] DEBUG Engine               - mouseSensitivity: 0.2
14:17:17.416 [FXGL Background Thread 3 ] DEBUG Engine               - notificationViewClass: class com.almasb.fxgl.notification.view.XboxNotificationView
14:17:17.416 [FXGL Background Thread 3 ] DEBUG Engine               - pixelsPerMeter: 50.0
14:17:17.416 [FXGL Background Thread 3 ] DEBUG Engine               - platform: WINDOWS
14:17:17.416 [FXGL Background Thread 3 ] DEBUG Engine               - prefHeightProperty: ReadOnlyDoubleProperty [value: 800.0]
14:17:17.416 [FXGL Background Thread 3 ] DEBUG Engine               - prefWidthProperty: ReadOnlyDoubleProperty [value: 1280.0]
14:17:17.416 [FXGL Background Thread 3 ] DEBUG Engine               - profileDir: profiles/
14:17:17.416 [FXGL Background Thread 3 ] DEBUG Engine               - profileName: StringProperty [value: DEFAULT]
14:17:17.416 [FXGL Background Thread 3 ] DEBUG Engine               - randomSeed: -1
14:17:17.417 [FXGL Background Thread 3 ] DEBUG Engine               - runtimeInfo: RuntimeInfo(platform=WINDOWS, version=21.1, build=27.03.2024 07.52)
14:17:17.417 [FXGL Background Thread 3 ] DEBUG Engine               - saveFileExt: sav
14:17:17.417 [FXGL Background Thread 3 ] DEBUG Engine               - scaledHeightProp$fxgl: DoubleProperty [bound, value: 800.0]
14:17:17.417 [FXGL Background Thread 3 ] DEBUG Engine               - scaledWidthProp$fxgl: DoubleProperty [bound, value: 1280.0]
14:17:17.417 [FXGL Background Thread 3 ] DEBUG Engine               - sceneFactory: com.almasb.fxgl.app.scene.SceneFactory@47965570
14:17:17.417 [FXGL Background Thread 3 ] DEBUG Engine               - secondsIn24h: 60
14:17:17.417 [FXGL Background Thread 3 ] DEBUG Engine               - soundMenuBack: menu/back.wav
14:17:17.417 [FXGL Background Thread 3 ] DEBUG Engine               - soundMenuPress: menu/press.wav
14:17:17.417 [FXGL Background Thread 3 ] DEBUG Engine               - soundMenuSelect: menu/select.wav
14:17:17.417 [FXGL Background Thread 3 ] DEBUG Engine               - soundNotification: core/notification.wav
14:17:17.417 [FXGL Background Thread 3 ] DEBUG Engine               - stageStyle: DECORATED
14:17:17.418 [FXGL Background Thread 3 ] DEBUG Engine               - supportedLanguages: [ENGLISH, FRENCH, GERMAN, HUNGARIAN, RUSSIAN]
14:17:17.418 [FXGL Background Thread 3 ] DEBUG Engine               - ticksPerSecond: -1
14:17:17.418 [FXGL Background Thread 3 ] DEBUG Engine               - title: Ghost Hunter
14:17:17.418 [FXGL Background Thread 3 ] DEBUG Engine               - urlGithub: https://github.com/AlmasB/FXGL
14:17:17.418 [FXGL Background Thread 3 ] DEBUG Engine               - urlLeaderboard: http://fxgl-top.herokuapp.com/
14:17:17.418 [FXGL Background Thread 3 ] DEBUG Engine               - urlPOM: https://raw.githubusercontent.com/AlmasB/FXGL/release/README.md
14:17:17.418 [FXGL Background Thread 3 ] DEBUG Engine               - userAppClass: class org.saikat.Game
14:17:17.418 [FXGL Background Thread 3 ] DEBUG Engine               - version: 1.0
14:17:17.418 [FXGL Background Thread 3 ] DEBUG Engine               - versionCheckDays: 7
14:17:17.418 [FXGL Background Thread 3 ] DEBUG Engine               - width: 1280
14:17:17.418 [FXGL Background Thread 3 ] DEBUG Engine               - Logging services
14:17:17.418 [FXGL Background Thread 3 ] DEBUG Engine               - class com.almasb.fxgl.app.services.FXGLAssetLoaderService
14:17:17.418 [FXGL Background Thread 3 ] DEBUG Engine               - class com.almasb.fxgl.app.FXGLApplication$GameApplicationService
14:17:17.418 [FXGL Background Thread 3 ] DEBUG Engine               - class com.almasb.fxgl.app.services.FXGLDialogService
14:17:17.418 [FXGL Background Thread 3 ] DEBUG Engine               - class com.almasb.fxgl.app.services.IOTaskExecutorService
14:17:17.418 [FXGL Background Thread 3 ] DEBUG Engine               - class com.almasb.fxgl.io.FileSystemService
14:17:17.418 [FXGL Background Thread 3 ] DEBUG Engine               - class com.almasb.fxgl.localization.LocalizationService
14:17:17.418 [FXGL Background Thread 3 ] DEBUG Engine               - class com.almasb.fxgl.app.services.SystemBundleService
14:17:17.418 [FXGL Background Thread 3 ] DEBUG Engine               - class com.almasb.fxgl.profile.SaveLoadService
14:17:17.418 [FXGL Background Thread 3 ] DEBUG Engine               - class com.almasb.fxgl.ui.FXGLUIFactoryServiceProvider
14:17:17.418 [FXGL Background Thread 3 ] DEBUG Engine               - class com.almasb.fxgl.ui.FXGLDialogFactoryServiceProvider
14:17:17.418 [FXGL Background Thread 3 ] DEBUG Engine               - class com.almasb.fxgl.audio.AudioPlayer
14:17:17.418 [FXGL Background Thread 3 ] DEBUG Engine               - class com.almasb.fxgl.notification.impl.NotificationServiceProvider
14:17:17.419 [FXGL Background Thread 3 ] DEBUG Engine               - class com.almasb.fxgl.achievement.AchievementService
14:17:17.419 [FXGL Background Thread 3 ] DEBUG Engine               - class com.almasb.fxgl.cutscene.CutsceneService
14:17:17.419 [FXGL Background Thread 3 ] DEBUG Engine               - class com.almasb.fxgl.minigames.MiniGameService
14:17:17.419 [FXGL Background Thread 3 ] DEBUG Engine               - class com.almasb.fxgl.net.NetService
14:17:17.419 [FXGL Background Thread 3 ] DEBUG Engine               - class com.almasb.fxgl.app.services.UpdaterService
14:17:17.419 [FXGL Background Thread 3 ] DEBUG Engine               - class com.almasb.fxgl.dev.DevService
14:17:18.856 [JavaFX Application Thread] DEBUG PrimaryStageWindow   - Pop state: DialogSubScene
14:17:18.856 [JavaFX Application Thread] DEBUG Input                - Clearing active input actions
14:17:18.858 [JavaFX Application Thread] DEBUG GameApplicationServi - Removing overlay from DialogSubScene and adding to GameScene
14:17:18.859 [JavaFX Application Thread] DEBUG PrimaryStageWindow   - GameScene <- DialogSubScene
14:17:18.860 [JavaFX Application Thread] DEBUG FXGLAssetLoaderServi - Loading from file system: file:/E:/All%20About%20Dev/OOP/FXGL%20new%20Begining/final%20version/Tower%20Defender/Tower-Defender/target/classes/assets/textures/spell2.png
14:17:18.885 [JavaFX Application Thread] DEBUG FXGLAssetLoaderServi - Loading from file system: file:/E:/All%20About%20Dev/OOP/FXGL%20new%20Begining/final%20version/Tower%20Defender/Tower-Defender/target/classes/assets/textures/tank_bullet.png
14:17:27.407 [JavaFX Application Thread] DEBUG FXGLApplication      - Exiting FXGL
14:17:27.408 [JavaFX Application Thread] DEBUG LoopRunner           - Stopping loop
14:17:27.408 [JavaFX Application Thread] DEBUG SystemBundleService  - Saving FXGL system data
14:17:27.413 [JavaFX Application Thread] DEBUG FileSystemAccess     - Writing to: E:\All About Dev\OOP\FXGL new Begining\final version\Tower Defender\Tower-Defender\system\fxgl.bundle
14:17:27.416 [JavaFX Application Thread] DEBUG Async                - Shutting down background threads
14:17:27.416 [JavaFX Application Thread] DEBUG PrimaryStageWindow   - Closing main window
14:17:27.441 [JavaFX Application Thread] DEBUG Logger               - Closing Logger
