17:28:07.281 [main                     ] DEBUG Logger               - Configured Logger
17:28:07.306 [main                     ] DEBUG GameApplication      - Logging settings
Title: 1945
Version: 0.1
Width: 600
Height: 600
Fullscreen: true
Intro: false
Profiling: false
Single step:false
App Mode: DEVELOPER
Menu Key: ESCAPE
Stage Style: DECORATED
Scene Factory: class com.almasb.fxgl.app.scene.SceneFactory

17:28:07.735 [JavaFX Application Thread] DEBUG FXGLApplication      - Initializing FXGL
17:28:07.740 [JavaFX Application Thread] INFO  Engine               - FXGL-21.1 (27.03.2024 07.52) on WINDOWS (J:21.0.9 FX:21.0.1)
17:28:07.741 [JavaFX Application Thread] DEBUG Engine               - JRE Vendor Name: Oracle Corporation
17:28:07.741 [JavaFX Application Thread] DEBUG Engine               - Running on OS: Windows 11 version 10.0
17:28:07.741 [JavaFX Application Thread] DEBUG Engine               - Architecture: amd64
17:28:07.741 [JavaFX Application Thread] INFO  Engine               - Source code and latest versions at: https://github.com/AlmasB/FXGL
17:28:07.741 [JavaFX Application Thread] INFO  Engine               -       Ask questions and discuss at: https://github.com/AlmasB/FXGL/discussions
17:28:07.741 [JavaFX Application Thread] INFO  Engine               -              Join the FXGL chat at: https://gitter.im/AlmasB/FXGL
17:28:07.855 [JavaFX Application Thread] DEBUG PrimaryStageWindow   - Creating a JavaFX scene
17:28:07.902 [JavaFX Application Thread] DEBUG PrimaryStageWindow   - Target settings size: 600.0 x 600.0
17:28:07.903 [JavaFX Application Thread] DEBUG PrimaryStageWindow   - Scaled scene size:    600.0 x 600.0
17:28:07.903 [JavaFX Application Thread] DEBUG PrimaryStageWindow   - Scaled ratio: (1.0, 1.0)
17:28:07.904 [JavaFX Application Thread] DEBUG PrimaryStageWindow   - Set initial scene to FXGLStartupScene
17:28:07.907 [JavaFX Application Thread] DEBUG PrimaryStageWindow   - Opening main window
17:28:07.999 [JavaFX Application Thread] DEBUG PrimaryStageWindow   - Window border size: (14.4000244140625, 37.5999755859375)
17:28:07.999 [JavaFX Application Thread] DEBUG PrimaryStageWindow   - Scaled size: 600.0 x 600.0
17:28:07.999 [JavaFX Application Thread] DEBUG PrimaryStageWindow   - Scaled ratio: (1.0, 1.0)
17:28:08.000 [JavaFX Application Thread] DEBUG PrimaryStageWindow   - Scene size: 600.0 x 600.0
17:28:08.000 [JavaFX Application Thread] DEBUG PrimaryStageWindow   - Stage size: 614.4000244140625 x 637.5999755859375
17:28:08.056 [JavaFX Application Thread] DEBUG PrimaryStageWindow   - Going fullscreen
17:28:08.064 [FXGL Background Thread 1 ] DEBUG Engine               - Initializing environment variables
17:28:08.138 [FXGL Background Thread 1 ] DEBUG FXGLAssetLoaderServi - User app class for loading assets: class org.saikat.Main
17:28:08.138 [FXGL Background Thread 1 ] DEBUG GameApplicationServi - Applying CSS: fxgl_dark.css
17:28:08.139 [FXGL Background Thread 1 ] DEBUG FXGLAssetLoaderServi - Loading from file system: jar:file:/C:/Users/HP/.m2/repository/com/github/almasb/fxgl/21.1/fxgl-21.1.jar!/fxglassets/ui/css/fxgl_dark.css
17:28:08.187 [FXGL Background Thread 1 ] DEBUG GameApplicationServi - Initializing application scenes
17:28:08.239 [FXGL Background Thread 1 ] DEBUG GameWorld            - Game world initialized
17:28:08.327 [FXGL Background Thread 1 ] DEBUG PhysicsWorld         - Physics world initialized: appHeight=600, physics.ppm=50.0
17:28:08.328 [FXGL Background Thread 1 ] DEBUG PhysicsWorld         - Using strategy: BRUTE_FORCE
17:28:08.331 [FXGL Background Thread 1 ] DEBUG GameScene            - Game scene initialized: 600x600
17:28:08.341 [FXGL Background Thread 1 ] WARN  FXGL.DefaultMenu     - FXGLDefaultMenu is not designed for resolutions < 800x600
17:28:08.342 [FXGL Background Thread 1 ] DEBUG FXGL.DefaultMenu     - createMenuBodyGameMenu()
17:28:08.353 [FXGL Background Thread 1 ] DEBUG FXGL.DefaultMenu     - createOptionsMenu()
17:28:08.362 [FXGL Background Thread 1 ] DEBUG FXGLAssetLoaderServi - Loading from file system: jar:file:/C:/Users/HP/.m2/repository/com/github/almasb/fxgl/21.1/fxgl-21.1.jar!/fxglassets/textures/particles/smoke.png
17:28:08.465 [FXGL Background Thread 1 ] DEBUG FXGLAssetLoaderServi - Loading from file system: jar:file:/C:/Users/HP/.m2/repository/com/github/almasb/fxgl/21.1/fxgl-21.1.jar!/fxglassets/textures/particles/trace_horizontal.png
17:28:08.493 [FXGL Background Thread 1 ] DEBUG GameApplicationServi - Application scenes initialized
17:28:08.510 [FXGL Background Thread 1 ] DEBUG SystemBundleService  - Loading FXGL system data
17:28:08.515 [FXGL Background Thread 1 ] DEBUG FileSystemAccess     - Reading from: E:\Downloads\Newbegining-main\Newbegining-main\system\fxgl.bundle
17:28:08.526 [FXGL Background Thread 1 ] DEBUG SystemBundleService  - Bundle FXGL: {}
17:28:08.527 [FXGL Background Thread 1 ] DEBUG UpdaterService       - Checking for updates
17:28:08.531 [FXGL Background Thread 4 ] DEBUG FXGLApplication      - Loading fonts
17:28:08.531 [FXGL Background Thread 4 ] DEBUG FXGLAssetLoaderServi - Loading from file system: jar:file:/C:/Users/HP/.m2/repository/com/github/almasb/fxgl/21.1/fxgl-21.1.jar!/fxglassets/ui/fonts/VarelaRound-Regular.ttf
17:28:08.532 [FXGL Background Thread 1 ] DEBUG FXGLApplication      - Loading default localization
17:28:08.533 [FXGL Background Thread 1 ] DEBUG FXGLAssetLoaderServi - Loading from file system: jar:file:/C:/Users/HP/.m2/repository/com/github/almasb/fxgl/21.1/fxgl-21.1.jar!/fxglassets/languages/english.lang
17:28:08.588 [FXGL Background Thread 1 ] INFO  FXGLApplication      - FXGL initialization took: 0.523 sec
17:28:08.589 [JavaFX Application Thread] DEBUG FXGLAssetLoaderServi - Loading from file system: jar:file:/C:/Users/HP/.m2/repository/com/github/almasb/fxgl/21.1/fxgl-21.1.jar!/fxglassets/textures/fxgl_icon.png
17:28:08.593 [FXGL Background Thread 4 ] DEBUG FXGLAssetLoaderServi - Loading from file system: jar:file:/C:/Users/HP/.m2/repository/com/github/almasb/fxgl/21.1/fxgl-21.1.jar!/fxglassets/ui/fonts/Abel-Regular.ttf
17:28:08.599 [FXGL Background Thread 4 ] DEBUG FXGLAssetLoaderServi - Loading from file system: jar:file:/C:/Users/HP/.m2/repository/com/github/almasb/fxgl/21.1/fxgl-21.1.jar!/fxglassets/ui/fonts/TerminalLandMono-Regular.otf
17:28:08.605 [FXGL Background Thread 4 ] DEBUG FXGLAssetLoaderServi - Loading from file system: jar:file:/C:/Users/HP/.m2/repository/com/github/almasb/fxgl/21.1/fxgl-21.1.jar!/fxglassets/ui/fonts/Courier-Prime.ttf
17:28:08.613 [JavaFX Application Thread] DEBUG FXGLAssetLoaderServi - Loading from file system: jar:file:/C:/Users/HP/.m2/repository/com/github/almasb/fxgl/21.1/fxgl-21.1.jar!/fxglassets/textures/fxgl_default_cursor.png
17:28:08.629 [JavaFX Application Thread] DEBUG Input                - Registered new binding: Screenshot - CTRL+8
17:28:08.630 [JavaFX Application Thread] DEBUG Input                - Registered new binding: System info dump - CTRL+9
17:28:08.630 [JavaFX Application Thread] DEBUG Input                - Registered new binding: Restart - CTRL+R
17:28:08.632 [JavaFX Application Thread] DEBUG Input                - Registered new binding: Toggle Debug Camera - CTRL+7
17:28:08.635 [JavaFX Application Thread] DEBUG LoopRunner           - Starting loop
17:28:08.636 [JavaFX Application Thread] DEBUG LoopRunner           - Initializing JavaFX AnimationTimerLoop
17:28:08.637 [JavaFX Application Thread] DEBUG GameApplicationServi - Starting new game
17:28:08.638 [JavaFX Application Thread] DEBUG Input                - Clearing active input actions
17:28:08.650 [JavaFX Application Thread] DEBUG GameApplicationServi - Removing overlay from FXGLStartupScene and adding to FXGLLoadingScene
17:28:08.650 [JavaFX Application Thread] DEBUG PrimaryStageWindow   - FXGLStartupScene -> FXGLLoadingScene
17:28:08.651 [JavaFX Application Thread] DEBUG GameApplicationServi - Clearing previous game
17:28:08.651 [JavaFX Application Thread] DEBUG GameScene            - Clearing game scene
17:28:08.651 [JavaFX Application Thread] DEBUG GameWorld            - Clearing game world
17:28:08.651 [JavaFX Application Thread] DEBUG PhysicsWorld         - Clearing physics world
17:28:08.653 [FXGL Background Thread 4 ] DEBUG FXGLApplication      - Initializing game
17:28:08.653 [JavaFX Application Thread] DEBUG FXGLApplication      - Registering font factories with UI factory
17:28:09.326 [FXGL Background Thread 4 ] WARN  TMXLevelLoader       - TiledMap generated from 1.12.2. Supported version: 1.9.0. Some features may not be parsed fully.
17:28:09.331 [FXGL Background Thread 4 ] DEBUG TMXLevelLoader       - Parsed TiledMap: file:/E:/Downloads/Newbegining-main/Newbegining-main/target/classes/assets/levels/wall.tmx
17:28:09.332 [FXGL Background Thread 4 ] DEBUG TMXLevelLoader       - Creating tile layer entities
17:28:09.336 [FXGL Background Thread 4 ] DEBUG TilesetLoader        - Loading view for layer Tile Layer 1
17:28:09.337 [FXGL Background Thread 4 ] DEBUG TilesetLoader        - Created buffer with size 960.0x640.0
17:28:09.348 [FXGL Background Thread 4 ] DEBUG TilesetLoader        - Loading view for layer Tile Layer 2
17:28:09.348 [FXGL Background Thread 4 ] DEBUG TilesetLoader        - Created buffer with size 960.0x640.0
17:28:09.384 [FXGL Background Thread 4 ] WARN  TilesetLoader        - Diagonally flipped tiles are not currently supported
17:28:09.385 [FXGL Background Thread 4 ] WARN  TilesetLoader        - Diagonally flipped tiles are not currently supported
17:28:09.385 [FXGL Background Thread 4 ] WARN  TilesetLoader        - Diagonally flipped tiles are not currently supported
17:28:09.385 [FXGL Background Thread 4 ] WARN  TilesetLoader        - Diagonally flipped tiles are not currently supported
17:28:09.385 [FXGL Background Thread 4 ] WARN  TilesetLoader        - Diagonally flipped tiles are not currently supported
17:28:09.386 [FXGL Background Thread 4 ] WARN  TilesetLoader        - Diagonally flipped tiles are not currently supported
17:28:09.386 [FXGL Background Thread 4 ] WARN  TilesetLoader        - Diagonally flipped tiles are not currently supported
17:28:09.387 [FXGL Background Thread 4 ] WARN  TilesetLoader        - Diagonally flipped tiles are not currently supported
17:28:09.387 [FXGL Background Thread 4 ] WARN  TilesetLoader        - Diagonally flipped tiles are not currently supported
17:28:09.388 [FXGL Background Thread 4 ] WARN  TilesetLoader        - Diagonally flipped tiles are not currently supported
17:28:09.388 [FXGL Background Thread 4 ] WARN  TilesetLoader        - Diagonally flipped tiles are not currently supported
17:28:09.388 [FXGL Background Thread 4 ] WARN  TilesetLoader        - Diagonally flipped tiles are not currently supported
17:28:09.389 [FXGL Background Thread 4 ] WARN  TilesetLoader        - Diagonally flipped tiles are not currently supported
17:28:09.389 [FXGL Background Thread 4 ] WARN  TilesetLoader        - Diagonally flipped tiles are not currently supported
17:28:09.390 [FXGL Background Thread 4 ] WARN  TilesetLoader        - Diagonally flipped tiles are not currently supported
17:28:09.390 [FXGL Background Thread 4 ] WARN  TilesetLoader        - Diagonally flipped tiles are not currently supported
17:28:09.390 [FXGL Background Thread 4 ] WARN  TilesetLoader        - Diagonally flipped tiles are not currently supported
17:28:09.391 [FXGL Background Thread 4 ] WARN  TilesetLoader        - Diagonally flipped tiles are not currently supported
17:28:09.391 [FXGL Background Thread 4 ] WARN  TilesetLoader        - Diagonally flipped tiles are not currently supported
17:28:09.391 [FXGL Background Thread 4 ] WARN  TilesetLoader        - Diagonally flipped tiles are not currently supported
17:28:09.392 [FXGL Background Thread 4 ] WARN  TilesetLoader        - Diagonally flipped tiles are not currently supported
17:28:09.392 [FXGL Background Thread 4 ] WARN  TilesetLoader        - Diagonally flipped tiles are not currently supported
17:28:09.393 [FXGL Background Thread 4 ] WARN  TilesetLoader        - Diagonally flipped tiles are not currently supported
17:28:09.393 [FXGL Background Thread 4 ] WARN  TilesetLoader        - Diagonally flipped tiles are not currently supported
17:28:09.394 [FXGL Background Thread 4 ] WARN  TilesetLoader        - Diagonally flipped tiles are not currently supported
17:28:09.394 [FXGL Background Thread 4 ] WARN  TilesetLoader        - Diagonally flipped tiles are not currently supported
17:28:09.395 [FXGL Background Thread 4 ] WARN  TilesetLoader        - Diagonally flipped tiles are not currently supported
17:28:09.396 [FXGL Background Thread 4 ] WARN  TilesetLoader        - Diagonally flipped tiles are not currently supported
17:28:09.396 [FXGL Background Thread 4 ] WARN  TilesetLoader        - Diagonally flipped tiles are not currently supported
17:28:09.396 [FXGL Background Thread 4 ] WARN  TilesetLoader        - Diagonally flipped tiles are not currently supported
17:28:09.396 [FXGL Background Thread 4 ] WARN  TilesetLoader        - Diagonally flipped tiles are not currently supported
17:28:09.397 [FXGL Background Thread 4 ] WARN  TilesetLoader        - Diagonally flipped tiles are not currently supported
17:28:09.397 [FXGL Background Thread 4 ] WARN  TilesetLoader        - Diagonally flipped tiles are not currently supported
17:28:09.397 [FXGL Background Thread 4 ] WARN  TilesetLoader        - Diagonally flipped tiles are not currently supported
17:28:09.397 [FXGL Background Thread 4 ] WARN  TilesetLoader        - Diagonally flipped tiles are not currently supported
17:28:09.397 [FXGL Background Thread 4 ] WARN  TilesetLoader        - Diagonally flipped tiles are not currently supported
17:28:09.398 [FXGL Background Thread 4 ] WARN  TilesetLoader        - Diagonally flipped tiles are not currently supported
17:28:09.398 [FXGL Background Thread 4 ] WARN  TilesetLoader        - Diagonally flipped tiles are not currently supported
17:28:09.398 [FXGL Background Thread 4 ] WARN  TilesetLoader        - Diagonally flipped tiles are not currently supported
17:28:09.398 [FXGL Background Thread 4 ] WARN  TilesetLoader        - Diagonally flipped tiles are not currently supported
17:28:09.398 [FXGL Background Thread 4 ] WARN  TilesetLoader        - Diagonally flipped tiles are not currently supported
17:28:09.399 [FXGL Background Thread 4 ] WARN  TilesetLoader        - Diagonally flipped tiles are not currently supported
17:28:09.399 [FXGL Background Thread 4 ] WARN  TilesetLoader        - Diagonally flipped tiles are not currently supported
17:28:09.399 [FXGL Background Thread 4 ] WARN  TilesetLoader        - Diagonally flipped tiles are not currently supported
17:28:09.399 [FXGL Background Thread 4 ] WARN  TilesetLoader        - Diagonally flipped tiles are not currently supported
17:28:09.399 [FXGL Background Thread 4 ] WARN  TilesetLoader        - Diagonally flipped tiles are not currently supported
17:28:09.400 [FXGL Background Thread 4 ] WARN  TilesetLoader        - Diagonally flipped tiles are not currently supported
17:28:09.400 [FXGL Background Thread 4 ] WARN  TilesetLoader        - Diagonally flipped tiles are not currently supported
17:28:09.400 [FXGL Background Thread 4 ] WARN  TilesetLoader        - Diagonally flipped tiles are not currently supported
17:28:09.400 [FXGL Background Thread 4 ] WARN  TilesetLoader        - Diagonally flipped tiles are not currently supported
17:28:09.400 [FXGL Background Thread 4 ] DEBUG TMXLevelLoader       - Creating object layer entities
17:28:09.401 [FXGL Background Thread 4 ] DEBUG GameWorld            - Clearing removable entities
17:28:09.815 [FXGL Background Thread 4 ] DEBUG GameWorld            - Setting level: com.almasb.fxgl.entity.level.Level@5733ffcb
17:28:09.828 [FXGL Background Thread 4 ] INFO  FXGLApplication      - Game initialization took: 1.174 sec
17:28:09.829 [JavaFX Application Thread] DEBUG Input                - Clearing active input actions
17:28:09.839 [JavaFX Application Thread] DEBUG GameApplicationServi - Removing overlay from FXGLLoadingScene and adding to GameScene
17:28:09.840 [JavaFX Application Thread] DEBUG PrimaryStageWindow   - FXGLLoadingScene -> GameScene
17:28:10.491 [FXGL Background Thread 2 ] INFO  UpdaterService       - Your current version:  21.1
17:28:10.491 [FXGL Background Thread 2 ] INFO  UpdaterService       - Latest stable version: 25
17:28:10.767 [JavaFX Application Thread] WARN  FXGLAssetLoaderServi - Asset "/assets/textures/_Run.png" was not found!
17:28:10.768 [JavaFX Application Thread] WARN  FXGLAssetLoaderServi - Failed to load IMAGE
17:28:10.786 [JavaFX Application Thread] WARN  FXGLAssetLoaderServi - Asset "/assets/textures/_Run.png" was not found!
17:28:10.786 [JavaFX Application Thread] WARN  FXGLAssetLoaderServi - Failed to load IMAGE
17:28:11.530 [FXGL Background Thread 3 ] DEBUG Engine               - Logging environment variables
17:28:11.530 [FXGL Background Thread 3 ] DEBUG Engine               - achievements: []
17:28:11.530 [FXGL Background Thread 3 ] DEBUG Engine               - actualHeight: 864.0
17:28:11.531 [FXGL Background Thread 3 ] DEBUG Engine               - actualHeightProperty: ReadOnlyDoubleProperty [value: 864.0]
17:28:11.531 [FXGL Background Thread 3 ] DEBUG Engine               - actualWidth: 1536.0
17:28:11.531 [FXGL Background Thread 3 ] DEBUG Engine               - actualWidthProperty: ReadOnlyDoubleProperty [value: 1536.0]
17:28:11.531 [FXGL Background Thread 3 ] DEBUG Engine               - appIcon: fxgl_icon.png
17:28:11.531 [FXGL Background Thread 3 ] DEBUG Engine               - applicationMode: DEVELOPER
17:28:11.531 [FXGL Background Thread 3 ] DEBUG Engine               - cSSList: [fxgl_dark.css]
17:28:11.531 [FXGL Background Thread 3 ] DEBUG Engine               - collisionDetectionStrategy: BRUTE_FORCE
17:28:11.531 [FXGL Background Thread 3 ] DEBUG Engine               - configClass: Optional.empty
17:28:11.531 [FXGL Background Thread 3 ] DEBUG Engine               - credits: []
17:28:11.531 [FXGL Background Thread 3 ] DEBUG Engine               - defaultCursor: CursorInfo(imageName=fxgl_default_cursor.png, hotspotX=7.0, hotspotY=6.0)
17:28:11.532 [FXGL Background Thread 3 ] DEBUG Engine               - devBBoxColorProperty: ObjectProperty [value: 0xff0000ff]
17:28:11.532 [FXGL Background Thread 3 ] DEBUG Engine               - devEnableDebugCameraProperty: BooleanProperty [value: false]
17:28:11.532 [FXGL Background Thread 3 ] DEBUG Engine               - devSensorColorProperty: ObjectProperty [value: 0xffff00ff]
17:28:11.532 [FXGL Background Thread 3 ] DEBUG Engine               - devShowBBoxProperty: BooleanProperty [value: false]
17:28:11.532 [FXGL Background Thread 3 ] DEBUG Engine               - devShowPositionProperty: BooleanProperty [value: false]
17:28:11.532 [FXGL Background Thread 3 ] DEBUG Engine               - enabledMenuItems: []
17:28:11.532 [FXGL Background Thread 3 ] DEBUG Engine               - engineServices: [class com.almasb.fxgl.app.services.FXGLAssetLoaderService, class com.almasb.fxgl.app.FXGLApplication$GameApplicationService, class com.almasb.fxgl.app.services.FXGLDialogService, class com.almasb.fxgl.app.services.IOTaskExecutorService, class com.almasb.fxgl.io.FileSystemService, class com.almasb.fxgl.localization.LocalizationService, class com.almasb.fxgl.app.services.SystemBundleService, class com.almasb.fxgl.profile.SaveLoadService, class com.almasb.fxgl.ui.FXGLUIFactoryServiceProvider, class com.almasb.fxgl.ui.FXGLDialogFactoryServiceProvider, class com.almasb.fxgl.audio.AudioPlayer, class com.almasb.fxgl.notification.impl.NotificationServiceProvider, class com.almasb.fxgl.achievement.AchievementService, class com.almasb.fxgl.cutscene.CutsceneService, class com.almasb.fxgl.minigames.MiniGameService, class com.almasb.fxgl.net.NetService, class com.almasb.fxgl.app.services.UpdaterService, class com.almasb.fxgl.dev.DevService]
17:28:11.532 [FXGL Background Thread 3 ] DEBUG Engine               - fontGame: Abel-Regular.ttf
17:28:11.532 [FXGL Background Thread 3 ] DEBUG Engine               - fontMono: TerminalLandMono-Regular.otf
17:28:11.532 [FXGL Background Thread 3 ] DEBUG Engine               - fontSizeScaleUI: 1.0
17:28:11.532 [FXGL Background Thread 3 ] DEBUG Engine               - fontText: Courier-Prime.ttf
17:28:11.532 [FXGL Background Thread 3 ] DEBUG Engine               - fontUI: VarelaRound-Regular.ttf
17:28:11.532 [FXGL Background Thread 3 ] DEBUG Engine               - fullScreen: BooleanProperty [value: true]
17:28:11.532 [FXGL Background Thread 3 ] DEBUG Engine               - gameDifficulty: MEDIUM
17:28:11.533 [FXGL Background Thread 3 ] DEBUG Engine               - gameDifficultyProperty: ObjectProperty [value: MEDIUM]
17:28:11.533 [FXGL Background Thread 3 ] DEBUG Engine               - globalMusicVolume: 0.5
17:28:11.533 [FXGL Background Thread 3 ] DEBUG Engine               - globalMusicVolumeProperty: DoubleProperty [value: 0.5]
17:28:11.533 [FXGL Background Thread 3 ] DEBUG Engine               - globalSoundVolume: 0.5
17:28:11.533 [FXGL Background Thread 3 ] DEBUG Engine               - globalSoundVolumeProperty: DoubleProperty [value: 0.5]
17:28:11.533 [FXGL Background Thread 3 ] DEBUG Engine               - height: 600
17:28:11.533 [FXGL Background Thread 3 ] DEBUG Engine               - is3D: false
17:28:11.533 [FXGL Background Thread 3 ] DEBUG Engine               - isAndroid: false
17:28:11.533 [FXGL Background Thread 3 ] DEBUG Engine               - isBrowser: false
17:28:11.533 [FXGL Background Thread 3 ] DEBUG Engine               - isClickFeedbackEnabled: false
17:28:11.534 [FXGL Background Thread 3 ] DEBUG Engine               - isCloseConfirmation: false
17:28:11.534 [FXGL Background Thread 3 ] DEBUG Engine               - isDesktop: true
17:28:11.534 [FXGL Background Thread 3 ] DEBUG Engine               - isDeveloperMenuEnabled: false
17:28:11.534 [FXGL Background Thread 3 ] DEBUG Engine               - isEmbedded: false
17:28:11.534 [FXGL Background Thread 3 ] DEBUG Engine               - isEntityPreloadEnabled: true
17:28:11.534 [FXGL Background Thread 3 ] DEBUG Engine               - isExperimentalTiledLargeMap: false
17:28:11.534 [FXGL Background Thread 3 ] DEBUG Engine               - isFileSystemWriteAllowed: true
17:28:11.534 [FXGL Background Thread 3 ] DEBUG Engine               - isFullScreenAllowed: true
17:28:11.534 [FXGL Background Thread 3 ] DEBUG Engine               - isFullScreenFromStart: true
17:28:11.534 [FXGL Background Thread 3 ] DEBUG Engine               - isGameMenuEnabled: true
17:28:11.534 [FXGL Background Thread 3 ] DEBUG Engine               - isIOS: false
17:28:11.534 [FXGL Background Thread 3 ] DEBUG Engine               - isIntroEnabled: false
17:28:11.534 [FXGL Background Thread 3 ] DEBUG Engine               - isLinux: false
17:28:11.534 [FXGL Background Thread 3 ] DEBUG Engine               - isMac: false
17:28:11.534 [FXGL Background Thread 3 ] DEBUG Engine               - isMainMenuEnabled: false
17:28:11.534 [FXGL Background Thread 3 ] DEBUG Engine               - isManualResizeEnabled: true
17:28:11.534 [FXGL Background Thread 3 ] DEBUG Engine               - isMobile: false
17:28:11.534 [FXGL Background Thread 3 ] DEBUG Engine               - isNative: false
17:28:11.534 [FXGL Background Thread 3 ] DEBUG Engine               - isPauseMusicWhenMinimized: true
17:28:11.535 [FXGL Background Thread 3 ] DEBUG Engine               - isPreserveResizeRatio: false
17:28:11.535 [FXGL Background Thread 3 ] DEBUG Engine               - isProfilingEnabled: false
17:28:11.535 [FXGL Background Thread 3 ] DEBUG Engine               - isScaleAffectedOnResize: true
17:28:11.535 [FXGL Background Thread 3 ] DEBUG Engine               - isSingleStep: false
17:28:11.535 [FXGL Background Thread 3 ] DEBUG Engine               - isUserProfileEnabled: false
17:28:11.535 [FXGL Background Thread 3 ] DEBUG Engine               - isWindows: true
17:28:11.535 [FXGL Background Thread 3 ] DEBUG Engine               - language: ObjectProperty [value: ENGLISH]
17:28:11.535 [FXGL Background Thread 3 ] DEBUG Engine               - menuKey: ESCAPE
17:28:11.535 [FXGL Background Thread 3 ] DEBUG Engine               - mouseSensitivity: 0.2
17:28:11.535 [FXGL Background Thread 3 ] DEBUG Engine               - notificationViewClass: class com.almasb.fxgl.notification.view.XboxNotificationView
17:28:11.535 [FXGL Background Thread 3 ] DEBUG Engine               - pixelsPerMeter: 50.0
17:28:11.535 [FXGL Background Thread 3 ] DEBUG Engine               - platform: WINDOWS
17:28:11.535 [FXGL Background Thread 3 ] DEBUG Engine               - prefHeightProperty: ReadOnlyDoubleProperty [value: 600.0]
17:28:11.535 [FXGL Background Thread 3 ] DEBUG Engine               - prefWidthProperty: ReadOnlyDoubleProperty [value: 600.0]
17:28:11.535 [FXGL Background Thread 3 ] DEBUG Engine               - profileDir: profiles/
17:28:11.536 [FXGL Background Thread 3 ] DEBUG Engine               - profileName: StringProperty [value: DEFAULT]
17:28:11.536 [FXGL Background Thread 3 ] DEBUG Engine               - randomSeed: -1
17:28:11.536 [FXGL Background Thread 3 ] DEBUG Engine               - runtimeInfo: RuntimeInfo(platform=WINDOWS, version=21.1, build=27.03.2024 07.52)
17:28:11.536 [FXGL Background Thread 3 ] DEBUG Engine               - saveFileExt: sav
17:28:11.536 [FXGL Background Thread 3 ] DEBUG Engine               - scaledHeightProp$fxgl: DoubleProperty [bound, value: 864.0]
17:28:11.536 [FXGL Background Thread 3 ] DEBUG Engine               - scaledWidthProp$fxgl: DoubleProperty [bound, value: 1536.0]
17:28:11.536 [FXGL Background Thread 3 ] DEBUG Engine               - sceneFactory: com.almasb.fxgl.app.scene.SceneFactory@22f1167b
17:28:11.536 [FXGL Background Thread 3 ] DEBUG Engine               - secondsIn24h: 60
17:28:11.536 [FXGL Background Thread 3 ] DEBUG Engine               - soundMenuBack: menu/back.wav
17:28:11.537 [FXGL Background Thread 3 ] DEBUG Engine               - soundMenuPress: menu/press.wav
17:28:11.537 [FXGL Background Thread 3 ] DEBUG Engine               - soundMenuSelect: menu/select.wav
17:28:11.537 [FXGL Background Thread 3 ] DEBUG Engine               - soundNotification: core/notification.wav
17:28:11.537 [FXGL Background Thread 3 ] DEBUG Engine               - stageStyle: DECORATED
17:28:11.537 [FXGL Background Thread 3 ] DEBUG Engine               - supportedLanguages: [ENGLISH, FRENCH, GERMAN, HUNGARIAN, RUSSIAN]
17:28:11.537 [FXGL Background Thread 3 ] DEBUG Engine               - ticksPerSecond: -1
17:28:11.537 [FXGL Background Thread 3 ] DEBUG Engine               - title: 1945
17:28:11.537 [FXGL Background Thread 3 ] DEBUG Engine               - urlGithub: https://github.com/AlmasB/FXGL
17:28:11.537 [FXGL Background Thread 3 ] DEBUG Engine               - urlLeaderboard: http://fxgl-top.herokuapp.com/
17:28:11.537 [FXGL Background Thread 3 ] DEBUG Engine               - urlPOM: https://raw.githubusercontent.com/AlmasB/FXGL/release/README.md
17:28:11.537 [FXGL Background Thread 3 ] DEBUG Engine               - userAppClass: class org.saikat.Main
17:28:11.537 [FXGL Background Thread 3 ] DEBUG Engine               - version: 0.1
17:28:11.537 [FXGL Background Thread 3 ] DEBUG Engine               - versionCheckDays: 7
17:28:11.537 [FXGL Background Thread 3 ] DEBUG Engine               - width: 600
17:28:11.537 [FXGL Background Thread 3 ] DEBUG Engine               - Logging services
17:28:11.537 [FXGL Background Thread 3 ] DEBUG Engine               - class com.almasb.fxgl.app.services.FXGLAssetLoaderService
17:28:11.537 [FXGL Background Thread 3 ] DEBUG Engine               - class com.almasb.fxgl.app.FXGLApplication$GameApplicationService
17:28:11.537 [FXGL Background Thread 3 ] DEBUG Engine               - class com.almasb.fxgl.app.services.FXGLDialogService
17:28:11.537 [FXGL Background Thread 3 ] DEBUG Engine               - class com.almasb.fxgl.app.services.IOTaskExecutorService
17:28:11.537 [FXGL Background Thread 3 ] DEBUG Engine               - class com.almasb.fxgl.io.FileSystemService
17:28:11.537 [FXGL Background Thread 3 ] DEBUG Engine               - class com.almasb.fxgl.localization.LocalizationService
17:28:11.537 [FXGL Background Thread 3 ] DEBUG Engine               - class com.almasb.fxgl.app.services.SystemBundleService
17:28:11.537 [FXGL Background Thread 3 ] DEBUG Engine               - class com.almasb.fxgl.profile.SaveLoadService
17:28:11.537 [FXGL Background Thread 3 ] DEBUG Engine               - class com.almasb.fxgl.ui.FXGLUIFactoryServiceProvider
17:28:11.537 [FXGL Background Thread 3 ] DEBUG Engine               - class com.almasb.fxgl.ui.FXGLDialogFactoryServiceProvider
17:28:11.537 [FXGL Background Thread 3 ] DEBUG Engine               - class com.almasb.fxgl.audio.AudioPlayer
17:28:11.537 [FXGL Background Thread 3 ] DEBUG Engine               - class com.almasb.fxgl.notification.impl.NotificationServiceProvider
17:28:11.537 [FXGL Background Thread 3 ] DEBUG Engine               - class com.almasb.fxgl.achievement.AchievementService
17:28:11.537 [FXGL Background Thread 3 ] DEBUG Engine               - class com.almasb.fxgl.cutscene.CutsceneService
17:28:11.537 [FXGL Background Thread 3 ] DEBUG Engine               - class com.almasb.fxgl.minigames.MiniGameService
17:28:11.537 [FXGL Background Thread 3 ] DEBUG Engine               - class com.almasb.fxgl.net.NetService
17:28:11.537 [FXGL Background Thread 3 ] DEBUG Engine               - class com.almasb.fxgl.app.services.UpdaterService
17:28:11.537 [FXGL Background Thread 3 ] DEBUG Engine               - class com.almasb.fxgl.dev.DevService
17:28:11.898 [JavaFX Application Thread] WARN  FXGLAssetLoaderServi - Asset "/assets/textures/_Run.png" was not found!
17:28:11.899 [JavaFX Application Thread] WARN  FXGLAssetLoaderServi - Failed to load IMAGE
17:28:11.901 [JavaFX Application Thread] WARN  FXGLAssetLoaderServi - Asset "/assets/textures/_Run.png" was not found!
17:28:11.901 [JavaFX Application Thread] WARN  FXGLAssetLoaderServi - Failed to load IMAGE
17:28:12.697 [JavaFX Application Thread] DEBUG PrimaryStageWindow   - Push state: FXGLDefaultMenu
17:28:12.703 [JavaFX Application Thread] DEBUG Input                - Clearing active input actions
17:28:12.709 [JavaFX Application Thread] DEBUG GameApplicationServi - Removing overlay from GameScene and adding to FXGLDefaultMenu
17:28:12.710 [JavaFX Application Thread] DEBUG PrimaryStageWindow   - GameScene -> FXGLDefaultMenu
17:28:15.262 [JavaFX Application Thread] DEBUG Menu                 - fireResume()
17:28:15.265 [JavaFX Application Thread] DEBUG PrimaryStageWindow   - Pop state: FXGLDefaultMenu
17:28:15.265 [JavaFX Application Thread] DEBUG Input                - Clearing active input actions
17:28:15.265 [JavaFX Application Thread] DEBUG GameApplicationServi - Removing overlay from FXGLDefaultMenu and adding to GameScene
17:28:15.266 [JavaFX Application Thread] DEBUG PrimaryStageWindow   - GameScene <- FXGLDefaultMenu
17:28:15.594 [JavaFX Application Thread] WARN  FXGLAssetLoaderServi - Asset "/assets/textures/_Run.png" was not found!
17:28:15.594 [JavaFX Application Thread] WARN  FXGLAssetLoaderServi - Failed to load IMAGE
17:28:15.596 [JavaFX Application Thread] WARN  FXGLAssetLoaderServi - Asset "/assets/textures/_Run.png" was not found!
17:28:15.596 [JavaFX Application Thread] WARN  FXGLAssetLoaderServi - Failed to load IMAGE
17:28:16.601 [JavaFX Application Thread] WARN  FXGLAssetLoaderServi - Asset "/assets/textures/_Run.png" was not found!
17:28:16.602 [JavaFX Application Thread] WARN  FXGLAssetLoaderServi - Failed to load IMAGE
17:28:16.603 [JavaFX Application Thread] WARN  FXGLAssetLoaderServi - Asset "/assets/textures/_Run.png" was not found!
17:28:16.604 [JavaFX Application Thread] WARN  FXGLAssetLoaderServi - Failed to load IMAGE
17:28:16.867 [JavaFX Application Thread] DEBUG PrimaryStageWindow   - Push state: FXGLDefaultMenu
17:28:16.867 [JavaFX Application Thread] DEBUG Input                - Clearing active input actions
17:28:16.870 [JavaFX Application Thread] DEBUG GameApplicationServi - Removing overlay from GameScene and adding to FXGLDefaultMenu
17:28:16.870 [JavaFX Application Thread] DEBUG PrimaryStageWindow   - GameScene -> FXGLDefaultMenu
17:28:20.458 [JavaFX Application Thread] DEBUG Menu                 - fireExit()
17:28:20.462 [JavaFX Application Thread] DEBUG PrimaryStageWindow   - Push state: DialogSubScene
17:28:20.462 [JavaFX Application Thread] DEBUG Input                - Clearing active input actions
17:28:20.463 [JavaFX Application Thread] DEBUG GameApplicationServi - Removing overlay from FXGLDefaultMenu and adding to DialogSubScene
17:28:20.463 [JavaFX Application Thread] DEBUG PrimaryStageWindow   - FXGLDefaultMenu -> DialogSubScene
17:28:22.138 [JavaFX Application Thread] DEBUG PrimaryStageWindow   - Pop state: DialogSubScene
17:28:22.138 [JavaFX Application Thread] DEBUG Input                - Clearing active input actions
17:28:22.139 [JavaFX Application Thread] DEBUG GameApplicationServi - Removing overlay from DialogSubScene and adding to FXGLDefaultMenu
17:28:22.139 [JavaFX Application Thread] DEBUG PrimaryStageWindow   - FXGLDefaultMenu <- DialogSubScene
17:28:22.139 [JavaFX Application Thread] DEBUG FXGLApplication      - Exiting FXGL
17:28:22.139 [JavaFX Application Thread] DEBUG LoopRunner           - Stopping loop
17:28:22.139 [JavaFX Application Thread] DEBUG SystemBundleService  - Saving FXGL system data
17:28:22.142 [JavaFX Application Thread] DEBUG FileSystemAccess     - Writing to: E:\Downloads\Newbegining-main\Newbegining-main\system\fxgl.bundle
17:28:22.144 [JavaFX Application Thread] DEBUG Async                - Shutting down background threads
17:28:22.144 [JavaFX Application Thread] DEBUG PrimaryStageWindow   - Closing main window
17:28:22.189 [JavaFX Application Thread] DEBUG Logger               - Closing Logger
