13:27:04.540 [main                     ] DEBUG Logger               - Configured Logger
13:27:04.573 [main                     ] DEBUG GameApplication      - Logging settings
Title: Ghost Hunter
Version: 1.0
Width: 1280
Height: 800
Fullscreen: true
Intro: false
Profiling: false
Single step:false
App Mode: DEVELOPER
Menu Key: ESCAPE
Stage Style: DECORATED
Scene Factory: class com.almasb.fxgl.app.scene.SceneFactory

13:27:05.370 [JavaFX Application Thread] DEBUG FXGLApplication      - Initializing FXGL
13:27:05.380 [JavaFX Application Thread] INFO  Engine               - FXGL-21.1 (27.03.2024 07.52) on WINDOWS (J:21.0.9 FX:21.0.1)
13:27:05.381 [JavaFX Application Thread] DEBUG Engine               - JRE Vendor Name: Oracle Corporation
13:27:05.381 [JavaFX Application Thread] DEBUG Engine               - Running on OS: Windows 11 version 10.0
13:27:05.381 [JavaFX Application Thread] DEBUG Engine               - Architecture: amd64
13:27:05.381 [JavaFX Application Thread] INFO  Engine               - Source code and latest versions at: https://github.com/AlmasB/FXGL
13:27:05.382 [JavaFX Application Thread] INFO  Engine               -       Ask questions and discuss at: https://github.com/AlmasB/FXGL/discussions
13:27:05.382 [JavaFX Application Thread] INFO  Engine               -              Join the FXGL chat at: https://gitter.im/AlmasB/FXGL
13:27:05.524 [JavaFX Application Thread] DEBUG PrimaryStageWindow   - Creating a JavaFX scene
13:27:05.584 [JavaFX Application Thread] DEBUG PrimaryStageWindow   - Target settings size: 1280.0 x 800.0
13:27:05.585 [JavaFX Application Thread] DEBUG PrimaryStageWindow   - Scaled scene size:    1280.0 x 800.0
13:27:05.585 [JavaFX Application Thread] DEBUG PrimaryStageWindow   - Scaled ratio: (1.0, 1.0)
13:27:05.586 [JavaFX Application Thread] DEBUG PrimaryStageWindow   - Set initial scene to FXGLStartupScene
13:27:05.591 [JavaFX Application Thread] DEBUG PrimaryStageWindow   - Opening main window
13:27:05.700 [JavaFX Application Thread] DEBUG PrimaryStageWindow   - Window border size: (14.4000244140625, 37.5999755859375)
13:27:05.700 [JavaFX Application Thread] DEBUG PrimaryStageWindow   - Scaled size: 1280.0 x 800.0
13:27:05.701 [JavaFX Application Thread] DEBUG PrimaryStageWindow   - Scaled ratio: (1.0, 1.0)
13:27:05.701 [JavaFX Application Thread] DEBUG PrimaryStageWindow   - Scene size: 1280.0 x 800.0
13:27:05.702 [JavaFX Application Thread] DEBUG PrimaryStageWindow   - Stage size: 1294.4000244140625 x 837.5999755859375
13:27:05.718 [FXGL Background Thread 1 ] DEBUG Engine               - Initializing environment variables
13:27:05.799 [FXGL Background Thread 1 ] DEBUG FXGLAssetLoaderServi - User app class for loading assets: class org.saikat.Game
13:27:05.799 [FXGL Background Thread 1 ] DEBUG GameApplicationServi - Applying CSS: fxgl_dark.css
13:27:05.800 [FXGL Background Thread 1 ] DEBUG FXGLAssetLoaderServi - Loading from file system: jar:file:/C:/Users/HP/.m2/repository/com/github/almasb/fxgl/21.1/fxgl-21.1.jar!/fxglassets/ui/css/fxgl_dark.css
13:27:05.852 [FXGL Background Thread 1 ] DEBUG GameApplicationServi - Initializing application scenes
13:27:05.924 [FXGL Background Thread 1 ] DEBUG GameWorld            - Game world initialized
13:27:06.011 [FXGL Background Thread 1 ] DEBUG PhysicsWorld         - Physics world initialized: appHeight=800, physics.ppm=50.0
13:27:06.011 [FXGL Background Thread 1 ] DEBUG PhysicsWorld         - Using strategy: BRUTE_FORCE
13:27:06.016 [FXGL Background Thread 1 ] DEBUG GameScene            - Game scene initialized: 1280x800
13:27:06.031 [FXGL Background Thread 1 ] DEBUG FXGL.DefaultMenu     - createMenuBodyGameMenu()
13:27:06.050 [FXGL Background Thread 1 ] DEBUG FXGL.DefaultMenu     - createOptionsMenu()
13:27:06.059 [FXGL Background Thread 1 ] DEBUG FXGLAssetLoaderServi - Loading from file system: jar:file:/C:/Users/HP/.m2/repository/com/github/almasb/fxgl/21.1/fxgl-21.1.jar!/fxglassets/textures/particles/smoke.png
13:27:06.200 [FXGL Background Thread 1 ] DEBUG FXGLAssetLoaderServi - Loading from file system: jar:file:/C:/Users/HP/.m2/repository/com/github/almasb/fxgl/21.1/fxgl-21.1.jar!/fxglassets/textures/particles/trace_horizontal.png
13:27:06.236 [FXGL Background Thread 1 ] DEBUG GameApplicationServi - Application scenes initialized
13:27:06.257 [FXGL Background Thread 1 ] DEBUG SystemBundleService  - Loading FXGL system data
13:27:06.284 [FXGL Background Thread 1 ] DEBUG FileSystemAccess     - Reading from: E:\All About Dev\OOP\FXGL new Begining\final version\Tower Defender\Tower-Defender\system\fxgl.bundle
13:27:06.301 [FXGL Background Thread 1 ] DEBUG SystemBundleService  - Bundle FXGL: {}
13:27:06.301 [FXGL Background Thread 1 ] DEBUG UpdaterService       - Checking for updates
13:27:06.307 [FXGL Background Thread 4 ] DEBUG FXGLApplication      - Loading fonts
13:27:06.308 [FXGL Background Thread 4 ] DEBUG FXGLAssetLoaderServi - Loading from file system: jar:file:/C:/Users/HP/.m2/repository/com/github/almasb/fxgl/21.1/fxgl-21.1.jar!/fxglassets/ui/fonts/VarelaRound-Regular.ttf
13:27:06.309 [FXGL Background Thread 1 ] DEBUG FXGLApplication      - Loading default localization
13:27:06.309 [FXGL Background Thread 1 ] DEBUG FXGLAssetLoaderServi - Loading from file system: jar:file:/C:/Users/HP/.m2/repository/com/github/almasb/fxgl/21.1/fxgl-21.1.jar!/fxglassets/languages/english.lang
13:27:06.345 [FXGL Background Thread 1 ] INFO  FXGLApplication      - FXGL initialization took: 0.628 sec
13:27:06.351 [JavaFX Application Thread] DEBUG Input                - Registered new binding: add tower - LMB
13:27:06.352 [JavaFX Application Thread] DEBUG Input                - Registered new binding: remove tower - RMB
13:27:06.353 [JavaFX Application Thread] DEBUG FXGLAssetLoaderServi - Loading from file system: jar:file:/C:/Users/HP/.m2/repository/com/github/almasb/fxgl/21.1/fxgl-21.1.jar!/fxglassets/textures/fxgl_icon.png
13:27:06.376 [JavaFX Application Thread] DEBUG FXGLAssetLoaderServi - Loading from file system: jar:file:/C:/Users/HP/.m2/repository/com/github/almasb/fxgl/21.1/fxgl-21.1.jar!/fxglassets/textures/fxgl_default_cursor.png
13:27:06.385 [JavaFX Application Thread] DEBUG Input                - Registered new binding: Screenshot - CTRL+8
13:27:06.386 [JavaFX Application Thread] DEBUG Input                - Registered new binding: System info dump - CTRL+9
13:27:06.387 [JavaFX Application Thread] DEBUG Input                - Registered new binding: Restart - CTRL+R
13:27:06.390 [JavaFX Application Thread] DEBUG Input                - Registered new binding: Toggle Debug Camera - CTRL+7
13:27:06.394 [JavaFX Application Thread] DEBUG LoopRunner           - Starting loop
13:27:06.394 [JavaFX Application Thread] DEBUG LoopRunner           - Initializing JavaFX AnimationTimerLoop
13:27:06.396 [JavaFX Application Thread] DEBUG GameApplicationServi - Starting new game
13:27:06.397 [JavaFX Application Thread] DEBUG Input                - Clearing active input actions
13:27:06.413 [JavaFX Application Thread] DEBUG GameApplicationServi - Removing overlay from FXGLStartupScene and adding to FXGLLoadingScene
13:27:06.413 [JavaFX Application Thread] DEBUG PrimaryStageWindow   - FXGLStartupScene -> FXGLLoadingScene
13:27:06.413 [JavaFX Application Thread] DEBUG GameApplicationServi - Clearing previous game
13:27:06.413 [JavaFX Application Thread] DEBUG GameScene            - Clearing game scene
13:27:06.413 [JavaFX Application Thread] DEBUG GameWorld            - Clearing game world
13:27:06.413 [JavaFX Application Thread] DEBUG PhysicsWorld         - Clearing physics world
13:27:06.416 [FXGL Background Thread 1 ] DEBUG FXGLApplication      - Initializing game
13:27:06.503 [FXGL Background Thread 4 ] DEBUG FXGLAssetLoaderServi - Loading from file system: jar:file:/C:/Users/HP/.m2/repository/com/github/almasb/fxgl/21.1/fxgl-21.1.jar!/fxglassets/ui/fonts/Abel-Regular.ttf
13:27:06.508 [FXGL Background Thread 4 ] DEBUG FXGLAssetLoaderServi - Loading from file system: jar:file:/C:/Users/HP/.m2/repository/com/github/almasb/fxgl/21.1/fxgl-21.1.jar!/fxglassets/ui/fonts/TerminalLandMono-Regular.otf
13:27:06.520 [FXGL Background Thread 4 ] DEBUG FXGLAssetLoaderServi - Loading from file system: jar:file:/C:/Users/HP/.m2/repository/com/github/almasb/fxgl/21.1/fxgl-21.1.jar!/fxglassets/ui/fonts/Courier-Prime.ttf
13:27:06.546 [FXGL Background Thread 1 ] WARN  TMXLevelLoader       - TiledMap generated from 1.12.2. Supported version: 1.9.0. Some features may not be parsed fully.
13:27:06.569 [FXGL Background Thread 1 ] DEBUG TMXLevelLoader       - Parsed TiledMap: file:/E:/All%20About%20Dev/OOP/FXGL%20new%20Begining/final%20version/Tower%20Defender/Tower-Defender/target/classes/assets/levels/wall.tmx
13:27:06.570 [FXGL Background Thread 1 ] DEBUG TMXLevelLoader       - Creating tile layer entities
13:27:06.573 [FXGL Background Thread 1 ] DEBUG TilesetLoader        - Loading view for layer icons
13:27:06.576 [FXGL Background Thread 1 ] DEBUG TilesetLoader        - Created buffer with size 1280.0x800.0
13:27:06.596 [JavaFX Application Thread] DEBUG FXGLApplication      - Registering font factories with UI factory
13:27:06.596 [FXGL Background Thread 1 ] DEBUG TilesetLoader        - Loading view for layer background
13:27:06.599 [FXGL Background Thread 1 ] DEBUG TilesetLoader        - Created buffer with size 1280.0x800.0
13:27:06.684 [FXGL Background Thread 1 ] DEBUG TilesetLoader        - Loading view for layer tower spot layer
13:27:06.686 [FXGL Background Thread 1 ] DEBUG TilesetLoader        - Created buffer with size 1280.0x800.0
13:27:06.711 [FXGL Background Thread 1 ] DEBUG TilesetLoader        - Loading view for layer Road
13:27:06.713 [FXGL Background Thread 1 ] DEBUG TilesetLoader        - Created buffer with size 1280.0x800.0
13:27:06.714 [FXGL Background Thread 1 ] DEBUG TilesetLoader        - Loading view for layer road2
13:27:06.715 [FXGL Background Thread 1 ] DEBUG TilesetLoader        - Created buffer with size 1280.0x800.0
13:27:06.716 [FXGL Background Thread 1 ] WARN  TilesetLoader        - Diagonally flipped tiles are not currently supported
13:27:06.717 [FXGL Background Thread 1 ] WARN  TilesetLoader        - Diagonally flipped tiles are not currently supported
13:27:06.717 [FXGL Background Thread 1 ] WARN  TilesetLoader        - Diagonally flipped tiles are not currently supported
13:27:06.718 [FXGL Background Thread 1 ] WARN  TilesetLoader        - Diagonally flipped tiles are not currently supported
13:27:06.723 [FXGL Background Thread 1 ] WARN  TilesetLoader        - Diagonally flipped tiles are not currently supported
13:27:06.724 [FXGL Background Thread 1 ] WARN  TilesetLoader        - Diagonally flipped tiles are not currently supported
13:27:06.724 [FXGL Background Thread 1 ] WARN  TilesetLoader        - Diagonally flipped tiles are not currently supported
13:27:06.725 [FXGL Background Thread 1 ] WARN  TilesetLoader        - Diagonally flipped tiles are not currently supported
13:27:06.725 [FXGL Background Thread 1 ] WARN  TilesetLoader        - Diagonally flipped tiles are not currently supported
13:27:06.726 [FXGL Background Thread 1 ] WARN  TilesetLoader        - Diagonally flipped tiles are not currently supported
13:27:06.727 [FXGL Background Thread 1 ] WARN  TilesetLoader        - Diagonally flipped tiles are not currently supported
13:27:06.728 [FXGL Background Thread 1 ] WARN  TilesetLoader        - Diagonally flipped tiles are not currently supported
13:27:06.729 [FXGL Background Thread 1 ] WARN  TilesetLoader        - Diagonally flipped tiles are not currently supported
13:27:06.730 [FXGL Background Thread 1 ] WARN  TilesetLoader        - Diagonally flipped tiles are not currently supported
13:27:06.731 [FXGL Background Thread 1 ] WARN  TilesetLoader        - Diagonally flipped tiles are not currently supported
13:27:06.731 [FXGL Background Thread 1 ] WARN  TilesetLoader        - Diagonally flipped tiles are not currently supported
13:27:06.731 [FXGL Background Thread 1 ] WARN  TilesetLoader        - Diagonally flipped tiles are not currently supported
13:27:06.731 [FXGL Background Thread 1 ] WARN  TilesetLoader        - Diagonally flipped tiles are not currently supported
13:27:06.732 [FXGL Background Thread 1 ] WARN  TilesetLoader        - Diagonally flipped tiles are not currently supported
13:27:06.732 [FXGL Background Thread 1 ] WARN  TilesetLoader        - Diagonally flipped tiles are not currently supported
13:27:06.732 [FXGL Background Thread 1 ] WARN  TilesetLoader        - Diagonally flipped tiles are not currently supported
13:27:06.732 [FXGL Background Thread 1 ] WARN  TilesetLoader        - Diagonally flipped tiles are not currently supported
13:27:06.733 [FXGL Background Thread 1 ] WARN  TilesetLoader        - Diagonally flipped tiles are not currently supported
13:27:06.733 [FXGL Background Thread 1 ] WARN  TilesetLoader        - Diagonally flipped tiles are not currently supported
13:27:06.733 [FXGL Background Thread 1 ] WARN  TilesetLoader        - Diagonally flipped tiles are not currently supported
13:27:06.734 [FXGL Background Thread 1 ] WARN  TilesetLoader        - Diagonally flipped tiles are not currently supported
13:27:06.734 [FXGL Background Thread 1 ] WARN  TilesetLoader        - Diagonally flipped tiles are not currently supported
13:27:06.734 [FXGL Background Thread 1 ] WARN  TilesetLoader        - Diagonally flipped tiles are not currently supported
13:27:06.734 [FXGL Background Thread 1 ] WARN  TilesetLoader        - Diagonally flipped tiles are not currently supported
13:27:06.734 [FXGL Background Thread 1 ] WARN  TilesetLoader        - Diagonally flipped tiles are not currently supported
13:27:06.738 [FXGL Background Thread 1 ] WARN  TilesetLoader        - Diagonally flipped tiles are not currently supported
13:27:06.738 [FXGL Background Thread 1 ] WARN  TilesetLoader        - Diagonally flipped tiles are not currently supported
13:27:06.739 [FXGL Background Thread 1 ] WARN  TilesetLoader        - Diagonally flipped tiles are not currently supported
13:27:06.739 [FXGL Background Thread 1 ] WARN  TilesetLoader        - Diagonally flipped tiles are not currently supported
13:27:06.740 [FXGL Background Thread 1 ] WARN  TilesetLoader        - Diagonally flipped tiles are not currently supported
13:27:06.740 [FXGL Background Thread 1 ] WARN  TilesetLoader        - Diagonally flipped tiles are not currently supported
13:27:06.741 [FXGL Background Thread 1 ] WARN  TilesetLoader        - Diagonally flipped tiles are not currently supported
13:27:06.741 [FXGL Background Thread 1 ] WARN  TilesetLoader        - Diagonally flipped tiles are not currently supported
13:27:06.742 [FXGL Background Thread 1 ] WARN  TilesetLoader        - Diagonally flipped tiles are not currently supported
13:27:06.742 [FXGL Background Thread 1 ] WARN  TilesetLoader        - Diagonally flipped tiles are not currently supported
13:27:06.742 [FXGL Background Thread 1 ] WARN  TilesetLoader        - Diagonally flipped tiles are not currently supported
13:27:06.743 [FXGL Background Thread 1 ] WARN  TilesetLoader        - Diagonally flipped tiles are not currently supported
13:27:06.743 [FXGL Background Thread 1 ] WARN  TilesetLoader        - Diagonally flipped tiles are not currently supported
13:27:06.743 [FXGL Background Thread 1 ] WARN  TilesetLoader        - Diagonally flipped tiles are not currently supported
13:27:06.743 [FXGL Background Thread 1 ] WARN  TilesetLoader        - Diagonally flipped tiles are not currently supported
13:27:06.744 [FXGL Background Thread 1 ] WARN  TilesetLoader        - Diagonally flipped tiles are not currently supported
13:27:06.744 [FXGL Background Thread 1 ] WARN  TilesetLoader        - Diagonally flipped tiles are not currently supported
13:27:06.744 [FXGL Background Thread 1 ] WARN  TilesetLoader        - Diagonally flipped tiles are not currently supported
13:27:06.744 [FXGL Background Thread 1 ] WARN  TilesetLoader        - Diagonally flipped tiles are not currently supported
13:27:06.744 [FXGL Background Thread 1 ] WARN  TilesetLoader        - Diagonally flipped tiles are not currently supported
13:27:06.745 [FXGL Background Thread 1 ] WARN  TilesetLoader        - Diagonally flipped tiles are not currently supported
13:27:06.745 [FXGL Background Thread 1 ] WARN  TilesetLoader        - Diagonally flipped tiles are not currently supported
13:27:06.745 [FXGL Background Thread 1 ] WARN  TilesetLoader        - Diagonally flipped tiles are not currently supported
13:27:06.745 [FXGL Background Thread 1 ] WARN  TilesetLoader        - Diagonally flipped tiles are not currently supported
13:27:06.745 [FXGL Background Thread 1 ] WARN  TilesetLoader        - Diagonally flipped tiles are not currently supported
13:27:06.746 [FXGL Background Thread 1 ] WARN  TilesetLoader        - Diagonally flipped tiles are not currently supported
13:27:06.746 [FXGL Background Thread 1 ] WARN  TilesetLoader        - Diagonally flipped tiles are not currently supported
13:27:06.746 [FXGL Background Thread 1 ] WARN  TilesetLoader        - Diagonally flipped tiles are not currently supported
13:27:06.746 [FXGL Background Thread 1 ] WARN  TilesetLoader        - Diagonally flipped tiles are not currently supported
13:27:06.746 [FXGL Background Thread 1 ] WARN  TilesetLoader        - Diagonally flipped tiles are not currently supported
13:27:06.746 [FXGL Background Thread 1 ] WARN  TilesetLoader        - Diagonally flipped tiles are not currently supported
13:27:06.747 [FXGL Background Thread 1 ] WARN  TilesetLoader        - Diagonally flipped tiles are not currently supported
13:27:06.747 [FXGL Background Thread 1 ] WARN  TilesetLoader        - Diagonally flipped tiles are not currently supported
13:27:06.747 [FXGL Background Thread 1 ] WARN  TilesetLoader        - Diagonally flipped tiles are not currently supported
13:27:06.747 [FXGL Background Thread 1 ] WARN  TilesetLoader        - Diagonally flipped tiles are not currently supported
13:27:06.747 [FXGL Background Thread 1 ] WARN  TilesetLoader        - Diagonally flipped tiles are not currently supported
13:27:06.748 [FXGL Background Thread 1 ] WARN  TilesetLoader        - Diagonally flipped tiles are not currently supported
13:27:06.748 [FXGL Background Thread 1 ] WARN  TilesetLoader        - Diagonally flipped tiles are not currently supported
13:27:06.748 [FXGL Background Thread 1 ] WARN  TilesetLoader        - Diagonally flipped tiles are not currently supported
13:27:06.748 [FXGL Background Thread 1 ] WARN  TilesetLoader        - Diagonally flipped tiles are not currently supported
13:27:06.748 [FXGL Background Thread 1 ] WARN  TilesetLoader        - Diagonally flipped tiles are not currently supported
13:27:06.749 [FXGL Background Thread 1 ] WARN  TilesetLoader        - Diagonally flipped tiles are not currently supported
13:27:06.749 [FXGL Background Thread 1 ] WARN  TilesetLoader        - Diagonally flipped tiles are not currently supported
13:27:06.749 [FXGL Background Thread 1 ] WARN  TilesetLoader        - Diagonally flipped tiles are not currently supported
13:27:06.750 [FXGL Background Thread 1 ] WARN  TilesetLoader        - Diagonally flipped tiles are not currently supported
13:27:06.750 [FXGL Background Thread 1 ] WARN  TilesetLoader        - Diagonally flipped tiles are not currently supported
13:27:06.751 [FXGL Background Thread 1 ] WARN  TilesetLoader        - Diagonally flipped tiles are not currently supported
13:27:06.751 [FXGL Background Thread 1 ] WARN  TilesetLoader        - Diagonally flipped tiles are not currently supported
13:27:06.754 [FXGL Background Thread 1 ] WARN  TilesetLoader        - Diagonally flipped tiles are not currently supported
13:27:06.755 [FXGL Background Thread 1 ] WARN  TilesetLoader        - Diagonally flipped tiles are not currently supported
13:27:06.755 [FXGL Background Thread 1 ] WARN  TilesetLoader        - Diagonally flipped tiles are not currently supported
13:27:06.756 [FXGL Background Thread 1 ] WARN  TilesetLoader        - Diagonally flipped tiles are not currently supported
13:27:06.756 [FXGL Background Thread 1 ] WARN  TilesetLoader        - Diagonally flipped tiles are not currently supported
13:27:06.756 [FXGL Background Thread 1 ] WARN  TilesetLoader        - Diagonally flipped tiles are not currently supported
13:27:06.756 [FXGL Background Thread 1 ] WARN  TilesetLoader        - Diagonally flipped tiles are not currently supported
13:27:06.756 [FXGL Background Thread 1 ] WARN  TilesetLoader        - Diagonally flipped tiles are not currently supported
13:27:06.757 [FXGL Background Thread 1 ] WARN  TilesetLoader        - Diagonally flipped tiles are not currently supported
13:27:06.757 [FXGL Background Thread 1 ] WARN  TilesetLoader        - Diagonally flipped tiles are not currently supported
13:27:06.757 [FXGL Background Thread 1 ] WARN  TilesetLoader        - Diagonally flipped tiles are not currently supported
13:27:06.757 [FXGL Background Thread 1 ] WARN  TilesetLoader        - Diagonally flipped tiles are not currently supported
13:27:06.757 [FXGL Background Thread 1 ] WARN  TilesetLoader        - Diagonally flipped tiles are not currently supported
13:27:06.758 [FXGL Background Thread 1 ] WARN  TilesetLoader        - Diagonally flipped tiles are not currently supported
13:27:06.758 [FXGL Background Thread 1 ] WARN  TilesetLoader        - Diagonally flipped tiles are not currently supported
13:27:06.758 [FXGL Background Thread 1 ] WARN  TilesetLoader        - Diagonally flipped tiles are not currently supported
13:27:06.758 [FXGL Background Thread 1 ] WARN  TilesetLoader        - Diagonally flipped tiles are not currently supported
13:27:06.758 [FXGL Background Thread 1 ] WARN  TilesetLoader        - Diagonally flipped tiles are not currently supported
13:27:06.758 [FXGL Background Thread 1 ] WARN  TilesetLoader        - Diagonally flipped tiles are not currently supported
13:27:06.759 [FXGL Background Thread 1 ] WARN  TilesetLoader        - Diagonally flipped tiles are not currently supported
13:27:06.759 [FXGL Background Thread 1 ] WARN  TilesetLoader        - Diagonally flipped tiles are not currently supported
13:27:06.759 [FXGL Background Thread 1 ] WARN  TilesetLoader        - Diagonally flipped tiles are not currently supported
13:27:06.759 [FXGL Background Thread 1 ] WARN  TilesetLoader        - Diagonally flipped tiles are not currently supported
13:27:06.759 [FXGL Background Thread 1 ] WARN  TilesetLoader        - Diagonally flipped tiles are not currently supported
13:27:06.759 [FXGL Background Thread 1 ] WARN  TilesetLoader        - Diagonally flipped tiles are not currently supported
13:27:06.760 [FXGL Background Thread 1 ] WARN  TilesetLoader        - Diagonally flipped tiles are not currently supported
13:27:06.760 [FXGL Background Thread 1 ] WARN  TilesetLoader        - Diagonally flipped tiles are not currently supported
13:27:06.762 [FXGL Background Thread 1 ] WARN  TilesetLoader        - Diagonally flipped tiles are not currently supported
13:27:06.763 [FXGL Background Thread 1 ] WARN  TilesetLoader        - Diagonally flipped tiles are not currently supported
13:27:06.763 [FXGL Background Thread 1 ] WARN  TilesetLoader        - Diagonally flipped tiles are not currently supported
13:27:06.763 [FXGL Background Thread 1 ] WARN  TilesetLoader        - Diagonally flipped tiles are not currently supported
13:27:06.764 [FXGL Background Thread 1 ] WARN  TilesetLoader        - Diagonally flipped tiles are not currently supported
13:27:06.764 [FXGL Background Thread 1 ] WARN  TilesetLoader        - Diagonally flipped tiles are not currently supported
13:27:06.765 [FXGL Background Thread 1 ] WARN  TilesetLoader        - Diagonally flipped tiles are not currently supported
13:27:06.765 [FXGL Background Thread 1 ] WARN  TilesetLoader        - Diagonally flipped tiles are not currently supported
13:27:06.766 [FXGL Background Thread 1 ] WARN  TilesetLoader        - Diagonally flipped tiles are not currently supported
13:27:06.766 [FXGL Background Thread 1 ] WARN  TilesetLoader        - Diagonally flipped tiles are not currently supported
13:27:06.766 [FXGL Background Thread 1 ] WARN  TilesetLoader        - Diagonally flipped tiles are not currently supported
13:27:06.767 [FXGL Background Thread 1 ] WARN  TilesetLoader        - Diagonally flipped tiles are not currently supported
13:27:06.767 [FXGL Background Thread 1 ] WARN  TilesetLoader        - Diagonally flipped tiles are not currently supported
13:27:06.767 [FXGL Background Thread 1 ] WARN  TilesetLoader        - Diagonally flipped tiles are not currently supported
13:27:06.768 [FXGL Background Thread 1 ] WARN  TilesetLoader        - Diagonally flipped tiles are not currently supported
13:27:06.768 [FXGL Background Thread 1 ] WARN  TilesetLoader        - Diagonally flipped tiles are not currently supported
13:27:06.768 [FXGL Background Thread 1 ] WARN  TilesetLoader        - Diagonally flipped tiles are not currently supported
13:27:06.768 [FXGL Background Thread 1 ] WARN  TilesetLoader        - Diagonally flipped tiles are not currently supported
13:27:06.768 [FXGL Background Thread 1 ] WARN  TilesetLoader        - Diagonally flipped tiles are not currently supported
13:27:06.769 [FXGL Background Thread 1 ] WARN  TilesetLoader        - Diagonally flipped tiles are not currently supported
13:27:06.769 [FXGL Background Thread 1 ] WARN  TilesetLoader        - Diagonally flipped tiles are not currently supported
13:27:06.771 [FXGL Background Thread 1 ] WARN  TilesetLoader        - Diagonally flipped tiles are not currently supported
13:27:06.771 [FXGL Background Thread 1 ] WARN  TilesetLoader        - Diagonally flipped tiles are not currently supported
13:27:06.771 [FXGL Background Thread 1 ] WARN  TilesetLoader        - Diagonally flipped tiles are not currently supported
13:27:06.772 [FXGL Background Thread 1 ] WARN  TilesetLoader        - Diagonally flipped tiles are not currently supported
13:27:06.772 [FXGL Background Thread 1 ] WARN  TilesetLoader        - Diagonally flipped tiles are not currently supported
13:27:06.773 [FXGL Background Thread 1 ] WARN  TilesetLoader        - Diagonally flipped tiles are not currently supported
13:27:06.773 [FXGL Background Thread 1 ] WARN  TilesetLoader        - Diagonally flipped tiles are not currently supported
13:27:06.773 [FXGL Background Thread 1 ] WARN  TilesetLoader        - Diagonally flipped tiles are not currently supported
13:27:06.774 [FXGL Background Thread 1 ] WARN  TilesetLoader        - Diagonally flipped tiles are not currently supported
13:27:06.774 [FXGL Background Thread 1 ] WARN  TilesetLoader        - Diagonally flipped tiles are not currently supported
13:27:06.775 [FXGL Background Thread 1 ] WARN  TilesetLoader        - Diagonally flipped tiles are not currently supported
13:27:06.775 [FXGL Background Thread 1 ] WARN  TilesetLoader        - Diagonally flipped tiles are not currently supported
13:27:06.776 [FXGL Background Thread 1 ] WARN  TilesetLoader        - Diagonally flipped tiles are not currently supported
13:27:06.776 [FXGL Background Thread 1 ] WARN  TilesetLoader        - Diagonally flipped tiles are not currently supported
13:27:06.776 [FXGL Background Thread 1 ] WARN  TilesetLoader        - Diagonally flipped tiles are not currently supported
13:27:06.777 [FXGL Background Thread 1 ] WARN  TilesetLoader        - Diagonally flipped tiles are not currently supported
13:27:06.778 [FXGL Background Thread 1 ] WARN  TilesetLoader        - Diagonally flipped tiles are not currently supported
13:27:06.778 [FXGL Background Thread 1 ] WARN  TilesetLoader        - Diagonally flipped tiles are not currently supported
13:27:06.779 [FXGL Background Thread 1 ] WARN  TilesetLoader        - Diagonally flipped tiles are not currently supported
13:27:06.779 [FXGL Background Thread 1 ] WARN  TilesetLoader        - Diagonally flipped tiles are not currently supported
13:27:06.780 [FXGL Background Thread 1 ] WARN  TilesetLoader        - Diagonally flipped tiles are not currently supported
13:27:06.780 [FXGL Background Thread 1 ] WARN  TilesetLoader        - Diagonally flipped tiles are not currently supported
13:27:06.781 [FXGL Background Thread 1 ] WARN  TilesetLoader        - Diagonally flipped tiles are not currently supported
13:27:06.782 [FXGL Background Thread 1 ] DEBUG TilesetLoader        - Loading view for layer road3
13:27:06.783 [FXGL Background Thread 1 ] DEBUG TilesetLoader        - Created buffer with size 1280.0x800.0
13:27:06.784 [FXGL Background Thread 1 ] DEBUG TilesetLoader        - Loading view for layer bg2
13:27:06.786 [FXGL Background Thread 1 ] DEBUG TilesetLoader        - Created buffer with size 1280.0x800.0
13:27:06.790 [FXGL Background Thread 1 ] WARN  TilesetLoader        - Diagonally flipped tiles are not currently supported
13:27:06.790 [FXGL Background Thread 1 ] WARN  TilesetLoader        - Diagonally flipped tiles are not currently supported
13:27:06.791 [FXGL Background Thread 1 ] WARN  TilesetLoader        - Diagonally flipped tiles are not currently supported
13:27:06.792 [FXGL Background Thread 1 ] WARN  TilesetLoader        - Diagonally flipped tiles are not currently supported
13:27:06.792 [FXGL Background Thread 1 ] WARN  TilesetLoader        - Diagonally flipped tiles are not currently supported
13:27:06.793 [FXGL Background Thread 1 ] WARN  TilesetLoader        - Diagonally flipped tiles are not currently supported
13:27:06.793 [FXGL Background Thread 1 ] WARN  TilesetLoader        - Diagonally flipped tiles are not currently supported
13:27:06.795 [FXGL Background Thread 1 ] DEBUG TMXLevelLoader       - Creating object layer entities
13:27:06.823 [FXGL Background Thread 1 ] DEBUG GameWorld            - Clearing removable entities
13:27:06.824 [FXGL Background Thread 1 ] DEBUG GameWorld            - Setting level: com.almasb.fxgl.entity.level.Level@24ded7d7
13:27:06.838 [FXGL Background Thread 1 ] DEBUG FXGLAssetLoaderServi - Loading from file system: file:/E:/All%20About%20Dev/OOP/FXGL%20new%20Begining/final%20version/Tower%20Defender/Tower-Defender/target/classes/assets/textures/life.png
13:27:06.840 [FXGL Background Thread 1 ] DEBUG FXGLAssetLoaderServi - Loading from file system: file:/E:/All%20About%20Dev/OOP/FXGL%20new%20Begining/final%20version/Tower%20Defender/Tower-Defender/target/classes/assets/textures/skull.png
13:27:06.855 [FXGL Background Thread 1 ] INFO  FXGLApplication      - Game initialization took: 0.440 sec
13:27:06.856 [JavaFX Application Thread] DEBUG Input                - Clearing active input actions
13:27:06.863 [JavaFX Application Thread] DEBUG GameApplicationServi - Removing overlay from FXGLLoadingScene and adding to GameScene
13:27:06.864 [JavaFX Application Thread] DEBUG PrimaryStageWindow   - FXGLLoadingScene -> GameScene
13:27:06.884 [JavaFX Application Thread] DEBUG FXGLAssetLoaderServi - Loading from file system: file:/E:/All%20About%20Dev/OOP/FXGL%20new%20Begining/final%20version/Tower%20Defender/Tower-Defender/target/classes/assets/textures/wolf.png
13:27:06.900 [JavaFX Application Thread] DEBUG FXGLAssetLoaderServi - Loading from file system: file:/E:/All%20About%20Dev/OOP/FXGL%20new%20Begining/final%20version/Tower%20Defender/Tower-Defender/target/classes/assets/textures/bird.png
13:27:07.185 [FXGL Background Thread 2 ] INFO  UpdaterService       - Your current version:  21.1
13:27:07.186 [FXGL Background Thread 2 ] INFO  UpdaterService       - Latest stable version: 25
13:27:07.950 [JavaFX Application Thread] DEBUG PrimaryStageWindow   - Push state: DialogSubScene
13:27:07.952 [JavaFX Application Thread] DEBUG Input                - Clearing active input actions
13:27:07.960 [JavaFX Application Thread] DEBUG GameApplicationServi - Removing overlay from GameScene and adding to DialogSubScene
13:27:07.961 [JavaFX Application Thread] DEBUG PrimaryStageWindow   - GameScene -> DialogSubScene
13:27:09.305 [FXGL Background Thread 3 ] DEBUG Engine               - Logging environment variables
13:27:09.305 [FXGL Background Thread 3 ] DEBUG Engine               - achievements: []
13:27:09.306 [FXGL Background Thread 3 ] DEBUG Engine               - actualHeight: 800.0
13:27:09.306 [FXGL Background Thread 3 ] DEBUG Engine               - actualHeightProperty: ReadOnlyDoubleProperty [value: 800.0]
13:27:09.306 [FXGL Background Thread 3 ] DEBUG Engine               - actualWidth: 1280.0
13:27:09.306 [FXGL Background Thread 3 ] DEBUG Engine               - actualWidthProperty: ReadOnlyDoubleProperty [value: 1280.0]
13:27:09.306 [FXGL Background Thread 3 ] DEBUG Engine               - appIcon: fxgl_icon.png
13:27:09.306 [FXGL Background Thread 3 ] DEBUG Engine               - applicationMode: DEVELOPER
13:27:09.306 [FXGL Background Thread 3 ] DEBUG Engine               - cSSList: [fxgl_dark.css]
13:27:09.306 [FXGL Background Thread 3 ] DEBUG Engine               - collisionDetectionStrategy: BRUTE_FORCE
13:27:09.306 [FXGL Background Thread 3 ] DEBUG Engine               - configClass: Optional.empty
13:27:09.306 [FXGL Background Thread 3 ] DEBUG Engine               - credits: []
13:27:09.306 [FXGL Background Thread 3 ] DEBUG Engine               - defaultCursor: CursorInfo(imageName=fxgl_default_cursor.png, hotspotX=7.0, hotspotY=6.0)
13:27:09.306 [FXGL Background Thread 3 ] DEBUG Engine               - devBBoxColorProperty: ObjectProperty [value: 0xff0000ff]
13:27:09.306 [FXGL Background Thread 3 ] DEBUG Engine               - devEnableDebugCameraProperty: BooleanProperty [value: false]
13:27:09.306 [FXGL Background Thread 3 ] DEBUG Engine               - devSensorColorProperty: ObjectProperty [value: 0xffff00ff]
13:27:09.306 [FXGL Background Thread 3 ] DEBUG Engine               - devShowBBoxProperty: BooleanProperty [value: false]
13:27:09.306 [FXGL Background Thread 3 ] DEBUG Engine               - devShowPositionProperty: BooleanProperty [value: false]
13:27:09.306 [FXGL Background Thread 3 ] DEBUG Engine               - enabledMenuItems: []
13:27:09.306 [FXGL Background Thread 3 ] DEBUG Engine               - engineServices: [class com.almasb.fxgl.app.services.FXGLAssetLoaderService, class com.almasb.fxgl.app.FXGLApplication$GameApplicationService, class com.almasb.fxgl.app.services.FXGLDialogService, class com.almasb.fxgl.app.services.IOTaskExecutorService, class com.almasb.fxgl.io.FileSystemService, class com.almasb.fxgl.localization.LocalizationService, class com.almasb.fxgl.app.services.SystemBundleService, class com.almasb.fxgl.profile.SaveLoadService, class com.almasb.fxgl.ui.FXGLUIFactoryServiceProvider, class com.almasb.fxgl.ui.FXGLDialogFactoryServiceProvider, class com.almasb.fxgl.audio.AudioPlayer, class com.almasb.fxgl.notification.impl.NotificationServiceProvider, class com.almasb.fxgl.achievement.AchievementService, class com.almasb.fxgl.cutscene.CutsceneService, class com.almasb.fxgl.minigames.MiniGameService, class com.almasb.fxgl.net.NetService, class com.almasb.fxgl.app.services.UpdaterService, class com.almasb.fxgl.dev.DevService]
13:27:09.306 [FXGL Background Thread 3 ] DEBUG Engine               - fontGame: Abel-Regular.ttf
13:27:09.306 [FXGL Background Thread 3 ] DEBUG Engine               - fontMono: TerminalLandMono-Regular.otf
13:27:09.306 [FXGL Background Thread 3 ] DEBUG Engine               - fontSizeScaleUI: 1.0
13:27:09.306 [FXGL Background Thread 3 ] DEBUG Engine               - fontText: Courier-Prime.ttf
13:27:09.306 [FXGL Background Thread 3 ] DEBUG Engine               - fontUI: VarelaRound-Regular.ttf
13:27:09.306 [FXGL Background Thread 3 ] DEBUG Engine               - fullScreen: BooleanProperty [value: false]
13:27:09.306 [FXGL Background Thread 3 ] DEBUG Engine               - gameDifficulty: MEDIUM
13:27:09.306 [FXGL Background Thread 3 ] DEBUG Engine               - gameDifficultyProperty: ObjectProperty [value: MEDIUM]
13:27:09.306 [FXGL Background Thread 3 ] DEBUG Engine               - globalMusicVolume: 0.5
13:27:09.307 [FXGL Background Thread 3 ] DEBUG Engine               - globalMusicVolumeProperty: DoubleProperty [value: 0.5]
13:27:09.307 [FXGL Background Thread 3 ] DEBUG Engine               - globalSoundVolume: 0.5
13:27:09.307 [FXGL Background Thread 3 ] DEBUG Engine               - globalSoundVolumeProperty: DoubleProperty [value: 0.5]
13:27:09.307 [FXGL Background Thread 3 ] DEBUG Engine               - height: 800
13:27:09.307 [FXGL Background Thread 3 ] DEBUG Engine               - is3D: false
13:27:09.307 [FXGL Background Thread 3 ] DEBUG Engine               - isAndroid: false
13:27:09.307 [FXGL Background Thread 3 ] DEBUG Engine               - isBrowser: false
13:27:09.307 [FXGL Background Thread 3 ] DEBUG Engine               - isClickFeedbackEnabled: false
13:27:09.307 [FXGL Background Thread 3 ] DEBUG Engine               - isCloseConfirmation: false
13:27:09.307 [FXGL Background Thread 3 ] DEBUG Engine               - isDesktop: true
13:27:09.307 [FXGL Background Thread 3 ] DEBUG Engine               - isDeveloperMenuEnabled: false
13:27:09.307 [FXGL Background Thread 3 ] DEBUG Engine               - isEmbedded: false
13:27:09.307 [FXGL Background Thread 3 ] DEBUG Engine               - isEntityPreloadEnabled: true
13:27:09.307 [FXGL Background Thread 3 ] DEBUG Engine               - isExperimentalTiledLargeMap: false
13:27:09.307 [FXGL Background Thread 3 ] DEBUG Engine               - isFileSystemWriteAllowed: true
13:27:09.307 [FXGL Background Thread 3 ] DEBUG Engine               - isFullScreenAllowed: true
13:27:09.307 [FXGL Background Thread 3 ] DEBUG Engine               - isFullScreenFromStart: false
13:27:09.307 [FXGL Background Thread 3 ] DEBUG Engine               - isGameMenuEnabled: true
13:27:09.307 [FXGL Background Thread 3 ] DEBUG Engine               - isIOS: false
13:27:09.307 [FXGL Background Thread 3 ] DEBUG Engine               - isIntroEnabled: false
13:27:09.307 [FXGL Background Thread 3 ] DEBUG Engine               - isLinux: false
13:27:09.307 [FXGL Background Thread 3 ] DEBUG Engine               - isMac: false
13:27:09.307 [FXGL Background Thread 3 ] DEBUG Engine               - isMainMenuEnabled: false
13:27:09.307 [FXGL Background Thread 3 ] DEBUG Engine               - isManualResizeEnabled: true
13:27:09.307 [FXGL Background Thread 3 ] DEBUG Engine               - isMobile: false
13:27:09.307 [FXGL Background Thread 3 ] DEBUG Engine               - isNative: false
13:27:09.307 [FXGL Background Thread 3 ] DEBUG Engine               - isPauseMusicWhenMinimized: true
13:27:09.307 [FXGL Background Thread 3 ] DEBUG Engine               - isPreserveResizeRatio: false
13:27:09.307 [FXGL Background Thread 3 ] DEBUG Engine               - isProfilingEnabled: false
13:27:09.307 [FXGL Background Thread 3 ] DEBUG Engine               - isScaleAffectedOnResize: true
13:27:09.307 [FXGL Background Thread 3 ] DEBUG Engine               - isSingleStep: false
13:27:09.307 [FXGL Background Thread 3 ] DEBUG Engine               - isUserProfileEnabled: false
13:27:09.307 [FXGL Background Thread 3 ] DEBUG Engine               - isWindows: true
13:27:09.307 [FXGL Background Thread 3 ] DEBUG Engine               - language: ObjectProperty [value: ENGLISH]
13:27:09.307 [FXGL Background Thread 3 ] DEBUG Engine               - menuKey: ESCAPE
13:27:09.307 [FXGL Background Thread 3 ] DEBUG Engine               - mouseSensitivity: 0.2
13:27:09.307 [FXGL Background Thread 3 ] DEBUG Engine               - notificationViewClass: class com.almasb.fxgl.notification.view.XboxNotificationView
13:27:09.307 [FXGL Background Thread 3 ] DEBUG Engine               - pixelsPerMeter: 50.0
13:27:09.307 [FXGL Background Thread 3 ] DEBUG Engine               - platform: WINDOWS
13:27:09.307 [FXGL Background Thread 3 ] DEBUG Engine               - prefHeightProperty: ReadOnlyDoubleProperty [value: 800.0]
13:27:09.307 [FXGL Background Thread 3 ] DEBUG Engine               - prefWidthProperty: ReadOnlyDoubleProperty [value: 1280.0]
13:27:09.307 [FXGL Background Thread 3 ] DEBUG Engine               - profileDir: profiles/
13:27:09.307 [FXGL Background Thread 3 ] DEBUG Engine               - profileName: StringProperty [value: DEFAULT]
13:27:09.307 [FXGL Background Thread 3 ] DEBUG Engine               - randomSeed: -1
13:27:09.307 [FXGL Background Thread 3 ] DEBUG Engine               - runtimeInfo: RuntimeInfo(platform=WINDOWS, version=21.1, build=27.03.2024 07.52)
13:27:09.307 [FXGL Background Thread 3 ] DEBUG Engine               - saveFileExt: sav
13:27:09.307 [FXGL Background Thread 3 ] DEBUG Engine               - scaledHeightProp$fxgl: DoubleProperty [bound, value: 800.0]
13:27:09.307 [FXGL Background Thread 3 ] DEBUG Engine               - scaledWidthProp$fxgl: DoubleProperty [bound, value: 1280.0]
13:27:09.307 [FXGL Background Thread 3 ] DEBUG Engine               - sceneFactory: com.almasb.fxgl.app.scene.SceneFactory@28a5bcb2
13:27:09.308 [FXGL Background Thread 3 ] DEBUG Engine               - secondsIn24h: 60
13:27:09.308 [FXGL Background Thread 3 ] DEBUG Engine               - soundMenuBack: menu/back.wav
13:27:09.308 [FXGL Background Thread 3 ] DEBUG Engine               - soundMenuPress: menu/press.wav
13:27:09.308 [FXGL Background Thread 3 ] DEBUG Engine               - soundMenuSelect: menu/select.wav
13:27:09.308 [FXGL Background Thread 3 ] DEBUG Engine               - soundNotification: core/notification.wav
13:27:09.308 [FXGL Background Thread 3 ] DEBUG Engine               - stageStyle: DECORATED
13:27:09.308 [FXGL Background Thread 3 ] DEBUG Engine               - supportedLanguages: [ENGLISH, FRENCH, GERMAN, HUNGARIAN, RUSSIAN]
13:27:09.308 [FXGL Background Thread 3 ] DEBUG Engine               - ticksPerSecond: -1
13:27:09.308 [FXGL Background Thread 3 ] DEBUG Engine               - title: Ghost Hunter
13:27:09.308 [FXGL Background Thread 3 ] DEBUG Engine               - urlGithub: https://github.com/AlmasB/FXGL
13:27:09.308 [FXGL Background Thread 3 ] DEBUG Engine               - urlLeaderboard: http://fxgl-top.herokuapp.com/
13:27:09.308 [FXGL Background Thread 3 ] DEBUG Engine               - urlPOM: https://raw.githubusercontent.com/AlmasB/FXGL/release/README.md
13:27:09.308 [FXGL Background Thread 3 ] DEBUG Engine               - userAppClass: class org.saikat.Game
13:27:09.308 [FXGL Background Thread 3 ] DEBUG Engine               - version: 1.0
13:27:09.308 [FXGL Background Thread 3 ] DEBUG Engine               - versionCheckDays: 7
13:27:09.308 [FXGL Background Thread 3 ] DEBUG Engine               - width: 1280
13:27:09.308 [FXGL Background Thread 3 ] DEBUG Engine               - Logging services
13:27:09.308 [FXGL Background Thread 3 ] DEBUG Engine               - class com.almasb.fxgl.app.services.FXGLAssetLoaderService
13:27:09.308 [FXGL Background Thread 3 ] DEBUG Engine               - class com.almasb.fxgl.app.FXGLApplication$GameApplicationService
13:27:09.308 [FXGL Background Thread 3 ] DEBUG Engine               - class com.almasb.fxgl.app.services.FXGLDialogService
13:27:09.308 [FXGL Background Thread 3 ] DEBUG Engine               - class com.almasb.fxgl.app.services.IOTaskExecutorService
13:27:09.308 [FXGL Background Thread 3 ] DEBUG Engine               - class com.almasb.fxgl.io.FileSystemService
13:27:09.308 [FXGL Background Thread 3 ] DEBUG Engine               - class com.almasb.fxgl.localization.LocalizationService
13:27:09.308 [FXGL Background Thread 3 ] DEBUG Engine               - class com.almasb.fxgl.app.services.SystemBundleService
13:27:09.308 [FXGL Background Thread 3 ] DEBUG Engine               - class com.almasb.fxgl.profile.SaveLoadService
13:27:09.308 [FXGL Background Thread 3 ] DEBUG Engine               - class com.almasb.fxgl.ui.FXGLUIFactoryServiceProvider
13:27:09.308 [FXGL Background Thread 3 ] DEBUG Engine               - class com.almasb.fxgl.ui.FXGLDialogFactoryServiceProvider
13:27:09.308 [FXGL Background Thread 3 ] DEBUG Engine               - class com.almasb.fxgl.audio.AudioPlayer
13:27:09.308 [FXGL Background Thread 3 ] DEBUG Engine               - class com.almasb.fxgl.notification.impl.NotificationServiceProvider
13:27:09.308 [FXGL Background Thread 3 ] DEBUG Engine               - class com.almasb.fxgl.achievement.AchievementService
13:27:09.308 [FXGL Background Thread 3 ] DEBUG Engine               - class com.almasb.fxgl.cutscene.CutsceneService
13:27:09.308 [FXGL Background Thread 3 ] DEBUG Engine               - class com.almasb.fxgl.minigames.MiniGameService
13:27:09.308 [FXGL Background Thread 3 ] DEBUG Engine               - class com.almasb.fxgl.net.NetService
13:27:09.308 [FXGL Background Thread 3 ] DEBUG Engine               - class com.almasb.fxgl.app.services.UpdaterService
13:27:09.308 [FXGL Background Thread 3 ] DEBUG Engine               - class com.almasb.fxgl.dev.DevService
13:27:09.685 [JavaFX Application Thread] DEBUG PrimaryStageWindow   - Pop state: DialogSubScene
13:27:09.685 [JavaFX Application Thread] DEBUG Input                - Clearing active input actions
13:27:09.687 [JavaFX Application Thread] DEBUG GameApplicationServi - Removing overlay from DialogSubScene and adding to GameScene
13:27:09.688 [JavaFX Application Thread] DEBUG PrimaryStageWindow   - GameScene <- DialogSubScene
13:27:09.688 [JavaFX Application Thread] DEBUG LoopRunner           - Resuming loop
13:27:09.689 [JavaFX Application Thread] DEBUG FXGLAssetLoaderServi - Loading from file system: file:/E:/All%20About%20Dev/OOP/FXGL%20new%20Begining/final%20version/Tower%20Defender/Tower-Defender/target/classes/assets/textures/tank_bullet.png
13:27:09.692 [JavaFX Application Thread] DEBUG FXGLAssetLoaderServi - Loading from file system: file:/E:/All%20About%20Dev/OOP/FXGL%20new%20Begining/final%20version/Tower%20Defender/Tower-Defender/target/classes/assets/textures/spell.png
13:27:16.851 [JavaFX Application Thread] DEBUG PrimaryStageWindow   - Push state: DialogSubScene
13:27:16.851 [JavaFX Application Thread] DEBUG Input                - Clearing active input actions
13:27:16.852 [JavaFX Application Thread] DEBUG GameApplicationServi - Removing overlay from GameScene and adding to DialogSubScene
13:27:16.852 [JavaFX Application Thread] DEBUG PrimaryStageWindow   - GameScene -> DialogSubScene
13:27:18.523 [JavaFX Application Thread] DEBUG PrimaryStageWindow   - Pop state: DialogSubScene
13:27:18.523 [JavaFX Application Thread] DEBUG Input                - Clearing active input actions
13:27:18.523 [JavaFX Application Thread] DEBUG GameApplicationServi - Removing overlay from DialogSubScene and adding to GameScene
13:27:18.523 [JavaFX Application Thread] DEBUG PrimaryStageWindow   - GameScene <- DialogSubScene
13:27:18.523 [JavaFX Application Thread] DEBUG LoopRunner           - Resuming loop
13:27:21.492 [JavaFX Application Thread] DEBUG PrimaryStageWindow   - Push state: DialogSubScene
13:27:21.493 [JavaFX Application Thread] DEBUG Input                - Clearing active input actions
13:27:21.493 [JavaFX Application Thread] DEBUG GameApplicationServi - Removing overlay from GameScene and adding to DialogSubScene
13:27:21.494 [JavaFX Application Thread] DEBUG PrimaryStageWindow   - GameScene -> DialogSubScene
13:27:23.648 [JavaFX Application Thread] DEBUG PrimaryStageWindow   - Pop state: DialogSubScene
13:27:23.648 [JavaFX Application Thread] DEBUG Input                - Clearing active input actions
13:27:23.649 [JavaFX Application Thread] DEBUG GameApplicationServi - Removing overlay from DialogSubScene and adding to GameScene
13:27:23.649 [JavaFX Application Thread] DEBUG PrimaryStageWindow   - GameScene <- DialogSubScene
13:27:23.650 [JavaFX Application Thread] DEBUG FXGLAssetLoaderServi - Loading from file system: file:/E:/All%20About%20Dev/OOP/FXGL%20new%20Begining/final%20version/Tower%20Defender/Tower-Defender/target/classes/assets/textures/spell2.png
13:27:26.214 [JavaFX Application Thread] DEBUG FXGLApplication      - Exiting FXGL
13:27:26.215 [JavaFX Application Thread] DEBUG LoopRunner           - Stopping loop
13:27:26.215 [JavaFX Application Thread] DEBUG SystemBundleService  - Saving FXGL system data
13:27:26.221 [JavaFX Application Thread] DEBUG FileSystemAccess     - Writing to: E:\All About Dev\OOP\FXGL new Begining\final version\Tower Defender\Tower-Defender\system\fxgl.bundle
13:27:26.224 [JavaFX Application Thread] DEBUG Async                - Shutting down background threads
13:27:26.224 [JavaFX Application Thread] DEBUG PrimaryStageWindow   - Closing main window
13:27:26.250 [JavaFX Application Thread] DEBUG Logger               - Closing Logger
