01:39:10.087 [main                     ] DEBUG Logger               - Configured Logger
01:39:10.112 [main                     ] DEBUG GameApplication      - Logging settings
Title: 1945
Version: 0.1
Width: 1280
Height: 800
Fullscreen: true
Intro: false
Profiling: false
Single step:false
App Mode: DEVELOPER
Menu Key: ESCAPE
Stage Style: DECORATED
Scene Factory: class com.almasb.fxgl.app.scene.SceneFactory

01:39:10.943 [JavaFX Application Thread] DEBUG FXGLApplication      - Initializing FXGL
01:39:10.954 [JavaFX Application Thread] INFO  Engine               - FXGL-21.1 (27.03.2024 07.52) on WINDOWS (J:21.0.9 FX:21.0.1)
01:39:10.955 [JavaFX Application Thread] DEBUG Engine               - JRE Vendor Name: Oracle Corporation
01:39:10.955 [JavaFX Application Thread] DEBUG Engine               - Running on OS: Windows 11 version 10.0
01:39:10.955 [JavaFX Application Thread] DEBUG Engine               - Architecture: amd64
01:39:10.955 [JavaFX Application Thread] INFO  Engine               - Source code and latest versions at: https://github.com/AlmasB/FXGL
01:39:10.956 [JavaFX Application Thread] INFO  Engine               -       Ask questions and discuss at: https://github.com/AlmasB/FXGL/discussions
01:39:10.956 [JavaFX Application Thread] INFO  Engine               -              Join the FXGL chat at: https://gitter.im/AlmasB/FXGL
01:39:11.103 [JavaFX Application Thread] DEBUG PrimaryStageWindow   - Creating a JavaFX scene
01:39:11.180 [JavaFX Application Thread] DEBUG PrimaryStageWindow   - Target settings size: 1280.0 x 800.0
01:39:11.181 [JavaFX Application Thread] DEBUG PrimaryStageWindow   - Scaled scene size:    1280.0 x 800.0
01:39:11.181 [JavaFX Application Thread] DEBUG PrimaryStageWindow   - Scaled ratio: (1.0, 1.0)
01:39:11.183 [JavaFX Application Thread] DEBUG PrimaryStageWindow   - Set initial scene to FXGLStartupScene
01:39:11.188 [JavaFX Application Thread] DEBUG PrimaryStageWindow   - Opening main window
01:39:11.377 [JavaFX Application Thread] DEBUG PrimaryStageWindow   - Window border size: (14.4000244140625, 37.5999755859375)
01:39:11.377 [JavaFX Application Thread] DEBUG PrimaryStageWindow   - Scaled size: 1280.0 x 800.0
01:39:11.378 [JavaFX Application Thread] DEBUG PrimaryStageWindow   - Scaled ratio: (1.0, 1.0)
01:39:11.378 [JavaFX Application Thread] DEBUG PrimaryStageWindow   - Scene size: 1280.0 x 800.0
01:39:11.378 [JavaFX Application Thread] DEBUG PrimaryStageWindow   - Stage size: 1294.4000244140625 x 837.5999755859375
01:39:11.397 [FXGL Background Thread 1 ] DEBUG Engine               - Initializing environment variables
01:39:11.502 [FXGL Background Thread 1 ] DEBUG FXGLAssetLoaderServi - User app class for loading assets: class org.saikat.Main
01:39:11.502 [FXGL Background Thread 1 ] DEBUG GameApplicationServi - Applying CSS: fxgl_dark.css
01:39:11.503 [FXGL Background Thread 1 ] DEBUG FXGLAssetLoaderServi - Loading from file system: jar:file:/C:/Users/HP/.m2/repository/com/github/almasb/fxgl/21.1/fxgl-21.1.jar!/fxglassets/ui/css/fxgl_dark.css
01:39:11.569 [FXGL Background Thread 1 ] DEBUG GameApplicationServi - Initializing application scenes
01:39:11.635 [FXGL Background Thread 1 ] DEBUG GameWorld            - Game world initialized
01:39:11.723 [FXGL Background Thread 1 ] DEBUG PhysicsWorld         - Physics world initialized: appHeight=800, physics.ppm=50.0
01:39:11.723 [FXGL Background Thread 1 ] DEBUG PhysicsWorld         - Using strategy: BRUTE_FORCE
01:39:11.728 [FXGL Background Thread 1 ] DEBUG GameScene            - Game scene initialized: 1280x800
01:39:11.753 [FXGL Background Thread 1 ] DEBUG FXGL.DefaultMenu     - createMenuBodyGameMenu()
01:39:11.774 [FXGL Background Thread 1 ] DEBUG FXGL.DefaultMenu     - createOptionsMenu()
01:39:11.790 [FXGL Background Thread 1 ] DEBUG FXGLAssetLoaderServi - Loading from file system: jar:file:/C:/Users/HP/.m2/repository/com/github/almasb/fxgl/21.1/fxgl-21.1.jar!/fxglassets/textures/particles/smoke.png
01:39:11.931 [FXGL Background Thread 1 ] DEBUG FXGLAssetLoaderServi - Loading from file system: jar:file:/C:/Users/HP/.m2/repository/com/github/almasb/fxgl/21.1/fxgl-21.1.jar!/fxglassets/textures/particles/trace_horizontal.png
01:39:11.956 [FXGL Background Thread 1 ] DEBUG GameApplicationServi - Application scenes initialized
01:39:11.977 [FXGL Background Thread 1 ] DEBUG SystemBundleService  - Loading FXGL system data
01:39:11.986 [FXGL Background Thread 1 ] DEBUG FileSystemAccess     - Reading from: E:\All About Dev\OOP\FXGL new Begining\final version\Tower Defender\Tower-Defender\system\fxgl.bundle
01:39:12.007 [FXGL Background Thread 1 ] DEBUG SystemBundleService  - Bundle FXGL: {}
01:39:12.008 [FXGL Background Thread 1 ] DEBUG UpdaterService       - Checking for updates
01:39:12.017 [FXGL Background Thread 4 ] DEBUG FXGLApplication      - Loading fonts
01:39:12.017 [FXGL Background Thread 4 ] DEBUG FXGLAssetLoaderServi - Loading from file system: jar:file:/C:/Users/HP/.m2/repository/com/github/almasb/fxgl/21.1/fxgl-21.1.jar!/fxglassets/ui/fonts/VarelaRound-Regular.ttf
01:39:12.018 [FXGL Background Thread 1 ] DEBUG FXGLApplication      - Loading default localization
01:39:12.018 [FXGL Background Thread 1 ] DEBUG FXGLAssetLoaderServi - Loading from file system: jar:file:/C:/Users/HP/.m2/repository/com/github/almasb/fxgl/21.1/fxgl-21.1.jar!/fxglassets/languages/english.lang
01:39:12.057 [FXGL Background Thread 1 ] INFO  FXGLApplication      - FXGL initialization took: 0.660 sec
01:39:12.065 [JavaFX Application Thread] DEBUG Input                - Registered new binding: getTower - LMB
01:39:12.066 [JavaFX Application Thread] DEBUG FXGLAssetLoaderServi - Loading from file system: jar:file:/C:/Users/HP/.m2/repository/com/github/almasb/fxgl/21.1/fxgl-21.1.jar!/fxglassets/textures/fxgl_icon.png
01:39:12.094 [JavaFX Application Thread] DEBUG FXGLAssetLoaderServi - Loading from file system: jar:file:/C:/Users/HP/.m2/repository/com/github/almasb/fxgl/21.1/fxgl-21.1.jar!/fxglassets/textures/fxgl_default_cursor.png
01:39:12.106 [JavaFX Application Thread] DEBUG Input                - Registered new binding: Screenshot - CTRL+8
01:39:12.108 [JavaFX Application Thread] DEBUG Input                - Registered new binding: System info dump - CTRL+9
01:39:12.109 [JavaFX Application Thread] DEBUG Input                - Registered new binding: Restart - CTRL+R
01:39:12.110 [JavaFX Application Thread] DEBUG Input                - Registered new binding: Toggle Debug Camera - CTRL+7
01:39:12.115 [JavaFX Application Thread] DEBUG LoopRunner           - Starting loop
01:39:12.115 [JavaFX Application Thread] DEBUG LoopRunner           - Initializing JavaFX AnimationTimerLoop
01:39:12.116 [JavaFX Application Thread] DEBUG GameApplicationServi - Starting new game
01:39:12.117 [JavaFX Application Thread] DEBUG Input                - Clearing active input actions
01:39:12.134 [JavaFX Application Thread] DEBUG GameApplicationServi - Removing overlay from FXGLStartupScene and adding to FXGLLoadingScene
01:39:12.134 [JavaFX Application Thread] DEBUG PrimaryStageWindow   - FXGLStartupScene -> FXGLLoadingScene
01:39:12.134 [JavaFX Application Thread] DEBUG GameApplicationServi - Clearing previous game
01:39:12.134 [JavaFX Application Thread] DEBUG GameScene            - Clearing game scene
01:39:12.134 [JavaFX Application Thread] DEBUG GameWorld            - Clearing game world
01:39:12.134 [JavaFX Application Thread] DEBUG PhysicsWorld         - Clearing physics world
01:39:12.137 [FXGL Background Thread 1 ] DEBUG FXGLApplication      - Initializing game
01:39:12.247 [FXGL Background Thread 4 ] DEBUG FXGLAssetLoaderServi - Loading from file system: jar:file:/C:/Users/HP/.m2/repository/com/github/almasb/fxgl/21.1/fxgl-21.1.jar!/fxglassets/ui/fonts/Abel-Regular.ttf
01:39:12.257 [FXGL Background Thread 4 ] DEBUG FXGLAssetLoaderServi - Loading from file system: jar:file:/C:/Users/HP/.m2/repository/com/github/almasb/fxgl/21.1/fxgl-21.1.jar!/fxglassets/ui/fonts/TerminalLandMono-Regular.otf
01:39:12.261 [FXGL Background Thread 1 ] WARN  TMXLevelLoader       - TiledMap generated from 1.12.2. Supported version: 1.9.0. Some features may not be parsed fully.
01:39:12.265 [FXGL Background Thread 4 ] DEBUG FXGLAssetLoaderServi - Loading from file system: jar:file:/C:/Users/HP/.m2/repository/com/github/almasb/fxgl/21.1/fxgl-21.1.jar!/fxglassets/ui/fonts/Courier-Prime.ttf
01:39:12.270 [FXGL Background Thread 1 ] DEBUG TMXLevelLoader       - Parsed TiledMap: file:/E:/All%20About%20Dev/OOP/FXGL%20new%20Begining/final%20version/Tower%20Defender/Tower-Defender/target/classes/assets/levels/wall.tmx
01:39:12.272 [FXGL Background Thread 1 ] DEBUG TMXLevelLoader       - Creating tile layer entities
01:39:12.278 [FXGL Background Thread 1 ] DEBUG TilesetLoader        - Loading view for layer background
01:39:12.280 [FXGL Background Thread 1 ] DEBUG TilesetLoader        - Created buffer with size 1280.0x800.0
01:39:12.317 [FXGL Background Thread 1 ] DEBUG TilesetLoader        - Loading view for layer Road
01:39:12.319 [FXGL Background Thread 1 ] DEBUG TilesetLoader        - Created buffer with size 1280.0x800.0
01:39:12.322 [FXGL Background Thread 1 ] DEBUG TMXLevelLoader       - Creating object layer entities
01:39:12.323 [FXGL Background Thread 1 ] DEBUG GameWorld            - Clearing removable entities
01:39:12.325 [FXGL Background Thread 1 ] DEBUG GameWorld            - Setting level: com.almasb.fxgl.entity.level.Level@68917118
01:39:12.342 [FXGL Background Thread 1 ] INFO  FXGLApplication      - Game initialization took: 0.205 sec
01:39:12.361 [JavaFX Application Thread] DEBUG FXGLApplication      - Registering font factories with UI factory
01:39:12.365 [JavaFX Application Thread] DEBUG Input                - Clearing active input actions
01:39:12.373 [JavaFX Application Thread] DEBUG GameApplicationServi - Removing overlay from FXGLLoadingScene and adding to GameScene
01:39:12.373 [JavaFX Application Thread] DEBUG PrimaryStageWindow   - FXGLLoadingScene -> GameScene
01:39:13.990 [FXGL Background Thread 2 ] INFO  UpdaterService       - Your current version:  21.1
01:39:13.991 [FXGL Background Thread 2 ] INFO  UpdaterService       - Latest stable version: 25
01:39:14.432 [JavaFX Application Thread] DEBUG FXGLApplication      - Exiting FXGL
01:39:14.432 [JavaFX Application Thread] DEBUG LoopRunner           - Stopping loop
01:39:14.432 [JavaFX Application Thread] DEBUG SystemBundleService  - Saving FXGL system data
01:39:14.438 [JavaFX Application Thread] DEBUG FileSystemAccess     - Writing to: E:\All About Dev\OOP\FXGL new Begining\final version\Tower Defender\Tower-Defender\system\fxgl.bundle
01:39:14.442 [JavaFX Application Thread] DEBUG Async                - Shutting down background threads
01:39:14.442 [JavaFX Application Thread] DEBUG PrimaryStageWindow   - Closing main window
01:39:14.475 [JavaFX Application Thread] DEBUG Logger               - Closing Logger
