15:25:51.176 [main                     ] DEBUG Logger               - Configured Logger
15:25:51.206 [main                     ] DEBUG GameApplication      - Logging settings
Title: Ghost Hunter
Version: 1.0
Width: 1280
Height: 800
Fullscreen: true
Intro: false
Profiling: false
Single step:false
App Mode: DEVELOPER
Menu Key: ESCAPE
Stage Style: DECORATED
Scene Factory: class com.almasb.fxgl.app.scene.SceneFactory

15:25:51.952 [JavaFX Application Thread] DEBUG FXGLApplication      - Initializing FXGL
15:25:51.957 [JavaFX Application Thread] INFO  Engine               - FXGL-21.1 (27.03.2024 07.52) on WINDOWS (J:21.0.9 FX:21.0.1)
15:25:51.957 [JavaFX Application Thread] DEBUG Engine               - JRE Vendor Name: Oracle Corporation
15:25:51.958 [JavaFX Application Thread] DEBUG Engine               - Running on OS: Windows 11 version 10.0
15:25:51.958 [JavaFX Application Thread] DEBUG Engine               - Architecture: amd64
15:25:51.958 [JavaFX Application Thread] INFO  Engine               - Source code and latest versions at: https://github.com/AlmasB/FXGL
15:25:51.958 [JavaFX Application Thread] INFO  Engine               -       Ask questions and discuss at: https://github.com/AlmasB/FXGL/discussions
15:25:51.958 [JavaFX Application Thread] INFO  Engine               -              Join the FXGL chat at: https://gitter.im/AlmasB/FXGL
15:25:52.103 [JavaFX Application Thread] DEBUG PrimaryStageWindow   - Creating a JavaFX scene
15:25:52.167 [JavaFX Application Thread] DEBUG PrimaryStageWindow   - Target settings size: 1280.0 x 800.0
15:25:52.168 [JavaFX Application Thread] DEBUG PrimaryStageWindow   - Scaled scene size:    1280.0 x 800.0
15:25:52.168 [JavaFX Application Thread] DEBUG PrimaryStageWindow   - Scaled ratio: (1.0, 1.0)
15:25:52.169 [JavaFX Application Thread] DEBUG PrimaryStageWindow   - Set initial scene to FXGLStartupScene
15:25:52.175 [JavaFX Application Thread] DEBUG PrimaryStageWindow   - Opening main window
15:25:52.304 [JavaFX Application Thread] DEBUG PrimaryStageWindow   - Window border size: (14.4000244140625, 37.5999755859375)
15:25:52.304 [JavaFX Application Thread] DEBUG PrimaryStageWindow   - Scaled size: 1280.0 x 800.0
15:25:52.304 [JavaFX Application Thread] DEBUG PrimaryStageWindow   - Scaled ratio: (1.0, 1.0)
15:25:52.305 [JavaFX Application Thread] DEBUG PrimaryStageWindow   - Scene size: 1280.0 x 800.0
15:25:52.305 [JavaFX Application Thread] DEBUG PrimaryStageWindow   - Stage size: 1294.4000244140625 x 837.5999755859375
15:25:52.317 [FXGL Background Thread 1 ] DEBUG Engine               - Initializing environment variables
15:25:52.413 [FXGL Background Thread 1 ] DEBUG FXGLAssetLoaderServi - User app class for loading assets: class org.saikat.Game
15:25:52.414 [FXGL Background Thread 1 ] DEBUG GameApplicationServi - Applying CSS: fxgl_dark.css
15:25:52.415 [FXGL Background Thread 1 ] DEBUG FXGLAssetLoaderServi - Loading from file system: jar:file:/C:/Users/HP/.m2/repository/com/github/almasb/fxgl/21.1/fxgl-21.1.jar!/fxglassets/ui/css/fxgl_dark.css
15:25:52.478 [FXGL Background Thread 1 ] DEBUG GameApplicationServi - Initializing application scenes
15:25:52.542 [FXGL Background Thread 1 ] DEBUG GameWorld            - Game world initialized
15:25:52.655 [FXGL Background Thread 1 ] DEBUG PhysicsWorld         - Physics world initialized: appHeight=800, physics.ppm=50.0
15:25:52.656 [FXGL Background Thread 1 ] DEBUG PhysicsWorld         - Using strategy: BRUTE_FORCE
15:25:52.662 [FXGL Background Thread 1 ] DEBUG GameScene            - Game scene initialized: 1280x800
15:25:52.676 [FXGL Background Thread 1 ] DEBUG FXGL.DefaultMenu     - createMenuBodyGameMenu()
15:25:52.693 [FXGL Background Thread 1 ] DEBUG FXGL.DefaultMenu     - createOptionsMenu()
15:25:52.707 [FXGL Background Thread 1 ] DEBUG FXGLAssetLoaderServi - Loading from file system: jar:file:/C:/Users/HP/.m2/repository/com/github/almasb/fxgl/21.1/fxgl-21.1.jar!/fxglassets/textures/particles/smoke.png
15:25:52.869 [FXGL Background Thread 1 ] DEBUG FXGLAssetLoaderServi - Loading from file system: jar:file:/C:/Users/HP/.m2/repository/com/github/almasb/fxgl/21.1/fxgl-21.1.jar!/fxglassets/textures/particles/trace_horizontal.png
15:25:52.902 [FXGL Background Thread 1 ] DEBUG GameApplicationServi - Application scenes initialized
15:25:52.920 [FXGL Background Thread 1 ] DEBUG SystemBundleService  - Loading FXGL system data
15:25:52.927 [FXGL Background Thread 1 ] DEBUG FileSystemAccess     - Reading from: E:\All About Dev\OOP\FXGL new Begining\final version\Tower Defender\Tower-Defender\system\fxgl.bundle
15:25:52.946 [FXGL Background Thread 1 ] DEBUG SystemBundleService  - Bundle FXGL: {}
15:25:52.946 [FXGL Background Thread 1 ] DEBUG UpdaterService       - Checking for updates
15:25:52.951 [FXGL Background Thread 4 ] DEBUG FXGLApplication      - Loading fonts
15:25:52.952 [FXGL Background Thread 1 ] DEBUG FXGLApplication      - Loading default localization
15:25:52.952 [FXGL Background Thread 4 ] DEBUG FXGLAssetLoaderServi - Loading from file system: jar:file:/C:/Users/HP/.m2/repository/com/github/almasb/fxgl/21.1/fxgl-21.1.jar!/fxglassets/ui/fonts/VarelaRound-Regular.ttf
15:25:52.953 [FXGL Background Thread 1 ] DEBUG FXGLAssetLoaderServi - Loading from file system: jar:file:/C:/Users/HP/.m2/repository/com/github/almasb/fxgl/21.1/fxgl-21.1.jar!/fxglassets/languages/english.lang
15:25:52.994 [FXGL Background Thread 1 ] INFO  FXGLApplication      - FXGL initialization took: 0.676 sec
15:25:53.003 [FXGL Background Thread 4 ] DEBUG FXGLAssetLoaderServi - Loading from file system: jar:file:/C:/Users/HP/.m2/repository/com/github/almasb/fxgl/21.1/fxgl-21.1.jar!/fxglassets/ui/fonts/Abel-Regular.ttf
15:25:53.006 [JavaFX Application Thread] DEBUG Input                - Registered new binding: add tower - LMB
15:25:53.006 [JavaFX Application Thread] DEBUG Input                - Registered new binding: remove tower - RMB
15:25:53.006 [JavaFX Application Thread] DEBUG FXGLAssetLoaderServi - Loading from file system: jar:file:/C:/Users/HP/.m2/repository/com/github/almasb/fxgl/21.1/fxgl-21.1.jar!/fxglassets/textures/fxgl_icon.png
15:25:53.008 [FXGL Background Thread 4 ] DEBUG FXGLAssetLoaderServi - Loading from file system: jar:file:/C:/Users/HP/.m2/repository/com/github/almasb/fxgl/21.1/fxgl-21.1.jar!/fxglassets/ui/fonts/TerminalLandMono-Regular.otf
15:25:53.013 [FXGL Background Thread 4 ] DEBUG FXGLAssetLoaderServi - Loading from file system: jar:file:/C:/Users/HP/.m2/repository/com/github/almasb/fxgl/21.1/fxgl-21.1.jar!/fxglassets/ui/fonts/Courier-Prime.ttf
15:25:53.029 [JavaFX Application Thread] DEBUG FXGLAssetLoaderServi - Loading from file system: jar:file:/C:/Users/HP/.m2/repository/com/github/almasb/fxgl/21.1/fxgl-21.1.jar!/fxglassets/textures/fxgl_default_cursor.png
15:25:53.039 [JavaFX Application Thread] DEBUG Input                - Registered new binding: Screenshot - CTRL+8
15:25:53.039 [JavaFX Application Thread] DEBUG Input                - Registered new binding: System info dump - CTRL+9
15:25:53.040 [JavaFX Application Thread] DEBUG Input                - Registered new binding: Restart - CTRL+R
15:25:53.041 [JavaFX Application Thread] DEBUG Input                - Registered new binding: Toggle Debug Camera - CTRL+7
15:25:53.045 [JavaFX Application Thread] DEBUG LoopRunner           - Starting loop
15:25:53.045 [JavaFX Application Thread] DEBUG LoopRunner           - Initializing JavaFX AnimationTimerLoop
15:25:53.048 [JavaFX Application Thread] DEBUG GameApplicationServi - Starting new game
15:25:53.048 [JavaFX Application Thread] DEBUG Input                - Clearing active input actions
15:25:53.061 [JavaFX Application Thread] DEBUG GameApplicationServi - Removing overlay from FXGLStartupScene and adding to FXGLLoadingScene
15:25:53.062 [JavaFX Application Thread] DEBUG PrimaryStageWindow   - FXGLStartupScene -> FXGLLoadingScene
15:25:53.062 [JavaFX Application Thread] DEBUG GameApplicationServi - Clearing previous game
15:25:53.062 [JavaFX Application Thread] DEBUG GameScene            - Clearing game scene
15:25:53.062 [JavaFX Application Thread] DEBUG GameWorld            - Clearing game world
15:25:53.062 [JavaFX Application Thread] DEBUG PhysicsWorld         - Clearing physics world
15:25:53.065 [FXGL Background Thread 4 ] DEBUG FXGLApplication      - Initializing game
15:25:53.068 [JavaFX Application Thread] DEBUG FXGLApplication      - Registering font factories with UI factory
15:25:53.158 [FXGL Background Thread 4 ] WARN  TMXLevelLoader       - TiledMap generated from 1.12.2. Supported version: 1.9.0. Some features may not be parsed fully.
15:25:53.193 [FXGL Background Thread 4 ] DEBUG TMXLevelLoader       - Parsed TiledMap: file:/E:/All%20About%20Dev/OOP/FXGL%20new%20Begining/final%20version/Tower%20Defender/Tower-Defender/target/classes/assets/levels/wall.tmx
15:25:53.196 [FXGL Background Thread 4 ] DEBUG TMXLevelLoader       - Creating tile layer entities
15:25:53.200 [FXGL Background Thread 4 ] DEBUG TilesetLoader        - Loading view for layer background
15:25:53.202 [FXGL Background Thread 4 ] DEBUG TilesetLoader        - Created buffer with size 1280.0x800.0
15:25:53.234 [FXGL Background Thread 4 ] DEBUG TilesetLoader        - Loading view for layer tower spot layer
15:25:53.237 [FXGL Background Thread 4 ] DEBUG TilesetLoader        - Created buffer with size 1280.0x800.0
15:25:53.245 [FXGL Background Thread 4 ] DEBUG TilesetLoader        - Loading view for layer Road
15:25:53.247 [FXGL Background Thread 4 ] DEBUG TilesetLoader        - Created buffer with size 1280.0x800.0
15:25:53.252 [FXGL Background Thread 4 ] DEBUG TilesetLoader        - Loading view for layer road2
15:25:53.255 [FXGL Background Thread 4 ] DEBUG TilesetLoader        - Created buffer with size 1280.0x800.0
15:25:53.259 [FXGL Background Thread 4 ] WARN  TilesetLoader        - Diagonally flipped tiles are not currently supported
15:25:53.260 [FXGL Background Thread 4 ] WARN  TilesetLoader        - Diagonally flipped tiles are not currently supported
15:25:53.261 [FXGL Background Thread 4 ] WARN  TilesetLoader        - Diagonally flipped tiles are not currently supported
15:25:53.262 [FXGL Background Thread 4 ] WARN  TilesetLoader        - Diagonally flipped tiles are not currently supported
15:25:53.263 [FXGL Background Thread 4 ] WARN  TilesetLoader        - Diagonally flipped tiles are not currently supported
15:25:53.263 [FXGL Background Thread 4 ] WARN  TilesetLoader        - Diagonally flipped tiles are not currently supported
15:25:53.264 [FXGL Background Thread 4 ] WARN  TilesetLoader        - Diagonally flipped tiles are not currently supported
15:25:53.265 [FXGL Background Thread 4 ] WARN  TilesetLoader        - Diagonally flipped tiles are not currently supported
15:25:53.266 [FXGL Background Thread 4 ] WARN  TilesetLoader        - Diagonally flipped tiles are not currently supported
15:25:53.267 [FXGL Background Thread 4 ] WARN  TilesetLoader        - Diagonally flipped tiles are not currently supported
15:25:53.268 [FXGL Background Thread 4 ] WARN  TilesetLoader        - Diagonally flipped tiles are not currently supported
15:25:53.268 [FXGL Background Thread 4 ] WARN  TilesetLoader        - Diagonally flipped tiles are not currently supported
15:25:53.269 [FXGL Background Thread 4 ] WARN  TilesetLoader        - Diagonally flipped tiles are not currently supported
15:25:53.271 [FXGL Background Thread 4 ] WARN  TilesetLoader        - Diagonally flipped tiles are not currently supported
15:25:53.271 [FXGL Background Thread 4 ] WARN  TilesetLoader        - Diagonally flipped tiles are not currently supported
15:25:53.272 [FXGL Background Thread 4 ] WARN  TilesetLoader        - Diagonally flipped tiles are not currently supported
15:25:53.273 [FXGL Background Thread 4 ] WARN  TilesetLoader        - Diagonally flipped tiles are not currently supported
15:25:53.273 [FXGL Background Thread 4 ] WARN  TilesetLoader        - Diagonally flipped tiles are not currently supported
15:25:53.274 [FXGL Background Thread 4 ] WARN  TilesetLoader        - Diagonally flipped tiles are not currently supported
15:25:53.274 [FXGL Background Thread 4 ] WARN  TilesetLoader        - Diagonally flipped tiles are not currently supported
15:25:53.275 [FXGL Background Thread 4 ] WARN  TilesetLoader        - Diagonally flipped tiles are not currently supported
15:25:53.276 [FXGL Background Thread 4 ] WARN  TilesetLoader        - Diagonally flipped tiles are not currently supported
15:25:53.277 [FXGL Background Thread 4 ] WARN  TilesetLoader        - Diagonally flipped tiles are not currently supported
15:25:53.278 [FXGL Background Thread 4 ] WARN  TilesetLoader        - Diagonally flipped tiles are not currently supported
15:25:53.278 [FXGL Background Thread 4 ] WARN  TilesetLoader        - Diagonally flipped tiles are not currently supported
15:25:53.279 [FXGL Background Thread 4 ] WARN  TilesetLoader        - Diagonally flipped tiles are not currently supported
15:25:53.280 [FXGL Background Thread 4 ] WARN  TilesetLoader        - Diagonally flipped tiles are not currently supported
15:25:53.281 [FXGL Background Thread 4 ] WARN  TilesetLoader        - Diagonally flipped tiles are not currently supported
15:25:53.282 [FXGL Background Thread 4 ] WARN  TilesetLoader        - Diagonally flipped tiles are not currently supported
15:25:53.282 [FXGL Background Thread 4 ] WARN  TilesetLoader        - Diagonally flipped tiles are not currently supported
15:25:53.283 [FXGL Background Thread 4 ] WARN  TilesetLoader        - Diagonally flipped tiles are not currently supported
15:25:53.284 [FXGL Background Thread 4 ] WARN  TilesetLoader        - Diagonally flipped tiles are not currently supported
15:25:53.290 [FXGL Background Thread 4 ] WARN  TilesetLoader        - Diagonally flipped tiles are not currently supported
15:25:53.291 [FXGL Background Thread 4 ] WARN  TilesetLoader        - Diagonally flipped tiles are not currently supported
15:25:53.292 [FXGL Background Thread 4 ] WARN  TilesetLoader        - Diagonally flipped tiles are not currently supported
15:25:53.293 [FXGL Background Thread 4 ] WARN  TilesetLoader        - Diagonally flipped tiles are not currently supported
15:25:53.294 [FXGL Background Thread 4 ] WARN  TilesetLoader        - Diagonally flipped tiles are not currently supported
15:25:53.294 [FXGL Background Thread 4 ] WARN  TilesetLoader        - Diagonally flipped tiles are not currently supported
15:25:53.295 [FXGL Background Thread 4 ] WARN  TilesetLoader        - Diagonally flipped tiles are not currently supported
15:25:53.295 [FXGL Background Thread 4 ] WARN  TilesetLoader        - Diagonally flipped tiles are not currently supported
15:25:53.296 [FXGL Background Thread 4 ] WARN  TilesetLoader        - Diagonally flipped tiles are not currently supported
15:25:53.296 [FXGL Background Thread 4 ] WARN  TilesetLoader        - Diagonally flipped tiles are not currently supported
15:25:53.297 [FXGL Background Thread 4 ] WARN  TilesetLoader        - Diagonally flipped tiles are not currently supported
15:25:53.297 [FXGL Background Thread 4 ] WARN  TilesetLoader        - Diagonally flipped tiles are not currently supported
15:25:53.298 [FXGL Background Thread 4 ] WARN  TilesetLoader        - Diagonally flipped tiles are not currently supported
15:25:53.298 [FXGL Background Thread 4 ] WARN  TilesetLoader        - Diagonally flipped tiles are not currently supported
15:25:53.298 [FXGL Background Thread 4 ] WARN  TilesetLoader        - Diagonally flipped tiles are not currently supported
15:25:53.299 [FXGL Background Thread 4 ] WARN  TilesetLoader        - Diagonally flipped tiles are not currently supported
15:25:53.299 [FXGL Background Thread 4 ] WARN  TilesetLoader        - Diagonally flipped tiles are not currently supported
15:25:53.300 [FXGL Background Thread 4 ] WARN  TilesetLoader        - Diagonally flipped tiles are not currently supported
15:25:53.300 [FXGL Background Thread 4 ] WARN  TilesetLoader        - Diagonally flipped tiles are not currently supported
15:25:53.301 [FXGL Background Thread 4 ] WARN  TilesetLoader        - Diagonally flipped tiles are not currently supported
15:25:53.302 [FXGL Background Thread 4 ] WARN  TilesetLoader        - Diagonally flipped tiles are not currently supported
15:25:53.302 [FXGL Background Thread 4 ] WARN  TilesetLoader        - Diagonally flipped tiles are not currently supported
15:25:53.302 [FXGL Background Thread 4 ] WARN  TilesetLoader        - Diagonally flipped tiles are not currently supported
15:25:53.303 [FXGL Background Thread 4 ] WARN  TilesetLoader        - Diagonally flipped tiles are not currently supported
15:25:53.303 [FXGL Background Thread 4 ] WARN  TilesetLoader        - Diagonally flipped tiles are not currently supported
15:25:53.304 [FXGL Background Thread 4 ] WARN  TilesetLoader        - Diagonally flipped tiles are not currently supported
15:25:53.304 [FXGL Background Thread 4 ] WARN  TilesetLoader        - Diagonally flipped tiles are not currently supported
15:25:53.304 [FXGL Background Thread 4 ] WARN  TilesetLoader        - Diagonally flipped tiles are not currently supported
15:25:53.305 [FXGL Background Thread 4 ] WARN  TilesetLoader        - Diagonally flipped tiles are not currently supported
15:25:53.305 [FXGL Background Thread 4 ] WARN  TilesetLoader        - Diagonally flipped tiles are not currently supported
15:25:53.306 [FXGL Background Thread 4 ] WARN  TilesetLoader        - Diagonally flipped tiles are not currently supported
15:25:53.306 [FXGL Background Thread 4 ] WARN  TilesetLoader        - Diagonally flipped tiles are not currently supported
15:25:53.306 [FXGL Background Thread 4 ] WARN  TilesetLoader        - Diagonally flipped tiles are not currently supported
15:25:53.307 [FXGL Background Thread 4 ] WARN  TilesetLoader        - Diagonally flipped tiles are not currently supported
15:25:53.307 [FXGL Background Thread 4 ] WARN  TilesetLoader        - Diagonally flipped tiles are not currently supported
15:25:53.308 [FXGL Background Thread 4 ] WARN  TilesetLoader        - Diagonally flipped tiles are not currently supported
15:25:53.308 [FXGL Background Thread 4 ] WARN  TilesetLoader        - Diagonally flipped tiles are not currently supported
15:25:53.308 [FXGL Background Thread 4 ] WARN  TilesetLoader        - Diagonally flipped tiles are not currently supported
15:25:53.309 [FXGL Background Thread 4 ] WARN  TilesetLoader        - Diagonally flipped tiles are not currently supported
15:25:53.310 [FXGL Background Thread 4 ] WARN  TilesetLoader        - Diagonally flipped tiles are not currently supported
15:25:53.310 [FXGL Background Thread 4 ] WARN  TilesetLoader        - Diagonally flipped tiles are not currently supported
15:25:53.311 [FXGL Background Thread 4 ] WARN  TilesetLoader        - Diagonally flipped tiles are not currently supported
15:25:53.312 [FXGL Background Thread 4 ] WARN  TilesetLoader        - Diagonally flipped tiles are not currently supported
15:25:53.312 [FXGL Background Thread 4 ] WARN  TilesetLoader        - Diagonally flipped tiles are not currently supported
15:25:53.312 [FXGL Background Thread 4 ] WARN  TilesetLoader        - Diagonally flipped tiles are not currently supported
15:25:53.313 [FXGL Background Thread 4 ] WARN  TilesetLoader        - Diagonally flipped tiles are not currently supported
15:25:53.313 [FXGL Background Thread 4 ] WARN  TilesetLoader        - Diagonally flipped tiles are not currently supported
15:25:53.314 [FXGL Background Thread 4 ] WARN  TilesetLoader        - Diagonally flipped tiles are not currently supported
15:25:53.314 [FXGL Background Thread 4 ] WARN  TilesetLoader        - Diagonally flipped tiles are not currently supported
15:25:53.314 [FXGL Background Thread 4 ] WARN  TilesetLoader        - Diagonally flipped tiles are not currently supported
15:25:53.315 [FXGL Background Thread 4 ] WARN  TilesetLoader        - Diagonally flipped tiles are not currently supported
15:25:53.315 [FXGL Background Thread 4 ] WARN  TilesetLoader        - Diagonally flipped tiles are not currently supported
15:25:53.316 [FXGL Background Thread 4 ] WARN  TilesetLoader        - Diagonally flipped tiles are not currently supported
15:25:53.316 [FXGL Background Thread 4 ] WARN  TilesetLoader        - Diagonally flipped tiles are not currently supported
15:25:53.316 [FXGL Background Thread 4 ] WARN  TilesetLoader        - Diagonally flipped tiles are not currently supported
15:25:53.317 [FXGL Background Thread 4 ] WARN  TilesetLoader        - Diagonally flipped tiles are not currently supported
15:25:53.317 [FXGL Background Thread 4 ] WARN  TilesetLoader        - Diagonally flipped tiles are not currently supported
15:25:53.317 [FXGL Background Thread 4 ] WARN  TilesetLoader        - Diagonally flipped tiles are not currently supported
15:25:53.318 [FXGL Background Thread 4 ] WARN  TilesetLoader        - Diagonally flipped tiles are not currently supported
15:25:53.318 [FXGL Background Thread 4 ] WARN  TilesetLoader        - Diagonally flipped tiles are not currently supported
15:25:53.318 [FXGL Background Thread 4 ] WARN  TilesetLoader        - Diagonally flipped tiles are not currently supported
15:25:53.319 [FXGL Background Thread 4 ] WARN  TilesetLoader        - Diagonally flipped tiles are not currently supported
15:25:53.319 [FXGL Background Thread 4 ] WARN  TilesetLoader        - Diagonally flipped tiles are not currently supported
15:25:53.320 [FXGL Background Thread 4 ] WARN  TilesetLoader        - Diagonally flipped tiles are not currently supported
15:25:53.320 [FXGL Background Thread 4 ] WARN  TilesetLoader        - Diagonally flipped tiles are not currently supported
15:25:53.321 [FXGL Background Thread 4 ] WARN  TilesetLoader        - Diagonally flipped tiles are not currently supported
15:25:53.321 [FXGL Background Thread 4 ] WARN  TilesetLoader        - Diagonally flipped tiles are not currently supported
15:25:53.322 [FXGL Background Thread 4 ] WARN  TilesetLoader        - Diagonally flipped tiles are not currently supported
15:25:53.322 [FXGL Background Thread 4 ] WARN  TilesetLoader        - Diagonally flipped tiles are not currently supported
15:25:53.323 [FXGL Background Thread 4 ] WARN  TilesetLoader        - Diagonally flipped tiles are not currently supported
15:25:53.323 [FXGL Background Thread 4 ] WARN  TilesetLoader        - Diagonally flipped tiles are not currently supported
15:25:53.323 [FXGL Background Thread 4 ] WARN  TilesetLoader        - Diagonally flipped tiles are not currently supported
15:25:53.324 [FXGL Background Thread 4 ] WARN  TilesetLoader        - Diagonally flipped tiles are not currently supported
15:25:53.324 [FXGL Background Thread 4 ] WARN  TilesetLoader        - Diagonally flipped tiles are not currently supported
15:25:53.327 [FXGL Background Thread 4 ] WARN  TilesetLoader        - Diagonally flipped tiles are not currently supported
15:25:53.328 [FXGL Background Thread 4 ] WARN  TilesetLoader        - Diagonally flipped tiles are not currently supported
15:25:53.328 [FXGL Background Thread 4 ] WARN  TilesetLoader        - Diagonally flipped tiles are not currently supported
15:25:53.329 [FXGL Background Thread 4 ] WARN  TilesetLoader        - Diagonally flipped tiles are not currently supported
15:25:53.329 [FXGL Background Thread 4 ] WARN  TilesetLoader        - Diagonally flipped tiles are not currently supported
15:25:53.329 [FXGL Background Thread 4 ] WARN  TilesetLoader        - Diagonally flipped tiles are not currently supported
15:25:53.330 [FXGL Background Thread 4 ] WARN  TilesetLoader        - Diagonally flipped tiles are not currently supported
15:25:53.330 [FXGL Background Thread 4 ] WARN  TilesetLoader        - Diagonally flipped tiles are not currently supported
15:25:53.331 [FXGL Background Thread 4 ] WARN  TilesetLoader        - Diagonally flipped tiles are not currently supported
15:25:53.331 [FXGL Background Thread 4 ] WARN  TilesetLoader        - Diagonally flipped tiles are not currently supported
15:25:53.332 [FXGL Background Thread 4 ] WARN  TilesetLoader        - Diagonally flipped tiles are not currently supported
15:25:53.332 [FXGL Background Thread 4 ] WARN  TilesetLoader        - Diagonally flipped tiles are not currently supported
15:25:53.332 [FXGL Background Thread 4 ] WARN  TilesetLoader        - Diagonally flipped tiles are not currently supported
15:25:53.333 [FXGL Background Thread 4 ] WARN  TilesetLoader        - Diagonally flipped tiles are not currently supported
15:25:53.333 [FXGL Background Thread 4 ] WARN  TilesetLoader        - Diagonally flipped tiles are not currently supported
15:25:53.334 [FXGL Background Thread 4 ] WARN  TilesetLoader        - Diagonally flipped tiles are not currently supported
15:25:53.334 [FXGL Background Thread 4 ] WARN  TilesetLoader        - Diagonally flipped tiles are not currently supported
15:25:53.335 [FXGL Background Thread 4 ] WARN  TilesetLoader        - Diagonally flipped tiles are not currently supported
15:25:53.335 [FXGL Background Thread 4 ] WARN  TilesetLoader        - Diagonally flipped tiles are not currently supported
15:25:53.335 [FXGL Background Thread 4 ] WARN  TilesetLoader        - Diagonally flipped tiles are not currently supported
15:25:53.336 [FXGL Background Thread 4 ] WARN  TilesetLoader        - Diagonally flipped tiles are not currently supported
15:25:53.336 [FXGL Background Thread 4 ] WARN  TilesetLoader        - Diagonally flipped tiles are not currently supported
15:25:53.336 [FXGL Background Thread 4 ] WARN  TilesetLoader        - Diagonally flipped tiles are not currently supported
15:25:53.337 [FXGL Background Thread 4 ] WARN  TilesetLoader        - Diagonally flipped tiles are not currently supported
15:25:53.337 [FXGL Background Thread 4 ] WARN  TilesetLoader        - Diagonally flipped tiles are not currently supported
15:25:53.338 [FXGL Background Thread 4 ] WARN  TilesetLoader        - Diagonally flipped tiles are not currently supported
15:25:53.338 [FXGL Background Thread 4 ] WARN  TilesetLoader        - Diagonally flipped tiles are not currently supported
15:25:53.338 [FXGL Background Thread 4 ] WARN  TilesetLoader        - Diagonally flipped tiles are not currently supported
15:25:53.338 [FXGL Background Thread 4 ] WARN  TilesetLoader        - Diagonally flipped tiles are not currently supported
15:25:53.338 [FXGL Background Thread 4 ] WARN  TilesetLoader        - Diagonally flipped tiles are not currently supported
15:25:53.339 [FXGL Background Thread 4 ] WARN  TilesetLoader        - Diagonally flipped tiles are not currently supported
15:25:53.339 [FXGL Background Thread 4 ] WARN  TilesetLoader        - Diagonally flipped tiles are not currently supported
15:25:53.339 [FXGL Background Thread 4 ] WARN  TilesetLoader        - Diagonally flipped tiles are not currently supported
15:25:53.339 [FXGL Background Thread 4 ] WARN  TilesetLoader        - Diagonally flipped tiles are not currently supported
15:25:53.340 [FXGL Background Thread 4 ] WARN  TilesetLoader        - Diagonally flipped tiles are not currently supported
15:25:53.340 [FXGL Background Thread 4 ] WARN  TilesetLoader        - Diagonally flipped tiles are not currently supported
15:25:53.340 [FXGL Background Thread 4 ] WARN  TilesetLoader        - Diagonally flipped tiles are not currently supported
15:25:53.340 [FXGL Background Thread 4 ] WARN  TilesetLoader        - Diagonally flipped tiles are not currently supported
15:25:53.341 [FXGL Background Thread 4 ] WARN  TilesetLoader        - Diagonally flipped tiles are not currently supported
15:25:53.341 [FXGL Background Thread 4 ] WARN  TilesetLoader        - Diagonally flipped tiles are not currently supported
15:25:53.341 [FXGL Background Thread 4 ] WARN  TilesetLoader        - Diagonally flipped tiles are not currently supported
15:25:53.342 [FXGL Background Thread 4 ] WARN  TilesetLoader        - Diagonally flipped tiles are not currently supported
15:25:53.342 [FXGL Background Thread 4 ] WARN  TilesetLoader        - Diagonally flipped tiles are not currently supported
15:25:53.343 [FXGL Background Thread 4 ] DEBUG TilesetLoader        - Loading view for layer road3
15:25:53.346 [FXGL Background Thread 4 ] DEBUG TilesetLoader        - Created buffer with size 1280.0x800.0
15:25:53.349 [FXGL Background Thread 4 ] DEBUG TilesetLoader        - Loading view for layer bg2
15:25:53.349 [FXGL Background Thread 4 ] DEBUG TilesetLoader        - Created buffer with size 1280.0x800.0
15:25:53.474 [FXGL Background Thread 4 ] DEBUG TilesetLoader        - Loading view for layer icons
15:25:53.475 [FXGL Background Thread 4 ] DEBUG TilesetLoader        - Created buffer with size 1280.0x800.0
15:25:53.485 [FXGL Background Thread 4 ] DEBUG TMXLevelLoader       - Creating object layer entities
15:25:53.519 [FXGL Background Thread 4 ] DEBUG GameWorld            - Clearing removable entities
15:25:53.520 [FXGL Background Thread 4 ] DEBUG GameWorld            - Setting level: com.almasb.fxgl.entity.level.Level@37ce0bd8
15:25:53.533 [FXGL Background Thread 4 ] INFO  FXGLApplication      - Game initialization took: 0.467 sec
15:25:53.545 [JavaFX Application Thread] DEBUG Input                - Clearing active input actions
15:25:53.562 [JavaFX Application Thread] DEBUG GameApplicationServi - Removing overlay from FXGLLoadingScene and adding to GameScene
15:25:53.562 [JavaFX Application Thread] DEBUG PrimaryStageWindow   - FXGLLoadingScene -> GameScene
15:25:53.819 [FXGL Background Thread 2 ] INFO  UpdaterService       - Your current version:  21.1
15:25:53.819 [FXGL Background Thread 2 ] INFO  UpdaterService       - Latest stable version: 25
15:25:54.624 [JavaFX Application Thread] DEBUG PrimaryStageWindow   - Push state: DialogSubScene
15:25:54.624 [JavaFX Application Thread] DEBUG Input                - Clearing active input actions
15:25:54.625 [JavaFX Application Thread] DEBUG GameApplicationServi - Removing overlay from GameScene and adding to DialogSubScene
15:25:54.626 [JavaFX Application Thread] DEBUG PrimaryStageWindow   - GameScene -> DialogSubScene
15:25:55.949 [FXGL Background Thread 3 ] DEBUG Engine               - Logging environment variables
15:25:55.949 [FXGL Background Thread 3 ] DEBUG Engine               - achievements: []
15:25:55.949 [FXGL Background Thread 3 ] DEBUG Engine               - actualHeight: 800.0
15:25:55.950 [FXGL Background Thread 3 ] DEBUG Engine               - actualHeightProperty: ReadOnlyDoubleProperty [value: 800.0]
15:25:55.950 [FXGL Background Thread 3 ] DEBUG Engine               - actualWidth: 1280.0
15:25:55.950 [FXGL Background Thread 3 ] DEBUG Engine               - actualWidthProperty: ReadOnlyDoubleProperty [value: 1280.0]
15:25:55.950 [FXGL Background Thread 3 ] DEBUG Engine               - appIcon: fxgl_icon.png
15:25:55.950 [FXGL Background Thread 3 ] DEBUG Engine               - applicationMode: DEVELOPER
15:25:55.950 [FXGL Background Thread 3 ] DEBUG Engine               - cSSList: [fxgl_dark.css]
15:25:55.950 [FXGL Background Thread 3 ] DEBUG Engine               - collisionDetectionStrategy: BRUTE_FORCE
15:25:55.950 [FXGL Background Thread 3 ] DEBUG Engine               - configClass: Optional.empty
15:25:55.950 [FXGL Background Thread 3 ] DEBUG Engine               - credits: []
15:25:55.950 [FXGL Background Thread 3 ] DEBUG Engine               - defaultCursor: CursorInfo(imageName=fxgl_default_cursor.png, hotspotX=7.0, hotspotY=6.0)
15:25:55.950 [FXGL Background Thread 3 ] DEBUG Engine               - devBBoxColorProperty: ObjectProperty [value: 0xff0000ff]
15:25:55.950 [FXGL Background Thread 3 ] DEBUG Engine               - devEnableDebugCameraProperty: BooleanProperty [value: false]
15:25:55.950 [FXGL Background Thread 3 ] DEBUG Engine               - devSensorColorProperty: ObjectProperty [value: 0xffff00ff]
15:25:55.950 [FXGL Background Thread 3 ] DEBUG Engine               - devShowBBoxProperty: BooleanProperty [value: false]
15:25:55.950 [FXGL Background Thread 3 ] DEBUG Engine               - devShowPositionProperty: BooleanProperty [value: false]
15:25:55.950 [FXGL Background Thread 3 ] DEBUG Engine               - enabledMenuItems: []
15:25:55.950 [FXGL Background Thread 3 ] DEBUG Engine               - engineServices: [class com.almasb.fxgl.app.services.FXGLAssetLoaderService, class com.almasb.fxgl.app.FXGLApplication$GameApplicationService, class com.almasb.fxgl.app.services.FXGLDialogService, class com.almasb.fxgl.app.services.IOTaskExecutorService, class com.almasb.fxgl.io.FileSystemService, class com.almasb.fxgl.localization.LocalizationService, class com.almasb.fxgl.app.services.SystemBundleService, class com.almasb.fxgl.profile.SaveLoadService, class com.almasb.fxgl.ui.FXGLUIFactoryServiceProvider, class com.almasb.fxgl.ui.FXGLDialogFactoryServiceProvider, class com.almasb.fxgl.audio.AudioPlayer, class com.almasb.fxgl.notification.impl.NotificationServiceProvider, class com.almasb.fxgl.achievement.AchievementService, class com.almasb.fxgl.cutscene.CutsceneService, class com.almasb.fxgl.minigames.MiniGameService, class com.almasb.fxgl.net.NetService, class com.almasb.fxgl.app.services.UpdaterService, class com.almasb.fxgl.dev.DevService]
15:25:55.950 [FXGL Background Thread 3 ] DEBUG Engine               - fontGame: Abel-Regular.ttf
15:25:55.950 [FXGL Background Thread 3 ] DEBUG Engine               - fontMono: TerminalLandMono-Regular.otf
15:25:55.950 [FXGL Background Thread 3 ] DEBUG Engine               - fontSizeScaleUI: 1.0
15:25:55.950 [FXGL Background Thread 3 ] DEBUG Engine               - fontText: Courier-Prime.ttf
15:25:55.950 [FXGL Background Thread 3 ] DEBUG Engine               - fontUI: VarelaRound-Regular.ttf
15:25:55.950 [FXGL Background Thread 3 ] DEBUG Engine               - fullScreen: BooleanProperty [value: false]
15:25:55.950 [FXGL Background Thread 3 ] DEBUG Engine               - gameDifficulty: MEDIUM
15:25:55.950 [FXGL Background Thread 3 ] DEBUG Engine               - gameDifficultyProperty: ObjectProperty [value: MEDIUM]
15:25:55.950 [FXGL Background Thread 3 ] DEBUG Engine               - globalMusicVolume: 0.5
15:25:55.950 [FXGL Background Thread 3 ] DEBUG Engine               - globalMusicVolumeProperty: DoubleProperty [value: 0.5]
15:25:55.951 [FXGL Background Thread 3 ] DEBUG Engine               - globalSoundVolume: 0.5
15:25:55.951 [FXGL Background Thread 3 ] DEBUG Engine               - globalSoundVolumeProperty: DoubleProperty [value: 0.5]
15:25:55.951 [FXGL Background Thread 3 ] DEBUG Engine               - height: 800
15:25:55.951 [FXGL Background Thread 3 ] DEBUG Engine               - is3D: false
15:25:55.951 [FXGL Background Thread 3 ] DEBUG Engine               - isAndroid: false
15:25:55.951 [FXGL Background Thread 3 ] DEBUG Engine               - isBrowser: false
15:25:55.951 [FXGL Background Thread 3 ] DEBUG Engine               - isClickFeedbackEnabled: false
15:25:55.951 [FXGL Background Thread 3 ] DEBUG Engine               - isCloseConfirmation: false
15:25:55.951 [FXGL Background Thread 3 ] DEBUG Engine               - isDesktop: true
15:25:55.951 [FXGL Background Thread 3 ] DEBUG Engine               - isDeveloperMenuEnabled: false
15:25:55.951 [FXGL Background Thread 3 ] DEBUG Engine               - isEmbedded: false
15:25:55.951 [FXGL Background Thread 3 ] DEBUG Engine               - isEntityPreloadEnabled: true
15:25:55.951 [FXGL Background Thread 3 ] DEBUG Engine               - isExperimentalTiledLargeMap: false
15:25:55.951 [FXGL Background Thread 3 ] DEBUG Engine               - isFileSystemWriteAllowed: true
15:25:55.951 [FXGL Background Thread 3 ] DEBUG Engine               - isFullScreenAllowed: true
15:25:55.951 [FXGL Background Thread 3 ] DEBUG Engine               - isFullScreenFromStart: false
15:25:55.951 [FXGL Background Thread 3 ] DEBUG Engine               - isGameMenuEnabled: true
15:25:55.951 [FXGL Background Thread 3 ] DEBUG Engine               - isIOS: false
15:25:55.951 [FXGL Background Thread 3 ] DEBUG Engine               - isIntroEnabled: false
15:25:55.951 [FXGL Background Thread 3 ] DEBUG Engine               - isLinux: false
15:25:55.951 [FXGL Background Thread 3 ] DEBUG Engine               - isMac: false
15:25:55.951 [FXGL Background Thread 3 ] DEBUG Engine               - isMainMenuEnabled: false
15:25:55.951 [FXGL Background Thread 3 ] DEBUG Engine               - isManualResizeEnabled: true
15:25:55.951 [FXGL Background Thread 3 ] DEBUG Engine               - isMobile: false
15:25:55.951 [FXGL Background Thread 3 ] DEBUG Engine               - isNative: false
15:25:55.951 [FXGL Background Thread 3 ] DEBUG Engine               - isPauseMusicWhenMinimized: true
15:25:55.951 [FXGL Background Thread 3 ] DEBUG Engine               - isPreserveResizeRatio: false
15:25:55.951 [FXGL Background Thread 3 ] DEBUG Engine               - isProfilingEnabled: false
15:25:55.951 [FXGL Background Thread 3 ] DEBUG Engine               - isScaleAffectedOnResize: true
15:25:55.951 [FXGL Background Thread 3 ] DEBUG Engine               - isSingleStep: false
15:25:55.951 [FXGL Background Thread 3 ] DEBUG Engine               - isUserProfileEnabled: false
15:25:55.951 [FXGL Background Thread 3 ] DEBUG Engine               - isWindows: true
15:25:55.951 [FXGL Background Thread 3 ] DEBUG Engine               - language: ObjectProperty [value: ENGLISH]
15:25:55.951 [FXGL Background Thread 3 ] DEBUG Engine               - menuKey: ESCAPE
15:25:55.951 [FXGL Background Thread 3 ] DEBUG Engine               - mouseSensitivity: 0.2
15:25:55.951 [FXGL Background Thread 3 ] DEBUG Engine               - notificationViewClass: class com.almasb.fxgl.notification.view.XboxNotificationView
15:25:55.951 [FXGL Background Thread 3 ] DEBUG Engine               - pixelsPerMeter: 50.0
15:25:55.951 [FXGL Background Thread 3 ] DEBUG Engine               - platform: WINDOWS
15:25:55.951 [FXGL Background Thread 3 ] DEBUG Engine               - prefHeightProperty: ReadOnlyDoubleProperty [value: 800.0]
15:25:55.951 [FXGL Background Thread 3 ] DEBUG Engine               - prefWidthProperty: ReadOnlyDoubleProperty [value: 1280.0]
15:25:55.951 [FXGL Background Thread 3 ] DEBUG Engine               - profileDir: profiles/
15:25:55.951 [FXGL Background Thread 3 ] DEBUG Engine               - profileName: StringProperty [value: DEFAULT]
15:25:55.951 [FXGL Background Thread 3 ] DEBUG Engine               - randomSeed: -1
15:25:55.951 [FXGL Background Thread 3 ] DEBUG Engine               - runtimeInfo: RuntimeInfo(platform=WINDOWS, version=21.1, build=27.03.2024 07.52)
15:25:55.952 [FXGL Background Thread 3 ] DEBUG Engine               - saveFileExt: sav
15:25:55.952 [FXGL Background Thread 3 ] DEBUG Engine               - scaledHeightProp$fxgl: DoubleProperty [bound, value: 800.0]
15:25:55.952 [FXGL Background Thread 3 ] DEBUG Engine               - scaledWidthProp$fxgl: DoubleProperty [bound, value: 1280.0]
15:25:55.952 [FXGL Background Thread 3 ] DEBUG Engine               - sceneFactory: com.almasb.fxgl.app.scene.SceneFactory@35cc5f3a
15:25:55.952 [FXGL Background Thread 3 ] DEBUG Engine               - secondsIn24h: 60
15:25:55.952 [FXGL Background Thread 3 ] DEBUG Engine               - soundMenuBack: menu/back.wav
15:25:55.952 [FXGL Background Thread 3 ] DEBUG Engine               - soundMenuPress: menu/press.wav
15:25:55.952 [FXGL Background Thread 3 ] DEBUG Engine               - soundMenuSelect: menu/select.wav
15:25:55.952 [FXGL Background Thread 3 ] DEBUG Engine               - soundNotification: core/notification.wav
15:25:55.952 [FXGL Background Thread 3 ] DEBUG Engine               - stageStyle: DECORATED
15:25:55.952 [FXGL Background Thread 3 ] DEBUG Engine               - supportedLanguages: [ENGLISH, FRENCH, GERMAN, HUNGARIAN, RUSSIAN]
15:25:55.952 [FXGL Background Thread 3 ] DEBUG Engine               - ticksPerSecond: -1
15:25:55.952 [FXGL Background Thread 3 ] DEBUG Engine               - title: Ghost Hunter
15:25:55.952 [FXGL Background Thread 3 ] DEBUG Engine               - urlGithub: https://github.com/AlmasB/FXGL
15:25:55.952 [FXGL Background Thread 3 ] DEBUG Engine               - urlLeaderboard: http://fxgl-top.herokuapp.com/
15:25:55.952 [FXGL Background Thread 3 ] DEBUG Engine               - urlPOM: https://raw.githubusercontent.com/AlmasB/FXGL/release/README.md
15:25:55.952 [FXGL Background Thread 3 ] DEBUG Engine               - userAppClass: class org.saikat.Game
15:25:55.952 [FXGL Background Thread 3 ] DEBUG Engine               - version: 1.0
15:25:55.952 [FXGL Background Thread 3 ] DEBUG Engine               - versionCheckDays: 7
15:25:55.952 [FXGL Background Thread 3 ] DEBUG Engine               - width: 1280
15:25:55.952 [FXGL Background Thread 3 ] DEBUG Engine               - Logging services
15:25:55.952 [FXGL Background Thread 3 ] DEBUG Engine               - class com.almasb.fxgl.app.services.FXGLAssetLoaderService
15:25:55.952 [FXGL Background Thread 3 ] DEBUG Engine               - class com.almasb.fxgl.app.FXGLApplication$GameApplicationService
15:25:55.952 [FXGL Background Thread 3 ] DEBUG Engine               - class com.almasb.fxgl.app.services.FXGLDialogService
15:25:55.952 [FXGL Background Thread 3 ] DEBUG Engine               - class com.almasb.fxgl.app.services.IOTaskExecutorService
15:25:55.952 [FXGL Background Thread 3 ] DEBUG Engine               - class com.almasb.fxgl.io.FileSystemService
15:25:55.952 [FXGL Background Thread 3 ] DEBUG Engine               - class com.almasb.fxgl.localization.LocalizationService
15:25:55.952 [FXGL Background Thread 3 ] DEBUG Engine               - class com.almasb.fxgl.app.services.SystemBundleService
15:25:55.952 [FXGL Background Thread 3 ] DEBUG Engine               - class com.almasb.fxgl.profile.SaveLoadService
15:25:55.952 [FXGL Background Thread 3 ] DEBUG Engine               - class com.almasb.fxgl.ui.FXGLUIFactoryServiceProvider
15:25:55.952 [FXGL Background Thread 3 ] DEBUG Engine               - class com.almasb.fxgl.ui.FXGLDialogFactoryServiceProvider
15:25:55.952 [FXGL Background Thread 3 ] DEBUG Engine               - class com.almasb.fxgl.audio.AudioPlayer
15:25:55.952 [FXGL Background Thread 3 ] DEBUG Engine               - class com.almasb.fxgl.notification.impl.NotificationServiceProvider
15:25:55.952 [FXGL Background Thread 3 ] DEBUG Engine               - class com.almasb.fxgl.achievement.AchievementService
15:25:55.952 [FXGL Background Thread 3 ] DEBUG Engine               - class com.almasb.fxgl.cutscene.CutsceneService
15:25:55.952 [FXGL Background Thread 3 ] DEBUG Engine               - class com.almasb.fxgl.minigames.MiniGameService
15:25:55.952 [FXGL Background Thread 3 ] DEBUG Engine               - class com.almasb.fxgl.net.NetService
15:25:55.952 [FXGL Background Thread 3 ] DEBUG Engine               - class com.almasb.fxgl.app.services.UpdaterService
15:25:55.952 [FXGL Background Thread 3 ] DEBUG Engine               - class com.almasb.fxgl.dev.DevService
15:25:56.582 [JavaFX Application Thread] DEBUG PrimaryStageWindow   - Pop state: DialogSubScene
15:25:56.582 [JavaFX Application Thread] DEBUG Input                - Clearing active input actions
15:25:56.583 [JavaFX Application Thread] DEBUG GameApplicationServi - Removing overlay from DialogSubScene and adding to GameScene
15:25:56.583 [JavaFX Application Thread] DEBUG PrimaryStageWindow   - GameScene <- DialogSubScene
15:25:56.583 [JavaFX Application Thread] DEBUG LoopRunner           - Resuming loop
15:25:56.591 [JavaFX Application Thread] DEBUG FXGLAssetLoaderServi - Loading from file system: file:/E:/All%20About%20Dev/OOP/FXGL%20new%20Begining/final%20version/Tower%20Defender/Tower-Defender/target/classes/assets/textures/spell.png
15:25:56.636 [JavaFX Application Thread] DEBUG FXGLAssetLoaderServi - Loading from file system: file:/E:/All%20About%20Dev/OOP/FXGL%20new%20Begining/final%20version/Tower%20Defender/Tower-Defender/target/classes/assets/textures/wolf.png
15:25:56.647 [JavaFX Application Thread] DEBUG FXGLAssetLoaderServi - Loading from file system: file:/E:/All%20About%20Dev/OOP/FXGL%20new%20Begining/final%20version/Tower%20Defender/Tower-Defender/target/classes/assets/textures/bird.png
15:25:57.520 [JavaFX Application Thread] DEBUG FXGLAssetLoaderServi - Loading from file system: file:/E:/All%20About%20Dev/OOP/FXGL%20new%20Begining/final%20version/Tower%20Defender/Tower-Defender/target/classes/assets/textures/tank_bullet.png
15:26:05.459 [JavaFX Application Thread] DEBUG PrimaryStageWindow   - Push state: DialogSubScene
15:26:05.459 [JavaFX Application Thread] DEBUG Input                - Clearing active input actions
15:26:05.460 [JavaFX Application Thread] DEBUG GameApplicationServi - Removing overlay from GameScene and adding to DialogSubScene
15:26:05.460 [JavaFX Application Thread] DEBUG PrimaryStageWindow   - GameScene -> DialogSubScene
15:26:07.319 [JavaFX Application Thread] DEBUG PrimaryStageWindow   - Pop state: DialogSubScene
15:26:07.319 [JavaFX Application Thread] DEBUG Input                - Clearing active input actions
15:26:07.321 [JavaFX Application Thread] DEBUG GameApplicationServi - Removing overlay from DialogSubScene and adding to GameScene
15:26:07.321 [JavaFX Application Thread] DEBUG PrimaryStageWindow   - GameScene <- DialogSubScene
15:26:07.321 [JavaFX Application Thread] DEBUG LoopRunner           - Resuming loop
15:26:08.506 [JavaFX Application Thread] DEBUG PrimaryStageWindow   - Push state: DialogSubScene
15:26:08.506 [JavaFX Application Thread] DEBUG Input                - Clearing active input actions
15:26:08.506 [JavaFX Application Thread] DEBUG GameApplicationServi - Removing overlay from GameScene and adding to DialogSubScene
15:26:08.507 [JavaFX Application Thread] DEBUG PrimaryStageWindow   - GameScene -> DialogSubScene
15:26:10.919 [JavaFX Application Thread] DEBUG PrimaryStageWindow   - Pop state: DialogSubScene
15:26:10.919 [JavaFX Application Thread] DEBUG Input                - Clearing active input actions
15:26:10.920 [JavaFX Application Thread] DEBUG GameApplicationServi - Removing overlay from DialogSubScene and adding to GameScene
15:26:10.920 [JavaFX Application Thread] DEBUG PrimaryStageWindow   - GameScene <- DialogSubScene
15:26:10.920 [JavaFX Application Thread] DEBUG LoopRunner           - Stopping loop
15:26:10.923 [JavaFX Application Thread] FATAL FXGLApplication      - Uncaught Exception:
java.lang.IllegalArgumentException: Property getSpot does not exist
	at com.almasb.fxgl.core.collection.PropertyMap.get(PropertyMap.kt:298)
	at com.almasb.fxgl.core.collection.PropertyMap.objectProperty(PropertyMap.kt:198)
	at com.almasb.fxgl.core.collection.PropertyMap.getObject(PropertyMap.kt:187)
	at com.almasb.fxgl.entity.Entity.getObject(Entity.java:328)
	at org.saikat.Helper.lambda$removeTower$1(Helper.java:64)
	at com.almasb.fxgl.app.services.FXGLDialogService.showChoiceBox$lambda$2(FXGLDialogService.kt:139)
	at com.almasb.fxgl.ui.FXGLDialogFactoryServiceProvider.choiceDialog$lambda$5$lambda$4(FXGLDialogFactoryServiceProvider.kt:134)
	at com.sun.javafx.event.CompositeEventHandler.dispatchBubblingEvent(CompositeEventHandler.java:86)
	at com.sun.javafx.event.EventHandlerManager.dispatchBubblingEvent(EventHandlerManager.java:232)
	at com.sun.javafx.event.EventHandlerManager.dispatchBubblingEvent(EventHandlerManager.java:189)
	at com.sun.javafx.event.CompositeEventDispatcher.dispatchBubblingEvent(CompositeEventDispatcher.java:59)
	at com.sun.javafx.event.BasicEventDispatcher.dispatchEvent(BasicEventDispatcher.java:58)
	at com.sun.javafx.event.EventDispatchChainImpl.dispatchEvent(EventDispatchChainImpl.java:114)
	at com.sun.javafx.event.BasicEventDispatcher.dispatchEvent(BasicEventDispatcher.java:56)
	at com.sun.javafx.event.EventDispatchChainImpl.dispatchEvent(EventDispatchChainImpl.java:114)
	at com.sun.javafx.event.BasicEventDispatcher.dispatchEvent(BasicEventDispatcher.java:56)
	at com.sun.javafx.event.EventDispatchChainImpl.dispatchEvent(EventDispatchChainImpl.java:114)
	at com.sun.javafx.event.BasicEventDispatcher.dispatchEvent(BasicEventDispatcher.java:56)
	at com.sun.javafx.event.EventDispatchChainImpl.dispatchEvent(EventDispatchChainImpl.java:114)
	at com.sun.javafx.event.EventUtil.fireEventImpl(EventUtil.java:74)
	at com.sun.javafx.event.EventUtil.fireEvent(EventUtil.java:49)
	at javafx.event.Event.fireEvent(Event.java:198)
	at javafx.scene.Node.fireEvent(Node.java:8875)
	at javafx.scene.control.Button.fire(Button.java:203)
	at com.sun.javafx.scene.control.behavior.ButtonBehavior.mouseReleased(ButtonBehavior.java:207)
	at com.sun.javafx.scene.control.inputmap.InputMap.handle(InputMap.java:274)
	at com.sun.javafx.event.CompositeEventHandler$NormalEventHandlerRecord.handleBubblingEvent(CompositeEventHandler.java:247)
	at com.sun.javafx.event.CompositeEventHandler.dispatchBubblingEvent(CompositeEventHandler.java:80)
	at com.sun.javafx.event.EventHandlerManager.dispatchBubblingEvent(EventHandlerManager.java:232)
	at com.sun.javafx.event.EventHandlerManager.dispatchBubblingEvent(EventHandlerManager.java:189)
	at com.sun.javafx.event.CompositeEventDispatcher.dispatchBubblingEvent(CompositeEventDispatcher.java:59)
	at com.sun.javafx.event.BasicEventDispatcher.dispatchEvent(BasicEventDispatcher.java:58)
	at com.sun.javafx.event.EventDispatchChainImpl.dispatchEvent(EventDispatchChainImpl.java:114)
	at com.sun.javafx.event.BasicEventDispatcher.dispatchEvent(BasicEventDispatcher.java:56)
	at com.sun.javafx.event.EventDispatchChainImpl.dispatchEvent(EventDispatchChainImpl.java:114)
	at com.sun.javafx.event.BasicEventDispatcher.dispatchEvent(BasicEventDispatcher.java:56)
	at com.sun.javafx.event.EventDispatchChainImpl.dispatchEvent(EventDispatchChainImpl.java:114)
	at com.sun.javafx.event.BasicEventDispatcher.dispatchEvent(BasicEventDispatcher.java:56)
	at com.sun.javafx.event.EventDispatchChainImpl.dispatchEvent(EventDispatchChainImpl.java:114)
	at com.sun.javafx.event.EventUtil.fireEventImpl(EventUtil.java:74)
	at com.sun.javafx.event.EventUtil.fireEvent(EventUtil.java:54)
	at javafx.event.Event.fireEvent(Event.java:198)
	at javafx.scene.Scene$MouseHandler.process(Scene.java:3984)
	at javafx.scene.Scene.processMouseEvent(Scene.java:1890)
	at javafx.scene.Scene$ScenePeerListener.mouseEvent(Scene.java:2708)
	at com.sun.javafx.tk.quantum.GlassViewEventHandler$MouseEventNotification.run(GlassViewEventHandler.java:411)
	at com.sun.javafx.tk.quantum.GlassViewEventHandler$MouseEventNotification.run(GlassViewEventHandler.java:301)
	at java.base/java.security.AccessController.doPrivileged(AccessController.java:400)
	at com.sun.javafx.tk.quantum.GlassViewEventHandler.lambda$handleMouseEvent$2(GlassViewEventHandler.java:450)
	at com.sun.javafx.tk.quantum.QuantumToolkit.runWithoutRenderLock(QuantumToolkit.java:424)
	at com.sun.javafx.tk.quantum.GlassViewEventHandler.handleMouseEvent(GlassViewEventHandler.java:449)
	at com.sun.glass.ui.View.handleMouseEvent(View.java:551)
	at com.sun.glass.ui.View.notifyMouse(View.java:937)
	at com.sun.glass.ui.win.WinApplication._runLoop(Native Method)
	at com.sun.glass.ui.win.WinApplication.lambda$runLoop$3(WinApplication.java:185)
	at java.base/java.lang.Thread.run(Thread.java:1583)

15:26:10.923 [JavaFX Application Thread] FATAL FXGLApplication      - Application will now exit
15:26:10.942 [JavaFX Application Thread] DEBUG PrimaryStageWindow   - Push state: ErrorSubScene
15:26:10.942 [JavaFX Application Thread] DEBUG Input                - Clearing active input actions
15:26:10.944 [JavaFX Application Thread] DEBUG GameApplicationServi - Removing overlay from GameScene and adding to ErrorSubScene
15:26:10.944 [JavaFX Application Thread] DEBUG PrimaryStageWindow   - GameScene -> ErrorSubScene
15:26:15.199 [JavaFX Application Thread] DEBUG FXGLApplication      - Exiting FXGL
15:26:15.199 [JavaFX Application Thread] DEBUG Async                - Shutting down background threads
15:26:15.199 [JavaFX Application Thread] DEBUG PrimaryStageWindow   - Closing main window
15:26:15.224 [JavaFX Application Thread] DEBUG Logger               - Closing Logger
