05:16:45.758 [main                     ] DEBUG Logger               - Configured Logger
05:16:45.791 [main                     ] DEBUG GameApplication      - Logging settings
Title: Ghost Hunter
Version: 1.0
Width: 1280
Height: 800
Fullscreen: true
Intro: false
Profiling: false
Single step:false
App Mode: DEVELOPER
Menu Key: ESCAPE
Stage Style: DECORATED
Scene Factory: class com.almasb.fxgl.app.scene.SceneFactory

05:16:46.428 [JavaFX Application Thread] DEBUG FXGLApplication      - Initializing FXGL
05:16:46.431 [JavaFX Application Thread] INFO  Engine               - FXGL-21.1 (27.03.2024 07.52) on WINDOWS (J:21.0.9 FX:21.0.1)
05:16:46.431 [JavaFX Application Thread] DEBUG Engine               - JRE Vendor Name: Oracle Corporation
05:16:46.431 [JavaFX Application Thread] DEBUG Engine               - Running on OS: Windows 11 version 10.0
05:16:46.431 [JavaFX Application Thread] DEBUG Engine               - Architecture: amd64
05:16:46.431 [JavaFX Application Thread] INFO  Engine               - Source code and latest versions at: https://github.com/AlmasB/FXGL
05:16:46.431 [JavaFX Application Thread] INFO  Engine               -       Ask questions and discuss at: https://github.com/AlmasB/FXGL/discussions
05:16:46.432 [JavaFX Application Thread] INFO  Engine               -              Join the FXGL chat at: https://gitter.im/AlmasB/FXGL
05:16:46.569 [JavaFX Application Thread] DEBUG PrimaryStageWindow   - Creating a JavaFX scene
05:16:46.634 [JavaFX Application Thread] DEBUG PrimaryStageWindow   - Target settings size: 1280.0 x 800.0
05:16:46.635 [JavaFX Application Thread] DEBUG PrimaryStageWindow   - Scaled scene size:    1280.0 x 800.0
05:16:46.635 [JavaFX Application Thread] DEBUG PrimaryStageWindow   - Scaled ratio: (1.0, 1.0)
05:16:46.636 [JavaFX Application Thread] DEBUG PrimaryStageWindow   - Set initial scene to FXGLStartupScene
05:16:46.640 [JavaFX Application Thread] DEBUG PrimaryStageWindow   - Opening main window
05:16:46.789 [JavaFX Application Thread] DEBUG PrimaryStageWindow   - Window border size: (14.4000244140625, 37.5999755859375)
05:16:46.789 [JavaFX Application Thread] DEBUG PrimaryStageWindow   - Scaled size: 1280.0 x 800.0
05:16:46.791 [JavaFX Application Thread] DEBUG PrimaryStageWindow   - Scaled ratio: (1.0, 1.0)
05:16:46.792 [JavaFX Application Thread] DEBUG PrimaryStageWindow   - Scene size: 1280.0 x 800.0
05:16:46.792 [JavaFX Application Thread] DEBUG PrimaryStageWindow   - Stage size: 1294.4000244140625 x 837.5999755859375
05:16:46.805 [FXGL Background Thread 1 ] DEBUG Engine               - Initializing environment variables
05:16:46.891 [FXGL Background Thread 1 ] DEBUG FXGLAssetLoaderServi - User app class for loading assets: class org.saikat.Game
05:16:46.891 [FXGL Background Thread 1 ] DEBUG GameApplicationServi - Applying CSS: fxgl_dark.css
05:16:46.893 [FXGL Background Thread 1 ] DEBUG FXGLAssetLoaderServi - Loading from file system: jar:file:/C:/Users/HP/.m2/repository/com/github/almasb/fxgl/21.1/fxgl-21.1.jar!/fxglassets/ui/css/fxgl_dark.css
05:16:46.953 [FXGL Background Thread 1 ] DEBUG GameApplicationServi - Initializing application scenes
05:16:47.028 [FXGL Background Thread 1 ] DEBUG GameWorld            - Game world initialized
05:16:47.135 [FXGL Background Thread 1 ] DEBUG PhysicsWorld         - Physics world initialized: appHeight=800, physics.ppm=50.0
05:16:47.136 [FXGL Background Thread 1 ] DEBUG PhysicsWorld         - Using strategy: BRUTE_FORCE
05:16:47.142 [FXGL Background Thread 1 ] DEBUG GameScene            - Game scene initialized: 1280x800
05:16:47.158 [FXGL Background Thread 1 ] DEBUG FXGL.DefaultMenu     - createMenuBodyMainMenu()
05:16:47.174 [FXGL Background Thread 1 ] DEBUG FXGL.DefaultMenu     - createOptionsMenu()
05:16:47.184 [FXGL Background Thread 1 ] DEBUG FXGLAssetLoaderServi - Loading from file system: jar:file:/C:/Users/HP/.m2/repository/com/github/almasb/fxgl/21.1/fxgl-21.1.jar!/fxglassets/textures/particles/smoke.png
05:16:47.326 [FXGL Background Thread 1 ] DEBUG FXGLAssetLoaderServi - Loading from file system: jar:file:/C:/Users/HP/.m2/repository/com/github/almasb/fxgl/21.1/fxgl-21.1.jar!/fxglassets/textures/particles/trace_horizontal.png
05:16:47.354 [FXGL Background Thread 1 ] DEBUG FXGL.DefaultMenu     - createMenuBodyGameMenu()
05:16:47.355 [FXGL Background Thread 1 ] DEBUG FXGL.DefaultMenu     - createOptionsMenu()
05:16:47.365 [FXGL Background Thread 1 ] DEBUG GameApplicationServi - Application scenes initialized
05:16:47.380 [FXGL Background Thread 1 ] DEBUG SystemBundleService  - Loading FXGL system data
05:16:47.388 [FXGL Background Thread 1 ] DEBUG FileSystemAccess     - Reading from: E:\All About Dev\OOP\FXGL new Begining\final version\Tower Defender\Tower-Defender\system\fxgl.bundle
05:16:47.402 [FXGL Background Thread 1 ] DEBUG SystemBundleService  - Bundle FXGL: {}
05:16:47.402 [FXGL Background Thread 1 ] DEBUG UpdaterService       - Checking for updates
05:16:47.408 [FXGL Background Thread 4 ] DEBUG FXGLApplication      - Loading fonts
05:16:47.409 [FXGL Background Thread 4 ] DEBUG FXGLAssetLoaderServi - Loading from file system: jar:file:/C:/Users/HP/.m2/repository/com/github/almasb/fxgl/21.1/fxgl-21.1.jar!/fxglassets/ui/fonts/VarelaRound-Regular.ttf
05:16:47.409 [FXGL Background Thread 1 ] DEBUG FXGLApplication      - Loading default localization
05:16:47.410 [FXGL Background Thread 1 ] DEBUG FXGLAssetLoaderServi - Loading from file system: jar:file:/C:/Users/HP/.m2/repository/com/github/almasb/fxgl/21.1/fxgl-21.1.jar!/fxglassets/languages/english.lang
05:16:47.448 [FXGL Background Thread 1 ] INFO  FXGLApplication      - FXGL initialization took: 0.643 sec
05:16:47.456 [JavaFX Application Thread] DEBUG Input                - Registered new binding: add tower - LMB
05:16:47.456 [JavaFX Application Thread] DEBUG Input                - Registered new binding: remove tower - RMB
05:16:47.457 [JavaFX Application Thread] DEBUG FXGLAssetLoaderServi - Loading from file system: jar:file:/C:/Users/HP/.m2/repository/com/github/almasb/fxgl/21.1/fxgl-21.1.jar!/fxglassets/textures/fxgl_icon.png
05:16:47.459 [FXGL Background Thread 4 ] DEBUG FXGLAssetLoaderServi - Loading from file system: jar:file:/C:/Users/HP/.m2/repository/com/github/almasb/fxgl/21.1/fxgl-21.1.jar!/fxglassets/ui/fonts/Abel-Regular.ttf
05:16:47.465 [FXGL Background Thread 4 ] DEBUG FXGLAssetLoaderServi - Loading from file system: jar:file:/C:/Users/HP/.m2/repository/com/github/almasb/fxgl/21.1/fxgl-21.1.jar!/fxglassets/ui/fonts/TerminalLandMono-Regular.otf
05:16:47.471 [FXGL Background Thread 4 ] DEBUG FXGLAssetLoaderServi - Loading from file system: jar:file:/C:/Users/HP/.m2/repository/com/github/almasb/fxgl/21.1/fxgl-21.1.jar!/fxglassets/ui/fonts/Courier-Prime.ttf
05:16:47.485 [JavaFX Application Thread] DEBUG FXGLAssetLoaderServi - Loading from file system: jar:file:/C:/Users/HP/.m2/repository/com/github/almasb/fxgl/21.1/fxgl-21.1.jar!/fxglassets/textures/fxgl_default_cursor.png
05:16:47.493 [JavaFX Application Thread] DEBUG Input                - Registered new binding: Screenshot - CTRL+8
05:16:47.494 [JavaFX Application Thread] DEBUG Input                - Registered new binding: System info dump - CTRL+9
05:16:47.494 [JavaFX Application Thread] DEBUG Input                - Registered new binding: Restart - CTRL+R
05:16:47.495 [JavaFX Application Thread] DEBUG Input                - Registered new binding: Toggle Debug Camera - CTRL+7
05:16:47.500 [JavaFX Application Thread] DEBUG LoopRunner           - Starting loop
05:16:47.500 [JavaFX Application Thread] DEBUG LoopRunner           - Initializing JavaFX AnimationTimerLoop
05:16:47.505 [JavaFX Application Thread] DEBUG Input                - Clearing active input actions
05:16:47.512 [JavaFX Application Thread] DEBUG GameApplicationServi - Removing overlay from FXGLStartupScene and adding to FXGLMainMenuDummyScene
05:16:47.513 [JavaFX Application Thread] DEBUG PrimaryStageWindow   - FXGLStartupScene -> FXGLMainMenuDummyScene
05:16:47.514 [JavaFX Application Thread] DEBUG PrimaryStageWindow   - Push state: FXGLDefaultMenu
05:16:47.529 [JavaFX Application Thread] DEBUG Input                - Clearing active input actions
05:16:47.550 [JavaFX Application Thread] DEBUG GameApplicationServi - Removing overlay from FXGLMainMenuDummyScene and adding to FXGLDefaultMenu
05:16:47.551 [JavaFX Application Thread] DEBUG PrimaryStageWindow   - FXGLMainMenuDummyScene -> FXGLDefaultMenu
05:16:47.551 [JavaFX Application Thread] DEBUG FXGLApplication      - Registering font factories with UI factory
05:16:48.303 [FXGL Background Thread 2 ] INFO  UpdaterService       - Your current version:  21.1
05:16:48.303 [FXGL Background Thread 2 ] INFO  UpdaterService       - Latest stable version: 25
05:16:49.123 [JavaFX Application Thread] DEBUG Menu                 - fireNewGame()
05:16:49.124 [JavaFX Application Thread] DEBUG GameApplicationServi - Starting new game
05:16:49.127 [JavaFX Application Thread] DEBUG PrimaryStageWindow   - Pop state: FXGLDefaultMenu
05:16:49.127 [JavaFX Application Thread] DEBUG Input                - Clearing active input actions
05:16:49.128 [JavaFX Application Thread] DEBUG GameApplicationServi - Removing overlay from FXGLDefaultMenu and adding to FXGLMainMenuDummyScene
05:16:49.129 [JavaFX Application Thread] DEBUG PrimaryStageWindow   - FXGLMainMenuDummyScene <- FXGLDefaultMenu
05:16:49.129 [JavaFX Application Thread] DEBUG Input                - Clearing active input actions
05:16:49.138 [JavaFX Application Thread] DEBUG GameApplicationServi - Removing overlay from FXGLMainMenuDummyScene and adding to FXGLLoadingScene
05:16:49.139 [JavaFX Application Thread] DEBUG PrimaryStageWindow   - FXGLMainMenuDummyScene -> FXGLLoadingScene
05:16:49.139 [JavaFX Application Thread] DEBUG GameApplicationServi - Clearing previous game
05:16:49.139 [JavaFX Application Thread] DEBUG GameScene            - Clearing game scene
05:16:49.139 [JavaFX Application Thread] DEBUG GameWorld            - Clearing game world
05:16:49.139 [JavaFX Application Thread] DEBUG PhysicsWorld         - Clearing physics world
05:16:49.142 [FXGL Background Thread 2 ] DEBUG FXGLApplication      - Initializing game
05:16:49.223 [FXGL Background Thread 2 ] WARN  TMXLevelLoader       - TiledMap generated from 1.12.2. Supported version: 1.9.0. Some features may not be parsed fully.
05:16:49.247 [FXGL Background Thread 2 ] DEBUG TMXLevelLoader       - Parsed TiledMap: file:/E:/All%20About%20Dev/OOP/FXGL%20new%20Begining/final%20version/Tower%20Defender/Tower-Defender/target/classes/assets/levels/wall.tmx
05:16:49.250 [FXGL Background Thread 2 ] DEBUG TMXLevelLoader       - Creating tile layer entities
05:16:49.253 [FXGL Background Thread 2 ] DEBUG TilesetLoader        - Loading view for layer icons
05:16:49.255 [FXGL Background Thread 2 ] DEBUG TilesetLoader        - Created buffer with size 1280.0x800.0
05:16:49.278 [FXGL Background Thread 2 ] DEBUG TilesetLoader        - Loading view for layer background
05:16:49.280 [FXGL Background Thread 2 ] DEBUG TilesetLoader        - Created buffer with size 1280.0x800.0
05:16:49.360 [FXGL Background Thread 2 ] DEBUG TilesetLoader        - Loading view for layer tower spot layer
05:16:49.362 [FXGL Background Thread 2 ] DEBUG TilesetLoader        - Created buffer with size 1280.0x800.0
05:16:49.382 [FXGL Background Thread 2 ] DEBUG TilesetLoader        - Loading view for layer Road
05:16:49.383 [FXGL Background Thread 2 ] DEBUG TilesetLoader        - Created buffer with size 1280.0x800.0
05:16:49.384 [FXGL Background Thread 2 ] DEBUG TilesetLoader        - Loading view for layer road2
05:16:49.386 [FXGL Background Thread 2 ] DEBUG TilesetLoader        - Created buffer with size 1280.0x800.0
05:16:49.387 [FXGL Background Thread 2 ] WARN  TilesetLoader        - Diagonally flipped tiles are not currently supported
05:16:49.387 [FXGL Background Thread 2 ] WARN  TilesetLoader        - Diagonally flipped tiles are not currently supported
05:16:49.394 [FXGL Background Thread 2 ] WARN  TilesetLoader        - Diagonally flipped tiles are not currently supported
05:16:49.394 [FXGL Background Thread 2 ] WARN  TilesetLoader        - Diagonally flipped tiles are not currently supported
05:16:49.395 [FXGL Background Thread 2 ] WARN  TilesetLoader        - Diagonally flipped tiles are not currently supported
05:16:49.396 [FXGL Background Thread 2 ] WARN  TilesetLoader        - Diagonally flipped tiles are not currently supported
05:16:49.397 [FXGL Background Thread 2 ] WARN  TilesetLoader        - Diagonally flipped tiles are not currently supported
05:16:49.397 [FXGL Background Thread 2 ] WARN  TilesetLoader        - Diagonally flipped tiles are not currently supported
05:16:49.398 [FXGL Background Thread 2 ] WARN  TilesetLoader        - Diagonally flipped tiles are not currently supported
05:16:49.398 [FXGL Background Thread 2 ] WARN  TilesetLoader        - Diagonally flipped tiles are not currently supported
05:16:49.399 [FXGL Background Thread 2 ] WARN  TilesetLoader        - Diagonally flipped tiles are not currently supported
05:16:49.399 [FXGL Background Thread 2 ] WARN  TilesetLoader        - Diagonally flipped tiles are not currently supported
05:16:49.400 [FXGL Background Thread 2 ] WARN  TilesetLoader        - Diagonally flipped tiles are not currently supported
05:16:49.400 [FXGL Background Thread 2 ] WARN  TilesetLoader        - Diagonally flipped tiles are not currently supported
05:16:49.400 [FXGL Background Thread 2 ] WARN  TilesetLoader        - Diagonally flipped tiles are not currently supported
05:16:49.401 [FXGL Background Thread 2 ] WARN  TilesetLoader        - Diagonally flipped tiles are not currently supported
05:16:49.401 [FXGL Background Thread 2 ] WARN  TilesetLoader        - Diagonally flipped tiles are not currently supported
05:16:49.401 [FXGL Background Thread 2 ] WARN  TilesetLoader        - Diagonally flipped tiles are not currently supported
05:16:49.401 [FXGL Background Thread 2 ] WARN  TilesetLoader        - Diagonally flipped tiles are not currently supported
05:16:49.401 [FXGL Background Thread 2 ] WARN  TilesetLoader        - Diagonally flipped tiles are not currently supported
05:16:49.402 [FXGL Background Thread 2 ] WARN  TilesetLoader        - Diagonally flipped tiles are not currently supported
05:16:49.402 [FXGL Background Thread 2 ] WARN  TilesetLoader        - Diagonally flipped tiles are not currently supported
05:16:49.402 [FXGL Background Thread 2 ] WARN  TilesetLoader        - Diagonally flipped tiles are not currently supported
05:16:49.402 [FXGL Background Thread 2 ] WARN  TilesetLoader        - Diagonally flipped tiles are not currently supported
05:16:49.402 [FXGL Background Thread 2 ] WARN  TilesetLoader        - Diagonally flipped tiles are not currently supported
05:16:49.403 [FXGL Background Thread 2 ] WARN  TilesetLoader        - Diagonally flipped tiles are not currently supported
05:16:49.403 [FXGL Background Thread 2 ] WARN  TilesetLoader        - Diagonally flipped tiles are not currently supported
05:16:49.403 [FXGL Background Thread 2 ] WARN  TilesetLoader        - Diagonally flipped tiles are not currently supported
05:16:49.403 [FXGL Background Thread 2 ] WARN  TilesetLoader        - Diagonally flipped tiles are not currently supported
05:16:49.403 [FXGL Background Thread 2 ] WARN  TilesetLoader        - Diagonally flipped tiles are not currently supported
05:16:49.404 [FXGL Background Thread 2 ] WARN  TilesetLoader        - Diagonally flipped tiles are not currently supported
05:16:49.404 [FXGL Background Thread 2 ] WARN  TilesetLoader        - Diagonally flipped tiles are not currently supported
05:16:49.404 [FXGL Background Thread 2 ] WARN  TilesetLoader        - Diagonally flipped tiles are not currently supported
05:16:49.404 [FXGL Background Thread 2 ] WARN  TilesetLoader        - Diagonally flipped tiles are not currently supported
05:16:49.405 [FXGL Background Thread 2 ] WARN  TilesetLoader        - Diagonally flipped tiles are not currently supported
05:16:49.405 [FXGL Background Thread 2 ] WARN  TilesetLoader        - Diagonally flipped tiles are not currently supported
05:16:49.405 [FXGL Background Thread 2 ] WARN  TilesetLoader        - Diagonally flipped tiles are not currently supported
05:16:49.405 [FXGL Background Thread 2 ] WARN  TilesetLoader        - Diagonally flipped tiles are not currently supported
05:16:49.406 [FXGL Background Thread 2 ] WARN  TilesetLoader        - Diagonally flipped tiles are not currently supported
05:16:49.406 [FXGL Background Thread 2 ] WARN  TilesetLoader        - Diagonally flipped tiles are not currently supported
05:16:49.406 [FXGL Background Thread 2 ] WARN  TilesetLoader        - Diagonally flipped tiles are not currently supported
05:16:49.406 [FXGL Background Thread 2 ] WARN  TilesetLoader        - Diagonally flipped tiles are not currently supported
05:16:49.407 [FXGL Background Thread 2 ] WARN  TilesetLoader        - Diagonally flipped tiles are not currently supported
05:16:49.407 [FXGL Background Thread 2 ] WARN  TilesetLoader        - Diagonally flipped tiles are not currently supported
05:16:49.407 [FXGL Background Thread 2 ] WARN  TilesetLoader        - Diagonally flipped tiles are not currently supported
05:16:49.407 [FXGL Background Thread 2 ] WARN  TilesetLoader        - Diagonally flipped tiles are not currently supported
05:16:49.408 [FXGL Background Thread 2 ] WARN  TilesetLoader        - Diagonally flipped tiles are not currently supported
05:16:49.408 [FXGL Background Thread 2 ] WARN  TilesetLoader        - Diagonally flipped tiles are not currently supported
05:16:49.408 [FXGL Background Thread 2 ] WARN  TilesetLoader        - Diagonally flipped tiles are not currently supported
05:16:49.409 [FXGL Background Thread 2 ] WARN  TilesetLoader        - Diagonally flipped tiles are not currently supported
05:16:49.409 [FXGL Background Thread 2 ] WARN  TilesetLoader        - Diagonally flipped tiles are not currently supported
05:16:49.409 [FXGL Background Thread 2 ] WARN  TilesetLoader        - Diagonally flipped tiles are not currently supported
05:16:49.410 [FXGL Background Thread 2 ] WARN  TilesetLoader        - Diagonally flipped tiles are not currently supported
05:16:49.410 [FXGL Background Thread 2 ] WARN  TilesetLoader        - Diagonally flipped tiles are not currently supported
05:16:49.410 [FXGL Background Thread 2 ] WARN  TilesetLoader        - Diagonally flipped tiles are not currently supported
05:16:49.410 [FXGL Background Thread 2 ] WARN  TilesetLoader        - Diagonally flipped tiles are not currently supported
05:16:49.411 [FXGL Background Thread 2 ] WARN  TilesetLoader        - Diagonally flipped tiles are not currently supported
05:16:49.411 [FXGL Background Thread 2 ] WARN  TilesetLoader        - Diagonally flipped tiles are not currently supported
05:16:49.411 [FXGL Background Thread 2 ] WARN  TilesetLoader        - Diagonally flipped tiles are not currently supported
05:16:49.412 [FXGL Background Thread 2 ] WARN  TilesetLoader        - Diagonally flipped tiles are not currently supported
05:16:49.412 [FXGL Background Thread 2 ] WARN  TilesetLoader        - Diagonally flipped tiles are not currently supported
05:16:49.412 [FXGL Background Thread 2 ] WARN  TilesetLoader        - Diagonally flipped tiles are not currently supported
05:16:49.413 [FXGL Background Thread 2 ] WARN  TilesetLoader        - Diagonally flipped tiles are not currently supported
05:16:49.413 [FXGL Background Thread 2 ] WARN  TilesetLoader        - Diagonally flipped tiles are not currently supported
05:16:49.413 [FXGL Background Thread 2 ] WARN  TilesetLoader        - Diagonally flipped tiles are not currently supported
05:16:49.414 [FXGL Background Thread 2 ] WARN  TilesetLoader        - Diagonally flipped tiles are not currently supported
05:16:49.414 [FXGL Background Thread 2 ] WARN  TilesetLoader        - Diagonally flipped tiles are not currently supported
05:16:49.414 [FXGL Background Thread 2 ] WARN  TilesetLoader        - Diagonally flipped tiles are not currently supported
05:16:49.415 [FXGL Background Thread 2 ] WARN  TilesetLoader        - Diagonally flipped tiles are not currently supported
05:16:49.415 [FXGL Background Thread 2 ] WARN  TilesetLoader        - Diagonally flipped tiles are not currently supported
05:16:49.415 [FXGL Background Thread 2 ] WARN  TilesetLoader        - Diagonally flipped tiles are not currently supported
05:16:49.415 [FXGL Background Thread 2 ] WARN  TilesetLoader        - Diagonally flipped tiles are not currently supported
05:16:49.415 [FXGL Background Thread 2 ] WARN  TilesetLoader        - Diagonally flipped tiles are not currently supported
05:16:49.416 [FXGL Background Thread 2 ] WARN  TilesetLoader        - Diagonally flipped tiles are not currently supported
05:16:49.416 [FXGL Background Thread 2 ] WARN  TilesetLoader        - Diagonally flipped tiles are not currently supported
05:16:49.416 [FXGL Background Thread 2 ] WARN  TilesetLoader        - Diagonally flipped tiles are not currently supported
05:16:49.416 [FXGL Background Thread 2 ] WARN  TilesetLoader        - Diagonally flipped tiles are not currently supported
05:16:49.416 [FXGL Background Thread 2 ] WARN  TilesetLoader        - Diagonally flipped tiles are not currently supported
05:16:49.417 [FXGL Background Thread 2 ] WARN  TilesetLoader        - Diagonally flipped tiles are not currently supported
05:16:49.417 [FXGL Background Thread 2 ] WARN  TilesetLoader        - Diagonally flipped tiles are not currently supported
05:16:49.417 [FXGL Background Thread 2 ] WARN  TilesetLoader        - Diagonally flipped tiles are not currently supported
05:16:49.417 [FXGL Background Thread 2 ] WARN  TilesetLoader        - Diagonally flipped tiles are not currently supported
05:16:49.417 [FXGL Background Thread 2 ] WARN  TilesetLoader        - Diagonally flipped tiles are not currently supported
05:16:49.418 [FXGL Background Thread 2 ] WARN  TilesetLoader        - Diagonally flipped tiles are not currently supported
05:16:49.418 [FXGL Background Thread 2 ] WARN  TilesetLoader        - Diagonally flipped tiles are not currently supported
05:16:49.423 [FXGL Background Thread 2 ] WARN  TilesetLoader        - Diagonally flipped tiles are not currently supported
05:16:49.424 [FXGL Background Thread 2 ] WARN  TilesetLoader        - Diagonally flipped tiles are not currently supported
05:16:49.424 [FXGL Background Thread 2 ] WARN  TilesetLoader        - Diagonally flipped tiles are not currently supported
05:16:49.425 [FXGL Background Thread 2 ] WARN  TilesetLoader        - Diagonally flipped tiles are not currently supported
05:16:49.426 [FXGL Background Thread 2 ] WARN  TilesetLoader        - Diagonally flipped tiles are not currently supported
05:16:49.426 [FXGL Background Thread 2 ] WARN  TilesetLoader        - Diagonally flipped tiles are not currently supported
05:16:49.426 [FXGL Background Thread 2 ] WARN  TilesetLoader        - Diagonally flipped tiles are not currently supported
05:16:49.427 [FXGL Background Thread 2 ] WARN  TilesetLoader        - Diagonally flipped tiles are not currently supported
05:16:49.427 [FXGL Background Thread 2 ] WARN  TilesetLoader        - Diagonally flipped tiles are not currently supported
05:16:49.427 [FXGL Background Thread 2 ] WARN  TilesetLoader        - Diagonally flipped tiles are not currently supported
05:16:49.428 [FXGL Background Thread 2 ] WARN  TilesetLoader        - Diagonally flipped tiles are not currently supported
05:16:49.428 [FXGL Background Thread 2 ] WARN  TilesetLoader        - Diagonally flipped tiles are not currently supported
05:16:49.428 [FXGL Background Thread 2 ] WARN  TilesetLoader        - Diagonally flipped tiles are not currently supported
05:16:49.429 [FXGL Background Thread 2 ] WARN  TilesetLoader        - Diagonally flipped tiles are not currently supported
05:16:49.429 [FXGL Background Thread 2 ] WARN  TilesetLoader        - Diagonally flipped tiles are not currently supported
05:16:49.429 [FXGL Background Thread 2 ] WARN  TilesetLoader        - Diagonally flipped tiles are not currently supported
05:16:49.430 [FXGL Background Thread 2 ] WARN  TilesetLoader        - Diagonally flipped tiles are not currently supported
05:16:49.430 [FXGL Background Thread 2 ] WARN  TilesetLoader        - Diagonally flipped tiles are not currently supported
05:16:49.430 [FXGL Background Thread 2 ] WARN  TilesetLoader        - Diagonally flipped tiles are not currently supported
05:16:49.431 [FXGL Background Thread 2 ] WARN  TilesetLoader        - Diagonally flipped tiles are not currently supported
05:16:49.431 [FXGL Background Thread 2 ] WARN  TilesetLoader        - Diagonally flipped tiles are not currently supported
05:16:49.431 [FXGL Background Thread 2 ] WARN  TilesetLoader        - Diagonally flipped tiles are not currently supported
05:16:49.431 [FXGL Background Thread 2 ] WARN  TilesetLoader        - Diagonally flipped tiles are not currently supported
05:16:49.432 [FXGL Background Thread 2 ] WARN  TilesetLoader        - Diagonally flipped tiles are not currently supported
05:16:49.432 [FXGL Background Thread 2 ] WARN  TilesetLoader        - Diagonally flipped tiles are not currently supported
05:16:49.432 [FXGL Background Thread 2 ] WARN  TilesetLoader        - Diagonally flipped tiles are not currently supported
05:16:49.433 [FXGL Background Thread 2 ] WARN  TilesetLoader        - Diagonally flipped tiles are not currently supported
05:16:49.433 [FXGL Background Thread 2 ] WARN  TilesetLoader        - Diagonally flipped tiles are not currently supported
05:16:49.433 [FXGL Background Thread 2 ] WARN  TilesetLoader        - Diagonally flipped tiles are not currently supported
05:16:49.433 [FXGL Background Thread 2 ] WARN  TilesetLoader        - Diagonally flipped tiles are not currently supported
05:16:49.434 [FXGL Background Thread 2 ] WARN  TilesetLoader        - Diagonally flipped tiles are not currently supported
05:16:49.434 [FXGL Background Thread 2 ] WARN  TilesetLoader        - Diagonally flipped tiles are not currently supported
05:16:49.434 [FXGL Background Thread 2 ] WARN  TilesetLoader        - Diagonally flipped tiles are not currently supported
05:16:49.435 [FXGL Background Thread 2 ] WARN  TilesetLoader        - Diagonally flipped tiles are not currently supported
05:16:49.435 [FXGL Background Thread 2 ] WARN  TilesetLoader        - Diagonally flipped tiles are not currently supported
05:16:49.436 [FXGL Background Thread 2 ] WARN  TilesetLoader        - Diagonally flipped tiles are not currently supported
05:16:49.436 [FXGL Background Thread 2 ] WARN  TilesetLoader        - Diagonally flipped tiles are not currently supported
05:16:49.436 [FXGL Background Thread 2 ] WARN  TilesetLoader        - Diagonally flipped tiles are not currently supported
05:16:49.436 [FXGL Background Thread 2 ] WARN  TilesetLoader        - Diagonally flipped tiles are not currently supported
05:16:49.437 [FXGL Background Thread 2 ] WARN  TilesetLoader        - Diagonally flipped tiles are not currently supported
05:16:49.437 [FXGL Background Thread 2 ] WARN  TilesetLoader        - Diagonally flipped tiles are not currently supported
05:16:49.438 [FXGL Background Thread 2 ] WARN  TilesetLoader        - Diagonally flipped tiles are not currently supported
05:16:49.438 [FXGL Background Thread 2 ] WARN  TilesetLoader        - Diagonally flipped tiles are not currently supported
05:16:49.439 [FXGL Background Thread 2 ] WARN  TilesetLoader        - Diagonally flipped tiles are not currently supported
05:16:49.439 [FXGL Background Thread 2 ] WARN  TilesetLoader        - Diagonally flipped tiles are not currently supported
05:16:49.439 [FXGL Background Thread 2 ] WARN  TilesetLoader        - Diagonally flipped tiles are not currently supported
05:16:49.439 [FXGL Background Thread 2 ] WARN  TilesetLoader        - Diagonally flipped tiles are not currently supported
05:16:49.440 [FXGL Background Thread 2 ] WARN  TilesetLoader        - Diagonally flipped tiles are not currently supported
05:16:49.440 [FXGL Background Thread 2 ] WARN  TilesetLoader        - Diagonally flipped tiles are not currently supported
05:16:49.440 [FXGL Background Thread 2 ] WARN  TilesetLoader        - Diagonally flipped tiles are not currently supported
05:16:49.441 [FXGL Background Thread 2 ] WARN  TilesetLoader        - Diagonally flipped tiles are not currently supported
05:16:49.441 [FXGL Background Thread 2 ] WARN  TilesetLoader        - Diagonally flipped tiles are not currently supported
05:16:49.441 [FXGL Background Thread 2 ] WARN  TilesetLoader        - Diagonally flipped tiles are not currently supported
05:16:49.441 [FXGL Background Thread 2 ] WARN  TilesetLoader        - Diagonally flipped tiles are not currently supported
05:16:49.442 [FXGL Background Thread 2 ] WARN  TilesetLoader        - Diagonally flipped tiles are not currently supported
05:16:49.442 [FXGL Background Thread 2 ] WARN  TilesetLoader        - Diagonally flipped tiles are not currently supported
05:16:49.442 [FXGL Background Thread 2 ] WARN  TilesetLoader        - Diagonally flipped tiles are not currently supported
05:16:49.442 [FXGL Background Thread 2 ] WARN  TilesetLoader        - Diagonally flipped tiles are not currently supported
05:16:49.442 [FXGL Background Thread 2 ] WARN  TilesetLoader        - Diagonally flipped tiles are not currently supported
05:16:49.443 [FXGL Background Thread 2 ] WARN  TilesetLoader        - Diagonally flipped tiles are not currently supported
05:16:49.443 [FXGL Background Thread 2 ] WARN  TilesetLoader        - Diagonally flipped tiles are not currently supported
05:16:49.443 [FXGL Background Thread 2 ] WARN  TilesetLoader        - Diagonally flipped tiles are not currently supported
05:16:49.443 [FXGL Background Thread 2 ] WARN  TilesetLoader        - Diagonally flipped tiles are not currently supported
05:16:49.444 [FXGL Background Thread 2 ] WARN  TilesetLoader        - Diagonally flipped tiles are not currently supported
05:16:49.444 [FXGL Background Thread 2 ] DEBUG TilesetLoader        - Loading view for layer road3
05:16:49.449 [FXGL Background Thread 2 ] DEBUG TilesetLoader        - Created buffer with size 1280.0x800.0
05:16:49.451 [FXGL Background Thread 2 ] DEBUG TilesetLoader        - Loading view for layer bg2
05:16:49.452 [FXGL Background Thread 2 ] DEBUG TilesetLoader        - Created buffer with size 1280.0x800.0
05:16:49.454 [FXGL Background Thread 2 ] WARN  TilesetLoader        - Diagonally flipped tiles are not currently supported
05:16:49.455 [FXGL Background Thread 2 ] WARN  TilesetLoader        - Diagonally flipped tiles are not currently supported
05:16:49.459 [FXGL Background Thread 2 ] WARN  TilesetLoader        - Diagonally flipped tiles are not currently supported
05:16:49.459 [FXGL Background Thread 2 ] WARN  TilesetLoader        - Diagonally flipped tiles are not currently supported
05:16:49.460 [FXGL Background Thread 2 ] WARN  TilesetLoader        - Diagonally flipped tiles are not currently supported
05:16:49.460 [FXGL Background Thread 2 ] WARN  TilesetLoader        - Diagonally flipped tiles are not currently supported
05:16:49.461 [FXGL Background Thread 2 ] WARN  TilesetLoader        - Diagonally flipped tiles are not currently supported
05:16:49.464 [FXGL Background Thread 2 ] DEBUG TilesetLoader        - Loading view for layer temp
05:16:49.464 [FXGL Background Thread 2 ] DEBUG TilesetLoader        - Created buffer with size 1280.0x800.0
05:16:49.465 [FXGL Background Thread 2 ] DEBUG TMXLevelLoader       - Creating object layer entities
05:16:49.498 [FXGL Background Thread 2 ] DEBUG GameWorld            - Clearing removable entities
05:16:49.499 [FXGL Background Thread 2 ] DEBUG GameWorld            - Setting level: com.almasb.fxgl.entity.level.Level@5e558df
05:16:49.507 [FXGL Background Thread 2 ] DEBUG FXGLAssetLoaderServi - Loading from file system: file:/E:/All%20About%20Dev/OOP/FXGL%20new%20Begining/final%20version/Tower%20Defender/Tower-Defender/target/classes/assets/textures/life.png
05:16:49.510 [FXGL Background Thread 2 ] DEBUG FXGLAssetLoaderServi - Loading from file system: file:/E:/All%20About%20Dev/OOP/FXGL%20new%20Begining/final%20version/Tower%20Defender/Tower-Defender/target/classes/assets/textures/skull.png
05:16:49.530 [FXGL Background Thread 2 ] INFO  FXGLApplication      - Game initialization took: 0.389 sec
05:16:49.531 [JavaFX Application Thread] DEBUG Input                - Clearing active input actions
05:16:49.536 [JavaFX Application Thread] DEBUG GameApplicationServi - Removing overlay from FXGLLoadingScene and adding to GameScene
05:16:49.536 [JavaFX Application Thread] DEBUG PrimaryStageWindow   - FXGLLoadingScene -> GameScene
05:16:49.551 [JavaFX Application Thread] DEBUG FXGLAssetLoaderServi - Loading from file system: file:/E:/All%20About%20Dev/OOP/FXGL%20new%20Begining/final%20version/Tower%20Defender/Tower-Defender/target/classes/assets/textures/goblin.png
05:16:50.408 [FXGL Background Thread 3 ] DEBUG Engine               - Logging environment variables
05:16:50.409 [FXGL Background Thread 3 ] DEBUG Engine               - achievements: []
05:16:50.409 [FXGL Background Thread 3 ] DEBUG Engine               - actualHeight: 800.0
05:16:50.409 [FXGL Background Thread 3 ] DEBUG Engine               - actualHeightProperty: ReadOnlyDoubleProperty [value: 800.0]
05:16:50.409 [FXGL Background Thread 3 ] DEBUG Engine               - actualWidth: 1280.0
05:16:50.409 [FXGL Background Thread 3 ] DEBUG Engine               - actualWidthProperty: ReadOnlyDoubleProperty [value: 1280.0]
05:16:50.409 [FXGL Background Thread 3 ] DEBUG Engine               - appIcon: fxgl_icon.png
05:16:50.409 [FXGL Background Thread 3 ] DEBUG Engine               - applicationMode: DEVELOPER
05:16:50.409 [FXGL Background Thread 3 ] DEBUG Engine               - cSSList: [fxgl_dark.css]
05:16:50.410 [FXGL Background Thread 3 ] DEBUG Engine               - collisionDetectionStrategy: BRUTE_FORCE
05:16:50.410 [FXGL Background Thread 3 ] DEBUG Engine               - configClass: Optional.empty
05:16:50.410 [FXGL Background Thread 3 ] DEBUG Engine               - credits: []
05:16:50.410 [FXGL Background Thread 3 ] DEBUG Engine               - defaultCursor: CursorInfo(imageName=fxgl_default_cursor.png, hotspotX=7.0, hotspotY=6.0)
05:16:50.410 [FXGL Background Thread 3 ] DEBUG Engine               - devBBoxColorProperty: ObjectProperty [value: 0xff0000ff]
05:16:50.410 [FXGL Background Thread 3 ] DEBUG Engine               - devEnableDebugCameraProperty: BooleanProperty [value: false]
05:16:50.410 [FXGL Background Thread 3 ] DEBUG Engine               - devSensorColorProperty: ObjectProperty [value: 0xffff00ff]
05:16:50.410 [FXGL Background Thread 3 ] DEBUG Engine               - devShowBBoxProperty: BooleanProperty [value: false]
05:16:50.410 [FXGL Background Thread 3 ] DEBUG Engine               - devShowPositionProperty: BooleanProperty [value: false]
05:16:50.411 [FXGL Background Thread 3 ] DEBUG Engine               - enabledMenuItems: []
05:16:50.411 [FXGL Background Thread 3 ] DEBUG Engine               - engineServices: [class com.almasb.fxgl.app.services.FXGLAssetLoaderService, class com.almasb.fxgl.app.FXGLApplication$GameApplicationService, class com.almasb.fxgl.app.services.FXGLDialogService, class com.almasb.fxgl.app.services.IOTaskExecutorService, class com.almasb.fxgl.io.FileSystemService, class com.almasb.fxgl.localization.LocalizationService, class com.almasb.fxgl.app.services.SystemBundleService, class com.almasb.fxgl.profile.SaveLoadService, class com.almasb.fxgl.ui.FXGLUIFactoryServiceProvider, class com.almasb.fxgl.ui.FXGLDialogFactoryServiceProvider, class com.almasb.fxgl.audio.AudioPlayer, class com.almasb.fxgl.notification.impl.NotificationServiceProvider, class com.almasb.fxgl.achievement.AchievementService, class com.almasb.fxgl.cutscene.CutsceneService, class com.almasb.fxgl.minigames.MiniGameService, class com.almasb.fxgl.net.NetService, class com.almasb.fxgl.app.services.UpdaterService, class com.almasb.fxgl.dev.DevService]
05:16:50.411 [FXGL Background Thread 3 ] DEBUG Engine               - fontGame: Abel-Regular.ttf
05:16:50.411 [FXGL Background Thread 3 ] DEBUG Engine               - fontMono: TerminalLandMono-Regular.otf
05:16:50.411 [FXGL Background Thread 3 ] DEBUG Engine               - fontSizeScaleUI: 1.0
05:16:50.411 [FXGL Background Thread 3 ] DEBUG Engine               - fontText: Courier-Prime.ttf
05:16:50.411 [FXGL Background Thread 3 ] DEBUG Engine               - fontUI: VarelaRound-Regular.ttf
05:16:50.411 [FXGL Background Thread 3 ] DEBUG Engine               - fullScreen: BooleanProperty [value: false]
05:16:50.411 [FXGL Background Thread 3 ] DEBUG Engine               - gameDifficulty: MEDIUM
05:16:50.411 [FXGL Background Thread 3 ] DEBUG Engine               - gameDifficultyProperty: ObjectProperty [value: MEDIUM]
05:16:50.411 [FXGL Background Thread 3 ] DEBUG Engine               - globalMusicVolume: 0.5
05:16:50.411 [FXGL Background Thread 3 ] DEBUG Engine               - globalMusicVolumeProperty: DoubleProperty [value: 0.5]
05:16:50.411 [FXGL Background Thread 3 ] DEBUG Engine               - globalSoundVolume: 0.5
05:16:50.411 [FXGL Background Thread 3 ] DEBUG Engine               - globalSoundVolumeProperty: DoubleProperty [value: 0.5]
05:16:50.411 [FXGL Background Thread 3 ] DEBUG Engine               - height: 800
05:16:50.411 [FXGL Background Thread 3 ] DEBUG Engine               - is3D: false
05:16:50.411 [FXGL Background Thread 3 ] DEBUG Engine               - isAndroid: false
05:16:50.411 [FXGL Background Thread 3 ] DEBUG Engine               - isBrowser: false
05:16:50.411 [FXGL Background Thread 3 ] DEBUG Engine               - isClickFeedbackEnabled: false
05:16:50.411 [FXGL Background Thread 3 ] DEBUG Engine               - isCloseConfirmation: false
05:16:50.411 [FXGL Background Thread 3 ] DEBUG Engine               - isDesktop: true
05:16:50.411 [FXGL Background Thread 3 ] DEBUG Engine               - isDeveloperMenuEnabled: false
05:16:50.411 [FXGL Background Thread 3 ] DEBUG Engine               - isEmbedded: false
05:16:50.411 [FXGL Background Thread 3 ] DEBUG Engine               - isEntityPreloadEnabled: true
05:16:50.411 [FXGL Background Thread 3 ] DEBUG Engine               - isExperimentalTiledLargeMap: false
05:16:50.411 [FXGL Background Thread 3 ] DEBUG Engine               - isFileSystemWriteAllowed: true
05:16:50.411 [FXGL Background Thread 3 ] DEBUG Engine               - isFullScreenAllowed: true
05:16:50.411 [FXGL Background Thread 3 ] DEBUG Engine               - isFullScreenFromStart: false
05:16:50.411 [FXGL Background Thread 3 ] DEBUG Engine               - isGameMenuEnabled: true
05:16:50.411 [FXGL Background Thread 3 ] DEBUG Engine               - isIOS: false
05:16:50.411 [FXGL Background Thread 3 ] DEBUG Engine               - isIntroEnabled: false
05:16:50.411 [FXGL Background Thread 3 ] DEBUG Engine               - isLinux: false
05:16:50.411 [FXGL Background Thread 3 ] DEBUG Engine               - isMac: false
05:16:50.411 [FXGL Background Thread 3 ] DEBUG Engine               - isMainMenuEnabled: true
05:16:50.411 [FXGL Background Thread 3 ] DEBUG Engine               - isManualResizeEnabled: true
05:16:50.411 [FXGL Background Thread 3 ] DEBUG Engine               - isMobile: false
05:16:50.411 [FXGL Background Thread 3 ] DEBUG Engine               - isNative: false
05:16:50.411 [FXGL Background Thread 3 ] DEBUG Engine               - isPauseMusicWhenMinimized: true
05:16:50.411 [FXGL Background Thread 3 ] DEBUG Engine               - isPreserveResizeRatio: false
05:16:50.411 [FXGL Background Thread 3 ] DEBUG Engine               - isProfilingEnabled: false
05:16:50.411 [FXGL Background Thread 3 ] DEBUG Engine               - isScaleAffectedOnResize: true
05:16:50.411 [FXGL Background Thread 3 ] DEBUG Engine               - isSingleStep: false
05:16:50.411 [FXGL Background Thread 3 ] DEBUG Engine               - isUserProfileEnabled: false
05:16:50.412 [FXGL Background Thread 3 ] DEBUG Engine               - isWindows: true
05:16:50.412 [FXGL Background Thread 3 ] DEBUG Engine               - language: ObjectProperty [value: ENGLISH]
05:16:50.412 [FXGL Background Thread 3 ] DEBUG Engine               - menuKey: ESCAPE
05:16:50.412 [FXGL Background Thread 3 ] DEBUG Engine               - mouseSensitivity: 0.2
05:16:50.412 [FXGL Background Thread 3 ] DEBUG Engine               - notificationViewClass: class com.almasb.fxgl.notification.view.XboxNotificationView
05:16:50.412 [FXGL Background Thread 3 ] DEBUG Engine               - pixelsPerMeter: 50.0
05:16:50.412 [FXGL Background Thread 3 ] DEBUG Engine               - platform: WINDOWS
05:16:50.412 [FXGL Background Thread 3 ] DEBUG Engine               - prefHeightProperty: ReadOnlyDoubleProperty [value: 800.0]
05:16:50.412 [FXGL Background Thread 3 ] DEBUG Engine               - prefWidthProperty: ReadOnlyDoubleProperty [value: 1280.0]
05:16:50.412 [FXGL Background Thread 3 ] DEBUG Engine               - profileDir: profiles/
05:16:50.412 [FXGL Background Thread 3 ] DEBUG Engine               - profileName: StringProperty [value: DEFAULT]
05:16:50.412 [FXGL Background Thread 3 ] DEBUG Engine               - randomSeed: -1
05:16:50.412 [FXGL Background Thread 3 ] DEBUG Engine               - runtimeInfo: RuntimeInfo(platform=WINDOWS, version=21.1, build=27.03.2024 07.52)
05:16:50.412 [FXGL Background Thread 3 ] DEBUG Engine               - saveFileExt: sav
05:16:50.412 [FXGL Background Thread 3 ] DEBUG Engine               - scaledHeightProp$fxgl: DoubleProperty [bound, value: 800.0]
05:16:50.412 [FXGL Background Thread 3 ] DEBUG Engine               - scaledWidthProp$fxgl: DoubleProperty [bound, value: 1280.0]
05:16:50.412 [FXGL Background Thread 3 ] DEBUG Engine               - sceneFactory: com.almasb.fxgl.app.scene.SceneFactory@1850b040
05:16:50.412 [FXGL Background Thread 3 ] DEBUG Engine               - secondsIn24h: 60
05:16:50.412 [FXGL Background Thread 3 ] DEBUG Engine               - soundMenuBack: menu/back.wav
05:16:50.412 [FXGL Background Thread 3 ] DEBUG Engine               - soundMenuPress: menu/press.wav
05:16:50.412 [FXGL Background Thread 3 ] DEBUG Engine               - soundMenuSelect: menu/select.wav
05:16:50.412 [FXGL Background Thread 3 ] DEBUG Engine               - soundNotification: core/notification.wav
05:16:50.412 [FXGL Background Thread 3 ] DEBUG Engine               - stageStyle: DECORATED
05:16:50.412 [FXGL Background Thread 3 ] DEBUG Engine               - supportedLanguages: [ENGLISH, FRENCH, GERMAN, HUNGARIAN, RUSSIAN]
05:16:50.412 [FXGL Background Thread 3 ] DEBUG Engine               - ticksPerSecond: -1
05:16:50.412 [FXGL Background Thread 3 ] DEBUG Engine               - title: Ghost Hunter
05:16:50.412 [FXGL Background Thread 3 ] DEBUG Engine               - urlGithub: https://github.com/AlmasB/FXGL
05:16:50.412 [FXGL Background Thread 3 ] DEBUG Engine               - urlLeaderboard: http://fxgl-top.herokuapp.com/
05:16:50.412 [FXGL Background Thread 3 ] DEBUG Engine               - urlPOM: https://raw.githubusercontent.com/AlmasB/FXGL/release/README.md
05:16:50.412 [FXGL Background Thread 3 ] DEBUG Engine               - userAppClass: class org.saikat.Game
05:16:50.413 [FXGL Background Thread 3 ] DEBUG Engine               - version: 1.0
05:16:50.413 [FXGL Background Thread 3 ] DEBUG Engine               - versionCheckDays: 7
05:16:50.413 [FXGL Background Thread 3 ] DEBUG Engine               - width: 1280
05:16:50.413 [FXGL Background Thread 3 ] DEBUG Engine               - Logging services
05:16:50.413 [FXGL Background Thread 3 ] DEBUG Engine               - class com.almasb.fxgl.app.services.FXGLAssetLoaderService
05:16:50.413 [FXGL Background Thread 3 ] DEBUG Engine               - class com.almasb.fxgl.app.FXGLApplication$GameApplicationService
05:16:50.413 [FXGL Background Thread 3 ] DEBUG Engine               - class com.almasb.fxgl.app.services.FXGLDialogService
05:16:50.413 [FXGL Background Thread 3 ] DEBUG Engine               - class com.almasb.fxgl.app.services.IOTaskExecutorService
05:16:50.413 [FXGL Background Thread 3 ] DEBUG Engine               - class com.almasb.fxgl.io.FileSystemService
05:16:50.413 [FXGL Background Thread 3 ] DEBUG Engine               - class com.almasb.fxgl.localization.LocalizationService
05:16:50.413 [FXGL Background Thread 3 ] DEBUG Engine               - class com.almasb.fxgl.app.services.SystemBundleService
05:16:50.413 [FXGL Background Thread 3 ] DEBUG Engine               - class com.almasb.fxgl.profile.SaveLoadService
05:16:50.413 [FXGL Background Thread 3 ] DEBUG Engine               - class com.almasb.fxgl.ui.FXGLUIFactoryServiceProvider
05:16:50.413 [FXGL Background Thread 3 ] DEBUG Engine               - class com.almasb.fxgl.ui.FXGLDialogFactoryServiceProvider
05:16:50.413 [FXGL Background Thread 3 ] DEBUG Engine               - class com.almasb.fxgl.audio.AudioPlayer
05:16:50.413 [FXGL Background Thread 3 ] DEBUG Engine               - class com.almasb.fxgl.notification.impl.NotificationServiceProvider
05:16:50.413 [FXGL Background Thread 3 ] DEBUG Engine               - class com.almasb.fxgl.achievement.AchievementService
05:16:50.413 [FXGL Background Thread 3 ] DEBUG Engine               - class com.almasb.fxgl.cutscene.CutsceneService
05:16:50.413 [FXGL Background Thread 3 ] DEBUG Engine               - class com.almasb.fxgl.minigames.MiniGameService
05:16:50.413 [FXGL Background Thread 3 ] DEBUG Engine               - class com.almasb.fxgl.net.NetService
05:16:50.413 [FXGL Background Thread 3 ] DEBUG Engine               - class com.almasb.fxgl.app.services.UpdaterService
05:16:50.413 [FXGL Background Thread 3 ] DEBUG Engine               - class com.almasb.fxgl.dev.DevService
05:16:50.714 [JavaFX Application Thread] DEBUG PrimaryStageWindow   - Push state: DialogSubScene
05:16:50.714 [JavaFX Application Thread] DEBUG Input                - Clearing active input actions
05:16:50.715 [JavaFX Application Thread] DEBUG GameApplicationServi - Removing overlay from GameScene and adding to DialogSubScene
05:16:50.716 [JavaFX Application Thread] DEBUG PrimaryStageWindow   - GameScene -> DialogSubScene
05:16:52.433 [JavaFX Application Thread] DEBUG PrimaryStageWindow   - Pop state: DialogSubScene
05:16:52.434 [JavaFX Application Thread] DEBUG Input                - Clearing active input actions
05:16:52.434 [JavaFX Application Thread] DEBUG GameApplicationServi - Removing overlay from DialogSubScene and adding to GameScene
05:16:52.434 [JavaFX Application Thread] DEBUG PrimaryStageWindow   - GameScene <- DialogSubScene
05:16:52.435 [JavaFX Application Thread] DEBUG FXGLAssetLoaderServi - Loading from file system: file:/E:/All%20About%20Dev/OOP/FXGL%20new%20Begining/final%20version/Tower%20Defender/Tower-Defender/target/classes/assets/textures/spell2.png
05:16:52.447 [JavaFX Application Thread] DEBUG FXGLAssetLoaderServi - Loading from file system: file:/E:/All%20About%20Dev/OOP/FXGL%20new%20Begining/final%20version/Tower%20Defender/Tower-Defender/target/classes/assets/textures/red.png
05:16:54.122 [JavaFX Application Thread] DEBUG PrimaryStageWindow   - Push state: DialogSubScene
05:16:54.122 [JavaFX Application Thread] DEBUG Input                - Clearing active input actions
05:16:54.124 [JavaFX Application Thread] DEBUG GameApplicationServi - Removing overlay from GameScene and adding to DialogSubScene
05:16:54.124 [JavaFX Application Thread] DEBUG PrimaryStageWindow   - GameScene -> DialogSubScene
05:16:55.675 [JavaFX Application Thread] DEBUG PrimaryStageWindow   - Pop state: DialogSubScene
05:16:55.675 [JavaFX Application Thread] DEBUG Input                - Clearing active input actions
05:16:55.676 [JavaFX Application Thread] DEBUG GameApplicationServi - Removing overlay from DialogSubScene and adding to GameScene
05:16:55.676 [JavaFX Application Thread] DEBUG PrimaryStageWindow   - GameScene <- DialogSubScene
05:16:55.677 [JavaFX Application Thread] DEBUG FXGLAssetLoaderServi - Loading from file system: file:/E:/All%20About%20Dev/OOP/FXGL%20new%20Begining/final%20version/Tower%20Defender/Tower-Defender/target/classes/assets/textures/wildfire.png
05:16:57.952 [JavaFX Application Thread] DEBUG FXGLAssetLoaderServi - Loading from file system: file:/E:/All%20About%20Dev/OOP/FXGL%20new%20Begining/final%20version/Tower%20Defender/Tower-Defender/target/classes/assets/textures/green.png
05:16:58.099 [JavaFX Application Thread] DEBUG PrimaryStageWindow   - Push state: DialogSubScene
05:16:58.099 [JavaFX Application Thread] DEBUG Input                - Clearing active input actions
05:16:58.100 [JavaFX Application Thread] DEBUG GameApplicationServi - Removing overlay from GameScene and adding to DialogSubScene
05:16:58.100 [JavaFX Application Thread] DEBUG PrimaryStageWindow   - GameScene -> DialogSubScene
05:16:59.202 [JavaFX Application Thread] DEBUG PrimaryStageWindow   - Pop state: DialogSubScene
05:16:59.202 [JavaFX Application Thread] DEBUG Input                - Clearing active input actions
05:16:59.203 [JavaFX Application Thread] DEBUG GameApplicationServi - Removing overlay from DialogSubScene and adding to GameScene
05:16:59.203 [JavaFX Application Thread] DEBUG PrimaryStageWindow   - GameScene <- DialogSubScene
05:16:59.204 [JavaFX Application Thread] DEBUG FXGLAssetLoaderServi - Loading from file system: file:/E:/All%20About%20Dev/OOP/FXGL%20new%20Begining/final%20version/Tower%20Defender/Tower-Defender/target/classes/assets/textures/wildfire2.png
05:16:59.216 [JavaFX Application Thread] DEBUG FXGLAssetLoaderServi - Loading from file system: file:/E:/All%20About%20Dev/OOP/FXGL%20new%20Begining/final%20version/Tower%20Defender/Tower-Defender/target/classes/assets/textures/blue.png
05:17:04.392 [JavaFX Application Thread] DEBUG FXGLAssetLoaderServi - Loading from file system: file:/E:/All%20About%20Dev/OOP/FXGL%20new%20Begining/final%20version/Tower%20Defender/Tower-Defender/target/classes/assets/textures/bird.png
05:17:05.536 [JavaFX Application Thread] DEBUG PrimaryStageWindow   - Push state: DialogSubScene
05:17:05.538 [JavaFX Application Thread] DEBUG Input                - Clearing active input actions
05:17:05.538 [JavaFX Application Thread] DEBUG GameApplicationServi - Removing overlay from GameScene and adding to DialogSubScene
05:17:05.539 [JavaFX Application Thread] DEBUG PrimaryStageWindow   - GameScene -> DialogSubScene
05:17:07.200 [JavaFX Application Thread] DEBUG PrimaryStageWindow   - Pop state: DialogSubScene
05:17:07.200 [JavaFX Application Thread] DEBUG Input                - Clearing active input actions
05:17:07.200 [JavaFX Application Thread] DEBUG GameApplicationServi - Removing overlay from DialogSubScene and adding to GameScene
05:17:07.200 [JavaFX Application Thread] DEBUG PrimaryStageWindow   - GameScene <- DialogSubScene
05:17:07.202 [JavaFX Application Thread] DEBUG FXGLAssetLoaderServi - Loading from file system: file:/E:/All%20About%20Dev/OOP/FXGL%20new%20Begining/final%20version/Tower%20Defender/Tower-Defender/target/classes/assets/textures/spell.png
05:17:07.223 [JavaFX Application Thread] DEBUG FXGLAssetLoaderServi - Loading from file system: file:/E:/All%20About%20Dev/OOP/FXGL%20new%20Begining/final%20version/Tower%20Defender/Tower-Defender/target/classes/assets/textures/violet.png
05:17:17.325 [JavaFX Application Thread] DEBUG PrimaryStageWindow   - Push state: DialogSubScene
05:17:17.325 [JavaFX Application Thread] DEBUG Input                - Clearing active input actions
05:17:17.326 [JavaFX Application Thread] DEBUG GameApplicationServi - Removing overlay from GameScene and adding to DialogSubScene
05:17:17.326 [JavaFX Application Thread] DEBUG PrimaryStageWindow   - GameScene -> DialogSubScene
05:17:19.383 [JavaFX Application Thread] DEBUG PrimaryStageWindow   - Pop state: DialogSubScene
05:17:19.383 [JavaFX Application Thread] DEBUG Input                - Clearing active input actions
05:17:19.384 [JavaFX Application Thread] DEBUG GameApplicationServi - Removing overlay from DialogSubScene and adding to GameScene
05:17:19.384 [JavaFX Application Thread] DEBUG PrimaryStageWindow   - GameScene <- DialogSubScene
05:17:20.723 [JavaFX Application Thread] DEBUG PrimaryStageWindow   - Push state: DialogSubScene
05:17:20.723 [JavaFX Application Thread] DEBUG Input                - Clearing active input actions
05:17:20.723 [JavaFX Application Thread] DEBUG GameApplicationServi - Removing overlay from GameScene and adding to DialogSubScene
05:17:20.724 [JavaFX Application Thread] DEBUG PrimaryStageWindow   - GameScene -> DialogSubScene
05:17:23.179 [JavaFX Application Thread] DEBUG PrimaryStageWindow   - Pop state: DialogSubScene
05:17:23.179 [JavaFX Application Thread] DEBUG Input                - Clearing active input actions
05:17:23.179 [JavaFX Application Thread] DEBUG GameApplicationServi - Removing overlay from DialogSubScene and adding to GameScene
05:17:23.179 [JavaFX Application Thread] DEBUG PrimaryStageWindow   - GameScene <- DialogSubScene
05:17:25.472 [JavaFX Application Thread] DEBUG FXGLAssetLoaderServi - Loading from file system: file:/E:/All%20About%20Dev/OOP/FXGL%20new%20Begining/final%20version/Tower%20Defender/Tower-Defender/target/classes/assets/textures/wolf.png
05:17:33.611 [JavaFX Application Thread] DEBUG PrimaryStageWindow   - Push state: DialogSubScene
05:17:33.611 [JavaFX Application Thread] DEBUG Input                - Clearing active input actions
05:17:33.612 [JavaFX Application Thread] DEBUG GameApplicationServi - Removing overlay from GameScene and adding to DialogSubScene
05:17:33.612 [JavaFX Application Thread] DEBUG PrimaryStageWindow   - GameScene -> DialogSubScene
05:17:35.169 [JavaFX Application Thread] DEBUG PrimaryStageWindow   - Pop state: DialogSubScene
05:17:35.169 [JavaFX Application Thread] DEBUG Input                - Clearing active input actions
05:17:35.169 [JavaFX Application Thread] DEBUG GameApplicationServi - Removing overlay from DialogSubScene and adding to GameScene
05:17:35.169 [JavaFX Application Thread] DEBUG PrimaryStageWindow   - GameScene <- DialogSubScene
05:17:36.304 [JavaFX Application Thread] DEBUG PrimaryStageWindow   - Push state: DialogSubScene
05:17:36.304 [JavaFX Application Thread] DEBUG Input                - Clearing active input actions
05:17:36.305 [JavaFX Application Thread] DEBUG GameApplicationServi - Removing overlay from GameScene and adding to DialogSubScene
05:17:36.305 [JavaFX Application Thread] DEBUG PrimaryStageWindow   - GameScene -> DialogSubScene
05:17:38.066 [JavaFX Application Thread] DEBUG PrimaryStageWindow   - Pop state: DialogSubScene
05:17:38.067 [JavaFX Application Thread] DEBUG Input                - Clearing active input actions
05:17:38.067 [JavaFX Application Thread] DEBUG GameApplicationServi - Removing overlay from DialogSubScene and adding to GameScene
05:17:38.067 [JavaFX Application Thread] DEBUG PrimaryStageWindow   - GameScene <- DialogSubScene
05:17:39.429 [JavaFX Application Thread] DEBUG PrimaryStageWindow   - Push state: DialogSubScene
05:17:39.429 [JavaFX Application Thread] DEBUG Input                - Clearing active input actions
05:17:39.429 [JavaFX Application Thread] DEBUG GameApplicationServi - Removing overlay from GameScene and adding to DialogSubScene
05:17:39.430 [JavaFX Application Thread] DEBUG PrimaryStageWindow   - GameScene -> DialogSubScene
05:17:41.095 [JavaFX Application Thread] DEBUG PrimaryStageWindow   - Pop state: DialogSubScene
05:17:41.095 [JavaFX Application Thread] DEBUG Input                - Clearing active input actions
05:17:41.095 [JavaFX Application Thread] DEBUG GameApplicationServi - Removing overlay from DialogSubScene and adding to GameScene
05:17:41.095 [JavaFX Application Thread] DEBUG PrimaryStageWindow   - GameScene <- DialogSubScene
05:17:42.352 [JavaFX Application Thread] DEBUG PrimaryStageWindow   - Push state: DialogSubScene
05:17:42.352 [JavaFX Application Thread] DEBUG Input                - Clearing active input actions
05:17:42.353 [JavaFX Application Thread] DEBUG GameApplicationServi - Removing overlay from GameScene and adding to DialogSubScene
05:17:42.353 [JavaFX Application Thread] DEBUG PrimaryStageWindow   - GameScene -> DialogSubScene
05:17:43.932 [JavaFX Application Thread] DEBUG PrimaryStageWindow   - Pop state: DialogSubScene
05:17:43.932 [JavaFX Application Thread] DEBUG Input                - Clearing active input actions
05:17:43.934 [JavaFX Application Thread] DEBUG GameApplicationServi - Removing overlay from DialogSubScene and adding to GameScene
05:17:43.934 [JavaFX Application Thread] DEBUG PrimaryStageWindow   - GameScene <- DialogSubScene
05:17:45.104 [JavaFX Application Thread] DEBUG PrimaryStageWindow   - Push state: DialogSubScene
05:17:45.104 [JavaFX Application Thread] DEBUG Input                - Clearing active input actions
05:17:45.105 [JavaFX Application Thread] DEBUG GameApplicationServi - Removing overlay from GameScene and adding to DialogSubScene
05:17:45.105 [JavaFX Application Thread] DEBUG PrimaryStageWindow   - GameScene -> DialogSubScene
05:17:46.781 [JavaFX Application Thread] DEBUG PrimaryStageWindow   - Pop state: DialogSubScene
05:17:46.781 [JavaFX Application Thread] DEBUG Input                - Clearing active input actions
05:17:46.781 [JavaFX Application Thread] DEBUG GameApplicationServi - Removing overlay from DialogSubScene and adding to GameScene
05:17:46.781 [JavaFX Application Thread] DEBUG PrimaryStageWindow   - GameScene <- DialogSubScene
05:17:47.571 [JavaFX Application Thread] DEBUG PrimaryStageWindow   - Push state: DialogSubScene
05:17:47.571 [JavaFX Application Thread] DEBUG Input                - Clearing active input actions
05:17:47.571 [JavaFX Application Thread] DEBUG GameApplicationServi - Removing overlay from GameScene and adding to DialogSubScene
05:17:47.572 [JavaFX Application Thread] DEBUG PrimaryStageWindow   - GameScene -> DialogSubScene
05:17:49.083 [JavaFX Application Thread] DEBUG PrimaryStageWindow   - Pop state: DialogSubScene
05:17:49.084 [JavaFX Application Thread] DEBUG Input                - Clearing active input actions
05:17:49.084 [JavaFX Application Thread] DEBUG GameApplicationServi - Removing overlay from DialogSubScene and adding to GameScene
05:17:49.084 [JavaFX Application Thread] DEBUG PrimaryStageWindow   - GameScene <- DialogSubScene
05:17:50.470 [JavaFX Application Thread] DEBUG PrimaryStageWindow   - Push state: DialogSubScene
05:17:50.470 [JavaFX Application Thread] DEBUG Input                - Clearing active input actions
05:17:50.470 [JavaFX Application Thread] DEBUG GameApplicationServi - Removing overlay from GameScene and adding to DialogSubScene
05:17:50.471 [JavaFX Application Thread] DEBUG PrimaryStageWindow   - GameScene -> DialogSubScene
05:17:52.584 [JavaFX Application Thread] DEBUG PrimaryStageWindow   - Pop state: DialogSubScene
05:17:52.584 [JavaFX Application Thread] DEBUG Input                - Clearing active input actions
05:17:52.585 [JavaFX Application Thread] DEBUG GameApplicationServi - Removing overlay from DialogSubScene and adding to GameScene
05:17:52.585 [JavaFX Application Thread] DEBUG PrimaryStageWindow   - GameScene <- DialogSubScene
05:17:54.177 [JavaFX Application Thread] DEBUG PrimaryStageWindow   - Push state: DialogSubScene
05:17:54.177 [JavaFX Application Thread] DEBUG Input                - Clearing active input actions
05:17:54.178 [JavaFX Application Thread] DEBUG GameApplicationServi - Removing overlay from GameScene and adding to DialogSubScene
05:17:54.178 [JavaFX Application Thread] DEBUG PrimaryStageWindow   - GameScene -> DialogSubScene
05:17:55.717 [JavaFX Application Thread] DEBUG PrimaryStageWindow   - Pop state: DialogSubScene
05:17:55.717 [JavaFX Application Thread] DEBUG Input                - Clearing active input actions
05:17:55.717 [JavaFX Application Thread] DEBUG GameApplicationServi - Removing overlay from DialogSubScene and adding to GameScene
05:17:55.717 [JavaFX Application Thread] DEBUG PrimaryStageWindow   - GameScene <- DialogSubScene
05:18:01.090 [JavaFX Application Thread] DEBUG FXGLAssetLoaderServi - Loading from file system: file:/E:/All%20About%20Dev/OOP/FXGL%20new%20Begining/final%20version/Tower%20Defender/Tower-Defender/target/classes/assets/textures/motherflame.png
05:18:06.754 [JavaFX Application Thread] DEBUG PrimaryStageWindow   - Push state: DialogSubScene
05:18:06.754 [JavaFX Application Thread] DEBUG Input                - Clearing active input actions
05:18:06.755 [JavaFX Application Thread] DEBUG GameApplicationServi - Removing overlay from GameScene and adding to DialogSubScene
05:18:06.755 [JavaFX Application Thread] DEBUG PrimaryStageWindow   - GameScene -> DialogSubScene
05:18:08.394 [JavaFX Application Thread] DEBUG PrimaryStageWindow   - Pop state: DialogSubScene
05:18:08.394 [JavaFX Application Thread] DEBUG Input                - Clearing active input actions
05:18:08.394 [JavaFX Application Thread] DEBUG GameApplicationServi - Removing overlay from DialogSubScene and adding to GameScene
05:18:08.395 [JavaFX Application Thread] DEBUG PrimaryStageWindow   - GameScene <- DialogSubScene
05:18:10.383 [JavaFX Application Thread] DEBUG PrimaryStageWindow   - Push state: DialogSubScene
05:18:10.383 [JavaFX Application Thread] DEBUG Input                - Clearing active input actions
05:18:10.384 [JavaFX Application Thread] DEBUG GameApplicationServi - Removing overlay from GameScene and adding to DialogSubScene
05:18:10.384 [JavaFX Application Thread] DEBUG PrimaryStageWindow   - GameScene -> DialogSubScene
05:18:12.274 [JavaFX Application Thread] DEBUG PrimaryStageWindow   - Pop state: DialogSubScene
05:18:12.274 [JavaFX Application Thread] DEBUG Input                - Clearing active input actions
05:18:12.275 [JavaFX Application Thread] DEBUG GameApplicationServi - Removing overlay from DialogSubScene and adding to GameScene
05:18:12.275 [JavaFX Application Thread] DEBUG PrimaryStageWindow   - GameScene <- DialogSubScene
05:18:13.055 [JavaFX Application Thread] DEBUG PrimaryStageWindow   - Push state: DialogSubScene
05:18:13.056 [JavaFX Application Thread] DEBUG Input                - Clearing active input actions
05:18:13.056 [JavaFX Application Thread] DEBUG GameApplicationServi - Removing overlay from GameScene and adding to DialogSubScene
05:18:13.056 [JavaFX Application Thread] DEBUG PrimaryStageWindow   - GameScene -> DialogSubScene
05:18:15.254 [JavaFX Application Thread] DEBUG PrimaryStageWindow   - Pop state: DialogSubScene
05:18:15.254 [JavaFX Application Thread] DEBUG Input                - Clearing active input actions
05:18:15.256 [JavaFX Application Thread] DEBUG GameApplicationServi - Removing overlay from DialogSubScene and adding to GameScene
05:18:15.256 [JavaFX Application Thread] DEBUG PrimaryStageWindow   - GameScene <- DialogSubScene
05:18:30.016 [JavaFX Application Thread] WARN  GameWorld            - Attempted to remove entity which is not active
05:18:41.395 [JavaFX Application Thread] DEBUG PrimaryStageWindow   - Push state: DialogSubScene
05:18:41.395 [JavaFX Application Thread] DEBUG Input                - Clearing active input actions
05:18:41.395 [JavaFX Application Thread] DEBUG GameApplicationServi - Removing overlay from GameScene and adding to DialogSubScene
05:18:41.395 [JavaFX Application Thread] DEBUG PrimaryStageWindow   - GameScene -> DialogSubScene
05:18:45.390 [JavaFX Application Thread] DEBUG PrimaryStageWindow   - Pop state: DialogSubScene
05:18:45.390 [JavaFX Application Thread] DEBUG Input                - Clearing active input actions
05:18:45.390 [JavaFX Application Thread] DEBUG GameApplicationServi - Removing overlay from DialogSubScene and adding to GameScene
05:18:45.390 [JavaFX Application Thread] DEBUG PrimaryStageWindow   - GameScene <- DialogSubScene
05:18:45.391 [JavaFX Application Thread] DEBUG FXGLApplication      - Exiting FXGL
05:18:45.391 [JavaFX Application Thread] DEBUG LoopRunner           - Stopping loop
05:18:45.391 [JavaFX Application Thread] DEBUG SystemBundleService  - Saving FXGL system data
05:18:45.405 [JavaFX Application Thread] DEBUG FileSystemAccess     - Writing to: E:\All About Dev\OOP\FXGL new Begining\final version\Tower Defender\Tower-Defender\system\fxgl.bundle
05:18:45.408 [JavaFX Application Thread] DEBUG Async                - Shutting down background threads
05:18:45.410 [JavaFX Application Thread] DEBUG PrimaryStageWindow   - Closing main window
05:18:45.455 [JavaFX Application Thread] DEBUG Logger               - Closing Logger
