04:44:55.339 [main                     ] DEBUG Logger               - Configured Logger
04:44:55.359 [main                     ] DEBUG GameApplication      - Logging settings
Title: Ghost Hunter
Version: 1.0
Width: 1280
Height: 800
Fullscreen: true
Intro: false
Profiling: false
Single step:false
App Mode: DEVELOPER
Menu Key: ESCAPE
Stage Style: DECORATED
Scene Factory: class com.almasb.fxgl.app.scene.SceneFactory

04:44:56.399 [JavaFX Application Thread] DEBUG FXGLApplication      - Initializing FXGL
04:44:56.412 [JavaFX Application Thread] INFO  Engine               - FXGL-21.1 (27.03.2024 07.52) on WINDOWS (J:21.0.9 FX:21.0.1)
04:44:56.412 [JavaFX Application Thread] DEBUG Engine               - JRE Vendor Name: Oracle Corporation
04:44:56.412 [JavaFX Application Thread] DEBUG Engine               - Running on OS: Windows 11 version 10.0
04:44:56.412 [JavaFX Application Thread] DEBUG Engine               - Architecture: amd64
04:44:56.412 [JavaFX Application Thread] INFO  Engine               - Source code and latest versions at: https://github.com/AlmasB/FXGL
04:44:56.413 [JavaFX Application Thread] INFO  Engine               -       Ask questions and discuss at: https://github.com/AlmasB/FXGL/discussions
04:44:56.413 [JavaFX Application Thread] INFO  Engine               -              Join the FXGL chat at: https://gitter.im/AlmasB/FXGL
04:44:56.556 [JavaFX Application Thread] DEBUG PrimaryStageWindow   - Creating a JavaFX scene
04:44:56.626 [JavaFX Application Thread] DEBUG PrimaryStageWindow   - Target settings size: 1280.0 x 800.0
04:44:56.627 [JavaFX Application Thread] DEBUG PrimaryStageWindow   - Scaled scene size:    1280.0 x 800.0
04:44:56.627 [JavaFX Application Thread] DEBUG PrimaryStageWindow   - Scaled ratio: (1.0, 1.0)
04:44:56.628 [JavaFX Application Thread] DEBUG PrimaryStageWindow   - Set initial scene to FXGLStartupScene
04:44:56.634 [JavaFX Application Thread] DEBUG PrimaryStageWindow   - Opening main window
04:44:56.801 [JavaFX Application Thread] DEBUG PrimaryStageWindow   - Window border size: (14.4000244140625, 37.5999755859375)
04:44:56.802 [JavaFX Application Thread] DEBUG PrimaryStageWindow   - Scaled size: 1280.0 x 800.0
04:44:56.802 [JavaFX Application Thread] DEBUG PrimaryStageWindow   - Scaled ratio: (1.0, 1.0)
04:44:56.802 [JavaFX Application Thread] DEBUG PrimaryStageWindow   - Scene size: 1280.0 x 800.0
04:44:56.803 [JavaFX Application Thread] DEBUG PrimaryStageWindow   - Stage size: 1294.4000244140625 x 837.5999755859375
04:44:56.819 [FXGL Background Thread 1 ] DEBUG Engine               - Initializing environment variables
04:44:56.906 [FXGL Background Thread 1 ] DEBUG FXGLAssetLoaderServi - User app class for loading assets: class org.saikat.Game
04:44:56.906 [FXGL Background Thread 1 ] DEBUG GameApplicationServi - Applying CSS: fxgl_dark.css
04:44:56.909 [FXGL Background Thread 1 ] DEBUG FXGLAssetLoaderServi - Loading from file system: jar:file:/C:/Users/HP/.m2/repository/com/github/almasb/fxgl/21.1/fxgl-21.1.jar!/fxglassets/ui/css/fxgl_dark.css
04:44:56.972 [FXGL Background Thread 1 ] DEBUG GameApplicationServi - Initializing application scenes
04:44:57.044 [FXGL Background Thread 1 ] DEBUG GameWorld            - Game world initialized
04:44:57.147 [FXGL Background Thread 1 ] DEBUG PhysicsWorld         - Physics world initialized: appHeight=800, physics.ppm=50.0
04:44:57.147 [FXGL Background Thread 1 ] DEBUG PhysicsWorld         - Using strategy: BRUTE_FORCE
04:44:57.154 [FXGL Background Thread 1 ] DEBUG GameScene            - Game scene initialized: 1280x800
04:44:57.169 [FXGL Background Thread 1 ] DEBUG FXGL.DefaultMenu     - createMenuBodyMainMenu()
04:44:57.188 [FXGL Background Thread 1 ] DEBUG FXGL.DefaultMenu     - createOptionsMenu()
04:44:57.200 [FXGL Background Thread 1 ] DEBUG FXGLAssetLoaderServi - Loading from file system: jar:file:/C:/Users/HP/.m2/repository/com/github/almasb/fxgl/21.1/fxgl-21.1.jar!/fxglassets/textures/particles/smoke.png
04:44:57.349 [FXGL Background Thread 1 ] DEBUG FXGLAssetLoaderServi - Loading from file system: jar:file:/C:/Users/HP/.m2/repository/com/github/almasb/fxgl/21.1/fxgl-21.1.jar!/fxglassets/textures/particles/trace_horizontal.png
04:44:57.384 [FXGL Background Thread 1 ] DEBUG FXGL.DefaultMenu     - createMenuBodyGameMenu()
04:44:57.385 [FXGL Background Thread 1 ] DEBUG FXGL.DefaultMenu     - createOptionsMenu()
04:44:57.398 [FXGL Background Thread 1 ] DEBUG GameApplicationServi - Application scenes initialized
04:44:57.420 [FXGL Background Thread 1 ] DEBUG SystemBundleService  - Loading FXGL system data
04:44:57.428 [FXGL Background Thread 1 ] DEBUG FileSystemAccess     - Reading from: E:\All About Dev\OOP\FXGL new Begining\final version\Tower Defender\Tower-Defender\system\fxgl.bundle
04:44:57.443 [FXGL Background Thread 1 ] DEBUG SystemBundleService  - Bundle FXGL: {}
04:44:57.443 [FXGL Background Thread 1 ] DEBUG UpdaterService       - Checking for updates
04:44:57.449 [FXGL Background Thread 4 ] DEBUG FXGLApplication      - Loading fonts
04:44:57.450 [FXGL Background Thread 1 ] DEBUG FXGLApplication      - Loading default localization
04:44:57.450 [FXGL Background Thread 4 ] DEBUG FXGLAssetLoaderServi - Loading from file system: jar:file:/C:/Users/HP/.m2/repository/com/github/almasb/fxgl/21.1/fxgl-21.1.jar!/fxglassets/ui/fonts/VarelaRound-Regular.ttf
04:44:57.451 [FXGL Background Thread 1 ] DEBUG FXGLAssetLoaderServi - Loading from file system: jar:file:/C:/Users/HP/.m2/repository/com/github/almasb/fxgl/21.1/fxgl-21.1.jar!/fxglassets/languages/english.lang
04:44:57.493 [FXGL Background Thread 1 ] INFO  FXGLApplication      - FXGL initialization took: 0.675 sec
04:44:57.502 [JavaFX Application Thread] DEBUG Input                - Registered new binding: add tower - LMB
04:44:57.502 [JavaFX Application Thread] DEBUG Input                - Registered new binding: remove tower - RMB
04:44:57.504 [JavaFX Application Thread] DEBUG FXGLAssetLoaderServi - Loading from file system: jar:file:/C:/Users/HP/.m2/repository/com/github/almasb/fxgl/21.1/fxgl-21.1.jar!/fxglassets/textures/fxgl_icon.png
04:44:57.533 [JavaFX Application Thread] DEBUG FXGLAssetLoaderServi - Loading from file system: jar:file:/C:/Users/HP/.m2/repository/com/github/almasb/fxgl/21.1/fxgl-21.1.jar!/fxglassets/textures/fxgl_default_cursor.png
04:44:57.542 [JavaFX Application Thread] DEBUG Input                - Registered new binding: Screenshot - CTRL+8
04:44:57.543 [JavaFX Application Thread] DEBUG Input                - Registered new binding: System info dump - CTRL+9
04:44:57.544 [JavaFX Application Thread] DEBUG Input                - Registered new binding: Restart - CTRL+R
04:44:57.545 [JavaFX Application Thread] DEBUG Input                - Registered new binding: Toggle Debug Camera - CTRL+7
04:44:57.549 [JavaFX Application Thread] DEBUG LoopRunner           - Starting loop
04:44:57.550 [JavaFX Application Thread] DEBUG LoopRunner           - Initializing JavaFX AnimationTimerLoop
04:44:57.555 [JavaFX Application Thread] DEBUG Input                - Clearing active input actions
04:44:57.567 [JavaFX Application Thread] DEBUG GameApplicationServi - Removing overlay from FXGLStartupScene and adding to FXGLMainMenuDummyScene
04:44:57.567 [JavaFX Application Thread] DEBUG PrimaryStageWindow   - FXGLStartupScene -> FXGLMainMenuDummyScene
04:44:57.567 [JavaFX Application Thread] DEBUG PrimaryStageWindow   - Push state: FXGLDefaultMenu
04:44:57.577 [JavaFX Application Thread] DEBUG Input                - Clearing active input actions
04:44:57.599 [JavaFX Application Thread] DEBUG GameApplicationServi - Removing overlay from FXGLMainMenuDummyScene and adding to FXGLDefaultMenu
04:44:57.600 [JavaFX Application Thread] DEBUG PrimaryStageWindow   - FXGLMainMenuDummyScene -> FXGLDefaultMenu
04:44:57.692 [FXGL Background Thread 4 ] DEBUG FXGLAssetLoaderServi - Loading from file system: jar:file:/C:/Users/HP/.m2/repository/com/github/almasb/fxgl/21.1/fxgl-21.1.jar!/fxglassets/ui/fonts/Abel-Regular.ttf
04:44:57.698 [FXGL Background Thread 4 ] DEBUG FXGLAssetLoaderServi - Loading from file system: jar:file:/C:/Users/HP/.m2/repository/com/github/almasb/fxgl/21.1/fxgl-21.1.jar!/fxglassets/ui/fonts/TerminalLandMono-Regular.otf
04:44:57.706 [FXGL Background Thread 4 ] DEBUG FXGLAssetLoaderServi - Loading from file system: jar:file:/C:/Users/HP/.m2/repository/com/github/almasb/fxgl/21.1/fxgl-21.1.jar!/fxglassets/ui/fonts/Courier-Prime.ttf
04:44:57.765 [JavaFX Application Thread] DEBUG FXGLApplication      - Registering font factories with UI factory
04:44:58.746 [FXGL Background Thread 2 ] INFO  UpdaterService       - Your current version:  21.1
04:44:58.746 [FXGL Background Thread 2 ] INFO  UpdaterService       - Latest stable version: 25
04:44:59.555 [JavaFX Application Thread] DEBUG Menu                 - fireNewGame()
04:44:59.555 [JavaFX Application Thread] DEBUG GameApplicationServi - Starting new game
04:44:59.559 [JavaFX Application Thread] DEBUG PrimaryStageWindow   - Pop state: FXGLDefaultMenu
04:44:59.559 [JavaFX Application Thread] DEBUG Input                - Clearing active input actions
04:44:59.561 [JavaFX Application Thread] DEBUG GameApplicationServi - Removing overlay from FXGLDefaultMenu and adding to FXGLMainMenuDummyScene
04:44:59.563 [JavaFX Application Thread] DEBUG PrimaryStageWindow   - FXGLMainMenuDummyScene <- FXGLDefaultMenu
04:44:59.563 [JavaFX Application Thread] DEBUG Input                - Clearing active input actions
04:44:59.576 [JavaFX Application Thread] DEBUG GameApplicationServi - Removing overlay from FXGLMainMenuDummyScene and adding to FXGLLoadingScene
04:44:59.577 [JavaFX Application Thread] DEBUG PrimaryStageWindow   - FXGLMainMenuDummyScene -> FXGLLoadingScene
04:44:59.577 [JavaFX Application Thread] DEBUG GameApplicationServi - Clearing previous game
04:44:59.577 [JavaFX Application Thread] DEBUG GameScene            - Clearing game scene
04:44:59.578 [JavaFX Application Thread] DEBUG GameWorld            - Clearing game world
04:44:59.578 [JavaFX Application Thread] DEBUG PhysicsWorld         - Clearing physics world
04:44:59.585 [FXGL Background Thread 2 ] DEBUG FXGLApplication      - Initializing game
04:44:59.687 [FXGL Background Thread 2 ] WARN  TMXLevelLoader       - TiledMap generated from 1.12.2. Supported version: 1.9.0. Some features may not be parsed fully.
04:44:59.720 [FXGL Background Thread 2 ] DEBUG TMXLevelLoader       - Parsed TiledMap: file:/E:/All%20About%20Dev/OOP/FXGL%20new%20Begining/final%20version/Tower%20Defender/Tower-Defender/target/classes/assets/levels/wall.tmx
04:44:59.723 [FXGL Background Thread 2 ] DEBUG TMXLevelLoader       - Creating tile layer entities
04:44:59.729 [FXGL Background Thread 2 ] DEBUG TilesetLoader        - Loading view for layer icons
04:44:59.732 [FXGL Background Thread 2 ] DEBUG TilesetLoader        - Created buffer with size 1280.0x800.0
04:44:59.744 [FXGL Background Thread 2 ] DEBUG TilesetLoader        - Loading view for layer background
04:44:59.746 [FXGL Background Thread 2 ] DEBUG TilesetLoader        - Created buffer with size 1280.0x800.0
04:44:59.825 [FXGL Background Thread 2 ] DEBUG TilesetLoader        - Loading view for layer tower spot layer
04:44:59.828 [FXGL Background Thread 2 ] DEBUG TilesetLoader        - Created buffer with size 1280.0x800.0
04:44:59.838 [FXGL Background Thread 2 ] DEBUG TilesetLoader        - Loading view for layer Road
04:44:59.840 [FXGL Background Thread 2 ] DEBUG TilesetLoader        - Created buffer with size 1280.0x800.0
04:44:59.841 [FXGL Background Thread 2 ] DEBUG TilesetLoader        - Loading view for layer road2
04:44:59.842 [FXGL Background Thread 2 ] DEBUG TilesetLoader        - Created buffer with size 1280.0x800.0
04:44:59.844 [FXGL Background Thread 2 ] WARN  TilesetLoader        - Diagonally flipped tiles are not currently supported
04:44:59.844 [FXGL Background Thread 2 ] WARN  TilesetLoader        - Diagonally flipped tiles are not currently supported
04:44:59.845 [FXGL Background Thread 2 ] WARN  TilesetLoader        - Diagonally flipped tiles are not currently supported
04:44:59.845 [FXGL Background Thread 2 ] WARN  TilesetLoader        - Diagonally flipped tiles are not currently supported
04:44:59.845 [FXGL Background Thread 2 ] WARN  TilesetLoader        - Diagonally flipped tiles are not currently supported
04:44:59.855 [FXGL Background Thread 2 ] WARN  TilesetLoader        - Diagonally flipped tiles are not currently supported
04:44:59.856 [FXGL Background Thread 2 ] WARN  TilesetLoader        - Diagonally flipped tiles are not currently supported
04:44:59.857 [FXGL Background Thread 2 ] WARN  TilesetLoader        - Diagonally flipped tiles are not currently supported
04:44:59.857 [FXGL Background Thread 2 ] WARN  TilesetLoader        - Diagonally flipped tiles are not currently supported
04:44:59.857 [FXGL Background Thread 2 ] WARN  TilesetLoader        - Diagonally flipped tiles are not currently supported
04:44:59.858 [FXGL Background Thread 2 ] WARN  TilesetLoader        - Diagonally flipped tiles are not currently supported
04:44:59.858 [FXGL Background Thread 2 ] WARN  TilesetLoader        - Diagonally flipped tiles are not currently supported
04:44:59.858 [FXGL Background Thread 2 ] WARN  TilesetLoader        - Diagonally flipped tiles are not currently supported
04:44:59.859 [FXGL Background Thread 2 ] WARN  TilesetLoader        - Diagonally flipped tiles are not currently supported
04:44:59.859 [FXGL Background Thread 2 ] WARN  TilesetLoader        - Diagonally flipped tiles are not currently supported
04:44:59.859 [FXGL Background Thread 2 ] WARN  TilesetLoader        - Diagonally flipped tiles are not currently supported
04:44:59.860 [FXGL Background Thread 2 ] WARN  TilesetLoader        - Diagonally flipped tiles are not currently supported
04:44:59.860 [FXGL Background Thread 2 ] WARN  TilesetLoader        - Diagonally flipped tiles are not currently supported
04:44:59.860 [FXGL Background Thread 2 ] WARN  TilesetLoader        - Diagonally flipped tiles are not currently supported
04:44:59.860 [FXGL Background Thread 2 ] WARN  TilesetLoader        - Diagonally flipped tiles are not currently supported
04:44:59.861 [FXGL Background Thread 2 ] WARN  TilesetLoader        - Diagonally flipped tiles are not currently supported
04:44:59.861 [FXGL Background Thread 2 ] WARN  TilesetLoader        - Diagonally flipped tiles are not currently supported
04:44:59.861 [FXGL Background Thread 2 ] WARN  TilesetLoader        - Diagonally flipped tiles are not currently supported
04:44:59.861 [FXGL Background Thread 2 ] WARN  TilesetLoader        - Diagonally flipped tiles are not currently supported
04:44:59.861 [FXGL Background Thread 2 ] WARN  TilesetLoader        - Diagonally flipped tiles are not currently supported
04:44:59.862 [FXGL Background Thread 2 ] WARN  TilesetLoader        - Diagonally flipped tiles are not currently supported
04:44:59.862 [FXGL Background Thread 2 ] WARN  TilesetLoader        - Diagonally flipped tiles are not currently supported
04:44:59.862 [FXGL Background Thread 2 ] WARN  TilesetLoader        - Diagonally flipped tiles are not currently supported
04:44:59.862 [FXGL Background Thread 2 ] WARN  TilesetLoader        - Diagonally flipped tiles are not currently supported
04:44:59.862 [FXGL Background Thread 2 ] WARN  TilesetLoader        - Diagonally flipped tiles are not currently supported
04:44:59.863 [FXGL Background Thread 2 ] WARN  TilesetLoader        - Diagonally flipped tiles are not currently supported
04:44:59.863 [FXGL Background Thread 2 ] WARN  TilesetLoader        - Diagonally flipped tiles are not currently supported
04:44:59.863 [FXGL Background Thread 2 ] WARN  TilesetLoader        - Diagonally flipped tiles are not currently supported
04:44:59.863 [FXGL Background Thread 2 ] WARN  TilesetLoader        - Diagonally flipped tiles are not currently supported
04:44:59.864 [FXGL Background Thread 2 ] WARN  TilesetLoader        - Diagonally flipped tiles are not currently supported
04:44:59.864 [FXGL Background Thread 2 ] WARN  TilesetLoader        - Diagonally flipped tiles are not currently supported
04:44:59.864 [FXGL Background Thread 2 ] WARN  TilesetLoader        - Diagonally flipped tiles are not currently supported
04:44:59.864 [FXGL Background Thread 2 ] WARN  TilesetLoader        - Diagonally flipped tiles are not currently supported
04:44:59.865 [FXGL Background Thread 2 ] WARN  TilesetLoader        - Diagonally flipped tiles are not currently supported
04:44:59.865 [FXGL Background Thread 2 ] WARN  TilesetLoader        - Diagonally flipped tiles are not currently supported
04:44:59.865 [FXGL Background Thread 2 ] WARN  TilesetLoader        - Diagonally flipped tiles are not currently supported
04:44:59.865 [FXGL Background Thread 2 ] WARN  TilesetLoader        - Diagonally flipped tiles are not currently supported
04:44:59.866 [FXGL Background Thread 2 ] WARN  TilesetLoader        - Diagonally flipped tiles are not currently supported
04:44:59.866 [FXGL Background Thread 2 ] WARN  TilesetLoader        - Diagonally flipped tiles are not currently supported
04:44:59.866 [FXGL Background Thread 2 ] WARN  TilesetLoader        - Diagonally flipped tiles are not currently supported
04:44:59.866 [FXGL Background Thread 2 ] WARN  TilesetLoader        - Diagonally flipped tiles are not currently supported
04:44:59.866 [FXGL Background Thread 2 ] WARN  TilesetLoader        - Diagonally flipped tiles are not currently supported
04:44:59.867 [FXGL Background Thread 2 ] WARN  TilesetLoader        - Diagonally flipped tiles are not currently supported
04:44:59.867 [FXGL Background Thread 2 ] WARN  TilesetLoader        - Diagonally flipped tiles are not currently supported
04:44:59.867 [FXGL Background Thread 2 ] WARN  TilesetLoader        - Diagonally flipped tiles are not currently supported
04:44:59.867 [FXGL Background Thread 2 ] WARN  TilesetLoader        - Diagonally flipped tiles are not currently supported
04:44:59.867 [FXGL Background Thread 2 ] WARN  TilesetLoader        - Diagonally flipped tiles are not currently supported
04:44:59.868 [FXGL Background Thread 2 ] WARN  TilesetLoader        - Diagonally flipped tiles are not currently supported
04:44:59.868 [FXGL Background Thread 2 ] WARN  TilesetLoader        - Diagonally flipped tiles are not currently supported
04:44:59.868 [FXGL Background Thread 2 ] WARN  TilesetLoader        - Diagonally flipped tiles are not currently supported
04:44:59.868 [FXGL Background Thread 2 ] WARN  TilesetLoader        - Diagonally flipped tiles are not currently supported
04:44:59.868 [FXGL Background Thread 2 ] WARN  TilesetLoader        - Diagonally flipped tiles are not currently supported
04:44:59.869 [FXGL Background Thread 2 ] WARN  TilesetLoader        - Diagonally flipped tiles are not currently supported
04:44:59.869 [FXGL Background Thread 2 ] WARN  TilesetLoader        - Diagonally flipped tiles are not currently supported
04:44:59.869 [FXGL Background Thread 2 ] WARN  TilesetLoader        - Diagonally flipped tiles are not currently supported
04:44:59.869 [FXGL Background Thread 2 ] WARN  TilesetLoader        - Diagonally flipped tiles are not currently supported
04:44:59.870 [FXGL Background Thread 2 ] WARN  TilesetLoader        - Diagonally flipped tiles are not currently supported
04:44:59.870 [FXGL Background Thread 2 ] WARN  TilesetLoader        - Diagonally flipped tiles are not currently supported
04:44:59.870 [FXGL Background Thread 2 ] WARN  TilesetLoader        - Diagonally flipped tiles are not currently supported
04:44:59.870 [FXGL Background Thread 2 ] WARN  TilesetLoader        - Diagonally flipped tiles are not currently supported
04:44:59.871 [FXGL Background Thread 2 ] WARN  TilesetLoader        - Diagonally flipped tiles are not currently supported
04:44:59.871 [FXGL Background Thread 2 ] WARN  TilesetLoader        - Diagonally flipped tiles are not currently supported
04:44:59.871 [FXGL Background Thread 2 ] WARN  TilesetLoader        - Diagonally flipped tiles are not currently supported
04:44:59.871 [FXGL Background Thread 2 ] WARN  TilesetLoader        - Diagonally flipped tiles are not currently supported
04:44:59.872 [FXGL Background Thread 2 ] WARN  TilesetLoader        - Diagonally flipped tiles are not currently supported
04:44:59.872 [FXGL Background Thread 2 ] WARN  TilesetLoader        - Diagonally flipped tiles are not currently supported
04:44:59.872 [FXGL Background Thread 2 ] WARN  TilesetLoader        - Diagonally flipped tiles are not currently supported
04:44:59.872 [FXGL Background Thread 2 ] WARN  TilesetLoader        - Diagonally flipped tiles are not currently supported
04:44:59.872 [FXGL Background Thread 2 ] WARN  TilesetLoader        - Diagonally flipped tiles are not currently supported
04:44:59.873 [FXGL Background Thread 2 ] WARN  TilesetLoader        - Diagonally flipped tiles are not currently supported
04:44:59.873 [FXGL Background Thread 2 ] WARN  TilesetLoader        - Diagonally flipped tiles are not currently supported
04:44:59.873 [FXGL Background Thread 2 ] WARN  TilesetLoader        - Diagonally flipped tiles are not currently supported
04:44:59.873 [FXGL Background Thread 2 ] WARN  TilesetLoader        - Diagonally flipped tiles are not currently supported
04:44:59.874 [FXGL Background Thread 2 ] WARN  TilesetLoader        - Diagonally flipped tiles are not currently supported
04:44:59.874 [FXGL Background Thread 2 ] WARN  TilesetLoader        - Diagonally flipped tiles are not currently supported
04:44:59.874 [FXGL Background Thread 2 ] WARN  TilesetLoader        - Diagonally flipped tiles are not currently supported
04:44:59.874 [FXGL Background Thread 2 ] WARN  TilesetLoader        - Diagonally flipped tiles are not currently supported
04:44:59.875 [FXGL Background Thread 2 ] WARN  TilesetLoader        - Diagonally flipped tiles are not currently supported
04:44:59.875 [FXGL Background Thread 2 ] WARN  TilesetLoader        - Diagonally flipped tiles are not currently supported
04:44:59.875 [FXGL Background Thread 2 ] WARN  TilesetLoader        - Diagonally flipped tiles are not currently supported
04:44:59.876 [FXGL Background Thread 2 ] WARN  TilesetLoader        - Diagonally flipped tiles are not currently supported
04:44:59.876 [FXGL Background Thread 2 ] WARN  TilesetLoader        - Diagonally flipped tiles are not currently supported
04:44:59.876 [FXGL Background Thread 2 ] WARN  TilesetLoader        - Diagonally flipped tiles are not currently supported
04:44:59.877 [FXGL Background Thread 2 ] WARN  TilesetLoader        - Diagonally flipped tiles are not currently supported
04:44:59.878 [FXGL Background Thread 2 ] WARN  TilesetLoader        - Diagonally flipped tiles are not currently supported
04:44:59.878 [FXGL Background Thread 2 ] WARN  TilesetLoader        - Diagonally flipped tiles are not currently supported
04:44:59.879 [FXGL Background Thread 2 ] WARN  TilesetLoader        - Diagonally flipped tiles are not currently supported
04:44:59.879 [FXGL Background Thread 2 ] WARN  TilesetLoader        - Diagonally flipped tiles are not currently supported
04:44:59.880 [FXGL Background Thread 2 ] WARN  TilesetLoader        - Diagonally flipped tiles are not currently supported
04:44:59.880 [FXGL Background Thread 2 ] WARN  TilesetLoader        - Diagonally flipped tiles are not currently supported
04:44:59.881 [FXGL Background Thread 2 ] WARN  TilesetLoader        - Diagonally flipped tiles are not currently supported
04:44:59.885 [FXGL Background Thread 2 ] WARN  TilesetLoader        - Diagonally flipped tiles are not currently supported
04:44:59.886 [FXGL Background Thread 2 ] WARN  TilesetLoader        - Diagonally flipped tiles are not currently supported
04:44:59.886 [FXGL Background Thread 2 ] WARN  TilesetLoader        - Diagonally flipped tiles are not currently supported
04:44:59.886 [FXGL Background Thread 2 ] WARN  TilesetLoader        - Diagonally flipped tiles are not currently supported
04:44:59.886 [FXGL Background Thread 2 ] WARN  TilesetLoader        - Diagonally flipped tiles are not currently supported
04:44:59.886 [FXGL Background Thread 2 ] WARN  TilesetLoader        - Diagonally flipped tiles are not currently supported
04:44:59.887 [FXGL Background Thread 2 ] WARN  TilesetLoader        - Diagonally flipped tiles are not currently supported
04:44:59.887 [FXGL Background Thread 2 ] WARN  TilesetLoader        - Diagonally flipped tiles are not currently supported
04:44:59.887 [FXGL Background Thread 2 ] WARN  TilesetLoader        - Diagonally flipped tiles are not currently supported
04:44:59.887 [FXGL Background Thread 2 ] WARN  TilesetLoader        - Diagonally flipped tiles are not currently supported
04:44:59.887 [FXGL Background Thread 2 ] WARN  TilesetLoader        - Diagonally flipped tiles are not currently supported
04:44:59.888 [FXGL Background Thread 2 ] WARN  TilesetLoader        - Diagonally flipped tiles are not currently supported
04:44:59.888 [FXGL Background Thread 2 ] WARN  TilesetLoader        - Diagonally flipped tiles are not currently supported
04:44:59.888 [FXGL Background Thread 2 ] WARN  TilesetLoader        - Diagonally flipped tiles are not currently supported
04:44:59.888 [FXGL Background Thread 2 ] WARN  TilesetLoader        - Diagonally flipped tiles are not currently supported
04:44:59.888 [FXGL Background Thread 2 ] WARN  TilesetLoader        - Diagonally flipped tiles are not currently supported
04:44:59.889 [FXGL Background Thread 2 ] WARN  TilesetLoader        - Diagonally flipped tiles are not currently supported
04:44:59.889 [FXGL Background Thread 2 ] WARN  TilesetLoader        - Diagonally flipped tiles are not currently supported
04:44:59.889 [FXGL Background Thread 2 ] WARN  TilesetLoader        - Diagonally flipped tiles are not currently supported
04:44:59.890 [FXGL Background Thread 2 ] WARN  TilesetLoader        - Diagonally flipped tiles are not currently supported
04:44:59.890 [FXGL Background Thread 2 ] WARN  TilesetLoader        - Diagonally flipped tiles are not currently supported
04:44:59.890 [FXGL Background Thread 2 ] WARN  TilesetLoader        - Diagonally flipped tiles are not currently supported
04:44:59.890 [FXGL Background Thread 2 ] WARN  TilesetLoader        - Diagonally flipped tiles are not currently supported
04:44:59.890 [FXGL Background Thread 2 ] WARN  TilesetLoader        - Diagonally flipped tiles are not currently supported
04:44:59.891 [FXGL Background Thread 2 ] WARN  TilesetLoader        - Diagonally flipped tiles are not currently supported
04:44:59.891 [FXGL Background Thread 2 ] WARN  TilesetLoader        - Diagonally flipped tiles are not currently supported
04:44:59.891 [FXGL Background Thread 2 ] WARN  TilesetLoader        - Diagonally flipped tiles are not currently supported
04:44:59.891 [FXGL Background Thread 2 ] WARN  TilesetLoader        - Diagonally flipped tiles are not currently supported
04:44:59.891 [FXGL Background Thread 2 ] WARN  TilesetLoader        - Diagonally flipped tiles are not currently supported
04:44:59.891 [FXGL Background Thread 2 ] WARN  TilesetLoader        - Diagonally flipped tiles are not currently supported
04:44:59.892 [FXGL Background Thread 2 ] WARN  TilesetLoader        - Diagonally flipped tiles are not currently supported
04:44:59.892 [FXGL Background Thread 2 ] WARN  TilesetLoader        - Diagonally flipped tiles are not currently supported
04:44:59.892 [FXGL Background Thread 2 ] WARN  TilesetLoader        - Diagonally flipped tiles are not currently supported
04:44:59.892 [FXGL Background Thread 2 ] WARN  TilesetLoader        - Diagonally flipped tiles are not currently supported
04:44:59.892 [FXGL Background Thread 2 ] WARN  TilesetLoader        - Diagonally flipped tiles are not currently supported
04:44:59.892 [FXGL Background Thread 2 ] WARN  TilesetLoader        - Diagonally flipped tiles are not currently supported
04:44:59.893 [FXGL Background Thread 2 ] WARN  TilesetLoader        - Diagonally flipped tiles are not currently supported
04:44:59.893 [FXGL Background Thread 2 ] WARN  TilesetLoader        - Diagonally flipped tiles are not currently supported
04:44:59.893 [FXGL Background Thread 2 ] WARN  TilesetLoader        - Diagonally flipped tiles are not currently supported
04:44:59.893 [FXGL Background Thread 2 ] WARN  TilesetLoader        - Diagonally flipped tiles are not currently supported
04:44:59.893 [FXGL Background Thread 2 ] WARN  TilesetLoader        - Diagonally flipped tiles are not currently supported
04:44:59.893 [FXGL Background Thread 2 ] WARN  TilesetLoader        - Diagonally flipped tiles are not currently supported
04:44:59.894 [FXGL Background Thread 2 ] WARN  TilesetLoader        - Diagonally flipped tiles are not currently supported
04:44:59.894 [FXGL Background Thread 2 ] WARN  TilesetLoader        - Diagonally flipped tiles are not currently supported
04:44:59.894 [FXGL Background Thread 2 ] WARN  TilesetLoader        - Diagonally flipped tiles are not currently supported
04:44:59.894 [FXGL Background Thread 2 ] WARN  TilesetLoader        - Diagonally flipped tiles are not currently supported
04:44:59.894 [FXGL Background Thread 2 ] WARN  TilesetLoader        - Diagonally flipped tiles are not currently supported
04:44:59.895 [FXGL Background Thread 2 ] WARN  TilesetLoader        - Diagonally flipped tiles are not currently supported
04:44:59.895 [FXGL Background Thread 2 ] WARN  TilesetLoader        - Diagonally flipped tiles are not currently supported
04:44:59.895 [FXGL Background Thread 2 ] WARN  TilesetLoader        - Diagonally flipped tiles are not currently supported
04:44:59.896 [FXGL Background Thread 2 ] WARN  TilesetLoader        - Diagonally flipped tiles are not currently supported
04:44:59.896 [FXGL Background Thread 2 ] WARN  TilesetLoader        - Diagonally flipped tiles are not currently supported
04:44:59.897 [FXGL Background Thread 2 ] WARN  TilesetLoader        - Diagonally flipped tiles are not currently supported
04:44:59.898 [FXGL Background Thread 2 ] DEBUG TilesetLoader        - Loading view for layer road3
04:44:59.901 [FXGL Background Thread 2 ] DEBUG TilesetLoader        - Created buffer with size 1280.0x800.0
04:44:59.906 [FXGL Background Thread 2 ] DEBUG TilesetLoader        - Loading view for layer bg2
04:44:59.907 [FXGL Background Thread 2 ] DEBUG TilesetLoader        - Created buffer with size 1280.0x800.0
04:44:59.912 [FXGL Background Thread 2 ] WARN  TilesetLoader        - Diagonally flipped tiles are not currently supported
04:44:59.916 [FXGL Background Thread 2 ] WARN  TilesetLoader        - Diagonally flipped tiles are not currently supported
04:44:59.917 [FXGL Background Thread 2 ] WARN  TilesetLoader        - Diagonally flipped tiles are not currently supported
04:44:59.918 [FXGL Background Thread 2 ] WARN  TilesetLoader        - Diagonally flipped tiles are not currently supported
04:44:59.918 [FXGL Background Thread 2 ] WARN  TilesetLoader        - Diagonally flipped tiles are not currently supported
04:44:59.919 [FXGL Background Thread 2 ] WARN  TilesetLoader        - Diagonally flipped tiles are not currently supported
04:44:59.920 [FXGL Background Thread 2 ] WARN  TilesetLoader        - Diagonally flipped tiles are not currently supported
04:44:59.923 [FXGL Background Thread 2 ] DEBUG TilesetLoader        - Loading view for layer temp
04:44:59.923 [FXGL Background Thread 2 ] DEBUG TilesetLoader        - Created buffer with size 1280.0x800.0
04:44:59.923 [FXGL Background Thread 2 ] DEBUG TMXLevelLoader       - Creating object layer entities
04:44:59.962 [FXGL Background Thread 2 ] DEBUG GameWorld            - Clearing removable entities
04:44:59.963 [FXGL Background Thread 2 ] DEBUG GameWorld            - Setting level: com.almasb.fxgl.entity.level.Level@2dd1791a
04:44:59.971 [FXGL Background Thread 2 ] DEBUG FXGLAssetLoaderServi - Loading from file system: file:/E:/All%20About%20Dev/OOP/FXGL%20new%20Begining/final%20version/Tower%20Defender/Tower-Defender/target/classes/assets/textures/life.png
04:44:59.976 [FXGL Background Thread 2 ] DEBUG FXGLAssetLoaderServi - Loading from file system: file:/E:/All%20About%20Dev/OOP/FXGL%20new%20Begining/final%20version/Tower%20Defender/Tower-Defender/target/classes/assets/textures/skull.png
04:44:59.996 [FXGL Background Thread 2 ] INFO  FXGLApplication      - Game initialization took: 0.411 sec
04:45:00.001 [JavaFX Application Thread] DEBUG Input                - Clearing active input actions
04:45:00.010 [JavaFX Application Thread] DEBUG GameApplicationServi - Removing overlay from FXGLLoadingScene and adding to GameScene
04:45:00.011 [JavaFX Application Thread] DEBUG PrimaryStageWindow   - FXGLLoadingScene -> GameScene
04:45:00.031 [JavaFX Application Thread] DEBUG FXGLAssetLoaderServi - Loading from file system: file:/E:/All%20About%20Dev/OOP/FXGL%20new%20Begining/final%20version/Tower%20Defender/Tower-Defender/target/classes/assets/textures/goblin.png
04:45:00.448 [FXGL Background Thread 3 ] DEBUG Engine               - Logging environment variables
04:45:00.449 [FXGL Background Thread 3 ] DEBUG Engine               - achievements: []
04:45:00.449 [FXGL Background Thread 3 ] DEBUG Engine               - actualHeight: 800.0
04:45:00.449 [FXGL Background Thread 3 ] DEBUG Engine               - actualHeightProperty: ReadOnlyDoubleProperty [value: 800.0]
04:45:00.449 [FXGL Background Thread 3 ] DEBUG Engine               - actualWidth: 1280.0
04:45:00.449 [FXGL Background Thread 3 ] DEBUG Engine               - actualWidthProperty: ReadOnlyDoubleProperty [value: 1280.0]
04:45:00.449 [FXGL Background Thread 3 ] DEBUG Engine               - appIcon: fxgl_icon.png
04:45:00.449 [FXGL Background Thread 3 ] DEBUG Engine               - applicationMode: DEVELOPER
04:45:00.449 [FXGL Background Thread 3 ] DEBUG Engine               - cSSList: [fxgl_dark.css]
04:45:00.449 [FXGL Background Thread 3 ] DEBUG Engine               - collisionDetectionStrategy: BRUTE_FORCE
04:45:00.450 [FXGL Background Thread 3 ] DEBUG Engine               - configClass: Optional.empty
04:45:00.450 [FXGL Background Thread 3 ] DEBUG Engine               - credits: []
04:45:00.450 [FXGL Background Thread 3 ] DEBUG Engine               - defaultCursor: CursorInfo(imageName=fxgl_default_cursor.png, hotspotX=7.0, hotspotY=6.0)
04:45:00.452 [FXGL Background Thread 3 ] DEBUG Engine               - devBBoxColorProperty: ObjectProperty [value: 0xff0000ff]
04:45:00.452 [FXGL Background Thread 3 ] DEBUG Engine               - devEnableDebugCameraProperty: BooleanProperty [value: false]
04:45:00.452 [FXGL Background Thread 3 ] DEBUG Engine               - devSensorColorProperty: ObjectProperty [value: 0xffff00ff]
04:45:00.452 [FXGL Background Thread 3 ] DEBUG Engine               - devShowBBoxProperty: BooleanProperty [value: false]
04:45:00.452 [FXGL Background Thread 3 ] DEBUG Engine               - devShowPositionProperty: BooleanProperty [value: false]
04:45:00.452 [FXGL Background Thread 3 ] DEBUG Engine               - enabledMenuItems: []
04:45:00.453 [FXGL Background Thread 3 ] DEBUG Engine               - engineServices: [class com.almasb.fxgl.app.services.FXGLAssetLoaderService, class com.almasb.fxgl.app.FXGLApplication$GameApplicationService, class com.almasb.fxgl.app.services.FXGLDialogService, class com.almasb.fxgl.app.services.IOTaskExecutorService, class com.almasb.fxgl.io.FileSystemService, class com.almasb.fxgl.localization.LocalizationService, class com.almasb.fxgl.app.services.SystemBundleService, class com.almasb.fxgl.profile.SaveLoadService, class com.almasb.fxgl.ui.FXGLUIFactoryServiceProvider, class com.almasb.fxgl.ui.FXGLDialogFactoryServiceProvider, class com.almasb.fxgl.audio.AudioPlayer, class com.almasb.fxgl.notification.impl.NotificationServiceProvider, class com.almasb.fxgl.achievement.AchievementService, class com.almasb.fxgl.cutscene.CutsceneService, class com.almasb.fxgl.minigames.MiniGameService, class com.almasb.fxgl.net.NetService, class com.almasb.fxgl.app.services.UpdaterService, class com.almasb.fxgl.dev.DevService]
04:45:00.453 [FXGL Background Thread 3 ] DEBUG Engine               - fontGame: Abel-Regular.ttf
04:45:00.453 [FXGL Background Thread 3 ] DEBUG Engine               - fontMono: TerminalLandMono-Regular.otf
04:45:00.453 [FXGL Background Thread 3 ] DEBUG Engine               - fontSizeScaleUI: 1.0
04:45:00.453 [FXGL Background Thread 3 ] DEBUG Engine               - fontText: Courier-Prime.ttf
04:45:00.453 [FXGL Background Thread 3 ] DEBUG Engine               - fontUI: VarelaRound-Regular.ttf
04:45:00.453 [FXGL Background Thread 3 ] DEBUG Engine               - fullScreen: BooleanProperty [value: false]
04:45:00.453 [FXGL Background Thread 3 ] DEBUG Engine               - gameDifficulty: MEDIUM
04:45:00.453 [FXGL Background Thread 3 ] DEBUG Engine               - gameDifficultyProperty: ObjectProperty [value: MEDIUM]
04:45:00.453 [FXGL Background Thread 3 ] DEBUG Engine               - globalMusicVolume: 0.5
04:45:00.453 [FXGL Background Thread 3 ] DEBUG Engine               - globalMusicVolumeProperty: DoubleProperty [value: 0.5]
04:45:00.454 [FXGL Background Thread 3 ] DEBUG Engine               - globalSoundVolume: 0.5
04:45:00.454 [FXGL Background Thread 3 ] DEBUG Engine               - globalSoundVolumeProperty: DoubleProperty [value: 0.5]
04:45:00.454 [FXGL Background Thread 3 ] DEBUG Engine               - height: 800
04:45:00.454 [FXGL Background Thread 3 ] DEBUG Engine               - is3D: false
04:45:00.454 [FXGL Background Thread 3 ] DEBUG Engine               - isAndroid: false
04:45:00.454 [FXGL Background Thread 3 ] DEBUG Engine               - isBrowser: false
04:45:00.454 [FXGL Background Thread 3 ] DEBUG Engine               - isClickFeedbackEnabled: false
04:45:00.454 [FXGL Background Thread 3 ] DEBUG Engine               - isCloseConfirmation: false
04:45:00.454 [FXGL Background Thread 3 ] DEBUG Engine               - isDesktop: true
04:45:00.454 [FXGL Background Thread 3 ] DEBUG Engine               - isDeveloperMenuEnabled: false
04:45:00.454 [FXGL Background Thread 3 ] DEBUG Engine               - isEmbedded: false
04:45:00.454 [FXGL Background Thread 3 ] DEBUG Engine               - isEntityPreloadEnabled: true
04:45:00.454 [FXGL Background Thread 3 ] DEBUG Engine               - isExperimentalTiledLargeMap: false
04:45:00.454 [FXGL Background Thread 3 ] DEBUG Engine               - isFileSystemWriteAllowed: true
04:45:00.454 [FXGL Background Thread 3 ] DEBUG Engine               - isFullScreenAllowed: true
04:45:00.454 [FXGL Background Thread 3 ] DEBUG Engine               - isFullScreenFromStart: false
04:45:00.454 [FXGL Background Thread 3 ] DEBUG Engine               - isGameMenuEnabled: true
04:45:00.455 [FXGL Background Thread 3 ] DEBUG Engine               - isIOS: false
04:45:00.455 [FXGL Background Thread 3 ] DEBUG Engine               - isIntroEnabled: false
04:45:00.455 [FXGL Background Thread 3 ] DEBUG Engine               - isLinux: false
04:45:00.455 [FXGL Background Thread 3 ] DEBUG Engine               - isMac: false
04:45:00.455 [FXGL Background Thread 3 ] DEBUG Engine               - isMainMenuEnabled: true
04:45:00.455 [FXGL Background Thread 3 ] DEBUG Engine               - isManualResizeEnabled: true
04:45:00.455 [FXGL Background Thread 3 ] DEBUG Engine               - isMobile: false
04:45:00.455 [FXGL Background Thread 3 ] DEBUG Engine               - isNative: false
04:45:00.455 [FXGL Background Thread 3 ] DEBUG Engine               - isPauseMusicWhenMinimized: true
04:45:00.455 [FXGL Background Thread 3 ] DEBUG Engine               - isPreserveResizeRatio: false
04:45:00.455 [FXGL Background Thread 3 ] DEBUG Engine               - isProfilingEnabled: false
04:45:00.455 [FXGL Background Thread 3 ] DEBUG Engine               - isScaleAffectedOnResize: true
04:45:00.455 [FXGL Background Thread 3 ] DEBUG Engine               - isSingleStep: false
04:45:00.455 [FXGL Background Thread 3 ] DEBUG Engine               - isUserProfileEnabled: false
04:45:00.455 [FXGL Background Thread 3 ] DEBUG Engine               - isWindows: true
04:45:00.455 [FXGL Background Thread 3 ] DEBUG Engine               - language: ObjectProperty [value: ENGLISH]
04:45:00.455 [FXGL Background Thread 3 ] DEBUG Engine               - menuKey: ESCAPE
04:45:00.455 [FXGL Background Thread 3 ] DEBUG Engine               - mouseSensitivity: 0.2
04:45:00.456 [FXGL Background Thread 3 ] DEBUG Engine               - notificationViewClass: class com.almasb.fxgl.notification.view.XboxNotificationView
04:45:00.456 [FXGL Background Thread 3 ] DEBUG Engine               - pixelsPerMeter: 50.0
04:45:00.456 [FXGL Background Thread 3 ] DEBUG Engine               - platform: WINDOWS
04:45:00.456 [FXGL Background Thread 3 ] DEBUG Engine               - prefHeightProperty: ReadOnlyDoubleProperty [value: 800.0]
04:45:00.456 [FXGL Background Thread 3 ] DEBUG Engine               - prefWidthProperty: ReadOnlyDoubleProperty [value: 1280.0]
04:45:00.456 [FXGL Background Thread 3 ] DEBUG Engine               - profileDir: profiles/
04:45:00.456 [FXGL Background Thread 3 ] DEBUG Engine               - profileName: StringProperty [value: DEFAULT]
04:45:00.456 [FXGL Background Thread 3 ] DEBUG Engine               - randomSeed: -1
04:45:00.456 [FXGL Background Thread 3 ] DEBUG Engine               - runtimeInfo: RuntimeInfo(platform=WINDOWS, version=21.1, build=27.03.2024 07.52)
04:45:00.456 [FXGL Background Thread 3 ] DEBUG Engine               - saveFileExt: sav
04:45:00.456 [FXGL Background Thread 3 ] DEBUG Engine               - scaledHeightProp$fxgl: DoubleProperty [bound, value: 800.0]
04:45:00.456 [FXGL Background Thread 3 ] DEBUG Engine               - scaledWidthProp$fxgl: DoubleProperty [bound, value: 1280.0]
04:45:00.456 [FXGL Background Thread 3 ] DEBUG Engine               - sceneFactory: com.almasb.fxgl.app.scene.SceneFactory@aa0f406
04:45:00.456 [FXGL Background Thread 3 ] DEBUG Engine               - secondsIn24h: 60
04:45:00.456 [FXGL Background Thread 3 ] DEBUG Engine               - soundMenuBack: menu/back.wav
04:45:00.457 [FXGL Background Thread 3 ] DEBUG Engine               - soundMenuPress: menu/press.wav
04:45:00.457 [FXGL Background Thread 3 ] DEBUG Engine               - soundMenuSelect: menu/select.wav
04:45:00.457 [FXGL Background Thread 3 ] DEBUG Engine               - soundNotification: core/notification.wav
04:45:00.457 [FXGL Background Thread 3 ] DEBUG Engine               - stageStyle: DECORATED
04:45:00.457 [FXGL Background Thread 3 ] DEBUG Engine               - supportedLanguages: [ENGLISH, FRENCH, GERMAN, HUNGARIAN, RUSSIAN]
04:45:00.457 [FXGL Background Thread 3 ] DEBUG Engine               - ticksPerSecond: -1
04:45:00.457 [FXGL Background Thread 3 ] DEBUG Engine               - title: Ghost Hunter
04:45:00.457 [FXGL Background Thread 3 ] DEBUG Engine               - urlGithub: https://github.com/AlmasB/FXGL
04:45:00.457 [FXGL Background Thread 3 ] DEBUG Engine               - urlLeaderboard: http://fxgl-top.herokuapp.com/
04:45:00.457 [FXGL Background Thread 3 ] DEBUG Engine               - urlPOM: https://raw.githubusercontent.com/AlmasB/FXGL/release/README.md
04:45:00.457 [FXGL Background Thread 3 ] DEBUG Engine               - userAppClass: class org.saikat.Game
04:45:00.457 [FXGL Background Thread 3 ] DEBUG Engine               - version: 1.0
04:45:00.457 [FXGL Background Thread 3 ] DEBUG Engine               - versionCheckDays: 7
04:45:00.457 [FXGL Background Thread 3 ] DEBUG Engine               - width: 1280
04:45:00.457 [FXGL Background Thread 3 ] DEBUG Engine               - Logging services
04:45:00.457 [FXGL Background Thread 3 ] DEBUG Engine               - class com.almasb.fxgl.app.services.FXGLAssetLoaderService
04:45:00.457 [FXGL Background Thread 3 ] DEBUG Engine               - class com.almasb.fxgl.app.FXGLApplication$GameApplicationService
04:45:00.457 [FXGL Background Thread 3 ] DEBUG Engine               - class com.almasb.fxgl.app.services.FXGLDialogService
04:45:00.457 [FXGL Background Thread 3 ] DEBUG Engine               - class com.almasb.fxgl.app.services.IOTaskExecutorService
04:45:00.457 [FXGL Background Thread 3 ] DEBUG Engine               - class com.almasb.fxgl.io.FileSystemService
04:45:00.457 [FXGL Background Thread 3 ] DEBUG Engine               - class com.almasb.fxgl.localization.LocalizationService
04:45:00.457 [FXGL Background Thread 3 ] DEBUG Engine               - class com.almasb.fxgl.app.services.SystemBundleService
04:45:00.457 [FXGL Background Thread 3 ] DEBUG Engine               - class com.almasb.fxgl.profile.SaveLoadService
04:45:00.457 [FXGL Background Thread 3 ] DEBUG Engine               - class com.almasb.fxgl.ui.FXGLUIFactoryServiceProvider
04:45:00.457 [FXGL Background Thread 3 ] DEBUG Engine               - class com.almasb.fxgl.ui.FXGLDialogFactoryServiceProvider
04:45:00.457 [FXGL Background Thread 3 ] DEBUG Engine               - class com.almasb.fxgl.audio.AudioPlayer
04:45:00.457 [FXGL Background Thread 3 ] DEBUG Engine               - class com.almasb.fxgl.notification.impl.NotificationServiceProvider
04:45:00.457 [FXGL Background Thread 3 ] DEBUG Engine               - class com.almasb.fxgl.achievement.AchievementService
04:45:00.457 [FXGL Background Thread 3 ] DEBUG Engine               - class com.almasb.fxgl.cutscene.CutsceneService
04:45:00.457 [FXGL Background Thread 3 ] DEBUG Engine               - class com.almasb.fxgl.minigames.MiniGameService
04:45:00.457 [FXGL Background Thread 3 ] DEBUG Engine               - class com.almasb.fxgl.net.NetService
04:45:00.457 [FXGL Background Thread 3 ] DEBUG Engine               - class com.almasb.fxgl.app.services.UpdaterService
04:45:00.457 [FXGL Background Thread 3 ] DEBUG Engine               - class com.almasb.fxgl.dev.DevService
04:45:01.315 [JavaFX Application Thread] DEBUG PrimaryStageWindow   - Push state: DialogSubScene
04:45:01.315 [JavaFX Application Thread] DEBUG Input                - Clearing active input actions
04:45:01.316 [JavaFX Application Thread] DEBUG GameApplicationServi - Removing overlay from GameScene and adding to DialogSubScene
04:45:01.316 [JavaFX Application Thread] DEBUG PrimaryStageWindow   - GameScene -> DialogSubScene
04:45:03.451 [JavaFX Application Thread] DEBUG PrimaryStageWindow   - Pop state: DialogSubScene
04:45:03.451 [JavaFX Application Thread] DEBUG Input                - Clearing active input actions
04:45:03.452 [JavaFX Application Thread] DEBUG GameApplicationServi - Removing overlay from DialogSubScene and adding to GameScene
04:45:03.453 [JavaFX Application Thread] DEBUG PrimaryStageWindow   - GameScene <- DialogSubScene
04:45:03.453 [JavaFX Application Thread] DEBUG LoopRunner           - Resuming loop
04:45:12.653 [JavaFX Application Thread] DEBUG FXGLAssetLoaderServi - Loading from file system: file:/E:/All%20About%20Dev/OOP/FXGL%20new%20Begining/final%20version/Tower%20Defender/Tower-Defender/target/classes/assets/textures/bird.png
04:45:27.629 [JavaFX Application Thread] DEBUG FXGLAssetLoaderServi - Loading from file system: file:/E:/All%20About%20Dev/OOP/FXGL%20new%20Begining/final%20version/Tower%20Defender/Tower-Defender/target/classes/assets/textures/wolf.png
04:45:50.110 [JavaFX Application Thread] DEBUG FXGLAssetLoaderServi - Loading from file system: file:/E:/All%20About%20Dev/OOP/FXGL%20new%20Begining/final%20version/Tower%20Defender/Tower-Defender/target/classes/assets/textures/motherflame.png
04:46:02.975 [JavaFX Application Thread] DEBUG PrimaryStageWindow   - Push state: DialogSubScene
04:46:02.975 [JavaFX Application Thread] DEBUG Input                - Clearing active input actions
04:46:02.976 [JavaFX Application Thread] DEBUG GameApplicationServi - Removing overlay from GameScene and adding to DialogSubScene
04:46:02.977 [JavaFX Application Thread] DEBUG PrimaryStageWindow   - GameScene -> DialogSubScene
04:46:06.646 [JavaFX Application Thread] DEBUG PrimaryStageWindow   - Pop state: DialogSubScene
04:46:06.646 [JavaFX Application Thread] DEBUG Input                - Clearing active input actions
04:46:06.646 [JavaFX Application Thread] DEBUG GameApplicationServi - Removing overlay from DialogSubScene and adding to GameScene
04:46:06.647 [JavaFX Application Thread] DEBUG PrimaryStageWindow   - GameScene <- DialogSubScene
04:46:06.647 [JavaFX Application Thread] DEBUG FXGLApplication      - Exiting FXGL
04:46:06.647 [JavaFX Application Thread] DEBUG LoopRunner           - Stopping loop
04:46:06.647 [JavaFX Application Thread] DEBUG SystemBundleService  - Saving FXGL system data
04:46:06.652 [JavaFX Application Thread] DEBUG FileSystemAccess     - Writing to: E:\All About Dev\OOP\FXGL new Begining\final version\Tower Defender\Tower-Defender\system\fxgl.bundle
04:46:06.656 [JavaFX Application Thread] DEBUG Async                - Shutting down background threads
04:46:06.656 [JavaFX Application Thread] DEBUG PrimaryStageWindow   - Closing main window
04:46:06.707 [JavaFX Application Thread] DEBUG Logger               - Closing Logger
