18:57:13.456 [main                     ] DEBUG Logger               - Configured Logger
18:57:13.483 [main                     ] DEBUG GameApplication      - Logging settings
Title: 1945
Version: 0.1
Width: 1280
Height: 800
Fullscreen: true
Intro: false
Profiling: false
Single step:false
App Mode: DEVELOPER
Menu Key: ESCAPE
Stage Style: DECORATED
Scene Factory: class com.almasb.fxgl.app.scene.SceneFactory

18:57:14.280 [JavaFX Application Thread] DEBUG FXGLApplication      - Initializing FXGL
18:57:14.293 [JavaFX Application Thread] INFO  Engine               - FXGL-21.1 (27.03.2024 07.52) on WINDOWS (J:21.0.9 FX:21.0.1)
18:57:14.293 [JavaFX Application Thread] DEBUG Engine               - JRE Vendor Name: Oracle Corporation
18:57:14.294 [JavaFX Application Thread] DEBUG Engine               - Running on OS: Windows 11 version 10.0
18:57:14.294 [JavaFX Application Thread] DEBUG Engine               - Architecture: amd64
18:57:14.294 [JavaFX Application Thread] INFO  Engine               - Source code and latest versions at: https://github.com/AlmasB/FXGL
18:57:14.294 [JavaFX Application Thread] INFO  Engine               -       Ask questions and discuss at: https://github.com/AlmasB/FXGL/discussions
18:57:14.294 [JavaFX Application Thread] INFO  Engine               -              Join the FXGL chat at: https://gitter.im/AlmasB/FXGL
18:57:14.436 [JavaFX Application Thread] DEBUG PrimaryStageWindow   - Creating a JavaFX scene
18:57:14.510 [JavaFX Application Thread] DEBUG PrimaryStageWindow   - Target settings size: 1280.0 x 800.0
18:57:14.510 [JavaFX Application Thread] DEBUG PrimaryStageWindow   - Scaled scene size:    1280.0 x 800.0
18:57:14.510 [JavaFX Application Thread] DEBUG PrimaryStageWindow   - Scaled ratio: (1.0, 1.0)
18:57:14.512 [JavaFX Application Thread] DEBUG PrimaryStageWindow   - Set initial scene to FXGLStartupScene
18:57:14.519 [JavaFX Application Thread] DEBUG PrimaryStageWindow   - Opening main window
18:57:14.684 [JavaFX Application Thread] DEBUG PrimaryStageWindow   - Window border size: (14.4000244140625, 37.5999755859375)
18:57:14.685 [JavaFX Application Thread] DEBUG PrimaryStageWindow   - Scaled size: 1280.0 x 800.0
18:57:14.685 [JavaFX Application Thread] DEBUG PrimaryStageWindow   - Scaled ratio: (1.0, 1.0)
18:57:14.685 [JavaFX Application Thread] DEBUG PrimaryStageWindow   - Scene size: 1280.0 x 800.0
18:57:14.686 [JavaFX Application Thread] DEBUG PrimaryStageWindow   - Stage size: 1294.4000244140625 x 837.5999755859375
18:57:14.703 [FXGL Background Thread 1 ] DEBUG Engine               - Initializing environment variables
18:57:14.803 [FXGL Background Thread 1 ] DEBUG FXGLAssetLoaderServi - User app class for loading assets: class org.saikat.Main
18:57:14.803 [FXGL Background Thread 1 ] DEBUG GameApplicationServi - Applying CSS: fxgl_dark.css
18:57:14.805 [FXGL Background Thread 1 ] DEBUG FXGLAssetLoaderServi - Loading from file system: jar:file:/C:/Users/HP/.m2/repository/com/github/almasb/fxgl/21.1/fxgl-21.1.jar!/fxglassets/ui/css/fxgl_dark.css
18:57:14.869 [FXGL Background Thread 1 ] DEBUG GameApplicationServi - Initializing application scenes
18:57:14.946 [FXGL Background Thread 1 ] DEBUG GameWorld            - Game world initialized
18:57:15.031 [FXGL Background Thread 1 ] DEBUG PhysicsWorld         - Physics world initialized: appHeight=800, physics.ppm=50.0
18:57:15.032 [FXGL Background Thread 1 ] DEBUG PhysicsWorld         - Using strategy: BRUTE_FORCE
18:57:15.037 [FXGL Background Thread 1 ] DEBUG GameScene            - Game scene initialized: 1280x800
18:57:15.051 [FXGL Background Thread 1 ] DEBUG FXGL.DefaultMenu     - createMenuBodyMainMenu()
18:57:15.070 [FXGL Background Thread 1 ] DEBUG FXGL.DefaultMenu     - createOptionsMenu()
18:57:15.084 [FXGL Background Thread 1 ] DEBUG FXGLAssetLoaderServi - Loading from file system: jar:file:/C:/Users/HP/.m2/repository/com/github/almasb/fxgl/21.1/fxgl-21.1.jar!/fxglassets/textures/particles/smoke.png
18:57:15.232 [FXGL Background Thread 1 ] DEBUG FXGLAssetLoaderServi - Loading from file system: jar:file:/C:/Users/HP/.m2/repository/com/github/almasb/fxgl/21.1/fxgl-21.1.jar!/fxglassets/textures/particles/trace_horizontal.png
18:57:15.267 [FXGL Background Thread 1 ] DEBUG FXGL.DefaultMenu     - createMenuBodyGameMenu()
18:57:15.268 [FXGL Background Thread 1 ] DEBUG FXGL.DefaultMenu     - createOptionsMenu()
18:57:15.280 [FXGL Background Thread 1 ] DEBUG GameApplicationServi - Application scenes initialized
18:57:15.297 [FXGL Background Thread 1 ] DEBUG SystemBundleService  - Loading FXGL system data
18:57:15.313 [FXGL Background Thread 1 ] DEBUG FileSystemAccess     - Reading from: E:\All About Dev\OOP\FXGL new Begining\final version\Tower Defender\Tower-Defender\system\fxgl.bundle
18:57:15.332 [FXGL Background Thread 1 ] DEBUG SystemBundleService  - Bundle FXGL: {}
18:57:15.332 [FXGL Background Thread 1 ] DEBUG UpdaterService       - Checking for updates
18:57:15.337 [FXGL Background Thread 4 ] DEBUG FXGLApplication      - Loading fonts
18:57:15.337 [FXGL Background Thread 4 ] DEBUG FXGLAssetLoaderServi - Loading from file system: jar:file:/C:/Users/HP/.m2/repository/com/github/almasb/fxgl/21.1/fxgl-21.1.jar!/fxglassets/ui/fonts/VarelaRound-Regular.ttf
18:57:15.338 [FXGL Background Thread 1 ] DEBUG FXGLApplication      - Loading default localization
18:57:15.339 [FXGL Background Thread 1 ] DEBUG FXGLAssetLoaderServi - Loading from file system: jar:file:/C:/Users/HP/.m2/repository/com/github/almasb/fxgl/21.1/fxgl-21.1.jar!/fxglassets/languages/english.lang
18:57:15.380 [FXGL Background Thread 1 ] INFO  FXGLApplication      - FXGL initialization took: 0.677 sec
18:57:15.387 [JavaFX Application Thread] DEBUG Input                - Registered new binding: add tower - LMB
18:57:15.387 [JavaFX Application Thread] DEBUG Input                - Registered new binding: remove tower - RMB
18:57:15.388 [JavaFX Application Thread] DEBUG FXGLAssetLoaderServi - Loading from file system: jar:file:/C:/Users/HP/.m2/repository/com/github/almasb/fxgl/21.1/fxgl-21.1.jar!/fxglassets/textures/fxgl_icon.png
18:57:15.396 [FXGL Background Thread 4 ] DEBUG FXGLAssetLoaderServi - Loading from file system: jar:file:/C:/Users/HP/.m2/repository/com/github/almasb/fxgl/21.1/fxgl-21.1.jar!/fxglassets/ui/fonts/Abel-Regular.ttf
18:57:15.407 [FXGL Background Thread 4 ] DEBUG FXGLAssetLoaderServi - Loading from file system: jar:file:/C:/Users/HP/.m2/repository/com/github/almasb/fxgl/21.1/fxgl-21.1.jar!/fxglassets/ui/fonts/TerminalLandMono-Regular.otf
18:57:15.414 [FXGL Background Thread 4 ] DEBUG FXGLAssetLoaderServi - Loading from file system: jar:file:/C:/Users/HP/.m2/repository/com/github/almasb/fxgl/21.1/fxgl-21.1.jar!/fxglassets/ui/fonts/Courier-Prime.ttf
18:57:15.418 [JavaFX Application Thread] DEBUG FXGLAssetLoaderServi - Loading from file system: jar:file:/C:/Users/HP/.m2/repository/com/github/almasb/fxgl/21.1/fxgl-21.1.jar!/fxglassets/textures/fxgl_default_cursor.png
18:57:15.430 [JavaFX Application Thread] DEBUG Input                - Registered new binding: Screenshot - CTRL+8
18:57:15.430 [JavaFX Application Thread] DEBUG Input                - Registered new binding: System info dump - CTRL+9
18:57:15.431 [JavaFX Application Thread] DEBUG Input                - Registered new binding: Restart - CTRL+R
18:57:15.431 [JavaFX Application Thread] DEBUG Input                - Registered new binding: Toggle Debug Camera - CTRL+7
18:57:15.437 [JavaFX Application Thread] DEBUG LoopRunner           - Starting loop
18:57:15.437 [JavaFX Application Thread] DEBUG LoopRunner           - Initializing JavaFX AnimationTimerLoop
18:57:15.442 [JavaFX Application Thread] DEBUG Input                - Clearing active input actions
18:57:15.450 [JavaFX Application Thread] DEBUG GameApplicationServi - Removing overlay from FXGLStartupScene and adding to FXGLMainMenuDummyScene
18:57:15.451 [JavaFX Application Thread] DEBUG PrimaryStageWindow   - FXGLStartupScene -> FXGLMainMenuDummyScene
18:57:15.451 [JavaFX Application Thread] DEBUG PrimaryStageWindow   - Push state: FXGLDefaultMenu
18:57:15.465 [JavaFX Application Thread] DEBUG Input                - Clearing active input actions
18:57:15.485 [JavaFX Application Thread] DEBUG GameApplicationServi - Removing overlay from FXGLMainMenuDummyScene and adding to FXGLDefaultMenu
18:57:15.486 [JavaFX Application Thread] DEBUG PrimaryStageWindow   - FXGLMainMenuDummyScene -> FXGLDefaultMenu
18:57:15.486 [JavaFX Application Thread] DEBUG FXGLApplication      - Registering font factories with UI factory
18:57:16.400 [FXGL Background Thread 2 ] INFO  UpdaterService       - Your current version:  21.1
18:57:16.400 [FXGL Background Thread 2 ] INFO  UpdaterService       - Latest stable version: 25
18:57:18.335 [FXGL Background Thread 3 ] DEBUG Engine               - Logging environment variables
18:57:18.336 [FXGL Background Thread 3 ] DEBUG Engine               - achievements: []
18:57:18.336 [FXGL Background Thread 3 ] DEBUG Engine               - actualHeight: 800.0
18:57:18.336 [FXGL Background Thread 3 ] DEBUG Engine               - actualHeightProperty: ReadOnlyDoubleProperty [value: 800.0]
18:57:18.336 [FXGL Background Thread 3 ] DEBUG Engine               - actualWidth: 1280.0
18:57:18.336 [FXGL Background Thread 3 ] DEBUG Engine               - actualWidthProperty: ReadOnlyDoubleProperty [value: 1280.0]
18:57:18.336 [FXGL Background Thread 3 ] DEBUG Engine               - appIcon: fxgl_icon.png
18:57:18.336 [FXGL Background Thread 3 ] DEBUG Engine               - applicationMode: DEVELOPER
18:57:18.336 [FXGL Background Thread 3 ] DEBUG Engine               - cSSList: [fxgl_dark.css]
18:57:18.336 [FXGL Background Thread 3 ] DEBUG Engine               - collisionDetectionStrategy: BRUTE_FORCE
18:57:18.336 [FXGL Background Thread 3 ] DEBUG Engine               - configClass: Optional.empty
18:57:18.337 [FXGL Background Thread 3 ] DEBUG Engine               - credits: []
18:57:18.337 [FXGL Background Thread 3 ] DEBUG Engine               - defaultCursor: CursorInfo(imageName=fxgl_default_cursor.png, hotspotX=7.0, hotspotY=6.0)
18:57:18.337 [FXGL Background Thread 3 ] DEBUG Engine               - devBBoxColorProperty: ObjectProperty [value: 0xff0000ff]
18:57:18.338 [FXGL Background Thread 3 ] DEBUG Engine               - devEnableDebugCameraProperty: BooleanProperty [value: false]
18:57:18.338 [FXGL Background Thread 3 ] DEBUG Engine               - devSensorColorProperty: ObjectProperty [value: 0xffff00ff]
18:57:18.338 [FXGL Background Thread 3 ] DEBUG Engine               - devShowBBoxProperty: BooleanProperty [value: false]
18:57:18.338 [FXGL Background Thread 3 ] DEBUG Engine               - devShowPositionProperty: BooleanProperty [value: false]
18:57:18.338 [FXGL Background Thread 3 ] DEBUG Engine               - enabledMenuItems: []
18:57:18.338 [FXGL Background Thread 3 ] DEBUG Engine               - engineServices: [class com.almasb.fxgl.app.services.FXGLAssetLoaderService, class com.almasb.fxgl.app.FXGLApplication$GameApplicationService, class com.almasb.fxgl.app.services.FXGLDialogService, class com.almasb.fxgl.app.services.IOTaskExecutorService, class com.almasb.fxgl.io.FileSystemService, class com.almasb.fxgl.localization.LocalizationService, class com.almasb.fxgl.app.services.SystemBundleService, class com.almasb.fxgl.profile.SaveLoadService, class com.almasb.fxgl.ui.FXGLUIFactoryServiceProvider, class com.almasb.fxgl.ui.FXGLDialogFactoryServiceProvider, class com.almasb.fxgl.audio.AudioPlayer, class com.almasb.fxgl.notification.impl.NotificationServiceProvider, class com.almasb.fxgl.achievement.AchievementService, class com.almasb.fxgl.cutscene.CutsceneService, class com.almasb.fxgl.minigames.MiniGameService, class com.almasb.fxgl.net.NetService, class com.almasb.fxgl.app.services.UpdaterService, class com.almasb.fxgl.dev.DevService]
18:57:18.338 [FXGL Background Thread 3 ] DEBUG Engine               - fontGame: Abel-Regular.ttf
18:57:18.338 [FXGL Background Thread 3 ] DEBUG Engine               - fontMono: TerminalLandMono-Regular.otf
18:57:18.338 [FXGL Background Thread 3 ] DEBUG Engine               - fontSizeScaleUI: 1.0
18:57:18.338 [FXGL Background Thread 3 ] DEBUG Engine               - fontText: Courier-Prime.ttf
18:57:18.338 [FXGL Background Thread 3 ] DEBUG Engine               - fontUI: VarelaRound-Regular.ttf
18:57:18.338 [FXGL Background Thread 3 ] DEBUG Engine               - fullScreen: BooleanProperty [value: false]
18:57:18.338 [FXGL Background Thread 3 ] DEBUG Engine               - gameDifficulty: MEDIUM
18:57:18.338 [FXGL Background Thread 3 ] DEBUG Engine               - gameDifficultyProperty: ObjectProperty [value: MEDIUM]
18:57:18.338 [FXGL Background Thread 3 ] DEBUG Engine               - globalMusicVolume: 0.5
18:57:18.338 [FXGL Background Thread 3 ] DEBUG Engine               - globalMusicVolumeProperty: DoubleProperty [value: 0.5]
18:57:18.338 [FXGL Background Thread 3 ] DEBUG Engine               - globalSoundVolume: 0.5
18:57:18.338 [FXGL Background Thread 3 ] DEBUG Engine               - globalSoundVolumeProperty: DoubleProperty [value: 0.5]
18:57:18.338 [FXGL Background Thread 3 ] DEBUG Engine               - height: 800
18:57:18.338 [FXGL Background Thread 3 ] DEBUG Engine               - is3D: false
18:57:18.339 [FXGL Background Thread 3 ] DEBUG Engine               - isAndroid: false
18:57:18.339 [FXGL Background Thread 3 ] DEBUG Engine               - isBrowser: false
18:57:18.339 [FXGL Background Thread 3 ] DEBUG Engine               - isClickFeedbackEnabled: false
18:57:18.339 [FXGL Background Thread 3 ] DEBUG Engine               - isCloseConfirmation: false
18:57:18.339 [FXGL Background Thread 3 ] DEBUG Engine               - isDesktop: true
18:57:18.339 [FXGL Background Thread 3 ] DEBUG Engine               - isDeveloperMenuEnabled: false
18:57:18.339 [FXGL Background Thread 3 ] DEBUG Engine               - isEmbedded: false
18:57:18.339 [FXGL Background Thread 3 ] DEBUG Engine               - isEntityPreloadEnabled: true
18:57:18.339 [FXGL Background Thread 3 ] DEBUG Engine               - isExperimentalTiledLargeMap: false
18:57:18.339 [FXGL Background Thread 3 ] DEBUG Engine               - isFileSystemWriteAllowed: true
18:57:18.339 [FXGL Background Thread 3 ] DEBUG Engine               - isFullScreenAllowed: true
18:57:18.339 [FXGL Background Thread 3 ] DEBUG Engine               - isFullScreenFromStart: false
18:57:18.339 [FXGL Background Thread 3 ] DEBUG Engine               - isGameMenuEnabled: true
18:57:18.339 [FXGL Background Thread 3 ] DEBUG Engine               - isIOS: false
18:57:18.339 [FXGL Background Thread 3 ] DEBUG Engine               - isIntroEnabled: false
18:57:18.339 [FXGL Background Thread 3 ] DEBUG Engine               - isLinux: false
18:57:18.339 [FXGL Background Thread 3 ] DEBUG Engine               - isMac: false
18:57:18.339 [FXGL Background Thread 3 ] DEBUG Engine               - isMainMenuEnabled: true
18:57:18.339 [FXGL Background Thread 3 ] DEBUG Engine               - isManualResizeEnabled: true
18:57:18.339 [FXGL Background Thread 3 ] DEBUG Engine               - isMobile: false
18:57:18.339 [FXGL Background Thread 3 ] DEBUG Engine               - isNative: false
18:57:18.339 [FXGL Background Thread 3 ] DEBUG Engine               - isPauseMusicWhenMinimized: true
18:57:18.339 [FXGL Background Thread 3 ] DEBUG Engine               - isPreserveResizeRatio: false
18:57:18.340 [FXGL Background Thread 3 ] DEBUG Engine               - isProfilingEnabled: false
18:57:18.340 [FXGL Background Thread 3 ] DEBUG Engine               - isScaleAffectedOnResize: true
18:57:18.340 [FXGL Background Thread 3 ] DEBUG Engine               - isSingleStep: false
18:57:18.340 [FXGL Background Thread 3 ] DEBUG Engine               - isUserProfileEnabled: false
18:57:18.340 [FXGL Background Thread 3 ] DEBUG Engine               - isWindows: true
18:57:18.340 [FXGL Background Thread 3 ] DEBUG Engine               - language: ObjectProperty [value: ENGLISH]
18:57:18.340 [FXGL Background Thread 3 ] DEBUG Engine               - menuKey: ESCAPE
18:57:18.340 [FXGL Background Thread 3 ] DEBUG Engine               - mouseSensitivity: 0.2
18:57:18.340 [FXGL Background Thread 3 ] DEBUG Engine               - notificationViewClass: class com.almasb.fxgl.notification.view.XboxNotificationView
18:57:18.340 [FXGL Background Thread 3 ] DEBUG Engine               - pixelsPerMeter: 50.0
18:57:18.340 [FXGL Background Thread 3 ] DEBUG Engine               - platform: WINDOWS
18:57:18.340 [FXGL Background Thread 3 ] DEBUG Engine               - prefHeightProperty: ReadOnlyDoubleProperty [value: 800.0]
18:57:18.340 [FXGL Background Thread 3 ] DEBUG Engine               - prefWidthProperty: ReadOnlyDoubleProperty [value: 1280.0]
18:57:18.341 [FXGL Background Thread 3 ] DEBUG Engine               - profileDir: profiles/
18:57:18.341 [FXGL Background Thread 3 ] DEBUG Engine               - profileName: StringProperty [value: DEFAULT]
18:57:18.341 [FXGL Background Thread 3 ] DEBUG Engine               - randomSeed: -1
18:57:18.341 [FXGL Background Thread 3 ] DEBUG Engine               - runtimeInfo: RuntimeInfo(platform=WINDOWS, version=21.1, build=27.03.2024 07.52)
18:57:18.341 [FXGL Background Thread 3 ] DEBUG Engine               - saveFileExt: sav
18:57:18.341 [FXGL Background Thread 3 ] DEBUG Engine               - scaledHeightProp$fxgl: DoubleProperty [bound, value: 800.0]
18:57:18.341 [FXGL Background Thread 3 ] DEBUG Engine               - scaledWidthProp$fxgl: DoubleProperty [bound, value: 1280.0]
18:57:18.341 [FXGL Background Thread 3 ] DEBUG Engine               - sceneFactory: com.almasb.fxgl.app.scene.SceneFactory@10b9d646
18:57:18.341 [FXGL Background Thread 3 ] DEBUG Engine               - secondsIn24h: 60
18:57:18.341 [FXGL Background Thread 3 ] DEBUG Engine               - soundMenuBack: menu/back.wav
18:57:18.341 [FXGL Background Thread 3 ] DEBUG Engine               - soundMenuPress: menu/press.wav
18:57:18.341 [FXGL Background Thread 3 ] DEBUG Engine               - soundMenuSelect: menu/select.wav
18:57:18.341 [FXGL Background Thread 3 ] DEBUG Engine               - soundNotification: core/notification.wav
18:57:18.341 [FXGL Background Thread 3 ] DEBUG Engine               - stageStyle: DECORATED
18:57:18.341 [FXGL Background Thread 3 ] DEBUG Engine               - supportedLanguages: [ENGLISH, FRENCH, GERMAN, HUNGARIAN, RUSSIAN]
18:57:18.341 [FXGL Background Thread 3 ] DEBUG Engine               - ticksPerSecond: -1
18:57:18.341 [FXGL Background Thread 3 ] DEBUG Engine               - title: 1945
18:57:18.341 [FXGL Background Thread 3 ] DEBUG Engine               - urlGithub: https://github.com/AlmasB/FXGL
18:57:18.341 [FXGL Background Thread 3 ] DEBUG Engine               - urlLeaderboard: http://fxgl-top.herokuapp.com/
18:57:18.341 [FXGL Background Thread 3 ] DEBUG Engine               - urlPOM: https://raw.githubusercontent.com/AlmasB/FXGL/release/README.md
18:57:18.342 [FXGL Background Thread 3 ] DEBUG Engine               - userAppClass: class org.saikat.Main
18:57:18.342 [FXGL Background Thread 3 ] DEBUG Engine               - version: 0.1
18:57:18.342 [FXGL Background Thread 3 ] DEBUG Engine               - versionCheckDays: 7
18:57:18.342 [FXGL Background Thread 3 ] DEBUG Engine               - width: 1280
18:57:18.342 [FXGL Background Thread 3 ] DEBUG Engine               - Logging services
18:57:18.342 [FXGL Background Thread 3 ] DEBUG Engine               - class com.almasb.fxgl.app.services.FXGLAssetLoaderService
18:57:18.342 [FXGL Background Thread 3 ] DEBUG Engine               - class com.almasb.fxgl.app.FXGLApplication$GameApplicationService
18:57:18.342 [FXGL Background Thread 3 ] DEBUG Engine               - class com.almasb.fxgl.app.services.FXGLDialogService
18:57:18.342 [FXGL Background Thread 3 ] DEBUG Engine               - class com.almasb.fxgl.app.services.IOTaskExecutorService
18:57:18.342 [FXGL Background Thread 3 ] DEBUG Engine               - class com.almasb.fxgl.io.FileSystemService
18:57:18.342 [FXGL Background Thread 3 ] DEBUG Engine               - class com.almasb.fxgl.localization.LocalizationService
18:57:18.342 [FXGL Background Thread 3 ] DEBUG Engine               - class com.almasb.fxgl.app.services.SystemBundleService
18:57:18.342 [FXGL Background Thread 3 ] DEBUG Engine               - class com.almasb.fxgl.profile.SaveLoadService
18:57:18.342 [FXGL Background Thread 3 ] DEBUG Engine               - class com.almasb.fxgl.ui.FXGLUIFactoryServiceProvider
18:57:18.342 [FXGL Background Thread 3 ] DEBUG Engine               - class com.almasb.fxgl.ui.FXGLDialogFactoryServiceProvider
18:57:18.342 [FXGL Background Thread 3 ] DEBUG Engine               - class com.almasb.fxgl.audio.AudioPlayer
18:57:18.342 [FXGL Background Thread 3 ] DEBUG Engine               - class com.almasb.fxgl.notification.impl.NotificationServiceProvider
18:57:18.342 [FXGL Background Thread 3 ] DEBUG Engine               - class com.almasb.fxgl.achievement.AchievementService
18:57:18.342 [FXGL Background Thread 3 ] DEBUG Engine               - class com.almasb.fxgl.cutscene.CutsceneService
18:57:18.342 [FXGL Background Thread 3 ] DEBUG Engine               - class com.almasb.fxgl.minigames.MiniGameService
18:57:18.343 [FXGL Background Thread 3 ] DEBUG Engine               - class com.almasb.fxgl.net.NetService
18:57:18.343 [FXGL Background Thread 3 ] DEBUG Engine               - class com.almasb.fxgl.app.services.UpdaterService
18:57:18.343 [FXGL Background Thread 3 ] DEBUG Engine               - class com.almasb.fxgl.dev.DevService
18:57:19.356 [JavaFX Application Thread] DEBUG Menu                 - fireNewGame()
18:57:19.356 [JavaFX Application Thread] DEBUG GameApplicationServi - Starting new game
18:57:19.359 [JavaFX Application Thread] DEBUG PrimaryStageWindow   - Pop state: FXGLDefaultMenu
18:57:19.359 [JavaFX Application Thread] DEBUG Input                - Clearing active input actions
18:57:19.359 [JavaFX Application Thread] DEBUG GameApplicationServi - Removing overlay from FXGLDefaultMenu and adding to FXGLMainMenuDummyScene
18:57:19.360 [JavaFX Application Thread] DEBUG PrimaryStageWindow   - FXGLMainMenuDummyScene <- FXGLDefaultMenu
18:57:19.360 [JavaFX Application Thread] DEBUG Input                - Clearing active input actions
18:57:19.368 [JavaFX Application Thread] DEBUG GameApplicationServi - Removing overlay from FXGLMainMenuDummyScene and adding to FXGLLoadingScene
18:57:19.369 [JavaFX Application Thread] DEBUG PrimaryStageWindow   - FXGLMainMenuDummyScene -> FXGLLoadingScene
18:57:19.369 [JavaFX Application Thread] DEBUG GameApplicationServi - Clearing previous game
18:57:19.369 [JavaFX Application Thread] DEBUG GameScene            - Clearing game scene
18:57:19.369 [JavaFX Application Thread] DEBUG GameWorld            - Clearing game world
18:57:19.369 [JavaFX Application Thread] DEBUG PhysicsWorld         - Clearing physics world
18:57:19.370 [FXGL Background Thread 2 ] DEBUG FXGLApplication      - Initializing game
18:57:19.445 [FXGL Background Thread 2 ] WARN  TMXLevelLoader       - TiledMap generated from 1.12.2. Supported version: 1.9.0. Some features may not be parsed fully.
18:57:19.465 [FXGL Background Thread 2 ] DEBUG TMXLevelLoader       - Parsed TiledMap: file:/E:/All%20About%20Dev/OOP/FXGL%20new%20Begining/final%20version/Tower%20Defender/Tower-Defender/target/classes/assets/levels/wall.tmx
18:57:19.466 [FXGL Background Thread 2 ] DEBUG TMXLevelLoader       - Creating tile layer entities
18:57:19.467 [FXGL Background Thread 2 ] DEBUG TilesetLoader        - Loading view for layer background
18:57:19.469 [FXGL Background Thread 2 ] DEBUG TilesetLoader        - Created buffer with size 1280.0x800.0
18:57:19.496 [FXGL Background Thread 2 ] DEBUG TilesetLoader        - Loading view for layer tower spot layer
18:57:19.498 [FXGL Background Thread 2 ] DEBUG TilesetLoader        - Created buffer with size 1280.0x800.0
18:57:19.507 [FXGL Background Thread 2 ] DEBUG TilesetLoader        - Loading view for layer Road
18:57:19.509 [FXGL Background Thread 2 ] DEBUG TilesetLoader        - Created buffer with size 1280.0x800.0
18:57:19.511 [FXGL Background Thread 2 ] DEBUG TilesetLoader        - Loading view for layer road2
18:57:19.513 [FXGL Background Thread 2 ] DEBUG TilesetLoader        - Created buffer with size 1280.0x800.0
18:57:19.520 [FXGL Background Thread 2 ] WARN  TilesetLoader        - Diagonally flipped tiles are not currently supported
18:57:19.521 [FXGL Background Thread 2 ] WARN  TilesetLoader        - Diagonally flipped tiles are not currently supported
18:57:19.523 [FXGL Background Thread 2 ] WARN  TilesetLoader        - Diagonally flipped tiles are not currently supported
18:57:19.523 [FXGL Background Thread 2 ] WARN  TilesetLoader        - Diagonally flipped tiles are not currently supported
18:57:19.523 [FXGL Background Thread 2 ] WARN  TilesetLoader        - Diagonally flipped tiles are not currently supported
18:57:19.523 [FXGL Background Thread 2 ] WARN  TilesetLoader        - Diagonally flipped tiles are not currently supported
18:57:19.523 [FXGL Background Thread 2 ] WARN  TilesetLoader        - Diagonally flipped tiles are not currently supported
18:57:19.524 [FXGL Background Thread 2 ] WARN  TilesetLoader        - Diagonally flipped tiles are not currently supported
18:57:19.524 [FXGL Background Thread 2 ] WARN  TilesetLoader        - Diagonally flipped tiles are not currently supported
18:57:19.524 [FXGL Background Thread 2 ] WARN  TilesetLoader        - Diagonally flipped tiles are not currently supported
18:57:19.524 [FXGL Background Thread 2 ] WARN  TilesetLoader        - Diagonally flipped tiles are not currently supported
18:57:19.524 [FXGL Background Thread 2 ] WARN  TilesetLoader        - Diagonally flipped tiles are not currently supported
18:57:19.525 [FXGL Background Thread 2 ] WARN  TilesetLoader        - Diagonally flipped tiles are not currently supported
18:57:19.525 [FXGL Background Thread 2 ] WARN  TilesetLoader        - Diagonally flipped tiles are not currently supported
18:57:19.525 [FXGL Background Thread 2 ] WARN  TilesetLoader        - Diagonally flipped tiles are not currently supported
18:57:19.525 [FXGL Background Thread 2 ] WARN  TilesetLoader        - Diagonally flipped tiles are not currently supported
18:57:19.525 [FXGL Background Thread 2 ] WARN  TilesetLoader        - Diagonally flipped tiles are not currently supported
18:57:19.526 [FXGL Background Thread 2 ] WARN  TilesetLoader        - Diagonally flipped tiles are not currently supported
18:57:19.526 [FXGL Background Thread 2 ] WARN  TilesetLoader        - Diagonally flipped tiles are not currently supported
18:57:19.526 [FXGL Background Thread 2 ] WARN  TilesetLoader        - Diagonally flipped tiles are not currently supported
18:57:19.526 [FXGL Background Thread 2 ] WARN  TilesetLoader        - Diagonally flipped tiles are not currently supported
18:57:19.526 [FXGL Background Thread 2 ] WARN  TilesetLoader        - Diagonally flipped tiles are not currently supported
18:57:19.527 [FXGL Background Thread 2 ] WARN  TilesetLoader        - Diagonally flipped tiles are not currently supported
18:57:19.527 [FXGL Background Thread 2 ] WARN  TilesetLoader        - Diagonally flipped tiles are not currently supported
18:57:19.527 [FXGL Background Thread 2 ] WARN  TilesetLoader        - Diagonally flipped tiles are not currently supported
18:57:19.527 [FXGL Background Thread 2 ] WARN  TilesetLoader        - Diagonally flipped tiles are not currently supported
18:57:19.527 [FXGL Background Thread 2 ] WARN  TilesetLoader        - Diagonally flipped tiles are not currently supported
18:57:19.528 [FXGL Background Thread 2 ] WARN  TilesetLoader        - Diagonally flipped tiles are not currently supported
18:57:19.528 [FXGL Background Thread 2 ] WARN  TilesetLoader        - Diagonally flipped tiles are not currently supported
18:57:19.528 [FXGL Background Thread 2 ] WARN  TilesetLoader        - Diagonally flipped tiles are not currently supported
18:57:19.528 [FXGL Background Thread 2 ] WARN  TilesetLoader        - Diagonally flipped tiles are not currently supported
18:57:19.528 [FXGL Background Thread 2 ] WARN  TilesetLoader        - Diagonally flipped tiles are not currently supported
18:57:19.529 [FXGL Background Thread 2 ] WARN  TilesetLoader        - Diagonally flipped tiles are not currently supported
18:57:19.529 [FXGL Background Thread 2 ] WARN  TilesetLoader        - Diagonally flipped tiles are not currently supported
18:57:19.529 [FXGL Background Thread 2 ] WARN  TilesetLoader        - Diagonally flipped tiles are not currently supported
18:57:19.529 [FXGL Background Thread 2 ] WARN  TilesetLoader        - Diagonally flipped tiles are not currently supported
18:57:19.530 [FXGL Background Thread 2 ] WARN  TilesetLoader        - Diagonally flipped tiles are not currently supported
18:57:19.531 [FXGL Background Thread 2 ] WARN  TilesetLoader        - Diagonally flipped tiles are not currently supported
18:57:19.531 [FXGL Background Thread 2 ] WARN  TilesetLoader        - Diagonally flipped tiles are not currently supported
18:57:19.532 [FXGL Background Thread 2 ] WARN  TilesetLoader        - Diagonally flipped tiles are not currently supported
18:57:19.532 [FXGL Background Thread 2 ] WARN  TilesetLoader        - Diagonally flipped tiles are not currently supported
18:57:19.533 [FXGL Background Thread 2 ] WARN  TilesetLoader        - Diagonally flipped tiles are not currently supported
18:57:19.533 [FXGL Background Thread 2 ] WARN  TilesetLoader        - Diagonally flipped tiles are not currently supported
18:57:19.534 [FXGL Background Thread 2 ] WARN  TilesetLoader        - Diagonally flipped tiles are not currently supported
18:57:19.534 [FXGL Background Thread 2 ] WARN  TilesetLoader        - Diagonally flipped tiles are not currently supported
18:57:19.534 [FXGL Background Thread 2 ] WARN  TilesetLoader        - Diagonally flipped tiles are not currently supported
18:57:19.534 [FXGL Background Thread 2 ] WARN  TilesetLoader        - Diagonally flipped tiles are not currently supported
18:57:19.535 [FXGL Background Thread 2 ] WARN  TilesetLoader        - Diagonally flipped tiles are not currently supported
18:57:19.535 [FXGL Background Thread 2 ] WARN  TilesetLoader        - Diagonally flipped tiles are not currently supported
18:57:19.535 [FXGL Background Thread 2 ] WARN  TilesetLoader        - Diagonally flipped tiles are not currently supported
18:57:19.535 [FXGL Background Thread 2 ] WARN  TilesetLoader        - Diagonally flipped tiles are not currently supported
18:57:19.536 [FXGL Background Thread 2 ] WARN  TilesetLoader        - Diagonally flipped tiles are not currently supported
18:57:19.536 [FXGL Background Thread 2 ] WARN  TilesetLoader        - Diagonally flipped tiles are not currently supported
18:57:19.536 [FXGL Background Thread 2 ] WARN  TilesetLoader        - Diagonally flipped tiles are not currently supported
18:57:19.536 [FXGL Background Thread 2 ] WARN  TilesetLoader        - Diagonally flipped tiles are not currently supported
18:57:19.536 [FXGL Background Thread 2 ] WARN  TilesetLoader        - Diagonally flipped tiles are not currently supported
18:57:19.536 [FXGL Background Thread 2 ] WARN  TilesetLoader        - Diagonally flipped tiles are not currently supported
18:57:19.537 [FXGL Background Thread 2 ] WARN  TilesetLoader        - Diagonally flipped tiles are not currently supported
18:57:19.537 [FXGL Background Thread 2 ] WARN  TilesetLoader        - Diagonally flipped tiles are not currently supported
18:57:19.537 [FXGL Background Thread 2 ] WARN  TilesetLoader        - Diagonally flipped tiles are not currently supported
18:57:19.537 [FXGL Background Thread 2 ] WARN  TilesetLoader        - Diagonally flipped tiles are not currently supported
18:57:19.537 [FXGL Background Thread 2 ] WARN  TilesetLoader        - Diagonally flipped tiles are not currently supported
18:57:19.537 [FXGL Background Thread 2 ] WARN  TilesetLoader        - Diagonally flipped tiles are not currently supported
18:57:19.537 [FXGL Background Thread 2 ] WARN  TilesetLoader        - Diagonally flipped tiles are not currently supported
18:57:19.537 [FXGL Background Thread 2 ] WARN  TilesetLoader        - Diagonally flipped tiles are not currently supported
18:57:19.537 [FXGL Background Thread 2 ] WARN  TilesetLoader        - Diagonally flipped tiles are not currently supported
18:57:19.537 [FXGL Background Thread 2 ] WARN  TilesetLoader        - Diagonally flipped tiles are not currently supported
18:57:19.537 [FXGL Background Thread 2 ] WARN  TilesetLoader        - Diagonally flipped tiles are not currently supported
18:57:19.539 [FXGL Background Thread 2 ] WARN  TilesetLoader        - Diagonally flipped tiles are not currently supported
18:57:19.539 [FXGL Background Thread 2 ] WARN  TilesetLoader        - Diagonally flipped tiles are not currently supported
18:57:19.539 [FXGL Background Thread 2 ] WARN  TilesetLoader        - Diagonally flipped tiles are not currently supported
18:57:19.539 [FXGL Background Thread 2 ] WARN  TilesetLoader        - Diagonally flipped tiles are not currently supported
18:57:19.539 [FXGL Background Thread 2 ] WARN  TilesetLoader        - Diagonally flipped tiles are not currently supported
18:57:19.539 [FXGL Background Thread 2 ] WARN  TilesetLoader        - Diagonally flipped tiles are not currently supported
18:57:19.539 [FXGL Background Thread 2 ] WARN  TilesetLoader        - Diagonally flipped tiles are not currently supported
18:57:19.539 [FXGL Background Thread 2 ] WARN  TilesetLoader        - Diagonally flipped tiles are not currently supported
18:57:19.539 [FXGL Background Thread 2 ] WARN  TilesetLoader        - Diagonally flipped tiles are not currently supported
18:57:19.539 [FXGL Background Thread 2 ] WARN  TilesetLoader        - Diagonally flipped tiles are not currently supported
18:57:19.539 [FXGL Background Thread 2 ] WARN  TilesetLoader        - Diagonally flipped tiles are not currently supported
18:57:19.539 [FXGL Background Thread 2 ] WARN  TilesetLoader        - Diagonally flipped tiles are not currently supported
18:57:19.540 [FXGL Background Thread 2 ] WARN  TilesetLoader        - Diagonally flipped tiles are not currently supported
18:57:19.540 [FXGL Background Thread 2 ] WARN  TilesetLoader        - Diagonally flipped tiles are not currently supported
18:57:19.540 [FXGL Background Thread 2 ] WARN  TilesetLoader        - Diagonally flipped tiles are not currently supported
18:57:19.540 [FXGL Background Thread 2 ] WARN  TilesetLoader        - Diagonally flipped tiles are not currently supported
18:57:19.540 [FXGL Background Thread 2 ] WARN  TilesetLoader        - Diagonally flipped tiles are not currently supported
18:57:19.540 [FXGL Background Thread 2 ] WARN  TilesetLoader        - Diagonally flipped tiles are not currently supported
18:57:19.541 [FXGL Background Thread 2 ] WARN  TilesetLoader        - Diagonally flipped tiles are not currently supported
18:57:19.541 [FXGL Background Thread 2 ] WARN  TilesetLoader        - Diagonally flipped tiles are not currently supported
18:57:19.541 [FXGL Background Thread 2 ] WARN  TilesetLoader        - Diagonally flipped tiles are not currently supported
18:57:19.541 [FXGL Background Thread 2 ] WARN  TilesetLoader        - Diagonally flipped tiles are not currently supported
18:57:19.541 [FXGL Background Thread 2 ] WARN  TilesetLoader        - Diagonally flipped tiles are not currently supported
18:57:19.541 [FXGL Background Thread 2 ] WARN  TilesetLoader        - Diagonally flipped tiles are not currently supported
18:57:19.543 [FXGL Background Thread 2 ] WARN  TilesetLoader        - Diagonally flipped tiles are not currently supported
18:57:19.543 [FXGL Background Thread 2 ] WARN  TilesetLoader        - Diagonally flipped tiles are not currently supported
18:57:19.543 [FXGL Background Thread 2 ] WARN  TilesetLoader        - Diagonally flipped tiles are not currently supported
18:57:19.543 [FXGL Background Thread 2 ] WARN  TilesetLoader        - Diagonally flipped tiles are not currently supported
18:57:19.543 [FXGL Background Thread 2 ] WARN  TilesetLoader        - Diagonally flipped tiles are not currently supported
18:57:19.543 [FXGL Background Thread 2 ] WARN  TilesetLoader        - Diagonally flipped tiles are not currently supported
18:57:19.543 [FXGL Background Thread 2 ] WARN  TilesetLoader        - Diagonally flipped tiles are not currently supported
18:57:19.543 [FXGL Background Thread 2 ] WARN  TilesetLoader        - Diagonally flipped tiles are not currently supported
18:57:19.544 [FXGL Background Thread 2 ] WARN  TilesetLoader        - Diagonally flipped tiles are not currently supported
18:57:19.544 [FXGL Background Thread 2 ] WARN  TilesetLoader        - Diagonally flipped tiles are not currently supported
18:57:19.544 [FXGL Background Thread 2 ] WARN  TilesetLoader        - Diagonally flipped tiles are not currently supported
18:57:19.544 [FXGL Background Thread 2 ] WARN  TilesetLoader        - Diagonally flipped tiles are not currently supported
18:57:19.545 [FXGL Background Thread 2 ] WARN  TilesetLoader        - Diagonally flipped tiles are not currently supported
18:57:19.545 [FXGL Background Thread 2 ] WARN  TilesetLoader        - Diagonally flipped tiles are not currently supported
18:57:19.545 [FXGL Background Thread 2 ] WARN  TilesetLoader        - Diagonally flipped tiles are not currently supported
18:57:19.546 [FXGL Background Thread 2 ] WARN  TilesetLoader        - Diagonally flipped tiles are not currently supported
18:57:19.546 [FXGL Background Thread 2 ] WARN  TilesetLoader        - Diagonally flipped tiles are not currently supported
18:57:19.546 [FXGL Background Thread 2 ] WARN  TilesetLoader        - Diagonally flipped tiles are not currently supported
18:57:19.546 [FXGL Background Thread 2 ] WARN  TilesetLoader        - Diagonally flipped tiles are not currently supported
18:57:19.546 [FXGL Background Thread 2 ] WARN  TilesetLoader        - Diagonally flipped tiles are not currently supported
18:57:19.547 [FXGL Background Thread 2 ] WARN  TilesetLoader        - Diagonally flipped tiles are not currently supported
18:57:19.547 [FXGL Background Thread 2 ] WARN  TilesetLoader        - Diagonally flipped tiles are not currently supported
18:57:19.547 [FXGL Background Thread 2 ] WARN  TilesetLoader        - Diagonally flipped tiles are not currently supported
18:57:19.547 [FXGL Background Thread 2 ] WARN  TilesetLoader        - Diagonally flipped tiles are not currently supported
18:57:19.547 [FXGL Background Thread 2 ] WARN  TilesetLoader        - Diagonally flipped tiles are not currently supported
18:57:19.548 [FXGL Background Thread 2 ] WARN  TilesetLoader        - Diagonally flipped tiles are not currently supported
18:57:19.548 [FXGL Background Thread 2 ] WARN  TilesetLoader        - Diagonally flipped tiles are not currently supported
18:57:19.548 [FXGL Background Thread 2 ] WARN  TilesetLoader        - Diagonally flipped tiles are not currently supported
18:57:19.548 [FXGL Background Thread 2 ] WARN  TilesetLoader        - Diagonally flipped tiles are not currently supported
18:57:19.548 [FXGL Background Thread 2 ] WARN  TilesetLoader        - Diagonally flipped tiles are not currently supported
18:57:19.548 [FXGL Background Thread 2 ] WARN  TilesetLoader        - Diagonally flipped tiles are not currently supported
18:57:19.550 [FXGL Background Thread 2 ] WARN  TilesetLoader        - Diagonally flipped tiles are not currently supported
18:57:19.550 [FXGL Background Thread 2 ] WARN  TilesetLoader        - Diagonally flipped tiles are not currently supported
18:57:19.550 [FXGL Background Thread 2 ] WARN  TilesetLoader        - Diagonally flipped tiles are not currently supported
18:57:19.550 [FXGL Background Thread 2 ] WARN  TilesetLoader        - Diagonally flipped tiles are not currently supported
18:57:19.550 [FXGL Background Thread 2 ] WARN  TilesetLoader        - Diagonally flipped tiles are not currently supported
18:57:19.550 [FXGL Background Thread 2 ] WARN  TilesetLoader        - Diagonally flipped tiles are not currently supported
18:57:19.555 [FXGL Background Thread 2 ] WARN  TilesetLoader        - Diagonally flipped tiles are not currently supported
18:57:19.555 [FXGL Background Thread 2 ] WARN  TilesetLoader        - Diagonally flipped tiles are not currently supported
18:57:19.556 [FXGL Background Thread 2 ] WARN  TilesetLoader        - Diagonally flipped tiles are not currently supported
18:57:19.556 [FXGL Background Thread 2 ] WARN  TilesetLoader        - Diagonally flipped tiles are not currently supported
18:57:19.557 [FXGL Background Thread 2 ] WARN  TilesetLoader        - Diagonally flipped tiles are not currently supported
18:57:19.557 [FXGL Background Thread 2 ] WARN  TilesetLoader        - Diagonally flipped tiles are not currently supported
18:57:19.558 [FXGL Background Thread 2 ] WARN  TilesetLoader        - Diagonally flipped tiles are not currently supported
18:57:19.558 [FXGL Background Thread 2 ] WARN  TilesetLoader        - Diagonally flipped tiles are not currently supported
18:57:19.558 [FXGL Background Thread 2 ] WARN  TilesetLoader        - Diagonally flipped tiles are not currently supported
18:57:19.558 [FXGL Background Thread 2 ] WARN  TilesetLoader        - Diagonally flipped tiles are not currently supported
18:57:19.559 [FXGL Background Thread 2 ] WARN  TilesetLoader        - Diagonally flipped tiles are not currently supported
18:57:19.559 [FXGL Background Thread 2 ] WARN  TilesetLoader        - Diagonally flipped tiles are not currently supported
18:57:19.559 [FXGL Background Thread 2 ] WARN  TilesetLoader        - Diagonally flipped tiles are not currently supported
18:57:19.559 [FXGL Background Thread 2 ] WARN  TilesetLoader        - Diagonally flipped tiles are not currently supported
18:57:19.559 [FXGL Background Thread 2 ] WARN  TilesetLoader        - Diagonally flipped tiles are not currently supported
18:57:19.559 [FXGL Background Thread 2 ] WARN  TilesetLoader        - Diagonally flipped tiles are not currently supported
18:57:19.559 [FXGL Background Thread 2 ] WARN  TilesetLoader        - Diagonally flipped tiles are not currently supported
18:57:19.559 [FXGL Background Thread 2 ] WARN  TilesetLoader        - Diagonally flipped tiles are not currently supported
18:57:19.559 [FXGL Background Thread 2 ] WARN  TilesetLoader        - Diagonally flipped tiles are not currently supported
18:57:19.559 [FXGL Background Thread 2 ] WARN  TilesetLoader        - Diagonally flipped tiles are not currently supported
18:57:19.560 [FXGL Background Thread 2 ] DEBUG TilesetLoader        - Loading view for layer road3
18:57:19.562 [FXGL Background Thread 2 ] DEBUG TilesetLoader        - Created buffer with size 1280.0x800.0
18:57:19.567 [FXGL Background Thread 2 ] WARN  TilesetLoader        - ../textures/ultimate_map 2.png cannot be loaded using mapURL=file:/E:/All%20About%20Dev/OOP/FXGL%20new%20Begining/final%20version/Tower%20Defender/Tower-Defender/target/classes/assets/levels/wall.tmx
java.lang.IllegalArgumentException: Illegal character in path at index 154: file:/E:/All%20About%20Dev/OOP/FXGL%20new%20Begining/final%20version/Tower%20Defender/Tower-Defender/target/classes/assets/levels/../textures/ultimate_map 2.png
	at java.base/java.net.URI.create(URI.java:932)
	at com.almasb.fxgl.entity.level.tiled.TilesetLoader.loadImage(TilesetLoader.kt:429)
	at com.almasb.fxgl.entity.level.tiled.TilesetLoader.loadView(TilesetLoader.kt:134)
	at com.almasb.fxgl.entity.level.tiled.TMXLevelLoader$createTileLayerEntities$1.invoke(TMXLevelLoader.kt:99)
	at com.almasb.fxgl.entity.level.tiled.TMXLevelLoader$createTileLayerEntities$1.invoke(TMXLevelLoader.kt:88)
	at com.almasb.fxgl.entity.level.tiled.TMXLevelLoader.createTileLayerEntities$lambda$3(TMXLevelLoader.kt:88)
	at java.base/java.util.stream.ReferencePipeline$3$1.accept(ReferencePipeline.java:197)
	at java.base/java.util.ArrayList$ArrayListSpliterator.forEachRemaining(ArrayList.java:1708)
	at java.base/java.util.stream.AbstractPipeline.copyInto(AbstractPipeline.java:509)
	at java.base/java.util.stream.AbstractPipeline.wrapAndCopyInto(AbstractPipeline.java:499)
	at java.base/java.util.stream.ReduceOps$ReduceOp.evaluateSequential(ReduceOps.java:921)
	at java.base/java.util.stream.AbstractPipeline.evaluate(AbstractPipeline.java:234)
	at java.base/java.util.stream.ReferencePipeline.collect(ReferencePipeline.java:682)
	at com.almasb.fxgl.entity.level.tiled.TMXLevelLoader.createTileLayerEntities(TMXLevelLoader.kt:116)
	at com.almasb.fxgl.entity.level.tiled.TMXLevelLoader.load(TMXLevelLoader.kt:58)
	at com.almasb.fxgl.app.services.FXGLAssetLoaderService.loadLevel(FXGLAssetLoaderService.kt:449)
	at com.almasb.fxgl.dsl.FXGL$Companion.setLevelFromMap(FXGL.kt:643)
	at com.almasb.fxgl.dsl.FXGL.setLevelFromMap(FXGL.kt)
	at org.saikat.Main.initGame(Main.java:145)
	at com.almasb.fxgl.app.FXGLApplication$InitAppTask.initGame(FXGLApplication.kt:343)
	at com.almasb.fxgl.app.FXGLApplication$InitAppTask.call(FXGLApplication.kt:321)
	at com.almasb.fxgl.app.FXGLApplication$InitAppTask.call(FXGLApplication.kt:313)
	at javafx.concurrent.Task$TaskCallable.call(Task.java:1399)
	at java.base/java.util.concurrent.FutureTask.run(FutureTask.java:317)
	at java.base/java.util.concurrent.Executors$RunnableAdapter.call(Executors.java:572)
	at java.base/java.util.concurrent.FutureTask.run(FutureTask.java:317)
	at java.base/java.util.concurrent.ThreadPoolExecutor.runWorker(ThreadPoolExecutor.java:1144)
	at java.base/java.util.concurrent.ThreadPoolExecutor$Worker.run(ThreadPoolExecutor.java:642)
	at java.base/java.lang.Thread.run(Thread.java:1583)
Caused by: java.net.URISyntaxException: Illegal character in path at index 154: file:/E:/All%20About%20Dev/OOP/FXGL%20new%20Begining/final%20version/Tower%20Defender/Tower-Defender/target/classes/assets/levels/../textures/ultimate_map 2.png
	at java.base/java.net.URI$Parser.fail(URI.java:2995)
	at java.base/java.net.URI$Parser.checkChars(URI.java:3166)
	at java.base/java.net.URI$Parser.parseHierarchical(URI.java:3248)
	at java.base/java.net.URI$Parser.parse(URI.java:3196)
	at java.base/java.net.URI.<init>(URI.java:645)
	at java.base/java.net.URI.create(URI.java:930)
	... 28 more

18:57:19.893 [FXGL Background Thread 2 ] DEBUG TilesetLoader        - Loading view for layer bg2
18:57:19.895 [FXGL Background Thread 2 ] DEBUG TilesetLoader        - Created buffer with size 1280.0x800.0
18:57:19.993 [FXGL Background Thread 2 ] DEBUG TilesetLoader        - Loading view for layer icons
18:57:19.994 [FXGL Background Thread 2 ] DEBUG TilesetLoader        - Created buffer with size 1280.0x800.0
18:57:20.005 [FXGL Background Thread 2 ] DEBUG TMXLevelLoader       - Creating object layer entities
18:57:20.040 [FXGL Background Thread 2 ] DEBUG GameWorld            - Clearing removable entities
18:57:20.040 [FXGL Background Thread 2 ] DEBUG GameWorld            - Setting level: com.almasb.fxgl.entity.level.Level@321ce8ad
18:57:20.051 [FXGL Background Thread 2 ] INFO  FXGLApplication      - Game initialization took: 0.680 sec
18:57:20.056 [JavaFX Application Thread] DEBUG Input                - Clearing active input actions
18:57:20.064 [JavaFX Application Thread] DEBUG GameApplicationServi - Removing overlay from FXGLLoadingScene and adding to GameScene
18:57:20.064 [JavaFX Application Thread] DEBUG PrimaryStageWindow   - FXGLLoadingScene -> GameScene
18:57:21.550 [JavaFX Application Thread] DEBUG FXGLAssetLoaderServi - Loading from file system: file:/E:/All%20About%20Dev/OOP/FXGL%20new%20Begining/final%20version/Tower%20Defender/Tower-Defender/target/classes/assets/textures/wolf.png
18:57:21.566 [JavaFX Application Thread] DEBUG FXGLAssetLoaderServi - Loading from file system: file:/E:/All%20About%20Dev/OOP/FXGL%20new%20Begining/final%20version/Tower%20Defender/Tower-Defender/target/classes/assets/textures/bird.png
18:58:34.743 [JavaFX Application Thread] DEBUG LoopRunner           - Pausing loop
18:58:34.747 [JavaFX Application Thread] DEBUG PrimaryStageWindow   - Push state: DialogSubScene
18:58:34.748 [JavaFX Application Thread] DEBUG Input                - Clearing active input actions
18:58:34.749 [JavaFX Application Thread] DEBUG GameApplicationServi - Removing overlay from GameScene and adding to DialogSubScene
18:58:34.749 [JavaFX Application Thread] DEBUG PrimaryStageWindow   - GameScene -> DialogSubScene
18:58:36.532 [JavaFX Application Thread] DEBUG PrimaryStageWindow   - Pop state: DialogSubScene
18:58:36.532 [JavaFX Application Thread] DEBUG Input                - Clearing active input actions
18:58:36.533 [JavaFX Application Thread] DEBUG GameApplicationServi - Removing overlay from DialogSubScene and adding to GameScene
18:58:36.533 [JavaFX Application Thread] DEBUG PrimaryStageWindow   - GameScene <- DialogSubScene
18:58:36.533 [JavaFX Application Thread] DEBUG GameApplicationServi - Starting new game
18:58:36.533 [JavaFX Application Thread] DEBUG Input                - Clearing active input actions
18:58:36.541 [JavaFX Application Thread] DEBUG GameApplicationServi - Removing overlay from GameScene and adding to FXGLLoadingScene
18:58:36.541 [JavaFX Application Thread] DEBUG PrimaryStageWindow   - GameScene -> FXGLLoadingScene
18:58:36.541 [JavaFX Application Thread] DEBUG GameApplicationServi - Clearing previous game
18:58:36.541 [JavaFX Application Thread] DEBUG GameScene            - Clearing game scene
18:58:36.541 [JavaFX Application Thread] DEBUG GameWorld            - Clearing game world
18:58:36.557 [JavaFX Application Thread] DEBUG PhysicsWorld         - Clearing physics world
18:58:36.559 [FXGL Background Thread 5 ] DEBUG FXGLApplication      - Initializing game
18:58:36.563 [FXGL Background Thread 5 ] WARN  TMXLevelLoader       - TiledMap generated from 1.12.2. Supported version: 1.9.0. Some features may not be parsed fully.
18:58:36.582 [FXGL Background Thread 5 ] DEBUG TMXLevelLoader       - Parsed TiledMap: file:/E:/All%20About%20Dev/OOP/FXGL%20new%20Begining/final%20version/Tower%20Defender/Tower-Defender/target/classes/assets/levels/wall.tmx
18:58:36.582 [FXGL Background Thread 5 ] DEBUG TMXLevelLoader       - Creating tile layer entities
18:58:36.583 [FXGL Background Thread 5 ] DEBUG TilesetLoader        - Loading view for layer background
18:58:36.584 [FXGL Background Thread 5 ] DEBUG TilesetLoader        - Created buffer with size 1280.0x800.0
18:58:36.596 [FXGL Background Thread 5 ] DEBUG TilesetLoader        - Loading view for layer tower spot layer
18:58:36.596 [FXGL Background Thread 5 ] DEBUG TilesetLoader        - Created buffer with size 1280.0x800.0
18:58:36.604 [FXGL Background Thread 5 ] DEBUG TilesetLoader        - Loading view for layer Road
18:58:36.605 [FXGL Background Thread 5 ] DEBUG TilesetLoader        - Created buffer with size 1280.0x800.0
18:58:36.607 [FXGL Background Thread 5 ] DEBUG TilesetLoader        - Loading view for layer road2
18:58:36.608 [FXGL Background Thread 5 ] DEBUG TilesetLoader        - Created buffer with size 1280.0x800.0
18:58:36.609 [FXGL Background Thread 5 ] WARN  TilesetLoader        - Diagonally flipped tiles are not currently supported
18:58:36.610 [FXGL Background Thread 5 ] WARN  TilesetLoader        - Diagonally flipped tiles are not currently supported
18:58:36.610 [FXGL Background Thread 5 ] WARN  TilesetLoader        - Diagonally flipped tiles are not currently supported
18:58:36.611 [FXGL Background Thread 5 ] WARN  TilesetLoader        - Diagonally flipped tiles are not currently supported
18:58:36.611 [FXGL Background Thread 5 ] WARN  TilesetLoader        - Diagonally flipped tiles are not currently supported
18:58:36.611 [FXGL Background Thread 5 ] WARN  TilesetLoader        - Diagonally flipped tiles are not currently supported
18:58:36.612 [FXGL Background Thread 5 ] WARN  TilesetLoader        - Diagonally flipped tiles are not currently supported
18:58:36.612 [FXGL Background Thread 5 ] WARN  TilesetLoader        - Diagonally flipped tiles are not currently supported
18:58:36.612 [FXGL Background Thread 5 ] WARN  TilesetLoader        - Diagonally flipped tiles are not currently supported
18:58:36.612 [FXGL Background Thread 5 ] WARN  TilesetLoader        - Diagonally flipped tiles are not currently supported
18:58:36.613 [FXGL Background Thread 5 ] WARN  TilesetLoader        - Diagonally flipped tiles are not currently supported
18:58:36.613 [FXGL Background Thread 5 ] WARN  TilesetLoader        - Diagonally flipped tiles are not currently supported
18:58:36.613 [FXGL Background Thread 5 ] WARN  TilesetLoader        - Diagonally flipped tiles are not currently supported
18:58:36.614 [FXGL Background Thread 5 ] WARN  TilesetLoader        - Diagonally flipped tiles are not currently supported
18:58:36.614 [FXGL Background Thread 5 ] WARN  TilesetLoader        - Diagonally flipped tiles are not currently supported
18:58:36.614 [FXGL Background Thread 5 ] WARN  TilesetLoader        - Diagonally flipped tiles are not currently supported
18:58:36.614 [FXGL Background Thread 5 ] WARN  TilesetLoader        - Diagonally flipped tiles are not currently supported
18:58:36.615 [FXGL Background Thread 5 ] WARN  TilesetLoader        - Diagonally flipped tiles are not currently supported
18:58:36.615 [FXGL Background Thread 5 ] WARN  TilesetLoader        - Diagonally flipped tiles are not currently supported
18:58:36.615 [FXGL Background Thread 5 ] WARN  TilesetLoader        - Diagonally flipped tiles are not currently supported
18:58:36.615 [FXGL Background Thread 5 ] WARN  TilesetLoader        - Diagonally flipped tiles are not currently supported
18:58:36.616 [FXGL Background Thread 5 ] WARN  TilesetLoader        - Diagonally flipped tiles are not currently supported
18:58:36.616 [FXGL Background Thread 5 ] WARN  TilesetLoader        - Diagonally flipped tiles are not currently supported
18:58:36.616 [FXGL Background Thread 5 ] WARN  TilesetLoader        - Diagonally flipped tiles are not currently supported
18:58:36.616 [FXGL Background Thread 5 ] WARN  TilesetLoader        - Diagonally flipped tiles are not currently supported
18:58:36.617 [FXGL Background Thread 5 ] WARN  TilesetLoader        - Diagonally flipped tiles are not currently supported
18:58:36.617 [FXGL Background Thread 5 ] WARN  TilesetLoader        - Diagonally flipped tiles are not currently supported
18:58:36.617 [FXGL Background Thread 5 ] WARN  TilesetLoader        - Diagonally flipped tiles are not currently supported
18:58:36.617 [FXGL Background Thread 5 ] WARN  TilesetLoader        - Diagonally flipped tiles are not currently supported
18:58:36.618 [FXGL Background Thread 5 ] WARN  TilesetLoader        - Diagonally flipped tiles are not currently supported
18:58:36.618 [FXGL Background Thread 5 ] WARN  TilesetLoader        - Diagonally flipped tiles are not currently supported
18:58:36.618 [FXGL Background Thread 5 ] WARN  TilesetLoader        - Diagonally flipped tiles are not currently supported
18:58:36.618 [FXGL Background Thread 5 ] WARN  TilesetLoader        - Diagonally flipped tiles are not currently supported
18:58:36.619 [FXGL Background Thread 5 ] WARN  TilesetLoader        - Diagonally flipped tiles are not currently supported
18:58:36.619 [FXGL Background Thread 5 ] WARN  TilesetLoader        - Diagonally flipped tiles are not currently supported
18:58:36.619 [FXGL Background Thread 5 ] WARN  TilesetLoader        - Diagonally flipped tiles are not currently supported
18:58:36.620 [FXGL Background Thread 5 ] WARN  TilesetLoader        - Diagonally flipped tiles are not currently supported
18:58:36.620 [FXGL Background Thread 5 ] WARN  TilesetLoader        - Diagonally flipped tiles are not currently supported
18:58:36.620 [FXGL Background Thread 5 ] WARN  TilesetLoader        - Diagonally flipped tiles are not currently supported
18:58:36.620 [FXGL Background Thread 5 ] WARN  TilesetLoader        - Diagonally flipped tiles are not currently supported
18:58:36.620 [FXGL Background Thread 5 ] WARN  TilesetLoader        - Diagonally flipped tiles are not currently supported
18:58:36.621 [FXGL Background Thread 5 ] WARN  TilesetLoader        - Diagonally flipped tiles are not currently supported
18:58:36.621 [FXGL Background Thread 5 ] WARN  TilesetLoader        - Diagonally flipped tiles are not currently supported
18:58:36.621 [FXGL Background Thread 5 ] WARN  TilesetLoader        - Diagonally flipped tiles are not currently supported
18:58:36.621 [FXGL Background Thread 5 ] WARN  TilesetLoader        - Diagonally flipped tiles are not currently supported
18:58:36.621 [FXGL Background Thread 5 ] WARN  TilesetLoader        - Diagonally flipped tiles are not currently supported
18:58:36.621 [FXGL Background Thread 5 ] WARN  TilesetLoader        - Diagonally flipped tiles are not currently supported
18:58:36.622 [FXGL Background Thread 5 ] WARN  TilesetLoader        - Diagonally flipped tiles are not currently supported
18:58:36.622 [FXGL Background Thread 5 ] WARN  TilesetLoader        - Diagonally flipped tiles are not currently supported
18:58:36.622 [FXGL Background Thread 5 ] WARN  TilesetLoader        - Diagonally flipped tiles are not currently supported
18:58:36.622 [FXGL Background Thread 5 ] WARN  TilesetLoader        - Diagonally flipped tiles are not currently supported
18:58:36.622 [FXGL Background Thread 5 ] WARN  TilesetLoader        - Diagonally flipped tiles are not currently supported
18:58:36.622 [FXGL Background Thread 5 ] WARN  TilesetLoader        - Diagonally flipped tiles are not currently supported
18:58:36.623 [FXGL Background Thread 5 ] WARN  TilesetLoader        - Diagonally flipped tiles are not currently supported
18:58:36.623 [FXGL Background Thread 5 ] WARN  TilesetLoader        - Diagonally flipped tiles are not currently supported
18:58:36.623 [FXGL Background Thread 5 ] WARN  TilesetLoader        - Diagonally flipped tiles are not currently supported
18:58:36.623 [FXGL Background Thread 5 ] WARN  TilesetLoader        - Diagonally flipped tiles are not currently supported
18:58:36.623 [FXGL Background Thread 5 ] WARN  TilesetLoader        - Diagonally flipped tiles are not currently supported
18:58:36.623 [FXGL Background Thread 5 ] WARN  TilesetLoader        - Diagonally flipped tiles are not currently supported
18:58:36.623 [FXGL Background Thread 5 ] WARN  TilesetLoader        - Diagonally flipped tiles are not currently supported
18:58:36.624 [FXGL Background Thread 5 ] WARN  TilesetLoader        - Diagonally flipped tiles are not currently supported
18:58:36.624 [FXGL Background Thread 5 ] WARN  TilesetLoader        - Diagonally flipped tiles are not currently supported
18:58:36.624 [FXGL Background Thread 5 ] WARN  TilesetLoader        - Diagonally flipped tiles are not currently supported
18:58:36.624 [FXGL Background Thread 5 ] WARN  TilesetLoader        - Diagonally flipped tiles are not currently supported
18:58:36.624 [FXGL Background Thread 5 ] WARN  TilesetLoader        - Diagonally flipped tiles are not currently supported
18:58:36.625 [FXGL Background Thread 5 ] WARN  TilesetLoader        - Diagonally flipped tiles are not currently supported
18:58:36.625 [FXGL Background Thread 5 ] WARN  TilesetLoader        - Diagonally flipped tiles are not currently supported
18:58:36.625 [FXGL Background Thread 5 ] WARN  TilesetLoader        - Diagonally flipped tiles are not currently supported
18:58:36.625 [FXGL Background Thread 5 ] WARN  TilesetLoader        - Diagonally flipped tiles are not currently supported
18:58:36.625 [FXGL Background Thread 5 ] WARN  TilesetLoader        - Diagonally flipped tiles are not currently supported
18:58:36.625 [FXGL Background Thread 5 ] WARN  TilesetLoader        - Diagonally flipped tiles are not currently supported
18:58:36.626 [FXGL Background Thread 5 ] WARN  TilesetLoader        - Diagonally flipped tiles are not currently supported
18:58:36.626 [FXGL Background Thread 5 ] WARN  TilesetLoader        - Diagonally flipped tiles are not currently supported
18:58:36.626 [FXGL Background Thread 5 ] WARN  TilesetLoader        - Diagonally flipped tiles are not currently supported
18:58:36.626 [FXGL Background Thread 5 ] WARN  TilesetLoader        - Diagonally flipped tiles are not currently supported
18:58:36.626 [FXGL Background Thread 5 ] WARN  TilesetLoader        - Diagonally flipped tiles are not currently supported
18:58:36.626 [FXGL Background Thread 5 ] WARN  TilesetLoader        - Diagonally flipped tiles are not currently supported
18:58:36.626 [FXGL Background Thread 5 ] WARN  TilesetLoader        - Diagonally flipped tiles are not currently supported
18:58:36.627 [FXGL Background Thread 5 ] WARN  TilesetLoader        - Diagonally flipped tiles are not currently supported
18:58:36.627 [FXGL Background Thread 5 ] WARN  TilesetLoader        - Diagonally flipped tiles are not currently supported
18:58:36.627 [FXGL Background Thread 5 ] WARN  TilesetLoader        - Diagonally flipped tiles are not currently supported
18:58:36.627 [FXGL Background Thread 5 ] WARN  TilesetLoader        - Diagonally flipped tiles are not currently supported
18:58:36.627 [FXGL Background Thread 5 ] WARN  TilesetLoader        - Diagonally flipped tiles are not currently supported
18:58:36.627 [FXGL Background Thread 5 ] WARN  TilesetLoader        - Diagonally flipped tiles are not currently supported
18:58:36.627 [FXGL Background Thread 5 ] WARN  TilesetLoader        - Diagonally flipped tiles are not currently supported
18:58:36.628 [FXGL Background Thread 5 ] WARN  TilesetLoader        - Diagonally flipped tiles are not currently supported
18:58:36.628 [FXGL Background Thread 5 ] WARN  TilesetLoader        - Diagonally flipped tiles are not currently supported
18:58:36.628 [FXGL Background Thread 5 ] WARN  TilesetLoader        - Diagonally flipped tiles are not currently supported
18:58:36.628 [FXGL Background Thread 5 ] WARN  TilesetLoader        - Diagonally flipped tiles are not currently supported
18:58:36.628 [FXGL Background Thread 5 ] WARN  TilesetLoader        - Diagonally flipped tiles are not currently supported
18:58:36.628 [FXGL Background Thread 5 ] WARN  TilesetLoader        - Diagonally flipped tiles are not currently supported
18:58:36.628 [FXGL Background Thread 5 ] WARN  TilesetLoader        - Diagonally flipped tiles are not currently supported
18:58:36.629 [FXGL Background Thread 5 ] WARN  TilesetLoader        - Diagonally flipped tiles are not currently supported
18:58:36.629 [FXGL Background Thread 5 ] WARN  TilesetLoader        - Diagonally flipped tiles are not currently supported
18:58:36.629 [FXGL Background Thread 5 ] WARN  TilesetLoader        - Diagonally flipped tiles are not currently supported
18:58:36.629 [FXGL Background Thread 5 ] WARN  TilesetLoader        - Diagonally flipped tiles are not currently supported
18:58:36.629 [FXGL Background Thread 5 ] WARN  TilesetLoader        - Diagonally flipped tiles are not currently supported
18:58:36.629 [FXGL Background Thread 5 ] WARN  TilesetLoader        - Diagonally flipped tiles are not currently supported
18:58:36.630 [FXGL Background Thread 5 ] WARN  TilesetLoader        - Diagonally flipped tiles are not currently supported
18:58:36.630 [FXGL Background Thread 5 ] WARN  TilesetLoader        - Diagonally flipped tiles are not currently supported
18:58:36.630 [FXGL Background Thread 5 ] WARN  TilesetLoader        - Diagonally flipped tiles are not currently supported
18:58:36.630 [FXGL Background Thread 5 ] WARN  TilesetLoader        - Diagonally flipped tiles are not currently supported
18:58:36.632 [FXGL Background Thread 5 ] WARN  TilesetLoader        - Diagonally flipped tiles are not currently supported
18:58:36.633 [FXGL Background Thread 5 ] WARN  TilesetLoader        - Diagonally flipped tiles are not currently supported
18:58:36.634 [FXGL Background Thread 5 ] WARN  TilesetLoader        - Diagonally flipped tiles are not currently supported
18:58:36.634 [FXGL Background Thread 5 ] WARN  TilesetLoader        - Diagonally flipped tiles are not currently supported
18:58:36.634 [FXGL Background Thread 5 ] WARN  TilesetLoader        - Diagonally flipped tiles are not currently supported
18:58:36.635 [FXGL Background Thread 5 ] WARN  TilesetLoader        - Diagonally flipped tiles are not currently supported
18:58:36.635 [FXGL Background Thread 5 ] WARN  TilesetLoader        - Diagonally flipped tiles are not currently supported
18:58:36.635 [FXGL Background Thread 5 ] WARN  TilesetLoader        - Diagonally flipped tiles are not currently supported
18:58:36.635 [FXGL Background Thread 5 ] WARN  TilesetLoader        - Diagonally flipped tiles are not currently supported
18:58:36.636 [FXGL Background Thread 5 ] WARN  TilesetLoader        - Diagonally flipped tiles are not currently supported
18:58:36.636 [FXGL Background Thread 5 ] WARN  TilesetLoader        - Diagonally flipped tiles are not currently supported
18:58:36.636 [FXGL Background Thread 5 ] WARN  TilesetLoader        - Diagonally flipped tiles are not currently supported
18:58:36.636 [FXGL Background Thread 5 ] WARN  TilesetLoader        - Diagonally flipped tiles are not currently supported
18:58:36.636 [FXGL Background Thread 5 ] WARN  TilesetLoader        - Diagonally flipped tiles are not currently supported
18:58:36.636 [FXGL Background Thread 5 ] WARN  TilesetLoader        - Diagonally flipped tiles are not currently supported
18:58:36.636 [FXGL Background Thread 5 ] WARN  TilesetLoader        - Diagonally flipped tiles are not currently supported
18:58:36.637 [FXGL Background Thread 5 ] WARN  TilesetLoader        - Diagonally flipped tiles are not currently supported
18:58:36.637 [FXGL Background Thread 5 ] WARN  TilesetLoader        - Diagonally flipped tiles are not currently supported
18:58:36.637 [FXGL Background Thread 5 ] WARN  TilesetLoader        - Diagonally flipped tiles are not currently supported
18:58:36.637 [FXGL Background Thread 5 ] WARN  TilesetLoader        - Diagonally flipped tiles are not currently supported
18:58:36.637 [FXGL Background Thread 5 ] WARN  TilesetLoader        - Diagonally flipped tiles are not currently supported
18:58:36.637 [FXGL Background Thread 5 ] WARN  TilesetLoader        - Diagonally flipped tiles are not currently supported
18:58:36.637 [FXGL Background Thread 5 ] WARN  TilesetLoader        - Diagonally flipped tiles are not currently supported
18:58:36.638 [FXGL Background Thread 5 ] WARN  TilesetLoader        - Diagonally flipped tiles are not currently supported
18:58:36.638 [FXGL Background Thread 5 ] WARN  TilesetLoader        - Diagonally flipped tiles are not currently supported
18:58:36.638 [FXGL Background Thread 5 ] WARN  TilesetLoader        - Diagonally flipped tiles are not currently supported
18:58:36.638 [FXGL Background Thread 5 ] WARN  TilesetLoader        - Diagonally flipped tiles are not currently supported
18:58:36.638 [FXGL Background Thread 5 ] WARN  TilesetLoader        - Diagonally flipped tiles are not currently supported
18:58:36.638 [FXGL Background Thread 5 ] WARN  TilesetLoader        - Diagonally flipped tiles are not currently supported
18:58:36.638 [FXGL Background Thread 5 ] WARN  TilesetLoader        - Diagonally flipped tiles are not currently supported
18:58:36.638 [FXGL Background Thread 5 ] WARN  TilesetLoader        - Diagonally flipped tiles are not currently supported
18:58:36.639 [FXGL Background Thread 5 ] WARN  TilesetLoader        - Diagonally flipped tiles are not currently supported
18:58:36.639 [FXGL Background Thread 5 ] WARN  TilesetLoader        - Diagonally flipped tiles are not currently supported
18:58:36.639 [FXGL Background Thread 5 ] WARN  TilesetLoader        - Diagonally flipped tiles are not currently supported
18:58:36.639 [FXGL Background Thread 5 ] WARN  TilesetLoader        - Diagonally flipped tiles are not currently supported
18:58:36.639 [FXGL Background Thread 5 ] WARN  TilesetLoader        - Diagonally flipped tiles are not currently supported
18:58:36.639 [FXGL Background Thread 5 ] WARN  TilesetLoader        - Diagonally flipped tiles are not currently supported
18:58:36.640 [FXGL Background Thread 5 ] WARN  TilesetLoader        - Diagonally flipped tiles are not currently supported
18:58:36.640 [FXGL Background Thread 5 ] WARN  TilesetLoader        - Diagonally flipped tiles are not currently supported
18:58:36.640 [FXGL Background Thread 5 ] WARN  TilesetLoader        - Diagonally flipped tiles are not currently supported
18:58:36.640 [FXGL Background Thread 5 ] WARN  TilesetLoader        - Diagonally flipped tiles are not currently supported
18:58:36.640 [FXGL Background Thread 5 ] WARN  TilesetLoader        - Diagonally flipped tiles are not currently supported
18:58:36.643 [FXGL Background Thread 5 ] WARN  TilesetLoader        - Diagonally flipped tiles are not currently supported
18:58:36.643 [FXGL Background Thread 5 ] WARN  TilesetLoader        - Diagonally flipped tiles are not currently supported
18:58:36.644 [FXGL Background Thread 5 ] WARN  TilesetLoader        - Diagonally flipped tiles are not currently supported
18:58:36.644 [FXGL Background Thread 5 ] WARN  TilesetLoader        - Diagonally flipped tiles are not currently supported
18:58:36.644 [FXGL Background Thread 5 ] WARN  TilesetLoader        - Diagonally flipped tiles are not currently supported
18:58:36.644 [FXGL Background Thread 5 ] DEBUG TilesetLoader        - Loading view for layer road3
18:58:36.645 [FXGL Background Thread 5 ] DEBUG TilesetLoader        - Created buffer with size 1280.0x800.0
18:58:36.646 [FXGL Background Thread 5 ] WARN  TilesetLoader        - ../textures/ultimate_map 2.png cannot be loaded using mapURL=file:/E:/All%20About%20Dev/OOP/FXGL%20new%20Begining/final%20version/Tower%20Defender/Tower-Defender/target/classes/assets/levels/wall.tmx
java.lang.IllegalArgumentException: Illegal character in path at index 154: file:/E:/All%20About%20Dev/OOP/FXGL%20new%20Begining/final%20version/Tower%20Defender/Tower-Defender/target/classes/assets/levels/../textures/ultimate_map 2.png
	at java.base/java.net.URI.create(URI.java:932)
	at com.almasb.fxgl.entity.level.tiled.TilesetLoader.loadImage(TilesetLoader.kt:429)
	at com.almasb.fxgl.entity.level.tiled.TilesetLoader.loadView(TilesetLoader.kt:134)
	at com.almasb.fxgl.entity.level.tiled.TMXLevelLoader$createTileLayerEntities$1.invoke(TMXLevelLoader.kt:99)
	at com.almasb.fxgl.entity.level.tiled.TMXLevelLoader$createTileLayerEntities$1.invoke(TMXLevelLoader.kt:88)
	at com.almasb.fxgl.entity.level.tiled.TMXLevelLoader.createTileLayerEntities$lambda$3(TMXLevelLoader.kt:88)
	at java.base/java.util.stream.ReferencePipeline$3$1.accept(ReferencePipeline.java:197)
	at java.base/java.util.ArrayList$ArrayListSpliterator.forEachRemaining(ArrayList.java:1708)
	at java.base/java.util.stream.AbstractPipeline.copyInto(AbstractPipeline.java:509)
	at java.base/java.util.stream.AbstractPipeline.wrapAndCopyInto(AbstractPipeline.java:499)
	at java.base/java.util.stream.ReduceOps$ReduceOp.evaluateSequential(ReduceOps.java:921)
	at java.base/java.util.stream.AbstractPipeline.evaluate(AbstractPipeline.java:234)
	at java.base/java.util.stream.ReferencePipeline.collect(ReferencePipeline.java:682)
	at com.almasb.fxgl.entity.level.tiled.TMXLevelLoader.createTileLayerEntities(TMXLevelLoader.kt:116)
	at com.almasb.fxgl.entity.level.tiled.TMXLevelLoader.load(TMXLevelLoader.kt:58)
	at com.almasb.fxgl.app.services.FXGLAssetLoaderService.loadLevel(FXGLAssetLoaderService.kt:449)
	at com.almasb.fxgl.dsl.FXGL$Companion.setLevelFromMap(FXGL.kt:643)
	at com.almasb.fxgl.dsl.FXGL.setLevelFromMap(FXGL.kt)
	at org.saikat.Main.initGame(Main.java:145)
	at com.almasb.fxgl.app.FXGLApplication$InitAppTask.initGame(FXGLApplication.kt:343)
	at com.almasb.fxgl.app.FXGLApplication$InitAppTask.call(FXGLApplication.kt:321)
	at com.almasb.fxgl.app.FXGLApplication$InitAppTask.call(FXGLApplication.kt:313)
	at javafx.concurrent.Task$TaskCallable.call(Task.java:1399)
	at java.base/java.util.concurrent.FutureTask.run(FutureTask.java:317)
	at java.base/java.util.concurrent.Executors$RunnableAdapter.call(Executors.java:572)
	at java.base/java.util.concurrent.FutureTask.run(FutureTask.java:317)
	at java.base/java.util.concurrent.ThreadPoolExecutor.runWorker(ThreadPoolExecutor.java:1144)
	at java.base/java.util.concurrent.ThreadPoolExecutor$Worker.run(ThreadPoolExecutor.java:642)
	at java.base/java.lang.Thread.run(Thread.java:1583)
Caused by: java.net.URISyntaxException: Illegal character in path at index 154: file:/E:/All%20About%20Dev/OOP/FXGL%20new%20Begining/final%20version/Tower%20Defender/Tower-Defender/target/classes/assets/levels/../textures/ultimate_map 2.png
	at java.base/java.net.URI$Parser.fail(URI.java:2995)
	at java.base/java.net.URI$Parser.checkChars(URI.java:3166)
	at java.base/java.net.URI$Parser.parseHierarchical(URI.java:3248)
	at java.base/java.net.URI$Parser.parse(URI.java:3196)
	at java.base/java.net.URI.<init>(URI.java:645)
	at java.base/java.net.URI.create(URI.java:930)
	... 28 more

18:58:36.730 [FXGL Background Thread 5 ] DEBUG TilesetLoader        - Loading view for layer bg2
18:58:36.731 [FXGL Background Thread 5 ] DEBUG TilesetLoader        - Created buffer with size 1280.0x800.0
18:58:36.789 [FXGL Background Thread 5 ] DEBUG TilesetLoader        - Loading view for layer icons
18:58:36.790 [FXGL Background Thread 5 ] DEBUG TilesetLoader        - Created buffer with size 1280.0x800.0
18:58:36.797 [FXGL Background Thread 5 ] DEBUG TMXLevelLoader       - Creating object layer entities
18:58:36.801 [FXGL Background Thread 5 ] DEBUG GameWorld            - Clearing removable entities
18:58:36.801 [FXGL Background Thread 5 ] DEBUG GameWorld            - Setting level: com.almasb.fxgl.entity.level.Level@42065a68
18:58:36.802 [FXGL Background Thread 5 ] INFO  FXGLApplication      - Game initialization took: 0.243 sec
18:58:36.807 [JavaFX Application Thread] DEBUG Input                - Clearing active input actions
18:58:36.814 [JavaFX Application Thread] DEBUG GameApplicationServi - Removing overlay from FXGLLoadingScene and adding to GameScene
18:58:36.814 [JavaFX Application Thread] DEBUG PrimaryStageWindow   - FXGLLoadingScene -> GameScene
18:58:40.982 [JavaFX Application Thread] DEBUG LoopRunner           - Pausing loop
18:59:23.755 [JavaFX Application Thread] DEBUG FXGLApplication      - Exiting FXGL
18:59:23.767 [JavaFX Application Thread] DEBUG LoopRunner           - Stopping loop
18:59:23.769 [JavaFX Application Thread] DEBUG SystemBundleService  - Saving FXGL system data
18:59:23.830 [JavaFX Application Thread] DEBUG FileSystemAccess     - Writing to: E:\All About Dev\OOP\FXGL new Begining\final version\Tower Defender\Tower-Defender\system\fxgl.bundle
18:59:23.852 [JavaFX Application Thread] DEBUG Async                - Shutting down background threads
18:59:23.855 [JavaFX Application Thread] DEBUG PrimaryStageWindow   - Closing main window
18:59:23.932 [JavaFX Application Thread] DEBUG Logger               - Closing Logger
