22:59:44.264 [main                     ] DEBUG Logger               - Configured Logger
22:59:44.293 [main                     ] DEBUG GameApplication      - Logging settings
Title: 1945
Version: 0.1
Width: 1280
Height: 800
Fullscreen: true
Intro: false
Profiling: false
Single step:false
App Mode: DEVELOPER
Menu Key: ESCAPE
Stage Style: DECORATED
Scene Factory: class com.almasb.fxgl.app.scene.SceneFactory

22:59:44.800 [JavaFX Application Thread] DEBUG FXGLApplication      - Initializing FXGL
22:59:44.809 [JavaFX Application Thread] INFO  Engine               - FXGL-21.1 (27.03.2024 07.52) on WINDOWS (J:21.0.9 FX:21.0.1)
22:59:44.810 [JavaFX Application Thread] DEBUG Engine               - JRE Vendor Name: Oracle Corporation
22:59:44.810 [JavaFX Application Thread] DEBUG Engine               - Running on OS: Windows 11 version 10.0
22:59:44.811 [JavaFX Application Thread] DEBUG Engine               - Architecture: amd64
22:59:44.811 [JavaFX Application Thread] INFO  Engine               - Source code and latest versions at: https://github.com/AlmasB/FXGL
22:59:44.812 [JavaFX Application Thread] INFO  Engine               -       Ask questions and discuss at: https://github.com/AlmasB/FXGL/discussions
22:59:44.812 [JavaFX Application Thread] INFO  Engine               -              Join the FXGL chat at: https://gitter.im/AlmasB/FXGL
22:59:44.909 [JavaFX Application Thread] DEBUG PrimaryStageWindow   - Creating a JavaFX scene
22:59:44.955 [JavaFX Application Thread] DEBUG PrimaryStageWindow   - Target settings size: 1280.0 x 800.0
22:59:44.955 [JavaFX Application Thread] DEBUG PrimaryStageWindow   - Scaled scene size:    1280.0 x 800.0
22:59:44.955 [JavaFX Application Thread] DEBUG PrimaryStageWindow   - Scaled ratio: (1.0, 1.0)
22:59:44.957 [JavaFX Application Thread] DEBUG PrimaryStageWindow   - Set initial scene to FXGLStartupScene
22:59:44.960 [JavaFX Application Thread] DEBUG PrimaryStageWindow   - Opening main window
22:59:45.080 [JavaFX Application Thread] DEBUG PrimaryStageWindow   - Window border size: (14.4000244140625, 37.5999755859375)
22:59:45.081 [JavaFX Application Thread] DEBUG PrimaryStageWindow   - Scaled size: 1280.0 x 800.0
22:59:45.081 [JavaFX Application Thread] DEBUG PrimaryStageWindow   - Scaled ratio: (1.0, 1.0)
22:59:45.081 [JavaFX Application Thread] DEBUG PrimaryStageWindow   - Scene size: 1280.0 x 800.0
22:59:45.081 [JavaFX Application Thread] DEBUG PrimaryStageWindow   - Stage size: 1294.4000244140625 x 837.5999755859375
22:59:45.092 [FXGL Background Thread 1 ] DEBUG Engine               - Initializing environment variables
22:59:45.172 [FXGL Background Thread 1 ] DEBUG FXGLAssetLoaderServi - User app class for loading assets: class org.saikat.Main
22:59:45.174 [FXGL Background Thread 1 ] DEBUG GameApplicationServi - Applying CSS: fxgl_dark.css
22:59:45.175 [FXGL Background Thread 1 ] DEBUG FXGLAssetLoaderServi - Loading from file system: jar:file:/C:/Users/HP/.m2/repository/com/github/almasb/fxgl/21.1/fxgl-21.1.jar!/fxglassets/ui/css/fxgl_dark.css
22:59:45.226 [FXGL Background Thread 1 ] DEBUG GameApplicationServi - Initializing application scenes
22:59:45.281 [FXGL Background Thread 1 ] DEBUG GameWorld            - Game world initialized
22:59:45.376 [FXGL Background Thread 1 ] DEBUG PhysicsWorld         - Physics world initialized: appHeight=800, physics.ppm=50.0
22:59:45.376 [FXGL Background Thread 1 ] DEBUG PhysicsWorld         - Using strategy: BRUTE_FORCE
22:59:45.381 [FXGL Background Thread 1 ] DEBUG GameScene            - Game scene initialized: 1280x800
22:59:45.392 [FXGL Background Thread 1 ] DEBUG FXGL.DefaultMenu     - createMenuBodyGameMenu()
22:59:45.404 [FXGL Background Thread 1 ] DEBUG FXGL.DefaultMenu     - createOptionsMenu()
22:59:45.416 [FXGL Background Thread 1 ] DEBUG FXGLAssetLoaderServi - Loading from file system: jar:file:/C:/Users/HP/.m2/repository/com/github/almasb/fxgl/21.1/fxgl-21.1.jar!/fxglassets/textures/particles/smoke.png
22:59:45.520 [FXGL Background Thread 1 ] DEBUG FXGLAssetLoaderServi - Loading from file system: jar:file:/C:/Users/HP/.m2/repository/com/github/almasb/fxgl/21.1/fxgl-21.1.jar!/fxglassets/textures/particles/trace_horizontal.png
22:59:45.546 [FXGL Background Thread 1 ] DEBUG GameApplicationServi - Application scenes initialized
22:59:45.560 [FXGL Background Thread 1 ] DEBUG SystemBundleService  - Loading FXGL system data
22:59:45.565 [FXGL Background Thread 1 ] DEBUG FileSystemAccess     - Reading from: E:\All About Dev\OOP\FXGL new Begining\final version\Tower Defender\Tower-Defender\system\fxgl.bundle
22:59:45.575 [FXGL Background Thread 1 ] DEBUG SystemBundleService  - Bundle FXGL: {}
22:59:45.575 [FXGL Background Thread 1 ] DEBUG UpdaterService       - Checking for updates
22:59:45.583 [FXGL Background Thread 4 ] DEBUG FXGLApplication      - Loading fonts
22:59:45.584 [FXGL Background Thread 4 ] DEBUG FXGLAssetLoaderServi - Loading from file system: jar:file:/C:/Users/HP/.m2/repository/com/github/almasb/fxgl/21.1/fxgl-21.1.jar!/fxglassets/ui/fonts/VarelaRound-Regular.ttf
22:59:45.585 [FXGL Background Thread 1 ] DEBUG FXGLApplication      - Loading default localization
22:59:45.586 [FXGL Background Thread 1 ] DEBUG FXGLAssetLoaderServi - Loading from file system: jar:file:/C:/Users/HP/.m2/repository/com/github/almasb/fxgl/21.1/fxgl-21.1.jar!/fxglassets/languages/english.lang
22:59:45.636 [FXGL Background Thread 1 ] INFO  FXGLApplication      - FXGL initialization took: 0.543 sec
22:59:45.643 [FXGL Background Thread 4 ] DEBUG FXGLAssetLoaderServi - Loading from file system: jar:file:/C:/Users/HP/.m2/repository/com/github/almasb/fxgl/21.1/fxgl-21.1.jar!/fxglassets/ui/fonts/Abel-Regular.ttf
22:59:45.646 [JavaFX Application Thread] DEBUG Input                - Registered new binding: add tower - LMB
22:59:45.646 [JavaFX Application Thread] DEBUG FXGLAssetLoaderServi - Loading from file system: jar:file:/C:/Users/HP/.m2/repository/com/github/almasb/fxgl/21.1/fxgl-21.1.jar!/fxglassets/textures/fxgl_icon.png
22:59:45.649 [FXGL Background Thread 4 ] DEBUG FXGLAssetLoaderServi - Loading from file system: jar:file:/C:/Users/HP/.m2/repository/com/github/almasb/fxgl/21.1/fxgl-21.1.jar!/fxglassets/ui/fonts/TerminalLandMono-Regular.otf
22:59:45.655 [FXGL Background Thread 4 ] DEBUG FXGLAssetLoaderServi - Loading from file system: jar:file:/C:/Users/HP/.m2/repository/com/github/almasb/fxgl/21.1/fxgl-21.1.jar!/fxglassets/ui/fonts/Courier-Prime.ttf
22:59:45.672 [JavaFX Application Thread] DEBUG FXGLAssetLoaderServi - Loading from file system: jar:file:/C:/Users/HP/.m2/repository/com/github/almasb/fxgl/21.1/fxgl-21.1.jar!/fxglassets/textures/fxgl_default_cursor.png
22:59:45.684 [JavaFX Application Thread] DEBUG Input                - Registered new binding: Screenshot - CTRL+8
22:59:45.684 [JavaFX Application Thread] DEBUG Input                - Registered new binding: System info dump - CTRL+9
22:59:45.685 [JavaFX Application Thread] DEBUG Input                - Registered new binding: Restart - CTRL+R
22:59:45.686 [JavaFX Application Thread] DEBUG Input                - Registered new binding: Toggle Debug Camera - CTRL+7
22:59:45.689 [JavaFX Application Thread] DEBUG LoopRunner           - Starting loop
22:59:45.689 [JavaFX Application Thread] DEBUG LoopRunner           - Initializing JavaFX AnimationTimerLoop
22:59:45.691 [JavaFX Application Thread] DEBUG GameApplicationServi - Starting new game
22:59:45.692 [JavaFX Application Thread] DEBUG Input                - Clearing active input actions
22:59:45.705 [JavaFX Application Thread] DEBUG GameApplicationServi - Removing overlay from FXGLStartupScene and adding to FXGLLoadingScene
22:59:45.706 [JavaFX Application Thread] DEBUG PrimaryStageWindow   - FXGLStartupScene -> FXGLLoadingScene
22:59:45.706 [JavaFX Application Thread] DEBUG GameApplicationServi - Clearing previous game
22:59:45.706 [JavaFX Application Thread] DEBUG GameScene            - Clearing game scene
22:59:45.706 [JavaFX Application Thread] DEBUG GameWorld            - Clearing game world
22:59:45.706 [JavaFX Application Thread] DEBUG PhysicsWorld         - Clearing physics world
22:59:45.708 [FXGL Background Thread 4 ] DEBUG FXGLApplication      - Initializing game
22:59:45.708 [JavaFX Application Thread] DEBUG FXGLApplication      - Registering font factories with UI factory
22:59:45.819 [FXGL Background Thread 4 ] WARN  TMXLevelLoader       - TiledMap generated from 1.12.2. Supported version: 1.9.0. Some features may not be parsed fully.
22:59:45.853 [FXGL Background Thread 4 ] DEBUG TMXLevelLoader       - Parsed TiledMap: file:/E:/All%20About%20Dev/OOP/FXGL%20new%20Begining/final%20version/Tower%20Defender/Tower-Defender/target/classes/assets/levels/wall.tmx
22:59:45.856 [FXGL Background Thread 4 ] DEBUG TMXLevelLoader       - Creating tile layer entities
22:59:45.860 [FXGL Background Thread 4 ] DEBUG TilesetLoader        - Loading view for layer background
22:59:45.861 [FXGL Background Thread 4 ] DEBUG TilesetLoader        - Created buffer with size 1280.0x800.0
22:59:45.891 [FXGL Background Thread 4 ] DEBUG TilesetLoader        - Loading view for layer tower spot layer
22:59:45.893 [FXGL Background Thread 4 ] DEBUG TilesetLoader        - Created buffer with size 1280.0x800.0
22:59:45.902 [FXGL Background Thread 4 ] DEBUG TilesetLoader        - Loading view for layer icons
22:59:45.903 [FXGL Background Thread 4 ] DEBUG TilesetLoader        - Created buffer with size 1280.0x800.0
22:59:45.919 [FXGL Background Thread 4 ] DEBUG TilesetLoader        - Loading view for layer Road
22:59:45.920 [FXGL Background Thread 4 ] DEBUG TilesetLoader        - Created buffer with size 1280.0x800.0
22:59:45.927 [FXGL Background Thread 4 ] DEBUG TilesetLoader        - Loading view for layer Grass
22:59:45.930 [FXGL Background Thread 4 ] DEBUG TilesetLoader        - Created buffer with size 1280.0x800.0
22:59:45.974 [FXGL Background Thread 4 ] DEBUG TMXLevelLoader       - Creating object layer entities
22:59:46.007 [FXGL Background Thread 4 ] DEBUG GameWorld            - Clearing removable entities
22:59:46.007 [FXGL Background Thread 4 ] DEBUG GameWorld            - Setting level: com.almasb.fxgl.entity.level.Level@1c7815f
22:59:46.019 [FXGL Background Thread 4 ] INFO  FXGLApplication      - Game initialization took: 0.310 sec
22:59:46.035 [JavaFX Application Thread] DEBUG Input                - Clearing active input actions
22:59:46.044 [JavaFX Application Thread] DEBUG GameApplicationServi - Removing overlay from FXGLLoadingScene and adding to GameScene
22:59:46.045 [JavaFX Application Thread] DEBUG PrimaryStageWindow   - FXGLLoadingScene -> GameScene
22:59:46.996 [JavaFX Application Thread] DEBUG FXGLAssetLoaderServi - Loading from file system: file:/E:/All%20About%20Dev/OOP/FXGL%20new%20Begining/final%20version/Tower%20Defender/Tower-Defender/target/classes/assets/textures/bird.png
22:59:47.178 [FXGL Background Thread 2 ] INFO  UpdaterService       - Your current version:  21.1
22:59:47.179 [FXGL Background Thread 2 ] INFO  UpdaterService       - Latest stable version: 25
22:59:48.579 [FXGL Background Thread 3 ] DEBUG Engine               - Logging environment variables
22:59:48.581 [FXGL Background Thread 3 ] DEBUG Engine               - achievements: []
22:59:48.582 [FXGL Background Thread 3 ] DEBUG Engine               - actualHeight: 800.0
22:59:48.582 [FXGL Background Thread 3 ] DEBUG Engine               - actualHeightProperty: ReadOnlyDoubleProperty [value: 800.0]
22:59:48.582 [FXGL Background Thread 3 ] DEBUG Engine               - actualWidth: 1280.0
22:59:48.582 [FXGL Background Thread 3 ] DEBUG Engine               - actualWidthProperty: ReadOnlyDoubleProperty [value: 1280.0]
22:59:48.582 [FXGL Background Thread 3 ] DEBUG Engine               - appIcon: fxgl_icon.png
22:59:48.582 [FXGL Background Thread 3 ] DEBUG Engine               - applicationMode: DEVELOPER
22:59:48.583 [FXGL Background Thread 3 ] DEBUG Engine               - cSSList: [fxgl_dark.css]
22:59:48.583 [FXGL Background Thread 3 ] DEBUG Engine               - collisionDetectionStrategy: BRUTE_FORCE
22:59:48.583 [FXGL Background Thread 3 ] DEBUG Engine               - configClass: Optional.empty
22:59:48.583 [FXGL Background Thread 3 ] DEBUG Engine               - credits: []
22:59:48.584 [FXGL Background Thread 3 ] DEBUG Engine               - defaultCursor: CursorInfo(imageName=fxgl_default_cursor.png, hotspotX=7.0, hotspotY=6.0)
22:59:48.584 [FXGL Background Thread 3 ] DEBUG Engine               - devBBoxColorProperty: ObjectProperty [value: 0xff0000ff]
22:59:48.584 [FXGL Background Thread 3 ] DEBUG Engine               - devEnableDebugCameraProperty: BooleanProperty [value: false]
22:59:48.585 [FXGL Background Thread 3 ] DEBUG Engine               - devSensorColorProperty: ObjectProperty [value: 0xffff00ff]
22:59:48.585 [FXGL Background Thread 3 ] DEBUG Engine               - devShowBBoxProperty: BooleanProperty [value: false]
22:59:48.585 [FXGL Background Thread 3 ] DEBUG Engine               - devShowPositionProperty: BooleanProperty [value: false]
22:59:48.585 [FXGL Background Thread 3 ] DEBUG Engine               - enabledMenuItems: []
22:59:48.585 [FXGL Background Thread 3 ] DEBUG Engine               - engineServices: [class com.almasb.fxgl.app.services.FXGLAssetLoaderService, class com.almasb.fxgl.app.FXGLApplication$GameApplicationService, class com.almasb.fxgl.app.services.FXGLDialogService, class com.almasb.fxgl.app.services.IOTaskExecutorService, class com.almasb.fxgl.io.FileSystemService, class com.almasb.fxgl.localization.LocalizationService, class com.almasb.fxgl.app.services.SystemBundleService, class com.almasb.fxgl.profile.SaveLoadService, class com.almasb.fxgl.ui.FXGLUIFactoryServiceProvider, class com.almasb.fxgl.ui.FXGLDialogFactoryServiceProvider, class com.almasb.fxgl.audio.AudioPlayer, class com.almasb.fxgl.notification.impl.NotificationServiceProvider, class com.almasb.fxgl.achievement.AchievementService, class com.almasb.fxgl.cutscene.CutsceneService, class com.almasb.fxgl.minigames.MiniGameService, class com.almasb.fxgl.net.NetService, class com.almasb.fxgl.app.services.UpdaterService, class com.almasb.fxgl.dev.DevService]
22:59:48.585 [FXGL Background Thread 3 ] DEBUG Engine               - fontGame: Abel-Regular.ttf
22:59:48.585 [FXGL Background Thread 3 ] DEBUG Engine               - fontMono: TerminalLandMono-Regular.otf
22:59:48.585 [FXGL Background Thread 3 ] DEBUG Engine               - fontSizeScaleUI: 1.0
22:59:48.586 [FXGL Background Thread 3 ] DEBUG Engine               - fontText: Courier-Prime.ttf
22:59:48.586 [FXGL Background Thread 3 ] DEBUG Engine               - fontUI: VarelaRound-Regular.ttf
22:59:48.586 [FXGL Background Thread 3 ] DEBUG Engine               - fullScreen: BooleanProperty [value: false]
22:59:48.586 [FXGL Background Thread 3 ] DEBUG Engine               - gameDifficulty: MEDIUM
22:59:48.586 [FXGL Background Thread 3 ] DEBUG Engine               - gameDifficultyProperty: ObjectProperty [value: MEDIUM]
22:59:48.586 [FXGL Background Thread 3 ] DEBUG Engine               - globalMusicVolume: 0.5
22:59:48.586 [FXGL Background Thread 3 ] DEBUG Engine               - globalMusicVolumeProperty: DoubleProperty [value: 0.5]
22:59:48.587 [FXGL Background Thread 3 ] DEBUG Engine               - globalSoundVolume: 0.5
22:59:48.587 [FXGL Background Thread 3 ] DEBUG Engine               - globalSoundVolumeProperty: DoubleProperty [value: 0.5]
22:59:48.587 [FXGL Background Thread 3 ] DEBUG Engine               - height: 800
22:59:48.587 [FXGL Background Thread 3 ] DEBUG Engine               - is3D: false
22:59:48.587 [FXGL Background Thread 3 ] DEBUG Engine               - isAndroid: false
22:59:48.587 [FXGL Background Thread 3 ] DEBUG Engine               - isBrowser: false
22:59:48.587 [FXGL Background Thread 3 ] DEBUG Engine               - isClickFeedbackEnabled: false
22:59:48.587 [FXGL Background Thread 3 ] DEBUG Engine               - isCloseConfirmation: false
22:59:48.587 [FXGL Background Thread 3 ] DEBUG Engine               - isDesktop: true
22:59:48.587 [FXGL Background Thread 3 ] DEBUG Engine               - isDeveloperMenuEnabled: false
22:59:48.588 [FXGL Background Thread 3 ] DEBUG Engine               - isEmbedded: false
22:59:48.588 [FXGL Background Thread 3 ] DEBUG Engine               - isEntityPreloadEnabled: true
22:59:48.588 [FXGL Background Thread 3 ] DEBUG Engine               - isExperimentalTiledLargeMap: false
22:59:48.588 [FXGL Background Thread 3 ] DEBUG Engine               - isFileSystemWriteAllowed: true
22:59:48.588 [FXGL Background Thread 3 ] DEBUG Engine               - isFullScreenAllowed: true
22:59:48.588 [FXGL Background Thread 3 ] DEBUG Engine               - isFullScreenFromStart: false
22:59:48.588 [FXGL Background Thread 3 ] DEBUG Engine               - isGameMenuEnabled: true
22:59:48.588 [FXGL Background Thread 3 ] DEBUG Engine               - isIOS: false
22:59:48.588 [FXGL Background Thread 3 ] DEBUG Engine               - isIntroEnabled: false
22:59:48.588 [FXGL Background Thread 3 ] DEBUG Engine               - isLinux: false
22:59:48.588 [FXGL Background Thread 3 ] DEBUG Engine               - isMac: false
22:59:48.588 [FXGL Background Thread 3 ] DEBUG Engine               - isMainMenuEnabled: false
22:59:48.588 [FXGL Background Thread 3 ] DEBUG Engine               - isManualResizeEnabled: true
22:59:48.589 [FXGL Background Thread 3 ] DEBUG Engine               - isMobile: false
22:59:48.589 [FXGL Background Thread 3 ] DEBUG Engine               - isNative: false
22:59:48.589 [FXGL Background Thread 3 ] DEBUG Engine               - isPauseMusicWhenMinimized: true
22:59:48.589 [FXGL Background Thread 3 ] DEBUG Engine               - isPreserveResizeRatio: false
22:59:48.589 [FXGL Background Thread 3 ] DEBUG Engine               - isProfilingEnabled: false
22:59:48.589 [FXGL Background Thread 3 ] DEBUG Engine               - isScaleAffectedOnResize: true
22:59:48.589 [FXGL Background Thread 3 ] DEBUG Engine               - isSingleStep: false
22:59:48.589 [FXGL Background Thread 3 ] DEBUG Engine               - isUserProfileEnabled: false
22:59:48.589 [FXGL Background Thread 3 ] DEBUG Engine               - isWindows: true
22:59:48.589 [FXGL Background Thread 3 ] DEBUG Engine               - language: ObjectProperty [value: ENGLISH]
22:59:48.589 [FXGL Background Thread 3 ] DEBUG Engine               - menuKey: ESCAPE
22:59:48.589 [FXGL Background Thread 3 ] DEBUG Engine               - mouseSensitivity: 0.2
22:59:48.589 [FXGL Background Thread 3 ] DEBUG Engine               - notificationViewClass: class com.almasb.fxgl.notification.view.XboxNotificationView
22:59:48.589 [FXGL Background Thread 3 ] DEBUG Engine               - pixelsPerMeter: 50.0
22:59:48.590 [FXGL Background Thread 3 ] DEBUG Engine               - platform: WINDOWS
22:59:48.590 [FXGL Background Thread 3 ] DEBUG Engine               - prefHeightProperty: ReadOnlyDoubleProperty [value: 800.0]
22:59:48.590 [FXGL Background Thread 3 ] DEBUG Engine               - prefWidthProperty: ReadOnlyDoubleProperty [value: 1280.0]
22:59:48.590 [FXGL Background Thread 3 ] DEBUG Engine               - profileDir: profiles/
22:59:48.590 [FXGL Background Thread 3 ] DEBUG Engine               - profileName: StringProperty [value: DEFAULT]
22:59:48.590 [FXGL Background Thread 3 ] DEBUG Engine               - randomSeed: -1
22:59:48.590 [FXGL Background Thread 3 ] DEBUG Engine               - runtimeInfo: RuntimeInfo(platform=WINDOWS, version=21.1, build=27.03.2024 07.52)
22:59:48.591 [FXGL Background Thread 3 ] DEBUG Engine               - saveFileExt: sav
22:59:48.591 [FXGL Background Thread 3 ] DEBUG Engine               - scaledHeightProp$fxgl: DoubleProperty [bound, value: 800.0]
22:59:48.591 [FXGL Background Thread 3 ] DEBUG Engine               - scaledWidthProp$fxgl: DoubleProperty [bound, value: 1280.0]
22:59:48.591 [FXGL Background Thread 3 ] DEBUG Engine               - sceneFactory: com.almasb.fxgl.app.scene.SceneFactory@89510d8
22:59:48.591 [FXGL Background Thread 3 ] DEBUG Engine               - secondsIn24h: 60
22:59:48.591 [FXGL Background Thread 3 ] DEBUG Engine               - soundMenuBack: menu/back.wav
22:59:48.591 [FXGL Background Thread 3 ] DEBUG Engine               - soundMenuPress: menu/press.wav
22:59:48.591 [FXGL Background Thread 3 ] DEBUG Engine               - soundMenuSelect: menu/select.wav
22:59:48.591 [FXGL Background Thread 3 ] DEBUG Engine               - soundNotification: core/notification.wav
22:59:48.591 [FXGL Background Thread 3 ] DEBUG Engine               - stageStyle: DECORATED
22:59:48.591 [FXGL Background Thread 3 ] DEBUG Engine               - supportedLanguages: [ENGLISH, FRENCH, GERMAN, HUNGARIAN, RUSSIAN]
22:59:48.592 [FXGL Background Thread 3 ] DEBUG Engine               - ticksPerSecond: -1
22:59:48.592 [FXGL Background Thread 3 ] DEBUG Engine               - title: 1945
22:59:48.592 [FXGL Background Thread 3 ] DEBUG Engine               - urlGithub: https://github.com/AlmasB/FXGL
22:59:48.592 [FXGL Background Thread 3 ] DEBUG Engine               - urlLeaderboard: http://fxgl-top.herokuapp.com/
22:59:48.592 [FXGL Background Thread 3 ] DEBUG Engine               - urlPOM: https://raw.githubusercontent.com/AlmasB/FXGL/release/README.md
22:59:48.592 [FXGL Background Thread 3 ] DEBUG Engine               - userAppClass: class org.saikat.Main
22:59:48.592 [FXGL Background Thread 3 ] DEBUG Engine               - version: 0.1
22:59:48.592 [FXGL Background Thread 3 ] DEBUG Engine               - versionCheckDays: 7
22:59:48.592 [FXGL Background Thread 3 ] DEBUG Engine               - width: 1280
22:59:48.592 [FXGL Background Thread 3 ] DEBUG Engine               - Logging services
22:59:48.592 [FXGL Background Thread 3 ] DEBUG Engine               - class com.almasb.fxgl.app.services.FXGLAssetLoaderService
22:59:48.592 [FXGL Background Thread 3 ] DEBUG Engine               - class com.almasb.fxgl.app.FXGLApplication$GameApplicationService
22:59:48.592 [FXGL Background Thread 3 ] DEBUG Engine               - class com.almasb.fxgl.app.services.FXGLDialogService
22:59:48.592 [FXGL Background Thread 3 ] DEBUG Engine               - class com.almasb.fxgl.app.services.IOTaskExecutorService
22:59:48.592 [FXGL Background Thread 3 ] DEBUG Engine               - class com.almasb.fxgl.io.FileSystemService
22:59:48.592 [FXGL Background Thread 3 ] DEBUG Engine               - class com.almasb.fxgl.localization.LocalizationService
22:59:48.592 [FXGL Background Thread 3 ] DEBUG Engine               - class com.almasb.fxgl.app.services.SystemBundleService
22:59:48.593 [FXGL Background Thread 3 ] DEBUG Engine               - class com.almasb.fxgl.profile.SaveLoadService
22:59:48.593 [FXGL Background Thread 3 ] DEBUG Engine               - class com.almasb.fxgl.ui.FXGLUIFactoryServiceProvider
22:59:48.593 [FXGL Background Thread 3 ] DEBUG Engine               - class com.almasb.fxgl.ui.FXGLDialogFactoryServiceProvider
22:59:48.593 [FXGL Background Thread 3 ] DEBUG Engine               - class com.almasb.fxgl.audio.AudioPlayer
22:59:48.593 [FXGL Background Thread 3 ] DEBUG Engine               - class com.almasb.fxgl.notification.impl.NotificationServiceProvider
22:59:48.593 [FXGL Background Thread 3 ] DEBUG Engine               - class com.almasb.fxgl.achievement.AchievementService
22:59:48.593 [FXGL Background Thread 3 ] DEBUG Engine               - class com.almasb.fxgl.cutscene.CutsceneService
22:59:48.593 [FXGL Background Thread 3 ] DEBUG Engine               - class com.almasb.fxgl.minigames.MiniGameService
22:59:48.593 [FXGL Background Thread 3 ] DEBUG Engine               - class com.almasb.fxgl.net.NetService
22:59:48.593 [FXGL Background Thread 3 ] DEBUG Engine               - class com.almasb.fxgl.app.services.UpdaterService
22:59:48.593 [FXGL Background Thread 3 ] DEBUG Engine               - class com.almasb.fxgl.dev.DevService
23:00:24.830 [JavaFX Application Thread] DEBUG FXGLApplication      - Exiting FXGL
23:00:24.830 [JavaFX Application Thread] DEBUG LoopRunner           - Stopping loop
23:00:24.830 [JavaFX Application Thread] DEBUG SystemBundleService  - Saving FXGL system data
23:00:24.834 [JavaFX Application Thread] DEBUG FileSystemAccess     - Writing to: E:\All About Dev\OOP\FXGL new Begining\final version\Tower Defender\Tower-Defender\system\fxgl.bundle
23:00:24.837 [JavaFX Application Thread] DEBUG Async                - Shutting down background threads
23:00:24.838 [JavaFX Application Thread] DEBUG PrimaryStageWindow   - Closing main window
23:00:24.882 [JavaFX Application Thread] DEBUG Logger               - Closing Logger
