00:01:20.168 [main                     ] DEBUG Logger               - Configured Logger
00:01:20.196 [main                     ] DEBUG GameApplication      - Logging settings
Title: 1945
Version: 0.1
Width: 1280
Height: 800
Fullscreen: true
Intro: false
Profiling: false
Single step:false
App Mode: DEVELOPER
Menu Key: ESCAPE
Stage Style: DECORATED
Scene Factory: class com.almasb.fxgl.app.scene.SceneFactory

00:01:20.964 [JavaFX Application Thread] DEBUG FXGLApplication      - Initializing FXGL
00:01:20.967 [JavaFX Application Thread] INFO  Engine               - FXGL-21.1 (27.03.2024 07.52) on WINDOWS (J:21.0.9 FX:21.0.1)
00:01:20.968 [JavaFX Application Thread] DEBUG Engine               - JRE Vendor Name: Oracle Corporation
00:01:20.968 [JavaFX Application Thread] DEBUG Engine               - Running on OS: Windows 11 version 10.0
00:01:20.968 [JavaFX Application Thread] DEBUG Engine               - Architecture: amd64
00:01:20.968 [JavaFX Application Thread] INFO  Engine               - Source code and latest versions at: https://github.com/AlmasB/FXGL
00:01:20.968 [JavaFX Application Thread] INFO  Engine               -       Ask questions and discuss at: https://github.com/AlmasB/FXGL/discussions
00:01:20.968 [JavaFX Application Thread] INFO  Engine               -              Join the FXGL chat at: https://gitter.im/AlmasB/FXGL
00:01:21.110 [JavaFX Application Thread] DEBUG PrimaryStageWindow   - Creating a JavaFX scene
00:01:21.167 [JavaFX Application Thread] DEBUG PrimaryStageWindow   - Target settings size: 1280.0 x 800.0
00:01:21.168 [JavaFX Application Thread] DEBUG PrimaryStageWindow   - Scaled scene size:    1280.0 x 800.0
00:01:21.168 [JavaFX Application Thread] DEBUG PrimaryStageWindow   - Scaled ratio: (1.0, 1.0)
00:01:21.169 [JavaFX Application Thread] DEBUG PrimaryStageWindow   - Set initial scene to FXGLStartupScene
00:01:21.173 [JavaFX Application Thread] DEBUG PrimaryStageWindow   - Opening main window
00:01:21.358 [JavaFX Application Thread] DEBUG PrimaryStageWindow   - Window border size: (14.4000244140625, 37.5999755859375)
00:01:21.358 [JavaFX Application Thread] DEBUG PrimaryStageWindow   - Scaled size: 1280.0 x 800.0
00:01:21.359 [JavaFX Application Thread] DEBUG PrimaryStageWindow   - Scaled ratio: (1.0, 1.0)
00:01:21.359 [JavaFX Application Thread] DEBUG PrimaryStageWindow   - Scene size: 1280.0 x 800.0
00:01:21.360 [JavaFX Application Thread] DEBUG PrimaryStageWindow   - Stage size: 1294.4000244140625 x 837.5999755859375
00:01:21.377 [FXGL Background Thread 1 ] DEBUG Engine               - Initializing environment variables
00:01:21.478 [FXGL Background Thread 1 ] DEBUG FXGLAssetLoaderServi - User app class for loading assets: class org.saikat.Main
00:01:21.479 [FXGL Background Thread 1 ] DEBUG GameApplicationServi - Applying CSS: fxgl_dark.css
00:01:21.481 [FXGL Background Thread 1 ] DEBUG FXGLAssetLoaderServi - Loading from file system: jar:file:/C:/Users/HP/.m2/repository/com/github/almasb/fxgl/21.1/fxgl-21.1.jar!/fxglassets/ui/css/fxgl_dark.css
00:01:21.548 [FXGL Background Thread 1 ] DEBUG GameApplicationServi - Initializing application scenes
00:01:21.629 [FXGL Background Thread 1 ] DEBUG GameWorld            - Game world initialized
00:01:21.721 [FXGL Background Thread 1 ] DEBUG PhysicsWorld         - Physics world initialized: appHeight=800, physics.ppm=50.0
00:01:21.721 [FXGL Background Thread 1 ] DEBUG PhysicsWorld         - Using strategy: BRUTE_FORCE
00:01:21.725 [FXGL Background Thread 1 ] DEBUG GameScene            - Game scene initialized: 1280x800
00:01:21.738 [FXGL Background Thread 1 ] DEBUG FXGL.DefaultMenu     - createMenuBodyGameMenu()
00:01:21.752 [FXGL Background Thread 1 ] DEBUG FXGL.DefaultMenu     - createOptionsMenu()
00:01:21.761 [FXGL Background Thread 1 ] DEBUG FXGLAssetLoaderServi - Loading from file system: jar:file:/C:/Users/HP/.m2/repository/com/github/almasb/fxgl/21.1/fxgl-21.1.jar!/fxglassets/textures/particles/smoke.png
00:01:21.873 [FXGL Background Thread 1 ] DEBUG FXGLAssetLoaderServi - Loading from file system: jar:file:/C:/Users/HP/.m2/repository/com/github/almasb/fxgl/21.1/fxgl-21.1.jar!/fxglassets/textures/particles/trace_horizontal.png
00:01:21.904 [FXGL Background Thread 1 ] DEBUG GameApplicationServi - Application scenes initialized
00:01:21.920 [FXGL Background Thread 1 ] DEBUG SystemBundleService  - Loading FXGL system data
00:01:21.926 [FXGL Background Thread 1 ] DEBUG FileSystemAccess     - Reading from: E:\All About Dev\OOP\FXGL new Begining\final version\Tower Defender\Tower-Defender\system\fxgl.bundle
00:01:21.940 [FXGL Background Thread 1 ] DEBUG SystemBundleService  - Bundle FXGL: {}
00:01:21.940 [FXGL Background Thread 1 ] DEBUG UpdaterService       - Checking for updates
00:01:21.945 [FXGL Background Thread 4 ] DEBUG FXGLApplication      - Loading fonts
00:01:21.946 [FXGL Background Thread 4 ] DEBUG FXGLAssetLoaderServi - Loading from file system: jar:file:/C:/Users/HP/.m2/repository/com/github/almasb/fxgl/21.1/fxgl-21.1.jar!/fxglassets/ui/fonts/VarelaRound-Regular.ttf
00:01:21.947 [FXGL Background Thread 1 ] DEBUG FXGLApplication      - Loading default localization
00:01:21.948 [FXGL Background Thread 1 ] DEBUG FXGLAssetLoaderServi - Loading from file system: jar:file:/C:/Users/HP/.m2/repository/com/github/almasb/fxgl/21.1/fxgl-21.1.jar!/fxglassets/languages/english.lang
00:01:21.988 [FXGL Background Thread 1 ] INFO  FXGLApplication      - FXGL initialization took: 0.610 sec
00:01:21.993 [JavaFX Application Thread] DEBUG Input                - Registered new binding: add tower - LMB
00:01:21.993 [JavaFX Application Thread] DEBUG Input                - Registered new binding: remove tower - RMB
00:01:21.994 [JavaFX Application Thread] DEBUG FXGLAssetLoaderServi - Loading from file system: jar:file:/C:/Users/HP/.m2/repository/com/github/almasb/fxgl/21.1/fxgl-21.1.jar!/fxglassets/textures/fxgl_icon.png
00:01:22.014 [JavaFX Application Thread] DEBUG FXGLAssetLoaderServi - Loading from file system: jar:file:/C:/Users/HP/.m2/repository/com/github/almasb/fxgl/21.1/fxgl-21.1.jar!/fxglassets/textures/fxgl_default_cursor.png
00:01:22.024 [JavaFX Application Thread] DEBUG Input                - Registered new binding: Screenshot - CTRL+8
00:01:22.026 [JavaFX Application Thread] DEBUG Input                - Registered new binding: System info dump - CTRL+9
00:01:22.027 [JavaFX Application Thread] DEBUG Input                - Registered new binding: Restart - CTRL+R
00:01:22.028 [JavaFX Application Thread] DEBUG Input                - Registered new binding: Toggle Debug Camera - CTRL+7
00:01:22.032 [JavaFX Application Thread] DEBUG LoopRunner           - Starting loop
00:01:22.032 [JavaFX Application Thread] DEBUG LoopRunner           - Initializing JavaFX AnimationTimerLoop
00:01:22.034 [JavaFX Application Thread] DEBUG GameApplicationServi - Starting new game
00:01:22.034 [JavaFX Application Thread] DEBUG Input                - Clearing active input actions
00:01:22.046 [JavaFX Application Thread] DEBUG GameApplicationServi - Removing overlay from FXGLStartupScene and adding to FXGLLoadingScene
00:01:22.047 [JavaFX Application Thread] DEBUG PrimaryStageWindow   - FXGLStartupScene -> FXGLLoadingScene
00:01:22.047 [JavaFX Application Thread] DEBUG GameApplicationServi - Clearing previous game
00:01:22.047 [JavaFX Application Thread] DEBUG GameScene            - Clearing game scene
00:01:22.047 [JavaFX Application Thread] DEBUG GameWorld            - Clearing game world
00:01:22.047 [JavaFX Application Thread] DEBUG PhysicsWorld         - Clearing physics world
00:01:22.048 [FXGL Background Thread 1 ] DEBUG FXGLApplication      - Initializing game
00:01:22.136 [FXGL Background Thread 1 ] WARN  TMXLevelLoader       - TiledMap generated from 1.12.2. Supported version: 1.9.0. Some features may not be parsed fully.
00:01:22.177 [FXGL Background Thread 1 ] DEBUG TMXLevelLoader       - Parsed TiledMap: file:/E:/All%20About%20Dev/OOP/FXGL%20new%20Begining/final%20version/Tower%20Defender/Tower-Defender/target/classes/assets/levels/wall.tmx
00:01:22.179 [FXGL Background Thread 1 ] DEBUG TMXLevelLoader       - Creating tile layer entities
00:01:22.184 [FXGL Background Thread 1 ] DEBUG TilesetLoader        - Loading view for layer background
00:01:22.185 [FXGL Background Thread 1 ] DEBUG TilesetLoader        - Created buffer with size 1280.0x800.0
00:01:22.214 [FXGL Background Thread 1 ] DEBUG TilesetLoader        - Loading view for layer tower spot layer
00:01:22.216 [FXGL Background Thread 1 ] DEBUG TilesetLoader        - Created buffer with size 1280.0x800.0
00:01:22.224 [FXGL Background Thread 4 ] DEBUG FXGLAssetLoaderServi - Loading from file system: jar:file:/C:/Users/HP/.m2/repository/com/github/almasb/fxgl/21.1/fxgl-21.1.jar!/fxglassets/ui/fonts/Abel-Regular.ttf
00:01:22.228 [FXGL Background Thread 1 ] DEBUG TilesetLoader        - Loading view for layer icons
00:01:22.230 [FXGL Background Thread 1 ] DEBUG TilesetLoader        - Created buffer with size 1280.0x800.0
00:01:22.233 [FXGL Background Thread 4 ] DEBUG FXGLAssetLoaderServi - Loading from file system: jar:file:/C:/Users/HP/.m2/repository/com/github/almasb/fxgl/21.1/fxgl-21.1.jar!/fxglassets/ui/fonts/TerminalLandMono-Regular.otf
00:01:22.242 [FXGL Background Thread 4 ] DEBUG FXGLAssetLoaderServi - Loading from file system: jar:file:/C:/Users/HP/.m2/repository/com/github/almasb/fxgl/21.1/fxgl-21.1.jar!/fxglassets/ui/fonts/Courier-Prime.ttf
00:01:22.248 [FXGL Background Thread 1 ] DEBUG TilesetLoader        - Loading view for layer Road
00:01:22.252 [FXGL Background Thread 1 ] DEBUG TilesetLoader        - Created buffer with size 1280.0x800.0
00:01:22.257 [JavaFX Application Thread] DEBUG FXGLApplication      - Registering font factories with UI factory
00:01:22.259 [FXGL Background Thread 1 ] DEBUG TilesetLoader        - Loading view for layer grass
00:01:22.261 [FXGL Background Thread 1 ] DEBUG TilesetLoader        - Created buffer with size 1280.0x800.0
00:01:22.261 [FXGL Background Thread 1 ] DEBUG TMXLevelLoader       - Creating object layer entities
00:01:22.299 [FXGL Background Thread 1 ] DEBUG GameWorld            - Clearing removable entities
00:01:22.300 [FXGL Background Thread 1 ] DEBUG GameWorld            - Setting level: com.almasb.fxgl.entity.level.Level@4b103233
00:01:22.314 [FXGL Background Thread 1 ] INFO  FXGLApplication      - Game initialization took: 0.265 sec
00:01:22.331 [JavaFX Application Thread] DEBUG Input                - Clearing active input actions
00:01:22.341 [JavaFX Application Thread] DEBUG GameApplicationServi - Removing overlay from FXGLLoadingScene and adding to GameScene
00:01:22.342 [JavaFX Application Thread] DEBUG PrimaryStageWindow   - FXGLLoadingScene -> GameScene
00:01:23.321 [JavaFX Application Thread] DEBUG FXGLAssetLoaderServi - Loading from file system: file:/E:/All%20About%20Dev/OOP/FXGL%20new%20Begining/final%20version/Tower%20Defender/Tower-Defender/target/classes/assets/textures/wolf.png
00:01:23.336 [JavaFX Application Thread] DEBUG FXGLAssetLoaderServi - Loading from file system: file:/E:/All%20About%20Dev/OOP/FXGL%20new%20Begining/final%20version/Tower%20Defender/Tower-Defender/target/classes/assets/textures/bird.png
00:01:23.701 [FXGL Background Thread 2 ] INFO  UpdaterService       - Your current version:  21.1
00:01:23.702 [FXGL Background Thread 2 ] INFO  UpdaterService       - Latest stable version: 25
00:01:24.944 [FXGL Background Thread 3 ] DEBUG Engine               - Logging environment variables
00:01:24.945 [FXGL Background Thread 3 ] DEBUG Engine               - achievements: []
00:01:24.945 [FXGL Background Thread 3 ] DEBUG Engine               - actualHeight: 800.0
00:01:24.945 [FXGL Background Thread 3 ] DEBUG Engine               - actualHeightProperty: ReadOnlyDoubleProperty [value: 800.0]
00:01:24.946 [FXGL Background Thread 3 ] DEBUG Engine               - actualWidth: 1280.0
00:01:24.946 [FXGL Background Thread 3 ] DEBUG Engine               - actualWidthProperty: ReadOnlyDoubleProperty [value: 1280.0]
00:01:24.946 [FXGL Background Thread 3 ] DEBUG Engine               - appIcon: fxgl_icon.png
00:01:24.946 [FXGL Background Thread 3 ] DEBUG Engine               - applicationMode: DEVELOPER
00:01:24.946 [FXGL Background Thread 3 ] DEBUG Engine               - cSSList: [fxgl_dark.css]
00:01:24.946 [FXGL Background Thread 3 ] DEBUG Engine               - collisionDetectionStrategy: BRUTE_FORCE
00:01:24.946 [FXGL Background Thread 3 ] DEBUG Engine               - configClass: Optional.empty
00:01:24.946 [FXGL Background Thread 3 ] DEBUG Engine               - credits: []
00:01:24.947 [FXGL Background Thread 3 ] DEBUG Engine               - defaultCursor: CursorInfo(imageName=fxgl_default_cursor.png, hotspotX=7.0, hotspotY=6.0)
00:01:24.947 [FXGL Background Thread 3 ] DEBUG Engine               - devBBoxColorProperty: ObjectProperty [value: 0xff0000ff]
00:01:24.947 [FXGL Background Thread 3 ] DEBUG Engine               - devEnableDebugCameraProperty: BooleanProperty [value: false]
00:01:24.947 [FXGL Background Thread 3 ] DEBUG Engine               - devSensorColorProperty: ObjectProperty [value: 0xffff00ff]
00:01:24.947 [FXGL Background Thread 3 ] DEBUG Engine               - devShowBBoxProperty: BooleanProperty [value: false]
00:01:24.947 [FXGL Background Thread 3 ] DEBUG Engine               - devShowPositionProperty: BooleanProperty [value: false]
00:01:24.947 [FXGL Background Thread 3 ] DEBUG Engine               - enabledMenuItems: []
00:01:24.947 [FXGL Background Thread 3 ] DEBUG Engine               - engineServices: [class com.almasb.fxgl.app.services.FXGLAssetLoaderService, class com.almasb.fxgl.app.FXGLApplication$GameApplicationService, class com.almasb.fxgl.app.services.FXGLDialogService, class com.almasb.fxgl.app.services.IOTaskExecutorService, class com.almasb.fxgl.io.FileSystemService, class com.almasb.fxgl.localization.LocalizationService, class com.almasb.fxgl.app.services.SystemBundleService, class com.almasb.fxgl.profile.SaveLoadService, class com.almasb.fxgl.ui.FXGLUIFactoryServiceProvider, class com.almasb.fxgl.ui.FXGLDialogFactoryServiceProvider, class com.almasb.fxgl.audio.AudioPlayer, class com.almasb.fxgl.notification.impl.NotificationServiceProvider, class com.almasb.fxgl.achievement.AchievementService, class com.almasb.fxgl.cutscene.CutsceneService, class com.almasb.fxgl.minigames.MiniGameService, class com.almasb.fxgl.net.NetService, class com.almasb.fxgl.app.services.UpdaterService, class com.almasb.fxgl.dev.DevService]
00:01:24.948 [FXGL Background Thread 3 ] DEBUG Engine               - fontGame: Abel-Regular.ttf
00:01:24.948 [FXGL Background Thread 3 ] DEBUG Engine               - fontMono: TerminalLandMono-Regular.otf
00:01:24.948 [FXGL Background Thread 3 ] DEBUG Engine               - fontSizeScaleUI: 1.0
00:01:24.948 [FXGL Background Thread 3 ] DEBUG Engine               - fontText: Courier-Prime.ttf
00:01:24.948 [FXGL Background Thread 3 ] DEBUG Engine               - fontUI: VarelaRound-Regular.ttf
00:01:24.949 [FXGL Background Thread 3 ] DEBUG Engine               - fullScreen: BooleanProperty [value: false]
00:01:24.949 [FXGL Background Thread 3 ] DEBUG Engine               - gameDifficulty: MEDIUM
00:01:24.949 [FXGL Background Thread 3 ] DEBUG Engine               - gameDifficultyProperty: ObjectProperty [value: MEDIUM]
00:01:24.949 [FXGL Background Thread 3 ] DEBUG Engine               - globalMusicVolume: 0.5
00:01:24.949 [FXGL Background Thread 3 ] DEBUG Engine               - globalMusicVolumeProperty: DoubleProperty [value: 0.5]
00:01:24.949 [FXGL Background Thread 3 ] DEBUG Engine               - globalSoundVolume: 0.5
00:01:24.949 [FXGL Background Thread 3 ] DEBUG Engine               - globalSoundVolumeProperty: DoubleProperty [value: 0.5]
00:01:24.949 [FXGL Background Thread 3 ] DEBUG Engine               - height: 800
00:01:24.950 [FXGL Background Thread 3 ] DEBUG Engine               - is3D: false
00:01:24.950 [FXGL Background Thread 3 ] DEBUG Engine               - isAndroid: false
00:01:24.950 [FXGL Background Thread 3 ] DEBUG Engine               - isBrowser: false
00:01:24.950 [FXGL Background Thread 3 ] DEBUG Engine               - isClickFeedbackEnabled: false
00:01:24.950 [FXGL Background Thread 3 ] DEBUG Engine               - isCloseConfirmation: false
00:01:24.950 [FXGL Background Thread 3 ] DEBUG Engine               - isDesktop: true
00:01:24.950 [FXGL Background Thread 3 ] DEBUG Engine               - isDeveloperMenuEnabled: false
00:01:24.950 [FXGL Background Thread 3 ] DEBUG Engine               - isEmbedded: false
00:01:24.951 [FXGL Background Thread 3 ] DEBUG Engine               - isEntityPreloadEnabled: true
00:01:24.952 [FXGL Background Thread 3 ] DEBUG Engine               - isExperimentalTiledLargeMap: false
00:01:24.952 [FXGL Background Thread 3 ] DEBUG Engine               - isFileSystemWriteAllowed: true
00:01:24.952 [FXGL Background Thread 3 ] DEBUG Engine               - isFullScreenAllowed: true
00:01:24.952 [FXGL Background Thread 3 ] DEBUG Engine               - isFullScreenFromStart: false
00:01:24.952 [FXGL Background Thread 3 ] DEBUG Engine               - isGameMenuEnabled: true
00:01:24.952 [FXGL Background Thread 3 ] DEBUG Engine               - isIOS: false
00:01:24.953 [FXGL Background Thread 3 ] DEBUG Engine               - isIntroEnabled: false
00:01:24.953 [FXGL Background Thread 3 ] DEBUG Engine               - isLinux: false
00:01:24.953 [FXGL Background Thread 3 ] DEBUG Engine               - isMac: false
00:01:24.953 [FXGL Background Thread 3 ] DEBUG Engine               - isMainMenuEnabled: false
00:01:24.953 [FXGL Background Thread 3 ] DEBUG Engine               - isManualResizeEnabled: true
00:01:24.953 [FXGL Background Thread 3 ] DEBUG Engine               - isMobile: false
00:01:24.953 [FXGL Background Thread 3 ] DEBUG Engine               - isNative: false
00:01:24.953 [FXGL Background Thread 3 ] DEBUG Engine               - isPauseMusicWhenMinimized: true
00:01:24.953 [FXGL Background Thread 3 ] DEBUG Engine               - isPreserveResizeRatio: false
00:01:24.953 [FXGL Background Thread 3 ] DEBUG Engine               - isProfilingEnabled: false
00:01:24.953 [FXGL Background Thread 3 ] DEBUG Engine               - isScaleAffectedOnResize: true
00:01:24.953 [FXGL Background Thread 3 ] DEBUG Engine               - isSingleStep: false
00:01:24.954 [FXGL Background Thread 3 ] DEBUG Engine               - isUserProfileEnabled: false
00:01:24.954 [FXGL Background Thread 3 ] DEBUG Engine               - isWindows: true
00:01:24.954 [FXGL Background Thread 3 ] DEBUG Engine               - language: ObjectProperty [value: ENGLISH]
00:01:24.954 [FXGL Background Thread 3 ] DEBUG Engine               - menuKey: ESCAPE
00:01:24.954 [FXGL Background Thread 3 ] DEBUG Engine               - mouseSensitivity: 0.2
00:01:24.954 [FXGL Background Thread 3 ] DEBUG Engine               - notificationViewClass: class com.almasb.fxgl.notification.view.XboxNotificationView
00:01:24.954 [FXGL Background Thread 3 ] DEBUG Engine               - pixelsPerMeter: 50.0
00:01:24.954 [FXGL Background Thread 3 ] DEBUG Engine               - platform: WINDOWS
00:01:24.954 [FXGL Background Thread 3 ] DEBUG Engine               - prefHeightProperty: ReadOnlyDoubleProperty [value: 800.0]
00:01:24.954 [FXGL Background Thread 3 ] DEBUG Engine               - prefWidthProperty: ReadOnlyDoubleProperty [value: 1280.0]
00:01:24.954 [FXGL Background Thread 3 ] DEBUG Engine               - profileDir: profiles/
00:01:24.955 [FXGL Background Thread 3 ] DEBUG Engine               - profileName: StringProperty [value: DEFAULT]
00:01:24.955 [FXGL Background Thread 3 ] DEBUG Engine               - randomSeed: -1
00:01:24.955 [FXGL Background Thread 3 ] DEBUG Engine               - runtimeInfo: RuntimeInfo(platform=WINDOWS, version=21.1, build=27.03.2024 07.52)
00:01:24.955 [FXGL Background Thread 3 ] DEBUG Engine               - saveFileExt: sav
00:01:24.955 [FXGL Background Thread 3 ] DEBUG Engine               - scaledHeightProp$fxgl: DoubleProperty [bound, value: 800.0]
00:01:24.955 [FXGL Background Thread 3 ] DEBUG Engine               - scaledWidthProp$fxgl: DoubleProperty [bound, value: 1280.0]
00:01:24.955 [FXGL Background Thread 3 ] DEBUG Engine               - sceneFactory: com.almasb.fxgl.app.scene.SceneFactory@262e3cbb
00:01:24.955 [FXGL Background Thread 3 ] DEBUG Engine               - secondsIn24h: 60
00:01:24.955 [FXGL Background Thread 3 ] DEBUG Engine               - soundMenuBack: menu/back.wav
00:01:24.956 [FXGL Background Thread 3 ] DEBUG Engine               - soundMenuPress: menu/press.wav
00:01:24.956 [FXGL Background Thread 3 ] DEBUG Engine               - soundMenuSelect: menu/select.wav
00:01:24.956 [FXGL Background Thread 3 ] DEBUG Engine               - soundNotification: core/notification.wav
00:01:24.956 [FXGL Background Thread 3 ] DEBUG Engine               - stageStyle: DECORATED
00:01:24.956 [FXGL Background Thread 3 ] DEBUG Engine               - supportedLanguages: [ENGLISH, FRENCH, GERMAN, HUNGARIAN, RUSSIAN]
00:01:24.956 [FXGL Background Thread 3 ] DEBUG Engine               - ticksPerSecond: -1
00:01:24.956 [FXGL Background Thread 3 ] DEBUG Engine               - title: 1945
00:01:24.956 [FXGL Background Thread 3 ] DEBUG Engine               - urlGithub: https://github.com/AlmasB/FXGL
00:01:24.956 [FXGL Background Thread 3 ] DEBUG Engine               - urlLeaderboard: http://fxgl-top.herokuapp.com/
00:01:24.956 [FXGL Background Thread 3 ] DEBUG Engine               - urlPOM: https://raw.githubusercontent.com/AlmasB/FXGL/release/README.md
00:01:24.956 [FXGL Background Thread 3 ] DEBUG Engine               - userAppClass: class org.saikat.Main
00:01:24.956 [FXGL Background Thread 3 ] DEBUG Engine               - version: 0.1
00:01:24.956 [FXGL Background Thread 3 ] DEBUG Engine               - versionCheckDays: 7
00:01:24.956 [FXGL Background Thread 3 ] DEBUG Engine               - width: 1280
00:01:24.956 [FXGL Background Thread 3 ] DEBUG Engine               - Logging services
00:01:24.956 [FXGL Background Thread 3 ] DEBUG Engine               - class com.almasb.fxgl.app.services.FXGLAssetLoaderService
00:01:24.956 [FXGL Background Thread 3 ] DEBUG Engine               - class com.almasb.fxgl.app.FXGLApplication$GameApplicationService
00:01:24.956 [FXGL Background Thread 3 ] DEBUG Engine               - class com.almasb.fxgl.app.services.FXGLDialogService
00:01:24.956 [FXGL Background Thread 3 ] DEBUG Engine               - class com.almasb.fxgl.app.services.IOTaskExecutorService
00:01:24.956 [FXGL Background Thread 3 ] DEBUG Engine               - class com.almasb.fxgl.io.FileSystemService
00:01:24.956 [FXGL Background Thread 3 ] DEBUG Engine               - class com.almasb.fxgl.localization.LocalizationService
00:01:24.956 [FXGL Background Thread 3 ] DEBUG Engine               - class com.almasb.fxgl.app.services.SystemBundleService
00:01:24.956 [FXGL Background Thread 3 ] DEBUG Engine               - class com.almasb.fxgl.profile.SaveLoadService
00:01:24.956 [FXGL Background Thread 3 ] DEBUG Engine               - class com.almasb.fxgl.ui.FXGLUIFactoryServiceProvider
00:01:24.956 [FXGL Background Thread 3 ] DEBUG Engine               - class com.almasb.fxgl.ui.FXGLDialogFactoryServiceProvider
00:01:24.957 [FXGL Background Thread 3 ] DEBUG Engine               - class com.almasb.fxgl.audio.AudioPlayer
00:01:24.957 [FXGL Background Thread 3 ] DEBUG Engine               - class com.almasb.fxgl.notification.impl.NotificationServiceProvider
00:01:24.957 [FXGL Background Thread 3 ] DEBUG Engine               - class com.almasb.fxgl.achievement.AchievementService
00:01:24.957 [FXGL Background Thread 3 ] DEBUG Engine               - class com.almasb.fxgl.cutscene.CutsceneService
00:01:24.957 [FXGL Background Thread 3 ] DEBUG Engine               - class com.almasb.fxgl.minigames.MiniGameService
00:01:24.957 [FXGL Background Thread 3 ] DEBUG Engine               - class com.almasb.fxgl.net.NetService
00:01:24.957 [FXGL Background Thread 3 ] DEBUG Engine               - class com.almasb.fxgl.app.services.UpdaterService
00:01:24.957 [FXGL Background Thread 3 ] DEBUG Engine               - class com.almasb.fxgl.dev.DevService
00:05:28.399 [JavaFX Application Thread] DEBUG FXGLAssetLoaderServi - Loading from file system: file:/E:/All%20About%20Dev/OOP/FXGL%20new%20Begining/final%20version/Tower%20Defender/Tower-Defender/target/classes/assets/textures/tank_enemy.png
00:05:28.415 [JavaFX Application Thread] DEBUG FXGLAssetLoaderServi - Loading from file system: file:/E:/All%20About%20Dev/OOP/FXGL%20new%20Begining/final%20version/Tower%20Defender/Tower-Defender/target/classes/assets/textures/tank_bullet.png
00:05:29.127 [JavaFX Application Thread] DEBUG FXGLAssetLoaderServi - Loading from file system: file:/E:/All%20About%20Dev/OOP/FXGL%20new%20Begining/final%20version/Tower%20Defender/Tower-Defender/target/classes/assets/textures/explosion2.png
00:05:47.086 [JavaFX Application Thread] DEBUG LoopRunner           - Pausing loop
00:07:05.322 [JavaFX Application Thread] DEBUG LoopRunner           - Resuming loop
00:07:07.466 [JavaFX Application Thread] DEBUG FXGLApplication      - Exiting FXGL
00:07:07.466 [JavaFX Application Thread] DEBUG LoopRunner           - Stopping loop
00:07:07.470 [JavaFX Application Thread] DEBUG SystemBundleService  - Saving FXGL system data
00:07:07.524 [JavaFX Application Thread] DEBUG FileSystemAccess     - Writing to: E:\All About Dev\OOP\FXGL new Begining\final version\Tower Defender\Tower-Defender\system\fxgl.bundle
00:07:07.552 [JavaFX Application Thread] DEBUG Async                - Shutting down background threads
00:07:07.557 [JavaFX Application Thread] DEBUG PrimaryStageWindow   - Closing main window
00:07:07.634 [JavaFX Application Thread] DEBUG Logger               - Closing Logger
