00:33:53.843 [main                     ] DEBUG Logger               - Configured Logger
00:33:53.876 [main                     ] DEBUG GameApplication      - Logging settings
Title: 1945
Version: 0.1
Width: 1280
Height: 800
Fullscreen: true
Intro: false
Profiling: false
Single step:false
App Mode: DEVELOPER
Menu Key: ESCAPE
Stage Style: DECORATED
Scene Factory: class com.almasb.fxgl.app.scene.SceneFactory

00:33:54.710 [JavaFX Application Thread] DEBUG FXGLApplication      - Initializing FXGL
00:33:54.714 [JavaFX Application Thread] INFO  Engine               - FXGL-21.1 (27.03.2024 07.52) on WINDOWS (J:21.0.9 FX:21.0.1)
00:33:54.715 [JavaFX Application Thread] DEBUG Engine               - JRE Vendor Name: Oracle Corporation
00:33:54.715 [JavaFX Application Thread] DEBUG Engine               - Running on OS: Windows 11 version 10.0
00:33:54.715 [JavaFX Application Thread] DEBUG Engine               - Architecture: amd64
00:33:54.715 [JavaFX Application Thread] INFO  Engine               - Source code and latest versions at: https://github.com/AlmasB/FXGL
00:33:54.715 [JavaFX Application Thread] INFO  Engine               -       Ask questions and discuss at: https://github.com/AlmasB/FXGL/discussions
00:33:54.715 [JavaFX Application Thread] INFO  Engine               -              Join the FXGL chat at: https://gitter.im/AlmasB/FXGL
00:33:54.873 [JavaFX Application Thread] DEBUG PrimaryStageWindow   - Creating a JavaFX scene
00:33:54.942 [JavaFX Application Thread] DEBUG PrimaryStageWindow   - Target settings size: 1280.0 x 800.0
00:33:54.943 [JavaFX Application Thread] DEBUG PrimaryStageWindow   - Scaled scene size:    1280.0 x 800.0
00:33:54.943 [JavaFX Application Thread] DEBUG PrimaryStageWindow   - Scaled ratio: (1.0, 1.0)
00:33:54.945 [JavaFX Application Thread] DEBUG PrimaryStageWindow   - Set initial scene to FXGLStartupScene
00:33:54.950 [JavaFX Application Thread] DEBUG PrimaryStageWindow   - Opening main window
00:33:55.111 [JavaFX Application Thread] DEBUG PrimaryStageWindow   - Window border size: (14.4000244140625, 37.5999755859375)
00:33:55.112 [JavaFX Application Thread] DEBUG PrimaryStageWindow   - Scaled size: 1280.0 x 800.0
00:33:55.112 [JavaFX Application Thread] DEBUG PrimaryStageWindow   - Scaled ratio: (1.0, 1.0)
00:33:55.112 [JavaFX Application Thread] DEBUG PrimaryStageWindow   - Scene size: 1280.0 x 800.0
00:33:55.113 [JavaFX Application Thread] DEBUG PrimaryStageWindow   - Stage size: 1294.4000244140625 x 837.5999755859375
00:33:55.128 [FXGL Background Thread 1 ] DEBUG Engine               - Initializing environment variables
00:33:55.220 [FXGL Background Thread 1 ] DEBUG FXGLAssetLoaderServi - User app class for loading assets: class org.saikat.Main
00:33:55.220 [FXGL Background Thread 1 ] DEBUG GameApplicationServi - Applying CSS: fxgl_dark.css
00:33:55.221 [FXGL Background Thread 1 ] DEBUG FXGLAssetLoaderServi - Loading from file system: jar:file:/C:/Users/HP/.m2/repository/com/github/almasb/fxgl/21.1/fxgl-21.1.jar!/fxglassets/ui/css/fxgl_dark.css
00:33:55.289 [FXGL Background Thread 1 ] DEBUG GameApplicationServi - Initializing application scenes
00:33:55.359 [FXGL Background Thread 1 ] DEBUG GameWorld            - Game world initialized
00:33:55.443 [FXGL Background Thread 1 ] DEBUG PhysicsWorld         - Physics world initialized: appHeight=800, physics.ppm=50.0
00:33:55.443 [FXGL Background Thread 1 ] DEBUG PhysicsWorld         - Using strategy: BRUTE_FORCE
00:33:55.447 [FXGL Background Thread 1 ] DEBUG GameScene            - Game scene initialized: 1280x800
00:33:55.462 [FXGL Background Thread 1 ] DEBUG FXGL.DefaultMenu     - createMenuBodyGameMenu()
00:33:55.485 [FXGL Background Thread 1 ] DEBUG FXGL.DefaultMenu     - createOptionsMenu()
00:33:55.495 [FXGL Background Thread 1 ] DEBUG FXGLAssetLoaderServi - Loading from file system: jar:file:/C:/Users/HP/.m2/repository/com/github/almasb/fxgl/21.1/fxgl-21.1.jar!/fxglassets/textures/particles/smoke.png
00:33:55.623 [FXGL Background Thread 1 ] DEBUG FXGLAssetLoaderServi - Loading from file system: jar:file:/C:/Users/HP/.m2/repository/com/github/almasb/fxgl/21.1/fxgl-21.1.jar!/fxglassets/textures/particles/trace_horizontal.png
00:33:55.659 [FXGL Background Thread 1 ] DEBUG GameApplicationServi - Application scenes initialized
00:33:55.683 [FXGL Background Thread 1 ] DEBUG SystemBundleService  - Loading FXGL system data
00:33:55.689 [FXGL Background Thread 1 ] DEBUG FileSystemAccess     - Reading from: E:\All About Dev\OOP\FXGL new Begining\final version\Tower Defender\Tower-Defender\system\fxgl.bundle
00:33:55.704 [FXGL Background Thread 1 ] DEBUG SystemBundleService  - Bundle FXGL: {}
00:33:55.704 [FXGL Background Thread 1 ] DEBUG UpdaterService       - Checking for updates
00:33:55.711 [FXGL Background Thread 4 ] DEBUG FXGLApplication      - Loading fonts
00:33:55.712 [FXGL Background Thread 4 ] DEBUG FXGLAssetLoaderServi - Loading from file system: jar:file:/C:/Users/HP/.m2/repository/com/github/almasb/fxgl/21.1/fxgl-21.1.jar!/fxglassets/ui/fonts/VarelaRound-Regular.ttf
00:33:55.712 [FXGL Background Thread 1 ] DEBUG FXGLApplication      - Loading default localization
00:33:55.713 [FXGL Background Thread 1 ] DEBUG FXGLAssetLoaderServi - Loading from file system: jar:file:/C:/Users/HP/.m2/repository/com/github/almasb/fxgl/21.1/fxgl-21.1.jar!/fxglassets/languages/english.lang
00:33:55.745 [FXGL Background Thread 1 ] INFO  FXGLApplication      - FXGL initialization took: 0.617 sec
00:33:55.752 [JavaFX Application Thread] DEBUG Input                - Registered new binding: add tower - LMB
00:33:55.753 [JavaFX Application Thread] DEBUG Input                - Registered new binding: remove tower - RMB
00:33:55.753 [JavaFX Application Thread] DEBUG FXGLAssetLoaderServi - Loading from file system: jar:file:/C:/Users/HP/.m2/repository/com/github/almasb/fxgl/21.1/fxgl-21.1.jar!/fxglassets/textures/fxgl_icon.png
00:33:55.774 [JavaFX Application Thread] DEBUG FXGLAssetLoaderServi - Loading from file system: jar:file:/C:/Users/HP/.m2/repository/com/github/almasb/fxgl/21.1/fxgl-21.1.jar!/fxglassets/textures/fxgl_default_cursor.png
00:33:55.785 [JavaFX Application Thread] DEBUG Input                - Registered new binding: Screenshot - CTRL+8
00:33:55.786 [JavaFX Application Thread] DEBUG Input                - Registered new binding: System info dump - CTRL+9
00:33:55.786 [JavaFX Application Thread] DEBUG Input                - Registered new binding: Restart - CTRL+R
00:33:55.788 [JavaFX Application Thread] DEBUG Input                - Registered new binding: Toggle Debug Camera - CTRL+7
00:33:55.792 [JavaFX Application Thread] DEBUG LoopRunner           - Starting loop
00:33:55.792 [JavaFX Application Thread] DEBUG LoopRunner           - Initializing JavaFX AnimationTimerLoop
00:33:55.795 [JavaFX Application Thread] DEBUG GameApplicationServi - Starting new game
00:33:55.795 [JavaFX Application Thread] DEBUG Input                - Clearing active input actions
00:33:55.814 [JavaFX Application Thread] DEBUG GameApplicationServi - Removing overlay from FXGLStartupScene and adding to FXGLLoadingScene
00:33:55.815 [JavaFX Application Thread] DEBUG PrimaryStageWindow   - FXGLStartupScene -> FXGLLoadingScene
00:33:55.815 [JavaFX Application Thread] DEBUG GameApplicationServi - Clearing previous game
00:33:55.815 [JavaFX Application Thread] DEBUG GameScene            - Clearing game scene
00:33:55.815 [JavaFX Application Thread] DEBUG GameWorld            - Clearing game world
00:33:55.815 [JavaFX Application Thread] DEBUG PhysicsWorld         - Clearing physics world
00:33:55.818 [FXGL Background Thread 1 ] DEBUG FXGLApplication      - Initializing game
00:33:55.903 [FXGL Background Thread 1 ] WARN  TMXLevelLoader       - TiledMap generated from 1.12.2. Supported version: 1.9.0. Some features may not be parsed fully.
00:33:55.946 [FXGL Background Thread 1 ] DEBUG TMXLevelLoader       - Parsed TiledMap: file:/E:/All%20About%20Dev/OOP/FXGL%20new%20Begining/final%20version/Tower%20Defender/Tower-Defender/target/classes/assets/levels/wall.tmx
00:33:55.948 [FXGL Background Thread 1 ] DEBUG TMXLevelLoader       - Creating tile layer entities
00:33:55.951 [FXGL Background Thread 1 ] DEBUG TilesetLoader        - Loading view for layer background
00:33:55.952 [FXGL Background Thread 1 ] DEBUG TilesetLoader        - Created buffer with size 1280.0x800.0
00:33:55.987 [FXGL Background Thread 1 ] DEBUG TilesetLoader        - Loading view for layer tower spot layer
00:33:55.989 [FXGL Background Thread 1 ] DEBUG TilesetLoader        - Created buffer with size 1280.0x800.0
00:33:56.001 [FXGL Background Thread 1 ] DEBUG TilesetLoader        - Loading view for layer icons
00:33:56.004 [FXGL Background Thread 1 ] DEBUG TilesetLoader        - Created buffer with size 1280.0x800.0
00:33:56.016 [FXGL Background Thread 1 ] DEBUG TilesetLoader        - Loading view for layer Road
00:33:56.018 [FXGL Background Thread 1 ] DEBUG TilesetLoader        - Created buffer with size 1280.0x800.0
00:33:56.023 [FXGL Background Thread 1 ] DEBUG TilesetLoader        - Loading view for layer grass
00:33:56.026 [FXGL Background Thread 1 ] DEBUG TilesetLoader        - Created buffer with size 1280.0x800.0
00:33:56.026 [FXGL Background Thread 1 ] DEBUG TMXLevelLoader       - Creating object layer entities
00:33:56.065 [FXGL Background Thread 1 ] DEBUG GameWorld            - Clearing removable entities
00:33:56.066 [FXGL Background Thread 1 ] DEBUG GameWorld            - Setting level: com.almasb.fxgl.entity.level.Level@6297a8b3
00:33:56.077 [FXGL Background Thread 1 ] INFO  FXGLApplication      - Game initialization took: 0.259 sec
00:33:56.130 [FXGL Background Thread 4 ] DEBUG FXGLAssetLoaderServi - Loading from file system: jar:file:/C:/Users/HP/.m2/repository/com/github/almasb/fxgl/21.1/fxgl-21.1.jar!/fxglassets/ui/fonts/Abel-Regular.ttf
00:33:56.138 [FXGL Background Thread 4 ] DEBUG FXGLAssetLoaderServi - Loading from file system: jar:file:/C:/Users/HP/.m2/repository/com/github/almasb/fxgl/21.1/fxgl-21.1.jar!/fxglassets/ui/fonts/TerminalLandMono-Regular.otf
00:33:56.144 [FXGL Background Thread 4 ] DEBUG FXGLAssetLoaderServi - Loading from file system: jar:file:/C:/Users/HP/.m2/repository/com/github/almasb/fxgl/21.1/fxgl-21.1.jar!/fxglassets/ui/fonts/Courier-Prime.ttf
00:33:56.179 [JavaFX Application Thread] DEBUG Input                - Clearing active input actions
00:33:56.194 [JavaFX Application Thread] DEBUG GameApplicationServi - Removing overlay from FXGLLoadingScene and adding to GameScene
00:33:56.195 [JavaFX Application Thread] DEBUG PrimaryStageWindow   - FXGLLoadingScene -> GameScene
00:33:56.195 [JavaFX Application Thread] DEBUG FXGLApplication      - Registering font factories with UI factory
00:33:57.163 [JavaFX Application Thread] DEBUG FXGLAssetLoaderServi - Loading from file system: file:/E:/All%20About%20Dev/OOP/FXGL%20new%20Begining/final%20version/Tower%20Defender/Tower-Defender/target/classes/assets/textures/enemy_plant.png
00:33:57.186 [JavaFX Application Thread] DEBUG FXGLAssetLoaderServi - Loading from file system: file:/E:/All%20About%20Dev/OOP/FXGL%20new%20Begining/final%20version/Tower%20Defender/Tower-Defender/target/classes/assets/textures/bird.png
00:33:57.898 [FXGL Background Thread 2 ] INFO  UpdaterService       - Your current version:  21.1
00:33:57.899 [FXGL Background Thread 2 ] INFO  UpdaterService       - Latest stable version: 25
00:33:58.708 [FXGL Background Thread 3 ] DEBUG Engine               - Logging environment variables
00:33:58.710 [FXGL Background Thread 3 ] DEBUG Engine               - achievements: []
00:33:58.710 [FXGL Background Thread 3 ] DEBUG Engine               - actualHeight: 800.0
00:33:58.710 [FXGL Background Thread 3 ] DEBUG Engine               - actualHeightProperty: ReadOnlyDoubleProperty [value: 800.0]
00:33:58.711 [FXGL Background Thread 3 ] DEBUG Engine               - actualWidth: 1280.0
00:33:58.711 [FXGL Background Thread 3 ] DEBUG Engine               - actualWidthProperty: ReadOnlyDoubleProperty [value: 1280.0]
00:33:58.711 [FXGL Background Thread 3 ] DEBUG Engine               - appIcon: fxgl_icon.png
00:33:58.711 [FXGL Background Thread 3 ] DEBUG Engine               - applicationMode: DEVELOPER
00:33:58.711 [FXGL Background Thread 3 ] DEBUG Engine               - cSSList: [fxgl_dark.css]
00:33:58.711 [FXGL Background Thread 3 ] DEBUG Engine               - collisionDetectionStrategy: BRUTE_FORCE
00:33:58.711 [FXGL Background Thread 3 ] DEBUG Engine               - configClass: Optional.empty
00:33:58.711 [FXGL Background Thread 3 ] DEBUG Engine               - credits: []
00:33:58.712 [FXGL Background Thread 3 ] DEBUG Engine               - defaultCursor: CursorInfo(imageName=fxgl_default_cursor.png, hotspotX=7.0, hotspotY=6.0)
00:33:58.712 [FXGL Background Thread 3 ] DEBUG Engine               - devBBoxColorProperty: ObjectProperty [value: 0xff0000ff]
00:33:58.712 [FXGL Background Thread 3 ] DEBUG Engine               - devEnableDebugCameraProperty: BooleanProperty [value: false]
00:33:58.714 [FXGL Background Thread 3 ] DEBUG Engine               - devSensorColorProperty: ObjectProperty [value: 0xffff00ff]
00:33:58.714 [FXGL Background Thread 3 ] DEBUG Engine               - devShowBBoxProperty: BooleanProperty [value: false]
00:33:58.714 [FXGL Background Thread 3 ] DEBUG Engine               - devShowPositionProperty: BooleanProperty [value: false]
00:33:58.714 [FXGL Background Thread 3 ] DEBUG Engine               - enabledMenuItems: []
00:33:58.714 [FXGL Background Thread 3 ] DEBUG Engine               - engineServices: [class com.almasb.fxgl.app.services.FXGLAssetLoaderService, class com.almasb.fxgl.app.FXGLApplication$GameApplicationService, class com.almasb.fxgl.app.services.FXGLDialogService, class com.almasb.fxgl.app.services.IOTaskExecutorService, class com.almasb.fxgl.io.FileSystemService, class com.almasb.fxgl.localization.LocalizationService, class com.almasb.fxgl.app.services.SystemBundleService, class com.almasb.fxgl.profile.SaveLoadService, class com.almasb.fxgl.ui.FXGLUIFactoryServiceProvider, class com.almasb.fxgl.ui.FXGLDialogFactoryServiceProvider, class com.almasb.fxgl.audio.AudioPlayer, class com.almasb.fxgl.notification.impl.NotificationServiceProvider, class com.almasb.fxgl.achievement.AchievementService, class com.almasb.fxgl.cutscene.CutsceneService, class com.almasb.fxgl.minigames.MiniGameService, class com.almasb.fxgl.net.NetService, class com.almasb.fxgl.app.services.UpdaterService, class com.almasb.fxgl.dev.DevService]
00:33:58.714 [FXGL Background Thread 3 ] DEBUG Engine               - fontGame: Abel-Regular.ttf
00:33:58.714 [FXGL Background Thread 3 ] DEBUG Engine               - fontMono: TerminalLandMono-Regular.otf
00:33:58.714 [FXGL Background Thread 3 ] DEBUG Engine               - fontSizeScaleUI: 1.0
00:33:58.714 [FXGL Background Thread 3 ] DEBUG Engine               - fontText: Courier-Prime.ttf
00:33:58.714 [FXGL Background Thread 3 ] DEBUG Engine               - fontUI: VarelaRound-Regular.ttf
00:33:58.714 [FXGL Background Thread 3 ] DEBUG Engine               - fullScreen: BooleanProperty [value: false]
00:33:58.714 [FXGL Background Thread 3 ] DEBUG Engine               - gameDifficulty: MEDIUM
00:33:58.714 [FXGL Background Thread 3 ] DEBUG Engine               - gameDifficultyProperty: ObjectProperty [value: MEDIUM]
00:33:58.714 [FXGL Background Thread 3 ] DEBUG Engine               - globalMusicVolume: 0.5
00:33:58.714 [FXGL Background Thread 3 ] DEBUG Engine               - globalMusicVolumeProperty: DoubleProperty [value: 0.5]
00:33:58.715 [FXGL Background Thread 3 ] DEBUG Engine               - globalSoundVolume: 0.5
00:33:58.715 [FXGL Background Thread 3 ] DEBUG Engine               - globalSoundVolumeProperty: DoubleProperty [value: 0.5]
00:33:58.715 [FXGL Background Thread 3 ] DEBUG Engine               - height: 800
00:33:58.715 [FXGL Background Thread 3 ] DEBUG Engine               - is3D: false
00:33:58.715 [FXGL Background Thread 3 ] DEBUG Engine               - isAndroid: false
00:33:58.715 [FXGL Background Thread 3 ] DEBUG Engine               - isBrowser: false
00:33:58.715 [FXGL Background Thread 3 ] DEBUG Engine               - isClickFeedbackEnabled: false
00:33:58.715 [FXGL Background Thread 3 ] DEBUG Engine               - isCloseConfirmation: false
00:33:58.715 [FXGL Background Thread 3 ] DEBUG Engine               - isDesktop: true
00:33:58.715 [FXGL Background Thread 3 ] DEBUG Engine               - isDeveloperMenuEnabled: false
00:33:58.716 [FXGL Background Thread 3 ] DEBUG Engine               - isEmbedded: false
00:33:58.716 [FXGL Background Thread 3 ] DEBUG Engine               - isEntityPreloadEnabled: true
00:33:58.716 [FXGL Background Thread 3 ] DEBUG Engine               - isExperimentalTiledLargeMap: false
00:33:58.716 [FXGL Background Thread 3 ] DEBUG Engine               - isFileSystemWriteAllowed: true
00:33:58.716 [FXGL Background Thread 3 ] DEBUG Engine               - isFullScreenAllowed: true
00:33:58.716 [FXGL Background Thread 3 ] DEBUG Engine               - isFullScreenFromStart: false
00:33:58.716 [FXGL Background Thread 3 ] DEBUG Engine               - isGameMenuEnabled: true
00:33:58.716 [FXGL Background Thread 3 ] DEBUG Engine               - isIOS: false
00:33:58.716 [FXGL Background Thread 3 ] DEBUG Engine               - isIntroEnabled: false
00:33:58.716 [FXGL Background Thread 3 ] DEBUG Engine               - isLinux: false
00:33:58.716 [FXGL Background Thread 3 ] DEBUG Engine               - isMac: false
00:33:58.716 [FXGL Background Thread 3 ] DEBUG Engine               - isMainMenuEnabled: false
00:33:58.716 [FXGL Background Thread 3 ] DEBUG Engine               - isManualResizeEnabled: true
00:33:58.716 [FXGL Background Thread 3 ] DEBUG Engine               - isMobile: false
00:33:58.716 [FXGL Background Thread 3 ] DEBUG Engine               - isNative: false
00:33:58.716 [FXGL Background Thread 3 ] DEBUG Engine               - isPauseMusicWhenMinimized: true
00:33:58.717 [FXGL Background Thread 3 ] DEBUG Engine               - isPreserveResizeRatio: false
00:33:58.717 [FXGL Background Thread 3 ] DEBUG Engine               - isProfilingEnabled: false
00:33:58.717 [FXGL Background Thread 3 ] DEBUG Engine               - isScaleAffectedOnResize: true
00:33:58.717 [FXGL Background Thread 3 ] DEBUG Engine               - isSingleStep: false
00:33:58.717 [FXGL Background Thread 3 ] DEBUG Engine               - isUserProfileEnabled: false
00:33:58.717 [FXGL Background Thread 3 ] DEBUG Engine               - isWindows: true
00:33:58.717 [FXGL Background Thread 3 ] DEBUG Engine               - language: ObjectProperty [value: ENGLISH]
00:33:58.717 [FXGL Background Thread 3 ] DEBUG Engine               - menuKey: ESCAPE
00:33:58.717 [FXGL Background Thread 3 ] DEBUG Engine               - mouseSensitivity: 0.2
00:33:58.717 [FXGL Background Thread 3 ] DEBUG Engine               - notificationViewClass: class com.almasb.fxgl.notification.view.XboxNotificationView
00:33:58.717 [FXGL Background Thread 3 ] DEBUG Engine               - pixelsPerMeter: 50.0
00:33:58.717 [FXGL Background Thread 3 ] DEBUG Engine               - platform: WINDOWS
00:33:58.718 [FXGL Background Thread 3 ] DEBUG Engine               - prefHeightProperty: ReadOnlyDoubleProperty [value: 800.0]
00:33:58.718 [FXGL Background Thread 3 ] DEBUG Engine               - prefWidthProperty: ReadOnlyDoubleProperty [value: 1280.0]
00:33:58.718 [FXGL Background Thread 3 ] DEBUG Engine               - profileDir: profiles/
00:33:58.718 [FXGL Background Thread 3 ] DEBUG Engine               - profileName: StringProperty [value: DEFAULT]
00:33:58.718 [FXGL Background Thread 3 ] DEBUG Engine               - randomSeed: -1
00:33:58.718 [FXGL Background Thread 3 ] DEBUG Engine               - runtimeInfo: RuntimeInfo(platform=WINDOWS, version=21.1, build=27.03.2024 07.52)
00:33:58.718 [FXGL Background Thread 3 ] DEBUG Engine               - saveFileExt: sav
00:33:58.719 [FXGL Background Thread 3 ] DEBUG Engine               - scaledHeightProp$fxgl: DoubleProperty [bound, value: 800.0]
00:33:58.719 [FXGL Background Thread 3 ] DEBUG Engine               - scaledWidthProp$fxgl: DoubleProperty [bound, value: 1280.0]
00:33:58.719 [FXGL Background Thread 3 ] DEBUG Engine               - sceneFactory: com.almasb.fxgl.app.scene.SceneFactory@262e3cbb
00:33:58.719 [FXGL Background Thread 3 ] DEBUG Engine               - secondsIn24h: 60
00:33:58.719 [FXGL Background Thread 3 ] DEBUG Engine               - soundMenuBack: menu/back.wav
00:33:58.719 [FXGL Background Thread 3 ] DEBUG Engine               - soundMenuPress: menu/press.wav
00:33:58.719 [FXGL Background Thread 3 ] DEBUG Engine               - soundMenuSelect: menu/select.wav
00:33:58.719 [FXGL Background Thread 3 ] DEBUG Engine               - soundNotification: core/notification.wav
00:33:58.719 [FXGL Background Thread 3 ] DEBUG Engine               - stageStyle: DECORATED
00:33:58.719 [FXGL Background Thread 3 ] DEBUG Engine               - supportedLanguages: [ENGLISH, FRENCH, GERMAN, HUNGARIAN, RUSSIAN]
00:33:58.719 [FXGL Background Thread 3 ] DEBUG Engine               - ticksPerSecond: -1
00:33:58.719 [FXGL Background Thread 3 ] DEBUG Engine               - title: 1945
00:33:58.720 [FXGL Background Thread 3 ] DEBUG Engine               - urlGithub: https://github.com/AlmasB/FXGL
00:33:58.720 [FXGL Background Thread 3 ] DEBUG Engine               - urlLeaderboard: http://fxgl-top.herokuapp.com/
00:33:58.720 [FXGL Background Thread 3 ] DEBUG Engine               - urlPOM: https://raw.githubusercontent.com/AlmasB/FXGL/release/README.md
00:33:58.720 [FXGL Background Thread 3 ] DEBUG Engine               - userAppClass: class org.saikat.Main
00:33:58.720 [FXGL Background Thread 3 ] DEBUG Engine               - version: 0.1
00:33:58.720 [FXGL Background Thread 3 ] DEBUG Engine               - versionCheckDays: 7
00:33:58.720 [FXGL Background Thread 3 ] DEBUG Engine               - width: 1280
00:33:58.720 [FXGL Background Thread 3 ] DEBUG Engine               - Logging services
00:33:58.720 [FXGL Background Thread 3 ] DEBUG Engine               - class com.almasb.fxgl.app.services.FXGLAssetLoaderService
00:33:58.720 [FXGL Background Thread 3 ] DEBUG Engine               - class com.almasb.fxgl.app.FXGLApplication$GameApplicationService
00:33:58.720 [FXGL Background Thread 3 ] DEBUG Engine               - class com.almasb.fxgl.app.services.FXGLDialogService
00:33:58.720 [FXGL Background Thread 3 ] DEBUG Engine               - class com.almasb.fxgl.app.services.IOTaskExecutorService
00:33:58.721 [FXGL Background Thread 3 ] DEBUG Engine               - class com.almasb.fxgl.io.FileSystemService
00:33:58.721 [FXGL Background Thread 3 ] DEBUG Engine               - class com.almasb.fxgl.localization.LocalizationService
00:33:58.721 [FXGL Background Thread 3 ] DEBUG Engine               - class com.almasb.fxgl.app.services.SystemBundleService
00:33:58.722 [FXGL Background Thread 3 ] DEBUG Engine               - class com.almasb.fxgl.profile.SaveLoadService
00:33:58.722 [FXGL Background Thread 3 ] DEBUG Engine               - class com.almasb.fxgl.ui.FXGLUIFactoryServiceProvider
00:33:58.722 [FXGL Background Thread 3 ] DEBUG Engine               - class com.almasb.fxgl.ui.FXGLDialogFactoryServiceProvider
00:33:58.722 [FXGL Background Thread 3 ] DEBUG Engine               - class com.almasb.fxgl.audio.AudioPlayer
00:33:58.722 [FXGL Background Thread 3 ] DEBUG Engine               - class com.almasb.fxgl.notification.impl.NotificationServiceProvider
00:33:58.722 [FXGL Background Thread 3 ] DEBUG Engine               - class com.almasb.fxgl.achievement.AchievementService
00:33:58.722 [FXGL Background Thread 3 ] DEBUG Engine               - class com.almasb.fxgl.cutscene.CutsceneService
00:33:58.722 [FXGL Background Thread 3 ] DEBUG Engine               - class com.almasb.fxgl.minigames.MiniGameService
00:33:58.722 [FXGL Background Thread 3 ] DEBUG Engine               - class com.almasb.fxgl.net.NetService
00:33:58.722 [FXGL Background Thread 3 ] DEBUG Engine               - class com.almasb.fxgl.app.services.UpdaterService
00:33:58.722 [FXGL Background Thread 3 ] DEBUG Engine               - class com.almasb.fxgl.dev.DevService
00:34:08.593 [JavaFX Application Thread] DEBUG FXGLApplication      - Exiting FXGL
00:34:08.593 [JavaFX Application Thread] DEBUG LoopRunner           - Stopping loop
00:34:08.593 [JavaFX Application Thread] DEBUG SystemBundleService  - Saving FXGL system data
00:34:08.604 [JavaFX Application Thread] DEBUG FileSystemAccess     - Writing to: E:\All About Dev\OOP\FXGL new Begining\final version\Tower Defender\Tower-Defender\system\fxgl.bundle
00:34:08.613 [JavaFX Application Thread] DEBUG Async                - Shutting down background threads
00:34:08.614 [JavaFX Application Thread] DEBUG PrimaryStageWindow   - Closing main window
00:34:08.660 [JavaFX Application Thread] DEBUG Logger               - Closing Logger
