19:01:26.429 [main                     ] DEBUG Logger               - Configured Logger
19:01:26.460 [main                     ] DEBUG GameApplication      - Logging settings
Title: Ghost Hunter
Version: 1.0
Width: 1280
Height: 800
Fullscreen: true
Intro: false
Profiling: false
Single step:false
App Mode: DEVELOPER
Menu Key: ESCAPE
Stage Style: DECORATED
Scene Factory: class com.almasb.fxgl.app.scene.SceneFactory

19:01:27.362 [JavaFX Application Thread] DEBUG FXGLApplication      - Initializing FXGL
19:01:27.374 [JavaFX Application Thread] INFO  Engine               - FXGL-21.1 (27.03.2024 07.52) on WINDOWS (J:21.0.9 FX:21.0.1)
19:01:27.374 [JavaFX Application Thread] DEBUG Engine               - JRE Vendor Name: Oracle Corporation
19:01:27.374 [JavaFX Application Thread] DEBUG Engine               - Running on OS: Windows 11 version 10.0
19:01:27.374 [JavaFX Application Thread] DEBUG Engine               - Architecture: amd64
19:01:27.374 [JavaFX Application Thread] INFO  Engine               - Source code and latest versions at: https://github.com/AlmasB/FXGL
19:01:27.375 [JavaFX Application Thread] INFO  Engine               -       Ask questions and discuss at: https://github.com/AlmasB/FXGL/discussions
19:01:27.375 [JavaFX Application Thread] INFO  Engine               -              Join the FXGL chat at: https://gitter.im/AlmasB/FXGL
19:01:27.506 [JavaFX Application Thread] DEBUG PrimaryStageWindow   - Creating a JavaFX scene
19:01:27.554 [JavaFX Application Thread] DEBUG PrimaryStageWindow   - Target settings size: 1280.0 x 800.0
19:01:27.555 [JavaFX Application Thread] DEBUG PrimaryStageWindow   - Scaled scene size:    1280.0 x 800.0
19:01:27.555 [JavaFX Application Thread] DEBUG PrimaryStageWindow   - Scaled ratio: (1.0, 1.0)
19:01:27.556 [JavaFX Application Thread] DEBUG PrimaryStageWindow   - Set initial scene to FXGLStartupScene
19:01:27.559 [JavaFX Application Thread] DEBUG PrimaryStageWindow   - Opening main window
19:01:27.664 [JavaFX Application Thread] DEBUG PrimaryStageWindow   - Window border size: (14.4000244140625, 37.5999755859375)
19:01:27.664 [JavaFX Application Thread] DEBUG PrimaryStageWindow   - Scaled size: 1280.0 x 800.0
19:01:27.664 [JavaFX Application Thread] DEBUG PrimaryStageWindow   - Scaled ratio: (1.0, 1.0)
19:01:27.664 [JavaFX Application Thread] DEBUG PrimaryStageWindow   - Scene size: 1280.0 x 800.0
19:01:27.665 [JavaFX Application Thread] DEBUG PrimaryStageWindow   - Stage size: 1294.4000244140625 x 837.5999755859375
19:01:27.674 [FXGL Background Thread 1 ] DEBUG Engine               - Initializing environment variables
19:01:27.760 [FXGL Background Thread 1 ] DEBUG FXGLAssetLoaderServi - User app class for loading assets: class org.saikat.Main
19:01:27.760 [FXGL Background Thread 1 ] DEBUG GameApplicationServi - Applying CSS: fxgl_dark.css
19:01:27.762 [FXGL Background Thread 1 ] DEBUG FXGLAssetLoaderServi - Loading from file system: jar:file:/C:/Users/HP/.m2/repository/com/github/almasb/fxgl/21.1/fxgl-21.1.jar!/fxglassets/ui/css/fxgl_dark.css
19:01:27.810 [FXGL Background Thread 1 ] DEBUG GameApplicationServi - Initializing application scenes
19:01:27.870 [FXGL Background Thread 1 ] DEBUG GameWorld            - Game world initialized
19:01:27.940 [FXGL Background Thread 1 ] DEBUG PhysicsWorld         - Physics world initialized: appHeight=800, physics.ppm=50.0
19:01:27.940 [FXGL Background Thread 1 ] DEBUG PhysicsWorld         - Using strategy: BRUTE_FORCE
19:01:27.945 [FXGL Background Thread 1 ] DEBUG GameScene            - Game scene initialized: 1280x800
19:01:27.960 [FXGL Background Thread 1 ] DEBUG FXGL.DefaultMenu     - createMenuBodyGameMenu()
19:01:27.982 [FXGL Background Thread 1 ] DEBUG FXGL.DefaultMenu     - createOptionsMenu()
19:01:27.998 [FXGL Background Thread 1 ] DEBUG FXGLAssetLoaderServi - Loading from file system: jar:file:/C:/Users/HP/.m2/repository/com/github/almasb/fxgl/21.1/fxgl-21.1.jar!/fxglassets/textures/particles/smoke.png
19:01:28.141 [FXGL Background Thread 1 ] DEBUG FXGLAssetLoaderServi - Loading from file system: jar:file:/C:/Users/HP/.m2/repository/com/github/almasb/fxgl/21.1/fxgl-21.1.jar!/fxglassets/textures/particles/trace_horizontal.png
19:01:28.163 [FXGL Background Thread 1 ] DEBUG GameApplicationServi - Application scenes initialized
19:01:28.185 [FXGL Background Thread 1 ] DEBUG SystemBundleService  - Loading FXGL system data
19:01:28.199 [FXGL Background Thread 1 ] DEBUG FileSystemAccess     - Reading from: E:\All About Dev\OOP\FXGL new Begining\final version\Tower Defender\Tower-Defender\system\fxgl.bundle
19:01:28.218 [FXGL Background Thread 1 ] DEBUG SystemBundleService  - Bundle FXGL: {}
19:01:28.218 [FXGL Background Thread 1 ] DEBUG UpdaterService       - Checking for updates
19:01:28.225 [FXGL Background Thread 4 ] DEBUG FXGLApplication      - Loading fonts
19:01:28.226 [FXGL Background Thread 4 ] DEBUG FXGLAssetLoaderServi - Loading from file system: jar:file:/C:/Users/HP/.m2/repository/com/github/almasb/fxgl/21.1/fxgl-21.1.jar!/fxglassets/ui/fonts/VarelaRound-Regular.ttf
19:01:28.226 [FXGL Background Thread 1 ] DEBUG FXGLApplication      - Loading default localization
19:01:28.227 [FXGL Background Thread 1 ] DEBUG FXGLAssetLoaderServi - Loading from file system: jar:file:/C:/Users/HP/.m2/repository/com/github/almasb/fxgl/21.1/fxgl-21.1.jar!/fxglassets/languages/english.lang
19:01:28.258 [FXGL Background Thread 1 ] INFO  FXGLApplication      - FXGL initialization took: 0.584 sec
19:01:28.267 [JavaFX Application Thread] DEBUG Input                - Registered new binding: add tower - LMB
19:01:28.267 [JavaFX Application Thread] DEBUG Input                - Registered new binding: remove tower - RMB
19:01:28.268 [JavaFX Application Thread] DEBUG FXGLAssetLoaderServi - Loading from file system: jar:file:/C:/Users/HP/.m2/repository/com/github/almasb/fxgl/21.1/fxgl-21.1.jar!/fxglassets/textures/fxgl_icon.png
19:01:28.291 [JavaFX Application Thread] DEBUG FXGLAssetLoaderServi - Loading from file system: jar:file:/C:/Users/HP/.m2/repository/com/github/almasb/fxgl/21.1/fxgl-21.1.jar!/fxglassets/textures/fxgl_default_cursor.png
19:01:28.302 [JavaFX Application Thread] DEBUG Input                - Registered new binding: Screenshot - CTRL+8
19:01:28.303 [JavaFX Application Thread] DEBUG Input                - Registered new binding: System info dump - CTRL+9
19:01:28.304 [JavaFX Application Thread] DEBUG Input                - Registered new binding: Restart - CTRL+R
19:01:28.305 [JavaFX Application Thread] DEBUG Input                - Registered new binding: Toggle Debug Camera - CTRL+7
19:01:28.309 [JavaFX Application Thread] DEBUG LoopRunner           - Starting loop
19:01:28.309 [JavaFX Application Thread] DEBUG LoopRunner           - Initializing JavaFX AnimationTimerLoop
19:01:28.311 [JavaFX Application Thread] DEBUG GameApplicationServi - Starting new game
19:01:28.312 [JavaFX Application Thread] DEBUG Input                - Clearing active input actions
19:01:28.330 [JavaFX Application Thread] DEBUG GameApplicationServi - Removing overlay from FXGLStartupScene and adding to FXGLLoadingScene
19:01:28.330 [JavaFX Application Thread] DEBUG PrimaryStageWindow   - FXGLStartupScene -> FXGLLoadingScene
19:01:28.331 [JavaFX Application Thread] DEBUG GameApplicationServi - Clearing previous game
19:01:28.331 [JavaFX Application Thread] DEBUG GameScene            - Clearing game scene
19:01:28.331 [JavaFX Application Thread] DEBUG GameWorld            - Clearing game world
19:01:28.331 [JavaFX Application Thread] DEBUG PhysicsWorld         - Clearing physics world
19:01:28.333 [FXGL Background Thread 1 ] DEBUG FXGLApplication      - Initializing game
19:01:28.428 [FXGL Background Thread 1 ] WARN  TMXLevelLoader       - TiledMap generated from 1.12.2. Supported version: 1.9.0. Some features may not be parsed fully.
19:01:28.453 [FXGL Background Thread 4 ] DEBUG FXGLAssetLoaderServi - Loading from file system: jar:file:/C:/Users/HP/.m2/repository/com/github/almasb/fxgl/21.1/fxgl-21.1.jar!/fxglassets/ui/fonts/Abel-Regular.ttf
19:01:28.460 [FXGL Background Thread 4 ] DEBUG FXGLAssetLoaderServi - Loading from file system: jar:file:/C:/Users/HP/.m2/repository/com/github/almasb/fxgl/21.1/fxgl-21.1.jar!/fxglassets/ui/fonts/TerminalLandMono-Regular.otf
19:01:28.466 [FXGL Background Thread 1 ] DEBUG TMXLevelLoader       - Parsed TiledMap: file:/E:/All%20About%20Dev/OOP/FXGL%20new%20Begining/final%20version/Tower%20Defender/Tower-Defender/target/classes/assets/levels/wall.tmx
19:01:28.467 [FXGL Background Thread 4 ] DEBUG FXGLAssetLoaderServi - Loading from file system: jar:file:/C:/Users/HP/.m2/repository/com/github/almasb/fxgl/21.1/fxgl-21.1.jar!/fxglassets/ui/fonts/Courier-Prime.ttf
19:01:28.468 [FXGL Background Thread 1 ] DEBUG TMXLevelLoader       - Creating tile layer entities
19:01:28.473 [FXGL Background Thread 1 ] DEBUG TilesetLoader        - Loading view for layer background
19:01:28.475 [FXGL Background Thread 1 ] DEBUG TilesetLoader        - Created buffer with size 1280.0x800.0
19:01:28.509 [FXGL Background Thread 1 ] DEBUG TilesetLoader        - Loading view for layer tower spot layer
19:01:28.511 [FXGL Background Thread 1 ] DEBUG TilesetLoader        - Created buffer with size 1280.0x800.0
19:01:28.519 [FXGL Background Thread 1 ] DEBUG TilesetLoader        - Loading view for layer Road
19:01:28.521 [FXGL Background Thread 1 ] DEBUG TilesetLoader        - Created buffer with size 1280.0x800.0
19:01:28.524 [FXGL Background Thread 1 ] DEBUG TilesetLoader        - Loading view for layer road2
19:01:28.526 [FXGL Background Thread 1 ] DEBUG TilesetLoader        - Created buffer with size 1280.0x800.0
19:01:28.527 [FXGL Background Thread 1 ] WARN  TilesetLoader        - Diagonally flipped tiles are not currently supported
19:01:28.529 [FXGL Background Thread 1 ] WARN  TilesetLoader        - Diagonally flipped tiles are not currently supported
19:01:28.529 [FXGL Background Thread 1 ] WARN  TilesetLoader        - Diagonally flipped tiles are not currently supported
19:01:28.530 [FXGL Background Thread 1 ] WARN  TilesetLoader        - Diagonally flipped tiles are not currently supported
19:01:28.530 [FXGL Background Thread 1 ] WARN  TilesetLoader        - Diagonally flipped tiles are not currently supported
19:01:28.531 [FXGL Background Thread 1 ] WARN  TilesetLoader        - Diagonally flipped tiles are not currently supported
19:01:28.531 [FXGL Background Thread 1 ] WARN  TilesetLoader        - Diagonally flipped tiles are not currently supported
19:01:28.532 [FXGL Background Thread 1 ] WARN  TilesetLoader        - Diagonally flipped tiles are not currently supported
19:01:28.533 [JavaFX Application Thread] DEBUG FXGLApplication      - Registering font factories with UI factory
19:01:28.534 [FXGL Background Thread 1 ] WARN  TilesetLoader        - Diagonally flipped tiles are not currently supported
19:01:28.535 [FXGL Background Thread 1 ] WARN  TilesetLoader        - Diagonally flipped tiles are not currently supported
19:01:28.536 [FXGL Background Thread 1 ] WARN  TilesetLoader        - Diagonally flipped tiles are not currently supported
19:01:28.537 [FXGL Background Thread 1 ] WARN  TilesetLoader        - Diagonally flipped tiles are not currently supported
19:01:28.538 [FXGL Background Thread 1 ] WARN  TilesetLoader        - Diagonally flipped tiles are not currently supported
19:01:28.539 [FXGL Background Thread 1 ] WARN  TilesetLoader        - Diagonally flipped tiles are not currently supported
19:01:28.539 [FXGL Background Thread 1 ] WARN  TilesetLoader        - Diagonally flipped tiles are not currently supported
19:01:28.540 [FXGL Background Thread 1 ] WARN  TilesetLoader        - Diagonally flipped tiles are not currently supported
19:01:28.540 [FXGL Background Thread 1 ] WARN  TilesetLoader        - Diagonally flipped tiles are not currently supported
19:01:28.541 [FXGL Background Thread 1 ] WARN  TilesetLoader        - Diagonally flipped tiles are not currently supported
19:01:28.542 [FXGL Background Thread 1 ] WARN  TilesetLoader        - Diagonally flipped tiles are not currently supported
19:01:28.542 [FXGL Background Thread 1 ] WARN  TilesetLoader        - Diagonally flipped tiles are not currently supported
19:01:28.542 [FXGL Background Thread 1 ] WARN  TilesetLoader        - Diagonally flipped tiles are not currently supported
19:01:28.543 [FXGL Background Thread 1 ] WARN  TilesetLoader        - Diagonally flipped tiles are not currently supported
19:01:28.543 [FXGL Background Thread 1 ] WARN  TilesetLoader        - Diagonally flipped tiles are not currently supported
19:01:28.544 [FXGL Background Thread 1 ] WARN  TilesetLoader        - Diagonally flipped tiles are not currently supported
19:01:28.550 [FXGL Background Thread 1 ] WARN  TilesetLoader        - Diagonally flipped tiles are not currently supported
19:01:28.551 [FXGL Background Thread 1 ] WARN  TilesetLoader        - Diagonally flipped tiles are not currently supported
19:01:28.551 [FXGL Background Thread 1 ] WARN  TilesetLoader        - Diagonally flipped tiles are not currently supported
19:01:28.552 [FXGL Background Thread 1 ] WARN  TilesetLoader        - Diagonally flipped tiles are not currently supported
19:01:28.552 [FXGL Background Thread 1 ] WARN  TilesetLoader        - Diagonally flipped tiles are not currently supported
19:01:28.552 [FXGL Background Thread 1 ] WARN  TilesetLoader        - Diagonally flipped tiles are not currently supported
19:01:28.553 [FXGL Background Thread 1 ] WARN  TilesetLoader        - Diagonally flipped tiles are not currently supported
19:01:28.553 [FXGL Background Thread 1 ] WARN  TilesetLoader        - Diagonally flipped tiles are not currently supported
19:01:28.553 [FXGL Background Thread 1 ] WARN  TilesetLoader        - Diagonally flipped tiles are not currently supported
19:01:28.554 [FXGL Background Thread 1 ] WARN  TilesetLoader        - Diagonally flipped tiles are not currently supported
19:01:28.554 [FXGL Background Thread 1 ] WARN  TilesetLoader        - Diagonally flipped tiles are not currently supported
19:01:28.555 [FXGL Background Thread 1 ] WARN  TilesetLoader        - Diagonally flipped tiles are not currently supported
19:01:28.556 [FXGL Background Thread 1 ] WARN  TilesetLoader        - Diagonally flipped tiles are not currently supported
19:01:28.556 [FXGL Background Thread 1 ] WARN  TilesetLoader        - Diagonally flipped tiles are not currently supported
19:01:28.557 [FXGL Background Thread 1 ] WARN  TilesetLoader        - Diagonally flipped tiles are not currently supported
19:01:28.557 [FXGL Background Thread 1 ] WARN  TilesetLoader        - Diagonally flipped tiles are not currently supported
19:01:28.558 [FXGL Background Thread 1 ] WARN  TilesetLoader        - Diagonally flipped tiles are not currently supported
19:01:28.559 [FXGL Background Thread 1 ] WARN  TilesetLoader        - Diagonally flipped tiles are not currently supported
19:01:28.559 [FXGL Background Thread 1 ] WARN  TilesetLoader        - Diagonally flipped tiles are not currently supported
19:01:28.560 [FXGL Background Thread 1 ] WARN  TilesetLoader        - Diagonally flipped tiles are not currently supported
19:01:28.560 [FXGL Background Thread 1 ] WARN  TilesetLoader        - Diagonally flipped tiles are not currently supported
19:01:28.561 [FXGL Background Thread 1 ] WARN  TilesetLoader        - Diagonally flipped tiles are not currently supported
19:01:28.561 [FXGL Background Thread 1 ] WARN  TilesetLoader        - Diagonally flipped tiles are not currently supported
19:01:28.561 [FXGL Background Thread 1 ] WARN  TilesetLoader        - Diagonally flipped tiles are not currently supported
19:01:28.562 [FXGL Background Thread 1 ] WARN  TilesetLoader        - Diagonally flipped tiles are not currently supported
19:01:28.562 [FXGL Background Thread 1 ] WARN  TilesetLoader        - Diagonally flipped tiles are not currently supported
19:01:28.563 [FXGL Background Thread 1 ] WARN  TilesetLoader        - Diagonally flipped tiles are not currently supported
19:01:28.563 [FXGL Background Thread 1 ] WARN  TilesetLoader        - Diagonally flipped tiles are not currently supported
19:01:28.563 [FXGL Background Thread 1 ] WARN  TilesetLoader        - Diagonally flipped tiles are not currently supported
19:01:28.564 [FXGL Background Thread 1 ] WARN  TilesetLoader        - Diagonally flipped tiles are not currently supported
19:01:28.564 [FXGL Background Thread 1 ] WARN  TilesetLoader        - Diagonally flipped tiles are not currently supported
19:01:28.565 [FXGL Background Thread 1 ] WARN  TilesetLoader        - Diagonally flipped tiles are not currently supported
19:01:28.565 [FXGL Background Thread 1 ] WARN  TilesetLoader        - Diagonally flipped tiles are not currently supported
19:01:28.565 [FXGL Background Thread 1 ] WARN  TilesetLoader        - Diagonally flipped tiles are not currently supported
19:01:28.566 [FXGL Background Thread 1 ] WARN  TilesetLoader        - Diagonally flipped tiles are not currently supported
19:01:28.566 [FXGL Background Thread 1 ] WARN  TilesetLoader        - Diagonally flipped tiles are not currently supported
19:01:28.566 [FXGL Background Thread 1 ] WARN  TilesetLoader        - Diagonally flipped tiles are not currently supported
19:01:28.566 [FXGL Background Thread 1 ] WARN  TilesetLoader        - Diagonally flipped tiles are not currently supported
19:01:28.567 [FXGL Background Thread 1 ] WARN  TilesetLoader        - Diagonally flipped tiles are not currently supported
19:01:28.567 [FXGL Background Thread 1 ] WARN  TilesetLoader        - Diagonally flipped tiles are not currently supported
19:01:28.567 [FXGL Background Thread 1 ] WARN  TilesetLoader        - Diagonally flipped tiles are not currently supported
19:01:28.568 [FXGL Background Thread 1 ] WARN  TilesetLoader        - Diagonally flipped tiles are not currently supported
19:01:28.568 [FXGL Background Thread 1 ] WARN  TilesetLoader        - Diagonally flipped tiles are not currently supported
19:01:28.568 [FXGL Background Thread 1 ] WARN  TilesetLoader        - Diagonally flipped tiles are not currently supported
19:01:28.568 [FXGL Background Thread 1 ] WARN  TilesetLoader        - Diagonally flipped tiles are not currently supported
19:01:28.568 [FXGL Background Thread 1 ] WARN  TilesetLoader        - Diagonally flipped tiles are not currently supported
19:01:28.569 [FXGL Background Thread 1 ] WARN  TilesetLoader        - Diagonally flipped tiles are not currently supported
19:01:28.569 [FXGL Background Thread 1 ] WARN  TilesetLoader        - Diagonally flipped tiles are not currently supported
19:01:28.569 [FXGL Background Thread 1 ] WARN  TilesetLoader        - Diagonally flipped tiles are not currently supported
19:01:28.569 [FXGL Background Thread 1 ] WARN  TilesetLoader        - Diagonally flipped tiles are not currently supported
19:01:28.570 [FXGL Background Thread 1 ] WARN  TilesetLoader        - Diagonally flipped tiles are not currently supported
19:01:28.570 [FXGL Background Thread 1 ] WARN  TilesetLoader        - Diagonally flipped tiles are not currently supported
19:01:28.570 [FXGL Background Thread 1 ] WARN  TilesetLoader        - Diagonally flipped tiles are not currently supported
19:01:28.570 [FXGL Background Thread 1 ] WARN  TilesetLoader        - Diagonally flipped tiles are not currently supported
19:01:28.570 [FXGL Background Thread 1 ] WARN  TilesetLoader        - Diagonally flipped tiles are not currently supported
19:01:28.571 [FXGL Background Thread 1 ] WARN  TilesetLoader        - Diagonally flipped tiles are not currently supported
19:01:28.571 [FXGL Background Thread 1 ] WARN  TilesetLoader        - Diagonally flipped tiles are not currently supported
19:01:28.571 [FXGL Background Thread 1 ] WARN  TilesetLoader        - Diagonally flipped tiles are not currently supported
19:01:28.574 [FXGL Background Thread 1 ] WARN  TilesetLoader        - Diagonally flipped tiles are not currently supported
19:01:28.575 [FXGL Background Thread 1 ] WARN  TilesetLoader        - Diagonally flipped tiles are not currently supported
19:01:28.575 [FXGL Background Thread 1 ] WARN  TilesetLoader        - Diagonally flipped tiles are not currently supported
19:01:28.576 [FXGL Background Thread 1 ] WARN  TilesetLoader        - Diagonally flipped tiles are not currently supported
19:01:28.576 [FXGL Background Thread 1 ] WARN  TilesetLoader        - Diagonally flipped tiles are not currently supported
19:01:28.577 [FXGL Background Thread 1 ] WARN  TilesetLoader        - Diagonally flipped tiles are not currently supported
19:01:28.577 [FXGL Background Thread 1 ] WARN  TilesetLoader        - Diagonally flipped tiles are not currently supported
19:01:28.578 [FXGL Background Thread 1 ] WARN  TilesetLoader        - Diagonally flipped tiles are not currently supported
19:01:28.578 [FXGL Background Thread 1 ] WARN  TilesetLoader        - Diagonally flipped tiles are not currently supported
19:01:28.578 [FXGL Background Thread 1 ] WARN  TilesetLoader        - Diagonally flipped tiles are not currently supported
19:01:28.579 [FXGL Background Thread 1 ] WARN  TilesetLoader        - Diagonally flipped tiles are not currently supported
19:01:28.579 [FXGL Background Thread 1 ] WARN  TilesetLoader        - Diagonally flipped tiles are not currently supported
19:01:28.579 [FXGL Background Thread 1 ] WARN  TilesetLoader        - Diagonally flipped tiles are not currently supported
19:01:28.580 [FXGL Background Thread 1 ] WARN  TilesetLoader        - Diagonally flipped tiles are not currently supported
19:01:28.580 [FXGL Background Thread 1 ] WARN  TilesetLoader        - Diagonally flipped tiles are not currently supported
19:01:28.580 [FXGL Background Thread 1 ] WARN  TilesetLoader        - Diagonally flipped tiles are not currently supported
19:01:28.581 [FXGL Background Thread 1 ] WARN  TilesetLoader        - Diagonally flipped tiles are not currently supported
19:01:28.581 [FXGL Background Thread 1 ] WARN  TilesetLoader        - Diagonally flipped tiles are not currently supported
19:01:28.582 [FXGL Background Thread 1 ] WARN  TilesetLoader        - Diagonally flipped tiles are not currently supported
19:01:28.582 [FXGL Background Thread 1 ] WARN  TilesetLoader        - Diagonally flipped tiles are not currently supported
19:01:28.582 [FXGL Background Thread 1 ] WARN  TilesetLoader        - Diagonally flipped tiles are not currently supported
19:01:28.583 [FXGL Background Thread 1 ] WARN  TilesetLoader        - Diagonally flipped tiles are not currently supported
19:01:28.583 [FXGL Background Thread 1 ] WARN  TilesetLoader        - Diagonally flipped tiles are not currently supported
19:01:28.584 [FXGL Background Thread 1 ] WARN  TilesetLoader        - Diagonally flipped tiles are not currently supported
19:01:28.584 [FXGL Background Thread 1 ] WARN  TilesetLoader        - Diagonally flipped tiles are not currently supported
19:01:28.584 [FXGL Background Thread 1 ] WARN  TilesetLoader        - Diagonally flipped tiles are not currently supported
19:01:28.585 [FXGL Background Thread 1 ] WARN  TilesetLoader        - Diagonally flipped tiles are not currently supported
19:01:28.585 [FXGL Background Thread 1 ] WARN  TilesetLoader        - Diagonally flipped tiles are not currently supported
19:01:28.585 [FXGL Background Thread 1 ] WARN  TilesetLoader        - Diagonally flipped tiles are not currently supported
19:01:28.586 [FXGL Background Thread 1 ] WARN  TilesetLoader        - Diagonally flipped tiles are not currently supported
19:01:28.586 [FXGL Background Thread 1 ] WARN  TilesetLoader        - Diagonally flipped tiles are not currently supported
19:01:28.586 [FXGL Background Thread 1 ] WARN  TilesetLoader        - Diagonally flipped tiles are not currently supported
19:01:28.587 [FXGL Background Thread 1 ] WARN  TilesetLoader        - Diagonally flipped tiles are not currently supported
19:01:28.587 [FXGL Background Thread 1 ] WARN  TilesetLoader        - Diagonally flipped tiles are not currently supported
19:01:28.587 [FXGL Background Thread 1 ] WARN  TilesetLoader        - Diagonally flipped tiles are not currently supported
19:01:28.588 [FXGL Background Thread 1 ] WARN  TilesetLoader        - Diagonally flipped tiles are not currently supported
19:01:28.588 [FXGL Background Thread 1 ] WARN  TilesetLoader        - Diagonally flipped tiles are not currently supported
19:01:28.588 [FXGL Background Thread 1 ] WARN  TilesetLoader        - Diagonally flipped tiles are not currently supported
19:01:28.589 [FXGL Background Thread 1 ] WARN  TilesetLoader        - Diagonally flipped tiles are not currently supported
19:01:28.590 [FXGL Background Thread 1 ] WARN  TilesetLoader        - Diagonally flipped tiles are not currently supported
19:01:28.590 [FXGL Background Thread 1 ] WARN  TilesetLoader        - Diagonally flipped tiles are not currently supported
19:01:28.591 [FXGL Background Thread 1 ] WARN  TilesetLoader        - Diagonally flipped tiles are not currently supported
19:01:28.591 [FXGL Background Thread 1 ] WARN  TilesetLoader        - Diagonally flipped tiles are not currently supported
19:01:28.592 [FXGL Background Thread 1 ] WARN  TilesetLoader        - Diagonally flipped tiles are not currently supported
19:01:28.592 [FXGL Background Thread 1 ] WARN  TilesetLoader        - Diagonally flipped tiles are not currently supported
19:01:28.592 [FXGL Background Thread 1 ] WARN  TilesetLoader        - Diagonally flipped tiles are not currently supported
19:01:28.593 [FXGL Background Thread 1 ] WARN  TilesetLoader        - Diagonally flipped tiles are not currently supported
19:01:28.593 [FXGL Background Thread 1 ] WARN  TilesetLoader        - Diagonally flipped tiles are not currently supported
19:01:28.593 [FXGL Background Thread 1 ] WARN  TilesetLoader        - Diagonally flipped tiles are not currently supported
19:01:28.593 [FXGL Background Thread 1 ] WARN  TilesetLoader        - Diagonally flipped tiles are not currently supported
19:01:28.593 [FXGL Background Thread 1 ] WARN  TilesetLoader        - Diagonally flipped tiles are not currently supported
19:01:28.594 [FXGL Background Thread 1 ] WARN  TilesetLoader        - Diagonally flipped tiles are not currently supported
19:01:28.594 [FXGL Background Thread 1 ] WARN  TilesetLoader        - Diagonally flipped tiles are not currently supported
19:01:28.594 [FXGL Background Thread 1 ] WARN  TilesetLoader        - Diagonally flipped tiles are not currently supported
19:01:28.594 [FXGL Background Thread 1 ] WARN  TilesetLoader        - Diagonally flipped tiles are not currently supported
19:01:28.594 [FXGL Background Thread 1 ] WARN  TilesetLoader        - Diagonally flipped tiles are not currently supported
19:01:28.595 [FXGL Background Thread 1 ] WARN  TilesetLoader        - Diagonally flipped tiles are not currently supported
19:01:28.595 [FXGL Background Thread 1 ] WARN  TilesetLoader        - Diagonally flipped tiles are not currently supported
19:01:28.595 [FXGL Background Thread 1 ] WARN  TilesetLoader        - Diagonally flipped tiles are not currently supported
19:01:28.595 [FXGL Background Thread 1 ] WARN  TilesetLoader        - Diagonally flipped tiles are not currently supported
19:01:28.595 [FXGL Background Thread 1 ] WARN  TilesetLoader        - Diagonally flipped tiles are not currently supported
19:01:28.596 [FXGL Background Thread 1 ] WARN  TilesetLoader        - Diagonally flipped tiles are not currently supported
19:01:28.596 [FXGL Background Thread 1 ] WARN  TilesetLoader        - Diagonally flipped tiles are not currently supported
19:01:28.596 [FXGL Background Thread 1 ] WARN  TilesetLoader        - Diagonally flipped tiles are not currently supported
19:01:28.596 [FXGL Background Thread 1 ] WARN  TilesetLoader        - Diagonally flipped tiles are not currently supported
19:01:28.596 [FXGL Background Thread 1 ] WARN  TilesetLoader        - Diagonally flipped tiles are not currently supported
19:01:28.597 [FXGL Background Thread 1 ] DEBUG TilesetLoader        - Loading view for layer road3
19:01:28.599 [FXGL Background Thread 1 ] DEBUG TilesetLoader        - Created buffer with size 1280.0x800.0
19:01:28.602 [FXGL Background Thread 1 ] DEBUG TilesetLoader        - Loading view for layer bg2
19:01:28.603 [FXGL Background Thread 1 ] DEBUG TilesetLoader        - Created buffer with size 1280.0x800.0
19:01:28.715 [FXGL Background Thread 1 ] DEBUG TilesetLoader        - Loading view for layer icons
19:01:28.717 [FXGL Background Thread 1 ] DEBUG TilesetLoader        - Created buffer with size 1280.0x800.0
19:01:28.727 [FXGL Background Thread 1 ] DEBUG TMXLevelLoader       - Creating object layer entities
19:01:28.757 [FXGL Background Thread 1 ] DEBUG GameWorld            - Clearing removable entities
19:01:28.758 [FXGL Background Thread 1 ] DEBUG GameWorld            - Setting level: com.almasb.fxgl.entity.level.Level@34c2facc
19:01:28.772 [FXGL Background Thread 1 ] INFO  FXGLApplication      - Game initialization took: 0.439 sec
19:01:28.772 [JavaFX Application Thread] DEBUG Input                - Clearing active input actions
19:01:28.791 [JavaFX Application Thread] DEBUG GameApplicationServi - Removing overlay from FXGLLoadingScene and adding to GameScene
19:01:28.792 [JavaFX Application Thread] DEBUG PrimaryStageWindow   - FXGLLoadingScene -> GameScene
19:01:29.362 [FXGL Background Thread 2 ] INFO  UpdaterService       - Your current version:  21.1
19:01:29.362 [FXGL Background Thread 2 ] INFO  UpdaterService       - Latest stable version: 25
19:01:29.845 [JavaFX Application Thread] DEBUG FXGLAssetLoaderServi - Loading from file system: file:/E:/All%20About%20Dev/OOP/FXGL%20new%20Begining/final%20version/Tower%20Defender/Tower-Defender/target/classes/assets/textures/wolf.png
19:01:29.866 [JavaFX Application Thread] DEBUG FXGLAssetLoaderServi - Loading from file system: file:/E:/All%20About%20Dev/OOP/FXGL%20new%20Begining/final%20version/Tower%20Defender/Tower-Defender/target/classes/assets/textures/bird.png
19:01:31.223 [FXGL Background Thread 3 ] DEBUG Engine               - Logging environment variables
19:01:31.223 [FXGL Background Thread 3 ] DEBUG Engine               - achievements: []
19:01:31.223 [FXGL Background Thread 3 ] DEBUG Engine               - actualHeight: 800.0
19:01:31.224 [FXGL Background Thread 3 ] DEBUG Engine               - actualHeightProperty: ReadOnlyDoubleProperty [value: 800.0]
19:01:31.224 [FXGL Background Thread 3 ] DEBUG Engine               - actualWidth: 1280.0
19:01:31.224 [FXGL Background Thread 3 ] DEBUG Engine               - actualWidthProperty: ReadOnlyDoubleProperty [value: 1280.0]
19:01:31.224 [FXGL Background Thread 3 ] DEBUG Engine               - appIcon: fxgl_icon.png
19:01:31.224 [FXGL Background Thread 3 ] DEBUG Engine               - applicationMode: DEVELOPER
19:01:31.224 [FXGL Background Thread 3 ] DEBUG Engine               - cSSList: [fxgl_dark.css]
19:01:31.224 [FXGL Background Thread 3 ] DEBUG Engine               - collisionDetectionStrategy: BRUTE_FORCE
19:01:31.224 [FXGL Background Thread 3 ] DEBUG Engine               - configClass: Optional.empty
19:01:31.224 [FXGL Background Thread 3 ] DEBUG Engine               - credits: []
19:01:31.225 [FXGL Background Thread 3 ] DEBUG Engine               - defaultCursor: CursorInfo(imageName=fxgl_default_cursor.png, hotspotX=7.0, hotspotY=6.0)
19:01:31.225 [FXGL Background Thread 3 ] DEBUG Engine               - devBBoxColorProperty: ObjectProperty [value: 0xff0000ff]
19:01:31.225 [FXGL Background Thread 3 ] DEBUG Engine               - devEnableDebugCameraProperty: BooleanProperty [value: false]
19:01:31.225 [FXGL Background Thread 3 ] DEBUG Engine               - devSensorColorProperty: ObjectProperty [value: 0xffff00ff]
19:01:31.225 [FXGL Background Thread 3 ] DEBUG Engine               - devShowBBoxProperty: BooleanProperty [value: false]
19:01:31.225 [FXGL Background Thread 3 ] DEBUG Engine               - devShowPositionProperty: BooleanProperty [value: false]
19:01:31.225 [FXGL Background Thread 3 ] DEBUG Engine               - enabledMenuItems: []
19:01:31.225 [FXGL Background Thread 3 ] DEBUG Engine               - engineServices: [class com.almasb.fxgl.app.services.FXGLAssetLoaderService, class com.almasb.fxgl.app.FXGLApplication$GameApplicationService, class com.almasb.fxgl.app.services.FXGLDialogService, class com.almasb.fxgl.app.services.IOTaskExecutorService, class com.almasb.fxgl.io.FileSystemService, class com.almasb.fxgl.localization.LocalizationService, class com.almasb.fxgl.app.services.SystemBundleService, class com.almasb.fxgl.profile.SaveLoadService, class com.almasb.fxgl.ui.FXGLUIFactoryServiceProvider, class com.almasb.fxgl.ui.FXGLDialogFactoryServiceProvider, class com.almasb.fxgl.audio.AudioPlayer, class com.almasb.fxgl.notification.impl.NotificationServiceProvider, class com.almasb.fxgl.achievement.AchievementService, class com.almasb.fxgl.cutscene.CutsceneService, class com.almasb.fxgl.minigames.MiniGameService, class com.almasb.fxgl.net.NetService, class com.almasb.fxgl.app.services.UpdaterService, class com.almasb.fxgl.dev.DevService]
19:01:31.225 [FXGL Background Thread 3 ] DEBUG Engine               - fontGame: Abel-Regular.ttf
19:01:31.225 [FXGL Background Thread 3 ] DEBUG Engine               - fontMono: TerminalLandMono-Regular.otf
19:01:31.225 [FXGL Background Thread 3 ] DEBUG Engine               - fontSizeScaleUI: 1.0
19:01:31.226 [FXGL Background Thread 3 ] DEBUG Engine               - fontText: Courier-Prime.ttf
19:01:31.226 [FXGL Background Thread 3 ] DEBUG Engine               - fontUI: VarelaRound-Regular.ttf
19:01:31.226 [FXGL Background Thread 3 ] DEBUG Engine               - fullScreen: BooleanProperty [value: false]
19:01:31.226 [FXGL Background Thread 3 ] DEBUG Engine               - gameDifficulty: MEDIUM
19:01:31.226 [FXGL Background Thread 3 ] DEBUG Engine               - gameDifficultyProperty: ObjectProperty [value: MEDIUM]
19:01:31.226 [FXGL Background Thread 3 ] DEBUG Engine               - globalMusicVolume: 0.5
19:01:31.226 [FXGL Background Thread 3 ] DEBUG Engine               - globalMusicVolumeProperty: DoubleProperty [value: 0.5]
19:01:31.226 [FXGL Background Thread 3 ] DEBUG Engine               - globalSoundVolume: 0.5
19:01:31.226 [FXGL Background Thread 3 ] DEBUG Engine               - globalSoundVolumeProperty: DoubleProperty [value: 0.5]
19:01:31.226 [FXGL Background Thread 3 ] DEBUG Engine               - height: 800
19:01:31.226 [FXGL Background Thread 3 ] DEBUG Engine               - is3D: false
19:01:31.226 [FXGL Background Thread 3 ] DEBUG Engine               - isAndroid: false
19:01:31.226 [FXGL Background Thread 3 ] DEBUG Engine               - isBrowser: false
19:01:31.226 [FXGL Background Thread 3 ] DEBUG Engine               - isClickFeedbackEnabled: false
19:01:31.226 [FXGL Background Thread 3 ] DEBUG Engine               - isCloseConfirmation: false
19:01:31.226 [FXGL Background Thread 3 ] DEBUG Engine               - isDesktop: true
19:01:31.226 [FXGL Background Thread 3 ] DEBUG Engine               - isDeveloperMenuEnabled: false
19:01:31.226 [FXGL Background Thread 3 ] DEBUG Engine               - isEmbedded: false
19:01:31.226 [FXGL Background Thread 3 ] DEBUG Engine               - isEntityPreloadEnabled: true
19:01:31.226 [FXGL Background Thread 3 ] DEBUG Engine               - isExperimentalTiledLargeMap: false
19:01:31.226 [FXGL Background Thread 3 ] DEBUG Engine               - isFileSystemWriteAllowed: true
19:01:31.226 [FXGL Background Thread 3 ] DEBUG Engine               - isFullScreenAllowed: true
19:01:31.226 [FXGL Background Thread 3 ] DEBUG Engine               - isFullScreenFromStart: false
19:01:31.226 [FXGL Background Thread 3 ] DEBUG Engine               - isGameMenuEnabled: true
19:01:31.226 [FXGL Background Thread 3 ] DEBUG Engine               - isIOS: false
19:01:31.226 [FXGL Background Thread 3 ] DEBUG Engine               - isIntroEnabled: false
19:01:31.226 [FXGL Background Thread 3 ] DEBUG Engine               - isLinux: false
19:01:31.226 [FXGL Background Thread 3 ] DEBUG Engine               - isMac: false
19:01:31.226 [FXGL Background Thread 3 ] DEBUG Engine               - isMainMenuEnabled: false
19:01:31.226 [FXGL Background Thread 3 ] DEBUG Engine               - isManualResizeEnabled: true
19:01:31.226 [FXGL Background Thread 3 ] DEBUG Engine               - isMobile: false
19:01:31.227 [FXGL Background Thread 3 ] DEBUG Engine               - isNative: false
19:01:31.227 [FXGL Background Thread 3 ] DEBUG Engine               - isPauseMusicWhenMinimized: true
19:01:31.227 [FXGL Background Thread 3 ] DEBUG Engine               - isPreserveResizeRatio: false
19:01:31.227 [FXGL Background Thread 3 ] DEBUG Engine               - isProfilingEnabled: false
19:01:31.227 [FXGL Background Thread 3 ] DEBUG Engine               - isScaleAffectedOnResize: true
19:01:31.227 [FXGL Background Thread 3 ] DEBUG Engine               - isSingleStep: false
19:01:31.227 [FXGL Background Thread 3 ] DEBUG Engine               - isUserProfileEnabled: false
19:01:31.227 [FXGL Background Thread 3 ] DEBUG Engine               - isWindows: true
19:01:31.227 [FXGL Background Thread 3 ] DEBUG Engine               - language: ObjectProperty [value: ENGLISH]
19:01:31.227 [FXGL Background Thread 3 ] DEBUG Engine               - menuKey: ESCAPE
19:01:31.227 [FXGL Background Thread 3 ] DEBUG Engine               - mouseSensitivity: 0.2
19:01:31.227 [FXGL Background Thread 3 ] DEBUG Engine               - notificationViewClass: class com.almasb.fxgl.notification.view.XboxNotificationView
19:01:31.227 [FXGL Background Thread 3 ] DEBUG Engine               - pixelsPerMeter: 50.0
19:01:31.227 [FXGL Background Thread 3 ] DEBUG Engine               - platform: WINDOWS
19:01:31.227 [FXGL Background Thread 3 ] DEBUG Engine               - prefHeightProperty: ReadOnlyDoubleProperty [value: 800.0]
19:01:31.227 [FXGL Background Thread 3 ] DEBUG Engine               - prefWidthProperty: ReadOnlyDoubleProperty [value: 1280.0]
19:01:31.227 [FXGL Background Thread 3 ] DEBUG Engine               - profileDir: profiles/
19:01:31.227 [FXGL Background Thread 3 ] DEBUG Engine               - profileName: StringProperty [value: DEFAULT]
19:01:31.227 [FXGL Background Thread 3 ] DEBUG Engine               - randomSeed: -1
19:01:31.228 [FXGL Background Thread 3 ] DEBUG Engine               - runtimeInfo: RuntimeInfo(platform=WINDOWS, version=21.1, build=27.03.2024 07.52)
19:01:31.228 [FXGL Background Thread 3 ] DEBUG Engine               - saveFileExt: sav
19:01:31.228 [FXGL Background Thread 3 ] DEBUG Engine               - scaledHeightProp$fxgl: DoubleProperty [bound, value: 800.0]
19:01:31.228 [FXGL Background Thread 3 ] DEBUG Engine               - scaledWidthProp$fxgl: DoubleProperty [bound, value: 1280.0]
19:01:31.228 [FXGL Background Thread 3 ] DEBUG Engine               - sceneFactory: com.almasb.fxgl.app.scene.SceneFactory@4782574b
19:01:31.228 [FXGL Background Thread 3 ] DEBUG Engine               - secondsIn24h: 60
19:01:31.228 [FXGL Background Thread 3 ] DEBUG Engine               - soundMenuBack: menu/back.wav
19:01:31.228 [FXGL Background Thread 3 ] DEBUG Engine               - soundMenuPress: menu/press.wav
19:01:31.228 [FXGL Background Thread 3 ] DEBUG Engine               - soundMenuSelect: menu/select.wav
19:01:31.228 [FXGL Background Thread 3 ] DEBUG Engine               - soundNotification: core/notification.wav
19:01:31.228 [FXGL Background Thread 3 ] DEBUG Engine               - stageStyle: DECORATED
19:01:31.228 [FXGL Background Thread 3 ] DEBUG Engine               - supportedLanguages: [ENGLISH, FRENCH, GERMAN, HUNGARIAN, RUSSIAN]
19:01:31.228 [FXGL Background Thread 3 ] DEBUG Engine               - ticksPerSecond: -1
19:01:31.228 [FXGL Background Thread 3 ] DEBUG Engine               - title: Ghost Hunter
19:01:31.228 [FXGL Background Thread 3 ] DEBUG Engine               - urlGithub: https://github.com/AlmasB/FXGL
19:01:31.228 [FXGL Background Thread 3 ] DEBUG Engine               - urlLeaderboard: http://fxgl-top.herokuapp.com/
19:01:31.228 [FXGL Background Thread 3 ] DEBUG Engine               - urlPOM: https://raw.githubusercontent.com/AlmasB/FXGL/release/README.md
19:01:31.228 [FXGL Background Thread 3 ] DEBUG Engine               - userAppClass: class org.saikat.Main
19:01:31.228 [FXGL Background Thread 3 ] DEBUG Engine               - version: 1.0
19:01:31.228 [FXGL Background Thread 3 ] DEBUG Engine               - versionCheckDays: 7
19:01:31.229 [FXGL Background Thread 3 ] DEBUG Engine               - width: 1280
19:01:31.229 [FXGL Background Thread 3 ] DEBUG Engine               - Logging services
19:01:31.229 [FXGL Background Thread 3 ] DEBUG Engine               - class com.almasb.fxgl.app.services.FXGLAssetLoaderService
19:01:31.229 [FXGL Background Thread 3 ] DEBUG Engine               - class com.almasb.fxgl.app.FXGLApplication$GameApplicationService
19:01:31.229 [FXGL Background Thread 3 ] DEBUG Engine               - class com.almasb.fxgl.app.services.FXGLDialogService
19:01:31.229 [FXGL Background Thread 3 ] DEBUG Engine               - class com.almasb.fxgl.app.services.IOTaskExecutorService
19:01:31.229 [FXGL Background Thread 3 ] DEBUG Engine               - class com.almasb.fxgl.io.FileSystemService
19:01:31.229 [FXGL Background Thread 3 ] DEBUG Engine               - class com.almasb.fxgl.localization.LocalizationService
19:01:31.229 [FXGL Background Thread 3 ] DEBUG Engine               - class com.almasb.fxgl.app.services.SystemBundleService
19:01:31.229 [FXGL Background Thread 3 ] DEBUG Engine               - class com.almasb.fxgl.profile.SaveLoadService
19:01:31.229 [FXGL Background Thread 3 ] DEBUG Engine               - class com.almasb.fxgl.ui.FXGLUIFactoryServiceProvider
19:01:31.229 [FXGL Background Thread 3 ] DEBUG Engine               - class com.almasb.fxgl.ui.FXGLDialogFactoryServiceProvider
19:01:31.229 [FXGL Background Thread 3 ] DEBUG Engine               - class com.almasb.fxgl.audio.AudioPlayer
19:01:31.229 [FXGL Background Thread 3 ] DEBUG Engine               - class com.almasb.fxgl.notification.impl.NotificationServiceProvider
19:01:31.229 [FXGL Background Thread 3 ] DEBUG Engine               - class com.almasb.fxgl.achievement.AchievementService
19:01:31.229 [FXGL Background Thread 3 ] DEBUG Engine               - class com.almasb.fxgl.cutscene.CutsceneService
19:01:31.229 [FXGL Background Thread 3 ] DEBUG Engine               - class com.almasb.fxgl.minigames.MiniGameService
19:01:31.229 [FXGL Background Thread 3 ] DEBUG Engine               - class com.almasb.fxgl.net.NetService
19:01:31.229 [FXGL Background Thread 3 ] DEBUG Engine               - class com.almasb.fxgl.app.services.UpdaterService
19:01:31.229 [FXGL Background Thread 3 ] DEBUG Engine               - class com.almasb.fxgl.dev.DevService
19:01:31.572 [JavaFX Application Thread] DEBUG FXGLAssetLoaderServi - Loading from file system: file:/E:/All%20About%20Dev/OOP/FXGL%20new%20Begining/final%20version/Tower%20Defender/Tower-Defender/target/classes/assets/textures/tank_enemy.png
19:01:31.577 [JavaFX Application Thread] DEBUG FXGLAssetLoaderServi - Loading from file system: file:/E:/All%20About%20Dev/OOP/FXGL%20new%20Begining/final%20version/Tower%20Defender/Tower-Defender/target/classes/assets/textures/tank_bullet.png
19:01:33.899 [JavaFX Application Thread] DEBUG FXGLApplication      - Exiting FXGL
19:01:33.899 [JavaFX Application Thread] DEBUG LoopRunner           - Stopping loop
19:01:33.899 [JavaFX Application Thread] DEBUG SystemBundleService  - Saving FXGL system data
19:01:33.904 [JavaFX Application Thread] DEBUG FileSystemAccess     - Writing to: E:\All About Dev\OOP\FXGL new Begining\final version\Tower Defender\Tower-Defender\system\fxgl.bundle
19:01:33.907 [JavaFX Application Thread] DEBUG Async                - Shutting down background threads
19:01:33.907 [JavaFX Application Thread] DEBUG PrimaryStageWindow   - Closing main window
19:01:33.938 [JavaFX Application Thread] DEBUG Logger               - Closing Logger
