03:49:47.982 [main                     ] DEBUG Logger               - Configured Logger
03:49:48.010 [main                     ] DEBUG GameApplication      - Logging settings
Title: Ghost Hunter
Version: 1.0
Width: 1280
Height: 800
Fullscreen: true
Intro: false
Profiling: false
Single step:false
App Mode: DEVELOPER
Menu Key: ESCAPE
Stage Style: DECORATED
Scene Factory: class com.almasb.fxgl.app.scene.SceneFactory

03:49:49.128 [JavaFX Application Thread] DEBUG FXGLApplication      - Initializing FXGL
03:49:49.139 [JavaFX Application Thread] INFO  Engine               - FXGL-21.1 (27.03.2024 07.52) on WINDOWS (J:21.0.9 FX:21.0.1)
03:49:49.139 [JavaFX Application Thread] DEBUG Engine               - JRE Vendor Name: Oracle Corporation
03:49:49.139 [JavaFX Application Thread] DEBUG Engine               - Running on OS: Windows 11 version 10.0
03:49:49.139 [JavaFX Application Thread] DEBUG Engine               - Architecture: amd64
03:49:49.140 [JavaFX Application Thread] INFO  Engine               - Source code and latest versions at: https://github.com/AlmasB/FXGL
03:49:49.140 [JavaFX Application Thread] INFO  Engine               -       Ask questions and discuss at: https://github.com/AlmasB/FXGL/discussions
03:49:49.140 [JavaFX Application Thread] INFO  Engine               -              Join the FXGL chat at: https://gitter.im/AlmasB/FXGL
03:49:49.352 [JavaFX Application Thread] DEBUG PrimaryStageWindow   - Creating a JavaFX scene
03:49:49.429 [JavaFX Application Thread] DEBUG PrimaryStageWindow   - Target settings size: 1280.0 x 800.0
03:49:49.430 [JavaFX Application Thread] DEBUG PrimaryStageWindow   - Scaled scene size:    1280.0 x 800.0
03:49:49.430 [JavaFX Application Thread] DEBUG PrimaryStageWindow   - Scaled ratio: (1.0, 1.0)
03:49:49.432 [JavaFX Application Thread] DEBUG PrimaryStageWindow   - Set initial scene to FXGLStartupScene
03:49:49.438 [JavaFX Application Thread] DEBUG PrimaryStageWindow   - Opening main window
03:49:49.651 [JavaFX Application Thread] DEBUG PrimaryStageWindow   - Window border size: (14.4000244140625, 37.5999755859375)
03:49:49.652 [JavaFX Application Thread] DEBUG PrimaryStageWindow   - Scaled size: 1280.0 x 800.0
03:49:49.652 [JavaFX Application Thread] DEBUG PrimaryStageWindow   - Scaled ratio: (1.0, 1.0)
03:49:49.653 [JavaFX Application Thread] DEBUG PrimaryStageWindow   - Scene size: 1280.0 x 800.0
03:49:49.653 [JavaFX Application Thread] DEBUG PrimaryStageWindow   - Stage size: 1294.4000244140625 x 837.5999755859375
03:49:49.665 [FXGL Background Thread 1 ] DEBUG Engine               - Initializing environment variables
03:49:49.767 [FXGL Background Thread 1 ] DEBUG FXGLAssetLoaderServi - User app class for loading assets: class org.saikat.Game
03:49:49.768 [FXGL Background Thread 1 ] DEBUG GameApplicationServi - Applying CSS: fxgl_dark.css
03:49:49.771 [FXGL Background Thread 1 ] DEBUG FXGLAssetLoaderServi - Loading from file system: jar:file:/C:/Users/HP/.m2/repository/com/github/almasb/fxgl/21.1/fxgl-21.1.jar!/fxglassets/ui/css/fxgl_dark.css
03:49:49.831 [FXGL Background Thread 1 ] DEBUG GameApplicationServi - Initializing application scenes
03:49:49.910 [FXGL Background Thread 1 ] DEBUG GameWorld            - Game world initialized
03:49:49.993 [FXGL Background Thread 1 ] DEBUG PhysicsWorld         - Physics world initialized: appHeight=800, physics.ppm=50.0
03:49:49.994 [FXGL Background Thread 1 ] DEBUG PhysicsWorld         - Using strategy: BRUTE_FORCE
03:49:49.999 [FXGL Background Thread 1 ] DEBUG GameScene            - Game scene initialized: 1280x800
03:49:50.018 [FXGL Background Thread 1 ] DEBUG FXGL.DefaultMenu     - createMenuBodyGameMenu()
03:49:50.041 [FXGL Background Thread 1 ] DEBUG FXGL.DefaultMenu     - createOptionsMenu()
03:49:50.057 [FXGL Background Thread 1 ] DEBUG FXGLAssetLoaderServi - Loading from file system: jar:file:/C:/Users/HP/.m2/repository/com/github/almasb/fxgl/21.1/fxgl-21.1.jar!/fxglassets/textures/particles/smoke.png
03:49:50.198 [FXGL Background Thread 1 ] DEBUG FXGLAssetLoaderServi - Loading from file system: jar:file:/C:/Users/HP/.m2/repository/com/github/almasb/fxgl/21.1/fxgl-21.1.jar!/fxglassets/textures/particles/trace_horizontal.png
03:49:50.227 [FXGL Background Thread 1 ] DEBUG GameApplicationServi - Application scenes initialized
03:49:50.250 [FXGL Background Thread 1 ] DEBUG SystemBundleService  - Loading FXGL system data
03:49:50.261 [FXGL Background Thread 1 ] DEBUG FileSystemAccess     - Reading from: E:\All About Dev\OOP\FXGL new Begining\final version\Tower Defender\Tower-Defender\system\fxgl.bundle
03:49:50.277 [FXGL Background Thread 1 ] DEBUG SystemBundleService  - Bundle FXGL: {}
03:49:50.277 [FXGL Background Thread 1 ] DEBUG UpdaterService       - Checking for updates
03:49:50.284 [FXGL Background Thread 4 ] DEBUG FXGLApplication      - Loading fonts
03:49:50.284 [FXGL Background Thread 4 ] DEBUG FXGLAssetLoaderServi - Loading from file system: jar:file:/C:/Users/HP/.m2/repository/com/github/almasb/fxgl/21.1/fxgl-21.1.jar!/fxglassets/ui/fonts/VarelaRound-Regular.ttf
03:49:50.284 [FXGL Background Thread 1 ] DEBUG FXGLApplication      - Loading default localization
03:49:50.285 [FXGL Background Thread 1 ] DEBUG FXGLAssetLoaderServi - Loading from file system: jar:file:/C:/Users/HP/.m2/repository/com/github/almasb/fxgl/21.1/fxgl-21.1.jar!/fxglassets/languages/english.lang
03:49:50.327 [FXGL Background Thread 1 ] INFO  FXGLApplication      - FXGL initialization took: 0.662 sec
03:49:50.335 [JavaFX Application Thread] DEBUG Input                - Registered new binding: add tower - LMB
03:49:50.335 [JavaFX Application Thread] DEBUG Input                - Registered new binding: remove tower - RMB
03:49:50.336 [JavaFX Application Thread] DEBUG FXGLAssetLoaderServi - Loading from file system: jar:file:/C:/Users/HP/.m2/repository/com/github/almasb/fxgl/21.1/fxgl-21.1.jar!/fxglassets/textures/fxgl_icon.png
03:49:50.363 [JavaFX Application Thread] DEBUG FXGLAssetLoaderServi - Loading from file system: jar:file:/C:/Users/HP/.m2/repository/com/github/almasb/fxgl/21.1/fxgl-21.1.jar!/fxglassets/textures/fxgl_default_cursor.png
03:49:50.375 [JavaFX Application Thread] DEBUG Input                - Registered new binding: Screenshot - CTRL+8
03:49:50.375 [JavaFX Application Thread] DEBUG Input                - Registered new binding: System info dump - CTRL+9
03:49:50.376 [JavaFX Application Thread] DEBUG Input                - Registered new binding: Restart - CTRL+R
03:49:50.378 [JavaFX Application Thread] DEBUG Input                - Registered new binding: Toggle Debug Camera - CTRL+7
03:49:50.383 [JavaFX Application Thread] DEBUG LoopRunner           - Starting loop
03:49:50.383 [JavaFX Application Thread] DEBUG LoopRunner           - Initializing JavaFX AnimationTimerLoop
03:49:50.386 [JavaFX Application Thread] DEBUG GameApplicationServi - Starting new game
03:49:50.386 [JavaFX Application Thread] DEBUG Input                - Clearing active input actions
03:49:50.405 [JavaFX Application Thread] DEBUG GameApplicationServi - Removing overlay from FXGLStartupScene and adding to FXGLLoadingScene
03:49:50.406 [JavaFX Application Thread] DEBUG PrimaryStageWindow   - FXGLStartupScene -> FXGLLoadingScene
03:49:50.406 [JavaFX Application Thread] DEBUG GameApplicationServi - Clearing previous game
03:49:50.406 [JavaFX Application Thread] DEBUG GameScene            - Clearing game scene
03:49:50.406 [JavaFX Application Thread] DEBUG GameWorld            - Clearing game world
03:49:50.406 [JavaFX Application Thread] DEBUG PhysicsWorld         - Clearing physics world
03:49:50.409 [FXGL Background Thread 1 ] DEBUG FXGLApplication      - Initializing game
03:49:50.505 [FXGL Background Thread 1 ] WARN  TMXLevelLoader       - TiledMap generated from 1.12.2. Supported version: 1.9.0. Some features may not be parsed fully.
03:49:50.545 [FXGL Background Thread 1 ] DEBUG TMXLevelLoader       - Parsed TiledMap: file:/E:/All%20About%20Dev/OOP/FXGL%20new%20Begining/final%20version/Tower%20Defender/Tower-Defender/target/classes/assets/levels/wall.tmx
03:49:50.548 [FXGL Background Thread 1 ] DEBUG TMXLevelLoader       - Creating tile layer entities
03:49:50.552 [FXGL Background Thread 1 ] DEBUG TilesetLoader        - Loading view for layer background
03:49:50.554 [FXGL Background Thread 1 ] DEBUG TilesetLoader        - Created buffer with size 1280.0x800.0
03:49:50.569 [FXGL Background Thread 4 ] DEBUG FXGLAssetLoaderServi - Loading from file system: jar:file:/C:/Users/HP/.m2/repository/com/github/almasb/fxgl/21.1/fxgl-21.1.jar!/fxglassets/ui/fonts/Abel-Regular.ttf
03:49:50.577 [FXGL Background Thread 4 ] DEBUG FXGLAssetLoaderServi - Loading from file system: jar:file:/C:/Users/HP/.m2/repository/com/github/almasb/fxgl/21.1/fxgl-21.1.jar!/fxglassets/ui/fonts/TerminalLandMono-Regular.otf
03:49:50.584 [FXGL Background Thread 4 ] DEBUG FXGLAssetLoaderServi - Loading from file system: jar:file:/C:/Users/HP/.m2/repository/com/github/almasb/fxgl/21.1/fxgl-21.1.jar!/fxglassets/ui/fonts/Courier-Prime.ttf
03:49:50.606 [FXGL Background Thread 1 ] DEBUG TilesetLoader        - Loading view for layer tower spot layer
03:49:50.609 [FXGL Background Thread 1 ] DEBUG TilesetLoader        - Created buffer with size 1280.0x800.0
03:49:50.622 [JavaFX Application Thread] DEBUG FXGLApplication      - Registering font factories with UI factory
03:49:50.623 [FXGL Background Thread 1 ] DEBUG TilesetLoader        - Loading view for layer Road
03:49:50.626 [FXGL Background Thread 1 ] DEBUG TilesetLoader        - Created buffer with size 1280.0x800.0
03:49:50.630 [FXGL Background Thread 1 ] DEBUG TilesetLoader        - Loading view for layer road2
03:49:50.633 [FXGL Background Thread 1 ] DEBUG TilesetLoader        - Created buffer with size 1280.0x800.0
03:49:50.636 [FXGL Background Thread 1 ] WARN  TilesetLoader        - Diagonally flipped tiles are not currently supported
03:49:50.637 [FXGL Background Thread 1 ] WARN  TilesetLoader        - Diagonally flipped tiles are not currently supported
03:49:50.637 [FXGL Background Thread 1 ] WARN  TilesetLoader        - Diagonally flipped tiles are not currently supported
03:49:50.638 [FXGL Background Thread 1 ] WARN  TilesetLoader        - Diagonally flipped tiles are not currently supported
03:49:50.639 [FXGL Background Thread 1 ] WARN  TilesetLoader        - Diagonally flipped tiles are not currently supported
03:49:50.640 [FXGL Background Thread 1 ] WARN  TilesetLoader        - Diagonally flipped tiles are not currently supported
03:49:50.640 [FXGL Background Thread 1 ] WARN  TilesetLoader        - Diagonally flipped tiles are not currently supported
03:49:50.641 [FXGL Background Thread 1 ] WARN  TilesetLoader        - Diagonally flipped tiles are not currently supported
03:49:50.641 [FXGL Background Thread 1 ] WARN  TilesetLoader        - Diagonally flipped tiles are not currently supported
03:49:50.642 [FXGL Background Thread 1 ] WARN  TilesetLoader        - Diagonally flipped tiles are not currently supported
03:49:50.642 [FXGL Background Thread 1 ] WARN  TilesetLoader        - Diagonally flipped tiles are not currently supported
03:49:50.643 [FXGL Background Thread 1 ] WARN  TilesetLoader        - Diagonally flipped tiles are not currently supported
03:49:50.643 [FXGL Background Thread 1 ] WARN  TilesetLoader        - Diagonally flipped tiles are not currently supported
03:49:50.644 [FXGL Background Thread 1 ] WARN  TilesetLoader        - Diagonally flipped tiles are not currently supported
03:49:50.644 [FXGL Background Thread 1 ] WARN  TilesetLoader        - Diagonally flipped tiles are not currently supported
03:49:50.646 [FXGL Background Thread 1 ] WARN  TilesetLoader        - Diagonally flipped tiles are not currently supported
03:49:50.646 [FXGL Background Thread 1 ] WARN  TilesetLoader        - Diagonally flipped tiles are not currently supported
03:49:50.648 [FXGL Background Thread 1 ] WARN  TilesetLoader        - Diagonally flipped tiles are not currently supported
03:49:50.648 [FXGL Background Thread 1 ] WARN  TilesetLoader        - Diagonally flipped tiles are not currently supported
03:49:50.648 [FXGL Background Thread 1 ] WARN  TilesetLoader        - Diagonally flipped tiles are not currently supported
03:49:50.649 [FXGL Background Thread 1 ] WARN  TilesetLoader        - Diagonally flipped tiles are not currently supported
03:49:50.650 [FXGL Background Thread 1 ] WARN  TilesetLoader        - Diagonally flipped tiles are not currently supported
03:49:50.651 [FXGL Background Thread 1 ] WARN  TilesetLoader        - Diagonally flipped tiles are not currently supported
03:49:50.651 [FXGL Background Thread 1 ] WARN  TilesetLoader        - Diagonally flipped tiles are not currently supported
03:49:50.653 [FXGL Background Thread 1 ] WARN  TilesetLoader        - Diagonally flipped tiles are not currently supported
03:49:50.654 [FXGL Background Thread 1 ] WARN  TilesetLoader        - Diagonally flipped tiles are not currently supported
03:49:50.654 [FXGL Background Thread 1 ] WARN  TilesetLoader        - Diagonally flipped tiles are not currently supported
03:49:50.655 [FXGL Background Thread 1 ] WARN  TilesetLoader        - Diagonally flipped tiles are not currently supported
03:49:50.655 [FXGL Background Thread 1 ] WARN  TilesetLoader        - Diagonally flipped tiles are not currently supported
03:49:50.656 [FXGL Background Thread 1 ] WARN  TilesetLoader        - Diagonally flipped tiles are not currently supported
03:49:50.656 [FXGL Background Thread 1 ] WARN  TilesetLoader        - Diagonally flipped tiles are not currently supported
03:49:50.657 [FXGL Background Thread 1 ] WARN  TilesetLoader        - Diagonally flipped tiles are not currently supported
03:49:50.657 [FXGL Background Thread 1 ] WARN  TilesetLoader        - Diagonally flipped tiles are not currently supported
03:49:50.665 [FXGL Background Thread 1 ] WARN  TilesetLoader        - Diagonally flipped tiles are not currently supported
03:49:50.667 [FXGL Background Thread 1 ] WARN  TilesetLoader        - Diagonally flipped tiles are not currently supported
03:49:50.668 [FXGL Background Thread 1 ] WARN  TilesetLoader        - Diagonally flipped tiles are not currently supported
03:49:50.668 [FXGL Background Thread 1 ] WARN  TilesetLoader        - Diagonally flipped tiles are not currently supported
03:49:50.669 [FXGL Background Thread 1 ] WARN  TilesetLoader        - Diagonally flipped tiles are not currently supported
03:49:50.669 [FXGL Background Thread 1 ] WARN  TilesetLoader        - Diagonally flipped tiles are not currently supported
03:49:50.670 [FXGL Background Thread 1 ] WARN  TilesetLoader        - Diagonally flipped tiles are not currently supported
03:49:50.670 [FXGL Background Thread 1 ] WARN  TilesetLoader        - Diagonally flipped tiles are not currently supported
03:49:50.671 [FXGL Background Thread 1 ] WARN  TilesetLoader        - Diagonally flipped tiles are not currently supported
03:49:50.671 [FXGL Background Thread 1 ] WARN  TilesetLoader        - Diagonally flipped tiles are not currently supported
03:49:50.671 [FXGL Background Thread 1 ] WARN  TilesetLoader        - Diagonally flipped tiles are not currently supported
03:49:50.672 [FXGL Background Thread 1 ] WARN  TilesetLoader        - Diagonally flipped tiles are not currently supported
03:49:50.672 [FXGL Background Thread 1 ] WARN  TilesetLoader        - Diagonally flipped tiles are not currently supported
03:49:50.673 [FXGL Background Thread 1 ] WARN  TilesetLoader        - Diagonally flipped tiles are not currently supported
03:49:50.673 [FXGL Background Thread 1 ] WARN  TilesetLoader        - Diagonally flipped tiles are not currently supported
03:49:50.674 [FXGL Background Thread 1 ] WARN  TilesetLoader        - Diagonally flipped tiles are not currently supported
03:49:50.674 [FXGL Background Thread 1 ] WARN  TilesetLoader        - Diagonally flipped tiles are not currently supported
03:49:50.674 [FXGL Background Thread 1 ] WARN  TilesetLoader        - Diagonally flipped tiles are not currently supported
03:49:50.675 [FXGL Background Thread 1 ] WARN  TilesetLoader        - Diagonally flipped tiles are not currently supported
03:49:50.675 [FXGL Background Thread 1 ] WARN  TilesetLoader        - Diagonally flipped tiles are not currently supported
03:49:50.675 [FXGL Background Thread 1 ] WARN  TilesetLoader        - Diagonally flipped tiles are not currently supported
03:49:50.677 [FXGL Background Thread 1 ] WARN  TilesetLoader        - Diagonally flipped tiles are not currently supported
03:49:50.677 [FXGL Background Thread 1 ] WARN  TilesetLoader        - Diagonally flipped tiles are not currently supported
03:49:50.679 [FXGL Background Thread 1 ] WARN  TilesetLoader        - Diagonally flipped tiles are not currently supported
03:49:50.679 [FXGL Background Thread 1 ] WARN  TilesetLoader        - Diagonally flipped tiles are not currently supported
03:49:50.680 [FXGL Background Thread 1 ] WARN  TilesetLoader        - Diagonally flipped tiles are not currently supported
03:49:50.680 [FXGL Background Thread 1 ] WARN  TilesetLoader        - Diagonally flipped tiles are not currently supported
03:49:50.681 [FXGL Background Thread 1 ] WARN  TilesetLoader        - Diagonally flipped tiles are not currently supported
03:49:50.681 [FXGL Background Thread 1 ] WARN  TilesetLoader        - Diagonally flipped tiles are not currently supported
03:49:50.681 [FXGL Background Thread 1 ] WARN  TilesetLoader        - Diagonally flipped tiles are not currently supported
03:49:50.681 [FXGL Background Thread 1 ] WARN  TilesetLoader        - Diagonally flipped tiles are not currently supported
03:49:50.682 [FXGL Background Thread 1 ] WARN  TilesetLoader        - Diagonally flipped tiles are not currently supported
03:49:50.682 [FXGL Background Thread 1 ] WARN  TilesetLoader        - Diagonally flipped tiles are not currently supported
03:49:50.682 [FXGL Background Thread 1 ] WARN  TilesetLoader        - Diagonally flipped tiles are not currently supported
03:49:50.683 [FXGL Background Thread 1 ] WARN  TilesetLoader        - Diagonally flipped tiles are not currently supported
03:49:50.683 [FXGL Background Thread 1 ] WARN  TilesetLoader        - Diagonally flipped tiles are not currently supported
03:49:50.683 [FXGL Background Thread 1 ] WARN  TilesetLoader        - Diagonally flipped tiles are not currently supported
03:49:50.684 [FXGL Background Thread 1 ] WARN  TilesetLoader        - Diagonally flipped tiles are not currently supported
03:49:50.684 [FXGL Background Thread 1 ] WARN  TilesetLoader        - Diagonally flipped tiles are not currently supported
03:49:50.684 [FXGL Background Thread 1 ] WARN  TilesetLoader        - Diagonally flipped tiles are not currently supported
03:49:50.684 [FXGL Background Thread 1 ] WARN  TilesetLoader        - Diagonally flipped tiles are not currently supported
03:49:50.686 [FXGL Background Thread 1 ] WARN  TilesetLoader        - Diagonally flipped tiles are not currently supported
03:49:50.686 [FXGL Background Thread 1 ] WARN  TilesetLoader        - Diagonally flipped tiles are not currently supported
03:49:50.687 [FXGL Background Thread 1 ] WARN  TilesetLoader        - Diagonally flipped tiles are not currently supported
03:49:50.687 [FXGL Background Thread 1 ] WARN  TilesetLoader        - Diagonally flipped tiles are not currently supported
03:49:50.687 [FXGL Background Thread 1 ] WARN  TilesetLoader        - Diagonally flipped tiles are not currently supported
03:49:50.688 [FXGL Background Thread 1 ] WARN  TilesetLoader        - Diagonally flipped tiles are not currently supported
03:49:50.688 [FXGL Background Thread 1 ] WARN  TilesetLoader        - Diagonally flipped tiles are not currently supported
03:49:50.688 [FXGL Background Thread 1 ] WARN  TilesetLoader        - Diagonally flipped tiles are not currently supported
03:49:50.689 [FXGL Background Thread 1 ] WARN  TilesetLoader        - Diagonally flipped tiles are not currently supported
03:49:50.689 [FXGL Background Thread 1 ] WARN  TilesetLoader        - Diagonally flipped tiles are not currently supported
03:49:50.690 [FXGL Background Thread 1 ] WARN  TilesetLoader        - Diagonally flipped tiles are not currently supported
03:49:50.690 [FXGL Background Thread 1 ] WARN  TilesetLoader        - Diagonally flipped tiles are not currently supported
03:49:50.690 [FXGL Background Thread 1 ] WARN  TilesetLoader        - Diagonally flipped tiles are not currently supported
03:49:50.690 [FXGL Background Thread 1 ] WARN  TilesetLoader        - Diagonally flipped tiles are not currently supported
03:49:50.690 [FXGL Background Thread 1 ] WARN  TilesetLoader        - Diagonally flipped tiles are not currently supported
03:49:50.691 [FXGL Background Thread 1 ] WARN  TilesetLoader        - Diagonally flipped tiles are not currently supported
03:49:50.691 [FXGL Background Thread 1 ] WARN  TilesetLoader        - Diagonally flipped tiles are not currently supported
03:49:50.691 [FXGL Background Thread 1 ] WARN  TilesetLoader        - Diagonally flipped tiles are not currently supported
03:49:50.691 [FXGL Background Thread 1 ] WARN  TilesetLoader        - Diagonally flipped tiles are not currently supported
03:49:50.693 [FXGL Background Thread 1 ] WARN  TilesetLoader        - Diagonally flipped tiles are not currently supported
03:49:50.693 [FXGL Background Thread 1 ] WARN  TilesetLoader        - Diagonally flipped tiles are not currently supported
03:49:50.693 [FXGL Background Thread 1 ] WARN  TilesetLoader        - Diagonally flipped tiles are not currently supported
03:49:50.693 [FXGL Background Thread 1 ] WARN  TilesetLoader        - Diagonally flipped tiles are not currently supported
03:49:50.694 [FXGL Background Thread 1 ] WARN  TilesetLoader        - Diagonally flipped tiles are not currently supported
03:49:50.694 [FXGL Background Thread 1 ] WARN  TilesetLoader        - Diagonally flipped tiles are not currently supported
03:49:50.694 [FXGL Background Thread 1 ] WARN  TilesetLoader        - Diagonally flipped tiles are not currently supported
03:49:50.695 [FXGL Background Thread 1 ] WARN  TilesetLoader        - Diagonally flipped tiles are not currently supported
03:49:50.695 [FXGL Background Thread 1 ] WARN  TilesetLoader        - Diagonally flipped tiles are not currently supported
03:49:50.695 [FXGL Background Thread 1 ] WARN  TilesetLoader        - Diagonally flipped tiles are not currently supported
03:49:50.696 [FXGL Background Thread 1 ] WARN  TilesetLoader        - Diagonally flipped tiles are not currently supported
03:49:50.696 [FXGL Background Thread 1 ] WARN  TilesetLoader        - Diagonally flipped tiles are not currently supported
03:49:50.696 [FXGL Background Thread 1 ] WARN  TilesetLoader        - Diagonally flipped tiles are not currently supported
03:49:50.697 [FXGL Background Thread 1 ] WARN  TilesetLoader        - Diagonally flipped tiles are not currently supported
03:49:50.697 [FXGL Background Thread 1 ] WARN  TilesetLoader        - Diagonally flipped tiles are not currently supported
03:49:50.697 [FXGL Background Thread 1 ] WARN  TilesetLoader        - Diagonally flipped tiles are not currently supported
03:49:50.702 [FXGL Background Thread 1 ] WARN  TilesetLoader        - Diagonally flipped tiles are not currently supported
03:49:50.702 [FXGL Background Thread 1 ] WARN  TilesetLoader        - Diagonally flipped tiles are not currently supported
03:49:50.703 [FXGL Background Thread 1 ] WARN  TilesetLoader        - Diagonally flipped tiles are not currently supported
03:49:50.703 [FXGL Background Thread 1 ] WARN  TilesetLoader        - Diagonally flipped tiles are not currently supported
03:49:50.703 [FXGL Background Thread 1 ] WARN  TilesetLoader        - Diagonally flipped tiles are not currently supported
03:49:50.704 [FXGL Background Thread 1 ] WARN  TilesetLoader        - Diagonally flipped tiles are not currently supported
03:49:50.704 [FXGL Background Thread 1 ] WARN  TilesetLoader        - Diagonally flipped tiles are not currently supported
03:49:50.705 [FXGL Background Thread 1 ] WARN  TilesetLoader        - Diagonally flipped tiles are not currently supported
03:49:50.705 [FXGL Background Thread 1 ] WARN  TilesetLoader        - Diagonally flipped tiles are not currently supported
03:49:50.705 [FXGL Background Thread 1 ] WARN  TilesetLoader        - Diagonally flipped tiles are not currently supported
03:49:50.705 [FXGL Background Thread 1 ] WARN  TilesetLoader        - Diagonally flipped tiles are not currently supported
03:49:50.706 [FXGL Background Thread 1 ] WARN  TilesetLoader        - Diagonally flipped tiles are not currently supported
03:49:50.706 [FXGL Background Thread 1 ] WARN  TilesetLoader        - Diagonally flipped tiles are not currently supported
03:49:50.707 [FXGL Background Thread 1 ] WARN  TilesetLoader        - Diagonally flipped tiles are not currently supported
03:49:50.707 [FXGL Background Thread 1 ] WARN  TilesetLoader        - Diagonally flipped tiles are not currently supported
03:49:50.707 [FXGL Background Thread 1 ] WARN  TilesetLoader        - Diagonally flipped tiles are not currently supported
03:49:50.707 [FXGL Background Thread 1 ] WARN  TilesetLoader        - Diagonally flipped tiles are not currently supported
03:49:50.708 [FXGL Background Thread 1 ] WARN  TilesetLoader        - Diagonally flipped tiles are not currently supported
03:49:50.708 [FXGL Background Thread 1 ] WARN  TilesetLoader        - Diagonally flipped tiles are not currently supported
03:49:50.709 [FXGL Background Thread 1 ] WARN  TilesetLoader        - Diagonally flipped tiles are not currently supported
03:49:50.709 [FXGL Background Thread 1 ] WARN  TilesetLoader        - Diagonally flipped tiles are not currently supported
03:49:50.709 [FXGL Background Thread 1 ] WARN  TilesetLoader        - Diagonally flipped tiles are not currently supported
03:49:50.710 [FXGL Background Thread 1 ] WARN  TilesetLoader        - Diagonally flipped tiles are not currently supported
03:49:50.710 [FXGL Background Thread 1 ] WARN  TilesetLoader        - Diagonally flipped tiles are not currently supported
03:49:50.710 [FXGL Background Thread 1 ] WARN  TilesetLoader        - Diagonally flipped tiles are not currently supported
03:49:50.710 [FXGL Background Thread 1 ] WARN  TilesetLoader        - Diagonally flipped tiles are not currently supported
03:49:50.711 [FXGL Background Thread 1 ] WARN  TilesetLoader        - Diagonally flipped tiles are not currently supported
03:49:50.711 [FXGL Background Thread 1 ] WARN  TilesetLoader        - Diagonally flipped tiles are not currently supported
03:49:50.711 [FXGL Background Thread 1 ] WARN  TilesetLoader        - Diagonally flipped tiles are not currently supported
03:49:50.712 [FXGL Background Thread 1 ] WARN  TilesetLoader        - Diagonally flipped tiles are not currently supported
03:49:50.712 [FXGL Background Thread 1 ] WARN  TilesetLoader        - Diagonally flipped tiles are not currently supported
03:49:50.712 [FXGL Background Thread 1 ] WARN  TilesetLoader        - Diagonally flipped tiles are not currently supported
03:49:50.712 [FXGL Background Thread 1 ] WARN  TilesetLoader        - Diagonally flipped tiles are not currently supported
03:49:50.714 [FXGL Background Thread 1 ] WARN  TilesetLoader        - Diagonally flipped tiles are not currently supported
03:49:50.714 [FXGL Background Thread 1 ] WARN  TilesetLoader        - Diagonally flipped tiles are not currently supported
03:49:50.714 [FXGL Background Thread 1 ] WARN  TilesetLoader        - Diagonally flipped tiles are not currently supported
03:49:50.714 [FXGL Background Thread 1 ] WARN  TilesetLoader        - Diagonally flipped tiles are not currently supported
03:49:50.715 [FXGL Background Thread 1 ] WARN  TilesetLoader        - Diagonally flipped tiles are not currently supported
03:49:50.715 [FXGL Background Thread 1 ] WARN  TilesetLoader        - Diagonally flipped tiles are not currently supported
03:49:50.715 [FXGL Background Thread 1 ] WARN  TilesetLoader        - Diagonally flipped tiles are not currently supported
03:49:50.716 [FXGL Background Thread 1 ] DEBUG TilesetLoader        - Loading view for layer road3
03:49:50.719 [FXGL Background Thread 1 ] DEBUG TilesetLoader        - Created buffer with size 1280.0x800.0
03:49:50.721 [FXGL Background Thread 1 ] DEBUG TilesetLoader        - Loading view for layer bg2
03:49:50.722 [FXGL Background Thread 1 ] DEBUG TilesetLoader        - Created buffer with size 1280.0x800.0
03:49:50.852 [FXGL Background Thread 1 ] DEBUG TilesetLoader        - Loading view for layer icons
03:49:50.855 [FXGL Background Thread 1 ] DEBUG TilesetLoader        - Created buffer with size 1280.0x800.0
03:49:50.864 [FXGL Background Thread 1 ] DEBUG TMXLevelLoader       - Creating object layer entities
03:49:50.892 [FXGL Background Thread 1 ] DEBUG GameWorld            - Clearing removable entities
03:49:50.892 [FXGL Background Thread 1 ] DEBUG GameWorld            - Setting level: com.almasb.fxgl.entity.level.Level@12d63107
03:49:50.911 [FXGL Background Thread 1 ] INFO  FXGLApplication      - Game initialization took: 0.502 sec
03:49:50.913 [JavaFX Application Thread] DEBUG Input                - Clearing active input actions
03:49:50.935 [JavaFX Application Thread] DEBUG GameApplicationServi - Removing overlay from FXGLLoadingScene and adding to GameScene
03:49:50.935 [JavaFX Application Thread] DEBUG PrimaryStageWindow   - FXGLLoadingScene -> GameScene
03:49:51.992 [JavaFX Application Thread] DEBUG FXGLAssetLoaderServi - Loading from file system: file:/E:/All%20About%20Dev/OOP/FXGL%20new%20Begining/final%20version/Tower%20Defender/Tower-Defender/target/classes/assets/textures/wolf.png
03:49:52.015 [JavaFX Application Thread] DEBUG FXGLAssetLoaderServi - Loading from file system: file:/E:/All%20About%20Dev/OOP/FXGL%20new%20Begining/final%20version/Tower%20Defender/Tower-Defender/target/classes/assets/textures/bird.png
03:49:52.021 [FXGL Background Thread 2 ] INFO  UpdaterService       - Your current version:  21.1
03:49:52.021 [FXGL Background Thread 2 ] INFO  UpdaterService       - Latest stable version: 25
03:49:52.982 [JavaFX Application Thread] DEBUG PrimaryStageWindow   - Push state: DialogSubScene
03:49:52.983 [JavaFX Application Thread] DEBUG Input                - Clearing active input actions
03:49:52.984 [JavaFX Application Thread] DEBUG GameApplicationServi - Removing overlay from GameScene and adding to DialogSubScene
03:49:52.985 [JavaFX Application Thread] DEBUG PrimaryStageWindow   - GameScene -> DialogSubScene
03:49:53.282 [FXGL Background Thread 3 ] DEBUG Engine               - Logging environment variables
03:49:53.283 [FXGL Background Thread 3 ] DEBUG Engine               - achievements: []
03:49:53.283 [FXGL Background Thread 3 ] DEBUG Engine               - actualHeight: 800.0
03:49:53.283 [FXGL Background Thread 3 ] DEBUG Engine               - actualHeightProperty: ReadOnlyDoubleProperty [value: 800.0]
03:49:53.283 [FXGL Background Thread 3 ] DEBUG Engine               - actualWidth: 1280.0
03:49:53.283 [FXGL Background Thread 3 ] DEBUG Engine               - actualWidthProperty: ReadOnlyDoubleProperty [value: 1280.0]
03:49:53.283 [FXGL Background Thread 3 ] DEBUG Engine               - appIcon: fxgl_icon.png
03:49:53.283 [FXGL Background Thread 3 ] DEBUG Engine               - applicationMode: DEVELOPER
03:49:53.283 [FXGL Background Thread 3 ] DEBUG Engine               - cSSList: [fxgl_dark.css]
03:49:53.283 [FXGL Background Thread 3 ] DEBUG Engine               - collisionDetectionStrategy: BRUTE_FORCE
03:49:53.283 [FXGL Background Thread 3 ] DEBUG Engine               - configClass: Optional.empty
03:49:53.283 [FXGL Background Thread 3 ] DEBUG Engine               - credits: []
03:49:53.284 [FXGL Background Thread 3 ] DEBUG Engine               - defaultCursor: CursorInfo(imageName=fxgl_default_cursor.png, hotspotX=7.0, hotspotY=6.0)
03:49:53.284 [FXGL Background Thread 3 ] DEBUG Engine               - devBBoxColorProperty: ObjectProperty [value: 0xff0000ff]
03:49:53.284 [FXGL Background Thread 3 ] DEBUG Engine               - devEnableDebugCameraProperty: BooleanProperty [value: false]
03:49:53.284 [FXGL Background Thread 3 ] DEBUG Engine               - devSensorColorProperty: ObjectProperty [value: 0xffff00ff]
03:49:53.284 [FXGL Background Thread 3 ] DEBUG Engine               - devShowBBoxProperty: BooleanProperty [value: false]
03:49:53.284 [FXGL Background Thread 3 ] DEBUG Engine               - devShowPositionProperty: BooleanProperty [value: false]
03:49:53.284 [FXGL Background Thread 3 ] DEBUG Engine               - enabledMenuItems: []
03:49:53.284 [FXGL Background Thread 3 ] DEBUG Engine               - engineServices: [class com.almasb.fxgl.app.services.FXGLAssetLoaderService, class com.almasb.fxgl.app.FXGLApplication$GameApplicationService, class com.almasb.fxgl.app.services.FXGLDialogService, class com.almasb.fxgl.app.services.IOTaskExecutorService, class com.almasb.fxgl.io.FileSystemService, class com.almasb.fxgl.localization.LocalizationService, class com.almasb.fxgl.app.services.SystemBundleService, class com.almasb.fxgl.profile.SaveLoadService, class com.almasb.fxgl.ui.FXGLUIFactoryServiceProvider, class com.almasb.fxgl.ui.FXGLDialogFactoryServiceProvider, class com.almasb.fxgl.audio.AudioPlayer, class com.almasb.fxgl.notification.impl.NotificationServiceProvider, class com.almasb.fxgl.achievement.AchievementService, class com.almasb.fxgl.cutscene.CutsceneService, class com.almasb.fxgl.minigames.MiniGameService, class com.almasb.fxgl.net.NetService, class com.almasb.fxgl.app.services.UpdaterService, class com.almasb.fxgl.dev.DevService]
03:49:53.284 [FXGL Background Thread 3 ] DEBUG Engine               - fontGame: Abel-Regular.ttf
03:49:53.284 [FXGL Background Thread 3 ] DEBUG Engine               - fontMono: TerminalLandMono-Regular.otf
03:49:53.284 [FXGL Background Thread 3 ] DEBUG Engine               - fontSizeScaleUI: 1.0
03:49:53.284 [FXGL Background Thread 3 ] DEBUG Engine               - fontText: Courier-Prime.ttf
03:49:53.284 [FXGL Background Thread 3 ] DEBUG Engine               - fontUI: VarelaRound-Regular.ttf
03:49:53.285 [FXGL Background Thread 3 ] DEBUG Engine               - fullScreen: BooleanProperty [value: false]
03:49:53.285 [FXGL Background Thread 3 ] DEBUG Engine               - gameDifficulty: MEDIUM
03:49:53.285 [FXGL Background Thread 3 ] DEBUG Engine               - gameDifficultyProperty: ObjectProperty [value: MEDIUM]
03:49:53.285 [FXGL Background Thread 3 ] DEBUG Engine               - globalMusicVolume: 0.5
03:49:53.285 [FXGL Background Thread 3 ] DEBUG Engine               - globalMusicVolumeProperty: DoubleProperty [value: 0.5]
03:49:53.285 [FXGL Background Thread 3 ] DEBUG Engine               - globalSoundVolume: 0.5
03:49:53.285 [FXGL Background Thread 3 ] DEBUG Engine               - globalSoundVolumeProperty: DoubleProperty [value: 0.5]
03:49:53.285 [FXGL Background Thread 3 ] DEBUG Engine               - height: 800
03:49:53.285 [FXGL Background Thread 3 ] DEBUG Engine               - is3D: false
03:49:53.285 [FXGL Background Thread 3 ] DEBUG Engine               - isAndroid: false
03:49:53.285 [FXGL Background Thread 3 ] DEBUG Engine               - isBrowser: false
03:49:53.285 [FXGL Background Thread 3 ] DEBUG Engine               - isClickFeedbackEnabled: false
03:49:53.285 [FXGL Background Thread 3 ] DEBUG Engine               - isCloseConfirmation: false
03:49:53.285 [FXGL Background Thread 3 ] DEBUG Engine               - isDesktop: true
03:49:53.285 [FXGL Background Thread 3 ] DEBUG Engine               - isDeveloperMenuEnabled: false
03:49:53.285 [FXGL Background Thread 3 ] DEBUG Engine               - isEmbedded: false
03:49:53.285 [FXGL Background Thread 3 ] DEBUG Engine               - isEntityPreloadEnabled: true
03:49:53.285 [FXGL Background Thread 3 ] DEBUG Engine               - isExperimentalTiledLargeMap: false
03:49:53.285 [FXGL Background Thread 3 ] DEBUG Engine               - isFileSystemWriteAllowed: true
03:49:53.285 [FXGL Background Thread 3 ] DEBUG Engine               - isFullScreenAllowed: true
03:49:53.285 [FXGL Background Thread 3 ] DEBUG Engine               - isFullScreenFromStart: false
03:49:53.285 [FXGL Background Thread 3 ] DEBUG Engine               - isGameMenuEnabled: true
03:49:53.285 [FXGL Background Thread 3 ] DEBUG Engine               - isIOS: false
03:49:53.286 [FXGL Background Thread 3 ] DEBUG Engine               - isIntroEnabled: false
03:49:53.286 [FXGL Background Thread 3 ] DEBUG Engine               - isLinux: false
03:49:53.286 [FXGL Background Thread 3 ] DEBUG Engine               - isMac: false
03:49:53.286 [FXGL Background Thread 3 ] DEBUG Engine               - isMainMenuEnabled: false
03:49:53.286 [FXGL Background Thread 3 ] DEBUG Engine               - isManualResizeEnabled: true
03:49:53.286 [FXGL Background Thread 3 ] DEBUG Engine               - isMobile: false
03:49:53.286 [FXGL Background Thread 3 ] DEBUG Engine               - isNative: false
03:49:53.286 [FXGL Background Thread 3 ] DEBUG Engine               - isPauseMusicWhenMinimized: true
03:49:53.286 [FXGL Background Thread 3 ] DEBUG Engine               - isPreserveResizeRatio: false
03:49:53.286 [FXGL Background Thread 3 ] DEBUG Engine               - isProfilingEnabled: false
03:49:53.286 [FXGL Background Thread 3 ] DEBUG Engine               - isScaleAffectedOnResize: true
03:49:53.286 [FXGL Background Thread 3 ] DEBUG Engine               - isSingleStep: false
03:49:53.286 [FXGL Background Thread 3 ] DEBUG Engine               - isUserProfileEnabled: false
03:49:53.286 [FXGL Background Thread 3 ] DEBUG Engine               - isWindows: true
03:49:53.286 [FXGL Background Thread 3 ] DEBUG Engine               - language: ObjectProperty [value: ENGLISH]
03:49:53.286 [FXGL Background Thread 3 ] DEBUG Engine               - menuKey: ESCAPE
03:49:53.286 [FXGL Background Thread 3 ] DEBUG Engine               - mouseSensitivity: 0.2
03:49:53.286 [FXGL Background Thread 3 ] DEBUG Engine               - notificationViewClass: class com.almasb.fxgl.notification.view.XboxNotificationView
03:49:53.286 [FXGL Background Thread 3 ] DEBUG Engine               - pixelsPerMeter: 50.0
03:49:53.286 [FXGL Background Thread 3 ] DEBUG Engine               - platform: WINDOWS
03:49:53.286 [FXGL Background Thread 3 ] DEBUG Engine               - prefHeightProperty: ReadOnlyDoubleProperty [value: 800.0]
03:49:53.286 [FXGL Background Thread 3 ] DEBUG Engine               - prefWidthProperty: ReadOnlyDoubleProperty [value: 1280.0]
03:49:53.286 [FXGL Background Thread 3 ] DEBUG Engine               - profileDir: profiles/
03:49:53.286 [FXGL Background Thread 3 ] DEBUG Engine               - profileName: StringProperty [value: DEFAULT]
03:49:53.286 [FXGL Background Thread 3 ] DEBUG Engine               - randomSeed: -1
03:49:53.287 [FXGL Background Thread 3 ] DEBUG Engine               - runtimeInfo: RuntimeInfo(platform=WINDOWS, version=21.1, build=27.03.2024 07.52)
03:49:53.287 [FXGL Background Thread 3 ] DEBUG Engine               - saveFileExt: sav
03:49:53.287 [FXGL Background Thread 3 ] DEBUG Engine               - scaledHeightProp$fxgl: DoubleProperty [bound, value: 800.0]
03:49:53.287 [FXGL Background Thread 3 ] DEBUG Engine               - scaledWidthProp$fxgl: DoubleProperty [bound, value: 1280.0]
03:49:53.287 [FXGL Background Thread 3 ] DEBUG Engine               - sceneFactory: com.almasb.fxgl.app.scene.SceneFactory@475017eb
03:49:53.287 [FXGL Background Thread 3 ] DEBUG Engine               - secondsIn24h: 60
03:49:53.287 [FXGL Background Thread 3 ] DEBUG Engine               - soundMenuBack: menu/back.wav
03:49:53.287 [FXGL Background Thread 3 ] DEBUG Engine               - soundMenuPress: menu/press.wav
03:49:53.287 [FXGL Background Thread 3 ] DEBUG Engine               - soundMenuSelect: menu/select.wav
03:49:53.287 [FXGL Background Thread 3 ] DEBUG Engine               - soundNotification: core/notification.wav
03:49:53.287 [FXGL Background Thread 3 ] DEBUG Engine               - stageStyle: DECORATED
03:49:53.287 [FXGL Background Thread 3 ] DEBUG Engine               - supportedLanguages: [ENGLISH, FRENCH, GERMAN, HUNGARIAN, RUSSIAN]
03:49:53.287 [FXGL Background Thread 3 ] DEBUG Engine               - ticksPerSecond: -1
03:49:53.287 [FXGL Background Thread 3 ] DEBUG Engine               - title: Ghost Hunter
03:49:53.287 [FXGL Background Thread 3 ] DEBUG Engine               - urlGithub: https://github.com/AlmasB/FXGL
03:49:53.287 [FXGL Background Thread 3 ] DEBUG Engine               - urlLeaderboard: http://fxgl-top.herokuapp.com/
03:49:53.287 [FXGL Background Thread 3 ] DEBUG Engine               - urlPOM: https://raw.githubusercontent.com/AlmasB/FXGL/release/README.md
03:49:53.287 [FXGL Background Thread 3 ] DEBUG Engine               - userAppClass: class org.saikat.Game
03:49:53.287 [FXGL Background Thread 3 ] DEBUG Engine               - version: 1.0
03:49:53.287 [FXGL Background Thread 3 ] DEBUG Engine               - versionCheckDays: 7
03:49:53.287 [FXGL Background Thread 3 ] DEBUG Engine               - width: 1280
03:49:53.288 [FXGL Background Thread 3 ] DEBUG Engine               - Logging services
03:49:53.288 [FXGL Background Thread 3 ] DEBUG Engine               - class com.almasb.fxgl.app.services.FXGLAssetLoaderService
03:49:53.288 [FXGL Background Thread 3 ] DEBUG Engine               - class com.almasb.fxgl.app.FXGLApplication$GameApplicationService
03:49:53.288 [FXGL Background Thread 3 ] DEBUG Engine               - class com.almasb.fxgl.app.services.FXGLDialogService
03:49:53.288 [FXGL Background Thread 3 ] DEBUG Engine               - class com.almasb.fxgl.app.services.IOTaskExecutorService
03:49:53.288 [FXGL Background Thread 3 ] DEBUG Engine               - class com.almasb.fxgl.io.FileSystemService
03:49:53.288 [FXGL Background Thread 3 ] DEBUG Engine               - class com.almasb.fxgl.localization.LocalizationService
03:49:53.288 [FXGL Background Thread 3 ] DEBUG Engine               - class com.almasb.fxgl.app.services.SystemBundleService
03:49:53.288 [FXGL Background Thread 3 ] DEBUG Engine               - class com.almasb.fxgl.profile.SaveLoadService
03:49:53.288 [FXGL Background Thread 3 ] DEBUG Engine               - class com.almasb.fxgl.ui.FXGLUIFactoryServiceProvider
03:49:53.288 [FXGL Background Thread 3 ] DEBUG Engine               - class com.almasb.fxgl.ui.FXGLDialogFactoryServiceProvider
03:49:53.288 [FXGL Background Thread 3 ] DEBUG Engine               - class com.almasb.fxgl.audio.AudioPlayer
03:49:53.288 [FXGL Background Thread 3 ] DEBUG Engine               - class com.almasb.fxgl.notification.impl.NotificationServiceProvider
03:49:53.288 [FXGL Background Thread 3 ] DEBUG Engine               - class com.almasb.fxgl.achievement.AchievementService
03:49:53.288 [FXGL Background Thread 3 ] DEBUG Engine               - class com.almasb.fxgl.cutscene.CutsceneService
03:49:53.288 [FXGL Background Thread 3 ] DEBUG Engine               - class com.almasb.fxgl.minigames.MiniGameService
03:49:53.288 [FXGL Background Thread 3 ] DEBUG Engine               - class com.almasb.fxgl.net.NetService
03:49:53.288 [FXGL Background Thread 3 ] DEBUG Engine               - class com.almasb.fxgl.app.services.UpdaterService
03:49:53.288 [FXGL Background Thread 3 ] DEBUG Engine               - class com.almasb.fxgl.dev.DevService
03:49:55.347 [JavaFX Application Thread] DEBUG PrimaryStageWindow   - Pop state: DialogSubScene
03:49:55.347 [JavaFX Application Thread] DEBUG Input                - Clearing active input actions
03:49:55.349 [JavaFX Application Thread] DEBUG GameApplicationServi - Removing overlay from DialogSubScene and adding to GameScene
03:49:55.349 [JavaFX Application Thread] DEBUG PrimaryStageWindow   - GameScene <- DialogSubScene
03:49:55.349 [JavaFX Application Thread] DEBUG LoopRunner           - Resuming loop
03:49:55.355 [JavaFX Application Thread] DEBUG FXGLAssetLoaderServi - Loading from file system: file:/E:/All%20About%20Dev/OOP/FXGL%20new%20Begining/final%20version/Tower%20Defender/Tower-Defender/target/classes/assets/textures/spell.png
03:49:55.387 [JavaFX Application Thread] DEBUG FXGLAssetLoaderServi - Loading from file system: file:/E:/All%20About%20Dev/OOP/FXGL%20new%20Begining/final%20version/Tower%20Defender/Tower-Defender/target/classes/assets/textures/tank_bullet.png
03:50:13.209 [JavaFX Application Thread] DEBUG PrimaryStageWindow   - Push state: DialogSubScene
03:50:13.209 [JavaFX Application Thread] DEBUG Input                - Clearing active input actions
03:50:13.210 [JavaFX Application Thread] DEBUG GameApplicationServi - Removing overlay from GameScene and adding to DialogSubScene
03:50:13.210 [JavaFX Application Thread] DEBUG PrimaryStageWindow   - GameScene -> DialogSubScene
03:50:26.189 [JavaFX Application Thread] DEBUG PrimaryStageWindow   - Pop state: DialogSubScene
03:50:26.189 [JavaFX Application Thread] DEBUG Input                - Clearing active input actions
03:50:26.189 [JavaFX Application Thread] DEBUG GameApplicationServi - Removing overlay from DialogSubScene and adding to GameScene
03:50:26.190 [JavaFX Application Thread] DEBUG PrimaryStageWindow   - GameScene <- DialogSubScene
03:50:26.190 [JavaFX Application Thread] DEBUG LoopRunner           - Resuming loop
03:50:26.194 [JavaFX Application Thread] DEBUG FXGLAssetLoaderServi - Loading from file system: file:/E:/All%20About%20Dev/OOP/FXGL%20new%20Begining/final%20version/Tower%20Defender/Tower-Defender/target/classes/assets/textures/wildfire.png
03:50:29.366 [JavaFX Application Thread] DEBUG LoopRunner           - Pausing loop
03:50:30.330 [JavaFX Application Thread] DEBUG LoopRunner           - Pausing loop
03:50:32.079 [JavaFX Application Thread] DEBUG PrimaryStageWindow   - Push state: DialogSubScene
03:50:32.079 [JavaFX Application Thread] DEBUG Input                - Clearing active input actions
03:50:32.079 [JavaFX Application Thread] DEBUG GameApplicationServi - Removing overlay from GameScene and adding to DialogSubScene
03:50:32.079 [JavaFX Application Thread] DEBUG PrimaryStageWindow   - GameScene -> DialogSubScene
03:50:37.295 [JavaFX Application Thread] DEBUG PrimaryStageWindow   - Pop state: DialogSubScene
03:50:37.295 [JavaFX Application Thread] DEBUG Input                - Clearing active input actions
03:50:37.296 [JavaFX Application Thread] DEBUG GameApplicationServi - Removing overlay from DialogSubScene and adding to GameScene
03:50:37.296 [JavaFX Application Thread] DEBUG PrimaryStageWindow   - GameScene <- DialogSubScene
03:50:37.296 [JavaFX Application Thread] DEBUG LoopRunner           - Resuming loop
03:51:46.328 [JavaFX Application Thread] DEBUG FXGLApplication      - Exiting FXGL
03:51:46.328 [JavaFX Application Thread] DEBUG LoopRunner           - Stopping loop
03:51:46.328 [JavaFX Application Thread] DEBUG SystemBundleService  - Saving FXGL system data
03:51:46.335 [JavaFX Application Thread] DEBUG FileSystemAccess     - Writing to: E:\All About Dev\OOP\FXGL new Begining\final version\Tower Defender\Tower-Defender\system\fxgl.bundle
03:51:46.340 [JavaFX Application Thread] DEBUG Async                - Shutting down background threads
03:51:46.341 [JavaFX Application Thread] DEBUG PrimaryStageWindow   - Closing main window
03:51:46.374 [JavaFX Application Thread] DEBUG Logger               - Closing Logger
