13:23:15.504 [main                     ] DEBUG Logger               - Configured Logger
13:23:15.528 [main                     ] DEBUG GameApplication      - Logging settings
Title: Ghost Hunter
Version: 1.0
Width: 1280
Height: 800
Fullscreen: true
Intro: false
Profiling: false
Single step:false
App Mode: DEVELOPER
Menu Key: ESCAPE
Stage Style: DECORATED
Scene Factory: class com.almasb.fxgl.app.scene.SceneFactory

13:23:16.376 [JavaFX Application Thread] DEBUG FXGLApplication      - Initializing FXGL
13:23:16.388 [JavaFX Application Thread] INFO  Engine               - FXGL-21.1 (27.03.2024 07.52) on WINDOWS (J:21.0.9 FX:21.0.1)
13:23:16.388 [JavaFX Application Thread] DEBUG Engine               - JRE Vendor Name: Oracle Corporation
13:23:16.388 [JavaFX Application Thread] DEBUG Engine               - Running on OS: Windows 11 version 10.0
13:23:16.389 [JavaFX Application Thread] DEBUG Engine               - Architecture: amd64
13:23:16.389 [JavaFX Application Thread] INFO  Engine               - Source code and latest versions at: https://github.com/AlmasB/FXGL
13:23:16.389 [JavaFX Application Thread] INFO  Engine               -       Ask questions and discuss at: https://github.com/AlmasB/FXGL/discussions
13:23:16.389 [JavaFX Application Thread] INFO  Engine               -              Join the FXGL chat at: https://gitter.im/AlmasB/FXGL
13:23:16.561 [JavaFX Application Thread] DEBUG PrimaryStageWindow   - Creating a JavaFX scene
13:23:16.631 [JavaFX Application Thread] DEBUG PrimaryStageWindow   - Target settings size: 1280.0 x 800.0
13:23:16.631 [JavaFX Application Thread] DEBUG PrimaryStageWindow   - Scaled scene size:    1280.0 x 800.0
13:23:16.631 [JavaFX Application Thread] DEBUG PrimaryStageWindow   - Scaled ratio: (1.0, 1.0)
13:23:16.633 [JavaFX Application Thread] DEBUG PrimaryStageWindow   - Set initial scene to FXGLStartupScene
13:23:16.637 [JavaFX Application Thread] DEBUG PrimaryStageWindow   - Opening main window
13:23:16.787 [JavaFX Application Thread] DEBUG PrimaryStageWindow   - Window border size: (14.4000244140625, 37.5999755859375)
13:23:16.788 [JavaFX Application Thread] DEBUG PrimaryStageWindow   - Scaled size: 1280.0 x 800.0
13:23:16.788 [JavaFX Application Thread] DEBUG PrimaryStageWindow   - Scaled ratio: (1.0, 1.0)
13:23:16.788 [JavaFX Application Thread] DEBUG PrimaryStageWindow   - Scene size: 1280.0 x 800.0
13:23:16.788 [JavaFX Application Thread] DEBUG PrimaryStageWindow   - Stage size: 1294.4000244140625 x 837.5999755859375
13:23:16.804 [FXGL Background Thread 1 ] DEBUG Engine               - Initializing environment variables
13:23:16.892 [FXGL Background Thread 1 ] DEBUG FXGLAssetLoaderServi - User app class for loading assets: class org.saikat.Game
13:23:16.893 [FXGL Background Thread 1 ] DEBUG GameApplicationServi - Applying CSS: fxgl_dark.css
13:23:16.896 [FXGL Background Thread 1 ] DEBUG FXGLAssetLoaderServi - Loading from file system: jar:file:/C:/Users/HP/.m2/repository/com/github/almasb/fxgl/21.1/fxgl-21.1.jar!/fxglassets/ui/css/fxgl_dark.css
13:23:16.952 [FXGL Background Thread 1 ] DEBUG GameApplicationServi - Initializing application scenes
13:23:17.027 [FXGL Background Thread 1 ] DEBUG GameWorld            - Game world initialized
13:23:17.118 [FXGL Background Thread 1 ] DEBUG PhysicsWorld         - Physics world initialized: appHeight=800, physics.ppm=50.0
13:23:17.118 [FXGL Background Thread 1 ] DEBUG PhysicsWorld         - Using strategy: BRUTE_FORCE
13:23:17.123 [FXGL Background Thread 1 ] DEBUG GameScene            - Game scene initialized: 1280x800
13:23:17.136 [FXGL Background Thread 1 ] DEBUG FXGL.DefaultMenu     - createMenuBodyGameMenu()
13:23:17.154 [FXGL Background Thread 1 ] DEBUG FXGL.DefaultMenu     - createOptionsMenu()
13:23:17.169 [FXGL Background Thread 1 ] DEBUG FXGLAssetLoaderServi - Loading from file system: jar:file:/C:/Users/HP/.m2/repository/com/github/almasb/fxgl/21.1/fxgl-21.1.jar!/fxglassets/textures/particles/smoke.png
13:23:17.306 [FXGL Background Thread 1 ] DEBUG FXGLAssetLoaderServi - Loading from file system: jar:file:/C:/Users/HP/.m2/repository/com/github/almasb/fxgl/21.1/fxgl-21.1.jar!/fxglassets/textures/particles/trace_horizontal.png
13:23:17.350 [FXGL Background Thread 1 ] DEBUG GameApplicationServi - Application scenes initialized
13:23:17.370 [FXGL Background Thread 1 ] DEBUG SystemBundleService  - Loading FXGL system data
13:23:17.378 [FXGL Background Thread 1 ] DEBUG FileSystemAccess     - Reading from: E:\All About Dev\OOP\FXGL new Begining\final version\Tower Defender\Tower-Defender\system\fxgl.bundle
13:23:17.398 [FXGL Background Thread 1 ] DEBUG SystemBundleService  - Bundle FXGL: {}
13:23:17.398 [FXGL Background Thread 1 ] DEBUG UpdaterService       - Checking for updates
13:23:17.406 [FXGL Background Thread 4 ] DEBUG FXGLApplication      - Loading fonts
13:23:17.406 [FXGL Background Thread 4 ] DEBUG FXGLAssetLoaderServi - Loading from file system: jar:file:/C:/Users/HP/.m2/repository/com/github/almasb/fxgl/21.1/fxgl-21.1.jar!/fxglassets/ui/fonts/VarelaRound-Regular.ttf
13:23:17.407 [FXGL Background Thread 1 ] DEBUG FXGLApplication      - Loading default localization
13:23:17.408 [FXGL Background Thread 1 ] DEBUG FXGLAssetLoaderServi - Loading from file system: jar:file:/C:/Users/HP/.m2/repository/com/github/almasb/fxgl/21.1/fxgl-21.1.jar!/fxglassets/languages/english.lang
13:23:17.443 [FXGL Background Thread 1 ] INFO  FXGLApplication      - FXGL initialization took: 0.639 sec
13:23:17.451 [JavaFX Application Thread] DEBUG Input                - Registered new binding: add tower - LMB
13:23:17.451 [JavaFX Application Thread] DEBUG Input                - Registered new binding: remove tower - RMB
13:23:17.452 [JavaFX Application Thread] DEBUG FXGLAssetLoaderServi - Loading from file system: jar:file:/C:/Users/HP/.m2/repository/com/github/almasb/fxgl/21.1/fxgl-21.1.jar!/fxglassets/textures/fxgl_icon.png
13:23:17.475 [JavaFX Application Thread] DEBUG FXGLAssetLoaderServi - Loading from file system: jar:file:/C:/Users/HP/.m2/repository/com/github/almasb/fxgl/21.1/fxgl-21.1.jar!/fxglassets/textures/fxgl_default_cursor.png
13:23:17.486 [JavaFX Application Thread] DEBUG Input                - Registered new binding: Screenshot - CTRL+8
13:23:17.488 [JavaFX Application Thread] DEBUG Input                - Registered new binding: System info dump - CTRL+9
13:23:17.488 [JavaFX Application Thread] DEBUG Input                - Registered new binding: Restart - CTRL+R
13:23:17.490 [JavaFX Application Thread] DEBUG Input                - Registered new binding: Toggle Debug Camera - CTRL+7
13:23:17.494 [JavaFX Application Thread] DEBUG LoopRunner           - Starting loop
13:23:17.494 [JavaFX Application Thread] DEBUG LoopRunner           - Initializing JavaFX AnimationTimerLoop
13:23:17.496 [JavaFX Application Thread] DEBUG GameApplicationServi - Starting new game
13:23:17.497 [JavaFX Application Thread] DEBUG Input                - Clearing active input actions
13:23:17.512 [JavaFX Application Thread] DEBUG GameApplicationServi - Removing overlay from FXGLStartupScene and adding to FXGLLoadingScene
13:23:17.513 [JavaFX Application Thread] DEBUG PrimaryStageWindow   - FXGLStartupScene -> FXGLLoadingScene
13:23:17.513 [JavaFX Application Thread] DEBUG GameApplicationServi - Clearing previous game
13:23:17.513 [JavaFX Application Thread] DEBUG GameScene            - Clearing game scene
13:23:17.513 [JavaFX Application Thread] DEBUG GameWorld            - Clearing game world
13:23:17.513 [JavaFX Application Thread] DEBUG PhysicsWorld         - Clearing physics world
13:23:17.516 [FXGL Background Thread 1 ] DEBUG FXGLApplication      - Initializing game
13:23:17.607 [FXGL Background Thread 1 ] WARN  TMXLevelLoader       - TiledMap generated from 1.12.2. Supported version: 1.9.0. Some features may not be parsed fully.
13:23:17.647 [FXGL Background Thread 1 ] DEBUG TMXLevelLoader       - Parsed TiledMap: file:/E:/All%20About%20Dev/OOP/FXGL%20new%20Begining/final%20version/Tower%20Defender/Tower-Defender/target/classes/assets/levels/wall.tmx
13:23:17.650 [FXGL Background Thread 1 ] DEBUG TMXLevelLoader       - Creating tile layer entities
13:23:17.655 [FXGL Background Thread 1 ] DEBUG TilesetLoader        - Loading view for layer icons
13:23:17.657 [FXGL Background Thread 1 ] DEBUG TilesetLoader        - Created buffer with size 1280.0x800.0
13:23:17.670 [FXGL Background Thread 4 ] DEBUG FXGLAssetLoaderServi - Loading from file system: jar:file:/C:/Users/HP/.m2/repository/com/github/almasb/fxgl/21.1/fxgl-21.1.jar!/fxglassets/ui/fonts/Abel-Regular.ttf
13:23:17.678 [FXGL Background Thread 4 ] DEBUG FXGLAssetLoaderServi - Loading from file system: jar:file:/C:/Users/HP/.m2/repository/com/github/almasb/fxgl/21.1/fxgl-21.1.jar!/fxglassets/ui/fonts/TerminalLandMono-Regular.otf
13:23:17.679 [FXGL Background Thread 1 ] DEBUG TilesetLoader        - Loading view for layer background
13:23:17.681 [FXGL Background Thread 1 ] DEBUG TilesetLoader        - Created buffer with size 1280.0x800.0
13:23:17.685 [FXGL Background Thread 4 ] DEBUG FXGLAssetLoaderServi - Loading from file system: jar:file:/C:/Users/HP/.m2/repository/com/github/almasb/fxgl/21.1/fxgl-21.1.jar!/fxglassets/ui/fonts/Courier-Prime.ttf
13:23:17.713 [JavaFX Application Thread] DEBUG FXGLApplication      - Registering font factories with UI factory
13:23:17.782 [FXGL Background Thread 1 ] DEBUG TilesetLoader        - Loading view for layer tower spot layer
13:23:17.785 [FXGL Background Thread 1 ] DEBUG TilesetLoader        - Created buffer with size 1280.0x800.0
13:23:17.796 [FXGL Background Thread 1 ] DEBUG TilesetLoader        - Loading view for layer Road
13:23:17.799 [FXGL Background Thread 1 ] DEBUG TilesetLoader        - Created buffer with size 1280.0x800.0
13:23:17.803 [FXGL Background Thread 1 ] DEBUG TilesetLoader        - Loading view for layer road2
13:23:17.805 [FXGL Background Thread 1 ] DEBUG TilesetLoader        - Created buffer with size 1280.0x800.0
13:23:17.809 [FXGL Background Thread 1 ] WARN  TilesetLoader        - Diagonally flipped tiles are not currently supported
13:23:17.810 [FXGL Background Thread 1 ] WARN  TilesetLoader        - Diagonally flipped tiles are not currently supported
13:23:17.811 [FXGL Background Thread 1 ] WARN  TilesetLoader        - Diagonally flipped tiles are not currently supported
13:23:17.820 [FXGL Background Thread 1 ] WARN  TilesetLoader        - Diagonally flipped tiles are not currently supported
13:23:17.821 [FXGL Background Thread 1 ] WARN  TilesetLoader        - Diagonally flipped tiles are not currently supported
13:23:17.822 [FXGL Background Thread 1 ] WARN  TilesetLoader        - Diagonally flipped tiles are not currently supported
13:23:17.822 [FXGL Background Thread 1 ] WARN  TilesetLoader        - Diagonally flipped tiles are not currently supported
13:23:17.823 [FXGL Background Thread 1 ] WARN  TilesetLoader        - Diagonally flipped tiles are not currently supported
13:23:17.824 [FXGL Background Thread 1 ] WARN  TilesetLoader        - Diagonally flipped tiles are not currently supported
13:23:17.825 [FXGL Background Thread 1 ] WARN  TilesetLoader        - Diagonally flipped tiles are not currently supported
13:23:17.825 [FXGL Background Thread 1 ] WARN  TilesetLoader        - Diagonally flipped tiles are not currently supported
13:23:17.826 [FXGL Background Thread 1 ] WARN  TilesetLoader        - Diagonally flipped tiles are not currently supported
13:23:17.827 [FXGL Background Thread 1 ] WARN  TilesetLoader        - Diagonally flipped tiles are not currently supported
13:23:17.828 [FXGL Background Thread 1 ] WARN  TilesetLoader        - Diagonally flipped tiles are not currently supported
13:23:17.828 [FXGL Background Thread 1 ] WARN  TilesetLoader        - Diagonally flipped tiles are not currently supported
13:23:17.829 [FXGL Background Thread 1 ] WARN  TilesetLoader        - Diagonally flipped tiles are not currently supported
13:23:17.830 [FXGL Background Thread 1 ] WARN  TilesetLoader        - Diagonally flipped tiles are not currently supported
13:23:17.830 [FXGL Background Thread 1 ] WARN  TilesetLoader        - Diagonally flipped tiles are not currently supported
13:23:17.831 [FXGL Background Thread 1 ] WARN  TilesetLoader        - Diagonally flipped tiles are not currently supported
13:23:17.831 [FXGL Background Thread 1 ] WARN  TilesetLoader        - Diagonally flipped tiles are not currently supported
13:23:17.832 [FXGL Background Thread 1 ] WARN  TilesetLoader        - Diagonally flipped tiles are not currently supported
13:23:17.832 [FXGL Background Thread 1 ] WARN  TilesetLoader        - Diagonally flipped tiles are not currently supported
13:23:17.832 [FXGL Background Thread 1 ] WARN  TilesetLoader        - Diagonally flipped tiles are not currently supported
13:23:17.833 [FXGL Background Thread 1 ] WARN  TilesetLoader        - Diagonally flipped tiles are not currently supported
13:23:17.833 [FXGL Background Thread 1 ] WARN  TilesetLoader        - Diagonally flipped tiles are not currently supported
13:23:17.833 [FXGL Background Thread 1 ] WARN  TilesetLoader        - Diagonally flipped tiles are not currently supported
13:23:17.834 [FXGL Background Thread 1 ] WARN  TilesetLoader        - Diagonally flipped tiles are not currently supported
13:23:17.834 [FXGL Background Thread 1 ] WARN  TilesetLoader        - Diagonally flipped tiles are not currently supported
13:23:17.834 [FXGL Background Thread 1 ] WARN  TilesetLoader        - Diagonally flipped tiles are not currently supported
13:23:17.835 [FXGL Background Thread 1 ] WARN  TilesetLoader        - Diagonally flipped tiles are not currently supported
13:23:17.835 [FXGL Background Thread 1 ] WARN  TilesetLoader        - Diagonally flipped tiles are not currently supported
13:23:17.835 [FXGL Background Thread 1 ] WARN  TilesetLoader        - Diagonally flipped tiles are not currently supported
13:23:17.836 [FXGL Background Thread 1 ] WARN  TilesetLoader        - Diagonally flipped tiles are not currently supported
13:23:17.836 [FXGL Background Thread 1 ] WARN  TilesetLoader        - Diagonally flipped tiles are not currently supported
13:23:17.837 [FXGL Background Thread 1 ] WARN  TilesetLoader        - Diagonally flipped tiles are not currently supported
13:23:17.837 [FXGL Background Thread 1 ] WARN  TilesetLoader        - Diagonally flipped tiles are not currently supported
13:23:17.838 [FXGL Background Thread 1 ] WARN  TilesetLoader        - Diagonally flipped tiles are not currently supported
13:23:17.838 [FXGL Background Thread 1 ] WARN  TilesetLoader        - Diagonally flipped tiles are not currently supported
13:23:17.838 [FXGL Background Thread 1 ] WARN  TilesetLoader        - Diagonally flipped tiles are not currently supported
13:23:17.839 [FXGL Background Thread 1 ] WARN  TilesetLoader        - Diagonally flipped tiles are not currently supported
13:23:17.839 [FXGL Background Thread 1 ] WARN  TilesetLoader        - Diagonally flipped tiles are not currently supported
13:23:17.839 [FXGL Background Thread 1 ] WARN  TilesetLoader        - Diagonally flipped tiles are not currently supported
13:23:17.840 [FXGL Background Thread 1 ] WARN  TilesetLoader        - Diagonally flipped tiles are not currently supported
13:23:17.840 [FXGL Background Thread 1 ] WARN  TilesetLoader        - Diagonally flipped tiles are not currently supported
13:23:17.841 [FXGL Background Thread 1 ] WARN  TilesetLoader        - Diagonally flipped tiles are not currently supported
13:23:17.846 [FXGL Background Thread 1 ] WARN  TilesetLoader        - Diagonally flipped tiles are not currently supported
13:23:17.847 [FXGL Background Thread 1 ] WARN  TilesetLoader        - Diagonally flipped tiles are not currently supported
13:23:17.847 [FXGL Background Thread 1 ] WARN  TilesetLoader        - Diagonally flipped tiles are not currently supported
13:23:17.848 [FXGL Background Thread 1 ] WARN  TilesetLoader        - Diagonally flipped tiles are not currently supported
13:23:17.848 [FXGL Background Thread 1 ] WARN  TilesetLoader        - Diagonally flipped tiles are not currently supported
13:23:17.849 [FXGL Background Thread 1 ] WARN  TilesetLoader        - Diagonally flipped tiles are not currently supported
13:23:17.849 [FXGL Background Thread 1 ] WARN  TilesetLoader        - Diagonally flipped tiles are not currently supported
13:23:17.849 [FXGL Background Thread 1 ] WARN  TilesetLoader        - Diagonally flipped tiles are not currently supported
13:23:17.850 [FXGL Background Thread 1 ] WARN  TilesetLoader        - Diagonally flipped tiles are not currently supported
13:23:17.850 [FXGL Background Thread 1 ] WARN  TilesetLoader        - Diagonally flipped tiles are not currently supported
13:23:17.850 [FXGL Background Thread 1 ] WARN  TilesetLoader        - Diagonally flipped tiles are not currently supported
13:23:17.850 [FXGL Background Thread 1 ] WARN  TilesetLoader        - Diagonally flipped tiles are not currently supported
13:23:17.851 [FXGL Background Thread 1 ] WARN  TilesetLoader        - Diagonally flipped tiles are not currently supported
13:23:17.851 [FXGL Background Thread 1 ] WARN  TilesetLoader        - Diagonally flipped tiles are not currently supported
13:23:17.851 [FXGL Background Thread 1 ] WARN  TilesetLoader        - Diagonally flipped tiles are not currently supported
13:23:17.851 [FXGL Background Thread 1 ] WARN  TilesetLoader        - Diagonally flipped tiles are not currently supported
13:23:17.852 [FXGL Background Thread 1 ] WARN  TilesetLoader        - Diagonally flipped tiles are not currently supported
13:23:17.852 [FXGL Background Thread 1 ] WARN  TilesetLoader        - Diagonally flipped tiles are not currently supported
13:23:17.852 [FXGL Background Thread 1 ] WARN  TilesetLoader        - Diagonally flipped tiles are not currently supported
13:23:17.852 [FXGL Background Thread 1 ] WARN  TilesetLoader        - Diagonally flipped tiles are not currently supported
13:23:17.853 [FXGL Background Thread 1 ] WARN  TilesetLoader        - Diagonally flipped tiles are not currently supported
13:23:17.853 [FXGL Background Thread 1 ] WARN  TilesetLoader        - Diagonally flipped tiles are not currently supported
13:23:17.853 [FXGL Background Thread 1 ] WARN  TilesetLoader        - Diagonally flipped tiles are not currently supported
13:23:17.854 [FXGL Background Thread 1 ] WARN  TilesetLoader        - Diagonally flipped tiles are not currently supported
13:23:17.854 [FXGL Background Thread 1 ] WARN  TilesetLoader        - Diagonally flipped tiles are not currently supported
13:23:17.854 [FXGL Background Thread 1 ] WARN  TilesetLoader        - Diagonally flipped tiles are not currently supported
13:23:17.855 [FXGL Background Thread 1 ] WARN  TilesetLoader        - Diagonally flipped tiles are not currently supported
13:23:17.855 [FXGL Background Thread 1 ] WARN  TilesetLoader        - Diagonally flipped tiles are not currently supported
13:23:17.855 [FXGL Background Thread 1 ] WARN  TilesetLoader        - Diagonally flipped tiles are not currently supported
13:23:17.855 [FXGL Background Thread 1 ] WARN  TilesetLoader        - Diagonally flipped tiles are not currently supported
13:23:17.855 [FXGL Background Thread 1 ] WARN  TilesetLoader        - Diagonally flipped tiles are not currently supported
13:23:17.856 [FXGL Background Thread 1 ] WARN  TilesetLoader        - Diagonally flipped tiles are not currently supported
13:23:17.856 [FXGL Background Thread 1 ] WARN  TilesetLoader        - Diagonally flipped tiles are not currently supported
13:23:17.856 [FXGL Background Thread 1 ] WARN  TilesetLoader        - Diagonally flipped tiles are not currently supported
13:23:17.856 [FXGL Background Thread 1 ] WARN  TilesetLoader        - Diagonally flipped tiles are not currently supported
13:23:17.857 [FXGL Background Thread 1 ] WARN  TilesetLoader        - Diagonally flipped tiles are not currently supported
13:23:17.857 [FXGL Background Thread 1 ] WARN  TilesetLoader        - Diagonally flipped tiles are not currently supported
13:23:17.857 [FXGL Background Thread 1 ] WARN  TilesetLoader        - Diagonally flipped tiles are not currently supported
13:23:17.858 [FXGL Background Thread 1 ] WARN  TilesetLoader        - Diagonally flipped tiles are not currently supported
13:23:17.858 [FXGL Background Thread 1 ] WARN  TilesetLoader        - Diagonally flipped tiles are not currently supported
13:23:17.859 [FXGL Background Thread 1 ] WARN  TilesetLoader        - Diagonally flipped tiles are not currently supported
13:23:17.859 [FXGL Background Thread 1 ] WARN  TilesetLoader        - Diagonally flipped tiles are not currently supported
13:23:17.859 [FXGL Background Thread 1 ] WARN  TilesetLoader        - Diagonally flipped tiles are not currently supported
13:23:17.860 [FXGL Background Thread 1 ] WARN  TilesetLoader        - Diagonally flipped tiles are not currently supported
13:23:17.860 [FXGL Background Thread 1 ] WARN  TilesetLoader        - Diagonally flipped tiles are not currently supported
13:23:17.861 [FXGL Background Thread 1 ] WARN  TilesetLoader        - Diagonally flipped tiles are not currently supported
13:23:17.861 [FXGL Background Thread 1 ] WARN  TilesetLoader        - Diagonally flipped tiles are not currently supported
13:23:17.861 [FXGL Background Thread 1 ] WARN  TilesetLoader        - Diagonally flipped tiles are not currently supported
13:23:17.862 [FXGL Background Thread 1 ] WARN  TilesetLoader        - Diagonally flipped tiles are not currently supported
13:23:17.862 [FXGL Background Thread 1 ] WARN  TilesetLoader        - Diagonally flipped tiles are not currently supported
13:23:17.862 [FXGL Background Thread 1 ] WARN  TilesetLoader        - Diagonally flipped tiles are not currently supported
13:23:17.863 [FXGL Background Thread 1 ] WARN  TilesetLoader        - Diagonally flipped tiles are not currently supported
13:23:17.863 [FXGL Background Thread 1 ] WARN  TilesetLoader        - Diagonally flipped tiles are not currently supported
13:23:17.864 [FXGL Background Thread 1 ] WARN  TilesetLoader        - Diagonally flipped tiles are not currently supported
13:23:17.865 [FXGL Background Thread 1 ] WARN  TilesetLoader        - Diagonally flipped tiles are not currently supported
13:23:17.865 [FXGL Background Thread 1 ] WARN  TilesetLoader        - Diagonally flipped tiles are not currently supported
13:23:17.866 [FXGL Background Thread 1 ] WARN  TilesetLoader        - Diagonally flipped tiles are not currently supported
13:23:17.866 [FXGL Background Thread 1 ] WARN  TilesetLoader        - Diagonally flipped tiles are not currently supported
13:23:17.867 [FXGL Background Thread 1 ] WARN  TilesetLoader        - Diagonally flipped tiles are not currently supported
13:23:17.868 [FXGL Background Thread 1 ] WARN  TilesetLoader        - Diagonally flipped tiles are not currently supported
13:23:17.870 [FXGL Background Thread 1 ] WARN  TilesetLoader        - Diagonally flipped tiles are not currently supported
13:23:17.871 [FXGL Background Thread 1 ] WARN  TilesetLoader        - Diagonally flipped tiles are not currently supported
13:23:17.872 [FXGL Background Thread 1 ] WARN  TilesetLoader        - Diagonally flipped tiles are not currently supported
13:23:17.872 [FXGL Background Thread 1 ] WARN  TilesetLoader        - Diagonally flipped tiles are not currently supported
13:23:17.873 [FXGL Background Thread 1 ] WARN  TilesetLoader        - Diagonally flipped tiles are not currently supported
13:23:17.873 [FXGL Background Thread 1 ] WARN  TilesetLoader        - Diagonally flipped tiles are not currently supported
13:23:17.874 [FXGL Background Thread 1 ] WARN  TilesetLoader        - Diagonally flipped tiles are not currently supported
13:23:17.874 [FXGL Background Thread 1 ] WARN  TilesetLoader        - Diagonally flipped tiles are not currently supported
13:23:17.875 [FXGL Background Thread 1 ] WARN  TilesetLoader        - Diagonally flipped tiles are not currently supported
13:23:17.875 [FXGL Background Thread 1 ] WARN  TilesetLoader        - Diagonally flipped tiles are not currently supported
13:23:17.876 [FXGL Background Thread 1 ] WARN  TilesetLoader        - Diagonally flipped tiles are not currently supported
13:23:17.876 [FXGL Background Thread 1 ] WARN  TilesetLoader        - Diagonally flipped tiles are not currently supported
13:23:17.876 [FXGL Background Thread 1 ] WARN  TilesetLoader        - Diagonally flipped tiles are not currently supported
13:23:17.877 [FXGL Background Thread 1 ] WARN  TilesetLoader        - Diagonally flipped tiles are not currently supported
13:23:17.877 [FXGL Background Thread 1 ] WARN  TilesetLoader        - Diagonally flipped tiles are not currently supported
13:23:17.878 [FXGL Background Thread 1 ] WARN  TilesetLoader        - Diagonally flipped tiles are not currently supported
13:23:17.881 [FXGL Background Thread 1 ] WARN  TilesetLoader        - Diagonally flipped tiles are not currently supported
13:23:17.882 [FXGL Background Thread 1 ] WARN  TilesetLoader        - Diagonally flipped tiles are not currently supported
13:23:17.883 [FXGL Background Thread 1 ] WARN  TilesetLoader        - Diagonally flipped tiles are not currently supported
13:23:17.883 [FXGL Background Thread 1 ] WARN  TilesetLoader        - Diagonally flipped tiles are not currently supported
13:23:17.884 [FXGL Background Thread 1 ] WARN  TilesetLoader        - Diagonally flipped tiles are not currently supported
13:23:17.884 [FXGL Background Thread 1 ] WARN  TilesetLoader        - Diagonally flipped tiles are not currently supported
13:23:17.885 [FXGL Background Thread 1 ] WARN  TilesetLoader        - Diagonally flipped tiles are not currently supported
13:23:17.885 [FXGL Background Thread 1 ] WARN  TilesetLoader        - Diagonally flipped tiles are not currently supported
13:23:17.885 [FXGL Background Thread 1 ] WARN  TilesetLoader        - Diagonally flipped tiles are not currently supported
13:23:17.885 [FXGL Background Thread 1 ] WARN  TilesetLoader        - Diagonally flipped tiles are not currently supported
13:23:17.886 [FXGL Background Thread 1 ] WARN  TilesetLoader        - Diagonally flipped tiles are not currently supported
13:23:17.886 [FXGL Background Thread 1 ] WARN  TilesetLoader        - Diagonally flipped tiles are not currently supported
13:23:17.886 [FXGL Background Thread 1 ] WARN  TilesetLoader        - Diagonally flipped tiles are not currently supported
13:23:17.886 [FXGL Background Thread 1 ] WARN  TilesetLoader        - Diagonally flipped tiles are not currently supported
13:23:17.887 [FXGL Background Thread 1 ] WARN  TilesetLoader        - Diagonally flipped tiles are not currently supported
13:23:17.887 [FXGL Background Thread 1 ] WARN  TilesetLoader        - Diagonally flipped tiles are not currently supported
13:23:17.887 [FXGL Background Thread 1 ] WARN  TilesetLoader        - Diagonally flipped tiles are not currently supported
13:23:17.887 [FXGL Background Thread 1 ] WARN  TilesetLoader        - Diagonally flipped tiles are not currently supported
13:23:17.888 [FXGL Background Thread 1 ] WARN  TilesetLoader        - Diagonally flipped tiles are not currently supported
13:23:17.888 [FXGL Background Thread 1 ] WARN  TilesetLoader        - Diagonally flipped tiles are not currently supported
13:23:17.889 [FXGL Background Thread 1 ] WARN  TilesetLoader        - Diagonally flipped tiles are not currently supported
13:23:17.889 [FXGL Background Thread 1 ] WARN  TilesetLoader        - Diagonally flipped tiles are not currently supported
13:23:17.889 [FXGL Background Thread 1 ] WARN  TilesetLoader        - Diagonally flipped tiles are not currently supported
13:23:17.890 [FXGL Background Thread 1 ] WARN  TilesetLoader        - Diagonally flipped tiles are not currently supported
13:23:17.890 [FXGL Background Thread 1 ] WARN  TilesetLoader        - Diagonally flipped tiles are not currently supported
13:23:17.891 [FXGL Background Thread 1 ] WARN  TilesetLoader        - Diagonally flipped tiles are not currently supported
13:23:17.891 [FXGL Background Thread 1 ] WARN  TilesetLoader        - Diagonally flipped tiles are not currently supported
13:23:17.892 [FXGL Background Thread 1 ] WARN  TilesetLoader        - Diagonally flipped tiles are not currently supported
13:23:17.893 [FXGL Background Thread 1 ] DEBUG TilesetLoader        - Loading view for layer road3
13:23:17.896 [FXGL Background Thread 1 ] DEBUG TilesetLoader        - Created buffer with size 1280.0x800.0
13:23:17.898 [FXGL Background Thread 1 ] DEBUG TilesetLoader        - Loading view for layer bg2
13:23:17.899 [FXGL Background Thread 1 ] DEBUG TilesetLoader        - Created buffer with size 1280.0x800.0
13:23:17.902 [FXGL Background Thread 1 ] WARN  TilesetLoader        - Diagonally flipped tiles are not currently supported
13:23:17.902 [FXGL Background Thread 1 ] WARN  TilesetLoader        - Diagonally flipped tiles are not currently supported
13:23:17.903 [FXGL Background Thread 1 ] WARN  TilesetLoader        - Diagonally flipped tiles are not currently supported
13:23:17.903 [FXGL Background Thread 1 ] WARN  TilesetLoader        - Diagonally flipped tiles are not currently supported
13:23:17.903 [FXGL Background Thread 1 ] WARN  TilesetLoader        - Diagonally flipped tiles are not currently supported
13:23:17.904 [FXGL Background Thread 1 ] WARN  TilesetLoader        - Diagonally flipped tiles are not currently supported
13:23:17.904 [FXGL Background Thread 1 ] WARN  TilesetLoader        - Diagonally flipped tiles are not currently supported
13:23:17.907 [FXGL Background Thread 1 ] DEBUG TMXLevelLoader       - Creating object layer entities
13:23:17.937 [FXGL Background Thread 1 ] DEBUG GameWorld            - Clearing removable entities
13:23:17.939 [FXGL Background Thread 1 ] DEBUG GameWorld            - Setting level: com.almasb.fxgl.entity.level.Level@2816f5d0
13:23:17.949 [FXGL Background Thread 1 ] DEBUG FXGLAssetLoaderServi - Loading from file system: file:/E:/All%20About%20Dev/OOP/FXGL%20new%20Begining/final%20version/Tower%20Defender/Tower-Defender/target/classes/assets/textures/life.png
13:23:17.953 [FXGL Background Thread 1 ] DEBUG FXGLAssetLoaderServi - Loading from file system: file:/E:/All%20About%20Dev/OOP/FXGL%20new%20Begining/final%20version/Tower%20Defender/Tower-Defender/target/classes/assets/textures/skull.png
13:23:17.978 [FXGL Background Thread 1 ] INFO  FXGLApplication      - Game initialization took: 0.462 sec
13:23:17.993 [JavaFX Application Thread] DEBUG Input                - Clearing active input actions
13:23:18.007 [JavaFX Application Thread] DEBUG GameApplicationServi - Removing overlay from FXGLLoadingScene and adding to GameScene
13:23:18.007 [JavaFX Application Thread] DEBUG PrimaryStageWindow   - FXGLLoadingScene -> GameScene
13:23:18.032 [JavaFX Application Thread] DEBUG FXGLAssetLoaderServi - Loading from file system: file:/E:/All%20About%20Dev/OOP/FXGL%20new%20Begining/final%20version/Tower%20Defender/Tower-Defender/target/classes/assets/textures/wolf.png
13:23:18.051 [JavaFX Application Thread] DEBUG FXGLAssetLoaderServi - Loading from file system: file:/E:/All%20About%20Dev/OOP/FXGL%20new%20Begining/final%20version/Tower%20Defender/Tower-Defender/target/classes/assets/textures/bird.png
13:23:18.610 [FXGL Background Thread 2 ] INFO  UpdaterService       - Your current version:  21.1
13:23:18.611 [FXGL Background Thread 2 ] INFO  UpdaterService       - Latest stable version: 25
13:23:19.519 [JavaFX Application Thread] DEBUG PrimaryStageWindow   - Push state: DialogSubScene
13:23:19.520 [JavaFX Application Thread] DEBUG Input                - Clearing active input actions
13:23:19.524 [JavaFX Application Thread] DEBUG GameApplicationServi - Removing overlay from GameScene and adding to DialogSubScene
13:23:19.524 [JavaFX Application Thread] DEBUG PrimaryStageWindow   - GameScene -> DialogSubScene
13:23:20.404 [FXGL Background Thread 3 ] DEBUG Engine               - Logging environment variables
13:23:20.405 [FXGL Background Thread 3 ] DEBUG Engine               - achievements: []
13:23:20.405 [FXGL Background Thread 3 ] DEBUG Engine               - actualHeight: 800.0
13:23:20.405 [FXGL Background Thread 3 ] DEBUG Engine               - actualHeightProperty: ReadOnlyDoubleProperty [value: 800.0]
13:23:20.405 [FXGL Background Thread 3 ] DEBUG Engine               - actualWidth: 1280.0
13:23:20.405 [FXGL Background Thread 3 ] DEBUG Engine               - actualWidthProperty: ReadOnlyDoubleProperty [value: 1280.0]
13:23:20.405 [FXGL Background Thread 3 ] DEBUG Engine               - appIcon: fxgl_icon.png
13:23:20.405 [FXGL Background Thread 3 ] DEBUG Engine               - applicationMode: DEVELOPER
13:23:20.405 [FXGL Background Thread 3 ] DEBUG Engine               - cSSList: [fxgl_dark.css]
13:23:20.405 [FXGL Background Thread 3 ] DEBUG Engine               - collisionDetectionStrategy: BRUTE_FORCE
13:23:20.405 [FXGL Background Thread 3 ] DEBUG Engine               - configClass: Optional.empty
13:23:20.405 [FXGL Background Thread 3 ] DEBUG Engine               - credits: []
13:23:20.405 [FXGL Background Thread 3 ] DEBUG Engine               - defaultCursor: CursorInfo(imageName=fxgl_default_cursor.png, hotspotX=7.0, hotspotY=6.0)
13:23:20.406 [FXGL Background Thread 3 ] DEBUG Engine               - devBBoxColorProperty: ObjectProperty [value: 0xff0000ff]
13:23:20.406 [FXGL Background Thread 3 ] DEBUG Engine               - devEnableDebugCameraProperty: BooleanProperty [value: false]
13:23:20.406 [FXGL Background Thread 3 ] DEBUG Engine               - devSensorColorProperty: ObjectProperty [value: 0xffff00ff]
13:23:20.406 [FXGL Background Thread 3 ] DEBUG Engine               - devShowBBoxProperty: BooleanProperty [value: false]
13:23:20.406 [FXGL Background Thread 3 ] DEBUG Engine               - devShowPositionProperty: BooleanProperty [value: false]
13:23:20.406 [FXGL Background Thread 3 ] DEBUG Engine               - enabledMenuItems: []
13:23:20.406 [FXGL Background Thread 3 ] DEBUG Engine               - engineServices: [class com.almasb.fxgl.app.services.FXGLAssetLoaderService, class com.almasb.fxgl.app.FXGLApplication$GameApplicationService, class com.almasb.fxgl.app.services.FXGLDialogService, class com.almasb.fxgl.app.services.IOTaskExecutorService, class com.almasb.fxgl.io.FileSystemService, class com.almasb.fxgl.localization.LocalizationService, class com.almasb.fxgl.app.services.SystemBundleService, class com.almasb.fxgl.profile.SaveLoadService, class com.almasb.fxgl.ui.FXGLUIFactoryServiceProvider, class com.almasb.fxgl.ui.FXGLDialogFactoryServiceProvider, class com.almasb.fxgl.audio.AudioPlayer, class com.almasb.fxgl.notification.impl.NotificationServiceProvider, class com.almasb.fxgl.achievement.AchievementService, class com.almasb.fxgl.cutscene.CutsceneService, class com.almasb.fxgl.minigames.MiniGameService, class com.almasb.fxgl.net.NetService, class com.almasb.fxgl.app.services.UpdaterService, class com.almasb.fxgl.dev.DevService]
13:23:20.406 [FXGL Background Thread 3 ] DEBUG Engine               - fontGame: Abel-Regular.ttf
13:23:20.406 [FXGL Background Thread 3 ] DEBUG Engine               - fontMono: TerminalLandMono-Regular.otf
13:23:20.406 [FXGL Background Thread 3 ] DEBUG Engine               - fontSizeScaleUI: 1.0
13:23:20.406 [FXGL Background Thread 3 ] DEBUG Engine               - fontText: Courier-Prime.ttf
13:23:20.406 [FXGL Background Thread 3 ] DEBUG Engine               - fontUI: VarelaRound-Regular.ttf
13:23:20.406 [FXGL Background Thread 3 ] DEBUG Engine               - fullScreen: BooleanProperty [value: false]
13:23:20.406 [FXGL Background Thread 3 ] DEBUG Engine               - gameDifficulty: MEDIUM
13:23:20.406 [FXGL Background Thread 3 ] DEBUG Engine               - gameDifficultyProperty: ObjectProperty [value: MEDIUM]
13:23:20.406 [FXGL Background Thread 3 ] DEBUG Engine               - globalMusicVolume: 0.5
13:23:20.406 [FXGL Background Thread 3 ] DEBUG Engine               - globalMusicVolumeProperty: DoubleProperty [value: 0.5]
13:23:20.406 [FXGL Background Thread 3 ] DEBUG Engine               - globalSoundVolume: 0.5
13:23:20.406 [FXGL Background Thread 3 ] DEBUG Engine               - globalSoundVolumeProperty: DoubleProperty [value: 0.5]
13:23:20.406 [FXGL Background Thread 3 ] DEBUG Engine               - height: 800
13:23:20.406 [FXGL Background Thread 3 ] DEBUG Engine               - is3D: false
13:23:20.406 [FXGL Background Thread 3 ] DEBUG Engine               - isAndroid: false
13:23:20.406 [FXGL Background Thread 3 ] DEBUG Engine               - isBrowser: false
13:23:20.406 [FXGL Background Thread 3 ] DEBUG Engine               - isClickFeedbackEnabled: false
13:23:20.406 [FXGL Background Thread 3 ] DEBUG Engine               - isCloseConfirmation: false
13:23:20.406 [FXGL Background Thread 3 ] DEBUG Engine               - isDesktop: true
13:23:20.406 [FXGL Background Thread 3 ] DEBUG Engine               - isDeveloperMenuEnabled: false
13:23:20.406 [FXGL Background Thread 3 ] DEBUG Engine               - isEmbedded: false
13:23:20.406 [FXGL Background Thread 3 ] DEBUG Engine               - isEntityPreloadEnabled: true
13:23:20.406 [FXGL Background Thread 3 ] DEBUG Engine               - isExperimentalTiledLargeMap: false
13:23:20.406 [FXGL Background Thread 3 ] DEBUG Engine               - isFileSystemWriteAllowed: true
13:23:20.406 [FXGL Background Thread 3 ] DEBUG Engine               - isFullScreenAllowed: true
13:23:20.406 [FXGL Background Thread 3 ] DEBUG Engine               - isFullScreenFromStart: false
13:23:20.407 [FXGL Background Thread 3 ] DEBUG Engine               - isGameMenuEnabled: true
13:23:20.407 [FXGL Background Thread 3 ] DEBUG Engine               - isIOS: false
13:23:20.407 [FXGL Background Thread 3 ] DEBUG Engine               - isIntroEnabled: false
13:23:20.407 [FXGL Background Thread 3 ] DEBUG Engine               - isLinux: false
13:23:20.407 [FXGL Background Thread 3 ] DEBUG Engine               - isMac: false
13:23:20.407 [FXGL Background Thread 3 ] DEBUG Engine               - isMainMenuEnabled: false
13:23:20.407 [FXGL Background Thread 3 ] DEBUG Engine               - isManualResizeEnabled: true
13:23:20.407 [FXGL Background Thread 3 ] DEBUG Engine               - isMobile: false
13:23:20.407 [FXGL Background Thread 3 ] DEBUG Engine               - isNative: false
13:23:20.407 [FXGL Background Thread 3 ] DEBUG Engine               - isPauseMusicWhenMinimized: true
13:23:20.407 [FXGL Background Thread 3 ] DEBUG Engine               - isPreserveResizeRatio: false
13:23:20.407 [FXGL Background Thread 3 ] DEBUG Engine               - isProfilingEnabled: false
13:23:20.407 [FXGL Background Thread 3 ] DEBUG Engine               - isScaleAffectedOnResize: true
13:23:20.407 [FXGL Background Thread 3 ] DEBUG Engine               - isSingleStep: false
13:23:20.407 [FXGL Background Thread 3 ] DEBUG Engine               - isUserProfileEnabled: false
13:23:20.407 [FXGL Background Thread 3 ] DEBUG Engine               - isWindows: true
13:23:20.407 [FXGL Background Thread 3 ] DEBUG Engine               - language: ObjectProperty [value: ENGLISH]
13:23:20.407 [FXGL Background Thread 3 ] DEBUG Engine               - menuKey: ESCAPE
13:23:20.407 [FXGL Background Thread 3 ] DEBUG Engine               - mouseSensitivity: 0.2
13:23:20.407 [FXGL Background Thread 3 ] DEBUG Engine               - notificationViewClass: class com.almasb.fxgl.notification.view.XboxNotificationView
13:23:20.407 [FXGL Background Thread 3 ] DEBUG Engine               - pixelsPerMeter: 50.0
13:23:20.407 [FXGL Background Thread 3 ] DEBUG Engine               - platform: WINDOWS
13:23:20.407 [FXGL Background Thread 3 ] DEBUG Engine               - prefHeightProperty: ReadOnlyDoubleProperty [value: 800.0]
13:23:20.407 [FXGL Background Thread 3 ] DEBUG Engine               - prefWidthProperty: ReadOnlyDoubleProperty [value: 1280.0]
13:23:20.407 [FXGL Background Thread 3 ] DEBUG Engine               - profileDir: profiles/
13:23:20.407 [FXGL Background Thread 3 ] DEBUG Engine               - profileName: StringProperty [value: DEFAULT]
13:23:20.407 [FXGL Background Thread 3 ] DEBUG Engine               - randomSeed: -1
13:23:20.407 [FXGL Background Thread 3 ] DEBUG Engine               - runtimeInfo: RuntimeInfo(platform=WINDOWS, version=21.1, build=27.03.2024 07.52)
13:23:20.407 [FXGL Background Thread 3 ] DEBUG Engine               - saveFileExt: sav
13:23:20.407 [FXGL Background Thread 3 ] DEBUG Engine               - scaledHeightProp$fxgl: DoubleProperty [bound, value: 800.0]
13:23:20.407 [FXGL Background Thread 3 ] DEBUG Engine               - scaledWidthProp$fxgl: DoubleProperty [bound, value: 1280.0]
13:23:20.407 [FXGL Background Thread 3 ] DEBUG Engine               - sceneFactory: com.almasb.fxgl.app.scene.SceneFactory@28a5bcb2
13:23:20.407 [FXGL Background Thread 3 ] DEBUG Engine               - secondsIn24h: 60
13:23:20.407 [FXGL Background Thread 3 ] DEBUG Engine               - soundMenuBack: menu/back.wav
13:23:20.408 [FXGL Background Thread 3 ] DEBUG Engine               - soundMenuPress: menu/press.wav
13:23:20.408 [FXGL Background Thread 3 ] DEBUG Engine               - soundMenuSelect: menu/select.wav
13:23:20.408 [FXGL Background Thread 3 ] DEBUG Engine               - soundNotification: core/notification.wav
13:23:20.408 [FXGL Background Thread 3 ] DEBUG Engine               - stageStyle: DECORATED
13:23:20.408 [FXGL Background Thread 3 ] DEBUG Engine               - supportedLanguages: [ENGLISH, FRENCH, GERMAN, HUNGARIAN, RUSSIAN]
13:23:20.408 [FXGL Background Thread 3 ] DEBUG Engine               - ticksPerSecond: -1
13:23:20.408 [FXGL Background Thread 3 ] DEBUG Engine               - title: Ghost Hunter
13:23:20.408 [FXGL Background Thread 3 ] DEBUG Engine               - urlGithub: https://github.com/AlmasB/FXGL
13:23:20.408 [FXGL Background Thread 3 ] DEBUG Engine               - urlLeaderboard: http://fxgl-top.herokuapp.com/
13:23:20.408 [FXGL Background Thread 3 ] DEBUG Engine               - urlPOM: https://raw.githubusercontent.com/AlmasB/FXGL/release/README.md
13:23:20.408 [FXGL Background Thread 3 ] DEBUG Engine               - userAppClass: class org.saikat.Game
13:23:20.408 [FXGL Background Thread 3 ] DEBUG Engine               - version: 1.0
13:23:20.408 [FXGL Background Thread 3 ] DEBUG Engine               - versionCheckDays: 7
13:23:20.408 [FXGL Background Thread 3 ] DEBUG Engine               - width: 1280
13:23:20.408 [FXGL Background Thread 3 ] DEBUG Engine               - Logging services
13:23:20.408 [FXGL Background Thread 3 ] DEBUG Engine               - class com.almasb.fxgl.app.services.FXGLAssetLoaderService
13:23:20.408 [FXGL Background Thread 3 ] DEBUG Engine               - class com.almasb.fxgl.app.FXGLApplication$GameApplicationService
13:23:20.408 [FXGL Background Thread 3 ] DEBUG Engine               - class com.almasb.fxgl.app.services.FXGLDialogService
13:23:20.408 [FXGL Background Thread 3 ] DEBUG Engine               - class com.almasb.fxgl.app.services.IOTaskExecutorService
13:23:20.408 [FXGL Background Thread 3 ] DEBUG Engine               - class com.almasb.fxgl.io.FileSystemService
13:23:20.408 [FXGL Background Thread 3 ] DEBUG Engine               - class com.almasb.fxgl.localization.LocalizationService
13:23:20.408 [FXGL Background Thread 3 ] DEBUG Engine               - class com.almasb.fxgl.app.services.SystemBundleService
13:23:20.408 [FXGL Background Thread 3 ] DEBUG Engine               - class com.almasb.fxgl.profile.SaveLoadService
13:23:20.408 [FXGL Background Thread 3 ] DEBUG Engine               - class com.almasb.fxgl.ui.FXGLUIFactoryServiceProvider
13:23:20.408 [FXGL Background Thread 3 ] DEBUG Engine               - class com.almasb.fxgl.ui.FXGLDialogFactoryServiceProvider
13:23:20.408 [FXGL Background Thread 3 ] DEBUG Engine               - class com.almasb.fxgl.audio.AudioPlayer
13:23:20.408 [FXGL Background Thread 3 ] DEBUG Engine               - class com.almasb.fxgl.notification.impl.NotificationServiceProvider
13:23:20.408 [FXGL Background Thread 3 ] DEBUG Engine               - class com.almasb.fxgl.achievement.AchievementService
13:23:20.408 [FXGL Background Thread 3 ] DEBUG Engine               - class com.almasb.fxgl.cutscene.CutsceneService
13:23:20.408 [FXGL Background Thread 3 ] DEBUG Engine               - class com.almasb.fxgl.minigames.MiniGameService
13:23:20.408 [FXGL Background Thread 3 ] DEBUG Engine               - class com.almasb.fxgl.net.NetService
13:23:20.408 [FXGL Background Thread 3 ] DEBUG Engine               - class com.almasb.fxgl.app.services.UpdaterService
13:23:20.408 [FXGL Background Thread 3 ] DEBUG Engine               - class com.almasb.fxgl.dev.DevService
13:23:20.825 [JavaFX Application Thread] DEBUG PrimaryStageWindow   - Pop state: DialogSubScene
13:23:20.825 [JavaFX Application Thread] DEBUG Input                - Clearing active input actions
13:23:20.826 [JavaFX Application Thread] DEBUG GameApplicationServi - Removing overlay from DialogSubScene and adding to GameScene
13:23:20.826 [JavaFX Application Thread] DEBUG PrimaryStageWindow   - GameScene <- DialogSubScene
13:23:20.826 [JavaFX Application Thread] DEBUG LoopRunner           - Resuming loop
13:23:20.827 [JavaFX Application Thread] DEBUG FXGLAssetLoaderServi - Loading from file system: file:/E:/All%20About%20Dev/OOP/FXGL%20new%20Begining/final%20version/Tower%20Defender/Tower-Defender/target/classes/assets/textures/tank_bullet.png
13:23:20.829 [JavaFX Application Thread] DEBUG FXGLAssetLoaderServi - Loading from file system: file:/E:/All%20About%20Dev/OOP/FXGL%20new%20Begining/final%20version/Tower%20Defender/Tower-Defender/target/classes/assets/textures/spell.png
13:23:22.664 [JavaFX Application Thread] DEBUG PrimaryStageWindow   - Push state: DialogSubScene
13:23:22.664 [JavaFX Application Thread] DEBUG Input                - Clearing active input actions
13:23:22.665 [JavaFX Application Thread] DEBUG GameApplicationServi - Removing overlay from GameScene and adding to DialogSubScene
13:23:22.665 [JavaFX Application Thread] DEBUG PrimaryStageWindow   - GameScene -> DialogSubScene
13:23:27.009 [JavaFX Application Thread] DEBUG PrimaryStageWindow   - Pop state: DialogSubScene
13:23:27.009 [JavaFX Application Thread] DEBUG Input                - Clearing active input actions
13:23:27.010 [JavaFX Application Thread] DEBUG GameApplicationServi - Removing overlay from DialogSubScene and adding to GameScene
13:23:27.010 [JavaFX Application Thread] DEBUG PrimaryStageWindow   - GameScene <- DialogSubScene
13:23:27.010 [JavaFX Application Thread] DEBUG LoopRunner           - Resuming loop
13:23:27.010 [JavaFX Application Thread] DEBUG LoopRunner           - Resuming loop
13:23:28.108 [JavaFX Application Thread] DEBUG PrimaryStageWindow   - Push state: DialogSubScene
13:23:28.108 [JavaFX Application Thread] DEBUG Input                - Clearing active input actions
13:23:28.109 [JavaFX Application Thread] DEBUG GameApplicationServi - Removing overlay from GameScene and adding to DialogSubScene
13:23:28.110 [JavaFX Application Thread] DEBUG PrimaryStageWindow   - GameScene -> DialogSubScene
13:23:29.806 [JavaFX Application Thread] DEBUG PrimaryStageWindow   - Pop state: DialogSubScene
13:23:29.806 [JavaFX Application Thread] DEBUG Input                - Clearing active input actions
13:23:29.806 [JavaFX Application Thread] DEBUG GameApplicationServi - Removing overlay from DialogSubScene and adding to GameScene
13:23:29.806 [JavaFX Application Thread] DEBUG PrimaryStageWindow   - GameScene <- DialogSubScene
13:23:29.806 [JavaFX Application Thread] DEBUG LoopRunner           - Resuming loop
13:23:29.807 [JavaFX Application Thread] DEBUG LoopRunner           - Resuming loop
13:23:33.854 [JavaFX Application Thread] DEBUG PrimaryStageWindow   - Push state: DialogSubScene
13:23:33.854 [JavaFX Application Thread] DEBUG Input                - Clearing active input actions
13:23:33.855 [JavaFX Application Thread] DEBUG GameApplicationServi - Removing overlay from GameScene and adding to DialogSubScene
13:23:33.855 [JavaFX Application Thread] DEBUG PrimaryStageWindow   - GameScene -> DialogSubScene
13:23:36.458 [JavaFX Application Thread] DEBUG PrimaryStageWindow   - Pop state: DialogSubScene
13:23:36.458 [JavaFX Application Thread] DEBUG Input                - Clearing active input actions
13:23:36.459 [JavaFX Application Thread] DEBUG GameApplicationServi - Removing overlay from DialogSubScene and adding to GameScene
13:23:36.459 [JavaFX Application Thread] DEBUG PrimaryStageWindow   - GameScene <- DialogSubScene
13:23:38.330 [JavaFX Application Thread] DEBUG PrimaryStageWindow   - Push state: DialogSubScene
13:23:38.330 [JavaFX Application Thread] DEBUG Input                - Clearing active input actions
13:23:38.330 [JavaFX Application Thread] DEBUG GameApplicationServi - Removing overlay from GameScene and adding to DialogSubScene
13:23:38.330 [JavaFX Application Thread] DEBUG PrimaryStageWindow   - GameScene -> DialogSubScene
13:23:39.844 [JavaFX Application Thread] DEBUG PrimaryStageWindow   - Pop state: DialogSubScene
13:23:39.844 [JavaFX Application Thread] DEBUG Input                - Clearing active input actions
13:23:39.845 [JavaFX Application Thread] DEBUG GameApplicationServi - Removing overlay from DialogSubScene and adding to GameScene
13:23:39.845 [JavaFX Application Thread] DEBUG PrimaryStageWindow   - GameScene <- DialogSubScene
13:23:39.845 [JavaFX Application Thread] DEBUG LoopRunner           - Resuming loop
13:23:39.846 [JavaFX Application Thread] DEBUG FXGLAssetLoaderServi - Loading from file system: file:/E:/All%20About%20Dev/OOP/FXGL%20new%20Begining/final%20version/Tower%20Defender/Tower-Defender/target/classes/assets/textures/wildfire.png
13:23:41.546 [JavaFX Application Thread] DEBUG PrimaryStageWindow   - Push state: DialogSubScene
13:23:41.546 [JavaFX Application Thread] DEBUG Input                - Clearing active input actions
13:23:41.546 [JavaFX Application Thread] DEBUG GameApplicationServi - Removing overlay from GameScene and adding to DialogSubScene
13:23:41.546 [JavaFX Application Thread] DEBUG PrimaryStageWindow   - GameScene -> DialogSubScene
13:23:43.513 [JavaFX Application Thread] DEBUG PrimaryStageWindow   - Pop state: DialogSubScene
13:23:43.513 [JavaFX Application Thread] DEBUG Input                - Clearing active input actions
13:23:43.514 [JavaFX Application Thread] DEBUG GameApplicationServi - Removing overlay from DialogSubScene and adding to GameScene
13:23:43.514 [JavaFX Application Thread] DEBUG PrimaryStageWindow   - GameScene <- DialogSubScene
13:23:43.514 [JavaFX Application Thread] DEBUG LoopRunner           - Resuming loop
13:23:43.514 [JavaFX Application Thread] DEBUG LoopRunner           - Resuming loop
13:24:16.815 [JavaFX Application Thread] DEBUG FXGLApplication      - Exiting FXGL
13:24:16.815 [JavaFX Application Thread] DEBUG LoopRunner           - Stopping loop
13:24:16.815 [JavaFX Application Thread] DEBUG SystemBundleService  - Saving FXGL system data
13:24:16.823 [JavaFX Application Thread] DEBUG FileSystemAccess     - Writing to: E:\All About Dev\OOP\FXGL new Begining\final version\Tower Defender\Tower-Defender\system\fxgl.bundle
13:24:16.827 [JavaFX Application Thread] DEBUG Async                - Shutting down background threads
13:24:16.827 [JavaFX Application Thread] DEBUG PrimaryStageWindow   - Closing main window
13:24:16.861 [JavaFX Application Thread] DEBUG Logger               - Closing Logger
