16:27:12.558 [main                     ] DEBUG Logger               - Configured Logger
16:27:12.592 [main                     ] DEBUG GameApplication      - Logging settings
Title: Ghost Hunter
Version: 1.0
Width: 1280
Height: 800
Fullscreen: true
Intro: false
Profiling: false
Single step:false
App Mode: DEVELOPER
Menu Key: ESCAPE
Stage Style: DECORATED
Scene Factory: class com.almasb.fxgl.app.scene.SceneFactory

16:27:13.769 [JavaFX Application Thread] DEBUG FXGLApplication      - Initializing FXGL
16:27:13.787 [JavaFX Application Thread] INFO  Engine               - FXGL-21.1 (27.03.2024 07.52) on WINDOWS (J:21.0.9 FX:21.0.1)
16:27:13.788 [JavaFX Application Thread] DEBUG Engine               - JRE Vendor Name: Oracle Corporation
16:27:13.789 [JavaFX Application Thread] DEBUG Engine               - Running on OS: Windows 11 version 10.0
16:27:13.789 [JavaFX Application Thread] DEBUG Engine               - Architecture: amd64
16:27:13.789 [JavaFX Application Thread] INFO  Engine               - Source code and latest versions at: https://github.com/AlmasB/FXGL
16:27:13.789 [JavaFX Application Thread] INFO  Engine               -       Ask questions and discuss at: https://github.com/AlmasB/FXGL/discussions
16:27:13.790 [JavaFX Application Thread] INFO  Engine               -              Join the FXGL chat at: https://gitter.im/AlmasB/FXGL
16:27:14.109 [JavaFX Application Thread] DEBUG PrimaryStageWindow   - Creating a JavaFX scene
16:27:14.226 [JavaFX Application Thread] DEBUG PrimaryStageWindow   - Target settings size: 1280.0 x 800.0
16:27:14.226 [JavaFX Application Thread] DEBUG PrimaryStageWindow   - Scaled scene size:    1280.0 x 800.0
16:27:14.227 [JavaFX Application Thread] DEBUG PrimaryStageWindow   - Scaled ratio: (1.0, 1.0)
16:27:14.229 [JavaFX Application Thread] DEBUG PrimaryStageWindow   - Set initial scene to FXGLStartupScene
16:27:14.236 [JavaFX Application Thread] DEBUG PrimaryStageWindow   - Opening main window
16:27:14.448 [JavaFX Application Thread] DEBUG PrimaryStageWindow   - Window border size: (14.4000244140625, 37.5999755859375)
16:27:14.448 [JavaFX Application Thread] DEBUG PrimaryStageWindow   - Scaled size: 1280.0 x 800.0
16:27:14.449 [JavaFX Application Thread] DEBUG PrimaryStageWindow   - Scaled ratio: (1.0, 1.0)
16:27:14.449 [JavaFX Application Thread] DEBUG PrimaryStageWindow   - Scene size: 1280.0 x 800.0
16:27:14.449 [JavaFX Application Thread] DEBUG PrimaryStageWindow   - Stage size: 1294.4000244140625 x 837.5999755859375
16:27:14.466 [FXGL Background Thread 1 ] DEBUG Engine               - Initializing environment variables
16:27:14.597 [FXGL Background Thread 1 ] DEBUG FXGLAssetLoaderServi - User app class for loading assets: class org.saikat.Game
16:27:14.597 [FXGL Background Thread 1 ] DEBUG GameApplicationServi - Applying CSS: fxgl_dark.css
16:27:14.599 [FXGL Background Thread 1 ] DEBUG FXGLAssetLoaderServi - Loading from file system: jar:file:/C:/Users/HP/.m2/repository/com/github/almasb/fxgl/21.1/fxgl-21.1.jar!/fxglassets/ui/css/fxgl_dark.css
16:27:14.676 [FXGL Background Thread 1 ] DEBUG GameApplicationServi - Initializing application scenes
16:27:14.790 [FXGL Background Thread 1 ] DEBUG GameWorld            - Game world initialized
16:27:14.927 [FXGL Background Thread 1 ] DEBUG PhysicsWorld         - Physics world initialized: appHeight=800, physics.ppm=50.0
16:27:14.928 [FXGL Background Thread 1 ] DEBUG PhysicsWorld         - Using strategy: BRUTE_FORCE
16:27:14.938 [FXGL Background Thread 1 ] DEBUG GameScene            - Game scene initialized: 1280x800
16:27:14.966 [FXGL Background Thread 1 ] DEBUG FXGL.DefaultMenu     - createMenuBodyGameMenu()
16:27:14.997 [FXGL Background Thread 1 ] DEBUG FXGL.DefaultMenu     - createOptionsMenu()
16:27:15.017 [FXGL Background Thread 1 ] DEBUG FXGLAssetLoaderServi - Loading from file system: jar:file:/C:/Users/HP/.m2/repository/com/github/almasb/fxgl/21.1/fxgl-21.1.jar!/fxglassets/textures/particles/smoke.png
16:27:15.239 [FXGL Background Thread 1 ] DEBUG FXGLAssetLoaderServi - Loading from file system: jar:file:/C:/Users/HP/.m2/repository/com/github/almasb/fxgl/21.1/fxgl-21.1.jar!/fxglassets/textures/particles/trace_horizontal.png
16:27:15.292 [FXGL Background Thread 1 ] DEBUG GameApplicationServi - Application scenes initialized
16:27:15.329 [FXGL Background Thread 1 ] DEBUG SystemBundleService  - Loading FXGL system data
16:27:15.342 [FXGL Background Thread 1 ] DEBUG FileSystemAccess     - Reading from: E:\All About Dev\OOP\FXGL new Begining\final version\Tower Defender\Tower-Defender\system\fxgl.bundle
16:27:15.370 [FXGL Background Thread 1 ] DEBUG SystemBundleService  - Bundle FXGL: {}
16:27:15.370 [FXGL Background Thread 1 ] DEBUG UpdaterService       - Checking for updates
16:27:15.383 [FXGL Background Thread 4 ] DEBUG FXGLApplication      - Loading fonts
16:27:15.384 [FXGL Background Thread 4 ] DEBUG FXGLAssetLoaderServi - Loading from file system: jar:file:/C:/Users/HP/.m2/repository/com/github/almasb/fxgl/21.1/fxgl-21.1.jar!/fxglassets/ui/fonts/VarelaRound-Regular.ttf
16:27:15.385 [FXGL Background Thread 1 ] DEBUG FXGLApplication      - Loading default localization
16:27:15.386 [FXGL Background Thread 1 ] DEBUG FXGLAssetLoaderServi - Loading from file system: jar:file:/C:/Users/HP/.m2/repository/com/github/almasb/fxgl/21.1/fxgl-21.1.jar!/fxglassets/languages/english.lang
16:27:15.440 [FXGL Background Thread 1 ] INFO  FXGLApplication      - FXGL initialization took: 0.973 sec
16:27:15.448 [JavaFX Application Thread] DEBUG Input                - Registered new binding: add tower - LMB
16:27:15.449 [JavaFX Application Thread] DEBUG Input                - Registered new binding: remove tower - RMB
16:27:15.450 [JavaFX Application Thread] DEBUG FXGLAssetLoaderServi - Loading from file system: jar:file:/C:/Users/HP/.m2/repository/com/github/almasb/fxgl/21.1/fxgl-21.1.jar!/fxglassets/textures/fxgl_icon.png
16:27:15.484 [JavaFX Application Thread] DEBUG FXGLAssetLoaderServi - Loading from file system: jar:file:/C:/Users/HP/.m2/repository/com/github/almasb/fxgl/21.1/fxgl-21.1.jar!/fxglassets/textures/fxgl_default_cursor.png
16:27:15.499 [JavaFX Application Thread] DEBUG Input                - Registered new binding: Screenshot - CTRL+8
16:27:15.500 [JavaFX Application Thread] DEBUG Input                - Registered new binding: System info dump - CTRL+9
16:27:15.502 [JavaFX Application Thread] DEBUG Input                - Registered new binding: Restart - CTRL+R
16:27:15.503 [JavaFX Application Thread] DEBUG Input                - Registered new binding: Toggle Debug Camera - CTRL+7
16:27:15.510 [JavaFX Application Thread] DEBUG LoopRunner           - Starting loop
16:27:15.510 [JavaFX Application Thread] DEBUG LoopRunner           - Initializing JavaFX AnimationTimerLoop
16:27:15.514 [JavaFX Application Thread] DEBUG GameApplicationServi - Starting new game
16:27:15.515 [JavaFX Application Thread] DEBUG Input                - Clearing active input actions
16:27:15.539 [JavaFX Application Thread] DEBUG GameApplicationServi - Removing overlay from FXGLStartupScene and adding to FXGLLoadingScene
16:27:15.540 [JavaFX Application Thread] DEBUG PrimaryStageWindow   - FXGLStartupScene -> FXGLLoadingScene
16:27:15.540 [JavaFX Application Thread] DEBUG GameApplicationServi - Clearing previous game
16:27:15.540 [JavaFX Application Thread] DEBUG GameScene            - Clearing game scene
16:27:15.540 [JavaFX Application Thread] DEBUG GameWorld            - Clearing game world
16:27:15.541 [JavaFX Application Thread] DEBUG PhysicsWorld         - Clearing physics world
16:27:15.544 [FXGL Background Thread 1 ] DEBUG FXGLApplication      - Initializing game
16:27:15.689 [FXGL Background Thread 1 ] WARN  TMXLevelLoader       - TiledMap generated from 1.12.2. Supported version: 1.9.0. Some features may not be parsed fully.
16:27:15.734 [FXGL Background Thread 1 ] DEBUG TMXLevelLoader       - Parsed TiledMap: file:/E:/All%20About%20Dev/OOP/FXGL%20new%20Begining/final%20version/Tower%20Defender/Tower-Defender/target/classes/assets/levels/wall.tmx
16:27:15.739 [FXGL Background Thread 1 ] DEBUG TMXLevelLoader       - Creating tile layer entities
16:27:15.739 [FXGL Background Thread 4 ] DEBUG FXGLAssetLoaderServi - Loading from file system: jar:file:/C:/Users/HP/.m2/repository/com/github/almasb/fxgl/21.1/fxgl-21.1.jar!/fxglassets/ui/fonts/Abel-Regular.ttf
16:27:15.745 [FXGL Background Thread 1 ] DEBUG TilesetLoader        - Loading view for layer background
16:27:15.748 [FXGL Background Thread 1 ] DEBUG TilesetLoader        - Created buffer with size 1280.0x800.0
16:27:15.749 [FXGL Background Thread 4 ] DEBUG FXGLAssetLoaderServi - Loading from file system: jar:file:/C:/Users/HP/.m2/repository/com/github/almasb/fxgl/21.1/fxgl-21.1.jar!/fxglassets/ui/fonts/TerminalLandMono-Regular.otf
16:27:15.758 [FXGL Background Thread 4 ] DEBUG FXGLAssetLoaderServi - Loading from file system: jar:file:/C:/Users/HP/.m2/repository/com/github/almasb/fxgl/21.1/fxgl-21.1.jar!/fxglassets/ui/fonts/Courier-Prime.ttf
16:27:15.814 [FXGL Background Thread 1 ] DEBUG TilesetLoader        - Loading view for layer tower spot layer
16:27:15.817 [FXGL Background Thread 1 ] DEBUG TilesetLoader        - Created buffer with size 1280.0x800.0
16:27:15.831 [FXGL Background Thread 1 ] DEBUG TilesetLoader        - Loading view for layer Road
16:27:15.833 [FXGL Background Thread 1 ] DEBUG TilesetLoader        - Created buffer with size 1280.0x800.0
16:27:15.838 [FXGL Background Thread 1 ] DEBUG TilesetLoader        - Loading view for layer road2
16:27:15.840 [FXGL Background Thread 1 ] DEBUG TilesetLoader        - Created buffer with size 1280.0x800.0
16:27:15.843 [FXGL Background Thread 1 ] WARN  TilesetLoader        - Diagonally flipped tiles are not currently supported
16:27:15.844 [FXGL Background Thread 1 ] WARN  TilesetLoader        - Diagonally flipped tiles are not currently supported
16:27:15.845 [FXGL Background Thread 1 ] WARN  TilesetLoader        - Diagonally flipped tiles are not currently supported
16:27:15.846 [FXGL Background Thread 1 ] WARN  TilesetLoader        - Diagonally flipped tiles are not currently supported
16:27:15.846 [FXGL Background Thread 1 ] WARN  TilesetLoader        - Diagonally flipped tiles are not currently supported
16:27:15.847 [FXGL Background Thread 1 ] WARN  TilesetLoader        - Diagonally flipped tiles are not currently supported
16:27:15.848 [FXGL Background Thread 1 ] WARN  TilesetLoader        - Diagonally flipped tiles are not currently supported
16:27:15.848 [FXGL Background Thread 1 ] WARN  TilesetLoader        - Diagonally flipped tiles are not currently supported
16:27:15.849 [FXGL Background Thread 1 ] WARN  TilesetLoader        - Diagonally flipped tiles are not currently supported
16:27:15.850 [FXGL Background Thread 1 ] WARN  TilesetLoader        - Diagonally flipped tiles are not currently supported
16:27:15.852 [FXGL Background Thread 1 ] WARN  TilesetLoader        - Diagonally flipped tiles are not currently supported
16:27:15.853 [FXGL Background Thread 1 ] WARN  TilesetLoader        - Diagonally flipped tiles are not currently supported
16:27:15.854 [FXGL Background Thread 1 ] WARN  TilesetLoader        - Diagonally flipped tiles are not currently supported
16:27:15.855 [FXGL Background Thread 1 ] WARN  TilesetLoader        - Diagonally flipped tiles are not currently supported
16:27:15.856 [FXGL Background Thread 1 ] WARN  TilesetLoader        - Diagonally flipped tiles are not currently supported
16:27:15.857 [FXGL Background Thread 1 ] WARN  TilesetLoader        - Diagonally flipped tiles are not currently supported
16:27:15.858 [FXGL Background Thread 1 ] WARN  TilesetLoader        - Diagonally flipped tiles are not currently supported
16:27:15.858 [FXGL Background Thread 1 ] WARN  TilesetLoader        - Diagonally flipped tiles are not currently supported
16:27:15.859 [FXGL Background Thread 1 ] WARN  TilesetLoader        - Diagonally flipped tiles are not currently supported
16:27:15.860 [FXGL Background Thread 1 ] WARN  TilesetLoader        - Diagonally flipped tiles are not currently supported
16:27:15.860 [FXGL Background Thread 1 ] WARN  TilesetLoader        - Diagonally flipped tiles are not currently supported
16:27:15.861 [FXGL Background Thread 1 ] WARN  TilesetLoader        - Diagonally flipped tiles are not currently supported
16:27:15.862 [FXGL Background Thread 1 ] WARN  TilesetLoader        - Diagonally flipped tiles are not currently supported
16:27:15.863 [FXGL Background Thread 1 ] WARN  TilesetLoader        - Diagonally flipped tiles are not currently supported
16:27:15.864 [FXGL Background Thread 1 ] WARN  TilesetLoader        - Diagonally flipped tiles are not currently supported
16:27:15.865 [FXGL Background Thread 1 ] WARN  TilesetLoader        - Diagonally flipped tiles are not currently supported
16:27:15.867 [FXGL Background Thread 1 ] WARN  TilesetLoader        - Diagonally flipped tiles are not currently supported
16:27:15.868 [FXGL Background Thread 1 ] WARN  TilesetLoader        - Diagonally flipped tiles are not currently supported
16:27:15.868 [JavaFX Application Thread] DEBUG FXGLApplication      - Registering font factories with UI factory
16:27:15.869 [FXGL Background Thread 1 ] WARN  TilesetLoader        - Diagonally flipped tiles are not currently supported
16:27:15.871 [FXGL Background Thread 1 ] WARN  TilesetLoader        - Diagonally flipped tiles are not currently supported
16:27:15.872 [FXGL Background Thread 1 ] WARN  TilesetLoader        - Diagonally flipped tiles are not currently supported
16:27:15.873 [FXGL Background Thread 1 ] WARN  TilesetLoader        - Diagonally flipped tiles are not currently supported
16:27:15.874 [FXGL Background Thread 1 ] WARN  TilesetLoader        - Diagonally flipped tiles are not currently supported
16:27:15.876 [FXGL Background Thread 1 ] WARN  TilesetLoader        - Diagonally flipped tiles are not currently supported
16:27:15.877 [FXGL Background Thread 1 ] WARN  TilesetLoader        - Diagonally flipped tiles are not currently supported
16:27:15.878 [FXGL Background Thread 1 ] WARN  TilesetLoader        - Diagonally flipped tiles are not currently supported
16:27:15.879 [FXGL Background Thread 1 ] WARN  TilesetLoader        - Diagonally flipped tiles are not currently supported
16:27:15.879 [FXGL Background Thread 1 ] WARN  TilesetLoader        - Diagonally flipped tiles are not currently supported
16:27:15.880 [FXGL Background Thread 1 ] WARN  TilesetLoader        - Diagonally flipped tiles are not currently supported
16:27:15.881 [FXGL Background Thread 1 ] WARN  TilesetLoader        - Diagonally flipped tiles are not currently supported
16:27:15.882 [FXGL Background Thread 1 ] WARN  TilesetLoader        - Diagonally flipped tiles are not currently supported
16:27:15.883 [FXGL Background Thread 1 ] WARN  TilesetLoader        - Diagonally flipped tiles are not currently supported
16:27:15.885 [FXGL Background Thread 1 ] WARN  TilesetLoader        - Diagonally flipped tiles are not currently supported
16:27:15.885 [FXGL Background Thread 1 ] WARN  TilesetLoader        - Diagonally flipped tiles are not currently supported
16:27:15.886 [FXGL Background Thread 1 ] WARN  TilesetLoader        - Diagonally flipped tiles are not currently supported
16:27:15.887 [FXGL Background Thread 1 ] WARN  TilesetLoader        - Diagonally flipped tiles are not currently supported
16:27:15.888 [FXGL Background Thread 1 ] WARN  TilesetLoader        - Diagonally flipped tiles are not currently supported
16:27:15.889 [FXGL Background Thread 1 ] WARN  TilesetLoader        - Diagonally flipped tiles are not currently supported
16:27:15.890 [FXGL Background Thread 1 ] WARN  TilesetLoader        - Diagonally flipped tiles are not currently supported
16:27:15.891 [FXGL Background Thread 1 ] WARN  TilesetLoader        - Diagonally flipped tiles are not currently supported
16:27:15.892 [FXGL Background Thread 1 ] WARN  TilesetLoader        - Diagonally flipped tiles are not currently supported
16:27:15.892 [FXGL Background Thread 1 ] WARN  TilesetLoader        - Diagonally flipped tiles are not currently supported
16:27:15.894 [FXGL Background Thread 1 ] WARN  TilesetLoader        - Diagonally flipped tiles are not currently supported
16:27:15.895 [FXGL Background Thread 1 ] WARN  TilesetLoader        - Diagonally flipped tiles are not currently supported
16:27:15.895 [FXGL Background Thread 1 ] WARN  TilesetLoader        - Diagonally flipped tiles are not currently supported
16:27:15.896 [FXGL Background Thread 1 ] WARN  TilesetLoader        - Diagonally flipped tiles are not currently supported
16:27:15.897 [FXGL Background Thread 1 ] WARN  TilesetLoader        - Diagonally flipped tiles are not currently supported
16:27:15.898 [FXGL Background Thread 1 ] WARN  TilesetLoader        - Diagonally flipped tiles are not currently supported
16:27:15.898 [FXGL Background Thread 1 ] WARN  TilesetLoader        - Diagonally flipped tiles are not currently supported
16:27:15.899 [FXGL Background Thread 1 ] WARN  TilesetLoader        - Diagonally flipped tiles are not currently supported
16:27:15.900 [FXGL Background Thread 1 ] WARN  TilesetLoader        - Diagonally flipped tiles are not currently supported
16:27:15.901 [FXGL Background Thread 1 ] WARN  TilesetLoader        - Diagonally flipped tiles are not currently supported
16:27:15.902 [FXGL Background Thread 1 ] WARN  TilesetLoader        - Diagonally flipped tiles are not currently supported
16:27:15.903 [FXGL Background Thread 1 ] WARN  TilesetLoader        - Diagonally flipped tiles are not currently supported
16:27:15.904 [FXGL Background Thread 1 ] WARN  TilesetLoader        - Diagonally flipped tiles are not currently supported
16:27:15.905 [FXGL Background Thread 1 ] WARN  TilesetLoader        - Diagonally flipped tiles are not currently supported
16:27:15.906 [FXGL Background Thread 1 ] WARN  TilesetLoader        - Diagonally flipped tiles are not currently supported
16:27:15.907 [FXGL Background Thread 1 ] WARN  TilesetLoader        - Diagonally flipped tiles are not currently supported
16:27:15.907 [FXGL Background Thread 1 ] WARN  TilesetLoader        - Diagonally flipped tiles are not currently supported
16:27:15.908 [FXGL Background Thread 1 ] WARN  TilesetLoader        - Diagonally flipped tiles are not currently supported
16:27:15.909 [FXGL Background Thread 1 ] WARN  TilesetLoader        - Diagonally flipped tiles are not currently supported
16:27:15.922 [FXGL Background Thread 1 ] WARN  TilesetLoader        - Diagonally flipped tiles are not currently supported
16:27:15.923 [FXGL Background Thread 1 ] WARN  TilesetLoader        - Diagonally flipped tiles are not currently supported
16:27:15.924 [FXGL Background Thread 1 ] WARN  TilesetLoader        - Diagonally flipped tiles are not currently supported
16:27:15.924 [FXGL Background Thread 1 ] WARN  TilesetLoader        - Diagonally flipped tiles are not currently supported
16:27:15.925 [FXGL Background Thread 1 ] WARN  TilesetLoader        - Diagonally flipped tiles are not currently supported
16:27:15.926 [FXGL Background Thread 1 ] WARN  TilesetLoader        - Diagonally flipped tiles are not currently supported
16:27:15.926 [FXGL Background Thread 1 ] WARN  TilesetLoader        - Diagonally flipped tiles are not currently supported
16:27:15.927 [FXGL Background Thread 1 ] WARN  TilesetLoader        - Diagonally flipped tiles are not currently supported
16:27:15.927 [FXGL Background Thread 1 ] WARN  TilesetLoader        - Diagonally flipped tiles are not currently supported
16:27:15.928 [FXGL Background Thread 1 ] WARN  TilesetLoader        - Diagonally flipped tiles are not currently supported
16:27:15.928 [FXGL Background Thread 1 ] WARN  TilesetLoader        - Diagonally flipped tiles are not currently supported
16:27:15.929 [FXGL Background Thread 1 ] WARN  TilesetLoader        - Diagonally flipped tiles are not currently supported
16:27:15.929 [FXGL Background Thread 1 ] WARN  TilesetLoader        - Diagonally flipped tiles are not currently supported
16:27:15.930 [FXGL Background Thread 1 ] WARN  TilesetLoader        - Diagonally flipped tiles are not currently supported
16:27:15.931 [FXGL Background Thread 1 ] WARN  TilesetLoader        - Diagonally flipped tiles are not currently supported
16:27:15.933 [FXGL Background Thread 1 ] WARN  TilesetLoader        - Diagonally flipped tiles are not currently supported
16:27:15.933 [FXGL Background Thread 1 ] WARN  TilesetLoader        - Diagonally flipped tiles are not currently supported
16:27:15.934 [FXGL Background Thread 1 ] WARN  TilesetLoader        - Diagonally flipped tiles are not currently supported
16:27:15.934 [FXGL Background Thread 1 ] WARN  TilesetLoader        - Diagonally flipped tiles are not currently supported
16:27:15.935 [FXGL Background Thread 1 ] WARN  TilesetLoader        - Diagonally flipped tiles are not currently supported
16:27:15.935 [FXGL Background Thread 1 ] WARN  TilesetLoader        - Diagonally flipped tiles are not currently supported
16:27:15.937 [FXGL Background Thread 1 ] WARN  TilesetLoader        - Diagonally flipped tiles are not currently supported
16:27:15.937 [FXGL Background Thread 1 ] WARN  TilesetLoader        - Diagonally flipped tiles are not currently supported
16:27:15.937 [FXGL Background Thread 1 ] WARN  TilesetLoader        - Diagonally flipped tiles are not currently supported
16:27:15.938 [FXGL Background Thread 1 ] WARN  TilesetLoader        - Diagonally flipped tiles are not currently supported
16:27:15.939 [FXGL Background Thread 1 ] WARN  TilesetLoader        - Diagonally flipped tiles are not currently supported
16:27:15.939 [FXGL Background Thread 1 ] WARN  TilesetLoader        - Diagonally flipped tiles are not currently supported
16:27:15.940 [FXGL Background Thread 1 ] WARN  TilesetLoader        - Diagonally flipped tiles are not currently supported
16:27:15.940 [FXGL Background Thread 1 ] WARN  TilesetLoader        - Diagonally flipped tiles are not currently supported
16:27:15.941 [FXGL Background Thread 1 ] WARN  TilesetLoader        - Diagonally flipped tiles are not currently supported
16:27:15.942 [FXGL Background Thread 1 ] WARN  TilesetLoader        - Diagonally flipped tiles are not currently supported
16:27:15.943 [FXGL Background Thread 1 ] WARN  TilesetLoader        - Diagonally flipped tiles are not currently supported
16:27:15.943 [FXGL Background Thread 1 ] WARN  TilesetLoader        - Diagonally flipped tiles are not currently supported
16:27:15.944 [FXGL Background Thread 1 ] WARN  TilesetLoader        - Diagonally flipped tiles are not currently supported
16:27:15.945 [FXGL Background Thread 1 ] WARN  TilesetLoader        - Diagonally flipped tiles are not currently supported
16:27:15.945 [FXGL Background Thread 1 ] WARN  TilesetLoader        - Diagonally flipped tiles are not currently supported
16:27:15.946 [FXGL Background Thread 1 ] WARN  TilesetLoader        - Diagonally flipped tiles are not currently supported
16:27:15.946 [FXGL Background Thread 1 ] WARN  TilesetLoader        - Diagonally flipped tiles are not currently supported
16:27:15.947 [FXGL Background Thread 1 ] WARN  TilesetLoader        - Diagonally flipped tiles are not currently supported
16:27:15.947 [FXGL Background Thread 1 ] WARN  TilesetLoader        - Diagonally flipped tiles are not currently supported
16:27:15.948 [FXGL Background Thread 1 ] WARN  TilesetLoader        - Diagonally flipped tiles are not currently supported
16:27:15.948 [FXGL Background Thread 1 ] WARN  TilesetLoader        - Diagonally flipped tiles are not currently supported
16:27:15.950 [FXGL Background Thread 1 ] WARN  TilesetLoader        - Diagonally flipped tiles are not currently supported
16:27:15.951 [FXGL Background Thread 1 ] WARN  TilesetLoader        - Diagonally flipped tiles are not currently supported
16:27:15.951 [FXGL Background Thread 1 ] WARN  TilesetLoader        - Diagonally flipped tiles are not currently supported
16:27:15.952 [FXGL Background Thread 1 ] WARN  TilesetLoader        - Diagonally flipped tiles are not currently supported
16:27:15.952 [FXGL Background Thread 1 ] WARN  TilesetLoader        - Diagonally flipped tiles are not currently supported
16:27:15.953 [FXGL Background Thread 1 ] WARN  TilesetLoader        - Diagonally flipped tiles are not currently supported
16:27:15.953 [FXGL Background Thread 1 ] WARN  TilesetLoader        - Diagonally flipped tiles are not currently supported
16:27:15.954 [FXGL Background Thread 1 ] WARN  TilesetLoader        - Diagonally flipped tiles are not currently supported
16:27:15.955 [FXGL Background Thread 1 ] WARN  TilesetLoader        - Diagonally flipped tiles are not currently supported
16:27:15.955 [FXGL Background Thread 1 ] WARN  TilesetLoader        - Diagonally flipped tiles are not currently supported
16:27:15.955 [FXGL Background Thread 1 ] WARN  TilesetLoader        - Diagonally flipped tiles are not currently supported
16:27:15.956 [FXGL Background Thread 1 ] WARN  TilesetLoader        - Diagonally flipped tiles are not currently supported
16:27:15.956 [FXGL Background Thread 1 ] WARN  TilesetLoader        - Diagonally flipped tiles are not currently supported
16:27:15.957 [FXGL Background Thread 1 ] WARN  TilesetLoader        - Diagonally flipped tiles are not currently supported
16:27:15.958 [FXGL Background Thread 1 ] WARN  TilesetLoader        - Diagonally flipped tiles are not currently supported
16:27:15.958 [FXGL Background Thread 1 ] WARN  TilesetLoader        - Diagonally flipped tiles are not currently supported
16:27:15.959 [FXGL Background Thread 1 ] WARN  TilesetLoader        - Diagonally flipped tiles are not currently supported
16:27:15.959 [FXGL Background Thread 1 ] WARN  TilesetLoader        - Diagonally flipped tiles are not currently supported
16:27:15.960 [FXGL Background Thread 1 ] WARN  TilesetLoader        - Diagonally flipped tiles are not currently supported
16:27:15.960 [FXGL Background Thread 1 ] WARN  TilesetLoader        - Diagonally flipped tiles are not currently supported
16:27:15.961 [FXGL Background Thread 1 ] WARN  TilesetLoader        - Diagonally flipped tiles are not currently supported
16:27:15.961 [FXGL Background Thread 1 ] WARN  TilesetLoader        - Diagonally flipped tiles are not currently supported
16:27:15.962 [FXGL Background Thread 1 ] WARN  TilesetLoader        - Diagonally flipped tiles are not currently supported
16:27:15.963 [FXGL Background Thread 1 ] WARN  TilesetLoader        - Diagonally flipped tiles are not currently supported
16:27:15.963 [FXGL Background Thread 1 ] WARN  TilesetLoader        - Diagonally flipped tiles are not currently supported
16:27:15.965 [FXGL Background Thread 1 ] WARN  TilesetLoader        - Diagonally flipped tiles are not currently supported
16:27:15.965 [FXGL Background Thread 1 ] WARN  TilesetLoader        - Diagonally flipped tiles are not currently supported
16:27:15.966 [FXGL Background Thread 1 ] WARN  TilesetLoader        - Diagonally flipped tiles are not currently supported
16:27:15.966 [FXGL Background Thread 1 ] WARN  TilesetLoader        - Diagonally flipped tiles are not currently supported
16:27:15.967 [FXGL Background Thread 1 ] WARN  TilesetLoader        - Diagonally flipped tiles are not currently supported
16:27:15.967 [FXGL Background Thread 1 ] WARN  TilesetLoader        - Diagonally flipped tiles are not currently supported
16:27:15.968 [FXGL Background Thread 1 ] WARN  TilesetLoader        - Diagonally flipped tiles are not currently supported
16:27:15.968 [FXGL Background Thread 1 ] WARN  TilesetLoader        - Diagonally flipped tiles are not currently supported
16:27:15.969 [FXGL Background Thread 1 ] WARN  TilesetLoader        - Diagonally flipped tiles are not currently supported
16:27:15.970 [FXGL Background Thread 1 ] WARN  TilesetLoader        - Diagonally flipped tiles are not currently supported
16:27:15.971 [FXGL Background Thread 1 ] WARN  TilesetLoader        - Diagonally flipped tiles are not currently supported
16:27:15.972 [FXGL Background Thread 1 ] DEBUG TilesetLoader        - Loading view for layer road3
16:27:15.973 [FXGL Background Thread 1 ] DEBUG TilesetLoader        - Created buffer with size 1280.0x800.0
16:27:15.976 [FXGL Background Thread 1 ] DEBUG TilesetLoader        - Loading view for layer bg2
16:27:15.977 [FXGL Background Thread 1 ] DEBUG TilesetLoader        - Created buffer with size 1280.0x800.0
16:27:16.200 [FXGL Background Thread 1 ] DEBUG TilesetLoader        - Loading view for layer icons
16:27:16.204 [FXGL Background Thread 1 ] DEBUG TilesetLoader        - Created buffer with size 1280.0x800.0
16:27:16.227 [FXGL Background Thread 1 ] DEBUG TMXLevelLoader       - Creating object layer entities
16:27:16.274 [FXGL Background Thread 1 ] DEBUG GameWorld            - Clearing removable entities
16:27:16.276 [FXGL Background Thread 1 ] DEBUG GameWorld            - Setting level: com.almasb.fxgl.entity.level.Level@bce83bf
16:27:16.297 [FXGL Background Thread 1 ] INFO  FXGLApplication      - Game initialization took: 0.752 sec
16:27:16.331 [JavaFX Application Thread] DEBUG Input                - Clearing active input actions
16:27:16.374 [JavaFX Application Thread] DEBUG GameApplicationServi - Removing overlay from FXGLLoadingScene and adding to GameScene
16:27:16.375 [JavaFX Application Thread] DEBUG PrimaryStageWindow   - FXGLLoadingScene -> GameScene
16:27:16.421 [JavaFX Application Thread] DEBUG FXGLAssetLoaderServi - Loading from file system: file:/E:/All%20About%20Dev/OOP/FXGL%20new%20Begining/final%20version/Tower%20Defender/Tower-Defender/target/classes/assets/textures/wolf.png
16:27:16.455 [JavaFX Application Thread] DEBUG FXGLAssetLoaderServi - Loading from file system: file:/E:/All%20About%20Dev/OOP/FXGL%20new%20Begining/final%20version/Tower%20Defender/Tower-Defender/target/classes/assets/textures/bird.png
16:27:16.659 [FXGL Background Thread 2 ] INFO  UpdaterService       - Your current version:  21.1
16:27:16.660 [FXGL Background Thread 2 ] INFO  UpdaterService       - Latest stable version: 25
16:27:17.680 [JavaFX Application Thread] DEBUG PrimaryStageWindow   - Push state: DialogSubScene
16:27:17.681 [JavaFX Application Thread] DEBUG Input                - Clearing active input actions
16:27:17.684 [JavaFX Application Thread] DEBUG GameApplicationServi - Removing overlay from GameScene and adding to DialogSubScene
16:27:17.684 [JavaFX Application Thread] DEBUG PrimaryStageWindow   - GameScene -> DialogSubScene
16:27:18.378 [FXGL Background Thread 3 ] DEBUG Engine               - Logging environment variables
16:27:18.378 [FXGL Background Thread 3 ] DEBUG Engine               - achievements: []
16:27:18.379 [FXGL Background Thread 3 ] DEBUG Engine               - actualHeight: 800.0
16:27:18.379 [FXGL Background Thread 3 ] DEBUG Engine               - actualHeightProperty: ReadOnlyDoubleProperty [value: 800.0]
16:27:18.379 [FXGL Background Thread 3 ] DEBUG Engine               - actualWidth: 1280.0
16:27:18.379 [FXGL Background Thread 3 ] DEBUG Engine               - actualWidthProperty: ReadOnlyDoubleProperty [value: 1280.0]
16:27:18.379 [FXGL Background Thread 3 ] DEBUG Engine               - appIcon: fxgl_icon.png
16:27:18.379 [FXGL Background Thread 3 ] DEBUG Engine               - applicationMode: DEVELOPER
16:27:18.379 [FXGL Background Thread 3 ] DEBUG Engine               - cSSList: [fxgl_dark.css]
16:27:18.379 [FXGL Background Thread 3 ] DEBUG Engine               - collisionDetectionStrategy: BRUTE_FORCE
16:27:18.379 [FXGL Background Thread 3 ] DEBUG Engine               - configClass: Optional.empty
16:27:18.379 [FXGL Background Thread 3 ] DEBUG Engine               - credits: []
16:27:18.380 [FXGL Background Thread 3 ] DEBUG Engine               - defaultCursor: CursorInfo(imageName=fxgl_default_cursor.png, hotspotX=7.0, hotspotY=6.0)
16:27:18.380 [FXGL Background Thread 3 ] DEBUG Engine               - devBBoxColorProperty: ObjectProperty [value: 0xff0000ff]
16:27:18.380 [FXGL Background Thread 3 ] DEBUG Engine               - devEnableDebugCameraProperty: BooleanProperty [value: false]
16:27:18.380 [FXGL Background Thread 3 ] DEBUG Engine               - devSensorColorProperty: ObjectProperty [value: 0xffff00ff]
16:27:18.380 [FXGL Background Thread 3 ] DEBUG Engine               - devShowBBoxProperty: BooleanProperty [value: false]
16:27:18.380 [FXGL Background Thread 3 ] DEBUG Engine               - devShowPositionProperty: BooleanProperty [value: false]
16:27:18.380 [FXGL Background Thread 3 ] DEBUG Engine               - enabledMenuItems: []
16:27:18.380 [FXGL Background Thread 3 ] DEBUG Engine               - engineServices: [class com.almasb.fxgl.app.services.FXGLAssetLoaderService, class com.almasb.fxgl.app.FXGLApplication$GameApplicationService, class com.almasb.fxgl.app.services.FXGLDialogService, class com.almasb.fxgl.app.services.IOTaskExecutorService, class com.almasb.fxgl.io.FileSystemService, class com.almasb.fxgl.localization.LocalizationService, class com.almasb.fxgl.app.services.SystemBundleService, class com.almasb.fxgl.profile.SaveLoadService, class com.almasb.fxgl.ui.FXGLUIFactoryServiceProvider, class com.almasb.fxgl.ui.FXGLDialogFactoryServiceProvider, class com.almasb.fxgl.audio.AudioPlayer, class com.almasb.fxgl.notification.impl.NotificationServiceProvider, class com.almasb.fxgl.achievement.AchievementService, class com.almasb.fxgl.cutscene.CutsceneService, class com.almasb.fxgl.minigames.MiniGameService, class com.almasb.fxgl.net.NetService, class com.almasb.fxgl.app.services.UpdaterService, class com.almasb.fxgl.dev.DevService]
16:27:18.380 [FXGL Background Thread 3 ] DEBUG Engine               - fontGame: Abel-Regular.ttf
16:27:18.380 [FXGL Background Thread 3 ] DEBUG Engine               - fontMono: TerminalLandMono-Regular.otf
16:27:18.380 [FXGL Background Thread 3 ] DEBUG Engine               - fontSizeScaleUI: 1.0
16:27:18.380 [FXGL Background Thread 3 ] DEBUG Engine               - fontText: Courier-Prime.ttf
16:27:18.380 [FXGL Background Thread 3 ] DEBUG Engine               - fontUI: VarelaRound-Regular.ttf
16:27:18.380 [FXGL Background Thread 3 ] DEBUG Engine               - fullScreen: BooleanProperty [value: false]
16:27:18.380 [FXGL Background Thread 3 ] DEBUG Engine               - gameDifficulty: MEDIUM
16:27:18.380 [FXGL Background Thread 3 ] DEBUG Engine               - gameDifficultyProperty: ObjectProperty [value: MEDIUM]
16:27:18.381 [FXGL Background Thread 3 ] DEBUG Engine               - globalMusicVolume: 0.5
16:27:18.381 [FXGL Background Thread 3 ] DEBUG Engine               - globalMusicVolumeProperty: DoubleProperty [value: 0.5]
16:27:18.381 [FXGL Background Thread 3 ] DEBUG Engine               - globalSoundVolume: 0.5
16:27:18.381 [FXGL Background Thread 3 ] DEBUG Engine               - globalSoundVolumeProperty: DoubleProperty [value: 0.5]
16:27:18.381 [FXGL Background Thread 3 ] DEBUG Engine               - height: 800
16:27:18.381 [FXGL Background Thread 3 ] DEBUG Engine               - is3D: false
16:27:18.381 [FXGL Background Thread 3 ] DEBUG Engine               - isAndroid: false
16:27:18.381 [FXGL Background Thread 3 ] DEBUG Engine               - isBrowser: false
16:27:18.381 [FXGL Background Thread 3 ] DEBUG Engine               - isClickFeedbackEnabled: false
16:27:18.381 [FXGL Background Thread 3 ] DEBUG Engine               - isCloseConfirmation: false
16:27:18.381 [FXGL Background Thread 3 ] DEBUG Engine               - isDesktop: true
16:27:18.381 [FXGL Background Thread 3 ] DEBUG Engine               - isDeveloperMenuEnabled: false
16:27:18.381 [FXGL Background Thread 3 ] DEBUG Engine               - isEmbedded: false
16:27:18.381 [FXGL Background Thread 3 ] DEBUG Engine               - isEntityPreloadEnabled: true
16:27:18.381 [FXGL Background Thread 3 ] DEBUG Engine               - isExperimentalTiledLargeMap: false
16:27:18.381 [FXGL Background Thread 3 ] DEBUG Engine               - isFileSystemWriteAllowed: true
16:27:18.381 [FXGL Background Thread 3 ] DEBUG Engine               - isFullScreenAllowed: true
16:27:18.381 [FXGL Background Thread 3 ] DEBUG Engine               - isFullScreenFromStart: false
16:27:18.381 [FXGL Background Thread 3 ] DEBUG Engine               - isGameMenuEnabled: true
16:27:18.381 [FXGL Background Thread 3 ] DEBUG Engine               - isIOS: false
16:27:18.381 [FXGL Background Thread 3 ] DEBUG Engine               - isIntroEnabled: false
16:27:18.381 [FXGL Background Thread 3 ] DEBUG Engine               - isLinux: false
16:27:18.381 [FXGL Background Thread 3 ] DEBUG Engine               - isMac: false
16:27:18.381 [FXGL Background Thread 3 ] DEBUG Engine               - isMainMenuEnabled: false
16:27:18.381 [FXGL Background Thread 3 ] DEBUG Engine               - isManualResizeEnabled: true
16:27:18.381 [FXGL Background Thread 3 ] DEBUG Engine               - isMobile: false
16:27:18.381 [FXGL Background Thread 3 ] DEBUG Engine               - isNative: false
16:27:18.381 [FXGL Background Thread 3 ] DEBUG Engine               - isPauseMusicWhenMinimized: true
16:27:18.381 [FXGL Background Thread 3 ] DEBUG Engine               - isPreserveResizeRatio: false
16:27:18.382 [FXGL Background Thread 3 ] DEBUG Engine               - isProfilingEnabled: false
16:27:18.382 [FXGL Background Thread 3 ] DEBUG Engine               - isScaleAffectedOnResize: true
16:27:18.382 [FXGL Background Thread 3 ] DEBUG Engine               - isSingleStep: false
16:27:18.382 [FXGL Background Thread 3 ] DEBUG Engine               - isUserProfileEnabled: false
16:27:18.382 [FXGL Background Thread 3 ] DEBUG Engine               - isWindows: true
16:27:18.382 [FXGL Background Thread 3 ] DEBUG Engine               - language: ObjectProperty [value: ENGLISH]
16:27:18.382 [FXGL Background Thread 3 ] DEBUG Engine               - menuKey: ESCAPE
16:27:18.382 [FXGL Background Thread 3 ] DEBUG Engine               - mouseSensitivity: 0.2
16:27:18.382 [FXGL Background Thread 3 ] DEBUG Engine               - notificationViewClass: class com.almasb.fxgl.notification.view.XboxNotificationView
16:27:18.383 [FXGL Background Thread 3 ] DEBUG Engine               - pixelsPerMeter: 50.0
16:27:18.383 [FXGL Background Thread 3 ] DEBUG Engine               - platform: WINDOWS
16:27:18.383 [FXGL Background Thread 3 ] DEBUG Engine               - prefHeightProperty: ReadOnlyDoubleProperty [value: 800.0]
16:27:18.383 [FXGL Background Thread 3 ] DEBUG Engine               - prefWidthProperty: ReadOnlyDoubleProperty [value: 1280.0]
16:27:18.383 [FXGL Background Thread 3 ] DEBUG Engine               - profileDir: profiles/
16:27:18.383 [FXGL Background Thread 3 ] DEBUG Engine               - profileName: StringProperty [value: DEFAULT]
16:27:18.383 [FXGL Background Thread 3 ] DEBUG Engine               - randomSeed: -1
16:27:18.384 [FXGL Background Thread 3 ] DEBUG Engine               - runtimeInfo: RuntimeInfo(platform=WINDOWS, version=21.1, build=27.03.2024 07.52)
16:27:18.384 [FXGL Background Thread 3 ] DEBUG Engine               - saveFileExt: sav
16:27:18.384 [FXGL Background Thread 3 ] DEBUG Engine               - scaledHeightProp$fxgl: DoubleProperty [bound, value: 800.0]
16:27:18.384 [FXGL Background Thread 3 ] DEBUG Engine               - scaledWidthProp$fxgl: DoubleProperty [bound, value: 1280.0]
16:27:18.384 [FXGL Background Thread 3 ] DEBUG Engine               - sceneFactory: com.almasb.fxgl.app.scene.SceneFactory@7f9438d8
16:27:18.384 [FXGL Background Thread 3 ] DEBUG Engine               - secondsIn24h: 60
16:27:18.384 [FXGL Background Thread 3 ] DEBUG Engine               - soundMenuBack: menu/back.wav
16:27:18.384 [FXGL Background Thread 3 ] DEBUG Engine               - soundMenuPress: menu/press.wav
16:27:18.384 [FXGL Background Thread 3 ] DEBUG Engine               - soundMenuSelect: menu/select.wav
16:27:18.384 [FXGL Background Thread 3 ] DEBUG Engine               - soundNotification: core/notification.wav
16:27:18.384 [FXGL Background Thread 3 ] DEBUG Engine               - stageStyle: DECORATED
16:27:18.385 [FXGL Background Thread 3 ] DEBUG Engine               - supportedLanguages: [ENGLISH, FRENCH, GERMAN, HUNGARIAN, RUSSIAN]
16:27:18.385 [FXGL Background Thread 3 ] DEBUG Engine               - ticksPerSecond: -1
16:27:18.385 [FXGL Background Thread 3 ] DEBUG Engine               - title: Ghost Hunter
16:27:18.385 [FXGL Background Thread 3 ] DEBUG Engine               - urlGithub: https://github.com/AlmasB/FXGL
16:27:18.385 [FXGL Background Thread 3 ] DEBUG Engine               - urlLeaderboard: http://fxgl-top.herokuapp.com/
16:27:18.385 [FXGL Background Thread 3 ] DEBUG Engine               - urlPOM: https://raw.githubusercontent.com/AlmasB/FXGL/release/README.md
16:27:18.385 [FXGL Background Thread 3 ] DEBUG Engine               - userAppClass: class org.saikat.Game
16:27:18.385 [FXGL Background Thread 3 ] DEBUG Engine               - version: 1.0
16:27:18.385 [FXGL Background Thread 3 ] DEBUG Engine               - versionCheckDays: 7
16:27:18.385 [FXGL Background Thread 3 ] DEBUG Engine               - width: 1280
16:27:18.385 [FXGL Background Thread 3 ] DEBUG Engine               - Logging services
16:27:18.385 [FXGL Background Thread 3 ] DEBUG Engine               - class com.almasb.fxgl.app.services.FXGLAssetLoaderService
16:27:18.385 [FXGL Background Thread 3 ] DEBUG Engine               - class com.almasb.fxgl.app.FXGLApplication$GameApplicationService
16:27:18.385 [FXGL Background Thread 3 ] DEBUG Engine               - class com.almasb.fxgl.app.services.FXGLDialogService
16:27:18.385 [FXGL Background Thread 3 ] DEBUG Engine               - class com.almasb.fxgl.app.services.IOTaskExecutorService
16:27:18.385 [FXGL Background Thread 3 ] DEBUG Engine               - class com.almasb.fxgl.io.FileSystemService
16:27:18.385 [FXGL Background Thread 3 ] DEBUG Engine               - class com.almasb.fxgl.localization.LocalizationService
16:27:18.385 [FXGL Background Thread 3 ] DEBUG Engine               - class com.almasb.fxgl.app.services.SystemBundleService
16:27:18.385 [FXGL Background Thread 3 ] DEBUG Engine               - class com.almasb.fxgl.profile.SaveLoadService
16:27:18.385 [FXGL Background Thread 3 ] DEBUG Engine               - class com.almasb.fxgl.ui.FXGLUIFactoryServiceProvider
16:27:18.385 [FXGL Background Thread 3 ] DEBUG Engine               - class com.almasb.fxgl.ui.FXGLDialogFactoryServiceProvider
16:27:18.385 [FXGL Background Thread 3 ] DEBUG Engine               - class com.almasb.fxgl.audio.AudioPlayer
16:27:18.385 [FXGL Background Thread 3 ] DEBUG Engine               - class com.almasb.fxgl.notification.impl.NotificationServiceProvider
16:27:18.385 [FXGL Background Thread 3 ] DEBUG Engine               - class com.almasb.fxgl.achievement.AchievementService
16:27:18.385 [FXGL Background Thread 3 ] DEBUG Engine               - class com.almasb.fxgl.cutscene.CutsceneService
16:27:18.385 [FXGL Background Thread 3 ] DEBUG Engine               - class com.almasb.fxgl.minigames.MiniGameService
16:27:18.385 [FXGL Background Thread 3 ] DEBUG Engine               - class com.almasb.fxgl.net.NetService
16:27:18.385 [FXGL Background Thread 3 ] DEBUG Engine               - class com.almasb.fxgl.app.services.UpdaterService
16:27:18.385 [FXGL Background Thread 3 ] DEBUG Engine               - class com.almasb.fxgl.dev.DevService
16:27:19.577 [JavaFX Application Thread] DEBUG PrimaryStageWindow   - Pop state: DialogSubScene
16:27:19.578 [JavaFX Application Thread] DEBUG Input                - Clearing active input actions
16:27:19.578 [JavaFX Application Thread] DEBUG GameApplicationServi - Removing overlay from DialogSubScene and adding to GameScene
16:27:19.579 [JavaFX Application Thread] DEBUG PrimaryStageWindow   - GameScene <- DialogSubScene
16:27:19.579 [JavaFX Application Thread] DEBUG LoopRunner           - Resuming loop
16:27:19.585 [JavaFX Application Thread] DEBUG FXGLAssetLoaderServi - Loading from file system: file:/E:/All%20About%20Dev/OOP/FXGL%20new%20Begining/final%20version/Tower%20Defender/Tower-Defender/target/classes/assets/textures/spell.png
16:27:19.634 [JavaFX Application Thread] DEBUG FXGLAssetLoaderServi - Loading from file system: file:/E:/All%20About%20Dev/OOP/FXGL%20new%20Begining/final%20version/Tower%20Defender/Tower-Defender/target/classes/assets/textures/tank_bullet.png
16:27:42.193 [JavaFX Application Thread] DEBUG PrimaryStageWindow   - Push state: DialogSubScene
16:27:42.193 [JavaFX Application Thread] DEBUG Input                - Clearing active input actions
16:27:42.194 [JavaFX Application Thread] DEBUG GameApplicationServi - Removing overlay from GameScene and adding to DialogSubScene
16:27:42.194 [JavaFX Application Thread] DEBUG PrimaryStageWindow   - GameScene -> DialogSubScene
16:27:43.971 [JavaFX Application Thread] DEBUG PrimaryStageWindow   - Pop state: DialogSubScene
16:27:43.971 [JavaFX Application Thread] DEBUG Input                - Clearing active input actions
16:27:43.972 [JavaFX Application Thread] DEBUG GameApplicationServi - Removing overlay from DialogSubScene and adding to GameScene
16:27:43.972 [JavaFX Application Thread] DEBUG PrimaryStageWindow   - GameScene <- DialogSubScene
16:27:43.972 [JavaFX Application Thread] DEBUG LoopRunner           - Resuming loop
16:27:43.975 [JavaFX Application Thread] DEBUG FXGLAssetLoaderServi - Loading from file system: file:/E:/All%20About%20Dev/OOP/FXGL%20new%20Begining/final%20version/Tower%20Defender/Tower-Defender/target/classes/assets/textures/wildfire.png
16:27:44.939 [JavaFX Application Thread] DEBUG PrimaryStageWindow   - Push state: DialogSubScene
16:27:44.940 [JavaFX Application Thread] DEBUG Input                - Clearing active input actions
16:27:44.940 [JavaFX Application Thread] DEBUG GameApplicationServi - Removing overlay from GameScene and adding to DialogSubScene
16:27:44.940 [JavaFX Application Thread] DEBUG PrimaryStageWindow   - GameScene -> DialogSubScene
16:27:46.247 [JavaFX Application Thread] DEBUG PrimaryStageWindow   - Pop state: DialogSubScene
16:27:46.248 [JavaFX Application Thread] DEBUG Input                - Clearing active input actions
16:27:46.248 [JavaFX Application Thread] DEBUG GameApplicationServi - Removing overlay from DialogSubScene and adding to GameScene
16:27:46.248 [JavaFX Application Thread] DEBUG PrimaryStageWindow   - GameScene <- DialogSubScene
16:27:46.248 [JavaFX Application Thread] DEBUG LoopRunner           - Resuming loop
16:27:47.483 [JavaFX Application Thread] DEBUG PrimaryStageWindow   - Push state: DialogSubScene
16:27:47.483 [JavaFX Application Thread] DEBUG Input                - Clearing active input actions
16:27:47.483 [JavaFX Application Thread] DEBUG GameApplicationServi - Removing overlay from GameScene and adding to DialogSubScene
16:27:47.483 [JavaFX Application Thread] DEBUG PrimaryStageWindow   - GameScene -> DialogSubScene
16:27:48.759 [JavaFX Application Thread] DEBUG PrimaryStageWindow   - Pop state: DialogSubScene
16:27:48.759 [JavaFX Application Thread] DEBUG Input                - Clearing active input actions
16:27:48.759 [JavaFX Application Thread] DEBUG GameApplicationServi - Removing overlay from DialogSubScene and adding to GameScene
16:27:48.759 [JavaFX Application Thread] DEBUG PrimaryStageWindow   - GameScene <- DialogSubScene
16:27:48.759 [JavaFX Application Thread] DEBUG LoopRunner           - Resuming loop
16:27:49.908 [JavaFX Application Thread] DEBUG PrimaryStageWindow   - Push state: DialogSubScene
16:27:49.908 [JavaFX Application Thread] DEBUG Input                - Clearing active input actions
16:27:49.908 [JavaFX Application Thread] DEBUG GameApplicationServi - Removing overlay from GameScene and adding to DialogSubScene
16:27:49.908 [JavaFX Application Thread] DEBUG PrimaryStageWindow   - GameScene -> DialogSubScene
16:27:51.790 [JavaFX Application Thread] DEBUG PrimaryStageWindow   - Pop state: DialogSubScene
16:27:51.790 [JavaFX Application Thread] DEBUG Input                - Clearing active input actions
16:27:51.791 [JavaFX Application Thread] DEBUG GameApplicationServi - Removing overlay from DialogSubScene and adding to GameScene
16:27:51.791 [JavaFX Application Thread] DEBUG PrimaryStageWindow   - GameScene <- DialogSubScene
16:27:51.791 [JavaFX Application Thread] DEBUG LoopRunner           - Resuming loop
16:27:52.547 [JavaFX Application Thread] DEBUG PrimaryStageWindow   - Push state: DialogSubScene
16:27:52.547 [JavaFX Application Thread] DEBUG Input                - Clearing active input actions
16:27:52.548 [JavaFX Application Thread] DEBUG GameApplicationServi - Removing overlay from GameScene and adding to DialogSubScene
16:27:52.548 [JavaFX Application Thread] DEBUG PrimaryStageWindow   - GameScene -> DialogSubScene
16:27:53.526 [JavaFX Application Thread] DEBUG PrimaryStageWindow   - Pop state: DialogSubScene
16:27:53.526 [JavaFX Application Thread] DEBUG Input                - Clearing active input actions
16:27:53.527 [JavaFX Application Thread] DEBUG GameApplicationServi - Removing overlay from DialogSubScene and adding to GameScene
16:27:53.527 [JavaFX Application Thread] DEBUG PrimaryStageWindow   - GameScene <- DialogSubScene
16:27:53.527 [JavaFX Application Thread] DEBUG LoopRunner           - Resuming loop
16:28:27.636 [JavaFX Application Thread] WARN  GameWorld            - Attempted to remove entity which is not active
16:28:27.653 [JavaFX Application Thread] WARN  GameWorld            - Attempted to remove entity which is not active
16:28:34.177 [JavaFX Application Thread] WARN  GameWorld            - Attempted to remove entity which is not active
16:28:34.191 [JavaFX Application Thread] WARN  GameWorld            - Attempted to remove entity which is not active
16:28:34.848 [JavaFX Application Thread] WARN  GameWorld            - Attempted to remove entity which is not active
16:28:34.861 [JavaFX Application Thread] WARN  GameWorld            - Attempted to remove entity which is not active
16:28:38.403 [JavaFX Application Thread] WARN  GameWorld            - Attempted to remove entity which is not active
16:28:38.416 [JavaFX Application Thread] WARN  GameWorld            - Attempted to remove entity which is not active
16:28:41.670 [JavaFX Application Thread] WARN  GameWorld            - Attempted to remove entity which is not active
16:28:41.681 [JavaFX Application Thread] WARN  GameWorld            - Attempted to remove entity which is not active
16:29:02.471 [JavaFX Application Thread] WARN  GameWorld            - Attempted to remove entity which is not active
16:29:14.196 [JavaFX Application Thread] WARN  GameWorld            - Attempted to remove entity which is not active
16:29:23.582 [JavaFX Application Thread] WARN  GameWorld            - Attempted to remove entity which is not active
16:29:31.453 [JavaFX Application Thread] DEBUG FXGLApplication      - Exiting FXGL
16:29:31.454 [JavaFX Application Thread] DEBUG LoopRunner           - Stopping loop
16:29:31.454 [JavaFX Application Thread] DEBUG SystemBundleService  - Saving FXGL system data
16:29:31.471 [JavaFX Application Thread] DEBUG FileSystemAccess     - Writing to: E:\All About Dev\OOP\FXGL new Begining\final version\Tower Defender\Tower-Defender\system\fxgl.bundle
16:29:31.485 [JavaFX Application Thread] DEBUG Async                - Shutting down background threads
16:29:31.486 [JavaFX Application Thread] DEBUG PrimaryStageWindow   - Closing main window
16:29:31.535 [JavaFX Application Thread] DEBUG Logger               - Closing Logger
