19:04:44.603 [main                     ] DEBUG Logger               - Configured Logger
19:04:44.633 [main                     ] DEBUG GameApplication      - Logging settings
Title: 1945
Version: 0.1
Width: 1280
Height: 800
Fullscreen: true
Intro: false
Profiling: false
Single step:false
App Mode: DEVELOPER
Menu Key: ESCAPE
Stage Style: DECORATED
Scene Factory: class com.almasb.fxgl.app.scene.SceneFactory

19:04:45.254 [JavaFX Application Thread] DEBUG FXGLApplication      - Initializing FXGL
19:04:45.265 [JavaFX Application Thread] INFO  Engine               - FXGL-21.1 (27.03.2024 07.52) on WINDOWS (J:21.0.9 FX:21.0.1)
19:04:45.265 [JavaFX Application Thread] DEBUG Engine               - JRE Vendor Name: Oracle Corporation
19:04:45.265 [JavaFX Application Thread] DEBUG Engine               - Running on OS: Windows 11 version 10.0
19:04:45.265 [JavaFX Application Thread] DEBUG Engine               - Architecture: amd64
19:04:45.265 [JavaFX Application Thread] INFO  Engine               - Source code and latest versions at: https://github.com/AlmasB/FXGL
19:04:45.266 [JavaFX Application Thread] INFO  Engine               -       Ask questions and discuss at: https://github.com/AlmasB/FXGL/discussions
19:04:45.266 [JavaFX Application Thread] INFO  Engine               -              Join the FXGL chat at: https://gitter.im/AlmasB/FXGL
19:04:45.410 [JavaFX Application Thread] DEBUG PrimaryStageWindow   - Creating a JavaFX scene
19:04:45.479 [JavaFX Application Thread] DEBUG PrimaryStageWindow   - Target settings size: 1280.0 x 800.0
19:04:45.479 [JavaFX Application Thread] DEBUG PrimaryStageWindow   - Scaled scene size:    1280.0 x 800.0
19:04:45.479 [JavaFX Application Thread] DEBUG PrimaryStageWindow   - Scaled ratio: (1.0, 1.0)
19:04:45.481 [JavaFX Application Thread] DEBUG PrimaryStageWindow   - Set initial scene to FXGLStartupScene
19:04:45.486 [JavaFX Application Thread] DEBUG PrimaryStageWindow   - Opening main window
19:04:45.626 [JavaFX Application Thread] DEBUG PrimaryStageWindow   - Window border size: (14.4000244140625, 37.5999755859375)
19:04:45.627 [JavaFX Application Thread] DEBUG PrimaryStageWindow   - Scaled size: 1280.0 x 800.0
19:04:45.627 [JavaFX Application Thread] DEBUG PrimaryStageWindow   - Scaled ratio: (1.0, 1.0)
19:04:45.628 [JavaFX Application Thread] DEBUG PrimaryStageWindow   - Scene size: 1280.0 x 800.0
19:04:45.628 [JavaFX Application Thread] DEBUG PrimaryStageWindow   - Stage size: 1294.4000244140625 x 837.5999755859375
19:04:45.645 [FXGL Background Thread 1 ] DEBUG Engine               - Initializing environment variables
19:04:45.746 [FXGL Background Thread 1 ] DEBUG FXGLAssetLoaderServi - User app class for loading assets: class org.saikat.Main
19:04:45.747 [FXGL Background Thread 1 ] DEBUG GameApplicationServi - Applying CSS: fxgl_dark.css
19:04:45.749 [FXGL Background Thread 1 ] DEBUG FXGLAssetLoaderServi - Loading from file system: jar:file:/C:/Users/HP/.m2/repository/com/github/almasb/fxgl/21.1/fxgl-21.1.jar!/fxglassets/ui/css/fxgl_dark.css
19:04:45.805 [FXGL Background Thread 1 ] DEBUG GameApplicationServi - Initializing application scenes
19:04:45.884 [FXGL Background Thread 1 ] DEBUG GameWorld            - Game world initialized
19:04:45.967 [FXGL Background Thread 1 ] DEBUG PhysicsWorld         - Physics world initialized: appHeight=800, physics.ppm=50.0
19:04:45.967 [FXGL Background Thread 1 ] DEBUG PhysicsWorld         - Using strategy: BRUTE_FORCE
19:04:45.971 [FXGL Background Thread 1 ] DEBUG GameScene            - Game scene initialized: 1280x800
19:04:45.989 [FXGL Background Thread 1 ] DEBUG FXGL.DefaultMenu     - createMenuBodyMainMenu()
19:04:46.011 [FXGL Background Thread 1 ] DEBUG FXGL.DefaultMenu     - createOptionsMenu()
19:04:46.024 [FXGL Background Thread 1 ] DEBUG FXGLAssetLoaderServi - Loading from file system: jar:file:/C:/Users/HP/.m2/repository/com/github/almasb/fxgl/21.1/fxgl-21.1.jar!/fxglassets/textures/particles/smoke.png
19:04:46.159 [FXGL Background Thread 1 ] DEBUG FXGLAssetLoaderServi - Loading from file system: jar:file:/C:/Users/HP/.m2/repository/com/github/almasb/fxgl/21.1/fxgl-21.1.jar!/fxglassets/textures/particles/trace_horizontal.png
19:04:46.198 [FXGL Background Thread 1 ] DEBUG FXGL.DefaultMenu     - createMenuBodyGameMenu()
19:04:46.200 [FXGL Background Thread 1 ] DEBUG FXGL.DefaultMenu     - createOptionsMenu()
19:04:46.209 [FXGL Background Thread 1 ] DEBUG GameApplicationServi - Application scenes initialized
19:04:46.230 [FXGL Background Thread 1 ] DEBUG SystemBundleService  - Loading FXGL system data
19:04:46.240 [FXGL Background Thread 1 ] DEBUG FileSystemAccess     - Reading from: E:\All About Dev\OOP\FXGL new Begining\final version\Tower Defender\Tower-Defender\system\fxgl.bundle
19:04:46.257 [FXGL Background Thread 1 ] DEBUG SystemBundleService  - Bundle FXGL: {}
19:04:46.257 [FXGL Background Thread 1 ] DEBUG UpdaterService       - Checking for updates
19:04:46.264 [FXGL Background Thread 4 ] DEBUG FXGLApplication      - Loading fonts
19:04:46.264 [FXGL Background Thread 4 ] DEBUG FXGLAssetLoaderServi - Loading from file system: jar:file:/C:/Users/HP/.m2/repository/com/github/almasb/fxgl/21.1/fxgl-21.1.jar!/fxglassets/ui/fonts/VarelaRound-Regular.ttf
19:04:46.265 [FXGL Background Thread 1 ] DEBUG FXGLApplication      - Loading default localization
19:04:46.266 [FXGL Background Thread 1 ] DEBUG FXGLAssetLoaderServi - Loading from file system: jar:file:/C:/Users/HP/.m2/repository/com/github/almasb/fxgl/21.1/fxgl-21.1.jar!/fxglassets/languages/english.lang
19:04:46.302 [FXGL Background Thread 1 ] INFO  FXGLApplication      - FXGL initialization took: 0.655 sec
19:04:46.310 [JavaFX Application Thread] DEBUG Input                - Registered new binding: add tower - LMB
19:04:46.311 [JavaFX Application Thread] DEBUG Input                - Registered new binding: remove tower - RMB
19:04:46.312 [JavaFX Application Thread] DEBUG FXGLAssetLoaderServi - Loading from file system: jar:file:/C:/Users/HP/.m2/repository/com/github/almasb/fxgl/21.1/fxgl-21.1.jar!/fxglassets/textures/fxgl_icon.png
19:04:46.317 [FXGL Background Thread 4 ] DEBUG FXGLAssetLoaderServi - Loading from file system: jar:file:/C:/Users/HP/.m2/repository/com/github/almasb/fxgl/21.1/fxgl-21.1.jar!/fxglassets/ui/fonts/Abel-Regular.ttf
19:04:46.323 [FXGL Background Thread 4 ] DEBUG FXGLAssetLoaderServi - Loading from file system: jar:file:/C:/Users/HP/.m2/repository/com/github/almasb/fxgl/21.1/fxgl-21.1.jar!/fxglassets/ui/fonts/TerminalLandMono-Regular.otf
19:04:46.330 [FXGL Background Thread 4 ] DEBUG FXGLAssetLoaderServi - Loading from file system: jar:file:/C:/Users/HP/.m2/repository/com/github/almasb/fxgl/21.1/fxgl-21.1.jar!/fxglassets/ui/fonts/Courier-Prime.ttf
19:04:46.345 [JavaFX Application Thread] DEBUG FXGLAssetLoaderServi - Loading from file system: jar:file:/C:/Users/HP/.m2/repository/com/github/almasb/fxgl/21.1/fxgl-21.1.jar!/fxglassets/textures/fxgl_default_cursor.png
19:04:46.354 [JavaFX Application Thread] DEBUG Input                - Registered new binding: Screenshot - CTRL+8
19:04:46.355 [JavaFX Application Thread] DEBUG Input                - Registered new binding: System info dump - CTRL+9
19:04:46.355 [JavaFX Application Thread] DEBUG Input                - Registered new binding: Restart - CTRL+R
19:04:46.356 [JavaFX Application Thread] DEBUG Input                - Registered new binding: Toggle Debug Camera - CTRL+7
19:04:46.360 [JavaFX Application Thread] DEBUG LoopRunner           - Starting loop
19:04:46.361 [JavaFX Application Thread] DEBUG LoopRunner           - Initializing JavaFX AnimationTimerLoop
19:04:46.367 [JavaFX Application Thread] DEBUG Input                - Clearing active input actions
19:04:46.376 [JavaFX Application Thread] DEBUG GameApplicationServi - Removing overlay from FXGLStartupScene and adding to FXGLMainMenuDummyScene
19:04:46.377 [JavaFX Application Thread] DEBUG PrimaryStageWindow   - FXGLStartupScene -> FXGLMainMenuDummyScene
19:04:46.377 [JavaFX Application Thread] DEBUG PrimaryStageWindow   - Push state: FXGLDefaultMenu
19:04:46.390 [JavaFX Application Thread] DEBUG Input                - Clearing active input actions
19:04:46.401 [JavaFX Application Thread] DEBUG GameApplicationServi - Removing overlay from FXGLMainMenuDummyScene and adding to FXGLDefaultMenu
19:04:46.402 [JavaFX Application Thread] DEBUG PrimaryStageWindow   - FXGLMainMenuDummyScene -> FXGLDefaultMenu
19:04:46.402 [JavaFX Application Thread] DEBUG FXGLApplication      - Registering font factories with UI factory
19:04:47.318 [FXGL Background Thread 2 ] INFO  UpdaterService       - Your current version:  21.1
19:04:47.318 [FXGL Background Thread 2 ] INFO  UpdaterService       - Latest stable version: 25
19:04:48.287 [JavaFX Application Thread] DEBUG Menu                 - fireNewGame()
19:04:48.287 [JavaFX Application Thread] DEBUG GameApplicationServi - Starting new game
19:04:48.290 [JavaFX Application Thread] DEBUG PrimaryStageWindow   - Pop state: FXGLDefaultMenu
19:04:48.291 [JavaFX Application Thread] DEBUG Input                - Clearing active input actions
19:04:48.293 [JavaFX Application Thread] DEBUG GameApplicationServi - Removing overlay from FXGLDefaultMenu and adding to FXGLMainMenuDummyScene
19:04:48.294 [JavaFX Application Thread] DEBUG PrimaryStageWindow   - FXGLMainMenuDummyScene <- FXGLDefaultMenu
19:04:48.294 [JavaFX Application Thread] DEBUG Input                - Clearing active input actions
19:04:48.303 [JavaFX Application Thread] DEBUG GameApplicationServi - Removing overlay from FXGLMainMenuDummyScene and adding to FXGLLoadingScene
19:04:48.304 [JavaFX Application Thread] DEBUG PrimaryStageWindow   - FXGLMainMenuDummyScene -> FXGLLoadingScene
19:04:48.304 [JavaFX Application Thread] DEBUG GameApplicationServi - Clearing previous game
19:04:48.304 [JavaFX Application Thread] DEBUG GameScene            - Clearing game scene
19:04:48.304 [JavaFX Application Thread] DEBUG GameWorld            - Clearing game world
19:04:48.304 [JavaFX Application Thread] DEBUG PhysicsWorld         - Clearing physics world
19:04:48.305 [FXGL Background Thread 2 ] DEBUG FXGLApplication      - Initializing game
19:04:48.377 [FXGL Background Thread 2 ] WARN  TMXLevelLoader       - TiledMap generated from 1.12.2. Supported version: 1.9.0. Some features may not be parsed fully.
19:04:48.398 [FXGL Background Thread 2 ] DEBUG TMXLevelLoader       - Parsed TiledMap: file:/E:/All%20About%20Dev/OOP/FXGL%20new%20Begining/final%20version/Tower%20Defender/Tower-Defender/target/classes/assets/levels/wall.tmx
19:04:48.400 [FXGL Background Thread 2 ] DEBUG TMXLevelLoader       - Creating tile layer entities
19:04:48.402 [FXGL Background Thread 2 ] DEBUG TilesetLoader        - Loading view for layer background
19:04:48.404 [FXGL Background Thread 2 ] DEBUG TilesetLoader        - Created buffer with size 1280.0x800.0
19:04:48.431 [FXGL Background Thread 2 ] DEBUG TilesetLoader        - Loading view for layer tower spot layer
19:04:48.433 [FXGL Background Thread 2 ] DEBUG TilesetLoader        - Created buffer with size 1280.0x800.0
19:04:48.441 [FXGL Background Thread 2 ] DEBUG TilesetLoader        - Loading view for layer Road
19:04:48.443 [FXGL Background Thread 2 ] DEBUG TilesetLoader        - Created buffer with size 1280.0x800.0
19:04:48.445 [FXGL Background Thread 2 ] DEBUG TilesetLoader        - Loading view for layer road2
19:04:48.446 [FXGL Background Thread 2 ] DEBUG TilesetLoader        - Created buffer with size 1280.0x800.0
19:04:48.447 [FXGL Background Thread 2 ] WARN  TilesetLoader        - Diagonally flipped tiles are not currently supported
19:04:48.447 [FXGL Background Thread 2 ] WARN  TilesetLoader        - Diagonally flipped tiles are not currently supported
19:04:48.448 [FXGL Background Thread 2 ] WARN  TilesetLoader        - Diagonally flipped tiles are not currently supported
19:04:48.455 [FXGL Background Thread 2 ] WARN  TilesetLoader        - Diagonally flipped tiles are not currently supported
19:04:48.456 [FXGL Background Thread 2 ] WARN  TilesetLoader        - Diagonally flipped tiles are not currently supported
19:04:48.456 [FXGL Background Thread 2 ] WARN  TilesetLoader        - Diagonally flipped tiles are not currently supported
19:04:48.457 [FXGL Background Thread 2 ] WARN  TilesetLoader        - Diagonally flipped tiles are not currently supported
19:04:48.457 [FXGL Background Thread 2 ] WARN  TilesetLoader        - Diagonally flipped tiles are not currently supported
19:04:48.458 [FXGL Background Thread 2 ] WARN  TilesetLoader        - Diagonally flipped tiles are not currently supported
19:04:48.458 [FXGL Background Thread 2 ] WARN  TilesetLoader        - Diagonally flipped tiles are not currently supported
19:04:48.458 [FXGL Background Thread 2 ] WARN  TilesetLoader        - Diagonally flipped tiles are not currently supported
19:04:48.459 [FXGL Background Thread 2 ] WARN  TilesetLoader        - Diagonally flipped tiles are not currently supported
19:04:48.459 [FXGL Background Thread 2 ] WARN  TilesetLoader        - Diagonally flipped tiles are not currently supported
19:04:48.460 [FXGL Background Thread 2 ] WARN  TilesetLoader        - Diagonally flipped tiles are not currently supported
19:04:48.460 [FXGL Background Thread 2 ] WARN  TilesetLoader        - Diagonally flipped tiles are not currently supported
19:04:48.460 [FXGL Background Thread 2 ] WARN  TilesetLoader        - Diagonally flipped tiles are not currently supported
19:04:48.461 [FXGL Background Thread 2 ] WARN  TilesetLoader        - Diagonally flipped tiles are not currently supported
19:04:48.462 [FXGL Background Thread 2 ] WARN  TilesetLoader        - Diagonally flipped tiles are not currently supported
19:04:48.462 [FXGL Background Thread 2 ] WARN  TilesetLoader        - Diagonally flipped tiles are not currently supported
19:04:48.463 [FXGL Background Thread 2 ] WARN  TilesetLoader        - Diagonally flipped tiles are not currently supported
19:04:48.463 [FXGL Background Thread 2 ] WARN  TilesetLoader        - Diagonally flipped tiles are not currently supported
19:04:48.463 [FXGL Background Thread 2 ] WARN  TilesetLoader        - Diagonally flipped tiles are not currently supported
19:04:48.464 [FXGL Background Thread 2 ] WARN  TilesetLoader        - Diagonally flipped tiles are not currently supported
19:04:48.464 [FXGL Background Thread 2 ] WARN  TilesetLoader        - Diagonally flipped tiles are not currently supported
19:04:48.464 [FXGL Background Thread 2 ] WARN  TilesetLoader        - Diagonally flipped tiles are not currently supported
19:04:48.465 [FXGL Background Thread 2 ] WARN  TilesetLoader        - Diagonally flipped tiles are not currently supported
19:04:48.465 [FXGL Background Thread 2 ] WARN  TilesetLoader        - Diagonally flipped tiles are not currently supported
19:04:48.465 [FXGL Background Thread 2 ] WARN  TilesetLoader        - Diagonally flipped tiles are not currently supported
19:04:48.466 [FXGL Background Thread 2 ] WARN  TilesetLoader        - Diagonally flipped tiles are not currently supported
19:04:48.466 [FXGL Background Thread 2 ] WARN  TilesetLoader        - Diagonally flipped tiles are not currently supported
19:04:48.466 [FXGL Background Thread 2 ] WARN  TilesetLoader        - Diagonally flipped tiles are not currently supported
19:04:48.466 [FXGL Background Thread 2 ] WARN  TilesetLoader        - Diagonally flipped tiles are not currently supported
19:04:48.467 [FXGL Background Thread 2 ] WARN  TilesetLoader        - Diagonally flipped tiles are not currently supported
19:04:48.467 [FXGL Background Thread 2 ] WARN  TilesetLoader        - Diagonally flipped tiles are not currently supported
19:04:48.467 [FXGL Background Thread 2 ] WARN  TilesetLoader        - Diagonally flipped tiles are not currently supported
19:04:48.468 [FXGL Background Thread 2 ] WARN  TilesetLoader        - Diagonally flipped tiles are not currently supported
19:04:48.468 [FXGL Background Thread 2 ] WARN  TilesetLoader        - Diagonally flipped tiles are not currently supported
19:04:48.468 [FXGL Background Thread 2 ] WARN  TilesetLoader        - Diagonally flipped tiles are not currently supported
19:04:48.469 [FXGL Background Thread 2 ] WARN  TilesetLoader        - Diagonally flipped tiles are not currently supported
19:04:48.469 [FXGL Background Thread 2 ] WARN  TilesetLoader        - Diagonally flipped tiles are not currently supported
19:04:48.469 [FXGL Background Thread 2 ] WARN  TilesetLoader        - Diagonally flipped tiles are not currently supported
19:04:48.470 [FXGL Background Thread 2 ] WARN  TilesetLoader        - Diagonally flipped tiles are not currently supported
19:04:48.470 [FXGL Background Thread 2 ] WARN  TilesetLoader        - Diagonally flipped tiles are not currently supported
19:04:48.470 [FXGL Background Thread 2 ] WARN  TilesetLoader        - Diagonally flipped tiles are not currently supported
19:04:48.470 [FXGL Background Thread 2 ] WARN  TilesetLoader        - Diagonally flipped tiles are not currently supported
19:04:48.471 [FXGL Background Thread 2 ] WARN  TilesetLoader        - Diagonally flipped tiles are not currently supported
19:04:48.471 [FXGL Background Thread 2 ] WARN  TilesetLoader        - Diagonally flipped tiles are not currently supported
19:04:48.471 [FXGL Background Thread 2 ] WARN  TilesetLoader        - Diagonally flipped tiles are not currently supported
19:04:48.471 [FXGL Background Thread 2 ] WARN  TilesetLoader        - Diagonally flipped tiles are not currently supported
19:04:48.472 [FXGL Background Thread 2 ] WARN  TilesetLoader        - Diagonally flipped tiles are not currently supported
19:04:48.472 [FXGL Background Thread 2 ] WARN  TilesetLoader        - Diagonally flipped tiles are not currently supported
19:04:48.472 [FXGL Background Thread 2 ] WARN  TilesetLoader        - Diagonally flipped tiles are not currently supported
19:04:48.473 [FXGL Background Thread 2 ] WARN  TilesetLoader        - Diagonally flipped tiles are not currently supported
19:04:48.473 [FXGL Background Thread 2 ] WARN  TilesetLoader        - Diagonally flipped tiles are not currently supported
19:04:48.473 [FXGL Background Thread 2 ] WARN  TilesetLoader        - Diagonally flipped tiles are not currently supported
19:04:48.474 [FXGL Background Thread 2 ] WARN  TilesetLoader        - Diagonally flipped tiles are not currently supported
19:04:48.474 [FXGL Background Thread 2 ] WARN  TilesetLoader        - Diagonally flipped tiles are not currently supported
19:04:48.474 [FXGL Background Thread 2 ] WARN  TilesetLoader        - Diagonally flipped tiles are not currently supported
19:04:48.475 [FXGL Background Thread 2 ] WARN  TilesetLoader        - Diagonally flipped tiles are not currently supported
19:04:48.475 [FXGL Background Thread 2 ] WARN  TilesetLoader        - Diagonally flipped tiles are not currently supported
19:04:48.475 [FXGL Background Thread 2 ] WARN  TilesetLoader        - Diagonally flipped tiles are not currently supported
19:04:48.475 [FXGL Background Thread 2 ] WARN  TilesetLoader        - Diagonally flipped tiles are not currently supported
19:04:48.476 [FXGL Background Thread 2 ] WARN  TilesetLoader        - Diagonally flipped tiles are not currently supported
19:04:48.476 [FXGL Background Thread 2 ] WARN  TilesetLoader        - Diagonally flipped tiles are not currently supported
19:04:48.476 [FXGL Background Thread 2 ] WARN  TilesetLoader        - Diagonally flipped tiles are not currently supported
19:04:48.477 [FXGL Background Thread 2 ] WARN  TilesetLoader        - Diagonally flipped tiles are not currently supported
19:04:48.477 [FXGL Background Thread 2 ] WARN  TilesetLoader        - Diagonally flipped tiles are not currently supported
19:04:48.477 [FXGL Background Thread 2 ] WARN  TilesetLoader        - Diagonally flipped tiles are not currently supported
19:04:48.477 [FXGL Background Thread 2 ] WARN  TilesetLoader        - Diagonally flipped tiles are not currently supported
19:04:48.478 [FXGL Background Thread 2 ] WARN  TilesetLoader        - Diagonally flipped tiles are not currently supported
19:04:48.478 [FXGL Background Thread 2 ] WARN  TilesetLoader        - Diagonally flipped tiles are not currently supported
19:04:48.478 [FXGL Background Thread 2 ] WARN  TilesetLoader        - Diagonally flipped tiles are not currently supported
19:04:48.478 [FXGL Background Thread 2 ] WARN  TilesetLoader        - Diagonally flipped tiles are not currently supported
19:04:48.479 [FXGL Background Thread 2 ] WARN  TilesetLoader        - Diagonally flipped tiles are not currently supported
19:04:48.479 [FXGL Background Thread 2 ] WARN  TilesetLoader        - Diagonally flipped tiles are not currently supported
19:04:48.479 [FXGL Background Thread 2 ] WARN  TilesetLoader        - Diagonally flipped tiles are not currently supported
19:04:48.479 [FXGL Background Thread 2 ] WARN  TilesetLoader        - Diagonally flipped tiles are not currently supported
19:04:48.480 [FXGL Background Thread 2 ] WARN  TilesetLoader        - Diagonally flipped tiles are not currently supported
19:04:48.480 [FXGL Background Thread 2 ] WARN  TilesetLoader        - Diagonally flipped tiles are not currently supported
19:04:48.480 [FXGL Background Thread 2 ] WARN  TilesetLoader        - Diagonally flipped tiles are not currently supported
19:04:48.480 [FXGL Background Thread 2 ] WARN  TilesetLoader        - Diagonally flipped tiles are not currently supported
19:04:48.480 [FXGL Background Thread 2 ] WARN  TilesetLoader        - Diagonally flipped tiles are not currently supported
19:04:48.480 [FXGL Background Thread 2 ] WARN  TilesetLoader        - Diagonally flipped tiles are not currently supported
19:04:48.481 [FXGL Background Thread 2 ] WARN  TilesetLoader        - Diagonally flipped tiles are not currently supported
19:04:48.481 [FXGL Background Thread 2 ] WARN  TilesetLoader        - Diagonally flipped tiles are not currently supported
19:04:48.481 [FXGL Background Thread 2 ] WARN  TilesetLoader        - Diagonally flipped tiles are not currently supported
19:04:48.481 [FXGL Background Thread 2 ] WARN  TilesetLoader        - Diagonally flipped tiles are not currently supported
19:04:48.481 [FXGL Background Thread 2 ] WARN  TilesetLoader        - Diagonally flipped tiles are not currently supported
19:04:48.482 [FXGL Background Thread 2 ] WARN  TilesetLoader        - Diagonally flipped tiles are not currently supported
19:04:48.485 [FXGL Background Thread 2 ] WARN  TilesetLoader        - Diagonally flipped tiles are not currently supported
19:04:48.486 [FXGL Background Thread 2 ] WARN  TilesetLoader        - Diagonally flipped tiles are not currently supported
19:04:48.486 [FXGL Background Thread 2 ] WARN  TilesetLoader        - Diagonally flipped tiles are not currently supported
19:04:48.487 [FXGL Background Thread 2 ] WARN  TilesetLoader        - Diagonally flipped tiles are not currently supported
19:04:48.487 [FXGL Background Thread 2 ] WARN  TilesetLoader        - Diagonally flipped tiles are not currently supported
19:04:48.487 [FXGL Background Thread 2 ] WARN  TilesetLoader        - Diagonally flipped tiles are not currently supported
19:04:48.488 [FXGL Background Thread 2 ] WARN  TilesetLoader        - Diagonally flipped tiles are not currently supported
19:04:48.488 [FXGL Background Thread 2 ] WARN  TilesetLoader        - Diagonally flipped tiles are not currently supported
19:04:48.488 [FXGL Background Thread 2 ] WARN  TilesetLoader        - Diagonally flipped tiles are not currently supported
19:04:48.489 [FXGL Background Thread 2 ] WARN  TilesetLoader        - Diagonally flipped tiles are not currently supported
19:04:48.489 [FXGL Background Thread 2 ] WARN  TilesetLoader        - Diagonally flipped tiles are not currently supported
19:04:48.489 [FXGL Background Thread 2 ] WARN  TilesetLoader        - Diagonally flipped tiles are not currently supported
19:04:48.490 [FXGL Background Thread 2 ] WARN  TilesetLoader        - Diagonally flipped tiles are not currently supported
19:04:48.490 [FXGL Background Thread 2 ] WARN  TilesetLoader        - Diagonally flipped tiles are not currently supported
19:04:48.490 [FXGL Background Thread 2 ] WARN  TilesetLoader        - Diagonally flipped tiles are not currently supported
19:04:48.491 [FXGL Background Thread 2 ] WARN  TilesetLoader        - Diagonally flipped tiles are not currently supported
19:04:48.491 [FXGL Background Thread 2 ] WARN  TilesetLoader        - Diagonally flipped tiles are not currently supported
19:04:48.491 [FXGL Background Thread 2 ] WARN  TilesetLoader        - Diagonally flipped tiles are not currently supported
19:04:48.491 [FXGL Background Thread 2 ] WARN  TilesetLoader        - Diagonally flipped tiles are not currently supported
19:04:48.491 [FXGL Background Thread 2 ] WARN  TilesetLoader        - Diagonally flipped tiles are not currently supported
19:04:48.491 [FXGL Background Thread 2 ] WARN  TilesetLoader        - Diagonally flipped tiles are not currently supported
19:04:48.491 [FXGL Background Thread 2 ] WARN  TilesetLoader        - Diagonally flipped tiles are not currently supported
19:04:48.492 [FXGL Background Thread 2 ] WARN  TilesetLoader        - Diagonally flipped tiles are not currently supported
19:04:48.492 [FXGL Background Thread 2 ] WARN  TilesetLoader        - Diagonally flipped tiles are not currently supported
19:04:48.492 [FXGL Background Thread 2 ] WARN  TilesetLoader        - Diagonally flipped tiles are not currently supported
19:04:48.492 [FXGL Background Thread 2 ] WARN  TilesetLoader        - Diagonally flipped tiles are not currently supported
19:04:48.492 [FXGL Background Thread 2 ] WARN  TilesetLoader        - Diagonally flipped tiles are not currently supported
19:04:48.492 [FXGL Background Thread 2 ] WARN  TilesetLoader        - Diagonally flipped tiles are not currently supported
19:04:48.492 [FXGL Background Thread 2 ] WARN  TilesetLoader        - Diagonally flipped tiles are not currently supported
19:04:48.493 [FXGL Background Thread 2 ] WARN  TilesetLoader        - Diagonally flipped tiles are not currently supported
19:04:48.493 [FXGL Background Thread 2 ] WARN  TilesetLoader        - Diagonally flipped tiles are not currently supported
19:04:48.493 [FXGL Background Thread 2 ] WARN  TilesetLoader        - Diagonally flipped tiles are not currently supported
19:04:48.493 [FXGL Background Thread 2 ] WARN  TilesetLoader        - Diagonally flipped tiles are not currently supported
19:04:48.493 [FXGL Background Thread 2 ] WARN  TilesetLoader        - Diagonally flipped tiles are not currently supported
19:04:48.493 [FXGL Background Thread 2 ] WARN  TilesetLoader        - Diagonally flipped tiles are not currently supported
19:04:48.493 [FXGL Background Thread 2 ] WARN  TilesetLoader        - Diagonally flipped tiles are not currently supported
19:04:48.494 [FXGL Background Thread 2 ] WARN  TilesetLoader        - Diagonally flipped tiles are not currently supported
19:04:48.494 [FXGL Background Thread 2 ] WARN  TilesetLoader        - Diagonally flipped tiles are not currently supported
19:04:48.494 [FXGL Background Thread 2 ] WARN  TilesetLoader        - Diagonally flipped tiles are not currently supported
19:04:48.494 [FXGL Background Thread 2 ] WARN  TilesetLoader        - Diagonally flipped tiles are not currently supported
19:04:48.494 [FXGL Background Thread 2 ] WARN  TilesetLoader        - Diagonally flipped tiles are not currently supported
19:04:48.494 [FXGL Background Thread 2 ] WARN  TilesetLoader        - Diagonally flipped tiles are not currently supported
19:04:48.494 [FXGL Background Thread 2 ] WARN  TilesetLoader        - Diagonally flipped tiles are not currently supported
19:04:48.495 [FXGL Background Thread 2 ] WARN  TilesetLoader        - Diagonally flipped tiles are not currently supported
19:04:48.495 [FXGL Background Thread 2 ] WARN  TilesetLoader        - Diagonally flipped tiles are not currently supported
19:04:48.495 [FXGL Background Thread 2 ] WARN  TilesetLoader        - Diagonally flipped tiles are not currently supported
19:04:48.495 [FXGL Background Thread 2 ] WARN  TilesetLoader        - Diagonally flipped tiles are not currently supported
19:04:48.495 [FXGL Background Thread 2 ] WARN  TilesetLoader        - Diagonally flipped tiles are not currently supported
19:04:48.495 [FXGL Background Thread 2 ] WARN  TilesetLoader        - Diagonally flipped tiles are not currently supported
19:04:48.496 [FXGL Background Thread 2 ] WARN  TilesetLoader        - Diagonally flipped tiles are not currently supported
19:04:48.496 [FXGL Background Thread 2 ] WARN  TilesetLoader        - Diagonally flipped tiles are not currently supported
19:04:48.496 [FXGL Background Thread 2 ] WARN  TilesetLoader        - Diagonally flipped tiles are not currently supported
19:04:48.496 [FXGL Background Thread 2 ] WARN  TilesetLoader        - Diagonally flipped tiles are not currently supported
19:04:48.496 [FXGL Background Thread 2 ] WARN  TilesetLoader        - Diagonally flipped tiles are not currently supported
19:04:48.496 [FXGL Background Thread 2 ] WARN  TilesetLoader        - Diagonally flipped tiles are not currently supported
19:04:48.496 [FXGL Background Thread 2 ] WARN  TilesetLoader        - Diagonally flipped tiles are not currently supported
19:04:48.497 [FXGL Background Thread 2 ] WARN  TilesetLoader        - Diagonally flipped tiles are not currently supported
19:04:48.497 [FXGL Background Thread 2 ] WARN  TilesetLoader        - Diagonally flipped tiles are not currently supported
19:04:48.497 [FXGL Background Thread 2 ] WARN  TilesetLoader        - Diagonally flipped tiles are not currently supported
19:04:48.497 [FXGL Background Thread 2 ] WARN  TilesetLoader        - Diagonally flipped tiles are not currently supported
19:04:48.497 [FXGL Background Thread 2 ] DEBUG TilesetLoader        - Loading view for layer road3
19:04:48.499 [FXGL Background Thread 2 ] DEBUG TilesetLoader        - Created buffer with size 1280.0x800.0
19:04:48.503 [FXGL Background Thread 2 ] WARN  TilesetLoader        - ../textures/ultimate_map 2.png cannot be loaded using mapURL=file:/E:/All%20About%20Dev/OOP/FXGL%20new%20Begining/final%20version/Tower%20Defender/Tower-Defender/target/classes/assets/levels/wall.tmx
java.lang.IllegalArgumentException: Illegal character in path at index 154: file:/E:/All%20About%20Dev/OOP/FXGL%20new%20Begining/final%20version/Tower%20Defender/Tower-Defender/target/classes/assets/levels/../textures/ultimate_map 2.png
	at java.base/java.net.URI.create(URI.java:932)
	at com.almasb.fxgl.entity.level.tiled.TilesetLoader.loadImage(TilesetLoader.kt:429)
	at com.almasb.fxgl.entity.level.tiled.TilesetLoader.loadView(TilesetLoader.kt:134)
	at com.almasb.fxgl.entity.level.tiled.TMXLevelLoader$createTileLayerEntities$1.invoke(TMXLevelLoader.kt:99)
	at com.almasb.fxgl.entity.level.tiled.TMXLevelLoader$createTileLayerEntities$1.invoke(TMXLevelLoader.kt:88)
	at com.almasb.fxgl.entity.level.tiled.TMXLevelLoader.createTileLayerEntities$lambda$3(TMXLevelLoader.kt:88)
	at java.base/java.util.stream.ReferencePipeline$3$1.accept(ReferencePipeline.java:197)
	at java.base/java.util.ArrayList$ArrayListSpliterator.forEachRemaining(ArrayList.java:1708)
	at java.base/java.util.stream.AbstractPipeline.copyInto(AbstractPipeline.java:509)
	at java.base/java.util.stream.AbstractPipeline.wrapAndCopyInto(AbstractPipeline.java:499)
	at java.base/java.util.stream.ReduceOps$ReduceOp.evaluateSequential(ReduceOps.java:921)
	at java.base/java.util.stream.AbstractPipeline.evaluate(AbstractPipeline.java:234)
	at java.base/java.util.stream.ReferencePipeline.collect(ReferencePipeline.java:682)
	at com.almasb.fxgl.entity.level.tiled.TMXLevelLoader.createTileLayerEntities(TMXLevelLoader.kt:116)
	at com.almasb.fxgl.entity.level.tiled.TMXLevelLoader.load(TMXLevelLoader.kt:58)
	at com.almasb.fxgl.app.services.FXGLAssetLoaderService.loadLevel(FXGLAssetLoaderService.kt:449)
	at com.almasb.fxgl.dsl.FXGL$Companion.setLevelFromMap(FXGL.kt:643)
	at com.almasb.fxgl.dsl.FXGL.setLevelFromMap(FXGL.kt)
	at org.saikat.Main.initGame(Main.java:145)
	at com.almasb.fxgl.app.FXGLApplication$InitAppTask.initGame(FXGLApplication.kt:343)
	at com.almasb.fxgl.app.FXGLApplication$InitAppTask.call(FXGLApplication.kt:321)
	at com.almasb.fxgl.app.FXGLApplication$InitAppTask.call(FXGLApplication.kt:313)
	at javafx.concurrent.Task$TaskCallable.call(Task.java:1399)
	at java.base/java.util.concurrent.FutureTask.run(FutureTask.java:317)
	at java.base/java.util.concurrent.Executors$RunnableAdapter.call(Executors.java:572)
	at java.base/java.util.concurrent.FutureTask.run(FutureTask.java:317)
	at java.base/java.util.concurrent.ThreadPoolExecutor.runWorker(ThreadPoolExecutor.java:1144)
	at java.base/java.util.concurrent.ThreadPoolExecutor$Worker.run(ThreadPoolExecutor.java:642)
	at java.base/java.lang.Thread.run(Thread.java:1583)
Caused by: java.net.URISyntaxException: Illegal character in path at index 154: file:/E:/All%20About%20Dev/OOP/FXGL%20new%20Begining/final%20version/Tower%20Defender/Tower-Defender/target/classes/assets/levels/../textures/ultimate_map 2.png
	at java.base/java.net.URI$Parser.fail(URI.java:2995)
	at java.base/java.net.URI$Parser.checkChars(URI.java:3166)
	at java.base/java.net.URI$Parser.parseHierarchical(URI.java:3248)
	at java.base/java.net.URI$Parser.parse(URI.java:3196)
	at java.base/java.net.URI.<init>(URI.java:645)
	at java.base/java.net.URI.create(URI.java:930)
	... 28 more

19:04:48.705 [FXGL Background Thread 2 ] DEBUG TilesetLoader        - Loading view for layer bg2
19:04:48.707 [FXGL Background Thread 2 ] DEBUG TilesetLoader        - Created buffer with size 1280.0x800.0
19:04:48.768 [FXGL Background Thread 2 ] DEBUG TilesetLoader        - Loading view for layer icons
19:04:48.771 [FXGL Background Thread 2 ] DEBUG TilesetLoader        - Created buffer with size 1280.0x800.0
19:04:48.782 [FXGL Background Thread 2 ] DEBUG TMXLevelLoader       - Creating object layer entities
19:04:48.802 [FXGL Background Thread 2 ] DEBUG GameWorld            - Clearing removable entities
19:04:48.802 [FXGL Background Thread 2 ] DEBUG GameWorld            - Setting level: com.almasb.fxgl.entity.level.Level@2d81e07e
19:04:48.810 [FXGL Background Thread 2 ] INFO  FXGLApplication      - Game initialization took: 0.504 sec
19:04:48.811 [JavaFX Application Thread] DEBUG Input                - Clearing active input actions
19:04:48.819 [JavaFX Application Thread] DEBUG GameApplicationServi - Removing overlay from FXGLLoadingScene and adding to GameScene
19:04:48.819 [JavaFX Application Thread] DEBUG PrimaryStageWindow   - FXGLLoadingScene -> GameScene
19:04:49.262 [FXGL Background Thread 3 ] DEBUG Engine               - Logging environment variables
19:04:49.263 [FXGL Background Thread 3 ] DEBUG Engine               - achievements: []
19:04:49.263 [FXGL Background Thread 3 ] DEBUG Engine               - actualHeight: 800.0
19:04:49.263 [FXGL Background Thread 3 ] DEBUG Engine               - actualHeightProperty: ReadOnlyDoubleProperty [value: 800.0]
19:04:49.263 [FXGL Background Thread 3 ] DEBUG Engine               - actualWidth: 1280.0
19:04:49.263 [FXGL Background Thread 3 ] DEBUG Engine               - actualWidthProperty: ReadOnlyDoubleProperty [value: 1280.0]
19:04:49.263 [FXGL Background Thread 3 ] DEBUG Engine               - appIcon: fxgl_icon.png
19:04:49.263 [FXGL Background Thread 3 ] DEBUG Engine               - applicationMode: DEVELOPER
19:04:49.263 [FXGL Background Thread 3 ] DEBUG Engine               - cSSList: [fxgl_dark.css]
19:04:49.263 [FXGL Background Thread 3 ] DEBUG Engine               - collisionDetectionStrategy: BRUTE_FORCE
19:04:49.263 [FXGL Background Thread 3 ] DEBUG Engine               - configClass: Optional.empty
19:04:49.263 [FXGL Background Thread 3 ] DEBUG Engine               - credits: []
19:04:49.263 [FXGL Background Thread 3 ] DEBUG Engine               - defaultCursor: CursorInfo(imageName=fxgl_default_cursor.png, hotspotX=7.0, hotspotY=6.0)
19:04:49.263 [FXGL Background Thread 3 ] DEBUG Engine               - devBBoxColorProperty: ObjectProperty [value: 0xff0000ff]
19:04:49.263 [FXGL Background Thread 3 ] DEBUG Engine               - devEnableDebugCameraProperty: BooleanProperty [value: false]
19:04:49.263 [FXGL Background Thread 3 ] DEBUG Engine               - devSensorColorProperty: ObjectProperty [value: 0xffff00ff]
19:04:49.263 [FXGL Background Thread 3 ] DEBUG Engine               - devShowBBoxProperty: BooleanProperty [value: false]
19:04:49.263 [FXGL Background Thread 3 ] DEBUG Engine               - devShowPositionProperty: BooleanProperty [value: false]
19:04:49.263 [FXGL Background Thread 3 ] DEBUG Engine               - enabledMenuItems: []
19:04:49.263 [FXGL Background Thread 3 ] DEBUG Engine               - engineServices: [class com.almasb.fxgl.app.services.FXGLAssetLoaderService, class com.almasb.fxgl.app.FXGLApplication$GameApplicationService, class com.almasb.fxgl.app.services.FXGLDialogService, class com.almasb.fxgl.app.services.IOTaskExecutorService, class com.almasb.fxgl.io.FileSystemService, class com.almasb.fxgl.localization.LocalizationService, class com.almasb.fxgl.app.services.SystemBundleService, class com.almasb.fxgl.profile.SaveLoadService, class com.almasb.fxgl.ui.FXGLUIFactoryServiceProvider, class com.almasb.fxgl.ui.FXGLDialogFactoryServiceProvider, class com.almasb.fxgl.audio.AudioPlayer, class com.almasb.fxgl.notification.impl.NotificationServiceProvider, class com.almasb.fxgl.achievement.AchievementService, class com.almasb.fxgl.cutscene.CutsceneService, class com.almasb.fxgl.minigames.MiniGameService, class com.almasb.fxgl.net.NetService, class com.almasb.fxgl.app.services.UpdaterService, class com.almasb.fxgl.dev.DevService]
19:04:49.263 [FXGL Background Thread 3 ] DEBUG Engine               - fontGame: Abel-Regular.ttf
19:04:49.263 [FXGL Background Thread 3 ] DEBUG Engine               - fontMono: TerminalLandMono-Regular.otf
19:04:49.263 [FXGL Background Thread 3 ] DEBUG Engine               - fontSizeScaleUI: 1.0
19:04:49.263 [FXGL Background Thread 3 ] DEBUG Engine               - fontText: Courier-Prime.ttf
19:04:49.263 [FXGL Background Thread 3 ] DEBUG Engine               - fontUI: VarelaRound-Regular.ttf
19:04:49.263 [FXGL Background Thread 3 ] DEBUG Engine               - fullScreen: BooleanProperty [value: false]
19:04:49.263 [FXGL Background Thread 3 ] DEBUG Engine               - gameDifficulty: MEDIUM
19:04:49.263 [FXGL Background Thread 3 ] DEBUG Engine               - gameDifficultyProperty: ObjectProperty [value: MEDIUM]
19:04:49.263 [FXGL Background Thread 3 ] DEBUG Engine               - globalMusicVolume: 0.5
19:04:49.263 [FXGL Background Thread 3 ] DEBUG Engine               - globalMusicVolumeProperty: DoubleProperty [value: 0.5]
19:04:49.263 [FXGL Background Thread 3 ] DEBUG Engine               - globalSoundVolume: 0.5
19:04:49.264 [FXGL Background Thread 3 ] DEBUG Engine               - globalSoundVolumeProperty: DoubleProperty [value: 0.5]
19:04:49.264 [FXGL Background Thread 3 ] DEBUG Engine               - height: 800
19:04:49.264 [FXGL Background Thread 3 ] DEBUG Engine               - is3D: false
19:04:49.264 [FXGL Background Thread 3 ] DEBUG Engine               - isAndroid: false
19:04:49.264 [FXGL Background Thread 3 ] DEBUG Engine               - isBrowser: false
19:04:49.264 [FXGL Background Thread 3 ] DEBUG Engine               - isClickFeedbackEnabled: false
19:04:49.264 [FXGL Background Thread 3 ] DEBUG Engine               - isCloseConfirmation: false
19:04:49.264 [FXGL Background Thread 3 ] DEBUG Engine               - isDesktop: true
19:04:49.264 [FXGL Background Thread 3 ] DEBUG Engine               - isDeveloperMenuEnabled: false
19:04:49.264 [FXGL Background Thread 3 ] DEBUG Engine               - isEmbedded: false
19:04:49.264 [FXGL Background Thread 3 ] DEBUG Engine               - isEntityPreloadEnabled: true
19:04:49.264 [FXGL Background Thread 3 ] DEBUG Engine               - isExperimentalTiledLargeMap: false
19:04:49.264 [FXGL Background Thread 3 ] DEBUG Engine               - isFileSystemWriteAllowed: true
19:04:49.264 [FXGL Background Thread 3 ] DEBUG Engine               - isFullScreenAllowed: true
19:04:49.264 [FXGL Background Thread 3 ] DEBUG Engine               - isFullScreenFromStart: false
19:04:49.264 [FXGL Background Thread 3 ] DEBUG Engine               - isGameMenuEnabled: true
19:04:49.264 [FXGL Background Thread 3 ] DEBUG Engine               - isIOS: false
19:04:49.264 [FXGL Background Thread 3 ] DEBUG Engine               - isIntroEnabled: false
19:04:49.264 [FXGL Background Thread 3 ] DEBUG Engine               - isLinux: false
19:04:49.264 [FXGL Background Thread 3 ] DEBUG Engine               - isMac: false
19:04:49.264 [FXGL Background Thread 3 ] DEBUG Engine               - isMainMenuEnabled: true
19:04:49.264 [FXGL Background Thread 3 ] DEBUG Engine               - isManualResizeEnabled: true
19:04:49.264 [FXGL Background Thread 3 ] DEBUG Engine               - isMobile: false
19:04:49.264 [FXGL Background Thread 3 ] DEBUG Engine               - isNative: false
19:04:49.264 [FXGL Background Thread 3 ] DEBUG Engine               - isPauseMusicWhenMinimized: true
19:04:49.264 [FXGL Background Thread 3 ] DEBUG Engine               - isPreserveResizeRatio: false
19:04:49.264 [FXGL Background Thread 3 ] DEBUG Engine               - isProfilingEnabled: false
19:04:49.264 [FXGL Background Thread 3 ] DEBUG Engine               - isScaleAffectedOnResize: true
19:04:49.264 [FXGL Background Thread 3 ] DEBUG Engine               - isSingleStep: false
19:04:49.264 [FXGL Background Thread 3 ] DEBUG Engine               - isUserProfileEnabled: false
19:04:49.264 [FXGL Background Thread 3 ] DEBUG Engine               - isWindows: true
19:04:49.264 [FXGL Background Thread 3 ] DEBUG Engine               - language: ObjectProperty [value: ENGLISH]
19:04:49.264 [FXGL Background Thread 3 ] DEBUG Engine               - menuKey: ESCAPE
19:04:49.264 [FXGL Background Thread 3 ] DEBUG Engine               - mouseSensitivity: 0.2
19:04:49.264 [FXGL Background Thread 3 ] DEBUG Engine               - notificationViewClass: class com.almasb.fxgl.notification.view.XboxNotificationView
19:04:49.264 [FXGL Background Thread 3 ] DEBUG Engine               - pixelsPerMeter: 50.0
19:04:49.264 [FXGL Background Thread 3 ] DEBUG Engine               - platform: WINDOWS
19:04:49.264 [FXGL Background Thread 3 ] DEBUG Engine               - prefHeightProperty: ReadOnlyDoubleProperty [value: 800.0]
19:04:49.264 [FXGL Background Thread 3 ] DEBUG Engine               - prefWidthProperty: ReadOnlyDoubleProperty [value: 1280.0]
19:04:49.264 [FXGL Background Thread 3 ] DEBUG Engine               - profileDir: profiles/
19:04:49.264 [FXGL Background Thread 3 ] DEBUG Engine               - profileName: StringProperty [value: DEFAULT]
19:04:49.264 [FXGL Background Thread 3 ] DEBUG Engine               - randomSeed: -1
19:04:49.264 [FXGL Background Thread 3 ] DEBUG Engine               - runtimeInfo: RuntimeInfo(platform=WINDOWS, version=21.1, build=27.03.2024 07.52)
19:04:49.264 [FXGL Background Thread 3 ] DEBUG Engine               - saveFileExt: sav
19:04:49.264 [FXGL Background Thread 3 ] DEBUG Engine               - scaledHeightProp$fxgl: DoubleProperty [bound, value: 800.0]
19:04:49.264 [FXGL Background Thread 3 ] DEBUG Engine               - scaledWidthProp$fxgl: DoubleProperty [bound, value: 1280.0]
19:04:49.264 [FXGL Background Thread 3 ] DEBUG Engine               - sceneFactory: com.almasb.fxgl.app.scene.SceneFactory@42f111f2
19:04:49.264 [FXGL Background Thread 3 ] DEBUG Engine               - secondsIn24h: 60
19:04:49.264 [FXGL Background Thread 3 ] DEBUG Engine               - soundMenuBack: menu/back.wav
19:04:49.264 [FXGL Background Thread 3 ] DEBUG Engine               - soundMenuPress: menu/press.wav
19:04:49.265 [FXGL Background Thread 3 ] DEBUG Engine               - soundMenuSelect: menu/select.wav
19:04:49.265 [FXGL Background Thread 3 ] DEBUG Engine               - soundNotification: core/notification.wav
19:04:49.265 [FXGL Background Thread 3 ] DEBUG Engine               - stageStyle: DECORATED
19:04:49.265 [FXGL Background Thread 3 ] DEBUG Engine               - supportedLanguages: [ENGLISH, FRENCH, GERMAN, HUNGARIAN, RUSSIAN]
19:04:49.265 [FXGL Background Thread 3 ] DEBUG Engine               - ticksPerSecond: -1
19:04:49.265 [FXGL Background Thread 3 ] DEBUG Engine               - title: 1945
19:04:49.265 [FXGL Background Thread 3 ] DEBUG Engine               - urlGithub: https://github.com/AlmasB/FXGL
19:04:49.265 [FXGL Background Thread 3 ] DEBUG Engine               - urlLeaderboard: http://fxgl-top.herokuapp.com/
19:04:49.265 [FXGL Background Thread 3 ] DEBUG Engine               - urlPOM: https://raw.githubusercontent.com/AlmasB/FXGL/release/README.md
19:04:49.265 [FXGL Background Thread 3 ] DEBUG Engine               - userAppClass: class org.saikat.Main
19:04:49.265 [FXGL Background Thread 3 ] DEBUG Engine               - version: 0.1
19:04:49.265 [FXGL Background Thread 3 ] DEBUG Engine               - versionCheckDays: 7
19:04:49.265 [FXGL Background Thread 3 ] DEBUG Engine               - width: 1280
19:04:49.265 [FXGL Background Thread 3 ] DEBUG Engine               - Logging services
19:04:49.265 [FXGL Background Thread 3 ] DEBUG Engine               - class com.almasb.fxgl.app.services.FXGLAssetLoaderService
19:04:49.265 [FXGL Background Thread 3 ] DEBUG Engine               - class com.almasb.fxgl.app.FXGLApplication$GameApplicationService
19:04:49.265 [FXGL Background Thread 3 ] DEBUG Engine               - class com.almasb.fxgl.app.services.FXGLDialogService
19:04:49.265 [FXGL Background Thread 3 ] DEBUG Engine               - class com.almasb.fxgl.app.services.IOTaskExecutorService
19:04:49.265 [FXGL Background Thread 3 ] DEBUG Engine               - class com.almasb.fxgl.io.FileSystemService
19:04:49.265 [FXGL Background Thread 3 ] DEBUG Engine               - class com.almasb.fxgl.localization.LocalizationService
19:04:49.265 [FXGL Background Thread 3 ] DEBUG Engine               - class com.almasb.fxgl.app.services.SystemBundleService
19:04:49.265 [FXGL Background Thread 3 ] DEBUG Engine               - class com.almasb.fxgl.profile.SaveLoadService
19:04:49.265 [FXGL Background Thread 3 ] DEBUG Engine               - class com.almasb.fxgl.ui.FXGLUIFactoryServiceProvider
19:04:49.265 [FXGL Background Thread 3 ] DEBUG Engine               - class com.almasb.fxgl.ui.FXGLDialogFactoryServiceProvider
19:04:49.265 [FXGL Background Thread 3 ] DEBUG Engine               - class com.almasb.fxgl.audio.AudioPlayer
19:04:49.265 [FXGL Background Thread 3 ] DEBUG Engine               - class com.almasb.fxgl.notification.impl.NotificationServiceProvider
19:04:49.265 [FXGL Background Thread 3 ] DEBUG Engine               - class com.almasb.fxgl.achievement.AchievementService
19:04:49.265 [FXGL Background Thread 3 ] DEBUG Engine               - class com.almasb.fxgl.cutscene.CutsceneService
19:04:49.265 [FXGL Background Thread 3 ] DEBUG Engine               - class com.almasb.fxgl.minigames.MiniGameService
19:04:49.265 [FXGL Background Thread 3 ] DEBUG Engine               - class com.almasb.fxgl.net.NetService
19:04:49.265 [FXGL Background Thread 3 ] DEBUG Engine               - class com.almasb.fxgl.app.services.UpdaterService
19:04:49.265 [FXGL Background Thread 3 ] DEBUG Engine               - class com.almasb.fxgl.dev.DevService
19:04:49.772 [JavaFX Application Thread] DEBUG FXGLAssetLoaderServi - Loading from file system: file:/E:/All%20About%20Dev/OOP/FXGL%20new%20Begining/final%20version/Tower%20Defender/Tower-Defender/target/classes/assets/textures/wolf.png
19:04:49.788 [JavaFX Application Thread] DEBUG FXGLAssetLoaderServi - Loading from file system: file:/E:/All%20About%20Dev/OOP/FXGL%20new%20Begining/final%20version/Tower%20Defender/Tower-Defender/target/classes/assets/textures/bird.png
19:06:02.908 [JavaFX Application Thread] DEBUG PrimaryStageWindow   - Push state: DialogSubScene
19:06:02.909 [JavaFX Application Thread] DEBUG Input                - Clearing active input actions
19:06:02.910 [JavaFX Application Thread] DEBUG GameApplicationServi - Removing overlay from GameScene and adding to DialogSubScene
19:06:02.910 [JavaFX Application Thread] DEBUG PrimaryStageWindow   - GameScene -> DialogSubScene
19:06:19.681 [JavaFX Application Thread] DEBUG PrimaryStageWindow   - Pop state: DialogSubScene
19:06:19.681 [JavaFX Application Thread] DEBUG Input                - Clearing active input actions
19:06:19.682 [JavaFX Application Thread] DEBUG GameApplicationServi - Removing overlay from DialogSubScene and adding to GameScene
19:06:19.682 [JavaFX Application Thread] DEBUG PrimaryStageWindow   - GameScene <- DialogSubScene
19:06:19.682 [JavaFX Application Thread] DEBUG GameApplicationServi - Starting new game
19:06:19.682 [JavaFX Application Thread] DEBUG Input                - Clearing active input actions
19:06:19.688 [JavaFX Application Thread] DEBUG GameApplicationServi - Removing overlay from GameScene and adding to FXGLLoadingScene
19:06:19.689 [JavaFX Application Thread] DEBUG PrimaryStageWindow   - GameScene -> FXGLLoadingScene
19:06:19.689 [JavaFX Application Thread] DEBUG GameApplicationServi - Clearing previous game
19:06:19.689 [JavaFX Application Thread] DEBUG GameScene            - Clearing game scene
19:06:19.689 [JavaFX Application Thread] DEBUG GameWorld            - Clearing game world
19:06:19.695 [JavaFX Application Thread] DEBUG PhysicsWorld         - Clearing physics world
19:06:19.697 [FXGL Background Thread 5 ] DEBUG FXGLApplication      - Initializing game
19:06:19.700 [FXGL Background Thread 5 ] WARN  TMXLevelLoader       - TiledMap generated from 1.12.2. Supported version: 1.9.0. Some features may not be parsed fully.
19:06:19.710 [FXGL Background Thread 5 ] DEBUG TMXLevelLoader       - Parsed TiledMap: file:/E:/All%20About%20Dev/OOP/FXGL%20new%20Begining/final%20version/Tower%20Defender/Tower-Defender/target/classes/assets/levels/wall.tmx
19:06:19.710 [FXGL Background Thread 5 ] DEBUG TMXLevelLoader       - Creating tile layer entities
19:06:19.710 [FXGL Background Thread 5 ] DEBUG TilesetLoader        - Loading view for layer background
19:06:19.711 [FXGL Background Thread 5 ] DEBUG TilesetLoader        - Created buffer with size 1280.0x800.0
19:06:19.719 [FXGL Background Thread 5 ] DEBUG TilesetLoader        - Loading view for layer tower spot layer
19:06:19.722 [FXGL Background Thread 5 ] DEBUG TilesetLoader        - Created buffer with size 1280.0x800.0
19:06:19.731 [FXGL Background Thread 5 ] DEBUG TilesetLoader        - Loading view for layer Road
19:06:19.731 [FXGL Background Thread 5 ] DEBUG TilesetLoader        - Created buffer with size 1280.0x800.0
19:06:19.733 [FXGL Background Thread 5 ] DEBUG TilesetLoader        - Loading view for layer road2
19:06:19.734 [FXGL Background Thread 5 ] DEBUG TilesetLoader        - Created buffer with size 1280.0x800.0
19:06:19.734 [FXGL Background Thread 5 ] WARN  TilesetLoader        - Diagonally flipped tiles are not currently supported
19:06:19.734 [FXGL Background Thread 5 ] WARN  TilesetLoader        - Diagonally flipped tiles are not currently supported
19:06:19.735 [FXGL Background Thread 5 ] WARN  TilesetLoader        - Diagonally flipped tiles are not currently supported
19:06:19.735 [FXGL Background Thread 5 ] WARN  TilesetLoader        - Diagonally flipped tiles are not currently supported
19:06:19.735 [FXGL Background Thread 5 ] WARN  TilesetLoader        - Diagonally flipped tiles are not currently supported
19:06:19.735 [FXGL Background Thread 5 ] WARN  TilesetLoader        - Diagonally flipped tiles are not currently supported
19:06:19.735 [FXGL Background Thread 5 ] WARN  TilesetLoader        - Diagonally flipped tiles are not currently supported
19:06:19.735 [FXGL Background Thread 5 ] WARN  TilesetLoader        - Diagonally flipped tiles are not currently supported
19:06:19.735 [FXGL Background Thread 5 ] WARN  TilesetLoader        - Diagonally flipped tiles are not currently supported
19:06:19.735 [FXGL Background Thread 5 ] WARN  TilesetLoader        - Diagonally flipped tiles are not currently supported
19:06:19.735 [FXGL Background Thread 5 ] WARN  TilesetLoader        - Diagonally flipped tiles are not currently supported
19:06:19.736 [FXGL Background Thread 5 ] WARN  TilesetLoader        - Diagonally flipped tiles are not currently supported
19:06:19.736 [FXGL Background Thread 5 ] WARN  TilesetLoader        - Diagonally flipped tiles are not currently supported
19:06:19.736 [FXGL Background Thread 5 ] WARN  TilesetLoader        - Diagonally flipped tiles are not currently supported
19:06:19.736 [FXGL Background Thread 5 ] WARN  TilesetLoader        - Diagonally flipped tiles are not currently supported
19:06:19.736 [FXGL Background Thread 5 ] WARN  TilesetLoader        - Diagonally flipped tiles are not currently supported
19:06:19.743 [FXGL Background Thread 5 ] WARN  TilesetLoader        - Diagonally flipped tiles are not currently supported
19:06:19.743 [FXGL Background Thread 5 ] WARN  TilesetLoader        - Diagonally flipped tiles are not currently supported
19:06:19.744 [FXGL Background Thread 5 ] WARN  TilesetLoader        - Diagonally flipped tiles are not currently supported
19:06:19.744 [FXGL Background Thread 5 ] WARN  TilesetLoader        - Diagonally flipped tiles are not currently supported
19:06:19.744 [FXGL Background Thread 5 ] WARN  TilesetLoader        - Diagonally flipped tiles are not currently supported
19:06:19.745 [FXGL Background Thread 5 ] WARN  TilesetLoader        - Diagonally flipped tiles are not currently supported
19:06:19.745 [FXGL Background Thread 5 ] WARN  TilesetLoader        - Diagonally flipped tiles are not currently supported
19:06:19.745 [FXGL Background Thread 5 ] WARN  TilesetLoader        - Diagonally flipped tiles are not currently supported
19:06:19.746 [FXGL Background Thread 5 ] WARN  TilesetLoader        - Diagonally flipped tiles are not currently supported
19:06:19.746 [FXGL Background Thread 5 ] WARN  TilesetLoader        - Diagonally flipped tiles are not currently supported
19:06:19.746 [FXGL Background Thread 5 ] WARN  TilesetLoader        - Diagonally flipped tiles are not currently supported
19:06:19.747 [FXGL Background Thread 5 ] WARN  TilesetLoader        - Diagonally flipped tiles are not currently supported
19:06:19.747 [FXGL Background Thread 5 ] WARN  TilesetLoader        - Diagonally flipped tiles are not currently supported
19:06:19.747 [FXGL Background Thread 5 ] WARN  TilesetLoader        - Diagonally flipped tiles are not currently supported
19:06:19.747 [FXGL Background Thread 5 ] WARN  TilesetLoader        - Diagonally flipped tiles are not currently supported
19:06:19.748 [FXGL Background Thread 5 ] WARN  TilesetLoader        - Diagonally flipped tiles are not currently supported
19:06:19.748 [FXGL Background Thread 5 ] WARN  TilesetLoader        - Diagonally flipped tiles are not currently supported
19:06:19.748 [FXGL Background Thread 5 ] WARN  TilesetLoader        - Diagonally flipped tiles are not currently supported
19:06:19.748 [FXGL Background Thread 5 ] WARN  TilesetLoader        - Diagonally flipped tiles are not currently supported
19:06:19.748 [FXGL Background Thread 5 ] WARN  TilesetLoader        - Diagonally flipped tiles are not currently supported
19:06:19.749 [FXGL Background Thread 5 ] WARN  TilesetLoader        - Diagonally flipped tiles are not currently supported
19:06:19.749 [FXGL Background Thread 5 ] WARN  TilesetLoader        - Diagonally flipped tiles are not currently supported
19:06:19.749 [FXGL Background Thread 5 ] WARN  TilesetLoader        - Diagonally flipped tiles are not currently supported
19:06:19.749 [FXGL Background Thread 5 ] WARN  TilesetLoader        - Diagonally flipped tiles are not currently supported
19:06:19.749 [FXGL Background Thread 5 ] WARN  TilesetLoader        - Diagonally flipped tiles are not currently supported
19:06:19.749 [FXGL Background Thread 5 ] WARN  TilesetLoader        - Diagonally flipped tiles are not currently supported
19:06:19.749 [FXGL Background Thread 5 ] WARN  TilesetLoader        - Diagonally flipped tiles are not currently supported
19:06:19.750 [FXGL Background Thread 5 ] WARN  TilesetLoader        - Diagonally flipped tiles are not currently supported
19:06:19.750 [FXGL Background Thread 5 ] WARN  TilesetLoader        - Diagonally flipped tiles are not currently supported
19:06:19.750 [FXGL Background Thread 5 ] WARN  TilesetLoader        - Diagonally flipped tiles are not currently supported
19:06:19.750 [FXGL Background Thread 5 ] WARN  TilesetLoader        - Diagonally flipped tiles are not currently supported
19:06:19.750 [FXGL Background Thread 5 ] WARN  TilesetLoader        - Diagonally flipped tiles are not currently supported
19:06:19.750 [FXGL Background Thread 5 ] WARN  TilesetLoader        - Diagonally flipped tiles are not currently supported
19:06:19.751 [FXGL Background Thread 5 ] WARN  TilesetLoader        - Diagonally flipped tiles are not currently supported
19:06:19.751 [FXGL Background Thread 5 ] WARN  TilesetLoader        - Diagonally flipped tiles are not currently supported
19:06:19.751 [FXGL Background Thread 5 ] WARN  TilesetLoader        - Diagonally flipped tiles are not currently supported
19:06:19.751 [FXGL Background Thread 5 ] WARN  TilesetLoader        - Diagonally flipped tiles are not currently supported
19:06:19.751 [FXGL Background Thread 5 ] WARN  TilesetLoader        - Diagonally flipped tiles are not currently supported
19:06:19.752 [FXGL Background Thread 5 ] WARN  TilesetLoader        - Diagonally flipped tiles are not currently supported
19:06:19.752 [FXGL Background Thread 5 ] WARN  TilesetLoader        - Diagonally flipped tiles are not currently supported
19:06:19.752 [FXGL Background Thread 5 ] WARN  TilesetLoader        - Diagonally flipped tiles are not currently supported
19:06:19.752 [FXGL Background Thread 5 ] WARN  TilesetLoader        - Diagonally flipped tiles are not currently supported
19:06:19.753 [FXGL Background Thread 5 ] WARN  TilesetLoader        - Diagonally flipped tiles are not currently supported
19:06:19.753 [FXGL Background Thread 5 ] WARN  TilesetLoader        - Diagonally flipped tiles are not currently supported
19:06:19.753 [FXGL Background Thread 5 ] WARN  TilesetLoader        - Diagonally flipped tiles are not currently supported
19:06:19.753 [FXGL Background Thread 5 ] WARN  TilesetLoader        - Diagonally flipped tiles are not currently supported
19:06:19.753 [FXGL Background Thread 5 ] WARN  TilesetLoader        - Diagonally flipped tiles are not currently supported
19:06:19.753 [FXGL Background Thread 5 ] WARN  TilesetLoader        - Diagonally flipped tiles are not currently supported
19:06:19.754 [FXGL Background Thread 5 ] WARN  TilesetLoader        - Diagonally flipped tiles are not currently supported
19:06:19.754 [FXGL Background Thread 5 ] WARN  TilesetLoader        - Diagonally flipped tiles are not currently supported
19:06:19.754 [FXGL Background Thread 5 ] WARN  TilesetLoader        - Diagonally flipped tiles are not currently supported
19:06:19.754 [FXGL Background Thread 5 ] WARN  TilesetLoader        - Diagonally flipped tiles are not currently supported
19:06:19.754 [FXGL Background Thread 5 ] WARN  TilesetLoader        - Diagonally flipped tiles are not currently supported
19:06:19.755 [FXGL Background Thread 5 ] WARN  TilesetLoader        - Diagonally flipped tiles are not currently supported
19:06:19.755 [FXGL Background Thread 5 ] WARN  TilesetLoader        - Diagonally flipped tiles are not currently supported
19:06:19.755 [FXGL Background Thread 5 ] WARN  TilesetLoader        - Diagonally flipped tiles are not currently supported
19:06:19.755 [FXGL Background Thread 5 ] WARN  TilesetLoader        - Diagonally flipped tiles are not currently supported
19:06:19.755 [FXGL Background Thread 5 ] WARN  TilesetLoader        - Diagonally flipped tiles are not currently supported
19:06:19.755 [FXGL Background Thread 5 ] WARN  TilesetLoader        - Diagonally flipped tiles are not currently supported
19:06:19.755 [FXGL Background Thread 5 ] WARN  TilesetLoader        - Diagonally flipped tiles are not currently supported
19:06:19.756 [FXGL Background Thread 5 ] WARN  TilesetLoader        - Diagonally flipped tiles are not currently supported
19:06:19.756 [FXGL Background Thread 5 ] WARN  TilesetLoader        - Diagonally flipped tiles are not currently supported
19:06:19.756 [FXGL Background Thread 5 ] WARN  TilesetLoader        - Diagonally flipped tiles are not currently supported
19:06:19.756 [FXGL Background Thread 5 ] WARN  TilesetLoader        - Diagonally flipped tiles are not currently supported
19:06:19.756 [FXGL Background Thread 5 ] WARN  TilesetLoader        - Diagonally flipped tiles are not currently supported
19:06:19.756 [FXGL Background Thread 5 ] WARN  TilesetLoader        - Diagonally flipped tiles are not currently supported
19:06:19.756 [FXGL Background Thread 5 ] WARN  TilesetLoader        - Diagonally flipped tiles are not currently supported
19:06:19.756 [FXGL Background Thread 5 ] WARN  TilesetLoader        - Diagonally flipped tiles are not currently supported
19:06:19.756 [FXGL Background Thread 5 ] WARN  TilesetLoader        - Diagonally flipped tiles are not currently supported
19:06:19.757 [FXGL Background Thread 5 ] WARN  TilesetLoader        - Diagonally flipped tiles are not currently supported
19:06:19.757 [FXGL Background Thread 5 ] WARN  TilesetLoader        - Diagonally flipped tiles are not currently supported
19:06:19.758 [FXGL Background Thread 5 ] WARN  TilesetLoader        - Diagonally flipped tiles are not currently supported
19:06:19.758 [FXGL Background Thread 5 ] WARN  TilesetLoader        - Diagonally flipped tiles are not currently supported
19:06:19.758 [FXGL Background Thread 5 ] WARN  TilesetLoader        - Diagonally flipped tiles are not currently supported
19:06:19.758 [FXGL Background Thread 5 ] WARN  TilesetLoader        - Diagonally flipped tiles are not currently supported
19:06:19.758 [FXGL Background Thread 5 ] WARN  TilesetLoader        - Diagonally flipped tiles are not currently supported
19:06:19.759 [FXGL Background Thread 5 ] WARN  TilesetLoader        - Diagonally flipped tiles are not currently supported
19:06:19.759 [FXGL Background Thread 5 ] WARN  TilesetLoader        - Diagonally flipped tiles are not currently supported
19:06:19.759 [FXGL Background Thread 5 ] WARN  TilesetLoader        - Diagonally flipped tiles are not currently supported
19:06:19.759 [FXGL Background Thread 5 ] WARN  TilesetLoader        - Diagonally flipped tiles are not currently supported
19:06:19.759 [FXGL Background Thread 5 ] WARN  TilesetLoader        - Diagonally flipped tiles are not currently supported
19:06:19.760 [FXGL Background Thread 5 ] WARN  TilesetLoader        - Diagonally flipped tiles are not currently supported
19:06:19.760 [FXGL Background Thread 5 ] WARN  TilesetLoader        - Diagonally flipped tiles are not currently supported
19:06:19.760 [FXGL Background Thread 5 ] WARN  TilesetLoader        - Diagonally flipped tiles are not currently supported
19:06:19.760 [FXGL Background Thread 5 ] WARN  TilesetLoader        - Diagonally flipped tiles are not currently supported
19:06:19.760 [FXGL Background Thread 5 ] WARN  TilesetLoader        - Diagonally flipped tiles are not currently supported
19:06:19.760 [FXGL Background Thread 5 ] WARN  TilesetLoader        - Diagonally flipped tiles are not currently supported
19:06:19.760 [FXGL Background Thread 5 ] WARN  TilesetLoader        - Diagonally flipped tiles are not currently supported
19:06:19.760 [FXGL Background Thread 5 ] WARN  TilesetLoader        - Diagonally flipped tiles are not currently supported
19:06:19.761 [FXGL Background Thread 5 ] WARN  TilesetLoader        - Diagonally flipped tiles are not currently supported
19:06:19.761 [FXGL Background Thread 5 ] WARN  TilesetLoader        - Diagonally flipped tiles are not currently supported
19:06:19.761 [FXGL Background Thread 5 ] WARN  TilesetLoader        - Diagonally flipped tiles are not currently supported
19:06:19.761 [FXGL Background Thread 5 ] WARN  TilesetLoader        - Diagonally flipped tiles are not currently supported
19:06:19.761 [FXGL Background Thread 5 ] WARN  TilesetLoader        - Diagonally flipped tiles are not currently supported
19:06:19.761 [FXGL Background Thread 5 ] WARN  TilesetLoader        - Diagonally flipped tiles are not currently supported
19:06:19.761 [FXGL Background Thread 5 ] WARN  TilesetLoader        - Diagonally flipped tiles are not currently supported
19:06:19.762 [FXGL Background Thread 5 ] WARN  TilesetLoader        - Diagonally flipped tiles are not currently supported
19:06:19.762 [FXGL Background Thread 5 ] WARN  TilesetLoader        - Diagonally flipped tiles are not currently supported
19:06:19.762 [FXGL Background Thread 5 ] WARN  TilesetLoader        - Diagonally flipped tiles are not currently supported
19:06:19.762 [FXGL Background Thread 5 ] WARN  TilesetLoader        - Diagonally flipped tiles are not currently supported
19:06:19.762 [FXGL Background Thread 5 ] WARN  TilesetLoader        - Diagonally flipped tiles are not currently supported
19:06:19.763 [FXGL Background Thread 5 ] WARN  TilesetLoader        - Diagonally flipped tiles are not currently supported
19:06:19.763 [FXGL Background Thread 5 ] WARN  TilesetLoader        - Diagonally flipped tiles are not currently supported
19:06:19.763 [FXGL Background Thread 5 ] WARN  TilesetLoader        - Diagonally flipped tiles are not currently supported
19:06:19.763 [FXGL Background Thread 5 ] WARN  TilesetLoader        - Diagonally flipped tiles are not currently supported
19:06:19.763 [FXGL Background Thread 5 ] WARN  TilesetLoader        - Diagonally flipped tiles are not currently supported
19:06:19.763 [FXGL Background Thread 5 ] WARN  TilesetLoader        - Diagonally flipped tiles are not currently supported
19:06:19.763 [FXGL Background Thread 5 ] WARN  TilesetLoader        - Diagonally flipped tiles are not currently supported
19:06:19.763 [FXGL Background Thread 5 ] WARN  TilesetLoader        - Diagonally flipped tiles are not currently supported
19:06:19.764 [FXGL Background Thread 5 ] WARN  TilesetLoader        - Diagonally flipped tiles are not currently supported
19:06:19.764 [FXGL Background Thread 5 ] WARN  TilesetLoader        - Diagonally flipped tiles are not currently supported
19:06:19.764 [FXGL Background Thread 5 ] WARN  TilesetLoader        - Diagonally flipped tiles are not currently supported
19:06:19.764 [FXGL Background Thread 5 ] WARN  TilesetLoader        - Diagonally flipped tiles are not currently supported
19:06:19.764 [FXGL Background Thread 5 ] WARN  TilesetLoader        - Diagonally flipped tiles are not currently supported
19:06:19.764 [FXGL Background Thread 5 ] WARN  TilesetLoader        - Diagonally flipped tiles are not currently supported
19:06:19.764 [FXGL Background Thread 5 ] WARN  TilesetLoader        - Diagonally flipped tiles are not currently supported
19:06:19.764 [FXGL Background Thread 5 ] WARN  TilesetLoader        - Diagonally flipped tiles are not currently supported
19:06:19.765 [FXGL Background Thread 5 ] WARN  TilesetLoader        - Diagonally flipped tiles are not currently supported
19:06:19.765 [FXGL Background Thread 5 ] WARN  TilesetLoader        - Diagonally flipped tiles are not currently supported
19:06:19.765 [FXGL Background Thread 5 ] WARN  TilesetLoader        - Diagonally flipped tiles are not currently supported
19:06:19.765 [FXGL Background Thread 5 ] WARN  TilesetLoader        - Diagonally flipped tiles are not currently supported
19:06:19.765 [FXGL Background Thread 5 ] WARN  TilesetLoader        - Diagonally flipped tiles are not currently supported
19:06:19.765 [FXGL Background Thread 5 ] WARN  TilesetLoader        - Diagonally flipped tiles are not currently supported
19:06:19.765 [FXGL Background Thread 5 ] WARN  TilesetLoader        - Diagonally flipped tiles are not currently supported
19:06:19.766 [FXGL Background Thread 5 ] WARN  TilesetLoader        - Diagonally flipped tiles are not currently supported
19:06:19.766 [FXGL Background Thread 5 ] WARN  TilesetLoader        - Diagonally flipped tiles are not currently supported
19:06:19.766 [FXGL Background Thread 5 ] WARN  TilesetLoader        - Diagonally flipped tiles are not currently supported
19:06:19.766 [FXGL Background Thread 5 ] WARN  TilesetLoader        - Diagonally flipped tiles are not currently supported
19:06:19.766 [FXGL Background Thread 5 ] WARN  TilesetLoader        - Diagonally flipped tiles are not currently supported
19:06:19.767 [FXGL Background Thread 5 ] WARN  TilesetLoader        - Diagonally flipped tiles are not currently supported
19:06:19.767 [FXGL Background Thread 5 ] WARN  TilesetLoader        - Diagonally flipped tiles are not currently supported
19:06:19.767 [FXGL Background Thread 5 ] WARN  TilesetLoader        - Diagonally flipped tiles are not currently supported
19:06:19.767 [FXGL Background Thread 5 ] WARN  TilesetLoader        - Diagonally flipped tiles are not currently supported
19:06:19.768 [FXGL Background Thread 5 ] DEBUG TilesetLoader        - Loading view for layer road3
19:06:19.769 [FXGL Background Thread 5 ] DEBUG TilesetLoader        - Created buffer with size 1280.0x800.0
19:06:19.770 [FXGL Background Thread 5 ] WARN  TilesetLoader        - ../textures/ultimate_map 2.png cannot be loaded using mapURL=file:/E:/All%20About%20Dev/OOP/FXGL%20new%20Begining/final%20version/Tower%20Defender/Tower-Defender/target/classes/assets/levels/wall.tmx
java.lang.IllegalArgumentException: Illegal character in path at index 154: file:/E:/All%20About%20Dev/OOP/FXGL%20new%20Begining/final%20version/Tower%20Defender/Tower-Defender/target/classes/assets/levels/../textures/ultimate_map 2.png
	at java.base/java.net.URI.create(URI.java:932)
	at com.almasb.fxgl.entity.level.tiled.TilesetLoader.loadImage(TilesetLoader.kt:429)
	at com.almasb.fxgl.entity.level.tiled.TilesetLoader.loadView(TilesetLoader.kt:134)
	at com.almasb.fxgl.entity.level.tiled.TMXLevelLoader$createTileLayerEntities$1.invoke(TMXLevelLoader.kt:99)
	at com.almasb.fxgl.entity.level.tiled.TMXLevelLoader$createTileLayerEntities$1.invoke(TMXLevelLoader.kt:88)
	at com.almasb.fxgl.entity.level.tiled.TMXLevelLoader.createTileLayerEntities$lambda$3(TMXLevelLoader.kt:88)
	at java.base/java.util.stream.ReferencePipeline$3$1.accept(ReferencePipeline.java:197)
	at java.base/java.util.ArrayList$ArrayListSpliterator.forEachRemaining(ArrayList.java:1708)
	at java.base/java.util.stream.AbstractPipeline.copyInto(AbstractPipeline.java:509)
	at java.base/java.util.stream.AbstractPipeline.wrapAndCopyInto(AbstractPipeline.java:499)
	at java.base/java.util.stream.ReduceOps$ReduceOp.evaluateSequential(ReduceOps.java:921)
	at java.base/java.util.stream.AbstractPipeline.evaluate(AbstractPipeline.java:234)
	at java.base/java.util.stream.ReferencePipeline.collect(ReferencePipeline.java:682)
	at com.almasb.fxgl.entity.level.tiled.TMXLevelLoader.createTileLayerEntities(TMXLevelLoader.kt:116)
	at com.almasb.fxgl.entity.level.tiled.TMXLevelLoader.load(TMXLevelLoader.kt:58)
	at com.almasb.fxgl.app.services.FXGLAssetLoaderService.loadLevel(FXGLAssetLoaderService.kt:449)
	at com.almasb.fxgl.dsl.FXGL$Companion.setLevelFromMap(FXGL.kt:643)
	at com.almasb.fxgl.dsl.FXGL.setLevelFromMap(FXGL.kt)
	at org.saikat.Main.initGame(Main.java:145)
	at com.almasb.fxgl.app.FXGLApplication$InitAppTask.initGame(FXGLApplication.kt:343)
	at com.almasb.fxgl.app.FXGLApplication$InitAppTask.call(FXGLApplication.kt:321)
	at com.almasb.fxgl.app.FXGLApplication$InitAppTask.call(FXGLApplication.kt:313)
	at javafx.concurrent.Task$TaskCallable.call(Task.java:1399)
	at java.base/java.util.concurrent.FutureTask.run(FutureTask.java:317)
	at java.base/java.util.concurrent.Executors$RunnableAdapter.call(Executors.java:572)
	at java.base/java.util.concurrent.FutureTask.run(FutureTask.java:317)
	at java.base/java.util.concurrent.ThreadPoolExecutor.runWorker(ThreadPoolExecutor.java:1144)
	at java.base/java.util.concurrent.ThreadPoolExecutor$Worker.run(ThreadPoolExecutor.java:642)
	at java.base/java.lang.Thread.run(Thread.java:1583)
Caused by: java.net.URISyntaxException: Illegal character in path at index 154: file:/E:/All%20About%20Dev/OOP/FXGL%20new%20Begining/final%20version/Tower%20Defender/Tower-Defender/target/classes/assets/levels/../textures/ultimate_map 2.png
	at java.base/java.net.URI$Parser.fail(URI.java:2995)
	at java.base/java.net.URI$Parser.checkChars(URI.java:3166)
	at java.base/java.net.URI$Parser.parseHierarchical(URI.java:3248)
	at java.base/java.net.URI$Parser.parse(URI.java:3196)
	at java.base/java.net.URI.<init>(URI.java:645)
	at java.base/java.net.URI.create(URI.java:930)
	... 28 more

19:06:19.834 [FXGL Background Thread 5 ] DEBUG TilesetLoader        - Loading view for layer bg2
19:06:19.834 [FXGL Background Thread 5 ] DEBUG TilesetLoader        - Created buffer with size 1280.0x800.0
19:06:19.872 [FXGL Background Thread 5 ] DEBUG TilesetLoader        - Loading view for layer icons
19:06:19.873 [FXGL Background Thread 5 ] DEBUG TilesetLoader        - Created buffer with size 1280.0x800.0
19:06:19.881 [FXGL Background Thread 5 ] DEBUG TMXLevelLoader       - Creating object layer entities
19:06:19.884 [FXGL Background Thread 5 ] DEBUG GameWorld            - Clearing removable entities
19:06:19.884 [FXGL Background Thread 5 ] DEBUG GameWorld            - Setting level: com.almasb.fxgl.entity.level.Level@42065a68
19:06:19.886 [FXGL Background Thread 5 ] INFO  FXGLApplication      - Game initialization took: 0.189 sec
19:06:19.900 [JavaFX Application Thread] DEBUG Input                - Clearing active input actions
19:06:19.904 [JavaFX Application Thread] DEBUG GameApplicationServi - Removing overlay from FXGLLoadingScene and adding to GameScene
19:06:19.904 [JavaFX Application Thread] DEBUG PrimaryStageWindow   - FXGLLoadingScene -> GameScene
19:07:34.025 [JavaFX Application Thread] DEBUG PrimaryStageWindow   - Push state: DialogSubScene
19:07:34.026 [JavaFX Application Thread] DEBUG Input                - Clearing active input actions
19:07:34.027 [JavaFX Application Thread] DEBUG GameApplicationServi - Removing overlay from GameScene and adding to DialogSubScene
19:07:34.027 [JavaFX Application Thread] DEBUG PrimaryStageWindow   - GameScene -> DialogSubScene
19:07:36.888 [JavaFX Application Thread] DEBUG PrimaryStageWindow   - Pop state: DialogSubScene
19:07:36.888 [JavaFX Application Thread] DEBUG Input                - Clearing active input actions
19:07:36.889 [JavaFX Application Thread] DEBUG GameApplicationServi - Removing overlay from DialogSubScene and adding to GameScene
19:07:36.889 [JavaFX Application Thread] DEBUG PrimaryStageWindow   - GameScene <- DialogSubScene
19:07:36.889 [JavaFX Application Thread] DEBUG Input                - Clearing active input actions
19:07:36.902 [JavaFX Application Thread] DEBUG GameApplicationServi - Removing overlay from GameScene and adding to FXGLMainMenuDummyScene
19:07:36.902 [JavaFX Application Thread] DEBUG PrimaryStageWindow   - GameScene -> FXGLMainMenuDummyScene
19:07:36.902 [JavaFX Application Thread] DEBUG PrimaryStageWindow   - Push state: FXGLDefaultMenu
19:07:36.904 [JavaFX Application Thread] DEBUG Input                - Clearing active input actions
19:07:36.906 [JavaFX Application Thread] DEBUG GameApplicationServi - Removing overlay from FXGLMainMenuDummyScene and adding to FXGLDefaultMenu
19:07:36.906 [JavaFX Application Thread] DEBUG PrimaryStageWindow   - FXGLMainMenuDummyScene -> FXGLDefaultMenu
19:07:47.670 [JavaFX Application Thread] DEBUG Menu                 - fireExit()
19:07:47.675 [JavaFX Application Thread] DEBUG PrimaryStageWindow   - Push state: DialogSubScene
19:07:47.675 [JavaFX Application Thread] DEBUG Input                - Clearing active input actions
19:07:47.676 [JavaFX Application Thread] DEBUG GameApplicationServi - Removing overlay from FXGLDefaultMenu and adding to DialogSubScene
19:07:47.676 [JavaFX Application Thread] DEBUG PrimaryStageWindow   - FXGLDefaultMenu -> DialogSubScene
19:07:49.581 [JavaFX Application Thread] DEBUG PrimaryStageWindow   - Pop state: DialogSubScene
19:07:49.581 [JavaFX Application Thread] DEBUG Input                - Clearing active input actions
19:07:49.582 [JavaFX Application Thread] DEBUG GameApplicationServi - Removing overlay from DialogSubScene and adding to FXGLDefaultMenu
19:07:49.582 [JavaFX Application Thread] DEBUG PrimaryStageWindow   - FXGLDefaultMenu <- DialogSubScene
19:07:49.582 [JavaFX Application Thread] DEBUG FXGLApplication      - Exiting FXGL
19:07:49.582 [JavaFX Application Thread] DEBUG LoopRunner           - Stopping loop
19:07:49.582 [JavaFX Application Thread] DEBUG SystemBundleService  - Saving FXGL system data
19:07:49.595 [JavaFX Application Thread] DEBUG FileSystemAccess     - Writing to: E:\All About Dev\OOP\FXGL new Begining\final version\Tower Defender\Tower-Defender\system\fxgl.bundle
19:07:49.604 [JavaFX Application Thread] DEBUG Async                - Shutting down background threads
19:07:49.605 [JavaFX Application Thread] DEBUG PrimaryStageWindow   - Closing main window
19:07:49.673 [JavaFX Application Thread] DEBUG Logger               - Closing Logger
