21:38:55.701 [main                     ] DEBUG Logger               - Configured Logger
21:38:55.735 [main                     ] DEBUG GameApplication      - Logging settings
Title: 1945
Version: 0.1
Width: 1280
Height: 800
Fullscreen: true
Intro: false
Profiling: false
Single step:false
App Mode: DEVELOPER
Menu Key: ESCAPE
Stage Style: DECORATED
Scene Factory: class com.almasb.fxgl.app.scene.SceneFactory

21:38:56.210 [JavaFX Application Thread] DEBUG FXGLApplication      - Initializing FXGL
21:38:56.219 [JavaFX Application Thread] INFO  Engine               - FXGL-21.1 (27.03.2024 07.52) on WINDOWS (J:21.0.9 FX:21.0.1)
21:38:56.219 [JavaFX Application Thread] DEBUG Engine               - JRE Vendor Name: Oracle Corporation
21:38:56.220 [JavaFX Application Thread] DEBUG Engine               - Running on OS: Windows 11 version 10.0
21:38:56.220 [JavaFX Application Thread] DEBUG Engine               - Architecture: amd64
21:38:56.220 [JavaFX Application Thread] INFO  Engine               - Source code and latest versions at: https://github.com/AlmasB/FXGL
21:38:56.220 [JavaFX Application Thread] INFO  Engine               -       Ask questions and discuss at: https://github.com/AlmasB/FXGL/discussions
21:38:56.220 [JavaFX Application Thread] INFO  Engine               -              Join the FXGL chat at: https://gitter.im/AlmasB/FXGL
21:38:56.321 [JavaFX Application Thread] DEBUG PrimaryStageWindow   - Creating a JavaFX scene
21:38:56.369 [JavaFX Application Thread] DEBUG PrimaryStageWindow   - Target settings size: 1280.0 x 800.0
21:38:56.369 [JavaFX Application Thread] DEBUG PrimaryStageWindow   - Scaled scene size:    1280.0 x 800.0
21:38:56.369 [JavaFX Application Thread] DEBUG PrimaryStageWindow   - Scaled ratio: (1.0, 1.0)
21:38:56.371 [JavaFX Application Thread] DEBUG PrimaryStageWindow   - Set initial scene to FXGLStartupScene
21:38:56.374 [JavaFX Application Thread] DEBUG PrimaryStageWindow   - Opening main window
21:38:56.479 [JavaFX Application Thread] DEBUG PrimaryStageWindow   - Window border size: (14.4000244140625, 37.5999755859375)
21:38:56.479 [JavaFX Application Thread] DEBUG PrimaryStageWindow   - Scaled size: 1280.0 x 800.0
21:38:56.480 [JavaFX Application Thread] DEBUG PrimaryStageWindow   - Scaled ratio: (1.0, 1.0)
21:38:56.480 [JavaFX Application Thread] DEBUG PrimaryStageWindow   - Scene size: 1280.0 x 800.0
21:38:56.480 [JavaFX Application Thread] DEBUG PrimaryStageWindow   - Stage size: 1294.4000244140625 x 837.5999755859375
21:38:56.492 [FXGL Background Thread 1 ] DEBUG Engine               - Initializing environment variables
21:38:56.585 [FXGL Background Thread 1 ] DEBUG FXGLAssetLoaderServi - User app class for loading assets: class org.saikat.Main
21:38:56.586 [FXGL Background Thread 1 ] DEBUG GameApplicationServi - Applying CSS: fxgl_dark.css
21:38:56.587 [FXGL Background Thread 1 ] DEBUG FXGLAssetLoaderServi - Loading from file system: jar:file:/C:/Users/HP/.m2/repository/com/github/almasb/fxgl/21.1/fxgl-21.1.jar!/fxglassets/ui/css/fxgl_dark.css
21:38:56.648 [FXGL Background Thread 1 ] DEBUG GameApplicationServi - Initializing application scenes
21:38:56.705 [FXGL Background Thread 1 ] DEBUG GameWorld            - Game world initialized
21:38:56.784 [FXGL Background Thread 1 ] DEBUG PhysicsWorld         - Physics world initialized: appHeight=800, physics.ppm=50.0
21:38:56.784 [FXGL Background Thread 1 ] DEBUG PhysicsWorld         - Using strategy: BRUTE_FORCE
21:38:56.787 [FXGL Background Thread 1 ] DEBUG GameScene            - Game scene initialized: 1280x800
21:38:56.797 [FXGL Background Thread 1 ] DEBUG FXGL.DefaultMenu     - createMenuBodyGameMenu()
21:38:56.808 [FXGL Background Thread 1 ] DEBUG FXGL.DefaultMenu     - createOptionsMenu()
21:38:56.817 [FXGL Background Thread 1 ] DEBUG FXGLAssetLoaderServi - Loading from file system: jar:file:/C:/Users/HP/.m2/repository/com/github/almasb/fxgl/21.1/fxgl-21.1.jar!/fxglassets/textures/particles/smoke.png
21:38:56.923 [FXGL Background Thread 1 ] DEBUG FXGLAssetLoaderServi - Loading from file system: jar:file:/C:/Users/HP/.m2/repository/com/github/almasb/fxgl/21.1/fxgl-21.1.jar!/fxglassets/textures/particles/trace_horizontal.png
21:38:56.946 [FXGL Background Thread 1 ] DEBUG GameApplicationServi - Application scenes initialized
21:38:56.959 [FXGL Background Thread 1 ] DEBUG SystemBundleService  - Loading FXGL system data
21:38:56.963 [FXGL Background Thread 1 ] DEBUG FileSystemAccess     - Reading from: E:\All About Dev\OOP\FXGL new Begining\final version\Tower Defender\Tower-Defender\system\fxgl.bundle
21:38:56.975 [FXGL Background Thread 1 ] DEBUG SystemBundleService  - Bundle FXGL: {}
21:38:56.975 [FXGL Background Thread 1 ] DEBUG UpdaterService       - Checking for updates
21:38:56.980 [FXGL Background Thread 4 ] DEBUG FXGLApplication      - Loading fonts
21:38:56.981 [FXGL Background Thread 4 ] DEBUG FXGLAssetLoaderServi - Loading from file system: jar:file:/C:/Users/HP/.m2/repository/com/github/almasb/fxgl/21.1/fxgl-21.1.jar!/fxglassets/ui/fonts/VarelaRound-Regular.ttf
21:38:56.982 [FXGL Background Thread 1 ] DEBUG FXGLApplication      - Loading default localization
21:38:56.983 [FXGL Background Thread 1 ] DEBUG FXGLAssetLoaderServi - Loading from file system: jar:file:/C:/Users/HP/.m2/repository/com/github/almasb/fxgl/21.1/fxgl-21.1.jar!/fxglassets/languages/english.lang
21:38:57.028 [FXGL Background Thread 1 ] INFO  FXGLApplication      - FXGL initialization took: 0.537 sec
21:38:57.036 [JavaFX Application Thread] DEBUG Input                - Registered new binding: add tower - LMB
21:38:57.036 [JavaFX Application Thread] DEBUG Input                - Registered new binding: remove tower - RMB
21:38:57.037 [JavaFX Application Thread] DEBUG FXGLAssetLoaderServi - Loading from file system: jar:file:/C:/Users/HP/.m2/repository/com/github/almasb/fxgl/21.1/fxgl-21.1.jar!/fxglassets/textures/fxgl_icon.png
21:38:57.049 [FXGL Background Thread 4 ] DEBUG FXGLAssetLoaderServi - Loading from file system: jar:file:/C:/Users/HP/.m2/repository/com/github/almasb/fxgl/21.1/fxgl-21.1.jar!/fxglassets/ui/fonts/Abel-Regular.ttf
21:38:57.056 [FXGL Background Thread 4 ] DEBUG FXGLAssetLoaderServi - Loading from file system: jar:file:/C:/Users/HP/.m2/repository/com/github/almasb/fxgl/21.1/fxgl-21.1.jar!/fxglassets/ui/fonts/TerminalLandMono-Regular.otf
21:38:57.063 [JavaFX Application Thread] DEBUG FXGLAssetLoaderServi - Loading from file system: jar:file:/C:/Users/HP/.m2/repository/com/github/almasb/fxgl/21.1/fxgl-21.1.jar!/fxglassets/textures/fxgl_default_cursor.png
21:38:57.063 [FXGL Background Thread 4 ] DEBUG FXGLAssetLoaderServi - Loading from file system: jar:file:/C:/Users/HP/.m2/repository/com/github/almasb/fxgl/21.1/fxgl-21.1.jar!/fxglassets/ui/fonts/Courier-Prime.ttf
21:38:57.075 [JavaFX Application Thread] DEBUG Input                - Registered new binding: Screenshot - CTRL+8
21:38:57.076 [JavaFX Application Thread] DEBUG Input                - Registered new binding: System info dump - CTRL+9
21:38:57.076 [JavaFX Application Thread] DEBUG Input                - Registered new binding: Restart - CTRL+R
21:38:57.077 [JavaFX Application Thread] DEBUG Input                - Registered new binding: Toggle Debug Camera - CTRL+7
21:38:57.081 [JavaFX Application Thread] DEBUG LoopRunner           - Starting loop
21:38:57.082 [JavaFX Application Thread] DEBUG LoopRunner           - Initializing JavaFX AnimationTimerLoop
21:38:57.083 [JavaFX Application Thread] DEBUG GameApplicationServi - Starting new game
21:38:57.084 [JavaFX Application Thread] DEBUG Input                - Clearing active input actions
21:38:57.099 [JavaFX Application Thread] DEBUG GameApplicationServi - Removing overlay from FXGLStartupScene and adding to FXGLLoadingScene
21:38:57.100 [JavaFX Application Thread] DEBUG PrimaryStageWindow   - FXGLStartupScene -> FXGLLoadingScene
21:38:57.100 [JavaFX Application Thread] DEBUG GameApplicationServi - Clearing previous game
21:38:57.100 [JavaFX Application Thread] DEBUG GameScene            - Clearing game scene
21:38:57.100 [JavaFX Application Thread] DEBUG GameWorld            - Clearing game world
21:38:57.100 [JavaFX Application Thread] DEBUG PhysicsWorld         - Clearing physics world
21:38:57.102 [FXGL Background Thread 4 ] DEBUG FXGLApplication      - Initializing game
21:38:57.102 [JavaFX Application Thread] DEBUG FXGLApplication      - Registering font factories with UI factory
21:38:57.170 [JavaFX Application Thread] DEBUG LoopRunner           - Stopping loop
21:38:57.175 [JavaFX Application Thread] FATAL FXGLApplication      - Uncaught Exception:
java.lang.RuntimeException: Initialization failed
	at com.almasb.fxgl.app.FXGLApplication$InitAppTask.failed(FXGLApplication.kt:347)
	at javafx.concurrent.Task.setState(Task.java:710)
	at javafx.concurrent.Task$TaskCallable.lambda$call$2(Task.java:1429)
	at com.sun.javafx.application.PlatformImpl.lambda$runLater$10(PlatformImpl.java:456)
	at java.base/java.security.AccessController.doPrivileged(AccessController.java:400)
	at com.sun.javafx.application.PlatformImpl.lambda$runLater$11(PlatformImpl.java:455)
	at com.sun.glass.ui.InvokeLaterDispatcher$Future.run(InvokeLaterDispatcher.java:95)
	at com.sun.glass.ui.win.WinApplication._runLoop(Native Method)
	at com.sun.glass.ui.win.WinApplication.lambda$runLoop$3(WinApplication.java:185)
	at java.base/java.lang.Thread.run(Thread.java:1583)
Caused by: java.lang.NullPointerException: Parameter specified as non-null is null: method com.almasb.fxgl.app.FXGLApplication$InitAppTask$initGame$1.invoke, parameter value
	at com.almasb.fxgl.app.FXGLApplication$InitAppTask$initGame$1.invoke(FXGLApplication.kt)
	at com.almasb.fxgl.app.FXGLApplication$InitAppTask$initGame$1.invoke(FXGLApplication.kt:337)
	at com.almasb.fxgl.app.FXGLApplication$InitAppTask.initGame$lambda$1(FXGLApplication.kt:337)
	at java.base/java.util.HashMap.forEach(HashMap.java:1429)
	at com.almasb.fxgl.app.FXGLApplication$InitAppTask.initGame(FXGLApplication.kt:337)
	at com.almasb.fxgl.app.FXGLApplication$InitAppTask.call(FXGLApplication.kt:321)
	at com.almasb.fxgl.app.FXGLApplication$InitAppTask.call(FXGLApplication.kt:313)
	at javafx.concurrent.Task$TaskCallable.call(Task.java:1399)
	at java.base/java.util.concurrent.FutureTask.run(FutureTask.java:317)
	at java.base/java.util.concurrent.Executors$RunnableAdapter.call(Executors.java:572)
	at java.base/java.util.concurrent.FutureTask.run(FutureTask.java:317)
	at java.base/java.util.concurrent.ThreadPoolExecutor.runWorker(ThreadPoolExecutor.java:1144)
	at java.base/java.util.concurrent.ThreadPoolExecutor$Worker.run(ThreadPoolExecutor.java:642)
	... 1 more

21:38:57.176 [JavaFX Application Thread] FATAL FXGLApplication      - Application will now exit
21:38:57.200 [JavaFX Application Thread] DEBUG PrimaryStageWindow   - Push state: ErrorSubScene
21:38:57.201 [JavaFX Application Thread] DEBUG Input                - Clearing active input actions
21:38:57.213 [JavaFX Application Thread] DEBUG GameApplicationServi - Removing overlay from FXGLLoadingScene and adding to ErrorSubScene
21:38:57.214 [JavaFX Application Thread] DEBUG PrimaryStageWindow   - FXGLLoadingScene -> ErrorSubScene
21:38:58.544 [FXGL Background Thread 2 ] INFO  UpdaterService       - Your current version:  21.1
21:38:58.544 [FXGL Background Thread 2 ] INFO  UpdaterService       - Latest stable version: 25
21:38:59.700 [JavaFX Application Thread] DEBUG FXGLApplication      - Exiting FXGL
21:38:59.702 [JavaFX Application Thread] DEBUG Async                - Shutting down background threads
21:38:59.702 [JavaFX Application Thread] DEBUG PrimaryStageWindow   - Closing main window
21:38:59.723 [JavaFX Application Thread] DEBUG Logger               - Closing Logger
