14:10:22.850 [main                     ] DEBUG Logger               - Configured Logger
14:10:22.908 [main                     ] DEBUG GameApplication      - Logging settings
Title: Ghost Hunter
Version: 1.0
Width: 1280
Height: 800
Fullscreen: true
Intro: false
Profiling: false
Single step:false
App Mode: DEVELOPER
Menu Key: ESCAPE
Stage Style: DECORATED
Scene Factory: class com.almasb.fxgl.app.scene.SceneFactory

14:10:24.883 [JavaFX Application Thread] DEBUG FXGLApplication      - Initializing FXGL
14:10:24.899 [JavaFX Application Thread] INFO  Engine               - FXGL-21.1 (27.03.2024 07.52) on WINDOWS (J:21.0.9 FX:21.0.1)
14:10:24.900 [JavaFX Application Thread] DEBUG Engine               - JRE Vendor Name: Oracle Corporation
14:10:24.901 [JavaFX Application Thread] DEBUG Engine               - Running on OS: Windows 11 version 10.0
14:10:24.901 [JavaFX Application Thread] DEBUG Engine               - Architecture: amd64
14:10:24.901 [JavaFX Application Thread] INFO  Engine               - Source code and latest versions at: https://github.com/AlmasB/FXGL
14:10:24.902 [JavaFX Application Thread] INFO  Engine               -       Ask questions and discuss at: https://github.com/AlmasB/FXGL/discussions
14:10:24.902 [JavaFX Application Thread] INFO  Engine               -              Join the FXGL chat at: https://gitter.im/AlmasB/FXGL
14:10:25.163 [JavaFX Application Thread] DEBUG PrimaryStageWindow   - Creating a JavaFX scene
14:10:25.271 [JavaFX Application Thread] DEBUG PrimaryStageWindow   - Target settings size: 1280.0 x 800.0
14:10:25.272 [JavaFX Application Thread] DEBUG PrimaryStageWindow   - Scaled scene size:    1280.0 x 800.0
14:10:25.272 [JavaFX Application Thread] DEBUG PrimaryStageWindow   - Scaled ratio: (1.0, 1.0)
14:10:25.274 [JavaFX Application Thread] DEBUG PrimaryStageWindow   - Set initial scene to FXGLStartupScene
14:10:25.282 [JavaFX Application Thread] DEBUG PrimaryStageWindow   - Opening main window
14:10:25.494 [JavaFX Application Thread] DEBUG PrimaryStageWindow   - Window border size: (14.4000244140625, 37.5999755859375)
14:10:25.494 [JavaFX Application Thread] DEBUG PrimaryStageWindow   - Scaled size: 1280.0 x 800.0
14:10:25.495 [JavaFX Application Thread] DEBUG PrimaryStageWindow   - Scaled ratio: (1.0, 1.0)
14:10:25.495 [JavaFX Application Thread] DEBUG PrimaryStageWindow   - Scene size: 1280.0 x 800.0
14:10:25.496 [JavaFX Application Thread] DEBUG PrimaryStageWindow   - Stage size: 1294.4000244140625 x 837.5999755859375
14:10:25.523 [FXGL Background Thread 1 ] DEBUG Engine               - Initializing environment variables
14:10:25.664 [FXGL Background Thread 1 ] DEBUG FXGLAssetLoaderServi - User app class for loading assets: class org.saikat.Game
14:10:25.665 [FXGL Background Thread 1 ] DEBUG GameApplicationServi - Applying CSS: fxgl_dark.css
14:10:25.667 [FXGL Background Thread 1 ] DEBUG FXGLAssetLoaderServi - Loading from file system: jar:file:/C:/Users/HP/.m2/repository/com/github/almasb/fxgl/21.1/fxgl-21.1.jar!/fxglassets/ui/css/fxgl_dark.css
14:10:25.767 [FXGL Background Thread 1 ] DEBUG GameApplicationServi - Initializing application scenes
14:10:25.883 [FXGL Background Thread 1 ] DEBUG GameWorld            - Game world initialized
14:10:26.033 [FXGL Background Thread 1 ] DEBUG PhysicsWorld         - Physics world initialized: appHeight=800, physics.ppm=50.0
14:10:26.033 [FXGL Background Thread 1 ] DEBUG PhysicsWorld         - Using strategy: BRUTE_FORCE
14:10:26.043 [FXGL Background Thread 1 ] DEBUG GameScene            - Game scene initialized: 1280x800
14:10:26.073 [FXGL Background Thread 1 ] DEBUG FXGL.DefaultMenu     - createMenuBodyGameMenu()
14:10:26.116 [FXGL Background Thread 1 ] DEBUG FXGL.DefaultMenu     - createOptionsMenu()
14:10:26.140 [FXGL Background Thread 1 ] DEBUG FXGLAssetLoaderServi - Loading from file system: jar:file:/C:/Users/HP/.m2/repository/com/github/almasb/fxgl/21.1/fxgl-21.1.jar!/fxglassets/textures/particles/smoke.png
14:10:26.393 [FXGL Background Thread 1 ] DEBUG FXGLAssetLoaderServi - Loading from file system: jar:file:/C:/Users/HP/.m2/repository/com/github/almasb/fxgl/21.1/fxgl-21.1.jar!/fxglassets/textures/particles/trace_horizontal.png
14:10:26.445 [FXGL Background Thread 1 ] DEBUG GameApplicationServi - Application scenes initialized
14:10:26.487 [FXGL Background Thread 1 ] DEBUG SystemBundleService  - Loading FXGL system data
14:10:26.507 [FXGL Background Thread 1 ] DEBUG FileSystemAccess     - Reading from: E:\All About Dev\OOP\FXGL new Begining\final version\Tower Defender\Tower-Defender\system\fxgl.bundle
14:10:26.539 [FXGL Background Thread 1 ] DEBUG SystemBundleService  - Bundle FXGL: {}
14:10:26.539 [FXGL Background Thread 1 ] DEBUG UpdaterService       - Checking for updates
14:10:26.608 [FXGL Background Thread 4 ] DEBUG FXGLApplication      - Loading fonts
14:10:26.609 [FXGL Background Thread 4 ] DEBUG FXGLAssetLoaderServi - Loading from file system: jar:file:/C:/Users/HP/.m2/repository/com/github/almasb/fxgl/21.1/fxgl-21.1.jar!/fxglassets/ui/fonts/VarelaRound-Regular.ttf
14:10:26.612 [FXGL Background Thread 1 ] DEBUG FXGLApplication      - Loading default localization
14:10:26.614 [FXGL Background Thread 1 ] DEBUG FXGLAssetLoaderServi - Loading from file system: jar:file:/C:/Users/HP/.m2/repository/com/github/almasb/fxgl/21.1/fxgl-21.1.jar!/fxglassets/languages/english.lang
14:10:26.668 [FXGL Background Thread 1 ] INFO  FXGLApplication      - FXGL initialization took: 1.144 sec
14:10:26.679 [JavaFX Application Thread] DEBUG Input                - Registered new binding: add tower - LMB
14:10:26.679 [JavaFX Application Thread] DEBUG Input                - Registered new binding: remove tower - RMB
14:10:26.681 [JavaFX Application Thread] DEBUG FXGLAssetLoaderServi - Loading from file system: jar:file:/C:/Users/HP/.m2/repository/com/github/almasb/fxgl/21.1/fxgl-21.1.jar!/fxglassets/textures/fxgl_icon.png
14:10:26.718 [JavaFX Application Thread] DEBUG FXGLAssetLoaderServi - Loading from file system: jar:file:/C:/Users/HP/.m2/repository/com/github/almasb/fxgl/21.1/fxgl-21.1.jar!/fxglassets/textures/fxgl_default_cursor.png
14:10:26.734 [JavaFX Application Thread] DEBUG Input                - Registered new binding: Screenshot - CTRL+8
14:10:26.736 [JavaFX Application Thread] DEBUG Input                - Registered new binding: Dev Options - 1
14:10:26.738 [JavaFX Application Thread] DEBUG Input                - Registered new binding: Dev Console - 2
14:10:26.740 [JavaFX Application Thread] DEBUG Input                - Registered new binding: System info dump - CTRL+9
14:10:26.741 [JavaFX Application Thread] DEBUG Input                - Registered new binding: Restart - CTRL+R
14:10:26.744 [JavaFX Application Thread] DEBUG Input                - Registered new binding: Toggle Debug Camera - CTRL+7
14:10:26.754 [JavaFX Application Thread] DEBUG LoopRunner           - Starting loop
14:10:26.797 [JavaFX Application Thread] DEBUG LoopRunner           - Initializing JavaFX AnimationTimerLoop
14:10:26.801 [JavaFX Application Thread] DEBUG GameApplicationServi - Starting new game
14:10:26.802 [JavaFX Application Thread] DEBUG Input                - Clearing active input actions
14:10:26.828 [JavaFX Application Thread] DEBUG GameApplicationServi - Removing overlay from FXGLStartupScene and adding to FXGLLoadingScene
14:10:26.835 [JavaFX Application Thread] DEBUG PrimaryStageWindow   - FXGLStartupScene -> FXGLLoadingScene
14:10:26.836 [JavaFX Application Thread] DEBUG GameApplicationServi - Clearing previous game
14:10:26.836 [JavaFX Application Thread] DEBUG GameScene            - Clearing game scene
14:10:26.836 [JavaFX Application Thread] DEBUG GameWorld            - Clearing game world
14:10:26.836 [JavaFX Application Thread] DEBUG PhysicsWorld         - Clearing physics world
14:10:26.839 [FXGL Background Thread 1 ] DEBUG FXGLApplication      - Initializing game
14:10:26.972 [FXGL Background Thread 1 ] WARN  TMXLevelLoader       - TiledMap generated from 1.12.2. Supported version: 1.9.0. Some features may not be parsed fully.
14:10:26.977 [FXGL Background Thread 4 ] DEBUG FXGLAssetLoaderServi - Loading from file system: jar:file:/C:/Users/HP/.m2/repository/com/github/almasb/fxgl/21.1/fxgl-21.1.jar!/fxglassets/ui/fonts/Abel-Regular.ttf
14:10:26.988 [FXGL Background Thread 4 ] DEBUG FXGLAssetLoaderServi - Loading from file system: jar:file:/C:/Users/HP/.m2/repository/com/github/almasb/fxgl/21.1/fxgl-21.1.jar!/fxglassets/ui/fonts/TerminalLandMono-Regular.otf
14:10:26.997 [FXGL Background Thread 4 ] DEBUG FXGLAssetLoaderServi - Loading from file system: jar:file:/C:/Users/HP/.m2/repository/com/github/almasb/fxgl/21.1/fxgl-21.1.jar!/fxglassets/ui/fonts/Courier-Prime.ttf
14:10:27.030 [FXGL Background Thread 1 ] DEBUG TMXLevelLoader       - Parsed TiledMap: file:/E:/All%20About%20Dev/OOP/FXGL%20new%20Begining/final%20version/Tower%20Defender/Tower-Defender/target/classes/assets/levels/wall.tmx
14:10:27.033 [FXGL Background Thread 1 ] DEBUG TMXLevelLoader       - Creating tile layer entities
14:10:27.039 [FXGL Background Thread 1 ] DEBUG TilesetLoader        - Loading view for layer icons
14:10:27.042 [FXGL Background Thread 1 ] DEBUG TilesetLoader        - Created buffer with size 1280.0x800.0
14:10:27.072 [FXGL Background Thread 1 ] DEBUG TilesetLoader        - Loading view for layer background
14:10:27.075 [FXGL Background Thread 1 ] DEBUG TilesetLoader        - Created buffer with size 1280.0x800.0
14:10:27.137 [FXGL Background Thread 2 ] WARN  UpdaterService       - Failed to find updates: java.net.UnknownHostException: raw.githubusercontent.com
14:10:27.234 [FXGL Background Thread 1 ] DEBUG TilesetLoader        - Loading view for layer tower spot layer
14:10:27.237 [FXGL Background Thread 1 ] DEBUG TilesetLoader        - Created buffer with size 1280.0x800.0
14:10:27.277 [FXGL Background Thread 1 ] DEBUG TilesetLoader        - Loading view for layer Road
14:10:27.280 [FXGL Background Thread 1 ] DEBUG TilesetLoader        - Created buffer with size 1280.0x800.0
14:10:27.283 [FXGL Background Thread 1 ] DEBUG TilesetLoader        - Loading view for layer road2
14:10:27.287 [FXGL Background Thread 1 ] DEBUG TilesetLoader        - Created buffer with size 1280.0x800.0
14:10:27.290 [FXGL Background Thread 1 ] WARN  TilesetLoader        - Diagonally flipped tiles are not currently supported
14:10:27.292 [FXGL Background Thread 1 ] WARN  TilesetLoader        - Diagonally flipped tiles are not currently supported
14:10:27.294 [FXGL Background Thread 1 ] WARN  TilesetLoader        - Diagonally flipped tiles are not currently supported
14:10:27.295 [FXGL Background Thread 1 ] WARN  TilesetLoader        - Diagonally flipped tiles are not currently supported
14:10:27.296 [FXGL Background Thread 1 ] WARN  TilesetLoader        - Diagonally flipped tiles are not currently supported
14:10:27.297 [FXGL Background Thread 1 ] WARN  TilesetLoader        - Diagonally flipped tiles are not currently supported
14:10:27.307 [FXGL Background Thread 1 ] WARN  TilesetLoader        - Diagonally flipped tiles are not currently supported
14:10:27.308 [FXGL Background Thread 1 ] WARN  TilesetLoader        - Diagonally flipped tiles are not currently supported
14:10:27.309 [FXGL Background Thread 1 ] WARN  TilesetLoader        - Diagonally flipped tiles are not currently supported
14:10:27.310 [FXGL Background Thread 1 ] WARN  TilesetLoader        - Diagonally flipped tiles are not currently supported
14:10:27.311 [FXGL Background Thread 1 ] WARN  TilesetLoader        - Diagonally flipped tiles are not currently supported
14:10:27.312 [FXGL Background Thread 1 ] WARN  TilesetLoader        - Diagonally flipped tiles are not currently supported
14:10:27.313 [FXGL Background Thread 1 ] WARN  TilesetLoader        - Diagonally flipped tiles are not currently supported
14:10:27.315 [FXGL Background Thread 1 ] WARN  TilesetLoader        - Diagonally flipped tiles are not currently supported
14:10:27.316 [FXGL Background Thread 1 ] WARN  TilesetLoader        - Diagonally flipped tiles are not currently supported
14:10:27.317 [FXGL Background Thread 1 ] WARN  TilesetLoader        - Diagonally flipped tiles are not currently supported
14:10:27.318 [FXGL Background Thread 1 ] WARN  TilesetLoader        - Diagonally flipped tiles are not currently supported
14:10:27.320 [FXGL Background Thread 1 ] WARN  TilesetLoader        - Diagonally flipped tiles are not currently supported
14:10:27.321 [FXGL Background Thread 1 ] WARN  TilesetLoader        - Diagonally flipped tiles are not currently supported
14:10:27.322 [FXGL Background Thread 1 ] WARN  TilesetLoader        - Diagonally flipped tiles are not currently supported
14:10:27.323 [FXGL Background Thread 1 ] WARN  TilesetLoader        - Diagonally flipped tiles are not currently supported
14:10:27.323 [FXGL Background Thread 1 ] WARN  TilesetLoader        - Diagonally flipped tiles are not currently supported
14:10:27.324 [FXGL Background Thread 1 ] WARN  TilesetLoader        - Diagonally flipped tiles are not currently supported
14:10:27.325 [FXGL Background Thread 1 ] WARN  TilesetLoader        - Diagonally flipped tiles are not currently supported
14:10:27.326 [FXGL Background Thread 1 ] WARN  TilesetLoader        - Diagonally flipped tiles are not currently supported
14:10:27.327 [FXGL Background Thread 1 ] WARN  TilesetLoader        - Diagonally flipped tiles are not currently supported
14:10:27.327 [FXGL Background Thread 1 ] WARN  TilesetLoader        - Diagonally flipped tiles are not currently supported
14:10:27.328 [FXGL Background Thread 1 ] WARN  TilesetLoader        - Diagonally flipped tiles are not currently supported
14:10:27.329 [FXGL Background Thread 1 ] WARN  TilesetLoader        - Diagonally flipped tiles are not currently supported
14:10:27.329 [FXGL Background Thread 1 ] WARN  TilesetLoader        - Diagonally flipped tiles are not currently supported
14:10:27.330 [FXGL Background Thread 1 ] WARN  TilesetLoader        - Diagonally flipped tiles are not currently supported
14:10:27.331 [FXGL Background Thread 1 ] WARN  TilesetLoader        - Diagonally flipped tiles are not currently supported
14:10:27.332 [FXGL Background Thread 1 ] WARN  TilesetLoader        - Diagonally flipped tiles are not currently supported
14:10:27.333 [FXGL Background Thread 1 ] WARN  TilesetLoader        - Diagonally flipped tiles are not currently supported
14:10:27.333 [FXGL Background Thread 1 ] WARN  TilesetLoader        - Diagonally flipped tiles are not currently supported
14:10:27.335 [FXGL Background Thread 1 ] WARN  TilesetLoader        - Diagonally flipped tiles are not currently supported
14:10:27.336 [FXGL Background Thread 1 ] WARN  TilesetLoader        - Diagonally flipped tiles are not currently supported
14:10:27.336 [FXGL Background Thread 1 ] WARN  TilesetLoader        - Diagonally flipped tiles are not currently supported
14:10:27.337 [FXGL Background Thread 1 ] WARN  TilesetLoader        - Diagonally flipped tiles are not currently supported
14:10:27.338 [FXGL Background Thread 1 ] WARN  TilesetLoader        - Diagonally flipped tiles are not currently supported
14:10:27.339 [FXGL Background Thread 1 ] WARN  TilesetLoader        - Diagonally flipped tiles are not currently supported
14:10:27.339 [FXGL Background Thread 1 ] WARN  TilesetLoader        - Diagonally flipped tiles are not currently supported
14:10:27.340 [FXGL Background Thread 1 ] WARN  TilesetLoader        - Diagonally flipped tiles are not currently supported
14:10:27.341 [FXGL Background Thread 1 ] WARN  TilesetLoader        - Diagonally flipped tiles are not currently supported
14:10:27.342 [FXGL Background Thread 1 ] WARN  TilesetLoader        - Diagonally flipped tiles are not currently supported
14:10:27.342 [FXGL Background Thread 1 ] WARN  TilesetLoader        - Diagonally flipped tiles are not currently supported
14:10:27.343 [FXGL Background Thread 1 ] WARN  TilesetLoader        - Diagonally flipped tiles are not currently supported
14:10:27.344 [FXGL Background Thread 1 ] WARN  TilesetLoader        - Diagonally flipped tiles are not currently supported
14:10:27.344 [FXGL Background Thread 1 ] WARN  TilesetLoader        - Diagonally flipped tiles are not currently supported
14:10:27.346 [FXGL Background Thread 1 ] WARN  TilesetLoader        - Diagonally flipped tiles are not currently supported
14:10:27.346 [FXGL Background Thread 1 ] WARN  TilesetLoader        - Diagonally flipped tiles are not currently supported
14:10:27.348 [FXGL Background Thread 1 ] WARN  TilesetLoader        - Diagonally flipped tiles are not currently supported
14:10:27.348 [FXGL Background Thread 1 ] WARN  TilesetLoader        - Diagonally flipped tiles are not currently supported
14:10:27.349 [FXGL Background Thread 1 ] WARN  TilesetLoader        - Diagonally flipped tiles are not currently supported
14:10:27.350 [FXGL Background Thread 1 ] WARN  TilesetLoader        - Diagonally flipped tiles are not currently supported
14:10:27.350 [FXGL Background Thread 1 ] WARN  TilesetLoader        - Diagonally flipped tiles are not currently supported
14:10:27.351 [FXGL Background Thread 1 ] WARN  TilesetLoader        - Diagonally flipped tiles are not currently supported
14:10:27.352 [FXGL Background Thread 1 ] WARN  TilesetLoader        - Diagonally flipped tiles are not currently supported
14:10:27.353 [FXGL Background Thread 1 ] WARN  TilesetLoader        - Diagonally flipped tiles are not currently supported
14:10:27.353 [FXGL Background Thread 1 ] WARN  TilesetLoader        - Diagonally flipped tiles are not currently supported
14:10:27.354 [FXGL Background Thread 1 ] WARN  TilesetLoader        - Diagonally flipped tiles are not currently supported
14:10:27.355 [FXGL Background Thread 1 ] WARN  TilesetLoader        - Diagonally flipped tiles are not currently supported
14:10:27.355 [FXGL Background Thread 1 ] WARN  TilesetLoader        - Diagonally flipped tiles are not currently supported
14:10:27.356 [FXGL Background Thread 1 ] WARN  TilesetLoader        - Diagonally flipped tiles are not currently supported
14:10:27.357 [FXGL Background Thread 1 ] WARN  TilesetLoader        - Diagonally flipped tiles are not currently supported
14:10:27.358 [FXGL Background Thread 1 ] WARN  TilesetLoader        - Diagonally flipped tiles are not currently supported
14:10:27.358 [FXGL Background Thread 1 ] WARN  TilesetLoader        - Diagonally flipped tiles are not currently supported
14:10:27.364 [FXGL Background Thread 1 ] WARN  TilesetLoader        - Diagonally flipped tiles are not currently supported
14:10:27.365 [FXGL Background Thread 1 ] WARN  TilesetLoader        - Diagonally flipped tiles are not currently supported
14:10:27.365 [FXGL Background Thread 1 ] WARN  TilesetLoader        - Diagonally flipped tiles are not currently supported
14:10:27.366 [FXGL Background Thread 1 ] WARN  TilesetLoader        - Diagonally flipped tiles are not currently supported
14:10:27.366 [FXGL Background Thread 1 ] WARN  TilesetLoader        - Diagonally flipped tiles are not currently supported
14:10:27.367 [FXGL Background Thread 1 ] WARN  TilesetLoader        - Diagonally flipped tiles are not currently supported
14:10:27.368 [FXGL Background Thread 1 ] WARN  TilesetLoader        - Diagonally flipped tiles are not currently supported
14:10:27.369 [FXGL Background Thread 1 ] WARN  TilesetLoader        - Diagonally flipped tiles are not currently supported
14:10:27.369 [FXGL Background Thread 1 ] WARN  TilesetLoader        - Diagonally flipped tiles are not currently supported
14:10:27.370 [FXGL Background Thread 1 ] WARN  TilesetLoader        - Diagonally flipped tiles are not currently supported
14:10:27.371 [FXGL Background Thread 1 ] WARN  TilesetLoader        - Diagonally flipped tiles are not currently supported
14:10:27.371 [FXGL Background Thread 1 ] WARN  TilesetLoader        - Diagonally flipped tiles are not currently supported
14:10:27.372 [FXGL Background Thread 1 ] WARN  TilesetLoader        - Diagonally flipped tiles are not currently supported
14:10:27.373 [FXGL Background Thread 1 ] WARN  TilesetLoader        - Diagonally flipped tiles are not currently supported
14:10:27.373 [FXGL Background Thread 1 ] WARN  TilesetLoader        - Diagonally flipped tiles are not currently supported
14:10:27.374 [FXGL Background Thread 1 ] WARN  TilesetLoader        - Diagonally flipped tiles are not currently supported
14:10:27.375 [FXGL Background Thread 1 ] WARN  TilesetLoader        - Diagonally flipped tiles are not currently supported
14:10:27.375 [FXGL Background Thread 1 ] WARN  TilesetLoader        - Diagonally flipped tiles are not currently supported
14:10:27.376 [FXGL Background Thread 1 ] WARN  TilesetLoader        - Diagonally flipped tiles are not currently supported
14:10:27.377 [FXGL Background Thread 1 ] WARN  TilesetLoader        - Diagonally flipped tiles are not currently supported
14:10:27.378 [FXGL Background Thread 1 ] WARN  TilesetLoader        - Diagonally flipped tiles are not currently supported
14:10:27.378 [FXGL Background Thread 1 ] WARN  TilesetLoader        - Diagonally flipped tiles are not currently supported
14:10:27.379 [FXGL Background Thread 1 ] WARN  TilesetLoader        - Diagonally flipped tiles are not currently supported
14:10:27.379 [FXGL Background Thread 1 ] WARN  TilesetLoader        - Diagonally flipped tiles are not currently supported
14:10:27.379 [FXGL Background Thread 1 ] WARN  TilesetLoader        - Diagonally flipped tiles are not currently supported
14:10:27.380 [FXGL Background Thread 1 ] WARN  TilesetLoader        - Diagonally flipped tiles are not currently supported
14:10:27.380 [FXGL Background Thread 1 ] WARN  TilesetLoader        - Diagonally flipped tiles are not currently supported
14:10:27.382 [FXGL Background Thread 1 ] WARN  TilesetLoader        - Diagonally flipped tiles are not currently supported
14:10:27.382 [FXGL Background Thread 1 ] WARN  TilesetLoader        - Diagonally flipped tiles are not currently supported
14:10:27.383 [FXGL Background Thread 1 ] WARN  TilesetLoader        - Diagonally flipped tiles are not currently supported
14:10:27.383 [FXGL Background Thread 1 ] WARN  TilesetLoader        - Diagonally flipped tiles are not currently supported
14:10:27.384 [FXGL Background Thread 1 ] WARN  TilesetLoader        - Diagonally flipped tiles are not currently supported
14:10:27.385 [FXGL Background Thread 1 ] WARN  TilesetLoader        - Diagonally flipped tiles are not currently supported
14:10:27.385 [FXGL Background Thread 1 ] WARN  TilesetLoader        - Diagonally flipped tiles are not currently supported
14:10:27.386 [FXGL Background Thread 1 ] WARN  TilesetLoader        - Diagonally flipped tiles are not currently supported
14:10:27.386 [FXGL Background Thread 1 ] WARN  TilesetLoader        - Diagonally flipped tiles are not currently supported
14:10:27.387 [FXGL Background Thread 1 ] WARN  TilesetLoader        - Diagonally flipped tiles are not currently supported
14:10:27.387 [FXGL Background Thread 1 ] WARN  TilesetLoader        - Diagonally flipped tiles are not currently supported
14:10:27.388 [FXGL Background Thread 1 ] WARN  TilesetLoader        - Diagonally flipped tiles are not currently supported
14:10:27.388 [FXGL Background Thread 1 ] WARN  TilesetLoader        - Diagonally flipped tiles are not currently supported
14:10:27.388 [FXGL Background Thread 1 ] WARN  TilesetLoader        - Diagonally flipped tiles are not currently supported
14:10:27.389 [FXGL Background Thread 1 ] WARN  TilesetLoader        - Diagonally flipped tiles are not currently supported
14:10:27.389 [FXGL Background Thread 1 ] WARN  TilesetLoader        - Diagonally flipped tiles are not currently supported
14:10:27.389 [FXGL Background Thread 1 ] WARN  TilesetLoader        - Diagonally flipped tiles are not currently supported
14:10:27.391 [FXGL Background Thread 1 ] WARN  TilesetLoader        - Diagonally flipped tiles are not currently supported
14:10:27.391 [FXGL Background Thread 1 ] WARN  TilesetLoader        - Diagonally flipped tiles are not currently supported
14:10:27.392 [FXGL Background Thread 1 ] WARN  TilesetLoader        - Diagonally flipped tiles are not currently supported
14:10:27.392 [FXGL Background Thread 1 ] WARN  TilesetLoader        - Diagonally flipped tiles are not currently supported
14:10:27.393 [FXGL Background Thread 1 ] WARN  TilesetLoader        - Diagonally flipped tiles are not currently supported
14:10:27.393 [FXGL Background Thread 1 ] WARN  TilesetLoader        - Diagonally flipped tiles are not currently supported
14:10:27.394 [FXGL Background Thread 1 ] WARN  TilesetLoader        - Diagonally flipped tiles are not currently supported
14:10:27.394 [JavaFX Application Thread] DEBUG FXGLApplication      - Registering font factories with UI factory
14:10:27.394 [FXGL Background Thread 1 ] WARN  TilesetLoader        - Diagonally flipped tiles are not currently supported
14:10:27.395 [FXGL Background Thread 1 ] WARN  TilesetLoader        - Diagonally flipped tiles are not currently supported
14:10:27.396 [FXGL Background Thread 1 ] WARN  TilesetLoader        - Diagonally flipped tiles are not currently supported
14:10:27.396 [FXGL Background Thread 1 ] WARN  TilesetLoader        - Diagonally flipped tiles are not currently supported
14:10:27.398 [FXGL Background Thread 1 ] WARN  TilesetLoader        - Diagonally flipped tiles are not currently supported
14:10:27.398 [FXGL Background Thread 1 ] WARN  TilesetLoader        - Diagonally flipped tiles are not currently supported
14:10:27.399 [FXGL Background Thread 1 ] WARN  TilesetLoader        - Diagonally flipped tiles are not currently supported
14:10:27.399 [FXGL Background Thread 1 ] WARN  TilesetLoader        - Diagonally flipped tiles are not currently supported
14:10:27.401 [FXGL Background Thread 1 ] WARN  TilesetLoader        - Diagonally flipped tiles are not currently supported
14:10:27.401 [FXGL Background Thread 1 ] WARN  TilesetLoader        - Diagonally flipped tiles are not currently supported
14:10:27.402 [FXGL Background Thread 1 ] WARN  TilesetLoader        - Diagonally flipped tiles are not currently supported
14:10:27.402 [FXGL Background Thread 1 ] WARN  TilesetLoader        - Diagonally flipped tiles are not currently supported
14:10:27.403 [FXGL Background Thread 1 ] WARN  TilesetLoader        - Diagonally flipped tiles are not currently supported
14:10:27.403 [FXGL Background Thread 1 ] WARN  TilesetLoader        - Diagonally flipped tiles are not currently supported
14:10:27.404 [FXGL Background Thread 1 ] WARN  TilesetLoader        - Diagonally flipped tiles are not currently supported
14:10:27.404 [FXGL Background Thread 1 ] WARN  TilesetLoader        - Diagonally flipped tiles are not currently supported
14:10:27.405 [FXGL Background Thread 1 ] WARN  TilesetLoader        - Diagonally flipped tiles are not currently supported
14:10:27.411 [FXGL Background Thread 1 ] WARN  TilesetLoader        - Diagonally flipped tiles are not currently supported
14:10:27.412 [FXGL Background Thread 1 ] WARN  TilesetLoader        - Diagonally flipped tiles are not currently supported
14:10:27.413 [FXGL Background Thread 1 ] WARN  TilesetLoader        - Diagonally flipped tiles are not currently supported
14:10:27.413 [FXGL Background Thread 1 ] WARN  TilesetLoader        - Diagonally flipped tiles are not currently supported
14:10:27.414 [FXGL Background Thread 1 ] WARN  TilesetLoader        - Diagonally flipped tiles are not currently supported
14:10:27.414 [FXGL Background Thread 1 ] WARN  TilesetLoader        - Diagonally flipped tiles are not currently supported
14:10:27.416 [FXGL Background Thread 1 ] WARN  TilesetLoader        - Diagonally flipped tiles are not currently supported
14:10:27.416 [FXGL Background Thread 1 ] WARN  TilesetLoader        - Diagonally flipped tiles are not currently supported
14:10:27.417 [FXGL Background Thread 1 ] WARN  TilesetLoader        - Diagonally flipped tiles are not currently supported
14:10:27.417 [FXGL Background Thread 1 ] WARN  TilesetLoader        - Diagonally flipped tiles are not currently supported
14:10:27.418 [FXGL Background Thread 1 ] WARN  TilesetLoader        - Diagonally flipped tiles are not currently supported
14:10:27.418 [FXGL Background Thread 1 ] WARN  TilesetLoader        - Diagonally flipped tiles are not currently supported
14:10:27.419 [FXGL Background Thread 1 ] WARN  TilesetLoader        - Diagonally flipped tiles are not currently supported
14:10:27.419 [FXGL Background Thread 1 ] WARN  TilesetLoader        - Diagonally flipped tiles are not currently supported
14:10:27.421 [FXGL Background Thread 1 ] DEBUG TilesetLoader        - Loading view for layer road3
14:10:27.426 [FXGL Background Thread 1 ] DEBUG TilesetLoader        - Created buffer with size 1280.0x800.0
14:10:27.429 [FXGL Background Thread 1 ] DEBUG TilesetLoader        - Loading view for layer bg2
14:10:27.430 [FXGL Background Thread 1 ] DEBUG TilesetLoader        - Created buffer with size 1280.0x800.0
14:10:27.436 [FXGL Background Thread 1 ] WARN  TilesetLoader        - Diagonally flipped tiles are not currently supported
14:10:27.437 [FXGL Background Thread 1 ] WARN  TilesetLoader        - Diagonally flipped tiles are not currently supported
14:10:27.439 [FXGL Background Thread 1 ] WARN  TilesetLoader        - Diagonally flipped tiles are not currently supported
14:10:27.439 [FXGL Background Thread 1 ] WARN  TilesetLoader        - Diagonally flipped tiles are not currently supported
14:10:27.440 [FXGL Background Thread 1 ] WARN  TilesetLoader        - Diagonally flipped tiles are not currently supported
14:10:27.441 [FXGL Background Thread 1 ] WARN  TilesetLoader        - Diagonally flipped tiles are not currently supported
14:10:27.441 [FXGL Background Thread 1 ] WARN  TilesetLoader        - Diagonally flipped tiles are not currently supported
14:10:27.446 [FXGL Background Thread 1 ] DEBUG TilesetLoader        - Loading view for layer temp
14:10:27.451 [FXGL Background Thread 1 ] DEBUG TilesetLoader        - Created buffer with size 1280.0x800.0
14:10:27.452 [FXGL Background Thread 1 ] DEBUG TMXLevelLoader       - Creating object layer entities
14:10:27.489 [FXGL Background Thread 1 ] DEBUG GameWorld            - Clearing removable entities
14:10:27.491 [FXGL Background Thread 1 ] DEBUG GameWorld            - Setting level: com.almasb.fxgl.entity.level.Level@236ff3e0
14:10:27.502 [FXGL Background Thread 1 ] DEBUG FXGLAssetLoaderServi - Loading from file system: file:/E:/All%20About%20Dev/OOP/FXGL%20new%20Begining/final%20version/Tower%20Defender/Tower-Defender/target/classes/assets/textures/life.png
14:10:27.509 [FXGL Background Thread 1 ] DEBUG FXGLAssetLoaderServi - Loading from file system: file:/E:/All%20About%20Dev/OOP/FXGL%20new%20Begining/final%20version/Tower%20Defender/Tower-Defender/target/classes/assets/textures/skull.png
14:10:27.546 [FXGL Background Thread 1 ] INFO  FXGLApplication      - Game initialization took: 0.706 sec
14:10:27.645 [JavaFX Application Thread] DEBUG Input                - Clearing active input actions
14:10:27.661 [JavaFX Application Thread] DEBUG GameApplicationServi - Removing overlay from FXGLLoadingScene and adding to GameScene
14:10:27.672 [JavaFX Application Thread] DEBUG PrimaryStageWindow   - FXGLLoadingScene -> GameScene
14:10:27.708 [JavaFX Application Thread] DEBUG FXGLAssetLoaderServi - Loading from file system: file:/E:/All%20About%20Dev/OOP/FXGL%20new%20Begining/final%20version/Tower%20Defender/Tower-Defender/target/classes/assets/textures/goblin.png
14:10:29.603 [FXGL Background Thread 3 ] DEBUG Engine               - Logging environment variables
14:10:29.604 [FXGL Background Thread 3 ] DEBUG Engine               - achievements: []
14:10:29.604 [FXGL Background Thread 3 ] DEBUG Engine               - actualHeight: 800.0
14:10:29.604 [FXGL Background Thread 3 ] DEBUG Engine               - actualHeightProperty: ReadOnlyDoubleProperty [value: 800.0]
14:10:29.604 [FXGL Background Thread 3 ] DEBUG Engine               - actualWidth: 1280.0
14:10:29.604 [FXGL Background Thread 3 ] DEBUG Engine               - actualWidthProperty: ReadOnlyDoubleProperty [value: 1280.0]
14:10:29.604 [FXGL Background Thread 3 ] DEBUG Engine               - appIcon: fxgl_icon.png
14:10:29.604 [FXGL Background Thread 3 ] DEBUG Engine               - applicationMode: DEVELOPER
14:10:29.605 [FXGL Background Thread 3 ] DEBUG Engine               - cSSList: [fxgl_dark.css]
14:10:29.605 [FXGL Background Thread 3 ] DEBUG Engine               - collisionDetectionStrategy: BRUTE_FORCE
14:10:29.605 [FXGL Background Thread 3 ] DEBUG Engine               - configClass: Optional.empty
14:10:29.605 [FXGL Background Thread 3 ] DEBUG Engine               - credits: []
14:10:29.606 [FXGL Background Thread 3 ] DEBUG Engine               - defaultCursor: CursorInfo(imageName=fxgl_default_cursor.png, hotspotX=7.0, hotspotY=6.0)
14:10:29.606 [FXGL Background Thread 3 ] DEBUG Engine               - devBBoxColorProperty: ObjectProperty [value: 0xff0000ff]
14:10:29.606 [FXGL Background Thread 3 ] DEBUG Engine               - devEnableDebugCameraProperty: BooleanProperty [value: false]
14:10:29.606 [FXGL Background Thread 3 ] DEBUG Engine               - devSensorColorProperty: ObjectProperty [value: 0xffff00ff]
14:10:29.606 [FXGL Background Thread 3 ] DEBUG Engine               - devShowBBoxProperty: BooleanProperty [value: false]
14:10:29.606 [FXGL Background Thread 3 ] DEBUG Engine               - devShowPositionProperty: BooleanProperty [value: false]
14:10:29.607 [FXGL Background Thread 3 ] DEBUG Engine               - enabledMenuItems: []
14:10:29.608 [FXGL Background Thread 3 ] DEBUG Engine               - engineServices: [class com.almasb.fxgl.app.services.FXGLAssetLoaderService, class com.almasb.fxgl.app.FXGLApplication$GameApplicationService, class com.almasb.fxgl.app.services.FXGLDialogService, class com.almasb.fxgl.app.services.IOTaskExecutorService, class com.almasb.fxgl.io.FileSystemService, class com.almasb.fxgl.localization.LocalizationService, class com.almasb.fxgl.app.services.SystemBundleService, class com.almasb.fxgl.profile.SaveLoadService, class com.almasb.fxgl.ui.FXGLUIFactoryServiceProvider, class com.almasb.fxgl.ui.FXGLDialogFactoryServiceProvider, class com.almasb.fxgl.audio.AudioPlayer, class com.almasb.fxgl.notification.impl.NotificationServiceProvider, class com.almasb.fxgl.achievement.AchievementService, class com.almasb.fxgl.cutscene.CutsceneService, class com.almasb.fxgl.minigames.MiniGameService, class com.almasb.fxgl.net.NetService, class com.almasb.fxgl.app.services.UpdaterService, class com.almasb.fxgl.dev.DevService]
14:10:29.608 [FXGL Background Thread 3 ] DEBUG Engine               - fontGame: Abel-Regular.ttf
14:10:29.608 [FXGL Background Thread 3 ] DEBUG Engine               - fontMono: TerminalLandMono-Regular.otf
14:10:29.608 [FXGL Background Thread 3 ] DEBUG Engine               - fontSizeScaleUI: 1.0
14:10:29.608 [FXGL Background Thread 3 ] DEBUG Engine               - fontText: Courier-Prime.ttf
14:10:29.608 [FXGL Background Thread 3 ] DEBUG Engine               - fontUI: VarelaRound-Regular.ttf
14:10:29.608 [FXGL Background Thread 3 ] DEBUG Engine               - fullScreen: BooleanProperty [value: false]
14:10:29.608 [FXGL Background Thread 3 ] DEBUG Engine               - gameDifficulty: MEDIUM
14:10:29.608 [FXGL Background Thread 3 ] DEBUG Engine               - gameDifficultyProperty: ObjectProperty [value: MEDIUM]
14:10:29.608 [FXGL Background Thread 3 ] DEBUG Engine               - globalMusicVolume: 0.5
14:10:29.609 [FXGL Background Thread 3 ] DEBUG Engine               - globalMusicVolumeProperty: DoubleProperty [value: 0.5]
14:10:29.609 [FXGL Background Thread 3 ] DEBUG Engine               - globalSoundVolume: 0.5
14:10:29.609 [FXGL Background Thread 3 ] DEBUG Engine               - globalSoundVolumeProperty: DoubleProperty [value: 0.5]
14:10:29.609 [FXGL Background Thread 3 ] DEBUG Engine               - height: 800
14:10:29.609 [FXGL Background Thread 3 ] DEBUG Engine               - is3D: false
14:10:29.609 [FXGL Background Thread 3 ] DEBUG Engine               - isAndroid: false
14:10:29.609 [FXGL Background Thread 3 ] DEBUG Engine               - isBrowser: false
14:10:29.609 [FXGL Background Thread 3 ] DEBUG Engine               - isClickFeedbackEnabled: false
14:10:29.609 [FXGL Background Thread 3 ] DEBUG Engine               - isCloseConfirmation: false
14:10:29.609 [FXGL Background Thread 3 ] DEBUG Engine               - isDesktop: true
14:10:29.609 [FXGL Background Thread 3 ] DEBUG Engine               - isDeveloperMenuEnabled: true
14:10:29.609 [FXGL Background Thread 3 ] DEBUG Engine               - isEmbedded: false
14:10:29.609 [FXGL Background Thread 3 ] DEBUG Engine               - isEntityPreloadEnabled: true
14:10:29.609 [FXGL Background Thread 3 ] DEBUG Engine               - isExperimentalTiledLargeMap: false
14:10:29.609 [FXGL Background Thread 3 ] DEBUG Engine               - isFileSystemWriteAllowed: true
14:10:29.610 [FXGL Background Thread 3 ] DEBUG Engine               - isFullScreenAllowed: true
14:10:29.610 [FXGL Background Thread 3 ] DEBUG Engine               - isFullScreenFromStart: false
14:10:29.610 [FXGL Background Thread 3 ] DEBUG Engine               - isGameMenuEnabled: true
14:10:29.610 [FXGL Background Thread 3 ] DEBUG Engine               - isIOS: false
14:10:29.610 [FXGL Background Thread 3 ] DEBUG Engine               - isIntroEnabled: false
14:10:29.610 [FXGL Background Thread 3 ] DEBUG Engine               - isLinux: false
14:10:29.610 [FXGL Background Thread 3 ] DEBUG Engine               - isMac: false
14:10:29.610 [FXGL Background Thread 3 ] DEBUG Engine               - isMainMenuEnabled: false
14:10:29.610 [FXGL Background Thread 3 ] DEBUG Engine               - isManualResizeEnabled: true
14:10:29.610 [FXGL Background Thread 3 ] DEBUG Engine               - isMobile: false
14:10:29.610 [FXGL Background Thread 3 ] DEBUG Engine               - isNative: false
14:10:29.610 [FXGL Background Thread 3 ] DEBUG Engine               - isPauseMusicWhenMinimized: true
14:10:29.610 [FXGL Background Thread 3 ] DEBUG Engine               - isPreserveResizeRatio: false
14:10:29.610 [FXGL Background Thread 3 ] DEBUG Engine               - isProfilingEnabled: false
14:10:29.611 [FXGL Background Thread 3 ] DEBUG Engine               - isScaleAffectedOnResize: true
14:10:29.611 [FXGL Background Thread 3 ] DEBUG Engine               - isSingleStep: false
14:10:29.611 [FXGL Background Thread 3 ] DEBUG Engine               - isUserProfileEnabled: false
14:10:29.611 [FXGL Background Thread 3 ] DEBUG Engine               - isWindows: true
14:10:29.611 [FXGL Background Thread 3 ] DEBUG Engine               - language: ObjectProperty [value: ENGLISH]
14:10:29.611 [FXGL Background Thread 3 ] DEBUG Engine               - menuKey: ESCAPE
14:10:29.611 [FXGL Background Thread 3 ] DEBUG Engine               - mouseSensitivity: 0.2
14:10:29.611 [FXGL Background Thread 3 ] DEBUG Engine               - notificationViewClass: class com.almasb.fxgl.notification.view.XboxNotificationView
14:10:29.611 [FXGL Background Thread 3 ] DEBUG Engine               - pixelsPerMeter: 50.0
14:10:29.611 [FXGL Background Thread 3 ] DEBUG Engine               - platform: WINDOWS
14:10:29.611 [FXGL Background Thread 3 ] DEBUG Engine               - prefHeightProperty: ReadOnlyDoubleProperty [value: 800.0]
14:10:29.611 [FXGL Background Thread 3 ] DEBUG Engine               - prefWidthProperty: ReadOnlyDoubleProperty [value: 1280.0]
14:10:29.611 [FXGL Background Thread 3 ] DEBUG Engine               - profileDir: profiles/
14:10:29.611 [FXGL Background Thread 3 ] DEBUG Engine               - profileName: StringProperty [value: DEFAULT]
14:10:29.611 [FXGL Background Thread 3 ] DEBUG Engine               - randomSeed: -1
14:10:29.612 [FXGL Background Thread 3 ] DEBUG Engine               - runtimeInfo: RuntimeInfo(platform=WINDOWS, version=21.1, build=27.03.2024 07.52)
14:10:29.612 [FXGL Background Thread 3 ] DEBUG Engine               - saveFileExt: sav
14:10:29.612 [FXGL Background Thread 3 ] DEBUG Engine               - scaledHeightProp$fxgl: DoubleProperty [bound, value: 800.0]
14:10:29.613 [FXGL Background Thread 3 ] DEBUG Engine               - scaledWidthProp$fxgl: DoubleProperty [bound, value: 1280.0]
14:10:29.613 [FXGL Background Thread 3 ] DEBUG Engine               - sceneFactory: com.almasb.fxgl.app.scene.SceneFactory@4c7952c1
14:10:29.613 [FXGL Background Thread 3 ] DEBUG Engine               - secondsIn24h: 60
14:10:29.613 [FXGL Background Thread 3 ] DEBUG Engine               - soundMenuBack: menu/back.wav
14:10:29.613 [FXGL Background Thread 3 ] DEBUG Engine               - soundMenuPress: menu/press.wav
14:10:29.613 [FXGL Background Thread 3 ] DEBUG Engine               - soundMenuSelect: menu/select.wav
14:10:29.613 [FXGL Background Thread 3 ] DEBUG Engine               - soundNotification: core/notification.wav
14:10:29.613 [FXGL Background Thread 3 ] DEBUG Engine               - stageStyle: DECORATED
14:10:29.613 [FXGL Background Thread 3 ] DEBUG Engine               - supportedLanguages: [ENGLISH, FRENCH, GERMAN, HUNGARIAN, RUSSIAN]
14:10:29.613 [FXGL Background Thread 3 ] DEBUG Engine               - ticksPerSecond: -1
14:10:29.613 [FXGL Background Thread 3 ] DEBUG Engine               - title: Ghost Hunter
14:10:29.613 [FXGL Background Thread 3 ] DEBUG Engine               - urlGithub: https://github.com/AlmasB/FXGL
14:10:29.613 [FXGL Background Thread 3 ] DEBUG Engine               - urlLeaderboard: http://fxgl-top.herokuapp.com/
14:10:29.613 [FXGL Background Thread 3 ] DEBUG Engine               - urlPOM: https://raw.githubusercontent.com/AlmasB/FXGL/release/README.md
14:10:29.613 [FXGL Background Thread 3 ] DEBUG Engine               - userAppClass: class org.saikat.Game
14:10:29.613 [FXGL Background Thread 3 ] DEBUG Engine               - version: 1.0
14:10:29.613 [FXGL Background Thread 3 ] DEBUG Engine               - versionCheckDays: 7
14:10:29.613 [FXGL Background Thread 3 ] DEBUG Engine               - width: 1280
14:10:29.613 [FXGL Background Thread 3 ] DEBUG Engine               - Logging services
14:10:29.613 [FXGL Background Thread 3 ] DEBUG Engine               - class com.almasb.fxgl.app.services.FXGLAssetLoaderService
14:10:29.613 [FXGL Background Thread 3 ] DEBUG Engine               - class com.almasb.fxgl.app.FXGLApplication$GameApplicationService
14:10:29.613 [FXGL Background Thread 3 ] DEBUG Engine               - class com.almasb.fxgl.app.services.FXGLDialogService
14:10:29.613 [FXGL Background Thread 3 ] DEBUG Engine               - class com.almasb.fxgl.app.services.IOTaskExecutorService
14:10:29.613 [FXGL Background Thread 3 ] DEBUG Engine               - class com.almasb.fxgl.io.FileSystemService
14:10:29.613 [FXGL Background Thread 3 ] DEBUG Engine               - class com.almasb.fxgl.localization.LocalizationService
14:10:29.613 [FXGL Background Thread 3 ] DEBUG Engine               - class com.almasb.fxgl.app.services.SystemBundleService
14:10:29.613 [FXGL Background Thread 3 ] DEBUG Engine               - class com.almasb.fxgl.profile.SaveLoadService
14:10:29.614 [FXGL Background Thread 3 ] DEBUG Engine               - class com.almasb.fxgl.ui.FXGLUIFactoryServiceProvider
14:10:29.614 [FXGL Background Thread 3 ] DEBUG Engine               - class com.almasb.fxgl.ui.FXGLDialogFactoryServiceProvider
14:10:29.614 [FXGL Background Thread 3 ] DEBUG Engine               - class com.almasb.fxgl.audio.AudioPlayer
14:10:29.614 [FXGL Background Thread 3 ] DEBUG Engine               - class com.almasb.fxgl.notification.impl.NotificationServiceProvider
14:10:29.614 [FXGL Background Thread 3 ] DEBUG Engine               - class com.almasb.fxgl.achievement.AchievementService
14:10:29.614 [FXGL Background Thread 3 ] DEBUG Engine               - class com.almasb.fxgl.cutscene.CutsceneService
14:10:29.614 [FXGL Background Thread 3 ] DEBUG Engine               - class com.almasb.fxgl.minigames.MiniGameService
14:10:29.614 [FXGL Background Thread 3 ] DEBUG Engine               - class com.almasb.fxgl.net.NetService
14:10:29.614 [FXGL Background Thread 3 ] DEBUG Engine               - class com.almasb.fxgl.app.services.UpdaterService
14:10:29.614 [FXGL Background Thread 3 ] DEBUG Engine               - class com.almasb.fxgl.dev.DevService
14:10:31.676 [JavaFX Application Thread] DEBUG PrimaryStageWindow   - Push state: DialogSubScene
14:10:31.678 [JavaFX Application Thread] DEBUG Input                - Clearing active input actions
14:10:31.679 [JavaFX Application Thread] DEBUG GameApplicationServi - Removing overlay from GameScene and adding to DialogSubScene
14:10:31.683 [JavaFX Application Thread] DEBUG PrimaryStageWindow   - GameScene -> DialogSubScene
14:10:33.917 [JavaFX Application Thread] DEBUG PrimaryStageWindow   - Pop state: DialogSubScene
14:10:33.918 [JavaFX Application Thread] DEBUG Input                - Clearing active input actions
14:10:33.920 [JavaFX Application Thread] DEBUG GameApplicationServi - Removing overlay from DialogSubScene and adding to GameScene
14:10:33.922 [JavaFX Application Thread] DEBUG PrimaryStageWindow   - GameScene <- DialogSubScene
14:10:33.927 [JavaFX Application Thread] DEBUG FXGLAssetLoaderServi - Loading from file system: file:/E:/All%20About%20Dev/OOP/FXGL%20new%20Begining/final%20version/Tower%20Defender/Tower-Defender/target/classes/assets/textures/spell2.png
14:10:39.669 [JavaFX Application Thread] DEBUG PrimaryStageWindow   - Push state: DialogSubScene
14:10:39.669 [JavaFX Application Thread] DEBUG Input                - Clearing active input actions
14:10:39.670 [JavaFX Application Thread] DEBUG GameApplicationServi - Removing overlay from GameScene and adding to DialogSubScene
14:10:39.673 [JavaFX Application Thread] DEBUG PrimaryStageWindow   - GameScene -> DialogSubScene
14:10:43.337 [JavaFX Application Thread] DEBUG PrimaryStageWindow   - Pop state: DialogSubScene
14:10:43.338 [JavaFX Application Thread] DEBUG Input                - Clearing active input actions
14:10:43.338 [JavaFX Application Thread] DEBUG GameApplicationServi - Removing overlay from DialogSubScene and adding to GameScene
14:10:43.339 [JavaFX Application Thread] DEBUG PrimaryStageWindow   - GameScene <- DialogSubScene
14:10:43.344 [JavaFX Application Thread] DEBUG FXGLAssetLoaderServi - Loading from file system: file:/E:/All%20About%20Dev/OOP/FXGL%20new%20Begining/final%20version/Tower%20Defender/Tower-Defender/target/classes/assets/textures/wildfire.png
14:10:45.713 [JavaFX Application Thread] DEBUG PrimaryStageWindow   - Push state: DialogSubScene
14:10:45.713 [JavaFX Application Thread] DEBUG Input                - Clearing active input actions
14:10:45.714 [JavaFX Application Thread] DEBUG GameApplicationServi - Removing overlay from GameScene and adding to DialogSubScene
14:10:45.717 [JavaFX Application Thread] DEBUG PrimaryStageWindow   - GameScene -> DialogSubScene
14:10:47.893 [JavaFX Application Thread] DEBUG PrimaryStageWindow   - Pop state: DialogSubScene
14:10:47.893 [JavaFX Application Thread] DEBUG Input                - Clearing active input actions
14:10:47.894 [JavaFX Application Thread] DEBUG GameApplicationServi - Removing overlay from DialogSubScene and adding to GameScene
14:10:47.895 [JavaFX Application Thread] DEBUG PrimaryStageWindow   - GameScene <- DialogSubScene
14:10:47.910 [JavaFX Application Thread] DEBUG FXGLAssetLoaderServi - Loading from file system: file:/E:/All%20About%20Dev/OOP/FXGL%20new%20Begining/final%20version/Tower%20Defender/Tower-Defender/target/classes/assets/textures/red.png
14:10:50.832 [JavaFX Application Thread] DEBUG PrimaryStageWindow   - Push state: DialogSubScene
14:10:50.832 [JavaFX Application Thread] DEBUG Input                - Clearing active input actions
14:10:50.832 [JavaFX Application Thread] DEBUG GameApplicationServi - Removing overlay from GameScene and adding to DialogSubScene
14:10:50.834 [JavaFX Application Thread] DEBUG PrimaryStageWindow   - GameScene -> DialogSubScene
14:10:55.608 [JavaFX Application Thread] DEBUG PrimaryStageWindow   - Pop state: DialogSubScene
14:10:55.608 [JavaFX Application Thread] DEBUG Input                - Clearing active input actions
14:10:55.610 [JavaFX Application Thread] DEBUG GameApplicationServi - Removing overlay from DialogSubScene and adding to GameScene
14:10:55.611 [JavaFX Application Thread] DEBUG PrimaryStageWindow   - GameScene <- DialogSubScene
14:10:55.612 [JavaFX Application Thread] DEBUG PrimaryStageWindow   - Push state: DialogSubScene
14:10:55.612 [JavaFX Application Thread] DEBUG Input                - Clearing active input actions
14:10:55.613 [JavaFX Application Thread] DEBUG GameApplicationServi - Removing overlay from GameScene and adding to DialogSubScene
14:10:55.613 [JavaFX Application Thread] DEBUG PrimaryStageWindow   - GameScene -> DialogSubScene
14:10:57.096 [JavaFX Application Thread] DEBUG PrimaryStageWindow   - Pop state: DialogSubScene
14:10:57.097 [JavaFX Application Thread] DEBUG Input                - Clearing active input actions
14:10:57.097 [JavaFX Application Thread] DEBUG GameApplicationServi - Removing overlay from DialogSubScene and adding to GameScene
14:10:57.098 [JavaFX Application Thread] DEBUG PrimaryStageWindow   - GameScene <- DialogSubScene
14:10:59.150 [JavaFX Application Thread] DEBUG PrimaryStageWindow   - Push state: DialogSubScene
14:10:59.151 [JavaFX Application Thread] DEBUG Input                - Clearing active input actions
14:10:59.152 [JavaFX Application Thread] DEBUG GameApplicationServi - Removing overlay from GameScene and adding to DialogSubScene
14:10:59.153 [JavaFX Application Thread] DEBUG PrimaryStageWindow   - GameScene -> DialogSubScene
14:11:01.309 [JavaFX Application Thread] DEBUG PrimaryStageWindow   - Pop state: DialogSubScene
14:11:01.309 [JavaFX Application Thread] DEBUG Input                - Clearing active input actions
14:11:01.310 [JavaFX Application Thread] DEBUG GameApplicationServi - Removing overlay from DialogSubScene and adding to GameScene
14:11:01.311 [JavaFX Application Thread] DEBUG PrimaryStageWindow   - GameScene <- DialogSubScene
14:11:03.048 [JavaFX Application Thread] DEBUG FXGLAssetLoaderServi - Loading from file system: file:/E:/All%20About%20Dev/OOP/FXGL%20new%20Begining/final%20version/Tower%20Defender/Tower-Defender/target/classes/assets/textures/green.png
14:11:03.208 [JavaFX Application Thread] WARN  GameWorld            - Attempted to remove entity which is not active
14:11:03.432 [JavaFX Application Thread] WARN  GameWorld            - Attempted to remove entity which is not active
14:11:06.017 [JavaFX Application Thread] DEBUG PrimaryStageWindow   - Push state: DialogSubScene
14:11:06.018 [JavaFX Application Thread] DEBUG Input                - Clearing active input actions
14:11:06.018 [JavaFX Application Thread] DEBUG GameApplicationServi - Removing overlay from GameScene and adding to DialogSubScene
14:11:06.019 [JavaFX Application Thread] DEBUG PrimaryStageWindow   - GameScene -> DialogSubScene
14:11:07.582 [JavaFX Application Thread] DEBUG PrimaryStageWindow   - Pop state: DialogSubScene
14:11:07.583 [JavaFX Application Thread] DEBUG Input                - Clearing active input actions
14:11:07.583 [JavaFX Application Thread] DEBUG GameApplicationServi - Removing overlay from DialogSubScene and adding to GameScene
14:11:07.584 [JavaFX Application Thread] DEBUG PrimaryStageWindow   - GameScene <- DialogSubScene
14:11:08.567 [JavaFX Application Thread] WARN  GameWorld            - Attempted to remove entity which is not active
14:11:09.143 [JavaFX Application Thread] WARN  GameWorld            - Attempted to remove entity which is not active
14:11:10.077 [JavaFX Application Thread] WARN  GameWorld            - Attempted to remove entity which is not active
14:11:10.104 [JavaFX Application Thread] WARN  GameWorld            - Attempted to remove entity which is not active
14:11:10.600 [JavaFX Application Thread] WARN  GameWorld            - Attempted to remove entity which is not active
14:11:10.728 [JavaFX Application Thread] WARN  GameWorld            - Attempted to remove entity which is not active
14:11:12.039 [JavaFX Application Thread] WARN  GameWorld            - Attempted to remove entity which is not active
14:11:12.151 [JavaFX Application Thread] WARN  GameWorld            - Attempted to remove entity which is not active
14:11:13.367 [JavaFX Application Thread] WARN  GameWorld            - Attempted to remove entity which is not active
14:11:14.710 [JavaFX Application Thread] WARN  GameWorld            - Attempted to remove entity which is not active
14:11:16.167 [JavaFX Application Thread] WARN  GameWorld            - Attempted to remove entity which is not active
14:11:17.687 [JavaFX Application Thread] WARN  GameWorld            - Attempted to remove entity which is not active
14:11:19.206 [JavaFX Application Thread] WARN  GameWorld            - Attempted to remove entity which is not active
14:11:20.710 [JavaFX Application Thread] WARN  GameWorld            - Attempted to remove entity which is not active
14:11:25.382 [JavaFX Application Thread] WARN  GameWorld            - Attempted to remove entity which is not active
14:11:27.879 [JavaFX Application Thread] WARN  GameWorld            - Attempted to remove entity which is not active
14:11:29.622 [JavaFX Application Thread] DEBUG PrimaryStageWindow   - Push state: DialogSubScene
14:11:29.623 [JavaFX Application Thread] DEBUG Input                - Clearing active input actions
14:11:29.623 [JavaFX Application Thread] DEBUG GameApplicationServi - Removing overlay from GameScene and adding to DialogSubScene
14:11:29.624 [JavaFX Application Thread] DEBUG PrimaryStageWindow   - GameScene -> DialogSubScene
14:11:31.410 [JavaFX Application Thread] DEBUG PrimaryStageWindow   - Pop state: DialogSubScene
14:11:31.410 [JavaFX Application Thread] DEBUG Input                - Clearing active input actions
14:11:31.410 [JavaFX Application Thread] DEBUG GameApplicationServi - Removing overlay from DialogSubScene and adding to GameScene
14:11:31.411 [JavaFX Application Thread] DEBUG PrimaryStageWindow   - GameScene <- DialogSubScene
14:11:31.413 [JavaFX Application Thread] DEBUG FXGLAssetLoaderServi - Loading from file system: file:/E:/All%20About%20Dev/OOP/FXGL%20new%20Begining/final%20version/Tower%20Defender/Tower-Defender/target/classes/assets/textures/spell.png
14:11:31.433 [JavaFX Application Thread] DEBUG FXGLAssetLoaderServi - Loading from file system: file:/E:/All%20About%20Dev/OOP/FXGL%20new%20Begining/final%20version/Tower%20Defender/Tower-Defender/target/classes/assets/textures/violet.png
14:11:33.270 [JavaFX Application Thread] WARN  GameWorld            - Attempted to remove entity which is not active
14:11:36.950 [JavaFX Application Thread] DEBUG PrimaryStageWindow   - Push state: DialogSubScene
14:11:36.950 [JavaFX Application Thread] DEBUG Input                - Clearing active input actions
14:11:36.950 [JavaFX Application Thread] DEBUG GameApplicationServi - Removing overlay from GameScene and adding to DialogSubScene
14:11:36.951 [JavaFX Application Thread] DEBUG PrimaryStageWindow   - GameScene -> DialogSubScene
14:11:38.077 [JavaFX Application Thread] DEBUG PrimaryStageWindow   - Pop state: DialogSubScene
14:11:38.079 [JavaFX Application Thread] DEBUG Input                - Clearing active input actions
14:11:38.079 [JavaFX Application Thread] DEBUG GameApplicationServi - Removing overlay from DialogSubScene and adding to GameScene
14:11:38.079 [JavaFX Application Thread] DEBUG PrimaryStageWindow   - GameScene <- DialogSubScene
14:11:41.400 [JavaFX Application Thread] DEBUG PrimaryStageWindow   - Push state: DialogSubScene
14:11:41.400 [JavaFX Application Thread] DEBUG Input                - Clearing active input actions
14:11:41.401 [JavaFX Application Thread] DEBUG GameApplicationServi - Removing overlay from GameScene and adding to DialogSubScene
14:11:41.401 [JavaFX Application Thread] DEBUG PrimaryStageWindow   - GameScene -> DialogSubScene
14:11:44.808 [JavaFX Application Thread] DEBUG PrimaryStageWindow   - Pop state: DialogSubScene
14:11:44.808 [JavaFX Application Thread] DEBUG Input                - Clearing active input actions
14:11:44.809 [JavaFX Application Thread] DEBUG GameApplicationServi - Removing overlay from DialogSubScene and adding to GameScene
14:11:44.809 [JavaFX Application Thread] DEBUG PrimaryStageWindow   - GameScene <- DialogSubScene
14:11:44.809 [JavaFX Application Thread] DEBUG FXGLApplication      - Exiting FXGL
14:11:44.809 [JavaFX Application Thread] DEBUG LoopRunner           - Stopping loop
14:11:44.810 [JavaFX Application Thread] DEBUG SystemBundleService  - Saving FXGL system data
14:11:44.818 [JavaFX Application Thread] DEBUG FileSystemAccess     - Writing to: E:\All About Dev\OOP\FXGL new Begining\final version\Tower Defender\Tower-Defender\system\fxgl.bundle
14:11:44.826 [JavaFX Application Thread] DEBUG Async                - Shutting down background threads
14:11:44.826 [JavaFX Application Thread] DEBUG PrimaryStageWindow   - Closing main window
14:11:44.846 [JavaFX Application Thread] DEBUG Logger               - Closing Logger
