22:11:03.963 [main                     ] DEBUG Logger               - Configured Logger
22:11:03.984 [main                     ] DEBUG GameApplication      - Logging settings
Title: 1945
Version: 0.1
Width: 1280
Height: 800
Fullscreen: true
Intro: false
Profiling: false
Single step:false
App Mode: DEVELOPER
Menu Key: ESCAPE
Stage Style: DECORATED
Scene Factory: class com.almasb.fxgl.app.scene.SceneFactory

22:11:04.829 [JavaFX Application Thread] DEBUG FXGLApplication      - Initializing FXGL
22:11:04.834 [JavaFX Application Thread] INFO  Engine               - FXGL-21.1 (27.03.2024 07.52) on WINDOWS (J:21.0.9 FX:21.0.1)
22:11:04.834 [JavaFX Application Thread] DEBUG Engine               - JRE Vendor Name: Oracle Corporation
22:11:04.835 [JavaFX Application Thread] DEBUG Engine               - Running on OS: Windows 11 version 10.0
22:11:04.835 [JavaFX Application Thread] DEBUG Engine               - Architecture: amd64
22:11:04.835 [JavaFX Application Thread] INFO  Engine               - Source code and latest versions at: https://github.com/AlmasB/FXGL
22:11:04.835 [JavaFX Application Thread] INFO  Engine               -       Ask questions and discuss at: https://github.com/AlmasB/FXGL/discussions
22:11:04.835 [JavaFX Application Thread] INFO  Engine               -              Join the FXGL chat at: https://gitter.im/AlmasB/FXGL
22:11:05.000 [JavaFX Application Thread] DEBUG PrimaryStageWindow   - Creating a JavaFX scene
22:11:05.076 [JavaFX Application Thread] DEBUG PrimaryStageWindow   - Target settings size: 1280.0 x 800.0
22:11:05.076 [JavaFX Application Thread] DEBUG PrimaryStageWindow   - Scaled scene size:    1280.0 x 800.0
22:11:05.076 [JavaFX Application Thread] DEBUG PrimaryStageWindow   - Scaled ratio: (1.0, 1.0)
22:11:05.078 [JavaFX Application Thread] DEBUG PrimaryStageWindow   - Set initial scene to FXGLStartupScene
22:11:05.085 [JavaFX Application Thread] DEBUG PrimaryStageWindow   - Opening main window
22:11:05.238 [JavaFX Application Thread] DEBUG PrimaryStageWindow   - Window border size: (14.4000244140625, 37.5999755859375)
22:11:05.239 [JavaFX Application Thread] DEBUG PrimaryStageWindow   - Scaled size: 1280.0 x 800.0
22:11:05.239 [JavaFX Application Thread] DEBUG PrimaryStageWindow   - Scaled ratio: (1.0, 1.0)
22:11:05.239 [JavaFX Application Thread] DEBUG PrimaryStageWindow   - Scene size: 1280.0 x 800.0
22:11:05.239 [JavaFX Application Thread] DEBUG PrimaryStageWindow   - Stage size: 1294.4000244140625 x 837.5999755859375
22:11:05.259 [FXGL Background Thread 1 ] DEBUG Engine               - Initializing environment variables
22:11:05.347 [FXGL Background Thread 1 ] DEBUG FXGLAssetLoaderServi - User app class for loading assets: class org.saikat.Main
22:11:05.347 [FXGL Background Thread 1 ] DEBUG GameApplicationServi - Applying CSS: fxgl_dark.css
22:11:05.348 [FXGL Background Thread 1 ] DEBUG FXGLAssetLoaderServi - Loading from file system: jar:file:/C:/Users/HP/.m2/repository/com/github/almasb/fxgl/21.1/fxgl-21.1.jar!/fxglassets/ui/css/fxgl_dark.css
22:11:05.409 [FXGL Background Thread 1 ] DEBUG GameApplicationServi - Initializing application scenes
22:11:05.494 [FXGL Background Thread 1 ] DEBUG GameWorld            - Game world initialized
22:11:05.562 [FXGL Background Thread 1 ] DEBUG PhysicsWorld         - Physics world initialized: appHeight=800, physics.ppm=50.0
22:11:05.562 [FXGL Background Thread 1 ] DEBUG PhysicsWorld         - Using strategy: BRUTE_FORCE
22:11:05.565 [FXGL Background Thread 1 ] DEBUG GameScene            - Game scene initialized: 1280x800
22:11:05.577 [FXGL Background Thread 1 ] DEBUG FXGL.DefaultMenu     - createMenuBodyGameMenu()
22:11:05.591 [FXGL Background Thread 1 ] DEBUG FXGL.DefaultMenu     - createOptionsMenu()
22:11:05.600 [FXGL Background Thread 1 ] DEBUG FXGLAssetLoaderServi - Loading from file system: jar:file:/C:/Users/HP/.m2/repository/com/github/almasb/fxgl/21.1/fxgl-21.1.jar!/fxglassets/textures/particles/smoke.png
22:11:05.711 [FXGL Background Thread 1 ] DEBUG FXGLAssetLoaderServi - Loading from file system: jar:file:/C:/Users/HP/.m2/repository/com/github/almasb/fxgl/21.1/fxgl-21.1.jar!/fxglassets/textures/particles/trace_horizontal.png
22:11:05.738 [FXGL Background Thread 1 ] DEBUG GameApplicationServi - Application scenes initialized
22:11:05.752 [FXGL Background Thread 1 ] DEBUG SystemBundleService  - Loading FXGL system data
22:11:05.768 [FXGL Background Thread 1 ] DEBUG FileSystemAccess     - Reading from: E:\All About Dev\OOP\FXGL new Begining\final version\Tower Defender\Tower-Defender\system\fxgl.bundle
22:11:05.780 [FXGL Background Thread 1 ] DEBUG SystemBundleService  - Bundle FXGL: {}
22:11:05.780 [FXGL Background Thread 1 ] DEBUG UpdaterService       - Checking for updates
22:11:05.785 [FXGL Background Thread 4 ] DEBUG FXGLApplication      - Loading fonts
22:11:05.786 [FXGL Background Thread 4 ] DEBUG FXGLAssetLoaderServi - Loading from file system: jar:file:/C:/Users/HP/.m2/repository/com/github/almasb/fxgl/21.1/fxgl-21.1.jar!/fxglassets/ui/fonts/VarelaRound-Regular.ttf
22:11:05.786 [FXGL Background Thread 1 ] DEBUG FXGLApplication      - Loading default localization
22:11:05.786 [FXGL Background Thread 1 ] DEBUG FXGLAssetLoaderServi - Loading from file system: jar:file:/C:/Users/HP/.m2/repository/com/github/almasb/fxgl/21.1/fxgl-21.1.jar!/fxglassets/languages/english.lang
22:11:05.825 [FXGL Background Thread 1 ] INFO  FXGLApplication      - FXGL initialization took: 0.565 sec
22:11:05.833 [JavaFX Application Thread] DEBUG Input                - Registered new binding: add tower - LMB
22:11:05.833 [JavaFX Application Thread] DEBUG FXGLAssetLoaderServi - Loading from file system: jar:file:/C:/Users/HP/.m2/repository/com/github/almasb/fxgl/21.1/fxgl-21.1.jar!/fxglassets/textures/fxgl_icon.png
22:11:05.856 [JavaFX Application Thread] DEBUG FXGLAssetLoaderServi - Loading from file system: jar:file:/C:/Users/HP/.m2/repository/com/github/almasb/fxgl/21.1/fxgl-21.1.jar!/fxglassets/textures/fxgl_default_cursor.png
22:11:05.868 [JavaFX Application Thread] DEBUG Input                - Registered new binding: Screenshot - CTRL+8
22:11:05.869 [JavaFX Application Thread] DEBUG Input                - Registered new binding: System info dump - CTRL+9
22:11:05.869 [JavaFX Application Thread] DEBUG Input                - Registered new binding: Restart - CTRL+R
22:11:05.871 [JavaFX Application Thread] DEBUG Input                - Registered new binding: Toggle Debug Camera - CTRL+7
22:11:05.875 [JavaFX Application Thread] DEBUG LoopRunner           - Starting loop
22:11:05.875 [JavaFX Application Thread] DEBUG LoopRunner           - Initializing JavaFX AnimationTimerLoop
22:11:05.877 [JavaFX Application Thread] DEBUG GameApplicationServi - Starting new game
22:11:05.878 [JavaFX Application Thread] DEBUG Input                - Clearing active input actions
22:11:05.894 [JavaFX Application Thread] DEBUG GameApplicationServi - Removing overlay from FXGLStartupScene and adding to FXGLLoadingScene
22:11:05.895 [JavaFX Application Thread] DEBUG PrimaryStageWindow   - FXGLStartupScene -> FXGLLoadingScene
22:11:05.895 [JavaFX Application Thread] DEBUG GameApplicationServi - Clearing previous game
22:11:05.895 [JavaFX Application Thread] DEBUG GameScene            - Clearing game scene
22:11:05.895 [JavaFX Application Thread] DEBUG GameWorld            - Clearing game world
22:11:05.895 [JavaFX Application Thread] DEBUG PhysicsWorld         - Clearing physics world
22:11:05.897 [FXGL Background Thread 1 ] DEBUG FXGLApplication      - Initializing game
22:11:06.006 [FXGL Background Thread 1 ] WARN  TMXLevelLoader       - TiledMap generated from 1.12.2. Supported version: 1.9.0. Some features may not be parsed fully.
22:11:06.026 [FXGL Background Thread 4 ] DEBUG FXGLAssetLoaderServi - Loading from file system: jar:file:/C:/Users/HP/.m2/repository/com/github/almasb/fxgl/21.1/fxgl-21.1.jar!/fxglassets/ui/fonts/Abel-Regular.ttf
22:11:06.035 [FXGL Background Thread 4 ] DEBUG FXGLAssetLoaderServi - Loading from file system: jar:file:/C:/Users/HP/.m2/repository/com/github/almasb/fxgl/21.1/fxgl-21.1.jar!/fxglassets/ui/fonts/TerminalLandMono-Regular.otf
22:11:06.037 [FXGL Background Thread 1 ] DEBUG TMXLevelLoader       - Parsed TiledMap: file:/E:/All%20About%20Dev/OOP/FXGL%20new%20Begining/final%20version/Tower%20Defender/Tower-Defender/target/classes/assets/levels/wall.tmx
22:11:06.040 [FXGL Background Thread 1 ] DEBUG TMXLevelLoader       - Creating tile layer entities
22:11:06.044 [FXGL Background Thread 1 ] DEBUG TilesetLoader        - Loading view for layer background
22:11:06.044 [FXGL Background Thread 4 ] DEBUG FXGLAssetLoaderServi - Loading from file system: jar:file:/C:/Users/HP/.m2/repository/com/github/almasb/fxgl/21.1/fxgl-21.1.jar!/fxglassets/ui/fonts/Courier-Prime.ttf
22:11:06.046 [FXGL Background Thread 1 ] DEBUG TilesetLoader        - Created buffer with size 1280.0x800.0
22:11:06.073 [FXGL Background Thread 1 ] DEBUG TilesetLoader        - Loading view for layer tower spot layer
22:11:06.076 [FXGL Background Thread 1 ] DEBUG TilesetLoader        - Created buffer with size 1280.0x800.0
22:11:06.088 [JavaFX Application Thread] DEBUG FXGLApplication      - Registering font factories with UI factory
22:11:06.090 [FXGL Background Thread 1 ] DEBUG TilesetLoader        - Loading view for layer icons
22:11:06.093 [FXGL Background Thread 1 ] DEBUG TilesetLoader        - Created buffer with size 1280.0x800.0
22:11:06.110 [FXGL Background Thread 1 ] DEBUG TilesetLoader        - Loading view for layer Road
22:11:06.113 [FXGL Background Thread 1 ] DEBUG TilesetLoader        - Created buffer with size 1280.0x800.0
22:11:06.116 [FXGL Background Thread 1 ] DEBUG TilesetLoader        - Loading view for layer Grass
22:11:06.118 [FXGL Background Thread 1 ] DEBUG TilesetLoader        - Created buffer with size 1280.0x800.0
22:11:06.146 [FXGL Background Thread 1 ] DEBUG TMXLevelLoader       - Creating object layer entities
22:11:06.179 [FXGL Background Thread 1 ] DEBUG GameWorld            - Clearing removable entities
22:11:06.180 [FXGL Background Thread 1 ] DEBUG GameWorld            - Setting level: com.almasb.fxgl.entity.level.Level@4bf9d90f
22:11:06.190 [FXGL Background Thread 1 ] INFO  FXGLApplication      - Game initialization took: 0.294 sec
22:11:06.191 [JavaFX Application Thread] DEBUG Input                - Clearing active input actions
22:11:06.198 [JavaFX Application Thread] DEBUG GameApplicationServi - Removing overlay from FXGLLoadingScene and adding to GameScene
22:11:06.198 [JavaFX Application Thread] DEBUG PrimaryStageWindow   - FXGLLoadingScene -> GameScene
22:11:07.144 [JavaFX Application Thread] DEBUG FXGLAssetLoaderServi - Loading from file system: file:/E:/All%20About%20Dev/OOP/FXGL%20new%20Begining/final%20version/Tower%20Defender/Tower-Defender/target/classes/assets/textures/bird.png
22:11:07.568 [JavaFX Application Thread] DEBUG FXGLAssetLoaderServi - Loading from file system: file:/E:/All%20About%20Dev/OOP/FXGL%20new%20Begining/final%20version/Tower%20Defender/Tower-Defender/target/classes/assets/textures/FieldsTileset.png
22:11:07.605 [FXGL Background Thread 2 ] INFO  UpdaterService       - Your current version:  21.1
22:11:07.605 [FXGL Background Thread 2 ] INFO  UpdaterService       - Latest stable version: 25
22:11:08.784 [FXGL Background Thread 3 ] DEBUG Engine               - Logging environment variables
22:11:08.786 [FXGL Background Thread 3 ] DEBUG Engine               - achievements: []
22:11:08.786 [FXGL Background Thread 3 ] DEBUG Engine               - actualHeight: 800.0
22:11:08.787 [FXGL Background Thread 3 ] DEBUG Engine               - actualHeightProperty: ReadOnlyDoubleProperty [value: 800.0]
22:11:08.787 [FXGL Background Thread 3 ] DEBUG Engine               - actualWidth: 1280.0
22:11:08.787 [FXGL Background Thread 3 ] DEBUG Engine               - actualWidthProperty: ReadOnlyDoubleProperty [value: 1280.0]
22:11:08.787 [FXGL Background Thread 3 ] DEBUG Engine               - appIcon: fxgl_icon.png
22:11:08.787 [FXGL Background Thread 3 ] DEBUG Engine               - applicationMode: DEVELOPER
22:11:08.787 [FXGL Background Thread 3 ] DEBUG Engine               - cSSList: [fxgl_dark.css]
22:11:08.787 [FXGL Background Thread 3 ] DEBUG Engine               - collisionDetectionStrategy: BRUTE_FORCE
22:11:08.787 [FXGL Background Thread 3 ] DEBUG Engine               - configClass: Optional.empty
22:11:08.788 [FXGL Background Thread 3 ] DEBUG Engine               - credits: []
22:11:08.788 [FXGL Background Thread 3 ] DEBUG Engine               - defaultCursor: CursorInfo(imageName=fxgl_default_cursor.png, hotspotX=7.0, hotspotY=6.0)
22:11:08.789 [FXGL Background Thread 3 ] DEBUG Engine               - devBBoxColorProperty: ObjectProperty [value: 0xff0000ff]
22:11:08.789 [FXGL Background Thread 3 ] DEBUG Engine               - devEnableDebugCameraProperty: BooleanProperty [value: false]
22:11:08.789 [FXGL Background Thread 3 ] DEBUG Engine               - devSensorColorProperty: ObjectProperty [value: 0xffff00ff]
22:11:08.789 [FXGL Background Thread 3 ] DEBUG Engine               - devShowBBoxProperty: BooleanProperty [value: false]
22:11:08.789 [FXGL Background Thread 3 ] DEBUG Engine               - devShowPositionProperty: BooleanProperty [value: false]
22:11:08.789 [FXGL Background Thread 3 ] DEBUG Engine               - enabledMenuItems: []
22:11:08.789 [FXGL Background Thread 3 ] DEBUG Engine               - engineServices: [class com.almasb.fxgl.app.services.FXGLAssetLoaderService, class com.almasb.fxgl.app.FXGLApplication$GameApplicationService, class com.almasb.fxgl.app.services.FXGLDialogService, class com.almasb.fxgl.app.services.IOTaskExecutorService, class com.almasb.fxgl.io.FileSystemService, class com.almasb.fxgl.localization.LocalizationService, class com.almasb.fxgl.app.services.SystemBundleService, class com.almasb.fxgl.profile.SaveLoadService, class com.almasb.fxgl.ui.FXGLUIFactoryServiceProvider, class com.almasb.fxgl.ui.FXGLDialogFactoryServiceProvider, class com.almasb.fxgl.audio.AudioPlayer, class com.almasb.fxgl.notification.impl.NotificationServiceProvider, class com.almasb.fxgl.achievement.AchievementService, class com.almasb.fxgl.cutscene.CutsceneService, class com.almasb.fxgl.minigames.MiniGameService, class com.almasb.fxgl.net.NetService, class com.almasb.fxgl.app.services.UpdaterService, class com.almasb.fxgl.dev.DevService]
22:11:08.789 [FXGL Background Thread 3 ] DEBUG Engine               - fontGame: Abel-Regular.ttf
22:11:08.789 [FXGL Background Thread 3 ] DEBUG Engine               - fontMono: TerminalLandMono-Regular.otf
22:11:08.789 [FXGL Background Thread 3 ] DEBUG Engine               - fontSizeScaleUI: 1.0
22:11:08.789 [FXGL Background Thread 3 ] DEBUG Engine               - fontText: Courier-Prime.ttf
22:11:08.790 [FXGL Background Thread 3 ] DEBUG Engine               - fontUI: VarelaRound-Regular.ttf
22:11:08.790 [FXGL Background Thread 3 ] DEBUG Engine               - fullScreen: BooleanProperty [value: false]
22:11:08.790 [FXGL Background Thread 3 ] DEBUG Engine               - gameDifficulty: MEDIUM
22:11:08.790 [FXGL Background Thread 3 ] DEBUG Engine               - gameDifficultyProperty: ObjectProperty [value: MEDIUM]
22:11:08.790 [FXGL Background Thread 3 ] DEBUG Engine               - globalMusicVolume: 0.5
22:11:08.790 [FXGL Background Thread 3 ] DEBUG Engine               - globalMusicVolumeProperty: DoubleProperty [value: 0.5]
22:11:08.790 [FXGL Background Thread 3 ] DEBUG Engine               - globalSoundVolume: 0.5
22:11:08.790 [FXGL Background Thread 3 ] DEBUG Engine               - globalSoundVolumeProperty: DoubleProperty [value: 0.5]
22:11:08.790 [FXGL Background Thread 3 ] DEBUG Engine               - height: 800
22:11:08.790 [FXGL Background Thread 3 ] DEBUG Engine               - is3D: false
22:11:08.790 [FXGL Background Thread 3 ] DEBUG Engine               - isAndroid: false
22:11:08.791 [FXGL Background Thread 3 ] DEBUG Engine               - isBrowser: false
22:11:08.791 [FXGL Background Thread 3 ] DEBUG Engine               - isClickFeedbackEnabled: false
22:11:08.791 [FXGL Background Thread 3 ] DEBUG Engine               - isCloseConfirmation: false
22:11:08.791 [FXGL Background Thread 3 ] DEBUG Engine               - isDesktop: true
22:11:08.791 [FXGL Background Thread 3 ] DEBUG Engine               - isDeveloperMenuEnabled: false
22:11:08.791 [FXGL Background Thread 3 ] DEBUG Engine               - isEmbedded: false
22:11:08.791 [FXGL Background Thread 3 ] DEBUG Engine               - isEntityPreloadEnabled: true
22:11:08.791 [FXGL Background Thread 3 ] DEBUG Engine               - isExperimentalTiledLargeMap: false
22:11:08.791 [FXGL Background Thread 3 ] DEBUG Engine               - isFileSystemWriteAllowed: true
22:11:08.791 [FXGL Background Thread 3 ] DEBUG Engine               - isFullScreenAllowed: true
22:11:08.792 [FXGL Background Thread 3 ] DEBUG Engine               - isFullScreenFromStart: false
22:11:08.792 [FXGL Background Thread 3 ] DEBUG Engine               - isGameMenuEnabled: true
22:11:08.792 [FXGL Background Thread 3 ] DEBUG Engine               - isIOS: false
22:11:08.792 [FXGL Background Thread 3 ] DEBUG Engine               - isIntroEnabled: false
22:11:08.792 [FXGL Background Thread 3 ] DEBUG Engine               - isLinux: false
22:11:08.792 [FXGL Background Thread 3 ] DEBUG Engine               - isMac: false
22:11:08.792 [FXGL Background Thread 3 ] DEBUG Engine               - isMainMenuEnabled: false
22:11:08.792 [FXGL Background Thread 3 ] DEBUG Engine               - isManualResizeEnabled: true
22:11:08.792 [FXGL Background Thread 3 ] DEBUG Engine               - isMobile: false
22:11:08.792 [FXGL Background Thread 3 ] DEBUG Engine               - isNative: false
22:11:08.792 [FXGL Background Thread 3 ] DEBUG Engine               - isPauseMusicWhenMinimized: true
22:11:08.792 [FXGL Background Thread 3 ] DEBUG Engine               - isPreserveResizeRatio: false
22:11:08.793 [FXGL Background Thread 3 ] DEBUG Engine               - isProfilingEnabled: false
22:11:08.793 [FXGL Background Thread 3 ] DEBUG Engine               - isScaleAffectedOnResize: true
22:11:08.793 [FXGL Background Thread 3 ] DEBUG Engine               - isSingleStep: false
22:11:08.793 [FXGL Background Thread 3 ] DEBUG Engine               - isUserProfileEnabled: false
22:11:08.793 [FXGL Background Thread 3 ] DEBUG Engine               - isWindows: true
22:11:08.793 [FXGL Background Thread 3 ] DEBUG Engine               - language: ObjectProperty [value: ENGLISH]
22:11:08.793 [FXGL Background Thread 3 ] DEBUG Engine               - menuKey: ESCAPE
22:11:08.793 [FXGL Background Thread 3 ] DEBUG Engine               - mouseSensitivity: 0.2
22:11:08.793 [FXGL Background Thread 3 ] DEBUG Engine               - notificationViewClass: class com.almasb.fxgl.notification.view.XboxNotificationView
22:11:08.793 [FXGL Background Thread 3 ] DEBUG Engine               - pixelsPerMeter: 50.0
22:11:08.794 [FXGL Background Thread 3 ] DEBUG Engine               - platform: WINDOWS
22:11:08.794 [FXGL Background Thread 3 ] DEBUG Engine               - prefHeightProperty: ReadOnlyDoubleProperty [value: 800.0]
22:11:08.794 [FXGL Background Thread 3 ] DEBUG Engine               - prefWidthProperty: ReadOnlyDoubleProperty [value: 1280.0]
22:11:08.794 [FXGL Background Thread 3 ] DEBUG Engine               - profileDir: profiles/
22:11:08.794 [FXGL Background Thread 3 ] DEBUG Engine               - profileName: StringProperty [value: DEFAULT]
22:11:08.794 [FXGL Background Thread 3 ] DEBUG Engine               - randomSeed: -1
22:11:08.795 [FXGL Background Thread 3 ] DEBUG Engine               - runtimeInfo: RuntimeInfo(platform=WINDOWS, version=21.1, build=27.03.2024 07.52)
22:11:08.795 [FXGL Background Thread 3 ] DEBUG Engine               - saveFileExt: sav
22:11:08.795 [FXGL Background Thread 3 ] DEBUG Engine               - scaledHeightProp$fxgl: DoubleProperty [bound, value: 800.0]
22:11:08.795 [FXGL Background Thread 3 ] DEBUG Engine               - scaledWidthProp$fxgl: DoubleProperty [bound, value: 1280.0]
22:11:08.795 [FXGL Background Thread 3 ] DEBUG Engine               - sceneFactory: com.almasb.fxgl.app.scene.SceneFactory@2e6c7147
22:11:08.795 [FXGL Background Thread 3 ] DEBUG Engine               - secondsIn24h: 60
22:11:08.795 [FXGL Background Thread 3 ] DEBUG Engine               - soundMenuBack: menu/back.wav
22:11:08.795 [FXGL Background Thread 3 ] DEBUG Engine               - soundMenuPress: menu/press.wav
22:11:08.796 [FXGL Background Thread 3 ] DEBUG Engine               - soundMenuSelect: menu/select.wav
22:11:08.796 [FXGL Background Thread 3 ] DEBUG Engine               - soundNotification: core/notification.wav
22:11:08.796 [FXGL Background Thread 3 ] DEBUG Engine               - stageStyle: DECORATED
22:11:08.796 [FXGL Background Thread 3 ] DEBUG Engine               - supportedLanguages: [ENGLISH, FRENCH, GERMAN, HUNGARIAN, RUSSIAN]
22:11:08.796 [FXGL Background Thread 3 ] DEBUG Engine               - ticksPerSecond: -1
22:11:08.796 [FXGL Background Thread 3 ] DEBUG Engine               - title: 1945
22:11:08.796 [FXGL Background Thread 3 ] DEBUG Engine               - urlGithub: https://github.com/AlmasB/FXGL
22:11:08.796 [FXGL Background Thread 3 ] DEBUG Engine               - urlLeaderboard: http://fxgl-top.herokuapp.com/
22:11:08.796 [FXGL Background Thread 3 ] DEBUG Engine               - urlPOM: https://raw.githubusercontent.com/AlmasB/FXGL/release/README.md
22:11:08.796 [FXGL Background Thread 3 ] DEBUG Engine               - userAppClass: class org.saikat.Main
22:11:08.796 [FXGL Background Thread 3 ] DEBUG Engine               - version: 0.1
22:11:08.796 [FXGL Background Thread 3 ] DEBUG Engine               - versionCheckDays: 7
22:11:08.796 [FXGL Background Thread 3 ] DEBUG Engine               - width: 1280
22:11:08.796 [FXGL Background Thread 3 ] DEBUG Engine               - Logging services
22:11:08.797 [FXGL Background Thread 3 ] DEBUG Engine               - class com.almasb.fxgl.app.services.FXGLAssetLoaderService
22:11:08.797 [FXGL Background Thread 3 ] DEBUG Engine               - class com.almasb.fxgl.app.FXGLApplication$GameApplicationService
22:11:08.797 [FXGL Background Thread 3 ] DEBUG Engine               - class com.almasb.fxgl.app.services.FXGLDialogService
22:11:08.797 [FXGL Background Thread 3 ] DEBUG Engine               - class com.almasb.fxgl.app.services.IOTaskExecutorService
22:11:08.797 [FXGL Background Thread 3 ] DEBUG Engine               - class com.almasb.fxgl.io.FileSystemService
22:11:08.797 [FXGL Background Thread 3 ] DEBUG Engine               - class com.almasb.fxgl.localization.LocalizationService
22:11:08.797 [FXGL Background Thread 3 ] DEBUG Engine               - class com.almasb.fxgl.app.services.SystemBundleService
22:11:08.797 [FXGL Background Thread 3 ] DEBUG Engine               - class com.almasb.fxgl.profile.SaveLoadService
22:11:08.797 [FXGL Background Thread 3 ] DEBUG Engine               - class com.almasb.fxgl.ui.FXGLUIFactoryServiceProvider
22:11:08.797 [FXGL Background Thread 3 ] DEBUG Engine               - class com.almasb.fxgl.ui.FXGLDialogFactoryServiceProvider
22:11:08.797 [FXGL Background Thread 3 ] DEBUG Engine               - class com.almasb.fxgl.audio.AudioPlayer
22:11:08.797 [FXGL Background Thread 3 ] DEBUG Engine               - class com.almasb.fxgl.notification.impl.NotificationServiceProvider
22:11:08.797 [FXGL Background Thread 3 ] DEBUG Engine               - class com.almasb.fxgl.achievement.AchievementService
22:11:08.797 [FXGL Background Thread 3 ] DEBUG Engine               - class com.almasb.fxgl.cutscene.CutsceneService
22:11:08.797 [FXGL Background Thread 3 ] DEBUG Engine               - class com.almasb.fxgl.minigames.MiniGameService
22:11:08.798 [FXGL Background Thread 3 ] DEBUG Engine               - class com.almasb.fxgl.net.NetService
22:11:08.798 [FXGL Background Thread 3 ] DEBUG Engine               - class com.almasb.fxgl.app.services.UpdaterService
22:11:08.798 [FXGL Background Thread 3 ] DEBUG Engine               - class com.almasb.fxgl.dev.DevService
22:12:16.714 [JavaFX Application Thread] DEBUG FXGLApplication      - Exiting FXGL
22:12:16.714 [JavaFX Application Thread] DEBUG LoopRunner           - Stopping loop
22:12:16.715 [JavaFX Application Thread] DEBUG SystemBundleService  - Saving FXGL system data
22:12:16.720 [JavaFX Application Thread] DEBUG FileSystemAccess     - Writing to: E:\All About Dev\OOP\FXGL new Begining\final version\Tower Defender\Tower-Defender\system\fxgl.bundle
22:12:16.724 [JavaFX Application Thread] DEBUG Async                - Shutting down background threads
22:12:16.724 [JavaFX Application Thread] DEBUG PrimaryStageWindow   - Closing main window
22:12:16.775 [JavaFX Application Thread] DEBUG Logger               - Closing Logger
