20:46:42.051 [main                     ] DEBUG Logger               - Configured Logger
20:46:42.074 [main                     ] DEBUG GameApplication      - Logging settings
Title: Ghost Hunter
Version: 1.0
Width: 1280
Height: 800
Fullscreen: true
Intro: false
Profiling: false
Single step:false
App Mode: DEVELOPER
Menu Key: ESCAPE
Stage Style: DECORATED
Scene Factory: class com.almasb.fxgl.app.scene.SceneFactory

20:46:42.959 [JavaFX Application Thread] DEBUG FXGLApplication      - Initializing FXGL
20:46:42.963 [JavaFX Application Thread] INFO  Engine               - FXGL-21.1 (27.03.2024 07.52) on WINDOWS (J:21.0.9 FX:21.0.1)
20:46:42.963 [JavaFX Application Thread] DEBUG Engine               - JRE Vendor Name: Oracle Corporation
20:46:42.963 [JavaFX Application Thread] DEBUG Engine               - Running on OS: Windows 11 version 10.0
20:46:42.963 [JavaFX Application Thread] DEBUG Engine               - Architecture: amd64
20:46:42.963 [JavaFX Application Thread] INFO  Engine               - Source code and latest versions at: https://github.com/AlmasB/FXGL
20:46:42.963 [JavaFX Application Thread] INFO  Engine               -       Ask questions and discuss at: https://github.com/AlmasB/FXGL/discussions
20:46:42.963 [JavaFX Application Thread] INFO  Engine               -              Join the FXGL chat at: https://gitter.im/AlmasB/FXGL
20:46:43.104 [JavaFX Application Thread] DEBUG PrimaryStageWindow   - Creating a JavaFX scene
20:46:43.165 [JavaFX Application Thread] DEBUG PrimaryStageWindow   - Target settings size: 1280.0 x 800.0
20:46:43.166 [JavaFX Application Thread] DEBUG PrimaryStageWindow   - Scaled scene size:    1280.0 x 800.0
20:46:43.166 [JavaFX Application Thread] DEBUG PrimaryStageWindow   - Scaled ratio: (1.0, 1.0)
20:46:43.168 [JavaFX Application Thread] DEBUG PrimaryStageWindow   - Set initial scene to FXGLStartupScene
20:46:43.172 [JavaFX Application Thread] DEBUG PrimaryStageWindow   - Opening main window
20:46:43.340 [JavaFX Application Thread] DEBUG PrimaryStageWindow   - Window border size: (14.4000244140625, 37.5999755859375)
20:46:43.341 [JavaFX Application Thread] DEBUG PrimaryStageWindow   - Scaled size: 1280.0 x 800.0
20:46:43.341 [JavaFX Application Thread] DEBUG PrimaryStageWindow   - Scaled ratio: (1.0, 1.0)
20:46:43.341 [JavaFX Application Thread] DEBUG PrimaryStageWindow   - Scene size: 1280.0 x 800.0
20:46:43.342 [JavaFX Application Thread] DEBUG PrimaryStageWindow   - Stage size: 1294.4000244140625 x 837.5999755859375
20:46:43.354 [FXGL Background Thread 1 ] DEBUG Engine               - Initializing environment variables
20:46:43.448 [FXGL Background Thread 1 ] DEBUG FXGLAssetLoaderServi - User app class for loading assets: class org.saikat.Main
20:46:43.448 [FXGL Background Thread 1 ] DEBUG GameApplicationServi - Applying CSS: fxgl_dark.css
20:46:43.450 [FXGL Background Thread 1 ] DEBUG FXGLAssetLoaderServi - Loading from file system: jar:file:/C:/Users/HP/.m2/repository/com/github/almasb/fxgl/21.1/fxgl-21.1.jar!/fxglassets/ui/css/fxgl_dark.css
20:46:43.514 [FXGL Background Thread 1 ] DEBUG GameApplicationServi - Initializing application scenes
20:46:43.597 [FXGL Background Thread 1 ] DEBUG GameWorld            - Game world initialized
20:46:43.688 [FXGL Background Thread 1 ] DEBUG PhysicsWorld         - Physics world initialized: appHeight=800, physics.ppm=50.0
20:46:43.688 [FXGL Background Thread 1 ] DEBUG PhysicsWorld         - Using strategy: BRUTE_FORCE
20:46:43.692 [FXGL Background Thread 1 ] DEBUG GameScene            - Game scene initialized: 1280x800
20:46:43.704 [FXGL Background Thread 1 ] DEBUG FXGL.DefaultMenu     - createMenuBodyGameMenu()
20:46:43.718 [FXGL Background Thread 1 ] DEBUG FXGL.DefaultMenu     - createOptionsMenu()
20:46:43.729 [FXGL Background Thread 1 ] DEBUG FXGLAssetLoaderServi - Loading from file system: jar:file:/C:/Users/HP/.m2/repository/com/github/almasb/fxgl/21.1/fxgl-21.1.jar!/fxglassets/textures/particles/smoke.png
20:46:43.847 [FXGL Background Thread 1 ] DEBUG FXGLAssetLoaderServi - Loading from file system: jar:file:/C:/Users/HP/.m2/repository/com/github/almasb/fxgl/21.1/fxgl-21.1.jar!/fxglassets/textures/particles/trace_horizontal.png
20:46:43.869 [FXGL Background Thread 1 ] DEBUG GameApplicationServi - Application scenes initialized
20:46:43.888 [FXGL Background Thread 1 ] DEBUG SystemBundleService  - Loading FXGL system data
20:46:43.897 [FXGL Background Thread 1 ] DEBUG FileSystemAccess     - Reading from: E:\All About Dev\OOP\FXGL new Begining\final version\Tower Defender\Tower-Defender\system\fxgl.bundle
20:46:43.910 [FXGL Background Thread 1 ] DEBUG SystemBundleService  - Bundle FXGL: {}
20:46:43.910 [FXGL Background Thread 1 ] DEBUG UpdaterService       - Checking for updates
20:46:43.914 [FXGL Background Thread 4 ] DEBUG FXGLApplication      - Loading fonts
20:46:43.914 [FXGL Background Thread 1 ] DEBUG FXGLApplication      - Loading default localization
20:46:43.915 [FXGL Background Thread 4 ] DEBUG FXGLAssetLoaderServi - Loading from file system: jar:file:/C:/Users/HP/.m2/repository/com/github/almasb/fxgl/21.1/fxgl-21.1.jar!/fxglassets/ui/fonts/VarelaRound-Regular.ttf
20:46:43.915 [FXGL Background Thread 1 ] DEBUG FXGLAssetLoaderServi - Loading from file system: jar:file:/C:/Users/HP/.m2/repository/com/github/almasb/fxgl/21.1/fxgl-21.1.jar!/fxglassets/languages/english.lang
20:46:43.946 [FXGL Background Thread 1 ] INFO  FXGLApplication      - FXGL initialization took: 0.592 sec
20:46:43.954 [JavaFX Application Thread] DEBUG Input                - Registered new binding: add tower - LMB
20:46:43.954 [JavaFX Application Thread] DEBUG Input                - Registered new binding: remove tower - RMB
20:46:43.955 [JavaFX Application Thread] DEBUG FXGLAssetLoaderServi - Loading from file system: jar:file:/C:/Users/HP/.m2/repository/com/github/almasb/fxgl/21.1/fxgl-21.1.jar!/fxglassets/textures/fxgl_icon.png
20:46:43.978 [JavaFX Application Thread] DEBUG FXGLAssetLoaderServi - Loading from file system: jar:file:/C:/Users/HP/.m2/repository/com/github/almasb/fxgl/21.1/fxgl-21.1.jar!/fxglassets/textures/fxgl_default_cursor.png
20:46:43.990 [JavaFX Application Thread] DEBUG Input                - Registered new binding: Screenshot - CTRL+8
20:46:43.991 [JavaFX Application Thread] DEBUG Input                - Registered new binding: System info dump - CTRL+9
20:46:43.992 [JavaFX Application Thread] DEBUG Input                - Registered new binding: Restart - CTRL+R
20:46:43.992 [JavaFX Application Thread] DEBUG Input                - Registered new binding: Toggle Debug Camera - CTRL+7
20:46:43.995 [JavaFX Application Thread] DEBUG LoopRunner           - Starting loop
20:46:43.995 [JavaFX Application Thread] DEBUG LoopRunner           - Initializing JavaFX AnimationTimerLoop
20:46:43.998 [JavaFX Application Thread] DEBUG GameApplicationServi - Starting new game
20:46:43.999 [JavaFX Application Thread] DEBUG Input                - Clearing active input actions
20:46:44.017 [JavaFX Application Thread] DEBUG GameApplicationServi - Removing overlay from FXGLStartupScene and adding to FXGLLoadingScene
20:46:44.017 [JavaFX Application Thread] DEBUG PrimaryStageWindow   - FXGLStartupScene -> FXGLLoadingScene
20:46:44.017 [JavaFX Application Thread] DEBUG GameApplicationServi - Clearing previous game
20:46:44.017 [JavaFX Application Thread] DEBUG GameScene            - Clearing game scene
20:46:44.017 [JavaFX Application Thread] DEBUG GameWorld            - Clearing game world
20:46:44.018 [JavaFX Application Thread] DEBUG PhysicsWorld         - Clearing physics world
20:46:44.019 [FXGL Background Thread 1 ] DEBUG FXGLApplication      - Initializing game
20:46:44.073 [FXGL Background Thread 4 ] DEBUG FXGLAssetLoaderServi - Loading from file system: jar:file:/C:/Users/HP/.m2/repository/com/github/almasb/fxgl/21.1/fxgl-21.1.jar!/fxglassets/ui/fonts/Abel-Regular.ttf
20:46:44.079 [FXGL Background Thread 4 ] DEBUG FXGLAssetLoaderServi - Loading from file system: jar:file:/C:/Users/HP/.m2/repository/com/github/almasb/fxgl/21.1/fxgl-21.1.jar!/fxglassets/ui/fonts/TerminalLandMono-Regular.otf
20:46:44.085 [FXGL Background Thread 4 ] DEBUG FXGLAssetLoaderServi - Loading from file system: jar:file:/C:/Users/HP/.m2/repository/com/github/almasb/fxgl/21.1/fxgl-21.1.jar!/fxglassets/ui/fonts/Courier-Prime.ttf
20:46:44.120 [FXGL Background Thread 1 ] WARN  TMXLevelLoader       - TiledMap generated from 1.12.2. Supported version: 1.9.0. Some features may not be parsed fully.
20:46:44.149 [FXGL Background Thread 1 ] DEBUG TMXLevelLoader       - Parsed TiledMap: file:/E:/All%20About%20Dev/OOP/FXGL%20new%20Begining/final%20version/Tower%20Defender/Tower-Defender/target/classes/assets/levels/wall.tmx
20:46:44.151 [FXGL Background Thread 1 ] DEBUG TMXLevelLoader       - Creating tile layer entities
20:46:44.154 [FXGL Background Thread 1 ] DEBUG TilesetLoader        - Loading view for layer background
20:46:44.156 [FXGL Background Thread 1 ] DEBUG TilesetLoader        - Created buffer with size 1280.0x800.0
20:46:44.187 [FXGL Background Thread 1 ] DEBUG TilesetLoader        - Loading view for layer tower spot layer
20:46:44.189 [FXGL Background Thread 1 ] DEBUG TilesetLoader        - Created buffer with size 1280.0x800.0
20:46:44.196 [FXGL Background Thread 1 ] DEBUG TilesetLoader        - Loading view for layer Road
20:46:44.198 [FXGL Background Thread 1 ] DEBUG TilesetLoader        - Created buffer with size 1280.0x800.0
20:46:44.203 [FXGL Background Thread 1 ] DEBUG TilesetLoader        - Loading view for layer road2
20:46:44.204 [FXGL Background Thread 1 ] DEBUG TilesetLoader        - Created buffer with size 1280.0x800.0
20:46:44.207 [FXGL Background Thread 1 ] WARN  TilesetLoader        - Diagonally flipped tiles are not currently supported
20:46:44.209 [FXGL Background Thread 1 ] WARN  TilesetLoader        - Diagonally flipped tiles are not currently supported
20:46:44.211 [FXGL Background Thread 1 ] WARN  TilesetLoader        - Diagonally flipped tiles are not currently supported
20:46:44.212 [FXGL Background Thread 1 ] WARN  TilesetLoader        - Diagonally flipped tiles are not currently supported
20:46:44.212 [FXGL Background Thread 1 ] WARN  TilesetLoader        - Diagonally flipped tiles are not currently supported
20:46:44.214 [FXGL Background Thread 1 ] WARN  TilesetLoader        - Diagonally flipped tiles are not currently supported
20:46:44.214 [JavaFX Application Thread] DEBUG FXGLApplication      - Registering font factories with UI factory
20:46:44.215 [FXGL Background Thread 1 ] WARN  TilesetLoader        - Diagonally flipped tiles are not currently supported
20:46:44.215 [FXGL Background Thread 1 ] WARN  TilesetLoader        - Diagonally flipped tiles are not currently supported
20:46:44.216 [FXGL Background Thread 1 ] WARN  TilesetLoader        - Diagonally flipped tiles are not currently supported
20:46:44.217 [FXGL Background Thread 1 ] WARN  TilesetLoader        - Diagonally flipped tiles are not currently supported
20:46:44.217 [FXGL Background Thread 1 ] WARN  TilesetLoader        - Diagonally flipped tiles are not currently supported
20:46:44.218 [FXGL Background Thread 1 ] WARN  TilesetLoader        - Diagonally flipped tiles are not currently supported
20:46:44.218 [FXGL Background Thread 1 ] WARN  TilesetLoader        - Diagonally flipped tiles are not currently supported
20:46:44.219 [FXGL Background Thread 1 ] WARN  TilesetLoader        - Diagonally flipped tiles are not currently supported
20:46:44.219 [FXGL Background Thread 1 ] WARN  TilesetLoader        - Diagonally flipped tiles are not currently supported
20:46:44.221 [FXGL Background Thread 1 ] WARN  TilesetLoader        - Diagonally flipped tiles are not currently supported
20:46:44.221 [FXGL Background Thread 1 ] WARN  TilesetLoader        - Diagonally flipped tiles are not currently supported
20:46:44.222 [FXGL Background Thread 1 ] WARN  TilesetLoader        - Diagonally flipped tiles are not currently supported
20:46:44.223 [FXGL Background Thread 1 ] WARN  TilesetLoader        - Diagonally flipped tiles are not currently supported
20:46:44.223 [FXGL Background Thread 1 ] WARN  TilesetLoader        - Diagonally flipped tiles are not currently supported
20:46:44.224 [FXGL Background Thread 1 ] WARN  TilesetLoader        - Diagonally flipped tiles are not currently supported
20:46:44.225 [FXGL Background Thread 1 ] WARN  TilesetLoader        - Diagonally flipped tiles are not currently supported
20:46:44.226 [FXGL Background Thread 1 ] WARN  TilesetLoader        - Diagonally flipped tiles are not currently supported
20:46:44.227 [FXGL Background Thread 1 ] WARN  TilesetLoader        - Diagonally flipped tiles are not currently supported
20:46:44.228 [FXGL Background Thread 1 ] WARN  TilesetLoader        - Diagonally flipped tiles are not currently supported
20:46:44.229 [FXGL Background Thread 1 ] WARN  TilesetLoader        - Diagonally flipped tiles are not currently supported
20:46:44.229 [FXGL Background Thread 1 ] WARN  TilesetLoader        - Diagonally flipped tiles are not currently supported
20:46:44.230 [FXGL Background Thread 1 ] WARN  TilesetLoader        - Diagonally flipped tiles are not currently supported
20:46:44.230 [FXGL Background Thread 1 ] WARN  TilesetLoader        - Diagonally flipped tiles are not currently supported
20:46:44.231 [FXGL Background Thread 1 ] WARN  TilesetLoader        - Diagonally flipped tiles are not currently supported
20:46:44.231 [FXGL Background Thread 1 ] WARN  TilesetLoader        - Diagonally flipped tiles are not currently supported
20:46:44.232 [FXGL Background Thread 1 ] WARN  TilesetLoader        - Diagonally flipped tiles are not currently supported
20:46:44.232 [FXGL Background Thread 1 ] WARN  TilesetLoader        - Diagonally flipped tiles are not currently supported
20:46:44.233 [FXGL Background Thread 1 ] WARN  TilesetLoader        - Diagonally flipped tiles are not currently supported
20:46:44.233 [FXGL Background Thread 1 ] WARN  TilesetLoader        - Diagonally flipped tiles are not currently supported
20:46:44.239 [FXGL Background Thread 1 ] WARN  TilesetLoader        - Diagonally flipped tiles are not currently supported
20:46:44.240 [FXGL Background Thread 1 ] WARN  TilesetLoader        - Diagonally flipped tiles are not currently supported
20:46:44.240 [FXGL Background Thread 1 ] WARN  TilesetLoader        - Diagonally flipped tiles are not currently supported
20:46:44.241 [FXGL Background Thread 1 ] WARN  TilesetLoader        - Diagonally flipped tiles are not currently supported
20:46:44.241 [FXGL Background Thread 1 ] WARN  TilesetLoader        - Diagonally flipped tiles are not currently supported
20:46:44.242 [FXGL Background Thread 1 ] WARN  TilesetLoader        - Diagonally flipped tiles are not currently supported
20:46:44.242 [FXGL Background Thread 1 ] WARN  TilesetLoader        - Diagonally flipped tiles are not currently supported
20:46:44.242 [FXGL Background Thread 1 ] WARN  TilesetLoader        - Diagonally flipped tiles are not currently supported
20:46:44.242 [FXGL Background Thread 1 ] WARN  TilesetLoader        - Diagonally flipped tiles are not currently supported
20:46:44.244 [FXGL Background Thread 1 ] WARN  TilesetLoader        - Diagonally flipped tiles are not currently supported
20:46:44.244 [FXGL Background Thread 1 ] WARN  TilesetLoader        - Diagonally flipped tiles are not currently supported
20:46:44.244 [FXGL Background Thread 1 ] WARN  TilesetLoader        - Diagonally flipped tiles are not currently supported
20:46:44.244 [FXGL Background Thread 1 ] WARN  TilesetLoader        - Diagonally flipped tiles are not currently supported
20:46:44.245 [FXGL Background Thread 1 ] WARN  TilesetLoader        - Diagonally flipped tiles are not currently supported
20:46:44.245 [FXGL Background Thread 1 ] WARN  TilesetLoader        - Diagonally flipped tiles are not currently supported
20:46:44.246 [FXGL Background Thread 1 ] WARN  TilesetLoader        - Diagonally flipped tiles are not currently supported
20:46:44.246 [FXGL Background Thread 1 ] WARN  TilesetLoader        - Diagonally flipped tiles are not currently supported
20:46:44.246 [FXGL Background Thread 1 ] WARN  TilesetLoader        - Diagonally flipped tiles are not currently supported
20:46:44.247 [FXGL Background Thread 1 ] WARN  TilesetLoader        - Diagonally flipped tiles are not currently supported
20:46:44.247 [FXGL Background Thread 1 ] WARN  TilesetLoader        - Diagonally flipped tiles are not currently supported
20:46:44.247 [FXGL Background Thread 1 ] WARN  TilesetLoader        - Diagonally flipped tiles are not currently supported
20:46:44.248 [FXGL Background Thread 1 ] WARN  TilesetLoader        - Diagonally flipped tiles are not currently supported
20:46:44.248 [FXGL Background Thread 1 ] WARN  TilesetLoader        - Diagonally flipped tiles are not currently supported
20:46:44.249 [FXGL Background Thread 1 ] WARN  TilesetLoader        - Diagonally flipped tiles are not currently supported
20:46:44.249 [FXGL Background Thread 1 ] WARN  TilesetLoader        - Diagonally flipped tiles are not currently supported
20:46:44.249 [FXGL Background Thread 1 ] WARN  TilesetLoader        - Diagonally flipped tiles are not currently supported
20:46:44.250 [FXGL Background Thread 1 ] WARN  TilesetLoader        - Diagonally flipped tiles are not currently supported
20:46:44.250 [FXGL Background Thread 1 ] WARN  TilesetLoader        - Diagonally flipped tiles are not currently supported
20:46:44.251 [FXGL Background Thread 1 ] WARN  TilesetLoader        - Diagonally flipped tiles are not currently supported
20:46:44.251 [FXGL Background Thread 1 ] WARN  TilesetLoader        - Diagonally flipped tiles are not currently supported
20:46:44.252 [FXGL Background Thread 1 ] WARN  TilesetLoader        - Diagonally flipped tiles are not currently supported
20:46:44.252 [FXGL Background Thread 1 ] WARN  TilesetLoader        - Diagonally flipped tiles are not currently supported
20:46:44.252 [FXGL Background Thread 1 ] WARN  TilesetLoader        - Diagonally flipped tiles are not currently supported
20:46:44.253 [FXGL Background Thread 1 ] WARN  TilesetLoader        - Diagonally flipped tiles are not currently supported
20:46:44.253 [FXGL Background Thread 1 ] WARN  TilesetLoader        - Diagonally flipped tiles are not currently supported
20:46:44.253 [FXGL Background Thread 1 ] WARN  TilesetLoader        - Diagonally flipped tiles are not currently supported
20:46:44.254 [FXGL Background Thread 1 ] WARN  TilesetLoader        - Diagonally flipped tiles are not currently supported
20:46:44.254 [FXGL Background Thread 1 ] WARN  TilesetLoader        - Diagonally flipped tiles are not currently supported
20:46:44.254 [FXGL Background Thread 1 ] WARN  TilesetLoader        - Diagonally flipped tiles are not currently supported
20:46:44.255 [FXGL Background Thread 1 ] WARN  TilesetLoader        - Diagonally flipped tiles are not currently supported
20:46:44.255 [FXGL Background Thread 1 ] WARN  TilesetLoader        - Diagonally flipped tiles are not currently supported
20:46:44.256 [FXGL Background Thread 1 ] WARN  TilesetLoader        - Diagonally flipped tiles are not currently supported
20:46:44.256 [FXGL Background Thread 1 ] WARN  TilesetLoader        - Diagonally flipped tiles are not currently supported
20:46:44.256 [FXGL Background Thread 1 ] WARN  TilesetLoader        - Diagonally flipped tiles are not currently supported
20:46:44.257 [FXGL Background Thread 1 ] WARN  TilesetLoader        - Diagonally flipped tiles are not currently supported
20:46:44.257 [FXGL Background Thread 1 ] WARN  TilesetLoader        - Diagonally flipped tiles are not currently supported
20:46:44.257 [FXGL Background Thread 1 ] WARN  TilesetLoader        - Diagonally flipped tiles are not currently supported
20:46:44.258 [FXGL Background Thread 1 ] WARN  TilesetLoader        - Diagonally flipped tiles are not currently supported
20:46:44.258 [FXGL Background Thread 1 ] WARN  TilesetLoader        - Diagonally flipped tiles are not currently supported
20:46:44.258 [FXGL Background Thread 1 ] WARN  TilesetLoader        - Diagonally flipped tiles are not currently supported
20:46:44.259 [FXGL Background Thread 1 ] WARN  TilesetLoader        - Diagonally flipped tiles are not currently supported
20:46:44.259 [FXGL Background Thread 1 ] WARN  TilesetLoader        - Diagonally flipped tiles are not currently supported
20:46:44.259 [FXGL Background Thread 1 ] WARN  TilesetLoader        - Diagonally flipped tiles are not currently supported
20:46:44.260 [FXGL Background Thread 1 ] WARN  TilesetLoader        - Diagonally flipped tiles are not currently supported
20:46:44.260 [FXGL Background Thread 1 ] WARN  TilesetLoader        - Diagonally flipped tiles are not currently supported
20:46:44.261 [FXGL Background Thread 1 ] WARN  TilesetLoader        - Diagonally flipped tiles are not currently supported
20:46:44.261 [FXGL Background Thread 1 ] WARN  TilesetLoader        - Diagonally flipped tiles are not currently supported
20:46:44.262 [FXGL Background Thread 1 ] WARN  TilesetLoader        - Diagonally flipped tiles are not currently supported
20:46:44.262 [FXGL Background Thread 1 ] WARN  TilesetLoader        - Diagonally flipped tiles are not currently supported
20:46:44.262 [FXGL Background Thread 1 ] WARN  TilesetLoader        - Diagonally flipped tiles are not currently supported
20:46:44.263 [FXGL Background Thread 1 ] WARN  TilesetLoader        - Diagonally flipped tiles are not currently supported
20:46:44.263 [FXGL Background Thread 1 ] WARN  TilesetLoader        - Diagonally flipped tiles are not currently supported
20:46:44.263 [FXGL Background Thread 1 ] WARN  TilesetLoader        - Diagonally flipped tiles are not currently supported
20:46:44.263 [FXGL Background Thread 1 ] WARN  TilesetLoader        - Diagonally flipped tiles are not currently supported
20:46:44.264 [FXGL Background Thread 1 ] WARN  TilesetLoader        - Diagonally flipped tiles are not currently supported
20:46:44.264 [FXGL Background Thread 1 ] WARN  TilesetLoader        - Diagonally flipped tiles are not currently supported
20:46:44.264 [FXGL Background Thread 1 ] WARN  TilesetLoader        - Diagonally flipped tiles are not currently supported
20:46:44.265 [FXGL Background Thread 1 ] WARN  TilesetLoader        - Diagonally flipped tiles are not currently supported
20:46:44.265 [FXGL Background Thread 1 ] WARN  TilesetLoader        - Diagonally flipped tiles are not currently supported
20:46:44.266 [FXGL Background Thread 1 ] WARN  TilesetLoader        - Diagonally flipped tiles are not currently supported
20:46:44.266 [FXGL Background Thread 1 ] WARN  TilesetLoader        - Diagonally flipped tiles are not currently supported
20:46:44.266 [FXGL Background Thread 1 ] WARN  TilesetLoader        - Diagonally flipped tiles are not currently supported
20:46:44.267 [FXGL Background Thread 1 ] WARN  TilesetLoader        - Diagonally flipped tiles are not currently supported
20:46:44.267 [FXGL Background Thread 1 ] WARN  TilesetLoader        - Diagonally flipped tiles are not currently supported
20:46:44.267 [FXGL Background Thread 1 ] WARN  TilesetLoader        - Diagonally flipped tiles are not currently supported
20:46:44.267 [FXGL Background Thread 1 ] WARN  TilesetLoader        - Diagonally flipped tiles are not currently supported
20:46:44.271 [FXGL Background Thread 1 ] WARN  TilesetLoader        - Diagonally flipped tiles are not currently supported
20:46:44.272 [FXGL Background Thread 1 ] WARN  TilesetLoader        - Diagonally flipped tiles are not currently supported
20:46:44.272 [FXGL Background Thread 1 ] WARN  TilesetLoader        - Diagonally flipped tiles are not currently supported
20:46:44.273 [FXGL Background Thread 1 ] WARN  TilesetLoader        - Diagonally flipped tiles are not currently supported
20:46:44.273 [FXGL Background Thread 1 ] WARN  TilesetLoader        - Diagonally flipped tiles are not currently supported
20:46:44.273 [FXGL Background Thread 1 ] WARN  TilesetLoader        - Diagonally flipped tiles are not currently supported
20:46:44.274 [FXGL Background Thread 1 ] WARN  TilesetLoader        - Diagonally flipped tiles are not currently supported
20:46:44.274 [FXGL Background Thread 1 ] WARN  TilesetLoader        - Diagonally flipped tiles are not currently supported
20:46:44.274 [FXGL Background Thread 1 ] WARN  TilesetLoader        - Diagonally flipped tiles are not currently supported
20:46:44.275 [FXGL Background Thread 1 ] WARN  TilesetLoader        - Diagonally flipped tiles are not currently supported
20:46:44.275 [FXGL Background Thread 1 ] WARN  TilesetLoader        - Diagonally flipped tiles are not currently supported
20:46:44.276 [FXGL Background Thread 1 ] WARN  TilesetLoader        - Diagonally flipped tiles are not currently supported
20:46:44.276 [FXGL Background Thread 1 ] WARN  TilesetLoader        - Diagonally flipped tiles are not currently supported
20:46:44.277 [FXGL Background Thread 1 ] WARN  TilesetLoader        - Diagonally flipped tiles are not currently supported
20:46:44.277 [FXGL Background Thread 1 ] WARN  TilesetLoader        - Diagonally flipped tiles are not currently supported
20:46:44.277 [FXGL Background Thread 1 ] WARN  TilesetLoader        - Diagonally flipped tiles are not currently supported
20:46:44.278 [FXGL Background Thread 1 ] WARN  TilesetLoader        - Diagonally flipped tiles are not currently supported
20:46:44.278 [FXGL Background Thread 1 ] WARN  TilesetLoader        - Diagonally flipped tiles are not currently supported
20:46:44.278 [FXGL Background Thread 1 ] WARN  TilesetLoader        - Diagonally flipped tiles are not currently supported
20:46:44.279 [FXGL Background Thread 1 ] WARN  TilesetLoader        - Diagonally flipped tiles are not currently supported
20:46:44.279 [FXGL Background Thread 1 ] WARN  TilesetLoader        - Diagonally flipped tiles are not currently supported
20:46:44.279 [FXGL Background Thread 1 ] WARN  TilesetLoader        - Diagonally flipped tiles are not currently supported
20:46:44.280 [FXGL Background Thread 1 ] WARN  TilesetLoader        - Diagonally flipped tiles are not currently supported
20:46:44.280 [FXGL Background Thread 1 ] WARN  TilesetLoader        - Diagonally flipped tiles are not currently supported
20:46:44.280 [FXGL Background Thread 1 ] WARN  TilesetLoader        - Diagonally flipped tiles are not currently supported
20:46:44.281 [FXGL Background Thread 1 ] WARN  TilesetLoader        - Diagonally flipped tiles are not currently supported
20:46:44.281 [FXGL Background Thread 1 ] WARN  TilesetLoader        - Diagonally flipped tiles are not currently supported
20:46:44.281 [FXGL Background Thread 1 ] WARN  TilesetLoader        - Diagonally flipped tiles are not currently supported
20:46:44.281 [FXGL Background Thread 1 ] WARN  TilesetLoader        - Diagonally flipped tiles are not currently supported
20:46:44.282 [FXGL Background Thread 1 ] WARN  TilesetLoader        - Diagonally flipped tiles are not currently supported
20:46:44.282 [FXGL Background Thread 1 ] WARN  TilesetLoader        - Diagonally flipped tiles are not currently supported
20:46:44.282 [FXGL Background Thread 1 ] WARN  TilesetLoader        - Diagonally flipped tiles are not currently supported
20:46:44.282 [FXGL Background Thread 1 ] WARN  TilesetLoader        - Diagonally flipped tiles are not currently supported
20:46:44.282 [FXGL Background Thread 1 ] WARN  TilesetLoader        - Diagonally flipped tiles are not currently supported
20:46:44.283 [FXGL Background Thread 1 ] WARN  TilesetLoader        - Diagonally flipped tiles are not currently supported
20:46:44.283 [FXGL Background Thread 1 ] WARN  TilesetLoader        - Diagonally flipped tiles are not currently supported
20:46:44.283 [FXGL Background Thread 1 ] WARN  TilesetLoader        - Diagonally flipped tiles are not currently supported
20:46:44.283 [FXGL Background Thread 1 ] WARN  TilesetLoader        - Diagonally flipped tiles are not currently supported
20:46:44.284 [FXGL Background Thread 1 ] DEBUG TilesetLoader        - Loading view for layer road3
20:46:44.287 [FXGL Background Thread 1 ] DEBUG TilesetLoader        - Created buffer with size 1280.0x800.0
20:46:44.290 [FXGL Background Thread 1 ] DEBUG TilesetLoader        - Loading view for layer bg2
20:46:44.290 [FXGL Background Thread 1 ] DEBUG TilesetLoader        - Created buffer with size 1280.0x800.0
20:46:44.415 [FXGL Background Thread 1 ] DEBUG TilesetLoader        - Loading view for layer icons
20:46:44.417 [FXGL Background Thread 1 ] DEBUG TilesetLoader        - Created buffer with size 1280.0x800.0
20:46:44.433 [FXGL Background Thread 1 ] DEBUG TMXLevelLoader       - Creating object layer entities
20:46:44.460 [FXGL Background Thread 1 ] DEBUG GameWorld            - Clearing removable entities
20:46:44.461 [FXGL Background Thread 1 ] DEBUG GameWorld            - Setting level: com.almasb.fxgl.entity.level.Level@46746657
20:46:44.475 [FXGL Background Thread 1 ] INFO  FXGLApplication      - Game initialization took: 0.455 sec
20:46:44.480 [JavaFX Application Thread] DEBUG Input                - Clearing active input actions
20:46:44.506 [JavaFX Application Thread] DEBUG GameApplicationServi - Removing overlay from FXGLLoadingScene and adding to GameScene
20:46:44.506 [JavaFX Application Thread] DEBUG PrimaryStageWindow   - FXGLLoadingScene -> GameScene
20:46:45.288 [FXGL Background Thread 2 ] INFO  UpdaterService       - Your current version:  21.1
20:46:45.288 [FXGL Background Thread 2 ] INFO  UpdaterService       - Latest stable version: 25
20:46:45.590 [JavaFX Application Thread] DEBUG FXGLAssetLoaderServi - Loading from file system: file:/E:/All%20About%20Dev/OOP/FXGL%20new%20Begining/final%20version/Tower%20Defender/Tower-Defender/target/classes/assets/textures/wolf.png
20:46:45.607 [JavaFX Application Thread] DEBUG FXGLAssetLoaderServi - Loading from file system: file:/E:/All%20About%20Dev/OOP/FXGL%20new%20Begining/final%20version/Tower%20Defender/Tower-Defender/target/classes/assets/textures/bird.png
20:46:46.134 [JavaFX Application Thread] DEBUG PrimaryStageWindow   - Push state: DialogSubScene
20:46:46.135 [JavaFX Application Thread] DEBUG Input                - Clearing active input actions
20:46:46.136 [JavaFX Application Thread] DEBUG GameApplicationServi - Removing overlay from GameScene and adding to DialogSubScene
20:46:46.136 [JavaFX Application Thread] DEBUG PrimaryStageWindow   - GameScene -> DialogSubScene
20:46:46.913 [FXGL Background Thread 3 ] DEBUG Engine               - Logging environment variables
20:46:46.914 [FXGL Background Thread 3 ] DEBUG Engine               - achievements: []
20:46:46.914 [FXGL Background Thread 3 ] DEBUG Engine               - actualHeight: 800.0
20:46:46.914 [FXGL Background Thread 3 ] DEBUG Engine               - actualHeightProperty: ReadOnlyDoubleProperty [value: 800.0]
20:46:46.914 [FXGL Background Thread 3 ] DEBUG Engine               - actualWidth: 1280.0
20:46:46.914 [FXGL Background Thread 3 ] DEBUG Engine               - actualWidthProperty: ReadOnlyDoubleProperty [value: 1280.0]
20:46:46.914 [FXGL Background Thread 3 ] DEBUG Engine               - appIcon: fxgl_icon.png
20:46:46.914 [FXGL Background Thread 3 ] DEBUG Engine               - applicationMode: DEVELOPER
20:46:46.914 [FXGL Background Thread 3 ] DEBUG Engine               - cSSList: [fxgl_dark.css]
20:46:46.915 [FXGL Background Thread 3 ] DEBUG Engine               - collisionDetectionStrategy: BRUTE_FORCE
20:46:46.915 [FXGL Background Thread 3 ] DEBUG Engine               - configClass: Optional.empty
20:46:46.915 [FXGL Background Thread 3 ] DEBUG Engine               - credits: []
20:46:46.915 [FXGL Background Thread 3 ] DEBUG Engine               - defaultCursor: CursorInfo(imageName=fxgl_default_cursor.png, hotspotX=7.0, hotspotY=6.0)
20:46:46.916 [FXGL Background Thread 3 ] DEBUG Engine               - devBBoxColorProperty: ObjectProperty [value: 0xff0000ff]
20:46:46.916 [FXGL Background Thread 3 ] DEBUG Engine               - devEnableDebugCameraProperty: BooleanProperty [value: false]
20:46:46.916 [FXGL Background Thread 3 ] DEBUG Engine               - devSensorColorProperty: ObjectProperty [value: 0xffff00ff]
20:46:46.916 [FXGL Background Thread 3 ] DEBUG Engine               - devShowBBoxProperty: BooleanProperty [value: false]
20:46:46.916 [FXGL Background Thread 3 ] DEBUG Engine               - devShowPositionProperty: BooleanProperty [value: false]
20:46:46.916 [FXGL Background Thread 3 ] DEBUG Engine               - enabledMenuItems: []
20:46:46.916 [FXGL Background Thread 3 ] DEBUG Engine               - engineServices: [class com.almasb.fxgl.app.services.FXGLAssetLoaderService, class com.almasb.fxgl.app.FXGLApplication$GameApplicationService, class com.almasb.fxgl.app.services.FXGLDialogService, class com.almasb.fxgl.app.services.IOTaskExecutorService, class com.almasb.fxgl.io.FileSystemService, class com.almasb.fxgl.localization.LocalizationService, class com.almasb.fxgl.app.services.SystemBundleService, class com.almasb.fxgl.profile.SaveLoadService, class com.almasb.fxgl.ui.FXGLUIFactoryServiceProvider, class com.almasb.fxgl.ui.FXGLDialogFactoryServiceProvider, class com.almasb.fxgl.audio.AudioPlayer, class com.almasb.fxgl.notification.impl.NotificationServiceProvider, class com.almasb.fxgl.achievement.AchievementService, class com.almasb.fxgl.cutscene.CutsceneService, class com.almasb.fxgl.minigames.MiniGameService, class com.almasb.fxgl.net.NetService, class com.almasb.fxgl.app.services.UpdaterService, class com.almasb.fxgl.dev.DevService]
20:46:46.916 [FXGL Background Thread 3 ] DEBUG Engine               - fontGame: Abel-Regular.ttf
20:46:46.917 [FXGL Background Thread 3 ] DEBUG Engine               - fontMono: TerminalLandMono-Regular.otf
20:46:46.917 [FXGL Background Thread 3 ] DEBUG Engine               - fontSizeScaleUI: 1.0
20:46:46.917 [FXGL Background Thread 3 ] DEBUG Engine               - fontText: Courier-Prime.ttf
20:46:46.917 [FXGL Background Thread 3 ] DEBUG Engine               - fontUI: VarelaRound-Regular.ttf
20:46:46.917 [FXGL Background Thread 3 ] DEBUG Engine               - fullScreen: BooleanProperty [value: false]
20:46:46.917 [FXGL Background Thread 3 ] DEBUG Engine               - gameDifficulty: MEDIUM
20:46:46.917 [FXGL Background Thread 3 ] DEBUG Engine               - gameDifficultyProperty: ObjectProperty [value: MEDIUM]
20:46:46.917 [FXGL Background Thread 3 ] DEBUG Engine               - globalMusicVolume: 0.5
20:46:46.917 [FXGL Background Thread 3 ] DEBUG Engine               - globalMusicVolumeProperty: DoubleProperty [value: 0.5]
20:46:46.917 [FXGL Background Thread 3 ] DEBUG Engine               - globalSoundVolume: 0.5
20:46:46.917 [FXGL Background Thread 3 ] DEBUG Engine               - globalSoundVolumeProperty: DoubleProperty [value: 0.5]
20:46:46.917 [FXGL Background Thread 3 ] DEBUG Engine               - height: 800
20:46:46.917 [FXGL Background Thread 3 ] DEBUG Engine               - is3D: false
20:46:46.917 [FXGL Background Thread 3 ] DEBUG Engine               - isAndroid: false
20:46:46.917 [FXGL Background Thread 3 ] DEBUG Engine               - isBrowser: false
20:46:46.917 [FXGL Background Thread 3 ] DEBUG Engine               - isClickFeedbackEnabled: false
20:46:46.917 [FXGL Background Thread 3 ] DEBUG Engine               - isCloseConfirmation: false
20:46:46.917 [FXGL Background Thread 3 ] DEBUG Engine               - isDesktop: true
20:46:46.917 [FXGL Background Thread 3 ] DEBUG Engine               - isDeveloperMenuEnabled: false
20:46:46.918 [FXGL Background Thread 3 ] DEBUG Engine               - isEmbedded: false
20:46:46.918 [FXGL Background Thread 3 ] DEBUG Engine               - isEntityPreloadEnabled: true
20:46:46.918 [FXGL Background Thread 3 ] DEBUG Engine               - isExperimentalTiledLargeMap: false
20:46:46.918 [FXGL Background Thread 3 ] DEBUG Engine               - isFileSystemWriteAllowed: true
20:46:46.918 [FXGL Background Thread 3 ] DEBUG Engine               - isFullScreenAllowed: true
20:46:46.918 [FXGL Background Thread 3 ] DEBUG Engine               - isFullScreenFromStart: false
20:46:46.918 [FXGL Background Thread 3 ] DEBUG Engine               - isGameMenuEnabled: true
20:46:46.918 [FXGL Background Thread 3 ] DEBUG Engine               - isIOS: false
20:46:46.918 [FXGL Background Thread 3 ] DEBUG Engine               - isIntroEnabled: false
20:46:46.918 [FXGL Background Thread 3 ] DEBUG Engine               - isLinux: false
20:46:46.918 [FXGL Background Thread 3 ] DEBUG Engine               - isMac: false
20:46:46.918 [FXGL Background Thread 3 ] DEBUG Engine               - isMainMenuEnabled: false
20:46:46.918 [FXGL Background Thread 3 ] DEBUG Engine               - isManualResizeEnabled: true
20:46:46.918 [FXGL Background Thread 3 ] DEBUG Engine               - isMobile: false
20:46:46.918 [FXGL Background Thread 3 ] DEBUG Engine               - isNative: false
20:46:46.918 [FXGL Background Thread 3 ] DEBUG Engine               - isPauseMusicWhenMinimized: true
20:46:46.918 [FXGL Background Thread 3 ] DEBUG Engine               - isPreserveResizeRatio: false
20:46:46.918 [FXGL Background Thread 3 ] DEBUG Engine               - isProfilingEnabled: false
20:46:46.918 [FXGL Background Thread 3 ] DEBUG Engine               - isScaleAffectedOnResize: true
20:46:46.918 [FXGL Background Thread 3 ] DEBUG Engine               - isSingleStep: false
20:46:46.918 [FXGL Background Thread 3 ] DEBUG Engine               - isUserProfileEnabled: false
20:46:46.918 [FXGL Background Thread 3 ] DEBUG Engine               - isWindows: true
20:46:46.918 [FXGL Background Thread 3 ] DEBUG Engine               - language: ObjectProperty [value: ENGLISH]
20:46:46.918 [FXGL Background Thread 3 ] DEBUG Engine               - menuKey: ESCAPE
20:46:46.919 [FXGL Background Thread 3 ] DEBUG Engine               - mouseSensitivity: 0.2
20:46:46.919 [FXGL Background Thread 3 ] DEBUG Engine               - notificationViewClass: class com.almasb.fxgl.notification.view.XboxNotificationView
20:46:46.919 [FXGL Background Thread 3 ] DEBUG Engine               - pixelsPerMeter: 50.0
20:46:46.919 [FXGL Background Thread 3 ] DEBUG Engine               - platform: WINDOWS
20:46:46.919 [FXGL Background Thread 3 ] DEBUG Engine               - prefHeightProperty: ReadOnlyDoubleProperty [value: 800.0]
20:46:46.919 [FXGL Background Thread 3 ] DEBUG Engine               - prefWidthProperty: ReadOnlyDoubleProperty [value: 1280.0]
20:46:46.919 [FXGL Background Thread 3 ] DEBUG Engine               - profileDir: profiles/
20:46:46.919 [FXGL Background Thread 3 ] DEBUG Engine               - profileName: StringProperty [value: DEFAULT]
20:46:46.919 [FXGL Background Thread 3 ] DEBUG Engine               - randomSeed: -1
20:46:46.919 [FXGL Background Thread 3 ] DEBUG Engine               - runtimeInfo: RuntimeInfo(platform=WINDOWS, version=21.1, build=27.03.2024 07.52)
20:46:46.919 [FXGL Background Thread 3 ] DEBUG Engine               - saveFileExt: sav
20:46:46.920 [FXGL Background Thread 3 ] DEBUG Engine               - scaledHeightProp$fxgl: DoubleProperty [bound, value: 800.0]
20:46:46.920 [FXGL Background Thread 3 ] DEBUG Engine               - scaledWidthProp$fxgl: DoubleProperty [bound, value: 1280.0]
20:46:46.920 [FXGL Background Thread 3 ] DEBUG Engine               - sceneFactory: com.almasb.fxgl.app.scene.SceneFactory@12b55884
20:46:46.920 [FXGL Background Thread 3 ] DEBUG Engine               - secondsIn24h: 60
20:46:46.920 [FXGL Background Thread 3 ] DEBUG Engine               - soundMenuBack: menu/back.wav
20:46:46.920 [FXGL Background Thread 3 ] DEBUG Engine               - soundMenuPress: menu/press.wav
20:46:46.920 [FXGL Background Thread 3 ] DEBUG Engine               - soundMenuSelect: menu/select.wav
20:46:46.920 [FXGL Background Thread 3 ] DEBUG Engine               - soundNotification: core/notification.wav
20:46:46.920 [FXGL Background Thread 3 ] DEBUG Engine               - stageStyle: DECORATED
20:46:46.920 [FXGL Background Thread 3 ] DEBUG Engine               - supportedLanguages: [ENGLISH, FRENCH, GERMAN, HUNGARIAN, RUSSIAN]
20:46:46.920 [FXGL Background Thread 3 ] DEBUG Engine               - ticksPerSecond: -1
20:46:46.920 [FXGL Background Thread 3 ] DEBUG Engine               - title: Ghost Hunter
20:46:46.920 [FXGL Background Thread 3 ] DEBUG Engine               - urlGithub: https://github.com/AlmasB/FXGL
20:46:46.920 [FXGL Background Thread 3 ] DEBUG Engine               - urlLeaderboard: http://fxgl-top.herokuapp.com/
20:46:46.920 [FXGL Background Thread 3 ] DEBUG Engine               - urlPOM: https://raw.githubusercontent.com/AlmasB/FXGL/release/README.md
20:46:46.920 [FXGL Background Thread 3 ] DEBUG Engine               - userAppClass: class org.saikat.Main
20:46:46.920 [FXGL Background Thread 3 ] DEBUG Engine               - version: 1.0
20:46:46.920 [FXGL Background Thread 3 ] DEBUG Engine               - versionCheckDays: 7
20:46:46.920 [FXGL Background Thread 3 ] DEBUG Engine               - width: 1280
20:46:46.920 [FXGL Background Thread 3 ] DEBUG Engine               - Logging services
20:46:46.920 [FXGL Background Thread 3 ] DEBUG Engine               - class com.almasb.fxgl.app.services.FXGLAssetLoaderService
20:46:46.920 [FXGL Background Thread 3 ] DEBUG Engine               - class com.almasb.fxgl.app.FXGLApplication$GameApplicationService
20:46:46.921 [FXGL Background Thread 3 ] DEBUG Engine               - class com.almasb.fxgl.app.services.FXGLDialogService
20:46:46.921 [FXGL Background Thread 3 ] DEBUG Engine               - class com.almasb.fxgl.app.services.IOTaskExecutorService
20:46:46.921 [FXGL Background Thread 3 ] DEBUG Engine               - class com.almasb.fxgl.io.FileSystemService
20:46:46.921 [FXGL Background Thread 3 ] DEBUG Engine               - class com.almasb.fxgl.localization.LocalizationService
20:46:46.921 [FXGL Background Thread 3 ] DEBUG Engine               - class com.almasb.fxgl.app.services.SystemBundleService
20:46:46.921 [FXGL Background Thread 3 ] DEBUG Engine               - class com.almasb.fxgl.profile.SaveLoadService
20:46:46.921 [FXGL Background Thread 3 ] DEBUG Engine               - class com.almasb.fxgl.ui.FXGLUIFactoryServiceProvider
20:46:46.921 [FXGL Background Thread 3 ] DEBUG Engine               - class com.almasb.fxgl.ui.FXGLDialogFactoryServiceProvider
20:46:46.921 [FXGL Background Thread 3 ] DEBUG Engine               - class com.almasb.fxgl.audio.AudioPlayer
20:46:46.921 [FXGL Background Thread 3 ] DEBUG Engine               - class com.almasb.fxgl.notification.impl.NotificationServiceProvider
20:46:46.921 [FXGL Background Thread 3 ] DEBUG Engine               - class com.almasb.fxgl.achievement.AchievementService
20:46:46.921 [FXGL Background Thread 3 ] DEBUG Engine               - class com.almasb.fxgl.cutscene.CutsceneService
20:46:46.921 [FXGL Background Thread 3 ] DEBUG Engine               - class com.almasb.fxgl.minigames.MiniGameService
20:46:46.921 [FXGL Background Thread 3 ] DEBUG Engine               - class com.almasb.fxgl.net.NetService
20:46:46.921 [FXGL Background Thread 3 ] DEBUG Engine               - class com.almasb.fxgl.app.services.UpdaterService
20:46:46.921 [FXGL Background Thread 3 ] DEBUG Engine               - class com.almasb.fxgl.dev.DevService
20:46:50.441 [JavaFX Application Thread] DEBUG PrimaryStageWindow   - Pop state: DialogSubScene
20:46:50.441 [JavaFX Application Thread] DEBUG Input                - Clearing active input actions
20:46:50.442 [JavaFX Application Thread] DEBUG GameApplicationServi - Removing overlay from DialogSubScene and adding to GameScene
20:46:50.443 [JavaFX Application Thread] DEBUG PrimaryStageWindow   - GameScene <- DialogSubScene
20:46:50.443 [JavaFX Application Thread] DEBUG LoopRunner           - Resuming loop
20:46:50.448 [JavaFX Application Thread] DEBUG FXGLAssetLoaderServi - Loading from file system: file:/E:/All%20About%20Dev/OOP/FXGL%20new%20Begining/final%20version/Tower%20Defender/Tower-Defender/target/classes/assets/textures/wildfire.png
20:46:50.800 [JavaFX Application Thread] DEBUG FXGLAssetLoaderServi - Loading from file system: file:/E:/All%20About%20Dev/OOP/FXGL%20new%20Begining/final%20version/Tower%20Defender/Tower-Defender/target/classes/assets/textures/tank_bullet.png
20:46:57.858 [JavaFX Application Thread] DEBUG FXGLApplication      - Exiting FXGL
20:46:57.858 [JavaFX Application Thread] DEBUG LoopRunner           - Stopping loop
20:46:57.858 [JavaFX Application Thread] DEBUG SystemBundleService  - Saving FXGL system data
20:46:57.862 [JavaFX Application Thread] DEBUG FileSystemAccess     - Writing to: E:\All About Dev\OOP\FXGL new Begining\final version\Tower Defender\Tower-Defender\system\fxgl.bundle
20:46:57.865 [JavaFX Application Thread] DEBUG Async                - Shutting down background threads
20:46:57.865 [JavaFX Application Thread] DEBUG PrimaryStageWindow   - Closing main window
20:46:57.883 [JavaFX Application Thread] DEBUG Logger               - Closing Logger
