18:47:22.586 [main                     ] DEBUG Logger               - Configured Logger
18:47:22.614 [main                     ] DEBUG GameApplication      - Logging settings
Title: Ghost Hunter
Version: 1.0
Width: 1280
Height: 800
Fullscreen: true
Intro: false
Profiling: false
Single step:false
App Mode: DEVELOPER
Menu Key: ESCAPE
Stage Style: DECORATED
Scene Factory: class com.almasb.fxgl.app.scene.SceneFactory

18:47:23.299 [JavaFX Application Thread] DEBUG FXGLApplication      - Initializing FXGL
18:47:23.302 [JavaFX Application Thread] INFO  Engine               - FXGL-21.1 (27.03.2024 07.52) on WINDOWS (J:21.0.9 FX:21.0.1)
18:47:23.303 [JavaFX Application Thread] DEBUG Engine               - JRE Vendor Name: Oracle Corporation
18:47:23.303 [JavaFX Application Thread] DEBUG Engine               - Running on OS: Windows 11 version 10.0
18:47:23.303 [JavaFX Application Thread] DEBUG Engine               - Architecture: amd64
18:47:23.303 [JavaFX Application Thread] INFO  Engine               - Source code and latest versions at: https://github.com/AlmasB/FXGL
18:47:23.304 [JavaFX Application Thread] INFO  Engine               -       Ask questions and discuss at: https://github.com/AlmasB/FXGL/discussions
18:47:23.304 [JavaFX Application Thread] INFO  Engine               -              Join the FXGL chat at: https://gitter.im/AlmasB/FXGL
18:47:23.431 [JavaFX Application Thread] DEBUG PrimaryStageWindow   - Creating a JavaFX scene
18:47:23.493 [JavaFX Application Thread] DEBUG PrimaryStageWindow   - Target settings size: 1280.0 x 800.0
18:47:23.493 [JavaFX Application Thread] DEBUG PrimaryStageWindow   - Scaled scene size:    1280.0 x 800.0
18:47:23.493 [JavaFX Application Thread] DEBUG PrimaryStageWindow   - Scaled ratio: (1.0, 1.0)
18:47:23.494 [JavaFX Application Thread] DEBUG PrimaryStageWindow   - Set initial scene to FXGLStartupScene
18:47:23.498 [JavaFX Application Thread] DEBUG PrimaryStageWindow   - Opening main window
18:47:23.611 [JavaFX Application Thread] DEBUG PrimaryStageWindow   - Window border size: (14.4000244140625, 37.5999755859375)
18:47:23.611 [JavaFX Application Thread] DEBUG PrimaryStageWindow   - Scaled size: 1280.0 x 800.0
18:47:23.611 [JavaFX Application Thread] DEBUG PrimaryStageWindow   - Scaled ratio: (1.0, 1.0)
18:47:23.612 [JavaFX Application Thread] DEBUG PrimaryStageWindow   - Scene size: 1280.0 x 800.0
18:47:23.612 [JavaFX Application Thread] DEBUG PrimaryStageWindow   - Stage size: 1294.4000244140625 x 837.5999755859375
18:47:23.620 [FXGL Background Thread 1 ] DEBUG Engine               - Initializing environment variables
18:47:23.707 [FXGL Background Thread 1 ] DEBUG FXGLAssetLoaderServi - User app class for loading assets: class org.saikat.Main
18:47:23.708 [FXGL Background Thread 1 ] DEBUG GameApplicationServi - Applying CSS: fxgl_dark.css
18:47:23.709 [FXGL Background Thread 1 ] DEBUG FXGLAssetLoaderServi - Loading from file system: jar:file:/C:/Users/HP/.m2/repository/com/github/almasb/fxgl/21.1/fxgl-21.1.jar!/fxglassets/ui/css/fxgl_dark.css
18:47:23.753 [FXGL Background Thread 1 ] DEBUG GameApplicationServi - Initializing application scenes
18:47:23.821 [FXGL Background Thread 1 ] DEBUG GameWorld            - Game world initialized
18:47:23.903 [FXGL Background Thread 1 ] DEBUG PhysicsWorld         - Physics world initialized: appHeight=800, physics.ppm=50.0
18:47:23.904 [FXGL Background Thread 1 ] DEBUG PhysicsWorld         - Using strategy: BRUTE_FORCE
18:47:23.911 [FXGL Background Thread 1 ] DEBUG GameScene            - Game scene initialized: 1280x800
18:47:23.922 [FXGL Background Thread 1 ] DEBUG FXGL.DefaultMenu     - createMenuBodyGameMenu()
18:47:23.935 [FXGL Background Thread 1 ] DEBUG FXGL.DefaultMenu     - createOptionsMenu()
18:47:23.944 [FXGL Background Thread 1 ] DEBUG FXGLAssetLoaderServi - Loading from file system: jar:file:/C:/Users/HP/.m2/repository/com/github/almasb/fxgl/21.1/fxgl-21.1.jar!/fxglassets/textures/particles/smoke.png
18:47:24.079 [FXGL Background Thread 1 ] DEBUG FXGLAssetLoaderServi - Loading from file system: jar:file:/C:/Users/HP/.m2/repository/com/github/almasb/fxgl/21.1/fxgl-21.1.jar!/fxglassets/textures/particles/trace_horizontal.png
18:47:24.116 [FXGL Background Thread 1 ] DEBUG GameApplicationServi - Application scenes initialized
18:47:24.134 [FXGL Background Thread 1 ] DEBUG SystemBundleService  - Loading FXGL system data
18:47:24.140 [FXGL Background Thread 1 ] DEBUG FileSystemAccess     - Reading from: E:\All About Dev\OOP\FXGL new Begining\final version\Tower Defender\Tower-Defender\system\fxgl.bundle
18:47:24.157 [FXGL Background Thread 1 ] DEBUG SystemBundleService  - Bundle FXGL: {}
18:47:24.157 [FXGL Background Thread 1 ] DEBUG UpdaterService       - Checking for updates
18:47:24.163 [FXGL Background Thread 4 ] DEBUG FXGLApplication      - Loading fonts
18:47:24.163 [FXGL Background Thread 4 ] DEBUG FXGLAssetLoaderServi - Loading from file system: jar:file:/C:/Users/HP/.m2/repository/com/github/almasb/fxgl/21.1/fxgl-21.1.jar!/fxglassets/ui/fonts/VarelaRound-Regular.ttf
18:47:24.164 [FXGL Background Thread 1 ] DEBUG FXGLApplication      - Loading default localization
18:47:24.164 [FXGL Background Thread 1 ] DEBUG FXGLAssetLoaderServi - Loading from file system: jar:file:/C:/Users/HP/.m2/repository/com/github/almasb/fxgl/21.1/fxgl-21.1.jar!/fxglassets/languages/english.lang
18:47:24.198 [FXGL Background Thread 1 ] INFO  FXGLApplication      - FXGL initialization took: 0.577 sec
18:47:24.204 [JavaFX Application Thread] DEBUG Input                - Registered new binding: add tower - LMB
18:47:24.204 [JavaFX Application Thread] DEBUG Input                - Registered new binding: remove tower - RMB
18:47:24.205 [JavaFX Application Thread] DEBUG FXGLAssetLoaderServi - Loading from file system: jar:file:/C:/Users/HP/.m2/repository/com/github/almasb/fxgl/21.1/fxgl-21.1.jar!/fxglassets/textures/fxgl_icon.png
18:47:24.236 [JavaFX Application Thread] DEBUG FXGLAssetLoaderServi - Loading from file system: jar:file:/C:/Users/HP/.m2/repository/com/github/almasb/fxgl/21.1/fxgl-21.1.jar!/fxglassets/textures/fxgl_default_cursor.png
18:47:24.253 [JavaFX Application Thread] DEBUG Input                - Registered new binding: Screenshot - CTRL+8
18:47:24.254 [JavaFX Application Thread] DEBUG Input                - Registered new binding: System info dump - CTRL+9
18:47:24.255 [JavaFX Application Thread] DEBUG Input                - Registered new binding: Restart - CTRL+R
18:47:24.258 [JavaFX Application Thread] DEBUG Input                - Registered new binding: Toggle Debug Camera - CTRL+7
18:47:24.262 [JavaFX Application Thread] DEBUG LoopRunner           - Starting loop
18:47:24.263 [JavaFX Application Thread] DEBUG LoopRunner           - Initializing JavaFX AnimationTimerLoop
18:47:24.265 [JavaFX Application Thread] DEBUG GameApplicationServi - Starting new game
18:47:24.266 [JavaFX Application Thread] DEBUG Input                - Clearing active input actions
18:47:24.283 [JavaFX Application Thread] DEBUG GameApplicationServi - Removing overlay from FXGLStartupScene and adding to FXGLLoadingScene
18:47:24.283 [JavaFX Application Thread] DEBUG PrimaryStageWindow   - FXGLStartupScene -> FXGLLoadingScene
18:47:24.284 [JavaFX Application Thread] DEBUG GameApplicationServi - Clearing previous game
18:47:24.284 [JavaFX Application Thread] DEBUG GameScene            - Clearing game scene
18:47:24.284 [JavaFX Application Thread] DEBUG GameWorld            - Clearing game world
18:47:24.284 [JavaFX Application Thread] DEBUG PhysicsWorld         - Clearing physics world
18:47:24.287 [FXGL Background Thread 1 ] DEBUG FXGLApplication      - Initializing game
18:47:24.333 [FXGL Background Thread 4 ] DEBUG FXGLAssetLoaderServi - Loading from file system: jar:file:/C:/Users/HP/.m2/repository/com/github/almasb/fxgl/21.1/fxgl-21.1.jar!/fxglassets/ui/fonts/Abel-Regular.ttf
18:47:24.338 [FXGL Background Thread 4 ] DEBUG FXGLAssetLoaderServi - Loading from file system: jar:file:/C:/Users/HP/.m2/repository/com/github/almasb/fxgl/21.1/fxgl-21.1.jar!/fxglassets/ui/fonts/TerminalLandMono-Regular.otf
18:47:24.342 [FXGL Background Thread 4 ] DEBUG FXGLAssetLoaderServi - Loading from file system: jar:file:/C:/Users/HP/.m2/repository/com/github/almasb/fxgl/21.1/fxgl-21.1.jar!/fxglassets/ui/fonts/Courier-Prime.ttf
18:47:24.392 [JavaFX Application Thread] DEBUG FXGLApplication      - Registering font factories with UI factory
18:47:24.423 [FXGL Background Thread 1 ] WARN  TMXLevelLoader       - TiledMap generated from 1.12.2. Supported version: 1.9.0. Some features may not be parsed fully.
18:47:24.465 [FXGL Background Thread 1 ] DEBUG TMXLevelLoader       - Parsed TiledMap: file:/E:/All%20About%20Dev/OOP/FXGL%20new%20Begining/final%20version/Tower%20Defender/Tower-Defender/target/classes/assets/levels/wall.tmx
18:47:24.467 [FXGL Background Thread 1 ] DEBUG TMXLevelLoader       - Creating tile layer entities
18:47:24.470 [FXGL Background Thread 1 ] DEBUG TilesetLoader        - Loading view for layer background
18:47:24.472 [FXGL Background Thread 1 ] DEBUG TilesetLoader        - Created buffer with size 1280.0x800.0
18:47:24.501 [FXGL Background Thread 1 ] DEBUG TilesetLoader        - Loading view for layer tower spot layer
18:47:24.502 [FXGL Background Thread 1 ] DEBUG TilesetLoader        - Created buffer with size 1280.0x800.0
18:47:24.510 [FXGL Background Thread 1 ] DEBUG TilesetLoader        - Loading view for layer Road
18:47:24.512 [FXGL Background Thread 1 ] DEBUG TilesetLoader        - Created buffer with size 1280.0x800.0
18:47:24.515 [FXGL Background Thread 1 ] DEBUG TilesetLoader        - Loading view for layer road2
18:47:24.517 [FXGL Background Thread 1 ] DEBUG TilesetLoader        - Created buffer with size 1280.0x800.0
18:47:24.523 [FXGL Background Thread 1 ] WARN  TilesetLoader        - Diagonally flipped tiles are not currently supported
18:47:24.524 [FXGL Background Thread 1 ] WARN  TilesetLoader        - Diagonally flipped tiles are not currently supported
18:47:24.525 [FXGL Background Thread 1 ] WARN  TilesetLoader        - Diagonally flipped tiles are not currently supported
18:47:24.526 [FXGL Background Thread 1 ] WARN  TilesetLoader        - Diagonally flipped tiles are not currently supported
18:47:24.526 [FXGL Background Thread 1 ] WARN  TilesetLoader        - Diagonally flipped tiles are not currently supported
18:47:24.527 [FXGL Background Thread 1 ] WARN  TilesetLoader        - Diagonally flipped tiles are not currently supported
18:47:24.527 [FXGL Background Thread 1 ] WARN  TilesetLoader        - Diagonally flipped tiles are not currently supported
18:47:24.528 [FXGL Background Thread 1 ] WARN  TilesetLoader        - Diagonally flipped tiles are not currently supported
18:47:24.529 [FXGL Background Thread 1 ] WARN  TilesetLoader        - Diagonally flipped tiles are not currently supported
18:47:24.529 [FXGL Background Thread 1 ] WARN  TilesetLoader        - Diagonally flipped tiles are not currently supported
18:47:24.530 [FXGL Background Thread 1 ] WARN  TilesetLoader        - Diagonally flipped tiles are not currently supported
18:47:24.531 [FXGL Background Thread 1 ] WARN  TilesetLoader        - Diagonally flipped tiles are not currently supported
18:47:24.533 [FXGL Background Thread 1 ] WARN  TilesetLoader        - Diagonally flipped tiles are not currently supported
18:47:24.534 [FXGL Background Thread 1 ] WARN  TilesetLoader        - Diagonally flipped tiles are not currently supported
18:47:24.535 [FXGL Background Thread 1 ] WARN  TilesetLoader        - Diagonally flipped tiles are not currently supported
18:47:24.535 [FXGL Background Thread 1 ] WARN  TilesetLoader        - Diagonally flipped tiles are not currently supported
18:47:24.536 [FXGL Background Thread 1 ] WARN  TilesetLoader        - Diagonally flipped tiles are not currently supported
18:47:24.536 [FXGL Background Thread 1 ] WARN  TilesetLoader        - Diagonally flipped tiles are not currently supported
18:47:24.536 [FXGL Background Thread 1 ] WARN  TilesetLoader        - Diagonally flipped tiles are not currently supported
18:47:24.537 [FXGL Background Thread 1 ] WARN  TilesetLoader        - Diagonally flipped tiles are not currently supported
18:47:24.537 [FXGL Background Thread 1 ] WARN  TilesetLoader        - Diagonally flipped tiles are not currently supported
18:47:24.537 [FXGL Background Thread 1 ] WARN  TilesetLoader        - Diagonally flipped tiles are not currently supported
18:47:24.538 [FXGL Background Thread 1 ] WARN  TilesetLoader        - Diagonally flipped tiles are not currently supported
18:47:24.538 [FXGL Background Thread 1 ] WARN  TilesetLoader        - Diagonally flipped tiles are not currently supported
18:47:24.539 [FXGL Background Thread 1 ] WARN  TilesetLoader        - Diagonally flipped tiles are not currently supported
18:47:24.539 [FXGL Background Thread 1 ] WARN  TilesetLoader        - Diagonally flipped tiles are not currently supported
18:47:24.540 [FXGL Background Thread 1 ] WARN  TilesetLoader        - Diagonally flipped tiles are not currently supported
18:47:24.541 [FXGL Background Thread 1 ] WARN  TilesetLoader        - Diagonally flipped tiles are not currently supported
18:47:24.541 [FXGL Background Thread 1 ] WARN  TilesetLoader        - Diagonally flipped tiles are not currently supported
18:47:24.542 [FXGL Background Thread 1 ] WARN  TilesetLoader        - Diagonally flipped tiles are not currently supported
18:47:24.543 [FXGL Background Thread 1 ] WARN  TilesetLoader        - Diagonally flipped tiles are not currently supported
18:47:24.544 [FXGL Background Thread 1 ] WARN  TilesetLoader        - Diagonally flipped tiles are not currently supported
18:47:24.545 [FXGL Background Thread 1 ] WARN  TilesetLoader        - Diagonally flipped tiles are not currently supported
18:47:24.545 [FXGL Background Thread 1 ] WARN  TilesetLoader        - Diagonally flipped tiles are not currently supported
18:47:24.546 [FXGL Background Thread 1 ] WARN  TilesetLoader        - Diagonally flipped tiles are not currently supported
18:47:24.546 [FXGL Background Thread 1 ] WARN  TilesetLoader        - Diagonally flipped tiles are not currently supported
18:47:24.547 [FXGL Background Thread 1 ] WARN  TilesetLoader        - Diagonally flipped tiles are not currently supported
18:47:24.547 [FXGL Background Thread 1 ] WARN  TilesetLoader        - Diagonally flipped tiles are not currently supported
18:47:24.548 [FXGL Background Thread 1 ] WARN  TilesetLoader        - Diagonally flipped tiles are not currently supported
18:47:24.548 [FXGL Background Thread 1 ] WARN  TilesetLoader        - Diagonally flipped tiles are not currently supported
18:47:24.548 [FXGL Background Thread 1 ] WARN  TilesetLoader        - Diagonally flipped tiles are not currently supported
18:47:24.549 [FXGL Background Thread 1 ] WARN  TilesetLoader        - Diagonally flipped tiles are not currently supported
18:47:24.549 [FXGL Background Thread 1 ] WARN  TilesetLoader        - Diagonally flipped tiles are not currently supported
18:47:24.550 [FXGL Background Thread 1 ] WARN  TilesetLoader        - Diagonally flipped tiles are not currently supported
18:47:24.550 [FXGL Background Thread 1 ] WARN  TilesetLoader        - Diagonally flipped tiles are not currently supported
18:47:24.550 [FXGL Background Thread 1 ] WARN  TilesetLoader        - Diagonally flipped tiles are not currently supported
18:47:24.551 [FXGL Background Thread 1 ] WARN  TilesetLoader        - Diagonally flipped tiles are not currently supported
18:47:24.551 [FXGL Background Thread 1 ] WARN  TilesetLoader        - Diagonally flipped tiles are not currently supported
18:47:24.552 [FXGL Background Thread 1 ] WARN  TilesetLoader        - Diagonally flipped tiles are not currently supported
18:47:24.552 [FXGL Background Thread 1 ] WARN  TilesetLoader        - Diagonally flipped tiles are not currently supported
18:47:24.553 [FXGL Background Thread 1 ] WARN  TilesetLoader        - Diagonally flipped tiles are not currently supported
18:47:24.553 [FXGL Background Thread 1 ] WARN  TilesetLoader        - Diagonally flipped tiles are not currently supported
18:47:24.554 [FXGL Background Thread 1 ] WARN  TilesetLoader        - Diagonally flipped tiles are not currently supported
18:47:24.554 [FXGL Background Thread 1 ] WARN  TilesetLoader        - Diagonally flipped tiles are not currently supported
18:47:24.555 [FXGL Background Thread 1 ] WARN  TilesetLoader        - Diagonally flipped tiles are not currently supported
18:47:24.555 [FXGL Background Thread 1 ] WARN  TilesetLoader        - Diagonally flipped tiles are not currently supported
18:47:24.556 [FXGL Background Thread 1 ] WARN  TilesetLoader        - Diagonally flipped tiles are not currently supported
18:47:24.557 [FXGL Background Thread 1 ] WARN  TilesetLoader        - Diagonally flipped tiles are not currently supported
18:47:24.558 [FXGL Background Thread 1 ] WARN  TilesetLoader        - Diagonally flipped tiles are not currently supported
18:47:24.564 [FXGL Background Thread 1 ] WARN  TilesetLoader        - Diagonally flipped tiles are not currently supported
18:47:24.565 [FXGL Background Thread 1 ] WARN  TilesetLoader        - Diagonally flipped tiles are not currently supported
18:47:24.565 [FXGL Background Thread 1 ] WARN  TilesetLoader        - Diagonally flipped tiles are not currently supported
18:47:24.566 [FXGL Background Thread 1 ] WARN  TilesetLoader        - Diagonally flipped tiles are not currently supported
18:47:24.566 [FXGL Background Thread 1 ] WARN  TilesetLoader        - Diagonally flipped tiles are not currently supported
18:47:24.567 [FXGL Background Thread 1 ] WARN  TilesetLoader        - Diagonally flipped tiles are not currently supported
18:47:24.567 [FXGL Background Thread 1 ] WARN  TilesetLoader        - Diagonally flipped tiles are not currently supported
18:47:24.568 [FXGL Background Thread 1 ] WARN  TilesetLoader        - Diagonally flipped tiles are not currently supported
18:47:24.569 [FXGL Background Thread 1 ] WARN  TilesetLoader        - Diagonally flipped tiles are not currently supported
18:47:24.570 [FXGL Background Thread 1 ] WARN  TilesetLoader        - Diagonally flipped tiles are not currently supported
18:47:24.571 [FXGL Background Thread 1 ] WARN  TilesetLoader        - Diagonally flipped tiles are not currently supported
18:47:24.571 [FXGL Background Thread 1 ] WARN  TilesetLoader        - Diagonally flipped tiles are not currently supported
18:47:24.572 [FXGL Background Thread 1 ] WARN  TilesetLoader        - Diagonally flipped tiles are not currently supported
18:47:24.573 [FXGL Background Thread 1 ] WARN  TilesetLoader        - Diagonally flipped tiles are not currently supported
18:47:24.573 [FXGL Background Thread 1 ] WARN  TilesetLoader        - Diagonally flipped tiles are not currently supported
18:47:24.573 [FXGL Background Thread 1 ] WARN  TilesetLoader        - Diagonally flipped tiles are not currently supported
18:47:24.574 [FXGL Background Thread 1 ] WARN  TilesetLoader        - Diagonally flipped tiles are not currently supported
18:47:24.574 [FXGL Background Thread 1 ] WARN  TilesetLoader        - Diagonally flipped tiles are not currently supported
18:47:24.575 [FXGL Background Thread 1 ] WARN  TilesetLoader        - Diagonally flipped tiles are not currently supported
18:47:24.575 [FXGL Background Thread 1 ] WARN  TilesetLoader        - Diagonally flipped tiles are not currently supported
18:47:24.575 [FXGL Background Thread 1 ] WARN  TilesetLoader        - Diagonally flipped tiles are not currently supported
18:47:24.576 [FXGL Background Thread 1 ] WARN  TilesetLoader        - Diagonally flipped tiles are not currently supported
18:47:24.576 [FXGL Background Thread 1 ] WARN  TilesetLoader        - Diagonally flipped tiles are not currently supported
18:47:24.577 [FXGL Background Thread 1 ] WARN  TilesetLoader        - Diagonally flipped tiles are not currently supported
18:47:24.577 [FXGL Background Thread 1 ] WARN  TilesetLoader        - Diagonally flipped tiles are not currently supported
18:47:24.578 [FXGL Background Thread 1 ] WARN  TilesetLoader        - Diagonally flipped tiles are not currently supported
18:47:24.578 [FXGL Background Thread 1 ] WARN  TilesetLoader        - Diagonally flipped tiles are not currently supported
18:47:24.578 [FXGL Background Thread 1 ] WARN  TilesetLoader        - Diagonally flipped tiles are not currently supported
18:47:24.579 [FXGL Background Thread 1 ] WARN  TilesetLoader        - Diagonally flipped tiles are not currently supported
18:47:24.579 [FXGL Background Thread 1 ] WARN  TilesetLoader        - Diagonally flipped tiles are not currently supported
18:47:24.580 [FXGL Background Thread 1 ] WARN  TilesetLoader        - Diagonally flipped tiles are not currently supported
18:47:24.580 [FXGL Background Thread 1 ] WARN  TilesetLoader        - Diagonally flipped tiles are not currently supported
18:47:24.581 [FXGL Background Thread 1 ] WARN  TilesetLoader        - Diagonally flipped tiles are not currently supported
18:47:24.581 [FXGL Background Thread 1 ] WARN  TilesetLoader        - Diagonally flipped tiles are not currently supported
18:47:24.582 [FXGL Background Thread 1 ] WARN  TilesetLoader        - Diagonally flipped tiles are not currently supported
18:47:24.582 [FXGL Background Thread 1 ] WARN  TilesetLoader        - Diagonally flipped tiles are not currently supported
18:47:24.583 [FXGL Background Thread 1 ] WARN  TilesetLoader        - Diagonally flipped tiles are not currently supported
18:47:24.583 [FXGL Background Thread 1 ] WARN  TilesetLoader        - Diagonally flipped tiles are not currently supported
18:47:24.583 [FXGL Background Thread 1 ] WARN  TilesetLoader        - Diagonally flipped tiles are not currently supported
18:47:24.584 [FXGL Background Thread 1 ] WARN  TilesetLoader        - Diagonally flipped tiles are not currently supported
18:47:24.584 [FXGL Background Thread 1 ] WARN  TilesetLoader        - Diagonally flipped tiles are not currently supported
18:47:24.585 [FXGL Background Thread 1 ] WARN  TilesetLoader        - Diagonally flipped tiles are not currently supported
18:47:24.585 [FXGL Background Thread 1 ] WARN  TilesetLoader        - Diagonally flipped tiles are not currently supported
18:47:24.586 [FXGL Background Thread 1 ] WARN  TilesetLoader        - Diagonally flipped tiles are not currently supported
18:47:24.586 [FXGL Background Thread 1 ] WARN  TilesetLoader        - Diagonally flipped tiles are not currently supported
18:47:24.587 [FXGL Background Thread 1 ] WARN  TilesetLoader        - Diagonally flipped tiles are not currently supported
18:47:24.587 [FXGL Background Thread 1 ] WARN  TilesetLoader        - Diagonally flipped tiles are not currently supported
18:47:24.587 [FXGL Background Thread 1 ] WARN  TilesetLoader        - Diagonally flipped tiles are not currently supported
18:47:24.588 [FXGL Background Thread 1 ] WARN  TilesetLoader        - Diagonally flipped tiles are not currently supported
18:47:24.589 [FXGL Background Thread 1 ] WARN  TilesetLoader        - Diagonally flipped tiles are not currently supported
18:47:24.589 [FXGL Background Thread 1 ] WARN  TilesetLoader        - Diagonally flipped tiles are not currently supported
18:47:24.590 [FXGL Background Thread 1 ] WARN  TilesetLoader        - Diagonally flipped tiles are not currently supported
18:47:24.590 [FXGL Background Thread 1 ] WARN  TilesetLoader        - Diagonally flipped tiles are not currently supported
18:47:24.591 [FXGL Background Thread 1 ] WARN  TilesetLoader        - Diagonally flipped tiles are not currently supported
18:47:24.591 [FXGL Background Thread 1 ] WARN  TilesetLoader        - Diagonally flipped tiles are not currently supported
18:47:24.592 [FXGL Background Thread 1 ] WARN  TilesetLoader        - Diagonally flipped tiles are not currently supported
18:47:24.592 [FXGL Background Thread 1 ] WARN  TilesetLoader        - Diagonally flipped tiles are not currently supported
18:47:24.592 [FXGL Background Thread 1 ] WARN  TilesetLoader        - Diagonally flipped tiles are not currently supported
18:47:24.593 [FXGL Background Thread 1 ] WARN  TilesetLoader        - Diagonally flipped tiles are not currently supported
18:47:24.593 [FXGL Background Thread 1 ] WARN  TilesetLoader        - Diagonally flipped tiles are not currently supported
18:47:24.593 [FXGL Background Thread 1 ] WARN  TilesetLoader        - Diagonally flipped tiles are not currently supported
18:47:24.594 [FXGL Background Thread 1 ] WARN  TilesetLoader        - Diagonally flipped tiles are not currently supported
18:47:24.594 [FXGL Background Thread 1 ] WARN  TilesetLoader        - Diagonally flipped tiles are not currently supported
18:47:24.595 [FXGL Background Thread 1 ] WARN  TilesetLoader        - Diagonally flipped tiles are not currently supported
18:47:24.595 [FXGL Background Thread 1 ] WARN  TilesetLoader        - Diagonally flipped tiles are not currently supported
18:47:24.595 [FXGL Background Thread 1 ] WARN  TilesetLoader        - Diagonally flipped tiles are not currently supported
18:47:24.596 [FXGL Background Thread 1 ] WARN  TilesetLoader        - Diagonally flipped tiles are not currently supported
18:47:24.596 [FXGL Background Thread 1 ] WARN  TilesetLoader        - Diagonally flipped tiles are not currently supported
18:47:24.596 [FXGL Background Thread 1 ] WARN  TilesetLoader        - Diagonally flipped tiles are not currently supported
18:47:24.597 [FXGL Background Thread 1 ] WARN  TilesetLoader        - Diagonally flipped tiles are not currently supported
18:47:24.597 [FXGL Background Thread 1 ] WARN  TilesetLoader        - Diagonally flipped tiles are not currently supported
18:47:24.597 [FXGL Background Thread 1 ] WARN  TilesetLoader        - Diagonally flipped tiles are not currently supported
18:47:24.598 [FXGL Background Thread 1 ] WARN  TilesetLoader        - Diagonally flipped tiles are not currently supported
18:47:24.598 [FXGL Background Thread 1 ] WARN  TilesetLoader        - Diagonally flipped tiles are not currently supported
18:47:24.599 [FXGL Background Thread 1 ] WARN  TilesetLoader        - Diagonally flipped tiles are not currently supported
18:47:24.599 [FXGL Background Thread 1 ] WARN  TilesetLoader        - Diagonally flipped tiles are not currently supported
18:47:24.599 [FXGL Background Thread 1 ] WARN  TilesetLoader        - Diagonally flipped tiles are not currently supported
18:47:24.600 [FXGL Background Thread 1 ] WARN  TilesetLoader        - Diagonally flipped tiles are not currently supported
18:47:24.600 [FXGL Background Thread 1 ] WARN  TilesetLoader        - Diagonally flipped tiles are not currently supported
18:47:24.601 [FXGL Background Thread 1 ] WARN  TilesetLoader        - Diagonally flipped tiles are not currently supported
18:47:24.601 [FXGL Background Thread 1 ] WARN  TilesetLoader        - Diagonally flipped tiles are not currently supported
18:47:24.601 [FXGL Background Thread 1 ] WARN  TilesetLoader        - Diagonally flipped tiles are not currently supported
18:47:24.602 [FXGL Background Thread 1 ] WARN  TilesetLoader        - Diagonally flipped tiles are not currently supported
18:47:24.602 [FXGL Background Thread 1 ] WARN  TilesetLoader        - Diagonally flipped tiles are not currently supported
18:47:24.603 [FXGL Background Thread 1 ] WARN  TilesetLoader        - Diagonally flipped tiles are not currently supported
18:47:24.603 [FXGL Background Thread 1 ] WARN  TilesetLoader        - Diagonally flipped tiles are not currently supported
18:47:24.604 [FXGL Background Thread 1 ] WARN  TilesetLoader        - Diagonally flipped tiles are not currently supported
18:47:24.604 [FXGL Background Thread 1 ] WARN  TilesetLoader        - Diagonally flipped tiles are not currently supported
18:47:24.608 [FXGL Background Thread 1 ] WARN  TilesetLoader        - Diagonally flipped tiles are not currently supported
18:47:24.609 [FXGL Background Thread 1 ] WARN  TilesetLoader        - Diagonally flipped tiles are not currently supported
18:47:24.610 [FXGL Background Thread 1 ] DEBUG TilesetLoader        - Loading view for layer road3
18:47:24.613 [FXGL Background Thread 1 ] DEBUG TilesetLoader        - Created buffer with size 1280.0x800.0
18:47:24.615 [FXGL Background Thread 1 ] DEBUG TilesetLoader        - Loading view for layer bg2
18:47:24.616 [FXGL Background Thread 1 ] DEBUG TilesetLoader        - Created buffer with size 1280.0x800.0
18:47:24.743 [FXGL Background Thread 1 ] DEBUG TilesetLoader        - Loading view for layer icons
18:47:24.744 [FXGL Background Thread 1 ] DEBUG TilesetLoader        - Created buffer with size 1280.0x800.0
18:47:24.757 [FXGL Background Thread 1 ] DEBUG TMXLevelLoader       - Creating object layer entities
18:47:24.791 [FXGL Background Thread 1 ] DEBUG GameWorld            - Clearing removable entities
18:47:24.792 [FXGL Background Thread 1 ] DEBUG GameWorld            - Setting level: com.almasb.fxgl.entity.level.Level@34c2facc
18:47:24.809 [FXGL Background Thread 1 ] INFO  FXGLApplication      - Game initialization took: 0.522 sec
18:47:24.811 [JavaFX Application Thread] DEBUG Input                - Clearing active input actions
18:47:24.835 [JavaFX Application Thread] DEBUG GameApplicationServi - Removing overlay from FXGLLoadingScene and adding to GameScene
18:47:24.836 [JavaFX Application Thread] DEBUG PrimaryStageWindow   - FXGLLoadingScene -> GameScene
18:47:25.421 [FXGL Background Thread 2 ] INFO  UpdaterService       - Your current version:  21.1
18:47:25.421 [FXGL Background Thread 2 ] INFO  UpdaterService       - Latest stable version: 25
18:47:25.950 [JavaFX Application Thread] DEBUG FXGLAssetLoaderServi - Loading from file system: file:/E:/All%20About%20Dev/OOP/FXGL%20new%20Begining/final%20version/Tower%20Defender/Tower-Defender/target/classes/assets/textures/wolf.png
18:47:25.967 [JavaFX Application Thread] DEBUG FXGLAssetLoaderServi - Loading from file system: file:/E:/All%20About%20Dev/OOP/FXGL%20new%20Begining/final%20version/Tower%20Defender/Tower-Defender/target/classes/assets/textures/bird.png
18:47:26.145 [JavaFX Application Thread] DEBUG FXGLAssetLoaderServi - Loading from file system: file:/E:/All%20About%20Dev/OOP/FXGL%20new%20Begining/final%20version/Tower%20Defender/Tower-Defender/target/classes/assets/textures/tank_enemy.png
18:47:26.793 [JavaFX Application Thread] DEBUG FXGLAssetLoaderServi - Loading from file system: file:/E:/All%20About%20Dev/OOP/FXGL%20new%20Begining/final%20version/Tower%20Defender/Tower-Defender/target/classes/assets/textures/tank_bullet.png
18:47:27.162 [FXGL Background Thread 3 ] DEBUG Engine               - Logging environment variables
18:47:27.163 [FXGL Background Thread 3 ] DEBUG Engine               - achievements: []
18:47:27.163 [FXGL Background Thread 3 ] DEBUG Engine               - actualHeight: 800.0
18:47:27.163 [FXGL Background Thread 3 ] DEBUG Engine               - actualHeightProperty: ReadOnlyDoubleProperty [value: 800.0]
18:47:27.163 [FXGL Background Thread 3 ] DEBUG Engine               - actualWidth: 1280.0
18:47:27.163 [FXGL Background Thread 3 ] DEBUG Engine               - actualWidthProperty: ReadOnlyDoubleProperty [value: 1280.0]
18:47:27.163 [FXGL Background Thread 3 ] DEBUG Engine               - appIcon: fxgl_icon.png
18:47:27.163 [FXGL Background Thread 3 ] DEBUG Engine               - applicationMode: DEVELOPER
18:47:27.163 [FXGL Background Thread 3 ] DEBUG Engine               - cSSList: [fxgl_dark.css]
18:47:27.163 [FXGL Background Thread 3 ] DEBUG Engine               - collisionDetectionStrategy: BRUTE_FORCE
18:47:27.164 [FXGL Background Thread 3 ] DEBUG Engine               - configClass: Optional.empty
18:47:27.164 [FXGL Background Thread 3 ] DEBUG Engine               - credits: []
18:47:27.164 [FXGL Background Thread 3 ] DEBUG Engine               - defaultCursor: CursorInfo(imageName=fxgl_default_cursor.png, hotspotX=7.0, hotspotY=6.0)
18:47:27.164 [FXGL Background Thread 3 ] DEBUG Engine               - devBBoxColorProperty: ObjectProperty [value: 0xff0000ff]
18:47:27.164 [FXGL Background Thread 3 ] DEBUG Engine               - devEnableDebugCameraProperty: BooleanProperty [value: false]
18:47:27.164 [FXGL Background Thread 3 ] DEBUG Engine               - devSensorColorProperty: ObjectProperty [value: 0xffff00ff]
18:47:27.164 [FXGL Background Thread 3 ] DEBUG Engine               - devShowBBoxProperty: BooleanProperty [value: false]
18:47:27.164 [FXGL Background Thread 3 ] DEBUG Engine               - devShowPositionProperty: BooleanProperty [value: false]
18:47:27.164 [FXGL Background Thread 3 ] DEBUG Engine               - enabledMenuItems: []
18:47:27.164 [FXGL Background Thread 3 ] DEBUG Engine               - engineServices: [class com.almasb.fxgl.app.services.FXGLAssetLoaderService, class com.almasb.fxgl.app.FXGLApplication$GameApplicationService, class com.almasb.fxgl.app.services.FXGLDialogService, class com.almasb.fxgl.app.services.IOTaskExecutorService, class com.almasb.fxgl.io.FileSystemService, class com.almasb.fxgl.localization.LocalizationService, class com.almasb.fxgl.app.services.SystemBundleService, class com.almasb.fxgl.profile.SaveLoadService, class com.almasb.fxgl.ui.FXGLUIFactoryServiceProvider, class com.almasb.fxgl.ui.FXGLDialogFactoryServiceProvider, class com.almasb.fxgl.audio.AudioPlayer, class com.almasb.fxgl.notification.impl.NotificationServiceProvider, class com.almasb.fxgl.achievement.AchievementService, class com.almasb.fxgl.cutscene.CutsceneService, class com.almasb.fxgl.minigames.MiniGameService, class com.almasb.fxgl.net.NetService, class com.almasb.fxgl.app.services.UpdaterService, class com.almasb.fxgl.dev.DevService]
18:47:27.164 [FXGL Background Thread 3 ] DEBUG Engine               - fontGame: Abel-Regular.ttf
18:47:27.164 [FXGL Background Thread 3 ] DEBUG Engine               - fontMono: TerminalLandMono-Regular.otf
18:47:27.164 [FXGL Background Thread 3 ] DEBUG Engine               - fontSizeScaleUI: 1.0
18:47:27.164 [FXGL Background Thread 3 ] DEBUG Engine               - fontText: Courier-Prime.ttf
18:47:27.164 [FXGL Background Thread 3 ] DEBUG Engine               - fontUI: VarelaRound-Regular.ttf
18:47:27.164 [FXGL Background Thread 3 ] DEBUG Engine               - fullScreen: BooleanProperty [value: false]
18:47:27.164 [FXGL Background Thread 3 ] DEBUG Engine               - gameDifficulty: MEDIUM
18:47:27.164 [FXGL Background Thread 3 ] DEBUG Engine               - gameDifficultyProperty: ObjectProperty [value: MEDIUM]
18:47:27.164 [FXGL Background Thread 3 ] DEBUG Engine               - globalMusicVolume: 0.5
18:47:27.164 [FXGL Background Thread 3 ] DEBUG Engine               - globalMusicVolumeProperty: DoubleProperty [value: 0.5]
18:47:27.164 [FXGL Background Thread 3 ] DEBUG Engine               - globalSoundVolume: 0.5
18:47:27.165 [FXGL Background Thread 3 ] DEBUG Engine               - globalSoundVolumeProperty: DoubleProperty [value: 0.5]
18:47:27.165 [FXGL Background Thread 3 ] DEBUG Engine               - height: 800
18:47:27.165 [FXGL Background Thread 3 ] DEBUG Engine               - is3D: false
18:47:27.165 [FXGL Background Thread 3 ] DEBUG Engine               - isAndroid: false
18:47:27.165 [FXGL Background Thread 3 ] DEBUG Engine               - isBrowser: false
18:47:27.165 [FXGL Background Thread 3 ] DEBUG Engine               - isClickFeedbackEnabled: false
18:47:27.165 [FXGL Background Thread 3 ] DEBUG Engine               - isCloseConfirmation: false
18:47:27.165 [FXGL Background Thread 3 ] DEBUG Engine               - isDesktop: true
18:47:27.165 [FXGL Background Thread 3 ] DEBUG Engine               - isDeveloperMenuEnabled: false
18:47:27.165 [FXGL Background Thread 3 ] DEBUG Engine               - isEmbedded: false
18:47:27.165 [FXGL Background Thread 3 ] DEBUG Engine               - isEntityPreloadEnabled: true
18:47:27.165 [FXGL Background Thread 3 ] DEBUG Engine               - isExperimentalTiledLargeMap: false
18:47:27.165 [FXGL Background Thread 3 ] DEBUG Engine               - isFileSystemWriteAllowed: true
18:47:27.165 [FXGL Background Thread 3 ] DEBUG Engine               - isFullScreenAllowed: true
18:47:27.165 [FXGL Background Thread 3 ] DEBUG Engine               - isFullScreenFromStart: false
18:47:27.165 [FXGL Background Thread 3 ] DEBUG Engine               - isGameMenuEnabled: true
18:47:27.165 [FXGL Background Thread 3 ] DEBUG Engine               - isIOS: false
18:47:27.165 [FXGL Background Thread 3 ] DEBUG Engine               - isIntroEnabled: false
18:47:27.165 [FXGL Background Thread 3 ] DEBUG Engine               - isLinux: false
18:47:27.165 [FXGL Background Thread 3 ] DEBUG Engine               - isMac: false
18:47:27.165 [FXGL Background Thread 3 ] DEBUG Engine               - isMainMenuEnabled: false
18:47:27.165 [FXGL Background Thread 3 ] DEBUG Engine               - isManualResizeEnabled: true
18:47:27.165 [FXGL Background Thread 3 ] DEBUG Engine               - isMobile: false
18:47:27.165 [FXGL Background Thread 3 ] DEBUG Engine               - isNative: false
18:47:27.165 [FXGL Background Thread 3 ] DEBUG Engine               - isPauseMusicWhenMinimized: true
18:47:27.165 [FXGL Background Thread 3 ] DEBUG Engine               - isPreserveResizeRatio: false
18:47:27.165 [FXGL Background Thread 3 ] DEBUG Engine               - isProfilingEnabled: false
18:47:27.165 [FXGL Background Thread 3 ] DEBUG Engine               - isScaleAffectedOnResize: true
18:47:27.165 [FXGL Background Thread 3 ] DEBUG Engine               - isSingleStep: false
18:47:27.165 [FXGL Background Thread 3 ] DEBUG Engine               - isUserProfileEnabled: false
18:47:27.165 [FXGL Background Thread 3 ] DEBUG Engine               - isWindows: true
18:47:27.165 [FXGL Background Thread 3 ] DEBUG Engine               - language: ObjectProperty [value: ENGLISH]
18:47:27.165 [FXGL Background Thread 3 ] DEBUG Engine               - menuKey: ESCAPE
18:47:27.165 [FXGL Background Thread 3 ] DEBUG Engine               - mouseSensitivity: 0.2
18:47:27.165 [FXGL Background Thread 3 ] DEBUG Engine               - notificationViewClass: class com.almasb.fxgl.notification.view.XboxNotificationView
18:47:27.165 [FXGL Background Thread 3 ] DEBUG Engine               - pixelsPerMeter: 50.0
18:47:27.165 [FXGL Background Thread 3 ] DEBUG Engine               - platform: WINDOWS
18:47:27.165 [FXGL Background Thread 3 ] DEBUG Engine               - prefHeightProperty: ReadOnlyDoubleProperty [value: 800.0]
18:47:27.165 [FXGL Background Thread 3 ] DEBUG Engine               - prefWidthProperty: ReadOnlyDoubleProperty [value: 1280.0]
18:47:27.165 [FXGL Background Thread 3 ] DEBUG Engine               - profileDir: profiles/
18:47:27.165 [FXGL Background Thread 3 ] DEBUG Engine               - profileName: StringProperty [value: DEFAULT]
18:47:27.165 [FXGL Background Thread 3 ] DEBUG Engine               - randomSeed: -1
18:47:27.166 [FXGL Background Thread 3 ] DEBUG Engine               - runtimeInfo: RuntimeInfo(platform=WINDOWS, version=21.1, build=27.03.2024 07.52)
18:47:27.166 [FXGL Background Thread 3 ] DEBUG Engine               - saveFileExt: sav
18:47:27.166 [FXGL Background Thread 3 ] DEBUG Engine               - scaledHeightProp$fxgl: DoubleProperty [bound, value: 800.0]
18:47:27.166 [FXGL Background Thread 3 ] DEBUG Engine               - scaledWidthProp$fxgl: DoubleProperty [bound, value: 1280.0]
18:47:27.166 [FXGL Background Thread 3 ] DEBUG Engine               - sceneFactory: com.almasb.fxgl.app.scene.SceneFactory@47e388c9
18:47:27.166 [FXGL Background Thread 3 ] DEBUG Engine               - secondsIn24h: 60
18:47:27.166 [FXGL Background Thread 3 ] DEBUG Engine               - soundMenuBack: menu/back.wav
18:47:27.166 [FXGL Background Thread 3 ] DEBUG Engine               - soundMenuPress: menu/press.wav
18:47:27.166 [FXGL Background Thread 3 ] DEBUG Engine               - soundMenuSelect: menu/select.wav
18:47:27.166 [FXGL Background Thread 3 ] DEBUG Engine               - soundNotification: core/notification.wav
18:47:27.166 [FXGL Background Thread 3 ] DEBUG Engine               - stageStyle: DECORATED
18:47:27.166 [FXGL Background Thread 3 ] DEBUG Engine               - supportedLanguages: [ENGLISH, FRENCH, GERMAN, HUNGARIAN, RUSSIAN]
18:47:27.166 [FXGL Background Thread 3 ] DEBUG Engine               - ticksPerSecond: -1
18:47:27.166 [FXGL Background Thread 3 ] DEBUG Engine               - title: Ghost Hunter
18:47:27.166 [FXGL Background Thread 3 ] DEBUG Engine               - urlGithub: https://github.com/AlmasB/FXGL
18:47:27.166 [FXGL Background Thread 3 ] DEBUG Engine               - urlLeaderboard: http://fxgl-top.herokuapp.com/
18:47:27.166 [FXGL Background Thread 3 ] DEBUG Engine               - urlPOM: https://raw.githubusercontent.com/AlmasB/FXGL/release/README.md
18:47:27.166 [FXGL Background Thread 3 ] DEBUG Engine               - userAppClass: class org.saikat.Main
18:47:27.166 [FXGL Background Thread 3 ] DEBUG Engine               - version: 1.0
18:47:27.166 [FXGL Background Thread 3 ] DEBUG Engine               - versionCheckDays: 7
18:47:27.166 [FXGL Background Thread 3 ] DEBUG Engine               - width: 1280
18:47:27.166 [FXGL Background Thread 3 ] DEBUG Engine               - Logging services
18:47:27.166 [FXGL Background Thread 3 ] DEBUG Engine               - class com.almasb.fxgl.app.services.FXGLAssetLoaderService
18:47:27.166 [FXGL Background Thread 3 ] DEBUG Engine               - class com.almasb.fxgl.app.FXGLApplication$GameApplicationService
18:47:27.166 [FXGL Background Thread 3 ] DEBUG Engine               - class com.almasb.fxgl.app.services.FXGLDialogService
18:47:27.166 [FXGL Background Thread 3 ] DEBUG Engine               - class com.almasb.fxgl.app.services.IOTaskExecutorService
18:47:27.166 [FXGL Background Thread 3 ] DEBUG Engine               - class com.almasb.fxgl.io.FileSystemService
18:47:27.166 [FXGL Background Thread 3 ] DEBUG Engine               - class com.almasb.fxgl.localization.LocalizationService
18:47:27.166 [FXGL Background Thread 3 ] DEBUG Engine               - class com.almasb.fxgl.app.services.SystemBundleService
18:47:27.166 [FXGL Background Thread 3 ] DEBUG Engine               - class com.almasb.fxgl.profile.SaveLoadService
18:47:27.166 [FXGL Background Thread 3 ] DEBUG Engine               - class com.almasb.fxgl.ui.FXGLUIFactoryServiceProvider
18:47:27.166 [FXGL Background Thread 3 ] DEBUG Engine               - class com.almasb.fxgl.ui.FXGLDialogFactoryServiceProvider
18:47:27.166 [FXGL Background Thread 3 ] DEBUG Engine               - class com.almasb.fxgl.audio.AudioPlayer
18:47:27.166 [FXGL Background Thread 3 ] DEBUG Engine               - class com.almasb.fxgl.notification.impl.NotificationServiceProvider
18:47:27.166 [FXGL Background Thread 3 ] DEBUG Engine               - class com.almasb.fxgl.achievement.AchievementService
18:47:27.166 [FXGL Background Thread 3 ] DEBUG Engine               - class com.almasb.fxgl.cutscene.CutsceneService
18:47:27.166 [FXGL Background Thread 3 ] DEBUG Engine               - class com.almasb.fxgl.minigames.MiniGameService
18:47:27.166 [FXGL Background Thread 3 ] DEBUG Engine               - class com.almasb.fxgl.net.NetService
18:47:27.166 [FXGL Background Thread 3 ] DEBUG Engine               - class com.almasb.fxgl.app.services.UpdaterService
18:47:27.166 [FXGL Background Thread 3 ] DEBUG Engine               - class com.almasb.fxgl.dev.DevService
18:47:31.168 [JavaFX Application Thread] DEBUG FXGLApplication      - Exiting FXGL
18:47:31.168 [JavaFX Application Thread] DEBUG LoopRunner           - Stopping loop
18:47:31.168 [JavaFX Application Thread] DEBUG SystemBundleService  - Saving FXGL system data
18:47:31.180 [JavaFX Application Thread] DEBUG FileSystemAccess     - Writing to: E:\All About Dev\OOP\FXGL new Begining\final version\Tower Defender\Tower-Defender\system\fxgl.bundle
18:47:31.183 [JavaFX Application Thread] DEBUG Async                - Shutting down background threads
18:47:31.183 [JavaFX Application Thread] DEBUG PrimaryStageWindow   - Closing main window
18:47:31.210 [JavaFX Application Thread] DEBUG Logger               - Closing Logger
