05:04:47.994 [main                     ] DEBUG Logger               - Configured Logger
05:04:48.027 [main                     ] DEBUG GameApplication      - Logging settings
Title: Ghost Hunter
Version: 1.0
Width: 1280
Height: 800
Fullscreen: true
Intro: false
Profiling: false
Single step:false
App Mode: DEVELOPER
Menu Key: ESCAPE
Stage Style: DECORATED
Scene Factory: class com.almasb.fxgl.app.scene.SceneFactory

05:04:48.532 [JavaFX Application Thread] DEBUG FXGLApplication      - Initializing FXGL
05:04:48.536 [JavaFX Application Thread] INFO  Engine               - FXGL-21.1 (27.03.2024 07.52) on WINDOWS (J:21.0.9 FX:21.0.1)
05:04:48.536 [JavaFX Application Thread] DEBUG Engine               - JRE Vendor Name: Oracle Corporation
05:04:48.536 [JavaFX Application Thread] DEBUG Engine               - Running on OS: Windows 11 version 10.0
05:04:48.536 [JavaFX Application Thread] DEBUG Engine               - Architecture: amd64
05:04:48.536 [JavaFX Application Thread] INFO  Engine               - Source code and latest versions at: https://github.com/AlmasB/FXGL
05:04:48.537 [JavaFX Application Thread] INFO  Engine               -       Ask questions and discuss at: https://github.com/AlmasB/FXGL/discussions
05:04:48.537 [JavaFX Application Thread] INFO  Engine               -              Join the FXGL chat at: https://gitter.im/AlmasB/FXGL
05:04:48.653 [JavaFX Application Thread] DEBUG PrimaryStageWindow   - Creating a JavaFX scene
05:04:48.710 [JavaFX Application Thread] DEBUG PrimaryStageWindow   - Target settings size: 1280.0 x 800.0
05:04:48.710 [JavaFX Application Thread] DEBUG PrimaryStageWindow   - Scaled scene size:    1280.0 x 800.0
05:04:48.710 [JavaFX Application Thread] DEBUG PrimaryStageWindow   - Scaled ratio: (1.0, 1.0)
05:04:48.712 [JavaFX Application Thread] DEBUG PrimaryStageWindow   - Set initial scene to FXGLStartupScene
05:04:48.717 [JavaFX Application Thread] DEBUG PrimaryStageWindow   - Opening main window
05:04:48.898 [JavaFX Application Thread] DEBUG PrimaryStageWindow   - Window border size: (14.4000244140625, 37.5999755859375)
05:04:48.899 [JavaFX Application Thread] DEBUG PrimaryStageWindow   - Scaled size: 1280.0 x 800.0
05:04:48.899 [JavaFX Application Thread] DEBUG PrimaryStageWindow   - Scaled ratio: (1.0, 1.0)
05:04:48.899 [JavaFX Application Thread] DEBUG PrimaryStageWindow   - Scene size: 1280.0 x 800.0
05:04:48.900 [JavaFX Application Thread] DEBUG PrimaryStageWindow   - Stage size: 1294.4000244140625 x 837.5999755859375
05:04:48.909 [FXGL Background Thread 1 ] DEBUG Engine               - Initializing environment variables
05:04:48.994 [FXGL Background Thread 1 ] DEBUG FXGLAssetLoaderServi - User app class for loading assets: class org.saikat.Game
05:04:48.994 [FXGL Background Thread 1 ] DEBUG GameApplicationServi - Applying CSS: fxgl_dark.css
05:04:48.996 [FXGL Background Thread 1 ] DEBUG FXGLAssetLoaderServi - Loading from file system: jar:file:/C:/Users/HP/.m2/repository/com/github/almasb/fxgl/21.1/fxgl-21.1.jar!/fxglassets/ui/css/fxgl_dark.css
05:04:49.044 [FXGL Background Thread 1 ] DEBUG GameApplicationServi - Initializing application scenes
05:04:49.101 [FXGL Background Thread 1 ] DEBUG GameWorld            - Game world initialized
05:04:49.212 [FXGL Background Thread 1 ] DEBUG PhysicsWorld         - Physics world initialized: appHeight=800, physics.ppm=50.0
05:04:49.212 [FXGL Background Thread 1 ] DEBUG PhysicsWorld         - Using strategy: BRUTE_FORCE
05:04:49.218 [FXGL Background Thread 1 ] DEBUG GameScene            - Game scene initialized: 1280x800
05:04:49.236 [FXGL Background Thread 1 ] DEBUG FXGL.DefaultMenu     - createMenuBodyMainMenu()
05:04:49.254 [FXGL Background Thread 1 ] DEBUG FXGL.DefaultMenu     - createOptionsMenu()
05:04:49.263 [FXGL Background Thread 1 ] DEBUG FXGLAssetLoaderServi - Loading from file system: jar:file:/C:/Users/HP/.m2/repository/com/github/almasb/fxgl/21.1/fxgl-21.1.jar!/fxglassets/textures/particles/smoke.png
05:04:49.407 [FXGL Background Thread 1 ] DEBUG FXGLAssetLoaderServi - Loading from file system: jar:file:/C:/Users/HP/.m2/repository/com/github/almasb/fxgl/21.1/fxgl-21.1.jar!/fxglassets/textures/particles/trace_horizontal.png
05:04:49.437 [FXGL Background Thread 1 ] DEBUG FXGL.DefaultMenu     - createMenuBodyGameMenu()
05:04:49.439 [FXGL Background Thread 1 ] DEBUG FXGL.DefaultMenu     - createOptionsMenu()
05:04:49.450 [FXGL Background Thread 1 ] DEBUG GameApplicationServi - Application scenes initialized
05:04:49.463 [FXGL Background Thread 1 ] DEBUG SystemBundleService  - Loading FXGL system data
05:04:49.470 [FXGL Background Thread 1 ] DEBUG FileSystemAccess     - Reading from: E:\All About Dev\OOP\FXGL new Begining\final version\Tower Defender\Tower-Defender\system\fxgl.bundle
05:04:49.479 [FXGL Background Thread 1 ] DEBUG SystemBundleService  - Bundle FXGL: {}
05:04:49.479 [FXGL Background Thread 1 ] DEBUG UpdaterService       - Checking for updates
05:04:49.486 [FXGL Background Thread 4 ] DEBUG FXGLApplication      - Loading fonts
05:04:49.487 [FXGL Background Thread 4 ] DEBUG FXGLAssetLoaderServi - Loading from file system: jar:file:/C:/Users/HP/.m2/repository/com/github/almasb/fxgl/21.1/fxgl-21.1.jar!/fxglassets/ui/fonts/VarelaRound-Regular.ttf
05:04:49.487 [FXGL Background Thread 1 ] DEBUG FXGLApplication      - Loading default localization
05:04:49.488 [FXGL Background Thread 1 ] DEBUG FXGLAssetLoaderServi - Loading from file system: jar:file:/C:/Users/HP/.m2/repository/com/github/almasb/fxgl/21.1/fxgl-21.1.jar!/fxglassets/languages/english.lang
05:04:49.520 [FXGL Background Thread 1 ] INFO  FXGLApplication      - FXGL initialization took: 0.610 sec
05:04:49.528 [JavaFX Application Thread] DEBUG Input                - Registered new binding: add tower - LMB
05:04:49.528 [JavaFX Application Thread] DEBUG Input                - Registered new binding: remove tower - RMB
05:04:49.528 [JavaFX Application Thread] DEBUG FXGLAssetLoaderServi - Loading from file system: jar:file:/C:/Users/HP/.m2/repository/com/github/almasb/fxgl/21.1/fxgl-21.1.jar!/fxglassets/textures/fxgl_icon.png
05:04:49.538 [FXGL Background Thread 4 ] DEBUG FXGLAssetLoaderServi - Loading from file system: jar:file:/C:/Users/HP/.m2/repository/com/github/almasb/fxgl/21.1/fxgl-21.1.jar!/fxglassets/ui/fonts/Abel-Regular.ttf
05:04:49.547 [FXGL Background Thread 4 ] DEBUG FXGLAssetLoaderServi - Loading from file system: jar:file:/C:/Users/HP/.m2/repository/com/github/almasb/fxgl/21.1/fxgl-21.1.jar!/fxglassets/ui/fonts/TerminalLandMono-Regular.otf
05:04:49.553 [FXGL Background Thread 4 ] DEBUG FXGLAssetLoaderServi - Loading from file system: jar:file:/C:/Users/HP/.m2/repository/com/github/almasb/fxgl/21.1/fxgl-21.1.jar!/fxglassets/ui/fonts/Courier-Prime.ttf
05:04:49.559 [JavaFX Application Thread] DEBUG FXGLAssetLoaderServi - Loading from file system: jar:file:/C:/Users/HP/.m2/repository/com/github/almasb/fxgl/21.1/fxgl-21.1.jar!/fxglassets/textures/fxgl_default_cursor.png
05:04:49.568 [JavaFX Application Thread] DEBUG Input                - Registered new binding: Screenshot - CTRL+8
05:04:49.569 [JavaFX Application Thread] DEBUG Input                - Registered new binding: System info dump - CTRL+9
05:04:49.570 [JavaFX Application Thread] DEBUG Input                - Registered new binding: Restart - CTRL+R
05:04:49.571 [JavaFX Application Thread] DEBUG Input                - Registered new binding: Toggle Debug Camera - CTRL+7
05:04:49.576 [JavaFX Application Thread] DEBUG LoopRunner           - Starting loop
05:04:49.576 [JavaFX Application Thread] DEBUG LoopRunner           - Initializing JavaFX AnimationTimerLoop
05:04:49.580 [JavaFX Application Thread] DEBUG Input                - Clearing active input actions
05:04:49.590 [JavaFX Application Thread] DEBUG GameApplicationServi - Removing overlay from FXGLStartupScene and adding to FXGLMainMenuDummyScene
05:04:49.590 [JavaFX Application Thread] DEBUG PrimaryStageWindow   - FXGLStartupScene -> FXGLMainMenuDummyScene
05:04:49.591 [JavaFX Application Thread] DEBUG PrimaryStageWindow   - Push state: FXGLDefaultMenu
05:04:49.610 [JavaFX Application Thread] DEBUG Input                - Clearing active input actions
05:04:49.629 [JavaFX Application Thread] DEBUG GameApplicationServi - Removing overlay from FXGLMainMenuDummyScene and adding to FXGLDefaultMenu
05:04:49.630 [JavaFX Application Thread] DEBUG PrimaryStageWindow   - FXGLMainMenuDummyScene -> FXGLDefaultMenu
05:04:49.630 [JavaFX Application Thread] DEBUG FXGLApplication      - Registering font factories with UI factory
05:04:51.344 [JavaFX Application Thread] DEBUG Menu                 - fireNewGame()
05:04:51.344 [JavaFX Application Thread] DEBUG GameApplicationServi - Starting new game
05:04:51.348 [JavaFX Application Thread] DEBUG PrimaryStageWindow   - Pop state: FXGLDefaultMenu
05:04:51.348 [JavaFX Application Thread] DEBUG Input                - Clearing active input actions
05:04:51.350 [JavaFX Application Thread] DEBUG GameApplicationServi - Removing overlay from FXGLDefaultMenu and adding to FXGLMainMenuDummyScene
05:04:51.351 [JavaFX Application Thread] DEBUG PrimaryStageWindow   - FXGLMainMenuDummyScene <- FXGLDefaultMenu
05:04:51.351 [JavaFX Application Thread] DEBUG Input                - Clearing active input actions
05:04:51.366 [JavaFX Application Thread] DEBUG GameApplicationServi - Removing overlay from FXGLMainMenuDummyScene and adding to FXGLLoadingScene
05:04:51.367 [JavaFX Application Thread] DEBUG PrimaryStageWindow   - FXGLMainMenuDummyScene -> FXGLLoadingScene
05:04:51.367 [JavaFX Application Thread] DEBUG GameApplicationServi - Clearing previous game
05:04:51.367 [JavaFX Application Thread] DEBUG GameScene            - Clearing game scene
05:04:51.367 [JavaFX Application Thread] DEBUG GameWorld            - Clearing game world
05:04:51.367 [JavaFX Application Thread] DEBUG PhysicsWorld         - Clearing physics world
05:04:51.370 [FXGL Background Thread 4 ] DEBUG FXGLApplication      - Initializing game
05:04:51.427 [FXGL Background Thread 4 ] WARN  TMXLevelLoader       - TiledMap generated from 1.12.2. Supported version: 1.9.0. Some features may not be parsed fully.
05:04:51.452 [FXGL Background Thread 4 ] DEBUG TMXLevelLoader       - Parsed TiledMap: file:/E:/All%20About%20Dev/OOP/FXGL%20new%20Begining/final%20version/Tower%20Defender/Tower-Defender/target/classes/assets/levels/wall.tmx
05:04:51.453 [FXGL Background Thread 4 ] DEBUG TMXLevelLoader       - Creating tile layer entities
05:04:51.456 [FXGL Background Thread 4 ] DEBUG TilesetLoader        - Loading view for layer icons
05:04:51.457 [FXGL Background Thread 4 ] DEBUG TilesetLoader        - Created buffer with size 1280.0x800.0
05:04:51.477 [FXGL Background Thread 4 ] DEBUG TilesetLoader        - Loading view for layer background
05:04:51.478 [FXGL Background Thread 4 ] DEBUG TilesetLoader        - Created buffer with size 1280.0x800.0
05:04:51.555 [FXGL Background Thread 4 ] DEBUG TilesetLoader        - Loading view for layer tower spot layer
05:04:51.558 [FXGL Background Thread 4 ] DEBUG TilesetLoader        - Created buffer with size 1280.0x800.0
05:04:51.579 [FXGL Background Thread 4 ] DEBUG TilesetLoader        - Loading view for layer Road
05:04:51.580 [FXGL Background Thread 4 ] DEBUG TilesetLoader        - Created buffer with size 1280.0x800.0
05:04:51.581 [FXGL Background Thread 4 ] DEBUG TilesetLoader        - Loading view for layer road2
05:04:51.583 [FXGL Background Thread 4 ] DEBUG TilesetLoader        - Created buffer with size 1280.0x800.0
05:04:51.585 [FXGL Background Thread 4 ] WARN  TilesetLoader        - Diagonally flipped tiles are not currently supported
05:04:51.585 [FXGL Background Thread 4 ] WARN  TilesetLoader        - Diagonally flipped tiles are not currently supported
05:04:51.586 [FXGL Background Thread 4 ] WARN  TilesetLoader        - Diagonally flipped tiles are not currently supported
05:04:51.586 [FXGL Background Thread 4 ] WARN  TilesetLoader        - Diagonally flipped tiles are not currently supported
05:04:51.586 [FXGL Background Thread 4 ] WARN  TilesetLoader        - Diagonally flipped tiles are not currently supported
05:04:51.586 [FXGL Background Thread 4 ] WARN  TilesetLoader        - Diagonally flipped tiles are not currently supported
05:04:51.587 [FXGL Background Thread 4 ] WARN  TilesetLoader        - Diagonally flipped tiles are not currently supported
05:04:51.596 [FXGL Background Thread 4 ] WARN  TilesetLoader        - Diagonally flipped tiles are not currently supported
05:04:51.596 [FXGL Background Thread 4 ] WARN  TilesetLoader        - Diagonally flipped tiles are not currently supported
05:04:51.597 [FXGL Background Thread 4 ] WARN  TilesetLoader        - Diagonally flipped tiles are not currently supported
05:04:51.597 [FXGL Background Thread 4 ] WARN  TilesetLoader        - Diagonally flipped tiles are not currently supported
05:04:51.598 [FXGL Background Thread 4 ] WARN  TilesetLoader        - Diagonally flipped tiles are not currently supported
05:04:51.598 [FXGL Background Thread 4 ] WARN  TilesetLoader        - Diagonally flipped tiles are not currently supported
05:04:51.598 [FXGL Background Thread 4 ] WARN  TilesetLoader        - Diagonally flipped tiles are not currently supported
05:04:51.599 [FXGL Background Thread 4 ] WARN  TilesetLoader        - Diagonally flipped tiles are not currently supported
05:04:51.599 [FXGL Background Thread 4 ] WARN  TilesetLoader        - Diagonally flipped tiles are not currently supported
05:04:51.599 [FXGL Background Thread 4 ] WARN  TilesetLoader        - Diagonally flipped tiles are not currently supported
05:04:51.599 [FXGL Background Thread 4 ] WARN  TilesetLoader        - Diagonally flipped tiles are not currently supported
05:04:51.600 [FXGL Background Thread 4 ] WARN  TilesetLoader        - Diagonally flipped tiles are not currently supported
05:04:51.600 [FXGL Background Thread 4 ] WARN  TilesetLoader        - Diagonally flipped tiles are not currently supported
05:04:51.601 [FXGL Background Thread 4 ] WARN  TilesetLoader        - Diagonally flipped tiles are not currently supported
05:04:51.601 [FXGL Background Thread 4 ] WARN  TilesetLoader        - Diagonally flipped tiles are not currently supported
05:04:51.601 [FXGL Background Thread 4 ] WARN  TilesetLoader        - Diagonally flipped tiles are not currently supported
05:04:51.601 [FXGL Background Thread 4 ] WARN  TilesetLoader        - Diagonally flipped tiles are not currently supported
05:04:51.601 [FXGL Background Thread 4 ] WARN  TilesetLoader        - Diagonally flipped tiles are not currently supported
05:04:51.602 [FXGL Background Thread 4 ] WARN  TilesetLoader        - Diagonally flipped tiles are not currently supported
05:04:51.602 [FXGL Background Thread 4 ] WARN  TilesetLoader        - Diagonally flipped tiles are not currently supported
05:04:51.602 [FXGL Background Thread 4 ] WARN  TilesetLoader        - Diagonally flipped tiles are not currently supported
05:04:51.602 [FXGL Background Thread 4 ] WARN  TilesetLoader        - Diagonally flipped tiles are not currently supported
05:04:51.602 [FXGL Background Thread 4 ] WARN  TilesetLoader        - Diagonally flipped tiles are not currently supported
05:04:51.602 [FXGL Background Thread 4 ] WARN  TilesetLoader        - Diagonally flipped tiles are not currently supported
05:04:51.603 [FXGL Background Thread 4 ] WARN  TilesetLoader        - Diagonally flipped tiles are not currently supported
05:04:51.603 [FXGL Background Thread 4 ] WARN  TilesetLoader        - Diagonally flipped tiles are not currently supported
05:04:51.603 [FXGL Background Thread 4 ] WARN  TilesetLoader        - Diagonally flipped tiles are not currently supported
05:04:51.603 [FXGL Background Thread 4 ] WARN  TilesetLoader        - Diagonally flipped tiles are not currently supported
05:04:51.604 [FXGL Background Thread 4 ] WARN  TilesetLoader        - Diagonally flipped tiles are not currently supported
05:04:51.604 [FXGL Background Thread 4 ] WARN  TilesetLoader        - Diagonally flipped tiles are not currently supported
05:04:51.604 [FXGL Background Thread 4 ] WARN  TilesetLoader        - Diagonally flipped tiles are not currently supported
05:04:51.604 [FXGL Background Thread 4 ] WARN  TilesetLoader        - Diagonally flipped tiles are not currently supported
05:04:51.604 [FXGL Background Thread 4 ] WARN  TilesetLoader        - Diagonally flipped tiles are not currently supported
05:04:51.604 [FXGL Background Thread 4 ] WARN  TilesetLoader        - Diagonally flipped tiles are not currently supported
05:04:51.605 [FXGL Background Thread 4 ] WARN  TilesetLoader        - Diagonally flipped tiles are not currently supported
05:04:51.605 [FXGL Background Thread 4 ] WARN  TilesetLoader        - Diagonally flipped tiles are not currently supported
05:04:51.605 [FXGL Background Thread 4 ] WARN  TilesetLoader        - Diagonally flipped tiles are not currently supported
05:04:51.605 [FXGL Background Thread 4 ] WARN  TilesetLoader        - Diagonally flipped tiles are not currently supported
05:04:51.606 [FXGL Background Thread 4 ] WARN  TilesetLoader        - Diagonally flipped tiles are not currently supported
05:04:51.606 [FXGL Background Thread 4 ] WARN  TilesetLoader        - Diagonally flipped tiles are not currently supported
05:04:51.606 [FXGL Background Thread 4 ] WARN  TilesetLoader        - Diagonally flipped tiles are not currently supported
05:04:51.606 [FXGL Background Thread 4 ] WARN  TilesetLoader        - Diagonally flipped tiles are not currently supported
05:04:51.606 [FXGL Background Thread 4 ] WARN  TilesetLoader        - Diagonally flipped tiles are not currently supported
05:04:51.607 [FXGL Background Thread 4 ] WARN  TilesetLoader        - Diagonally flipped tiles are not currently supported
05:04:51.607 [FXGL Background Thread 4 ] WARN  TilesetLoader        - Diagonally flipped tiles are not currently supported
05:04:51.607 [FXGL Background Thread 4 ] WARN  TilesetLoader        - Diagonally flipped tiles are not currently supported
05:04:51.607 [FXGL Background Thread 4 ] WARN  TilesetLoader        - Diagonally flipped tiles are not currently supported
05:04:51.608 [FXGL Background Thread 4 ] WARN  TilesetLoader        - Diagonally flipped tiles are not currently supported
05:04:51.608 [FXGL Background Thread 4 ] WARN  TilesetLoader        - Diagonally flipped tiles are not currently supported
05:04:51.608 [FXGL Background Thread 4 ] WARN  TilesetLoader        - Diagonally flipped tiles are not currently supported
05:04:51.608 [FXGL Background Thread 4 ] WARN  TilesetLoader        - Diagonally flipped tiles are not currently supported
05:04:51.609 [FXGL Background Thread 4 ] WARN  TilesetLoader        - Diagonally flipped tiles are not currently supported
05:04:51.609 [FXGL Background Thread 4 ] WARN  TilesetLoader        - Diagonally flipped tiles are not currently supported
05:04:51.609 [FXGL Background Thread 4 ] WARN  TilesetLoader        - Diagonally flipped tiles are not currently supported
05:04:51.609 [FXGL Background Thread 4 ] WARN  TilesetLoader        - Diagonally flipped tiles are not currently supported
05:04:51.609 [FXGL Background Thread 4 ] WARN  TilesetLoader        - Diagonally flipped tiles are not currently supported
05:04:51.610 [FXGL Background Thread 4 ] WARN  TilesetLoader        - Diagonally flipped tiles are not currently supported
05:04:51.610 [FXGL Background Thread 4 ] WARN  TilesetLoader        - Diagonally flipped tiles are not currently supported
05:04:51.610 [FXGL Background Thread 4 ] WARN  TilesetLoader        - Diagonally flipped tiles are not currently supported
05:04:51.610 [FXGL Background Thread 4 ] WARN  TilesetLoader        - Diagonally flipped tiles are not currently supported
05:04:51.610 [FXGL Background Thread 4 ] WARN  TilesetLoader        - Diagonally flipped tiles are not currently supported
05:04:51.611 [FXGL Background Thread 4 ] WARN  TilesetLoader        - Diagonally flipped tiles are not currently supported
05:04:51.611 [FXGL Background Thread 4 ] WARN  TilesetLoader        - Diagonally flipped tiles are not currently supported
05:04:51.611 [FXGL Background Thread 4 ] WARN  TilesetLoader        - Diagonally flipped tiles are not currently supported
05:04:51.611 [FXGL Background Thread 4 ] WARN  TilesetLoader        - Diagonally flipped tiles are not currently supported
05:04:51.611 [FXGL Background Thread 4 ] WARN  TilesetLoader        - Diagonally flipped tiles are not currently supported
05:04:51.612 [FXGL Background Thread 4 ] WARN  TilesetLoader        - Diagonally flipped tiles are not currently supported
05:04:51.612 [FXGL Background Thread 4 ] WARN  TilesetLoader        - Diagonally flipped tiles are not currently supported
05:04:51.612 [FXGL Background Thread 4 ] WARN  TilesetLoader        - Diagonally flipped tiles are not currently supported
05:04:51.612 [FXGL Background Thread 4 ] WARN  TilesetLoader        - Diagonally flipped tiles are not currently supported
05:04:51.613 [FXGL Background Thread 4 ] WARN  TilesetLoader        - Diagonally flipped tiles are not currently supported
05:04:51.613 [FXGL Background Thread 4 ] WARN  TilesetLoader        - Diagonally flipped tiles are not currently supported
05:04:51.613 [FXGL Background Thread 4 ] WARN  TilesetLoader        - Diagonally flipped tiles are not currently supported
05:04:51.613 [FXGL Background Thread 4 ] WARN  TilesetLoader        - Diagonally flipped tiles are not currently supported
05:04:51.618 [FXGL Background Thread 4 ] WARN  TilesetLoader        - Diagonally flipped tiles are not currently supported
05:04:51.619 [FXGL Background Thread 4 ] WARN  TilesetLoader        - Diagonally flipped tiles are not currently supported
05:04:51.619 [FXGL Background Thread 4 ] WARN  TilesetLoader        - Diagonally flipped tiles are not currently supported
05:04:51.619 [FXGL Background Thread 4 ] WARN  TilesetLoader        - Diagonally flipped tiles are not currently supported
05:04:51.619 [FXGL Background Thread 4 ] WARN  TilesetLoader        - Diagonally flipped tiles are not currently supported
05:04:51.620 [FXGL Background Thread 4 ] WARN  TilesetLoader        - Diagonally flipped tiles are not currently supported
05:04:51.620 [FXGL Background Thread 4 ] WARN  TilesetLoader        - Diagonally flipped tiles are not currently supported
05:04:51.620 [FXGL Background Thread 4 ] WARN  TilesetLoader        - Diagonally flipped tiles are not currently supported
05:04:51.620 [FXGL Background Thread 4 ] WARN  TilesetLoader        - Diagonally flipped tiles are not currently supported
05:04:51.620 [FXGL Background Thread 4 ] WARN  TilesetLoader        - Diagonally flipped tiles are not currently supported
05:04:51.621 [FXGL Background Thread 4 ] WARN  TilesetLoader        - Diagonally flipped tiles are not currently supported
05:04:51.621 [FXGL Background Thread 4 ] WARN  TilesetLoader        - Diagonally flipped tiles are not currently supported
05:04:51.621 [FXGL Background Thread 4 ] WARN  TilesetLoader        - Diagonally flipped tiles are not currently supported
05:04:51.621 [FXGL Background Thread 4 ] WARN  TilesetLoader        - Diagonally flipped tiles are not currently supported
05:04:51.621 [FXGL Background Thread 4 ] WARN  TilesetLoader        - Diagonally flipped tiles are not currently supported
05:04:51.621 [FXGL Background Thread 4 ] WARN  TilesetLoader        - Diagonally flipped tiles are not currently supported
05:04:51.621 [FXGL Background Thread 4 ] WARN  TilesetLoader        - Diagonally flipped tiles are not currently supported
05:04:51.622 [FXGL Background Thread 4 ] WARN  TilesetLoader        - Diagonally flipped tiles are not currently supported
05:04:51.622 [FXGL Background Thread 4 ] WARN  TilesetLoader        - Diagonally flipped tiles are not currently supported
05:04:51.622 [FXGL Background Thread 4 ] WARN  TilesetLoader        - Diagonally flipped tiles are not currently supported
05:04:51.622 [FXGL Background Thread 4 ] WARN  TilesetLoader        - Diagonally flipped tiles are not currently supported
05:04:51.622 [FXGL Background Thread 4 ] WARN  TilesetLoader        - Diagonally flipped tiles are not currently supported
05:04:51.622 [FXGL Background Thread 4 ] WARN  TilesetLoader        - Diagonally flipped tiles are not currently supported
05:04:51.623 [FXGL Background Thread 4 ] WARN  TilesetLoader        - Diagonally flipped tiles are not currently supported
05:04:51.623 [FXGL Background Thread 4 ] WARN  TilesetLoader        - Diagonally flipped tiles are not currently supported
05:04:51.623 [FXGL Background Thread 4 ] WARN  TilesetLoader        - Diagonally flipped tiles are not currently supported
05:04:51.623 [FXGL Background Thread 4 ] WARN  TilesetLoader        - Diagonally flipped tiles are not currently supported
05:04:51.623 [FXGL Background Thread 4 ] WARN  TilesetLoader        - Diagonally flipped tiles are not currently supported
05:04:51.623 [FXGL Background Thread 4 ] WARN  TilesetLoader        - Diagonally flipped tiles are not currently supported
05:04:51.624 [FXGL Background Thread 4 ] WARN  TilesetLoader        - Diagonally flipped tiles are not currently supported
05:04:51.624 [FXGL Background Thread 4 ] WARN  TilesetLoader        - Diagonally flipped tiles are not currently supported
05:04:51.624 [FXGL Background Thread 4 ] WARN  TilesetLoader        - Diagonally flipped tiles are not currently supported
05:04:51.624 [FXGL Background Thread 4 ] WARN  TilesetLoader        - Diagonally flipped tiles are not currently supported
05:04:51.624 [FXGL Background Thread 4 ] WARN  TilesetLoader        - Diagonally flipped tiles are not currently supported
05:04:51.624 [FXGL Background Thread 4 ] WARN  TilesetLoader        - Diagonally flipped tiles are not currently supported
05:04:51.625 [FXGL Background Thread 4 ] WARN  TilesetLoader        - Diagonally flipped tiles are not currently supported
05:04:51.625 [FXGL Background Thread 4 ] WARN  TilesetLoader        - Diagonally flipped tiles are not currently supported
05:04:51.625 [FXGL Background Thread 4 ] WARN  TilesetLoader        - Diagonally flipped tiles are not currently supported
05:04:51.625 [FXGL Background Thread 4 ] WARN  TilesetLoader        - Diagonally flipped tiles are not currently supported
05:04:51.625 [FXGL Background Thread 4 ] WARN  TilesetLoader        - Diagonally flipped tiles are not currently supported
05:04:51.626 [FXGL Background Thread 4 ] WARN  TilesetLoader        - Diagonally flipped tiles are not currently supported
05:04:51.626 [FXGL Background Thread 4 ] WARN  TilesetLoader        - Diagonally flipped tiles are not currently supported
05:04:51.626 [FXGL Background Thread 4 ] WARN  TilesetLoader        - Diagonally flipped tiles are not currently supported
05:04:51.626 [FXGL Background Thread 4 ] WARN  TilesetLoader        - Diagonally flipped tiles are not currently supported
05:04:51.626 [FXGL Background Thread 4 ] WARN  TilesetLoader        - Diagonally flipped tiles are not currently supported
05:04:51.626 [FXGL Background Thread 4 ] WARN  TilesetLoader        - Diagonally flipped tiles are not currently supported
05:04:51.627 [FXGL Background Thread 4 ] WARN  TilesetLoader        - Diagonally flipped tiles are not currently supported
05:04:51.627 [FXGL Background Thread 4 ] WARN  TilesetLoader        - Diagonally flipped tiles are not currently supported
05:04:51.627 [FXGL Background Thread 4 ] WARN  TilesetLoader        - Diagonally flipped tiles are not currently supported
05:04:51.627 [FXGL Background Thread 4 ] WARN  TilesetLoader        - Diagonally flipped tiles are not currently supported
05:04:51.627 [FXGL Background Thread 4 ] WARN  TilesetLoader        - Diagonally flipped tiles are not currently supported
05:04:51.627 [FXGL Background Thread 4 ] WARN  TilesetLoader        - Diagonally flipped tiles are not currently supported
05:04:51.627 [FXGL Background Thread 4 ] WARN  TilesetLoader        - Diagonally flipped tiles are not currently supported
05:04:51.628 [FXGL Background Thread 4 ] WARN  TilesetLoader        - Diagonally flipped tiles are not currently supported
05:04:51.628 [FXGL Background Thread 4 ] WARN  TilesetLoader        - Diagonally flipped tiles are not currently supported
05:04:51.628 [FXGL Background Thread 4 ] WARN  TilesetLoader        - Diagonally flipped tiles are not currently supported
05:04:51.628 [FXGL Background Thread 4 ] WARN  TilesetLoader        - Diagonally flipped tiles are not currently supported
05:04:51.629 [FXGL Background Thread 4 ] WARN  TilesetLoader        - Diagonally flipped tiles are not currently supported
05:04:51.629 [FXGL Background Thread 4 ] WARN  TilesetLoader        - Diagonally flipped tiles are not currently supported
05:04:51.629 [FXGL Background Thread 4 ] WARN  TilesetLoader        - Diagonally flipped tiles are not currently supported
05:04:51.630 [FXGL Background Thread 4 ] WARN  TilesetLoader        - Diagonally flipped tiles are not currently supported
05:04:51.630 [FXGL Background Thread 4 ] WARN  TilesetLoader        - Diagonally flipped tiles are not currently supported
05:04:51.630 [FXGL Background Thread 4 ] WARN  TilesetLoader        - Diagonally flipped tiles are not currently supported
05:04:51.631 [FXGL Background Thread 4 ] WARN  TilesetLoader        - Diagonally flipped tiles are not currently supported
05:04:51.631 [FXGL Background Thread 4 ] WARN  TilesetLoader        - Diagonally flipped tiles are not currently supported
05:04:51.631 [FXGL Background Thread 4 ] WARN  TilesetLoader        - Diagonally flipped tiles are not currently supported
05:04:51.632 [FXGL Background Thread 4 ] WARN  TilesetLoader        - Diagonally flipped tiles are not currently supported
05:04:51.632 [FXGL Background Thread 4 ] WARN  TilesetLoader        - Diagonally flipped tiles are not currently supported
05:04:51.633 [FXGL Background Thread 4 ] DEBUG TilesetLoader        - Loading view for layer road3
05:04:51.635 [FXGL Background Thread 4 ] DEBUG TilesetLoader        - Created buffer with size 1280.0x800.0
05:04:51.637 [FXGL Background Thread 4 ] DEBUG TilesetLoader        - Loading view for layer bg2
05:04:51.638 [FXGL Background Thread 4 ] DEBUG TilesetLoader        - Created buffer with size 1280.0x800.0
05:04:51.647 [FXGL Background Thread 4 ] WARN  TilesetLoader        - Diagonally flipped tiles are not currently supported
05:04:51.648 [FXGL Background Thread 4 ] WARN  TilesetLoader        - Diagonally flipped tiles are not currently supported
05:04:51.649 [FXGL Background Thread 4 ] WARN  TilesetLoader        - Diagonally flipped tiles are not currently supported
05:04:51.649 [FXGL Background Thread 4 ] WARN  TilesetLoader        - Diagonally flipped tiles are not currently supported
05:04:51.650 [FXGL Background Thread 4 ] WARN  TilesetLoader        - Diagonally flipped tiles are not currently supported
05:04:51.650 [FXGL Background Thread 4 ] WARN  TilesetLoader        - Diagonally flipped tiles are not currently supported
05:04:51.651 [FXGL Background Thread 4 ] WARN  TilesetLoader        - Diagonally flipped tiles are not currently supported
05:04:51.652 [FXGL Background Thread 4 ] DEBUG TilesetLoader        - Loading view for layer temp
05:04:51.653 [FXGL Background Thread 4 ] DEBUG TilesetLoader        - Created buffer with size 1280.0x800.0
05:04:51.653 [FXGL Background Thread 4 ] DEBUG TMXLevelLoader       - Creating object layer entities
05:04:51.681 [FXGL Background Thread 4 ] DEBUG GameWorld            - Clearing removable entities
05:04:51.682 [FXGL Background Thread 4 ] DEBUG GameWorld            - Setting level: com.almasb.fxgl.entity.level.Level@77abb535
05:04:51.691 [FXGL Background Thread 4 ] DEBUG FXGLAssetLoaderServi - Loading from file system: file:/E:/All%20About%20Dev/OOP/FXGL%20new%20Begining/final%20version/Tower%20Defender/Tower-Defender/target/classes/assets/textures/life.png
05:04:51.694 [FXGL Background Thread 4 ] DEBUG FXGLAssetLoaderServi - Loading from file system: file:/E:/All%20About%20Dev/OOP/FXGL%20new%20Begining/final%20version/Tower%20Defender/Tower-Defender/target/classes/assets/textures/skull.png
05:04:51.711 [FXGL Background Thread 4 ] INFO  FXGLApplication      - Game initialization took: 0.340 sec
05:04:51.719 [JavaFX Application Thread] DEBUG Input                - Clearing active input actions
05:04:51.724 [JavaFX Application Thread] DEBUG GameApplicationServi - Removing overlay from FXGLLoadingScene and adding to GameScene
05:04:51.724 [JavaFX Application Thread] DEBUG PrimaryStageWindow   - FXGLLoadingScene -> GameScene
05:04:51.740 [JavaFX Application Thread] DEBUG FXGLAssetLoaderServi - Loading from file system: file:/E:/All%20About%20Dev/OOP/FXGL%20new%20Begining/final%20version/Tower%20Defender/Tower-Defender/target/classes/assets/textures/goblin.png
05:04:52.485 [FXGL Background Thread 3 ] DEBUG Engine               - Logging environment variables
05:04:52.486 [FXGL Background Thread 3 ] DEBUG Engine               - achievements: []
05:04:52.487 [FXGL Background Thread 3 ] DEBUG Engine               - actualHeight: 800.0
05:04:52.487 [FXGL Background Thread 3 ] DEBUG Engine               - actualHeightProperty: ReadOnlyDoubleProperty [value: 800.0]
05:04:52.487 [FXGL Background Thread 3 ] DEBUG Engine               - actualWidth: 1280.0
05:04:52.487 [FXGL Background Thread 3 ] DEBUG Engine               - actualWidthProperty: ReadOnlyDoubleProperty [value: 1280.0]
05:04:52.487 [FXGL Background Thread 3 ] DEBUG Engine               - appIcon: fxgl_icon.png
05:04:52.487 [FXGL Background Thread 3 ] DEBUG Engine               - applicationMode: DEVELOPER
05:04:52.487 [FXGL Background Thread 3 ] DEBUG Engine               - cSSList: [fxgl_dark.css]
05:04:52.487 [FXGL Background Thread 3 ] DEBUG Engine               - collisionDetectionStrategy: BRUTE_FORCE
05:04:52.487 [FXGL Background Thread 3 ] DEBUG Engine               - configClass: Optional.empty
05:04:52.487 [FXGL Background Thread 3 ] DEBUG Engine               - credits: []
05:04:52.488 [FXGL Background Thread 3 ] DEBUG Engine               - defaultCursor: CursorInfo(imageName=fxgl_default_cursor.png, hotspotX=7.0, hotspotY=6.0)
05:04:52.488 [FXGL Background Thread 3 ] DEBUG Engine               - devBBoxColorProperty: ObjectProperty [value: 0xff0000ff]
05:04:52.488 [FXGL Background Thread 3 ] DEBUG Engine               - devEnableDebugCameraProperty: BooleanProperty [value: false]
05:04:52.488 [FXGL Background Thread 3 ] DEBUG Engine               - devSensorColorProperty: ObjectProperty [value: 0xffff00ff]
05:04:52.488 [FXGL Background Thread 3 ] DEBUG Engine               - devShowBBoxProperty: BooleanProperty [value: false]
05:04:52.488 [FXGL Background Thread 3 ] DEBUG Engine               - devShowPositionProperty: BooleanProperty [value: false]
05:04:52.489 [FXGL Background Thread 3 ] DEBUG Engine               - enabledMenuItems: []
05:04:52.489 [FXGL Background Thread 3 ] DEBUG Engine               - engineServices: [class com.almasb.fxgl.app.services.FXGLAssetLoaderService, class com.almasb.fxgl.app.FXGLApplication$GameApplicationService, class com.almasb.fxgl.app.services.FXGLDialogService, class com.almasb.fxgl.app.services.IOTaskExecutorService, class com.almasb.fxgl.io.FileSystemService, class com.almasb.fxgl.localization.LocalizationService, class com.almasb.fxgl.app.services.SystemBundleService, class com.almasb.fxgl.profile.SaveLoadService, class com.almasb.fxgl.ui.FXGLUIFactoryServiceProvider, class com.almasb.fxgl.ui.FXGLDialogFactoryServiceProvider, class com.almasb.fxgl.audio.AudioPlayer, class com.almasb.fxgl.notification.impl.NotificationServiceProvider, class com.almasb.fxgl.achievement.AchievementService, class com.almasb.fxgl.cutscene.CutsceneService, class com.almasb.fxgl.minigames.MiniGameService, class com.almasb.fxgl.net.NetService, class com.almasb.fxgl.app.services.UpdaterService, class com.almasb.fxgl.dev.DevService]
05:04:52.489 [FXGL Background Thread 3 ] DEBUG Engine               - fontGame: Abel-Regular.ttf
05:04:52.489 [FXGL Background Thread 3 ] DEBUG Engine               - fontMono: TerminalLandMono-Regular.otf
05:04:52.489 [FXGL Background Thread 3 ] DEBUG Engine               - fontSizeScaleUI: 1.0
05:04:52.489 [FXGL Background Thread 3 ] DEBUG Engine               - fontText: Courier-Prime.ttf
05:04:52.489 [FXGL Background Thread 3 ] DEBUG Engine               - fontUI: VarelaRound-Regular.ttf
05:04:52.490 [FXGL Background Thread 3 ] DEBUG Engine               - fullScreen: BooleanProperty [value: false]
05:04:52.490 [FXGL Background Thread 3 ] DEBUG Engine               - gameDifficulty: MEDIUM
05:04:52.490 [FXGL Background Thread 3 ] DEBUG Engine               - gameDifficultyProperty: ObjectProperty [value: MEDIUM]
05:04:52.490 [FXGL Background Thread 3 ] DEBUG Engine               - globalMusicVolume: 0.5
05:04:52.490 [FXGL Background Thread 3 ] DEBUG Engine               - globalMusicVolumeProperty: DoubleProperty [value: 0.5]
05:04:52.490 [FXGL Background Thread 3 ] DEBUG Engine               - globalSoundVolume: 0.5
05:04:52.490 [FXGL Background Thread 3 ] DEBUG Engine               - globalSoundVolumeProperty: DoubleProperty [value: 0.5]
05:04:52.490 [FXGL Background Thread 3 ] DEBUG Engine               - height: 800
05:04:52.490 [FXGL Background Thread 3 ] DEBUG Engine               - is3D: false
05:04:52.490 [FXGL Background Thread 3 ] DEBUG Engine               - isAndroid: false
05:04:52.490 [FXGL Background Thread 3 ] DEBUG Engine               - isBrowser: false
05:04:52.490 [FXGL Background Thread 3 ] DEBUG Engine               - isClickFeedbackEnabled: false
05:04:52.490 [FXGL Background Thread 3 ] DEBUG Engine               - isCloseConfirmation: false
05:04:52.490 [FXGL Background Thread 3 ] DEBUG Engine               - isDesktop: true
05:04:52.490 [FXGL Background Thread 3 ] DEBUG Engine               - isDeveloperMenuEnabled: false
05:04:52.490 [FXGL Background Thread 3 ] DEBUG Engine               - isEmbedded: false
05:04:52.490 [FXGL Background Thread 3 ] DEBUG Engine               - isEntityPreloadEnabled: true
05:04:52.490 [FXGL Background Thread 3 ] DEBUG Engine               - isExperimentalTiledLargeMap: false
05:04:52.490 [FXGL Background Thread 3 ] DEBUG Engine               - isFileSystemWriteAllowed: true
05:04:52.490 [FXGL Background Thread 3 ] DEBUG Engine               - isFullScreenAllowed: true
05:04:52.490 [FXGL Background Thread 3 ] DEBUG Engine               - isFullScreenFromStart: false
05:04:52.490 [FXGL Background Thread 3 ] DEBUG Engine               - isGameMenuEnabled: true
05:04:52.491 [FXGL Background Thread 3 ] DEBUG Engine               - isIOS: false
05:04:52.491 [FXGL Background Thread 3 ] DEBUG Engine               - isIntroEnabled: false
05:04:52.491 [FXGL Background Thread 3 ] DEBUG Engine               - isLinux: false
05:04:52.491 [FXGL Background Thread 3 ] DEBUG Engine               - isMac: false
05:04:52.491 [FXGL Background Thread 3 ] DEBUG Engine               - isMainMenuEnabled: true
05:04:52.491 [FXGL Background Thread 3 ] DEBUG Engine               - isManualResizeEnabled: true
05:04:52.491 [FXGL Background Thread 3 ] DEBUG Engine               - isMobile: false
05:04:52.491 [FXGL Background Thread 3 ] DEBUG Engine               - isNative: false
05:04:52.491 [FXGL Background Thread 3 ] DEBUG Engine               - isPauseMusicWhenMinimized: true
05:04:52.491 [FXGL Background Thread 3 ] DEBUG Engine               - isPreserveResizeRatio: false
05:04:52.491 [FXGL Background Thread 3 ] DEBUG Engine               - isProfilingEnabled: false
05:04:52.491 [FXGL Background Thread 3 ] DEBUG Engine               - isScaleAffectedOnResize: true
05:04:52.491 [FXGL Background Thread 3 ] DEBUG Engine               - isSingleStep: false
05:04:52.491 [FXGL Background Thread 3 ] DEBUG Engine               - isUserProfileEnabled: false
05:04:52.491 [FXGL Background Thread 3 ] DEBUG Engine               - isWindows: true
05:04:52.491 [FXGL Background Thread 3 ] DEBUG Engine               - language: ObjectProperty [value: ENGLISH]
05:04:52.491 [FXGL Background Thread 3 ] DEBUG Engine               - menuKey: ESCAPE
05:04:52.491 [FXGL Background Thread 3 ] DEBUG Engine               - mouseSensitivity: 0.2
05:04:52.491 [FXGL Background Thread 3 ] DEBUG Engine               - notificationViewClass: class com.almasb.fxgl.notification.view.XboxNotificationView
05:04:52.491 [FXGL Background Thread 3 ] DEBUG Engine               - pixelsPerMeter: 50.0
05:04:52.491 [FXGL Background Thread 3 ] DEBUG Engine               - platform: WINDOWS
05:04:52.492 [FXGL Background Thread 3 ] DEBUG Engine               - prefHeightProperty: ReadOnlyDoubleProperty [value: 800.0]
05:04:52.492 [FXGL Background Thread 3 ] DEBUG Engine               - prefWidthProperty: ReadOnlyDoubleProperty [value: 1280.0]
05:04:52.492 [FXGL Background Thread 3 ] DEBUG Engine               - profileDir: profiles/
05:04:52.492 [FXGL Background Thread 3 ] DEBUG Engine               - profileName: StringProperty [value: DEFAULT]
05:04:52.492 [FXGL Background Thread 3 ] DEBUG Engine               - randomSeed: -1
05:04:52.492 [FXGL Background Thread 3 ] DEBUG Engine               - runtimeInfo: RuntimeInfo(platform=WINDOWS, version=21.1, build=27.03.2024 07.52)
05:04:52.492 [FXGL Background Thread 3 ] DEBUG Engine               - saveFileExt: sav
05:04:52.492 [FXGL Background Thread 3 ] DEBUG Engine               - scaledHeightProp$fxgl: DoubleProperty [bound, value: 800.0]
05:04:52.492 [FXGL Background Thread 3 ] DEBUG Engine               - scaledWidthProp$fxgl: DoubleProperty [bound, value: 1280.0]
05:04:52.492 [FXGL Background Thread 3 ] DEBUG Engine               - sceneFactory: com.almasb.fxgl.app.scene.SceneFactory@6a0dc6c8
05:04:52.492 [FXGL Background Thread 3 ] DEBUG Engine               - secondsIn24h: 60
05:04:52.493 [FXGL Background Thread 3 ] DEBUG Engine               - soundMenuBack: menu/back.wav
05:04:52.493 [FXGL Background Thread 3 ] DEBUG Engine               - soundMenuPress: menu/press.wav
05:04:52.493 [FXGL Background Thread 3 ] DEBUG Engine               - soundMenuSelect: menu/select.wav
05:04:52.493 [FXGL Background Thread 3 ] DEBUG Engine               - soundNotification: core/notification.wav
05:04:52.493 [FXGL Background Thread 3 ] DEBUG Engine               - stageStyle: DECORATED
05:04:52.493 [FXGL Background Thread 3 ] DEBUG Engine               - supportedLanguages: [ENGLISH, FRENCH, GERMAN, HUNGARIAN, RUSSIAN]
05:04:52.493 [FXGL Background Thread 3 ] DEBUG Engine               - ticksPerSecond: -1
05:04:52.493 [FXGL Background Thread 3 ] DEBUG Engine               - title: Ghost Hunter
05:04:52.493 [FXGL Background Thread 3 ] DEBUG Engine               - urlGithub: https://github.com/AlmasB/FXGL
05:04:52.493 [FXGL Background Thread 3 ] DEBUG Engine               - urlLeaderboard: http://fxgl-top.herokuapp.com/
05:04:52.493 [FXGL Background Thread 3 ] DEBUG Engine               - urlPOM: https://raw.githubusercontent.com/AlmasB/FXGL/release/README.md
05:04:52.493 [FXGL Background Thread 3 ] DEBUG Engine               - userAppClass: class org.saikat.Game
05:04:52.493 [FXGL Background Thread 3 ] DEBUG Engine               - version: 1.0
05:04:52.493 [FXGL Background Thread 3 ] DEBUG Engine               - versionCheckDays: 7
05:04:52.493 [FXGL Background Thread 3 ] DEBUG Engine               - width: 1280
05:04:52.493 [FXGL Background Thread 3 ] DEBUG Engine               - Logging services
05:04:52.493 [FXGL Background Thread 3 ] DEBUG Engine               - class com.almasb.fxgl.app.services.FXGLAssetLoaderService
05:04:52.493 [FXGL Background Thread 3 ] DEBUG Engine               - class com.almasb.fxgl.app.FXGLApplication$GameApplicationService
05:04:52.493 [FXGL Background Thread 3 ] DEBUG Engine               - class com.almasb.fxgl.app.services.FXGLDialogService
05:04:52.493 [FXGL Background Thread 3 ] DEBUG Engine               - class com.almasb.fxgl.app.services.IOTaskExecutorService
05:04:52.493 [FXGL Background Thread 3 ] DEBUG Engine               - class com.almasb.fxgl.io.FileSystemService
05:04:52.493 [FXGL Background Thread 3 ] DEBUG Engine               - class com.almasb.fxgl.localization.LocalizationService
05:04:52.493 [FXGL Background Thread 3 ] DEBUG Engine               - class com.almasb.fxgl.app.services.SystemBundleService
05:04:52.493 [FXGL Background Thread 3 ] DEBUG Engine               - class com.almasb.fxgl.profile.SaveLoadService
05:04:52.493 [FXGL Background Thread 3 ] DEBUG Engine               - class com.almasb.fxgl.ui.FXGLUIFactoryServiceProvider
05:04:52.493 [FXGL Background Thread 3 ] DEBUG Engine               - class com.almasb.fxgl.ui.FXGLDialogFactoryServiceProvider
05:04:52.493 [FXGL Background Thread 3 ] DEBUG Engine               - class com.almasb.fxgl.audio.AudioPlayer
05:04:52.493 [FXGL Background Thread 3 ] DEBUG Engine               - class com.almasb.fxgl.notification.impl.NotificationServiceProvider
05:04:52.493 [FXGL Background Thread 3 ] DEBUG Engine               - class com.almasb.fxgl.achievement.AchievementService
05:04:52.493 [FXGL Background Thread 3 ] DEBUG Engine               - class com.almasb.fxgl.cutscene.CutsceneService
05:04:52.493 [FXGL Background Thread 3 ] DEBUG Engine               - class com.almasb.fxgl.minigames.MiniGameService
05:04:52.493 [FXGL Background Thread 3 ] DEBUG Engine               - class com.almasb.fxgl.net.NetService
05:04:52.493 [FXGL Background Thread 3 ] DEBUG Engine               - class com.almasb.fxgl.app.services.UpdaterService
05:04:52.493 [FXGL Background Thread 3 ] DEBUG Engine               - class com.almasb.fxgl.dev.DevService
05:04:53.176 [JavaFX Application Thread] DEBUG PrimaryStageWindow   - Push state: DialogSubScene
05:04:53.176 [JavaFX Application Thread] DEBUG Input                - Clearing active input actions
05:04:53.177 [JavaFX Application Thread] DEBUG GameApplicationServi - Removing overlay from GameScene and adding to DialogSubScene
05:04:53.177 [JavaFX Application Thread] DEBUG PrimaryStageWindow   - GameScene -> DialogSubScene
05:04:54.739 [JavaFX Application Thread] DEBUG PrimaryStageWindow   - Pop state: DialogSubScene
05:04:54.739 [JavaFX Application Thread] DEBUG Input                - Clearing active input actions
05:04:54.740 [JavaFX Application Thread] DEBUG GameApplicationServi - Removing overlay from DialogSubScene and adding to GameScene
05:04:54.741 [JavaFX Application Thread] DEBUG PrimaryStageWindow   - GameScene <- DialogSubScene
05:04:54.742 [JavaFX Application Thread] DEBUG FXGLAssetLoaderServi - Loading from file system: file:/E:/All%20About%20Dev/OOP/FXGL%20new%20Begining/final%20version/Tower%20Defender/Tower-Defender/target/classes/assets/textures/wildfire.png
05:04:54.757 [JavaFX Application Thread] DEBUG FXGLAssetLoaderServi - Loading from file system: file:/E:/All%20About%20Dev/OOP/FXGL%20new%20Begining/final%20version/Tower%20Defender/Tower-Defender/target/classes/assets/textures/green.png
05:04:58.940 [JavaFX Application Thread] DEBUG PrimaryStageWindow   - Push state: DialogSubScene
05:04:58.940 [JavaFX Application Thread] DEBUG Input                - Clearing active input actions
05:04:58.942 [JavaFX Application Thread] DEBUG GameApplicationServi - Removing overlay from GameScene and adding to DialogSubScene
05:04:58.942 [JavaFX Application Thread] DEBUG PrimaryStageWindow   - GameScene -> DialogSubScene
05:05:00.243 [JavaFX Application Thread] DEBUG PrimaryStageWindow   - Pop state: DialogSubScene
05:05:00.243 [JavaFX Application Thread] DEBUG Input                - Clearing active input actions
05:05:00.243 [JavaFX Application Thread] DEBUG GameApplicationServi - Removing overlay from DialogSubScene and adding to GameScene
05:05:00.243 [JavaFX Application Thread] DEBUG PrimaryStageWindow   - GameScene <- DialogSubScene
05:05:05.064 [JavaFX Application Thread] DEBUG FXGLAssetLoaderServi - Loading from file system: file:/E:/All%20About%20Dev/OOP/FXGL%20new%20Begining/final%20version/Tower%20Defender/Tower-Defender/target/classes/assets/textures/bird.png
05:05:05.124 [FXGL Background Thread 2 ] INFO  UpdaterService       - Your current version:  21.1
05:05:05.124 [FXGL Background Thread 2 ] INFO  UpdaterService       - Latest stable version: 25
05:05:14.246 [JavaFX Application Thread] WARN  GameWorld            - Attempted to remove entity which is not active
05:05:20.054 [JavaFX Application Thread] DEBUG FXGLAssetLoaderServi - Loading from file system: file:/E:/All%20About%20Dev/OOP/FXGL%20new%20Begining/final%20version/Tower%20Defender/Tower-Defender/target/classes/assets/textures/wolf.png
05:05:29.219 [JavaFX Application Thread] DEBUG PrimaryStageWindow   - Push state: DialogSubScene
05:05:29.219 [JavaFX Application Thread] DEBUG Input                - Clearing active input actions
05:05:29.220 [JavaFX Application Thread] DEBUG GameApplicationServi - Removing overlay from GameScene and adding to DialogSubScene
05:05:29.220 [JavaFX Application Thread] DEBUG PrimaryStageWindow   - GameScene -> DialogSubScene
05:05:30.769 [JavaFX Application Thread] DEBUG PrimaryStageWindow   - Pop state: DialogSubScene
05:05:30.769 [JavaFX Application Thread] DEBUG Input                - Clearing active input actions
05:05:30.769 [JavaFX Application Thread] DEBUG GameApplicationServi - Removing overlay from DialogSubScene and adding to GameScene
05:05:30.770 [JavaFX Application Thread] DEBUG PrimaryStageWindow   - GameScene <- DialogSubScene
05:05:32.230 [JavaFX Application Thread] DEBUG PrimaryStageWindow   - Push state: DialogSubScene
05:05:32.230 [JavaFX Application Thread] DEBUG Input                - Clearing active input actions
05:05:32.230 [JavaFX Application Thread] DEBUG GameApplicationServi - Removing overlay from GameScene and adding to DialogSubScene
05:05:32.230 [JavaFX Application Thread] DEBUG PrimaryStageWindow   - GameScene -> DialogSubScene
05:05:34.032 [JavaFX Application Thread] DEBUG PrimaryStageWindow   - Pop state: DialogSubScene
05:05:34.032 [JavaFX Application Thread] DEBUG Input                - Clearing active input actions
05:05:34.032 [JavaFX Application Thread] DEBUG GameApplicationServi - Removing overlay from DialogSubScene and adding to GameScene
05:05:34.034 [JavaFX Application Thread] DEBUG PrimaryStageWindow   - GameScene <- DialogSubScene
05:05:34.043 [JavaFX Application Thread] DEBUG FXGLAssetLoaderServi - Loading from file system: file:/E:/All%20About%20Dev/OOP/FXGL%20new%20Begining/final%20version/Tower%20Defender/Tower-Defender/target/classes/assets/textures/wildfire2.png
05:05:34.085 [JavaFX Application Thread] DEBUG FXGLAssetLoaderServi - Loading from file system: file:/E:/All%20About%20Dev/OOP/FXGL%20new%20Begining/final%20version/Tower%20Defender/Tower-Defender/target/classes/assets/textures/blue.png
05:05:45.846 [JavaFX Application Thread] DEBUG FXGLAssetLoaderServi - Loading from file system: file:/E:/All%20About%20Dev/OOP/FXGL%20new%20Begining/final%20version/Tower%20Defender/Tower-Defender/target/classes/assets/textures/motherflame.png
05:05:58.091 [JavaFX Application Thread] DEBUG PrimaryStageWindow   - Push state: DialogSubScene
05:05:58.091 [JavaFX Application Thread] DEBUG Input                - Clearing active input actions
05:05:58.092 [JavaFX Application Thread] DEBUG GameApplicationServi - Removing overlay from GameScene and adding to DialogSubScene
05:05:58.092 [JavaFX Application Thread] DEBUG PrimaryStageWindow   - GameScene -> DialogSubScene
05:05:59.471 [JavaFX Application Thread] DEBUG PrimaryStageWindow   - Pop state: DialogSubScene
05:05:59.471 [JavaFX Application Thread] DEBUG Input                - Clearing active input actions
05:05:59.472 [JavaFX Application Thread] DEBUG GameApplicationServi - Removing overlay from DialogSubScene and adding to GameScene
05:05:59.472 [JavaFX Application Thread] DEBUG PrimaryStageWindow   - GameScene <- DialogSubScene
05:06:00.706 [JavaFX Application Thread] DEBUG PrimaryStageWindow   - Push state: DialogSubScene
05:06:00.706 [JavaFX Application Thread] DEBUG Input                - Clearing active input actions
05:06:00.707 [JavaFX Application Thread] DEBUG GameApplicationServi - Removing overlay from GameScene and adding to DialogSubScene
05:06:00.707 [JavaFX Application Thread] DEBUG PrimaryStageWindow   - GameScene -> DialogSubScene
05:06:01.865 [JavaFX Application Thread] DEBUG PrimaryStageWindow   - Pop state: DialogSubScene
05:06:01.867 [JavaFX Application Thread] DEBUG Input                - Clearing active input actions
05:06:01.867 [JavaFX Application Thread] DEBUG GameApplicationServi - Removing overlay from DialogSubScene and adding to GameScene
05:06:01.867 [JavaFX Application Thread] DEBUG PrimaryStageWindow   - GameScene <- DialogSubScene
05:06:01.869 [JavaFX Application Thread] DEBUG FXGLAssetLoaderServi - Loading from file system: file:/E:/All%20About%20Dev/OOP/FXGL%20new%20Begining/final%20version/Tower%20Defender/Tower-Defender/target/classes/assets/textures/spell2.png
05:06:01.892 [JavaFX Application Thread] DEBUG FXGLAssetLoaderServi - Loading from file system: file:/E:/All%20About%20Dev/OOP/FXGL%20new%20Begining/final%20version/Tower%20Defender/Tower-Defender/target/classes/assets/textures/red.png
05:06:02.968 [JavaFX Application Thread] DEBUG PrimaryStageWindow   - Push state: DialogSubScene
05:06:02.968 [JavaFX Application Thread] DEBUG Input                - Clearing active input actions
05:06:02.969 [JavaFX Application Thread] DEBUG GameApplicationServi - Removing overlay from GameScene and adding to DialogSubScene
05:06:02.969 [JavaFX Application Thread] DEBUG PrimaryStageWindow   - GameScene -> DialogSubScene
05:06:04.364 [JavaFX Application Thread] DEBUG PrimaryStageWindow   - Pop state: DialogSubScene
05:06:04.364 [JavaFX Application Thread] DEBUG Input                - Clearing active input actions
05:06:04.364 [JavaFX Application Thread] DEBUG GameApplicationServi - Removing overlay from DialogSubScene and adding to GameScene
05:06:04.364 [JavaFX Application Thread] DEBUG PrimaryStageWindow   - GameScene <- DialogSubScene
05:06:04.365 [JavaFX Application Thread] DEBUG FXGLAssetLoaderServi - Loading from file system: file:/E:/All%20About%20Dev/OOP/FXGL%20new%20Begining/final%20version/Tower%20Defender/Tower-Defender/target/classes/assets/textures/spell.png
05:06:04.386 [JavaFX Application Thread] DEBUG FXGLAssetLoaderServi - Loading from file system: file:/E:/All%20About%20Dev/OOP/FXGL%20new%20Begining/final%20version/Tower%20Defender/Tower-Defender/target/classes/assets/textures/violet.png
05:06:13.081 [JavaFX Application Thread] DEBUG PrimaryStageWindow   - Push state: DialogSubScene
05:06:13.081 [JavaFX Application Thread] DEBUG Input                - Clearing active input actions
05:06:13.082 [JavaFX Application Thread] DEBUG GameApplicationServi - Removing overlay from GameScene and adding to DialogSubScene
05:06:13.082 [JavaFX Application Thread] DEBUG PrimaryStageWindow   - GameScene -> DialogSubScene
05:06:16.512 [JavaFX Application Thread] DEBUG PrimaryStageWindow   - Pop state: DialogSubScene
05:06:16.512 [JavaFX Application Thread] DEBUG Input                - Clearing active input actions
05:06:16.512 [JavaFX Application Thread] DEBUG GameApplicationServi - Removing overlay from DialogSubScene and adding to GameScene
05:06:16.512 [JavaFX Application Thread] DEBUG PrimaryStageWindow   - GameScene <- DialogSubScene
05:06:16.513 [JavaFX Application Thread] DEBUG FXGLApplication      - Exiting FXGL
05:06:16.513 [JavaFX Application Thread] DEBUG LoopRunner           - Stopping loop
05:06:16.513 [JavaFX Application Thread] DEBUG SystemBundleService  - Saving FXGL system data
05:06:16.517 [JavaFX Application Thread] DEBUG FileSystemAccess     - Writing to: E:\All About Dev\OOP\FXGL new Begining\final version\Tower Defender\Tower-Defender\system\fxgl.bundle
05:06:16.519 [JavaFX Application Thread] DEBUG Async                - Shutting down background threads
05:06:16.519 [JavaFX Application Thread] DEBUG PrimaryStageWindow   - Closing main window
05:06:16.553 [JavaFX Application Thread] DEBUG Logger               - Closing Logger
