05:40:31.729 [main                     ] DEBUG Logger               - Configured Logger
05:40:31.758 [main                     ] DEBUG GameApplication      - Logging settings
Title: Ghost Hunter
Version: 1.0
Width: 1280
Height: 800
Fullscreen: true
Intro: false
Profiling: false
Single step:false
App Mode: DEVELOPER
Menu Key: ESCAPE
Stage Style: DECORATED
Scene Factory: class com.almasb.fxgl.app.scene.SceneFactory

05:40:32.296 [JavaFX Application Thread] DEBUG FXGLApplication      - Initializing FXGL
05:40:32.301 [JavaFX Application Thread] INFO  Engine               - FXGL-21.1 (27.03.2024 07.52) on WINDOWS (J:21.0.9 FX:21.0.1)
05:40:32.301 [JavaFX Application Thread] DEBUG Engine               - JRE Vendor Name: Oracle Corporation
05:40:32.301 [JavaFX Application Thread] DEBUG Engine               - Running on OS: Windows 11 version 10.0
05:40:32.302 [JavaFX Application Thread] DEBUG Engine               - Architecture: amd64
05:40:32.302 [JavaFX Application Thread] INFO  Engine               - Source code and latest versions at: https://github.com/AlmasB/FXGL
05:40:32.302 [JavaFX Application Thread] INFO  Engine               -       Ask questions and discuss at: https://github.com/AlmasB/FXGL/discussions
05:40:32.302 [JavaFX Application Thread] INFO  Engine               -              Join the FXGL chat at: https://gitter.im/AlmasB/FXGL
05:40:32.413 [JavaFX Application Thread] DEBUG PrimaryStageWindow   - Creating a JavaFX scene
05:40:32.460 [JavaFX Application Thread] DEBUG PrimaryStageWindow   - Target settings size: 1280.0 x 800.0
05:40:32.460 [JavaFX Application Thread] DEBUG PrimaryStageWindow   - Scaled scene size:    1280.0 x 800.0
05:40:32.460 [JavaFX Application Thread] DEBUG PrimaryStageWindow   - Scaled ratio: (1.0, 1.0)
05:40:32.461 [JavaFX Application Thread] DEBUG PrimaryStageWindow   - Set initial scene to FXGLStartupScene
05:40:32.465 [JavaFX Application Thread] DEBUG PrimaryStageWindow   - Opening main window
05:40:32.572 [JavaFX Application Thread] DEBUG PrimaryStageWindow   - Window border size: (14.4000244140625, 37.5999755859375)
05:40:32.572 [JavaFX Application Thread] DEBUG PrimaryStageWindow   - Scaled size: 1280.0 x 800.0
05:40:32.573 [JavaFX Application Thread] DEBUG PrimaryStageWindow   - Scaled ratio: (1.0, 1.0)
05:40:32.573 [JavaFX Application Thread] DEBUG PrimaryStageWindow   - Scene size: 1280.0 x 800.0
05:40:32.573 [JavaFX Application Thread] DEBUG PrimaryStageWindow   - Stage size: 1294.4000244140625 x 837.5999755859375
05:40:32.583 [FXGL Background Thread 1 ] DEBUG Engine               - Initializing environment variables
05:40:32.690 [FXGL Background Thread 1 ] DEBUG FXGLAssetLoaderServi - User app class for loading assets: class org.saikat.Game
05:40:32.691 [FXGL Background Thread 1 ] DEBUG GameApplicationServi - Applying CSS: fxgl_dark.css
05:40:32.692 [FXGL Background Thread 1 ] DEBUG FXGLAssetLoaderServi - Loading from file system: jar:file:/C:/Users/HP/.m2/repository/com/github/almasb/fxgl/21.1/fxgl-21.1.jar!/fxglassets/ui/css/fxgl_dark.css
05:40:32.758 [FXGL Background Thread 1 ] DEBUG GameApplicationServi - Initializing application scenes
05:40:32.830 [FXGL Background Thread 1 ] DEBUG GameWorld            - Game world initialized
05:40:32.946 [FXGL Background Thread 1 ] DEBUG PhysicsWorld         - Physics world initialized: appHeight=800, physics.ppm=50.0
05:40:32.946 [FXGL Background Thread 1 ] DEBUG PhysicsWorld         - Using strategy: BRUTE_FORCE
05:40:32.952 [FXGL Background Thread 1 ] DEBUG GameScene            - Game scene initialized: 1280x800
05:40:32.971 [FXGL Background Thread 1 ] DEBUG FXGL.DefaultMenu     - createMenuBodyGameMenu()
05:40:32.990 [FXGL Background Thread 1 ] DEBUG FXGL.DefaultMenu     - createOptionsMenu()
05:40:33.000 [FXGL Background Thread 1 ] DEBUG FXGLAssetLoaderServi - Loading from file system: jar:file:/C:/Users/HP/.m2/repository/com/github/almasb/fxgl/21.1/fxgl-21.1.jar!/fxglassets/textures/particles/smoke.png
05:40:33.138 [FXGL Background Thread 1 ] DEBUG FXGLAssetLoaderServi - Loading from file system: jar:file:/C:/Users/HP/.m2/repository/com/github/almasb/fxgl/21.1/fxgl-21.1.jar!/fxglassets/textures/particles/trace_horizontal.png
05:40:33.165 [FXGL Background Thread 1 ] DEBUG GameApplicationServi - Application scenes initialized
05:40:33.181 [FXGL Background Thread 1 ] DEBUG SystemBundleService  - Loading FXGL system data
05:40:33.186 [FXGL Background Thread 1 ] DEBUG FileSystemAccess     - Reading from: E:\All About Dev\OOP\FXGL new Begining\final version\Tower Defender\Tower-Defender\system\fxgl.bundle
05:40:33.207 [FXGL Background Thread 1 ] DEBUG SystemBundleService  - Bundle FXGL: {}
05:40:33.208 [FXGL Background Thread 1 ] DEBUG UpdaterService       - Checking for updates
05:40:33.249 [FXGL Background Thread 4 ] DEBUG FXGLApplication      - Loading fonts
05:40:33.249 [FXGL Background Thread 1 ] DEBUG FXGLApplication      - Loading default localization
05:40:33.250 [FXGL Background Thread 4 ] DEBUG FXGLAssetLoaderServi - Loading from file system: jar:file:/C:/Users/HP/.m2/repository/com/github/almasb/fxgl/21.1/fxgl-21.1.jar!/fxglassets/ui/fonts/VarelaRound-Regular.ttf
05:40:33.250 [FXGL Background Thread 1 ] DEBUG FXGLAssetLoaderServi - Loading from file system: jar:file:/C:/Users/HP/.m2/repository/com/github/almasb/fxgl/21.1/fxgl-21.1.jar!/fxglassets/languages/english.lang
05:40:33.284 [FXGL Background Thread 1 ] INFO  FXGLApplication      - FXGL initialization took: 0.700 sec
05:40:33.295 [JavaFX Application Thread] DEBUG Input                - Registered new binding: add tower - LMB
05:40:33.296 [JavaFX Application Thread] DEBUG Input                - Registered new binding: remove tower - RMB
05:40:33.297 [JavaFX Application Thread] DEBUG FXGLAssetLoaderServi - Loading from file system: jar:file:/C:/Users/HP/.m2/repository/com/github/almasb/fxgl/21.1/fxgl-21.1.jar!/fxglassets/textures/fxgl_icon.png
05:40:33.307 [FXGL Background Thread 4 ] DEBUG FXGLAssetLoaderServi - Loading from file system: jar:file:/C:/Users/HP/.m2/repository/com/github/almasb/fxgl/21.1/fxgl-21.1.jar!/fxglassets/ui/fonts/Abel-Regular.ttf
05:40:33.313 [FXGL Background Thread 4 ] DEBUG FXGLAssetLoaderServi - Loading from file system: jar:file:/C:/Users/HP/.m2/repository/com/github/almasb/fxgl/21.1/fxgl-21.1.jar!/fxglassets/ui/fonts/TerminalLandMono-Regular.otf
05:40:33.319 [FXGL Background Thread 4 ] DEBUG FXGLAssetLoaderServi - Loading from file system: jar:file:/C:/Users/HP/.m2/repository/com/github/almasb/fxgl/21.1/fxgl-21.1.jar!/fxglassets/ui/fonts/Courier-Prime.ttf
05:40:33.320 [JavaFX Application Thread] DEBUG FXGLAssetLoaderServi - Loading from file system: jar:file:/C:/Users/HP/.m2/repository/com/github/almasb/fxgl/21.1/fxgl-21.1.jar!/fxglassets/textures/fxgl_default_cursor.png
05:40:33.334 [JavaFX Application Thread] DEBUG Input                - Registered new binding: Screenshot - CTRL+8
05:40:33.335 [JavaFX Application Thread] DEBUG Input                - Registered new binding: Dev Options - 1
05:40:33.336 [JavaFX Application Thread] DEBUG Input                - Registered new binding: Dev Console - 2
05:40:33.336 [JavaFX Application Thread] DEBUG Input                - Registered new binding: System info dump - CTRL+9
05:40:33.337 [JavaFX Application Thread] DEBUG Input                - Registered new binding: Restart - CTRL+R
05:40:33.338 [JavaFX Application Thread] DEBUG Input                - Registered new binding: Toggle Debug Camera - CTRL+7
05:40:33.342 [JavaFX Application Thread] DEBUG LoopRunner           - Starting loop
05:40:33.374 [JavaFX Application Thread] DEBUG LoopRunner           - Initializing JavaFX AnimationTimerLoop
05:40:33.377 [JavaFX Application Thread] DEBUG GameApplicationServi - Starting new game
05:40:33.378 [JavaFX Application Thread] DEBUG Input                - Clearing active input actions
05:40:33.391 [JavaFX Application Thread] DEBUG GameApplicationServi - Removing overlay from FXGLStartupScene and adding to FXGLLoadingScene
05:40:33.399 [JavaFX Application Thread] DEBUG PrimaryStageWindow   - FXGLStartupScene -> FXGLLoadingScene
05:40:33.400 [JavaFX Application Thread] DEBUG GameApplicationServi - Clearing previous game
05:40:33.400 [JavaFX Application Thread] DEBUG GameScene            - Clearing game scene
05:40:33.400 [JavaFX Application Thread] DEBUG GameWorld            - Clearing game world
05:40:33.400 [JavaFX Application Thread] DEBUG PhysicsWorld         - Clearing physics world
05:40:33.403 [FXGL Background Thread 4 ] DEBUG FXGLApplication      - Initializing game
05:40:33.486 [FXGL Background Thread 4 ] WARN  TMXLevelLoader       - TiledMap generated from 1.12.2. Supported version: 1.9.0. Some features may not be parsed fully.
05:40:33.526 [FXGL Background Thread 4 ] DEBUG TMXLevelLoader       - Parsed TiledMap: file:/E:/All%20About%20Dev/OOP/FXGL%20new%20Begining/final%20version/Tower%20Defender/Tower-Defender/target/classes/assets/levels/wall.tmx
05:40:33.527 [FXGL Background Thread 4 ] DEBUG TMXLevelLoader       - Creating tile layer entities
05:40:33.532 [FXGL Background Thread 4 ] DEBUG TilesetLoader        - Loading view for layer icons
05:40:33.533 [FXGL Background Thread 4 ] DEBUG TilesetLoader        - Created buffer with size 1280.0x800.0
05:40:33.554 [FXGL Background Thread 4 ] DEBUG TilesetLoader        - Loading view for layer background
05:40:33.557 [FXGL Background Thread 4 ] DEBUG TilesetLoader        - Created buffer with size 1280.0x800.0
05:40:33.647 [FXGL Background Thread 4 ] DEBUG TilesetLoader        - Loading view for layer tower spot layer
05:40:33.649 [FXGL Background Thread 4 ] DEBUG TilesetLoader        - Created buffer with size 1280.0x800.0
05:40:33.660 [FXGL Background Thread 4 ] DEBUG TilesetLoader        - Loading view for layer Road
05:40:33.662 [FXGL Background Thread 4 ] DEBUG TilesetLoader        - Created buffer with size 1280.0x800.0
05:40:33.666 [FXGL Background Thread 4 ] DEBUG TilesetLoader        - Loading view for layer road2
05:40:33.667 [FXGL Background Thread 4 ] DEBUG TilesetLoader        - Created buffer with size 1280.0x800.0
05:40:33.677 [FXGL Background Thread 4 ] WARN  TilesetLoader        - Diagonally flipped tiles are not currently supported
05:40:33.678 [FXGL Background Thread 4 ] WARN  TilesetLoader        - Diagonally flipped tiles are not currently supported
05:40:33.679 [FXGL Background Thread 4 ] WARN  TilesetLoader        - Diagonally flipped tiles are not currently supported
05:40:33.680 [FXGL Background Thread 4 ] WARN  TilesetLoader        - Diagonally flipped tiles are not currently supported
05:40:33.681 [FXGL Background Thread 4 ] WARN  TilesetLoader        - Diagonally flipped tiles are not currently supported
05:40:33.682 [FXGL Background Thread 4 ] WARN  TilesetLoader        - Diagonally flipped tiles are not currently supported
05:40:33.683 [FXGL Background Thread 4 ] WARN  TilesetLoader        - Diagonally flipped tiles are not currently supported
05:40:33.683 [FXGL Background Thread 4 ] WARN  TilesetLoader        - Diagonally flipped tiles are not currently supported
05:40:33.684 [FXGL Background Thread 4 ] WARN  TilesetLoader        - Diagonally flipped tiles are not currently supported
05:40:33.684 [FXGL Background Thread 4 ] WARN  TilesetLoader        - Diagonally flipped tiles are not currently supported
05:40:33.684 [FXGL Background Thread 4 ] WARN  TilesetLoader        - Diagonally flipped tiles are not currently supported
05:40:33.685 [FXGL Background Thread 4 ] WARN  TilesetLoader        - Diagonally flipped tiles are not currently supported
05:40:33.685 [FXGL Background Thread 4 ] WARN  TilesetLoader        - Diagonally flipped tiles are not currently supported
05:40:33.686 [FXGL Background Thread 4 ] WARN  TilesetLoader        - Diagonally flipped tiles are not currently supported
05:40:33.686 [FXGL Background Thread 4 ] WARN  TilesetLoader        - Diagonally flipped tiles are not currently supported
05:40:33.686 [FXGL Background Thread 4 ] WARN  TilesetLoader        - Diagonally flipped tiles are not currently supported
05:40:33.687 [FXGL Background Thread 4 ] WARN  TilesetLoader        - Diagonally flipped tiles are not currently supported
05:40:33.687 [FXGL Background Thread 4 ] WARN  TilesetLoader        - Diagonally flipped tiles are not currently supported
05:40:33.687 [FXGL Background Thread 4 ] WARN  TilesetLoader        - Diagonally flipped tiles are not currently supported
05:40:33.688 [FXGL Background Thread 4 ] WARN  TilesetLoader        - Diagonally flipped tiles are not currently supported
05:40:33.688 [FXGL Background Thread 4 ] WARN  TilesetLoader        - Diagonally flipped tiles are not currently supported
05:40:33.688 [FXGL Background Thread 4 ] WARN  TilesetLoader        - Diagonally flipped tiles are not currently supported
05:40:33.689 [FXGL Background Thread 4 ] WARN  TilesetLoader        - Diagonally flipped tiles are not currently supported
05:40:33.689 [FXGL Background Thread 4 ] WARN  TilesetLoader        - Diagonally flipped tiles are not currently supported
05:40:33.689 [FXGL Background Thread 4 ] WARN  TilesetLoader        - Diagonally flipped tiles are not currently supported
05:40:33.690 [FXGL Background Thread 4 ] WARN  TilesetLoader        - Diagonally flipped tiles are not currently supported
05:40:33.690 [FXGL Background Thread 4 ] WARN  TilesetLoader        - Diagonally flipped tiles are not currently supported
05:40:33.690 [FXGL Background Thread 4 ] WARN  TilesetLoader        - Diagonally flipped tiles are not currently supported
05:40:33.691 [FXGL Background Thread 4 ] WARN  TilesetLoader        - Diagonally flipped tiles are not currently supported
05:40:33.691 [FXGL Background Thread 4 ] WARN  TilesetLoader        - Diagonally flipped tiles are not currently supported
05:40:33.691 [FXGL Background Thread 4 ] WARN  TilesetLoader        - Diagonally flipped tiles are not currently supported
05:40:33.691 [FXGL Background Thread 4 ] WARN  TilesetLoader        - Diagonally flipped tiles are not currently supported
05:40:33.695 [FXGL Background Thread 4 ] WARN  TilesetLoader        - Diagonally flipped tiles are not currently supported
05:40:33.696 [FXGL Background Thread 4 ] WARN  TilesetLoader        - Diagonally flipped tiles are not currently supported
05:40:33.696 [FXGL Background Thread 4 ] WARN  TilesetLoader        - Diagonally flipped tiles are not currently supported
05:40:33.697 [FXGL Background Thread 4 ] WARN  TilesetLoader        - Diagonally flipped tiles are not currently supported
05:40:33.697 [FXGL Background Thread 4 ] WARN  TilesetLoader        - Diagonally flipped tiles are not currently supported
05:40:33.698 [FXGL Background Thread 4 ] WARN  TilesetLoader        - Diagonally flipped tiles are not currently supported
05:40:33.698 [FXGL Background Thread 4 ] WARN  TilesetLoader        - Diagonally flipped tiles are not currently supported
05:40:33.699 [FXGL Background Thread 4 ] WARN  TilesetLoader        - Diagonally flipped tiles are not currently supported
05:40:33.699 [FXGL Background Thread 4 ] WARN  TilesetLoader        - Diagonally flipped tiles are not currently supported
05:40:33.700 [FXGL Background Thread 4 ] WARN  TilesetLoader        - Diagonally flipped tiles are not currently supported
05:40:33.700 [FXGL Background Thread 4 ] WARN  TilesetLoader        - Diagonally flipped tiles are not currently supported
05:40:33.701 [FXGL Background Thread 4 ] WARN  TilesetLoader        - Diagonally flipped tiles are not currently supported
05:40:33.701 [FXGL Background Thread 4 ] WARN  TilesetLoader        - Diagonally flipped tiles are not currently supported
05:40:33.702 [FXGL Background Thread 4 ] WARN  TilesetLoader        - Diagonally flipped tiles are not currently supported
05:40:33.702 [FXGL Background Thread 4 ] WARN  TilesetLoader        - Diagonally flipped tiles are not currently supported
05:40:33.703 [FXGL Background Thread 4 ] WARN  TilesetLoader        - Diagonally flipped tiles are not currently supported
05:40:33.704 [FXGL Background Thread 4 ] WARN  TilesetLoader        - Diagonally flipped tiles are not currently supported
05:40:33.705 [FXGL Background Thread 4 ] WARN  TilesetLoader        - Diagonally flipped tiles are not currently supported
05:40:33.705 [FXGL Background Thread 4 ] WARN  TilesetLoader        - Diagonally flipped tiles are not currently supported
05:40:33.706 [FXGL Background Thread 4 ] WARN  TilesetLoader        - Diagonally flipped tiles are not currently supported
05:40:33.706 [FXGL Background Thread 4 ] WARN  TilesetLoader        - Diagonally flipped tiles are not currently supported
05:40:33.707 [FXGL Background Thread 4 ] WARN  TilesetLoader        - Diagonally flipped tiles are not currently supported
05:40:33.707 [FXGL Background Thread 4 ] WARN  TilesetLoader        - Diagonally flipped tiles are not currently supported
05:40:33.708 [FXGL Background Thread 4 ] WARN  TilesetLoader        - Diagonally flipped tiles are not currently supported
05:40:33.708 [FXGL Background Thread 4 ] WARN  TilesetLoader        - Diagonally flipped tiles are not currently supported
05:40:33.709 [FXGL Background Thread 4 ] WARN  TilesetLoader        - Diagonally flipped tiles are not currently supported
05:40:33.710 [FXGL Background Thread 4 ] WARN  TilesetLoader        - Diagonally flipped tiles are not currently supported
05:40:33.710 [FXGL Background Thread 4 ] WARN  TilesetLoader        - Diagonally flipped tiles are not currently supported
05:40:33.710 [FXGL Background Thread 4 ] WARN  TilesetLoader        - Diagonally flipped tiles are not currently supported
05:40:33.711 [FXGL Background Thread 4 ] WARN  TilesetLoader        - Diagonally flipped tiles are not currently supported
05:40:33.711 [FXGL Background Thread 4 ] WARN  TilesetLoader        - Diagonally flipped tiles are not currently supported
05:40:33.711 [FXGL Background Thread 4 ] WARN  TilesetLoader        - Diagonally flipped tiles are not currently supported
05:40:33.712 [FXGL Background Thread 4 ] WARN  TilesetLoader        - Diagonally flipped tiles are not currently supported
05:40:33.712 [FXGL Background Thread 4 ] WARN  TilesetLoader        - Diagonally flipped tiles are not currently supported
05:40:33.712 [FXGL Background Thread 4 ] WARN  TilesetLoader        - Diagonally flipped tiles are not currently supported
05:40:33.713 [FXGL Background Thread 4 ] WARN  TilesetLoader        - Diagonally flipped tiles are not currently supported
05:40:33.713 [FXGL Background Thread 4 ] WARN  TilesetLoader        - Diagonally flipped tiles are not currently supported
05:40:33.713 [FXGL Background Thread 4 ] WARN  TilesetLoader        - Diagonally flipped tiles are not currently supported
05:40:33.714 [FXGL Background Thread 4 ] WARN  TilesetLoader        - Diagonally flipped tiles are not currently supported
05:40:33.714 [FXGL Background Thread 4 ] WARN  TilesetLoader        - Diagonally flipped tiles are not currently supported
05:40:33.714 [FXGL Background Thread 4 ] WARN  TilesetLoader        - Diagonally flipped tiles are not currently supported
05:40:33.714 [FXGL Background Thread 4 ] WARN  TilesetLoader        - Diagonally flipped tiles are not currently supported
05:40:33.715 [FXGL Background Thread 4 ] WARN  TilesetLoader        - Diagonally flipped tiles are not currently supported
05:40:33.715 [FXGL Background Thread 4 ] WARN  TilesetLoader        - Diagonally flipped tiles are not currently supported
05:40:33.715 [FXGL Background Thread 4 ] WARN  TilesetLoader        - Diagonally flipped tiles are not currently supported
05:40:33.716 [FXGL Background Thread 4 ] WARN  TilesetLoader        - Diagonally flipped tiles are not currently supported
05:40:33.719 [FXGL Background Thread 4 ] WARN  TilesetLoader        - Diagonally flipped tiles are not currently supported
05:40:33.720 [FXGL Background Thread 4 ] WARN  TilesetLoader        - Diagonally flipped tiles are not currently supported
05:40:33.721 [FXGL Background Thread 4 ] WARN  TilesetLoader        - Diagonally flipped tiles are not currently supported
05:40:33.722 [FXGL Background Thread 4 ] WARN  TilesetLoader        - Diagonally flipped tiles are not currently supported
05:40:33.722 [FXGL Background Thread 4 ] WARN  TilesetLoader        - Diagonally flipped tiles are not currently supported
05:40:33.723 [FXGL Background Thread 4 ] WARN  TilesetLoader        - Diagonally flipped tiles are not currently supported
05:40:33.724 [FXGL Background Thread 4 ] WARN  TilesetLoader        - Diagonally flipped tiles are not currently supported
05:40:33.725 [FXGL Background Thread 4 ] WARN  TilesetLoader        - Diagonally flipped tiles are not currently supported
05:40:33.725 [FXGL Background Thread 4 ] WARN  TilesetLoader        - Diagonally flipped tiles are not currently supported
05:40:33.726 [FXGL Background Thread 4 ] WARN  TilesetLoader        - Diagonally flipped tiles are not currently supported
05:40:33.731 [FXGL Background Thread 4 ] WARN  TilesetLoader        - Diagonally flipped tiles are not currently supported
05:40:33.732 [FXGL Background Thread 4 ] WARN  TilesetLoader        - Diagonally flipped tiles are not currently supported
05:40:33.733 [FXGL Background Thread 4 ] WARN  TilesetLoader        - Diagonally flipped tiles are not currently supported
05:40:33.734 [FXGL Background Thread 4 ] WARN  TilesetLoader        - Diagonally flipped tiles are not currently supported
05:40:33.735 [FXGL Background Thread 4 ] WARN  TilesetLoader        - Diagonally flipped tiles are not currently supported
05:40:33.736 [FXGL Background Thread 4 ] WARN  TilesetLoader        - Diagonally flipped tiles are not currently supported
05:40:33.736 [FXGL Background Thread 4 ] WARN  TilesetLoader        - Diagonally flipped tiles are not currently supported
05:40:33.737 [FXGL Background Thread 4 ] WARN  TilesetLoader        - Diagonally flipped tiles are not currently supported
05:40:33.738 [FXGL Background Thread 4 ] WARN  TilesetLoader        - Diagonally flipped tiles are not currently supported
05:40:33.739 [FXGL Background Thread 4 ] WARN  TilesetLoader        - Diagonally flipped tiles are not currently supported
05:40:33.739 [FXGL Background Thread 4 ] WARN  TilesetLoader        - Diagonally flipped tiles are not currently supported
05:40:33.740 [FXGL Background Thread 4 ] WARN  TilesetLoader        - Diagonally flipped tiles are not currently supported
05:40:33.741 [FXGL Background Thread 4 ] WARN  TilesetLoader        - Diagonally flipped tiles are not currently supported
05:40:33.742 [FXGL Background Thread 4 ] WARN  TilesetLoader        - Diagonally flipped tiles are not currently supported
05:40:33.742 [FXGL Background Thread 4 ] WARN  TilesetLoader        - Diagonally flipped tiles are not currently supported
05:40:33.743 [FXGL Background Thread 4 ] WARN  TilesetLoader        - Diagonally flipped tiles are not currently supported
05:40:33.743 [FXGL Background Thread 4 ] WARN  TilesetLoader        - Diagonally flipped tiles are not currently supported
05:40:33.744 [FXGL Background Thread 4 ] WARN  TilesetLoader        - Diagonally flipped tiles are not currently supported
05:40:33.745 [FXGL Background Thread 4 ] WARN  TilesetLoader        - Diagonally flipped tiles are not currently supported
05:40:33.746 [FXGL Background Thread 4 ] WARN  TilesetLoader        - Diagonally flipped tiles are not currently supported
05:40:33.746 [FXGL Background Thread 4 ] WARN  TilesetLoader        - Diagonally flipped tiles are not currently supported
05:40:33.747 [FXGL Background Thread 4 ] WARN  TilesetLoader        - Diagonally flipped tiles are not currently supported
05:40:33.747 [FXGL Background Thread 4 ] WARN  TilesetLoader        - Diagonally flipped tiles are not currently supported
05:40:33.748 [FXGL Background Thread 4 ] WARN  TilesetLoader        - Diagonally flipped tiles are not currently supported
05:40:33.748 [FXGL Background Thread 4 ] WARN  TilesetLoader        - Diagonally flipped tiles are not currently supported
05:40:33.749 [FXGL Background Thread 4 ] WARN  TilesetLoader        - Diagonally flipped tiles are not currently supported
05:40:33.749 [FXGL Background Thread 4 ] WARN  TilesetLoader        - Diagonally flipped tiles are not currently supported
05:40:33.750 [FXGL Background Thread 4 ] WARN  TilesetLoader        - Diagonally flipped tiles are not currently supported
05:40:33.750 [FXGL Background Thread 4 ] WARN  TilesetLoader        - Diagonally flipped tiles are not currently supported
05:40:33.751 [FXGL Background Thread 4 ] WARN  TilesetLoader        - Diagonally flipped tiles are not currently supported
05:40:33.751 [FXGL Background Thread 4 ] WARN  TilesetLoader        - Diagonally flipped tiles are not currently supported
05:40:33.752 [FXGL Background Thread 4 ] WARN  TilesetLoader        - Diagonally flipped tiles are not currently supported
05:40:33.753 [FXGL Background Thread 4 ] WARN  TilesetLoader        - Diagonally flipped tiles are not currently supported
05:40:33.753 [FXGL Background Thread 4 ] WARN  TilesetLoader        - Diagonally flipped tiles are not currently supported
05:40:33.754 [FXGL Background Thread 4 ] WARN  TilesetLoader        - Diagonally flipped tiles are not currently supported
05:40:33.754 [FXGL Background Thread 4 ] WARN  TilesetLoader        - Diagonally flipped tiles are not currently supported
05:40:33.755 [FXGL Background Thread 4 ] WARN  TilesetLoader        - Diagonally flipped tiles are not currently supported
05:40:33.756 [FXGL Background Thread 4 ] WARN  TilesetLoader        - Diagonally flipped tiles are not currently supported
05:40:33.756 [FXGL Background Thread 4 ] WARN  TilesetLoader        - Diagonally flipped tiles are not currently supported
05:40:33.757 [FXGL Background Thread 4 ] WARN  TilesetLoader        - Diagonally flipped tiles are not currently supported
05:40:33.758 [FXGL Background Thread 4 ] WARN  TilesetLoader        - Diagonally flipped tiles are not currently supported
05:40:33.758 [FXGL Background Thread 4 ] WARN  TilesetLoader        - Diagonally flipped tiles are not currently supported
05:40:33.759 [FXGL Background Thread 4 ] WARN  TilesetLoader        - Diagonally flipped tiles are not currently supported
05:40:33.760 [FXGL Background Thread 4 ] WARN  TilesetLoader        - Diagonally flipped tiles are not currently supported
05:40:33.760 [FXGL Background Thread 4 ] WARN  TilesetLoader        - Diagonally flipped tiles are not currently supported
05:40:33.761 [FXGL Background Thread 4 ] WARN  TilesetLoader        - Diagonally flipped tiles are not currently supported
05:40:33.762 [FXGL Background Thread 4 ] WARN  TilesetLoader        - Diagonally flipped tiles are not currently supported
05:40:33.763 [FXGL Background Thread 4 ] WARN  TilesetLoader        - Diagonally flipped tiles are not currently supported
05:40:33.763 [FXGL Background Thread 4 ] WARN  TilesetLoader        - Diagonally flipped tiles are not currently supported
05:40:33.764 [FXGL Background Thread 4 ] WARN  TilesetLoader        - Diagonally flipped tiles are not currently supported
05:40:33.764 [FXGL Background Thread 4 ] WARN  TilesetLoader        - Diagonally flipped tiles are not currently supported
05:40:33.765 [FXGL Background Thread 4 ] WARN  TilesetLoader        - Diagonally flipped tiles are not currently supported
05:40:33.765 [FXGL Background Thread 4 ] WARN  TilesetLoader        - Diagonally flipped tiles are not currently supported
05:40:33.766 [FXGL Background Thread 4 ] WARN  TilesetLoader        - Diagonally flipped tiles are not currently supported
05:40:33.766 [FXGL Background Thread 4 ] WARN  TilesetLoader        - Diagonally flipped tiles are not currently supported
05:40:33.766 [FXGL Background Thread 4 ] WARN  TilesetLoader        - Diagonally flipped tiles are not currently supported
05:40:33.766 [FXGL Background Thread 4 ] WARN  TilesetLoader        - Diagonally flipped tiles are not currently supported
05:40:33.767 [FXGL Background Thread 4 ] WARN  TilesetLoader        - Diagonally flipped tiles are not currently supported
05:40:33.767 [FXGL Background Thread 4 ] WARN  TilesetLoader        - Diagonally flipped tiles are not currently supported
05:40:33.768 [FXGL Background Thread 4 ] WARN  TilesetLoader        - Diagonally flipped tiles are not currently supported
05:40:33.768 [FXGL Background Thread 4 ] WARN  TilesetLoader        - Diagonally flipped tiles are not currently supported
05:40:33.769 [FXGL Background Thread 4 ] DEBUG TilesetLoader        - Loading view for layer road3
05:40:33.770 [FXGL Background Thread 4 ] DEBUG TilesetLoader        - Created buffer with size 1280.0x800.0
05:40:33.771 [FXGL Background Thread 4 ] DEBUG TilesetLoader        - Loading view for layer bg2
05:40:33.774 [FXGL Background Thread 4 ] DEBUG TilesetLoader        - Created buffer with size 1280.0x800.0
05:40:33.779 [FXGL Background Thread 4 ] WARN  TilesetLoader        - Diagonally flipped tiles are not currently supported
05:40:33.780 [FXGL Background Thread 4 ] WARN  TilesetLoader        - Diagonally flipped tiles are not currently supported
05:40:33.781 [FXGL Background Thread 4 ] WARN  TilesetLoader        - Diagonally flipped tiles are not currently supported
05:40:33.781 [FXGL Background Thread 4 ] WARN  TilesetLoader        - Diagonally flipped tiles are not currently supported
05:40:33.781 [FXGL Background Thread 4 ] WARN  TilesetLoader        - Diagonally flipped tiles are not currently supported
05:40:33.783 [FXGL Background Thread 4 ] WARN  TilesetLoader        - Diagonally flipped tiles are not currently supported
05:40:33.783 [FXGL Background Thread 4 ] WARN  TilesetLoader        - Diagonally flipped tiles are not currently supported
05:40:33.785 [FXGL Background Thread 4 ] DEBUG TilesetLoader        - Loading view for layer temp
05:40:33.787 [FXGL Background Thread 4 ] DEBUG TilesetLoader        - Created buffer with size 1280.0x800.0
05:40:33.788 [FXGL Background Thread 4 ] DEBUG TMXLevelLoader       - Creating object layer entities
05:40:33.834 [FXGL Background Thread 4 ] DEBUG GameWorld            - Clearing removable entities
05:40:33.836 [FXGL Background Thread 4 ] DEBUG GameWorld            - Setting level: com.almasb.fxgl.entity.level.Level@3bccb7f3
05:40:33.843 [FXGL Background Thread 4 ] DEBUG FXGLAssetLoaderServi - Loading from file system: file:/E:/All%20About%20Dev/OOP/FXGL%20new%20Begining/final%20version/Tower%20Defender/Tower-Defender/target/classes/assets/textures/life.png
05:40:33.847 [FXGL Background Thread 4 ] DEBUG FXGLAssetLoaderServi - Loading from file system: file:/E:/All%20About%20Dev/OOP/FXGL%20new%20Begining/final%20version/Tower%20Defender/Tower-Defender/target/classes/assets/textures/skull.png
05:40:33.870 [FXGL Background Thread 4 ] INFO  FXGLApplication      - Game initialization took: 0.467 sec
05:40:33.954 [JavaFX Application Thread] DEBUG Input                - Clearing active input actions
05:40:33.972 [JavaFX Application Thread] DEBUG GameApplicationServi - Removing overlay from FXGLLoadingScene and adding to GameScene
05:40:33.978 [JavaFX Application Thread] DEBUG PrimaryStageWindow   - FXGLLoadingScene -> GameScene
05:40:34.003 [JavaFX Application Thread] DEBUG FXGLAssetLoaderServi - Loading from file system: file:/E:/All%20About%20Dev/OOP/FXGL%20new%20Begining/final%20version/Tower%20Defender/Tower-Defender/target/classes/assets/textures/goblin.png
05:40:34.156 [FXGL Background Thread 2 ] INFO  UpdaterService       - Your current version:  21.1
05:40:34.156 [FXGL Background Thread 2 ] INFO  UpdaterService       - Latest stable version: 25
05:40:35.217 [JavaFX Application Thread] DEBUG PrimaryStageWindow   - Push state: DialogSubScene
05:40:35.219 [JavaFX Application Thread] DEBUG Input                - Clearing active input actions
05:40:35.221 [JavaFX Application Thread] DEBUG GameApplicationServi - Removing overlay from GameScene and adding to DialogSubScene
05:40:35.225 [JavaFX Application Thread] DEBUG PrimaryStageWindow   - GameScene -> DialogSubScene
05:40:36.246 [FXGL Background Thread 3 ] DEBUG Engine               - Logging environment variables
05:40:36.247 [FXGL Background Thread 3 ] DEBUG Engine               - achievements: []
05:40:36.247 [FXGL Background Thread 3 ] DEBUG Engine               - actualHeight: 800.0
05:40:36.247 [FXGL Background Thread 3 ] DEBUG Engine               - actualHeightProperty: ReadOnlyDoubleProperty [value: 800.0]
05:40:36.247 [FXGL Background Thread 3 ] DEBUG Engine               - actualWidth: 1280.0
05:40:36.247 [FXGL Background Thread 3 ] DEBUG Engine               - actualWidthProperty: ReadOnlyDoubleProperty [value: 1280.0]
05:40:36.247 [FXGL Background Thread 3 ] DEBUG Engine               - appIcon: fxgl_icon.png
05:40:36.247 [FXGL Background Thread 3 ] DEBUG Engine               - applicationMode: DEVELOPER
05:40:36.247 [FXGL Background Thread 3 ] DEBUG Engine               - cSSList: [fxgl_dark.css]
05:40:36.247 [FXGL Background Thread 3 ] DEBUG Engine               - collisionDetectionStrategy: BRUTE_FORCE
05:40:36.247 [FXGL Background Thread 3 ] DEBUG Engine               - configClass: Optional.empty
05:40:36.247 [FXGL Background Thread 3 ] DEBUG Engine               - credits: []
05:40:36.248 [FXGL Background Thread 3 ] DEBUG Engine               - defaultCursor: CursorInfo(imageName=fxgl_default_cursor.png, hotspotX=7.0, hotspotY=6.0)
05:40:36.248 [FXGL Background Thread 3 ] DEBUG Engine               - devBBoxColorProperty: ObjectProperty [value: 0xff0000ff]
05:40:36.248 [FXGL Background Thread 3 ] DEBUG Engine               - devEnableDebugCameraProperty: BooleanProperty [value: false]
05:40:36.248 [FXGL Background Thread 3 ] DEBUG Engine               - devSensorColorProperty: ObjectProperty [value: 0xffff00ff]
05:40:36.248 [FXGL Background Thread 3 ] DEBUG Engine               - devShowBBoxProperty: BooleanProperty [value: false]
05:40:36.248 [FXGL Background Thread 3 ] DEBUG Engine               - devShowPositionProperty: BooleanProperty [value: false]
05:40:36.248 [FXGL Background Thread 3 ] DEBUG Engine               - enabledMenuItems: []
05:40:36.248 [FXGL Background Thread 3 ] DEBUG Engine               - engineServices: [class com.almasb.fxgl.app.services.FXGLAssetLoaderService, class com.almasb.fxgl.app.FXGLApplication$GameApplicationService, class com.almasb.fxgl.app.services.FXGLDialogService, class com.almasb.fxgl.app.services.IOTaskExecutorService, class com.almasb.fxgl.io.FileSystemService, class com.almasb.fxgl.localization.LocalizationService, class com.almasb.fxgl.app.services.SystemBundleService, class com.almasb.fxgl.profile.SaveLoadService, class com.almasb.fxgl.ui.FXGLUIFactoryServiceProvider, class com.almasb.fxgl.ui.FXGLDialogFactoryServiceProvider, class com.almasb.fxgl.audio.AudioPlayer, class com.almasb.fxgl.notification.impl.NotificationServiceProvider, class com.almasb.fxgl.achievement.AchievementService, class com.almasb.fxgl.cutscene.CutsceneService, class com.almasb.fxgl.minigames.MiniGameService, class com.almasb.fxgl.net.NetService, class com.almasb.fxgl.app.services.UpdaterService, class com.almasb.fxgl.dev.DevService]
05:40:36.248 [FXGL Background Thread 3 ] DEBUG Engine               - fontGame: Abel-Regular.ttf
05:40:36.248 [FXGL Background Thread 3 ] DEBUG Engine               - fontMono: TerminalLandMono-Regular.otf
05:40:36.248 [FXGL Background Thread 3 ] DEBUG Engine               - fontSizeScaleUI: 1.0
05:40:36.248 [FXGL Background Thread 3 ] DEBUG Engine               - fontText: Courier-Prime.ttf
05:40:36.249 [FXGL Background Thread 3 ] DEBUG Engine               - fontUI: VarelaRound-Regular.ttf
05:40:36.249 [FXGL Background Thread 3 ] DEBUG Engine               - fullScreen: BooleanProperty [value: false]
05:40:36.249 [FXGL Background Thread 3 ] DEBUG Engine               - gameDifficulty: MEDIUM
05:40:36.249 [FXGL Background Thread 3 ] DEBUG Engine               - gameDifficultyProperty: ObjectProperty [value: MEDIUM]
05:40:36.249 [FXGL Background Thread 3 ] DEBUG Engine               - globalMusicVolume: 0.5
05:40:36.249 [FXGL Background Thread 3 ] DEBUG Engine               - globalMusicVolumeProperty: DoubleProperty [value: 0.5]
05:40:36.249 [FXGL Background Thread 3 ] DEBUG Engine               - globalSoundVolume: 0.5
05:40:36.249 [FXGL Background Thread 3 ] DEBUG Engine               - globalSoundVolumeProperty: DoubleProperty [value: 0.5]
05:40:36.249 [FXGL Background Thread 3 ] DEBUG Engine               - height: 800
05:40:36.249 [FXGL Background Thread 3 ] DEBUG Engine               - is3D: false
05:40:36.249 [FXGL Background Thread 3 ] DEBUG Engine               - isAndroid: false
05:40:36.249 [FXGL Background Thread 3 ] DEBUG Engine               - isBrowser: false
05:40:36.249 [FXGL Background Thread 3 ] DEBUG Engine               - isClickFeedbackEnabled: false
05:40:36.249 [FXGL Background Thread 3 ] DEBUG Engine               - isCloseConfirmation: false
05:40:36.249 [FXGL Background Thread 3 ] DEBUG Engine               - isDesktop: true
05:40:36.249 [FXGL Background Thread 3 ] DEBUG Engine               - isDeveloperMenuEnabled: true
05:40:36.249 [FXGL Background Thread 3 ] DEBUG Engine               - isEmbedded: false
05:40:36.250 [FXGL Background Thread 3 ] DEBUG Engine               - isEntityPreloadEnabled: true
05:40:36.250 [FXGL Background Thread 3 ] DEBUG Engine               - isExperimentalTiledLargeMap: false
05:40:36.250 [FXGL Background Thread 3 ] DEBUG Engine               - isFileSystemWriteAllowed: true
05:40:36.250 [FXGL Background Thread 3 ] DEBUG Engine               - isFullScreenAllowed: true
05:40:36.250 [FXGL Background Thread 3 ] DEBUG Engine               - isFullScreenFromStart: false
05:40:36.250 [FXGL Background Thread 3 ] DEBUG Engine               - isGameMenuEnabled: true
05:40:36.250 [FXGL Background Thread 3 ] DEBUG Engine               - isIOS: false
05:40:36.250 [FXGL Background Thread 3 ] DEBUG Engine               - isIntroEnabled: false
05:40:36.250 [FXGL Background Thread 3 ] DEBUG Engine               - isLinux: false
05:40:36.250 [FXGL Background Thread 3 ] DEBUG Engine               - isMac: false
05:40:36.250 [FXGL Background Thread 3 ] DEBUG Engine               - isMainMenuEnabled: false
05:40:36.250 [FXGL Background Thread 3 ] DEBUG Engine               - isManualResizeEnabled: true
05:40:36.250 [FXGL Background Thread 3 ] DEBUG Engine               - isMobile: false
05:40:36.250 [FXGL Background Thread 3 ] DEBUG Engine               - isNative: false
05:40:36.250 [FXGL Background Thread 3 ] DEBUG Engine               - isPauseMusicWhenMinimized: true
05:40:36.250 [FXGL Background Thread 3 ] DEBUG Engine               - isPreserveResizeRatio: false
05:40:36.250 [FXGL Background Thread 3 ] DEBUG Engine               - isProfilingEnabled: false
05:40:36.250 [FXGL Background Thread 3 ] DEBUG Engine               - isScaleAffectedOnResize: true
05:40:36.250 [FXGL Background Thread 3 ] DEBUG Engine               - isSingleStep: false
05:40:36.250 [FXGL Background Thread 3 ] DEBUG Engine               - isUserProfileEnabled: false
05:40:36.250 [FXGL Background Thread 3 ] DEBUG Engine               - isWindows: true
05:40:36.250 [FXGL Background Thread 3 ] DEBUG Engine               - language: ObjectProperty [value: ENGLISH]
05:40:36.250 [FXGL Background Thread 3 ] DEBUG Engine               - menuKey: ESCAPE
05:40:36.250 [FXGL Background Thread 3 ] DEBUG Engine               - mouseSensitivity: 0.2
05:40:36.251 [FXGL Background Thread 3 ] DEBUG Engine               - notificationViewClass: class com.almasb.fxgl.notification.view.XboxNotificationView
05:40:36.251 [FXGL Background Thread 3 ] DEBUG Engine               - pixelsPerMeter: 50.0
05:40:36.251 [FXGL Background Thread 3 ] DEBUG Engine               - platform: WINDOWS
05:40:36.251 [FXGL Background Thread 3 ] DEBUG Engine               - prefHeightProperty: ReadOnlyDoubleProperty [value: 800.0]
05:40:36.251 [FXGL Background Thread 3 ] DEBUG Engine               - prefWidthProperty: ReadOnlyDoubleProperty [value: 1280.0]
05:40:36.251 [FXGL Background Thread 3 ] DEBUG Engine               - profileDir: profiles/
05:40:36.251 [FXGL Background Thread 3 ] DEBUG Engine               - profileName: StringProperty [value: DEFAULT]
05:40:36.251 [FXGL Background Thread 3 ] DEBUG Engine               - randomSeed: -1
05:40:36.251 [FXGL Background Thread 3 ] DEBUG Engine               - runtimeInfo: RuntimeInfo(platform=WINDOWS, version=21.1, build=27.03.2024 07.52)
05:40:36.251 [FXGL Background Thread 3 ] DEBUG Engine               - saveFileExt: sav
05:40:36.251 [FXGL Background Thread 3 ] DEBUG Engine               - scaledHeightProp$fxgl: DoubleProperty [bound, value: 800.0]
05:40:36.252 [FXGL Background Thread 3 ] DEBUG Engine               - scaledWidthProp$fxgl: DoubleProperty [bound, value: 1280.0]
05:40:36.252 [FXGL Background Thread 3 ] DEBUG Engine               - sceneFactory: com.almasb.fxgl.app.scene.SceneFactory@27fba704
05:40:36.252 [FXGL Background Thread 3 ] DEBUG Engine               - secondsIn24h: 60
05:40:36.252 [FXGL Background Thread 3 ] DEBUG Engine               - soundMenuBack: menu/back.wav
05:40:36.252 [FXGL Background Thread 3 ] DEBUG Engine               - soundMenuPress: menu/press.wav
05:40:36.252 [FXGL Background Thread 3 ] DEBUG Engine               - soundMenuSelect: menu/select.wav
05:40:36.252 [FXGL Background Thread 3 ] DEBUG Engine               - soundNotification: core/notification.wav
05:40:36.252 [FXGL Background Thread 3 ] DEBUG Engine               - stageStyle: DECORATED
05:40:36.252 [FXGL Background Thread 3 ] DEBUG Engine               - supportedLanguages: [ENGLISH, FRENCH, GERMAN, HUNGARIAN, RUSSIAN]
05:40:36.252 [FXGL Background Thread 3 ] DEBUG Engine               - ticksPerSecond: -1
05:40:36.252 [FXGL Background Thread 3 ] DEBUG Engine               - title: Ghost Hunter
05:40:36.252 [FXGL Background Thread 3 ] DEBUG Engine               - urlGithub: https://github.com/AlmasB/FXGL
05:40:36.252 [FXGL Background Thread 3 ] DEBUG Engine               - urlLeaderboard: http://fxgl-top.herokuapp.com/
05:40:36.252 [FXGL Background Thread 3 ] DEBUG Engine               - urlPOM: https://raw.githubusercontent.com/AlmasB/FXGL/release/README.md
05:40:36.252 [FXGL Background Thread 3 ] DEBUG Engine               - userAppClass: class org.saikat.Game
05:40:36.252 [FXGL Background Thread 3 ] DEBUG Engine               - version: 1.0
05:40:36.252 [FXGL Background Thread 3 ] DEBUG Engine               - versionCheckDays: 7
05:40:36.252 [FXGL Background Thread 3 ] DEBUG Engine               - width: 1280
05:40:36.252 [FXGL Background Thread 3 ] DEBUG Engine               - Logging services
05:40:36.252 [FXGL Background Thread 3 ] DEBUG Engine               - class com.almasb.fxgl.app.services.FXGLAssetLoaderService
05:40:36.252 [FXGL Background Thread 3 ] DEBUG Engine               - class com.almasb.fxgl.app.FXGLApplication$GameApplicationService
05:40:36.252 [FXGL Background Thread 3 ] DEBUG Engine               - class com.almasb.fxgl.app.services.FXGLDialogService
05:40:36.252 [FXGL Background Thread 3 ] DEBUG Engine               - class com.almasb.fxgl.app.services.IOTaskExecutorService
05:40:36.252 [FXGL Background Thread 3 ] DEBUG Engine               - class com.almasb.fxgl.io.FileSystemService
05:40:36.252 [FXGL Background Thread 3 ] DEBUG Engine               - class com.almasb.fxgl.localization.LocalizationService
05:40:36.252 [FXGL Background Thread 3 ] DEBUG Engine               - class com.almasb.fxgl.app.services.SystemBundleService
05:40:36.252 [FXGL Background Thread 3 ] DEBUG Engine               - class com.almasb.fxgl.profile.SaveLoadService
05:40:36.252 [FXGL Background Thread 3 ] DEBUG Engine               - class com.almasb.fxgl.ui.FXGLUIFactoryServiceProvider
05:40:36.252 [FXGL Background Thread 3 ] DEBUG Engine               - class com.almasb.fxgl.ui.FXGLDialogFactoryServiceProvider
05:40:36.253 [FXGL Background Thread 3 ] DEBUG Engine               - class com.almasb.fxgl.audio.AudioPlayer
05:40:36.253 [FXGL Background Thread 3 ] DEBUG Engine               - class com.almasb.fxgl.notification.impl.NotificationServiceProvider
05:40:36.253 [FXGL Background Thread 3 ] DEBUG Engine               - class com.almasb.fxgl.achievement.AchievementService
05:40:36.253 [FXGL Background Thread 3 ] DEBUG Engine               - class com.almasb.fxgl.cutscene.CutsceneService
05:40:36.253 [FXGL Background Thread 3 ] DEBUG Engine               - class com.almasb.fxgl.minigames.MiniGameService
05:40:36.253 [FXGL Background Thread 3 ] DEBUG Engine               - class com.almasb.fxgl.net.NetService
05:40:36.253 [FXGL Background Thread 3 ] DEBUG Engine               - class com.almasb.fxgl.app.services.UpdaterService
05:40:36.253 [FXGL Background Thread 3 ] DEBUG Engine               - class com.almasb.fxgl.dev.DevService
05:40:36.579 [JavaFX Application Thread] DEBUG PrimaryStageWindow   - Pop state: DialogSubScene
05:40:36.579 [JavaFX Application Thread] DEBUG Input                - Clearing active input actions
05:40:36.580 [JavaFX Application Thread] DEBUG GameApplicationServi - Removing overlay from DialogSubScene and adding to GameScene
05:40:36.587 [JavaFX Application Thread] DEBUG PrimaryStageWindow   - GameScene <- DialogSubScene
05:40:36.588 [JavaFX Application Thread] DEBUG FXGLAssetLoaderServi - Loading from file system: file:/E:/All%20About%20Dev/OOP/FXGL%20new%20Begining/final%20version/Tower%20Defender/Tower-Defender/target/classes/assets/textures/red.png
05:40:36.597 [JavaFX Application Thread] DEBUG FXGLAssetLoaderServi - Loading from file system: file:/E:/All%20About%20Dev/OOP/FXGL%20new%20Begining/final%20version/Tower%20Defender/Tower-Defender/target/classes/assets/textures/spell2.png
05:40:38.431 [JavaFX Application Thread] DEBUG PrimaryStageWindow   - Push state: DialogSubScene
05:40:38.432 [JavaFX Application Thread] DEBUG Input                - Clearing active input actions
05:40:38.433 [JavaFX Application Thread] DEBUG GameApplicationServi - Removing overlay from GameScene and adding to DialogSubScene
05:40:38.434 [JavaFX Application Thread] DEBUG PrimaryStageWindow   - GameScene -> DialogSubScene
05:40:39.857 [JavaFX Application Thread] DEBUG PrimaryStageWindow   - Pop state: DialogSubScene
05:40:39.857 [JavaFX Application Thread] DEBUG Input                - Clearing active input actions
05:40:39.858 [JavaFX Application Thread] DEBUG GameApplicationServi - Removing overlay from DialogSubScene and adding to GameScene
05:40:39.863 [JavaFX Application Thread] DEBUG PrimaryStageWindow   - GameScene <- DialogSubScene
05:40:45.594 [JavaFX Application Thread] DEBUG FXGLApplication      - Exiting FXGL
05:40:45.594 [JavaFX Application Thread] DEBUG LoopRunner           - Stopping loop
05:40:45.594 [JavaFX Application Thread] DEBUG SystemBundleService  - Saving FXGL system data
05:40:45.604 [JavaFX Application Thread] DEBUG FileSystemAccess     - Writing to: E:\All About Dev\OOP\FXGL new Begining\final version\Tower Defender\Tower-Defender\system\fxgl.bundle
05:40:45.608 [JavaFX Application Thread] DEBUG Async                - Shutting down background threads
05:40:45.608 [JavaFX Application Thread] DEBUG PrimaryStageWindow   - Closing main window
05:40:45.636 [JavaFX Application Thread] DEBUG Logger               - Closing Logger
