14:27:24.488 [main                     ] DEBUG Logger               - Configured Logger
14:27:24.514 [main                     ] DEBUG GameApplication      - Logging settings
Title: Ghost Hunter
Version: 1.0
Width: 1280
Height: 800
Fullscreen: true
Intro: false
Profiling: false
Single step:false
App Mode: DEVELOPER
Menu Key: ESCAPE
Stage Style: DECORATED
Scene Factory: class com.almasb.fxgl.app.scene.SceneFactory

14:27:25.184 [JavaFX Application Thread] DEBUG FXGLApplication      - Initializing FXGL
14:27:25.196 [JavaFX Application Thread] INFO  Engine               - FXGL-21.1 (27.03.2024 07.52) on WINDOWS (J:21.0.9 FX:21.0.1)
14:27:25.196 [JavaFX Application Thread] DEBUG Engine               - JRE Vendor Name: Oracle Corporation
14:27:25.197 [JavaFX Application Thread] DEBUG Engine               - Running on OS: Windows 11 version 10.0
14:27:25.197 [JavaFX Application Thread] DEBUG Engine               - Architecture: amd64
14:27:25.197 [JavaFX Application Thread] INFO  Engine               - Source code and latest versions at: https://github.com/AlmasB/FXGL
14:27:25.198 [JavaFX Application Thread] INFO  Engine               -       Ask questions and discuss at: https://github.com/AlmasB/FXGL/discussions
14:27:25.198 [JavaFX Application Thread] INFO  Engine               -              Join the FXGL chat at: https://gitter.im/AlmasB/FXGL
14:27:25.394 [JavaFX Application Thread] DEBUG PrimaryStageWindow   - Creating a JavaFX scene
14:27:25.463 [JavaFX Application Thread] DEBUG PrimaryStageWindow   - Target settings size: 1280.0 x 800.0
14:27:25.463 [JavaFX Application Thread] DEBUG PrimaryStageWindow   - Scaled scene size:    1280.0 x 800.0
14:27:25.464 [JavaFX Application Thread] DEBUG PrimaryStageWindow   - Scaled ratio: (1.0, 1.0)
14:27:25.465 [JavaFX Application Thread] DEBUG PrimaryStageWindow   - Set initial scene to FXGLStartupScene
14:27:25.469 [JavaFX Application Thread] DEBUG PrimaryStageWindow   - Opening main window
14:27:25.608 [JavaFX Application Thread] DEBUG PrimaryStageWindow   - Window border size: (14.4000244140625, 37.5999755859375)
14:27:25.608 [JavaFX Application Thread] DEBUG PrimaryStageWindow   - Scaled size: 1280.0 x 800.0
14:27:25.610 [JavaFX Application Thread] DEBUG PrimaryStageWindow   - Scaled ratio: (1.0, 1.0)
14:27:25.610 [JavaFX Application Thread] DEBUG PrimaryStageWindow   - Scene size: 1280.0 x 800.0
14:27:25.610 [JavaFX Application Thread] DEBUG PrimaryStageWindow   - Stage size: 1294.4000244140625 x 837.5999755859375
14:27:25.623 [FXGL Background Thread 1 ] DEBUG Engine               - Initializing environment variables
14:27:25.705 [FXGL Background Thread 1 ] DEBUG FXGLAssetLoaderServi - User app class for loading assets: class org.saikat.Game
14:27:25.705 [FXGL Background Thread 1 ] DEBUG GameApplicationServi - Applying CSS: fxgl_dark.css
14:27:25.706 [FXGL Background Thread 1 ] DEBUG FXGLAssetLoaderServi - Loading from file system: jar:file:/C:/Users/HP/.m2/repository/com/github/almasb/fxgl/21.1/fxgl-21.1.jar!/fxglassets/ui/css/fxgl_dark.css
14:27:25.767 [FXGL Background Thread 1 ] DEBUG GameApplicationServi - Initializing application scenes
14:27:25.831 [FXGL Background Thread 1 ] DEBUG GameWorld            - Game world initialized
14:27:25.894 [FXGL Background Thread 1 ] DEBUG PhysicsWorld         - Physics world initialized: appHeight=800, physics.ppm=50.0
14:27:25.894 [FXGL Background Thread 1 ] DEBUG PhysicsWorld         - Using strategy: BRUTE_FORCE
14:27:25.898 [FXGL Background Thread 1 ] DEBUG GameScene            - Game scene initialized: 1280x800
14:27:25.910 [FXGL Background Thread 1 ] DEBUG FXGL.DefaultMenu     - createMenuBodyGameMenu()
14:27:25.925 [FXGL Background Thread 1 ] DEBUG FXGL.DefaultMenu     - createOptionsMenu()
14:27:25.934 [FXGL Background Thread 1 ] DEBUG FXGLAssetLoaderServi - Loading from file system: jar:file:/C:/Users/HP/.m2/repository/com/github/almasb/fxgl/21.1/fxgl-21.1.jar!/fxglassets/textures/particles/smoke.png
14:27:26.068 [FXGL Background Thread 1 ] DEBUG FXGLAssetLoaderServi - Loading from file system: jar:file:/C:/Users/HP/.m2/repository/com/github/almasb/fxgl/21.1/fxgl-21.1.jar!/fxglassets/textures/particles/trace_horizontal.png
14:27:26.093 [FXGL Background Thread 1 ] DEBUG GameApplicationServi - Application scenes initialized
14:27:26.111 [FXGL Background Thread 1 ] DEBUG SystemBundleService  - Loading FXGL system data
14:27:26.121 [FXGL Background Thread 1 ] DEBUG FileSystemAccess     - Reading from: E:\All About Dev\OOP\FXGL new Begining\final version\Tower Defender\Tower-Defender\system\fxgl.bundle
14:27:26.137 [FXGL Background Thread 1 ] DEBUG SystemBundleService  - Bundle FXGL: {}
14:27:26.137 [FXGL Background Thread 1 ] DEBUG UpdaterService       - Checking for updates
14:27:26.143 [FXGL Background Thread 4 ] DEBUG FXGLApplication      - Loading fonts
14:27:26.144 [FXGL Background Thread 4 ] DEBUG FXGLAssetLoaderServi - Loading from file system: jar:file:/C:/Users/HP/.m2/repository/com/github/almasb/fxgl/21.1/fxgl-21.1.jar!/fxglassets/ui/fonts/VarelaRound-Regular.ttf
14:27:26.144 [FXGL Background Thread 1 ] DEBUG FXGLApplication      - Loading default localization
14:27:26.145 [FXGL Background Thread 1 ] DEBUG FXGLAssetLoaderServi - Loading from file system: jar:file:/C:/Users/HP/.m2/repository/com/github/almasb/fxgl/21.1/fxgl-21.1.jar!/fxglassets/languages/english.lang
14:27:26.169 [FXGL Background Thread 1 ] INFO  FXGLApplication      - FXGL initialization took: 0.547 sec
14:27:26.177 [JavaFX Application Thread] DEBUG Input                - Registered new binding: add tower - LMB
14:27:26.177 [JavaFX Application Thread] DEBUG Input                - Registered new binding: remove tower - RMB
14:27:26.178 [JavaFX Application Thread] DEBUG FXGLAssetLoaderServi - Loading from file system: jar:file:/C:/Users/HP/.m2/repository/com/github/almasb/fxgl/21.1/fxgl-21.1.jar!/fxglassets/textures/fxgl_icon.png
14:27:26.201 [JavaFX Application Thread] DEBUG FXGLAssetLoaderServi - Loading from file system: jar:file:/C:/Users/HP/.m2/repository/com/github/almasb/fxgl/21.1/fxgl-21.1.jar!/fxglassets/textures/fxgl_default_cursor.png
14:27:26.211 [JavaFX Application Thread] DEBUG Input                - Registered new binding: Screenshot - CTRL+8
14:27:26.212 [JavaFX Application Thread] DEBUG Input                - Registered new binding: System info dump - CTRL+9
14:27:26.212 [JavaFX Application Thread] DEBUG Input                - Registered new binding: Restart - CTRL+R
14:27:26.213 [JavaFX Application Thread] DEBUG Input                - Registered new binding: Toggle Debug Camera - CTRL+7
14:27:26.218 [JavaFX Application Thread] DEBUG LoopRunner           - Starting loop
14:27:26.218 [JavaFX Application Thread] DEBUG LoopRunner           - Initializing JavaFX AnimationTimerLoop
14:27:26.219 [JavaFX Application Thread] DEBUG GameApplicationServi - Starting new game
14:27:26.220 [JavaFX Application Thread] DEBUG Input                - Clearing active input actions
14:27:26.232 [FXGL Background Thread 4 ] DEBUG FXGLAssetLoaderServi - Loading from file system: jar:file:/C:/Users/HP/.m2/repository/com/github/almasb/fxgl/21.1/fxgl-21.1.jar!/fxglassets/ui/fonts/Abel-Regular.ttf
14:27:26.239 [JavaFX Application Thread] DEBUG GameApplicationServi - Removing overlay from FXGLStartupScene and adding to FXGLLoadingScene
14:27:26.239 [FXGL Background Thread 4 ] DEBUG FXGLAssetLoaderServi - Loading from file system: jar:file:/C:/Users/HP/.m2/repository/com/github/almasb/fxgl/21.1/fxgl-21.1.jar!/fxglassets/ui/fonts/TerminalLandMono-Regular.otf
14:27:26.239 [JavaFX Application Thread] DEBUG PrimaryStageWindow   - FXGLStartupScene -> FXGLLoadingScene
14:27:26.240 [JavaFX Application Thread] DEBUG GameApplicationServi - Clearing previous game
14:27:26.240 [JavaFX Application Thread] DEBUG GameScene            - Clearing game scene
14:27:26.240 [JavaFX Application Thread] DEBUG GameWorld            - Clearing game world
14:27:26.240 [JavaFX Application Thread] DEBUG PhysicsWorld         - Clearing physics world
14:27:26.243 [FXGL Background Thread 1 ] DEBUG FXGLApplication      - Initializing game
14:27:26.247 [FXGL Background Thread 4 ] DEBUG FXGLAssetLoaderServi - Loading from file system: jar:file:/C:/Users/HP/.m2/repository/com/github/almasb/fxgl/21.1/fxgl-21.1.jar!/fxglassets/ui/fonts/Courier-Prime.ttf
14:27:26.318 [JavaFX Application Thread] DEBUG FXGLApplication      - Registering font factories with UI factory
14:27:26.331 [FXGL Background Thread 1 ] WARN  TMXLevelLoader       - TiledMap generated from 1.12.2. Supported version: 1.9.0. Some features may not be parsed fully.
14:27:26.366 [FXGL Background Thread 1 ] DEBUG TMXLevelLoader       - Parsed TiledMap: file:/E:/All%20About%20Dev/OOP/FXGL%20new%20Begining/final%20version/Tower%20Defender/Tower-Defender/target/classes/assets/levels/wall.tmx
14:27:26.368 [FXGL Background Thread 1 ] DEBUG TMXLevelLoader       - Creating tile layer entities
14:27:26.371 [FXGL Background Thread 1 ] DEBUG TilesetLoader        - Loading view for layer icons
14:27:26.374 [FXGL Background Thread 1 ] DEBUG TilesetLoader        - Created buffer with size 1280.0x800.0
14:27:26.403 [FXGL Background Thread 1 ] DEBUG TilesetLoader        - Loading view for layer background
14:27:26.405 [FXGL Background Thread 1 ] DEBUG TilesetLoader        - Created buffer with size 1280.0x800.0
14:27:26.507 [FXGL Background Thread 1 ] DEBUG TilesetLoader        - Loading view for layer tower spot layer
14:27:26.510 [FXGL Background Thread 1 ] DEBUG TilesetLoader        - Created buffer with size 1280.0x800.0
14:27:26.535 [FXGL Background Thread 1 ] DEBUG TilesetLoader        - Loading view for layer Road
14:27:26.538 [FXGL Background Thread 1 ] DEBUG TilesetLoader        - Created buffer with size 1280.0x800.0
14:27:26.542 [FXGL Background Thread 1 ] DEBUG TilesetLoader        - Loading view for layer road2
14:27:26.544 [FXGL Background Thread 1 ] DEBUG TilesetLoader        - Created buffer with size 1280.0x800.0
14:27:26.545 [FXGL Background Thread 1 ] WARN  TilesetLoader        - Diagonally flipped tiles are not currently supported
14:27:26.546 [FXGL Background Thread 1 ] WARN  TilesetLoader        - Diagonally flipped tiles are not currently supported
14:27:26.546 [FXGL Background Thread 1 ] WARN  TilesetLoader        - Diagonally flipped tiles are not currently supported
14:27:26.546 [FXGL Background Thread 1 ] WARN  TilesetLoader        - Diagonally flipped tiles are not currently supported
14:27:26.547 [FXGL Background Thread 1 ] WARN  TilesetLoader        - Diagonally flipped tiles are not currently supported
14:27:26.552 [FXGL Background Thread 1 ] WARN  TilesetLoader        - Diagonally flipped tiles are not currently supported
14:27:26.553 [FXGL Background Thread 1 ] WARN  TilesetLoader        - Diagonally flipped tiles are not currently supported
14:27:26.554 [FXGL Background Thread 1 ] WARN  TilesetLoader        - Diagonally flipped tiles are not currently supported
14:27:26.554 [FXGL Background Thread 1 ] WARN  TilesetLoader        - Diagonally flipped tiles are not currently supported
14:27:26.554 [FXGL Background Thread 1 ] WARN  TilesetLoader        - Diagonally flipped tiles are not currently supported
14:27:26.555 [FXGL Background Thread 1 ] WARN  TilesetLoader        - Diagonally flipped tiles are not currently supported
14:27:26.555 [FXGL Background Thread 1 ] WARN  TilesetLoader        - Diagonally flipped tiles are not currently supported
14:27:26.556 [FXGL Background Thread 1 ] WARN  TilesetLoader        - Diagonally flipped tiles are not currently supported
14:27:26.556 [FXGL Background Thread 1 ] WARN  TilesetLoader        - Diagonally flipped tiles are not currently supported
14:27:26.557 [FXGL Background Thread 1 ] WARN  TilesetLoader        - Diagonally flipped tiles are not currently supported
14:27:26.557 [FXGL Background Thread 1 ] WARN  TilesetLoader        - Diagonally flipped tiles are not currently supported
14:27:26.557 [FXGL Background Thread 1 ] WARN  TilesetLoader        - Diagonally flipped tiles are not currently supported
14:27:26.558 [FXGL Background Thread 1 ] WARN  TilesetLoader        - Diagonally flipped tiles are not currently supported
14:27:26.558 [FXGL Background Thread 1 ] WARN  TilesetLoader        - Diagonally flipped tiles are not currently supported
14:27:26.558 [FXGL Background Thread 1 ] WARN  TilesetLoader        - Diagonally flipped tiles are not currently supported
14:27:26.559 [FXGL Background Thread 1 ] WARN  TilesetLoader        - Diagonally flipped tiles are not currently supported
14:27:26.559 [FXGL Background Thread 1 ] WARN  TilesetLoader        - Diagonally flipped tiles are not currently supported
14:27:26.560 [FXGL Background Thread 1 ] WARN  TilesetLoader        - Diagonally flipped tiles are not currently supported
14:27:26.560 [FXGL Background Thread 1 ] WARN  TilesetLoader        - Diagonally flipped tiles are not currently supported
14:27:26.561 [FXGL Background Thread 1 ] WARN  TilesetLoader        - Diagonally flipped tiles are not currently supported
14:27:26.561 [FXGL Background Thread 1 ] WARN  TilesetLoader        - Diagonally flipped tiles are not currently supported
14:27:26.562 [FXGL Background Thread 1 ] WARN  TilesetLoader        - Diagonally flipped tiles are not currently supported
14:27:26.563 [FXGL Background Thread 1 ] WARN  TilesetLoader        - Diagonally flipped tiles are not currently supported
14:27:26.563 [FXGL Background Thread 1 ] WARN  TilesetLoader        - Diagonally flipped tiles are not currently supported
14:27:26.563 [FXGL Background Thread 1 ] WARN  TilesetLoader        - Diagonally flipped tiles are not currently supported
14:27:26.564 [FXGL Background Thread 1 ] WARN  TilesetLoader        - Diagonally flipped tiles are not currently supported
14:27:26.564 [FXGL Background Thread 1 ] WARN  TilesetLoader        - Diagonally flipped tiles are not currently supported
14:27:26.564 [FXGL Background Thread 1 ] WARN  TilesetLoader        - Diagonally flipped tiles are not currently supported
14:27:26.565 [FXGL Background Thread 1 ] WARN  TilesetLoader        - Diagonally flipped tiles are not currently supported
14:27:26.565 [FXGL Background Thread 1 ] WARN  TilesetLoader        - Diagonally flipped tiles are not currently supported
14:27:26.565 [FXGL Background Thread 1 ] WARN  TilesetLoader        - Diagonally flipped tiles are not currently supported
14:27:26.565 [FXGL Background Thread 1 ] WARN  TilesetLoader        - Diagonally flipped tiles are not currently supported
14:27:26.566 [FXGL Background Thread 1 ] WARN  TilesetLoader        - Diagonally flipped tiles are not currently supported
14:27:26.566 [FXGL Background Thread 1 ] WARN  TilesetLoader        - Diagonally flipped tiles are not currently supported
14:27:26.566 [FXGL Background Thread 1 ] WARN  TilesetLoader        - Diagonally flipped tiles are not currently supported
14:27:26.567 [FXGL Background Thread 1 ] WARN  TilesetLoader        - Diagonally flipped tiles are not currently supported
14:27:26.567 [FXGL Background Thread 1 ] WARN  TilesetLoader        - Diagonally flipped tiles are not currently supported
14:27:26.567 [FXGL Background Thread 1 ] WARN  TilesetLoader        - Diagonally flipped tiles are not currently supported
14:27:26.568 [FXGL Background Thread 1 ] WARN  TilesetLoader        - Diagonally flipped tiles are not currently supported
14:27:26.568 [FXGL Background Thread 1 ] WARN  TilesetLoader        - Diagonally flipped tiles are not currently supported
14:27:26.568 [FXGL Background Thread 1 ] WARN  TilesetLoader        - Diagonally flipped tiles are not currently supported
14:27:26.569 [FXGL Background Thread 1 ] WARN  TilesetLoader        - Diagonally flipped tiles are not currently supported
14:27:26.569 [FXGL Background Thread 1 ] WARN  TilesetLoader        - Diagonally flipped tiles are not currently supported
14:27:26.573 [FXGL Background Thread 1 ] WARN  TilesetLoader        - Diagonally flipped tiles are not currently supported
14:27:26.573 [FXGL Background Thread 1 ] WARN  TilesetLoader        - Diagonally flipped tiles are not currently supported
14:27:26.574 [FXGL Background Thread 1 ] WARN  TilesetLoader        - Diagonally flipped tiles are not currently supported
14:27:26.574 [FXGL Background Thread 1 ] WARN  TilesetLoader        - Diagonally flipped tiles are not currently supported
14:27:26.575 [FXGL Background Thread 1 ] WARN  TilesetLoader        - Diagonally flipped tiles are not currently supported
14:27:26.575 [FXGL Background Thread 1 ] WARN  TilesetLoader        - Diagonally flipped tiles are not currently supported
14:27:26.576 [FXGL Background Thread 1 ] WARN  TilesetLoader        - Diagonally flipped tiles are not currently supported
14:27:26.576 [FXGL Background Thread 1 ] WARN  TilesetLoader        - Diagonally flipped tiles are not currently supported
14:27:26.576 [FXGL Background Thread 1 ] WARN  TilesetLoader        - Diagonally flipped tiles are not currently supported
14:27:26.577 [FXGL Background Thread 1 ] WARN  TilesetLoader        - Diagonally flipped tiles are not currently supported
14:27:26.577 [FXGL Background Thread 1 ] WARN  TilesetLoader        - Diagonally flipped tiles are not currently supported
14:27:26.578 [FXGL Background Thread 1 ] WARN  TilesetLoader        - Diagonally flipped tiles are not currently supported
14:27:26.578 [FXGL Background Thread 1 ] WARN  TilesetLoader        - Diagonally flipped tiles are not currently supported
14:27:26.578 [FXGL Background Thread 1 ] WARN  TilesetLoader        - Diagonally flipped tiles are not currently supported
14:27:26.579 [FXGL Background Thread 1 ] WARN  TilesetLoader        - Diagonally flipped tiles are not currently supported
14:27:26.579 [FXGL Background Thread 1 ] WARN  TilesetLoader        - Diagonally flipped tiles are not currently supported
14:27:26.579 [FXGL Background Thread 1 ] WARN  TilesetLoader        - Diagonally flipped tiles are not currently supported
14:27:26.579 [FXGL Background Thread 1 ] WARN  TilesetLoader        - Diagonally flipped tiles are not currently supported
14:27:26.579 [FXGL Background Thread 1 ] WARN  TilesetLoader        - Diagonally flipped tiles are not currently supported
14:27:26.580 [FXGL Background Thread 1 ] WARN  TilesetLoader        - Diagonally flipped tiles are not currently supported
14:27:26.580 [FXGL Background Thread 1 ] WARN  TilesetLoader        - Diagonally flipped tiles are not currently supported
14:27:26.580 [FXGL Background Thread 1 ] WARN  TilesetLoader        - Diagonally flipped tiles are not currently supported
14:27:26.580 [FXGL Background Thread 1 ] WARN  TilesetLoader        - Diagonally flipped tiles are not currently supported
14:27:26.580 [FXGL Background Thread 1 ] WARN  TilesetLoader        - Diagonally flipped tiles are not currently supported
14:27:26.581 [FXGL Background Thread 1 ] WARN  TilesetLoader        - Diagonally flipped tiles are not currently supported
14:27:26.581 [FXGL Background Thread 1 ] WARN  TilesetLoader        - Diagonally flipped tiles are not currently supported
14:27:26.581 [FXGL Background Thread 1 ] WARN  TilesetLoader        - Diagonally flipped tiles are not currently supported
14:27:26.581 [FXGL Background Thread 1 ] WARN  TilesetLoader        - Diagonally flipped tiles are not currently supported
14:27:26.581 [FXGL Background Thread 1 ] WARN  TilesetLoader        - Diagonally flipped tiles are not currently supported
14:27:26.582 [FXGL Background Thread 1 ] WARN  TilesetLoader        - Diagonally flipped tiles are not currently supported
14:27:26.582 [FXGL Background Thread 1 ] WARN  TilesetLoader        - Diagonally flipped tiles are not currently supported
14:27:26.582 [FXGL Background Thread 1 ] WARN  TilesetLoader        - Diagonally flipped tiles are not currently supported
14:27:26.582 [FXGL Background Thread 1 ] WARN  TilesetLoader        - Diagonally flipped tiles are not currently supported
14:27:26.583 [FXGL Background Thread 1 ] WARN  TilesetLoader        - Diagonally flipped tiles are not currently supported
14:27:26.583 [FXGL Background Thread 1 ] WARN  TilesetLoader        - Diagonally flipped tiles are not currently supported
14:27:26.583 [FXGL Background Thread 1 ] WARN  TilesetLoader        - Diagonally flipped tiles are not currently supported
14:27:26.583 [FXGL Background Thread 1 ] WARN  TilesetLoader        - Diagonally flipped tiles are not currently supported
14:27:26.583 [FXGL Background Thread 1 ] WARN  TilesetLoader        - Diagonally flipped tiles are not currently supported
14:27:26.584 [FXGL Background Thread 1 ] WARN  TilesetLoader        - Diagonally flipped tiles are not currently supported
14:27:26.584 [FXGL Background Thread 1 ] WARN  TilesetLoader        - Diagonally flipped tiles are not currently supported
14:27:26.584 [FXGL Background Thread 1 ] WARN  TilesetLoader        - Diagonally flipped tiles are not currently supported
14:27:26.584 [FXGL Background Thread 1 ] WARN  TilesetLoader        - Diagonally flipped tiles are not currently supported
14:27:26.585 [FXGL Background Thread 1 ] WARN  TilesetLoader        - Diagonally flipped tiles are not currently supported
14:27:26.585 [FXGL Background Thread 1 ] WARN  TilesetLoader        - Diagonally flipped tiles are not currently supported
14:27:26.585 [FXGL Background Thread 1 ] WARN  TilesetLoader        - Diagonally flipped tiles are not currently supported
14:27:26.586 [FXGL Background Thread 1 ] WARN  TilesetLoader        - Diagonally flipped tiles are not currently supported
14:27:26.587 [FXGL Background Thread 1 ] WARN  TilesetLoader        - Diagonally flipped tiles are not currently supported
14:27:26.588 [FXGL Background Thread 1 ] WARN  TilesetLoader        - Diagonally flipped tiles are not currently supported
14:27:26.589 [FXGL Background Thread 1 ] WARN  TilesetLoader        - Diagonally flipped tiles are not currently supported
14:27:26.589 [FXGL Background Thread 1 ] WARN  TilesetLoader        - Diagonally flipped tiles are not currently supported
14:27:26.590 [FXGL Background Thread 1 ] WARN  TilesetLoader        - Diagonally flipped tiles are not currently supported
14:27:26.590 [FXGL Background Thread 1 ] WARN  TilesetLoader        - Diagonally flipped tiles are not currently supported
14:27:26.590 [FXGL Background Thread 1 ] WARN  TilesetLoader        - Diagonally flipped tiles are not currently supported
14:27:26.591 [FXGL Background Thread 1 ] WARN  TilesetLoader        - Diagonally flipped tiles are not currently supported
14:27:26.591 [FXGL Background Thread 1 ] WARN  TilesetLoader        - Diagonally flipped tiles are not currently supported
14:27:26.591 [FXGL Background Thread 1 ] WARN  TilesetLoader        - Diagonally flipped tiles are not currently supported
14:27:26.592 [FXGL Background Thread 1 ] WARN  TilesetLoader        - Diagonally flipped tiles are not currently supported
14:27:26.592 [FXGL Background Thread 1 ] WARN  TilesetLoader        - Diagonally flipped tiles are not currently supported
14:27:26.592 [FXGL Background Thread 1 ] WARN  TilesetLoader        - Diagonally flipped tiles are not currently supported
14:27:26.592 [FXGL Background Thread 1 ] WARN  TilesetLoader        - Diagonally flipped tiles are not currently supported
14:27:26.592 [FXGL Background Thread 1 ] WARN  TilesetLoader        - Diagonally flipped tiles are not currently supported
14:27:26.594 [FXGL Background Thread 1 ] WARN  TilesetLoader        - Diagonally flipped tiles are not currently supported
14:27:26.595 [FXGL Background Thread 1 ] WARN  TilesetLoader        - Diagonally flipped tiles are not currently supported
14:27:26.596 [FXGL Background Thread 1 ] WARN  TilesetLoader        - Diagonally flipped tiles are not currently supported
14:27:26.596 [FXGL Background Thread 1 ] WARN  TilesetLoader        - Diagonally flipped tiles are not currently supported
14:27:26.596 [FXGL Background Thread 1 ] WARN  TilesetLoader        - Diagonally flipped tiles are not currently supported
14:27:26.597 [FXGL Background Thread 1 ] WARN  TilesetLoader        - Diagonally flipped tiles are not currently supported
14:27:26.597 [FXGL Background Thread 1 ] WARN  TilesetLoader        - Diagonally flipped tiles are not currently supported
14:27:26.597 [FXGL Background Thread 1 ] WARN  TilesetLoader        - Diagonally flipped tiles are not currently supported
14:27:26.598 [FXGL Background Thread 1 ] WARN  TilesetLoader        - Diagonally flipped tiles are not currently supported
14:27:26.598 [FXGL Background Thread 1 ] WARN  TilesetLoader        - Diagonally flipped tiles are not currently supported
14:27:26.598 [FXGL Background Thread 1 ] WARN  TilesetLoader        - Diagonally flipped tiles are not currently supported
14:27:26.599 [FXGL Background Thread 1 ] WARN  TilesetLoader        - Diagonally flipped tiles are not currently supported
14:27:26.599 [FXGL Background Thread 1 ] WARN  TilesetLoader        - Diagonally flipped tiles are not currently supported
14:27:26.599 [FXGL Background Thread 1 ] WARN  TilesetLoader        - Diagonally flipped tiles are not currently supported
14:27:26.600 [FXGL Background Thread 1 ] WARN  TilesetLoader        - Diagonally flipped tiles are not currently supported
14:27:26.600 [FXGL Background Thread 1 ] WARN  TilesetLoader        - Diagonally flipped tiles are not currently supported
14:27:26.600 [FXGL Background Thread 1 ] WARN  TilesetLoader        - Diagonally flipped tiles are not currently supported
14:27:26.601 [FXGL Background Thread 1 ] WARN  TilesetLoader        - Diagonally flipped tiles are not currently supported
14:27:26.604 [FXGL Background Thread 1 ] WARN  TilesetLoader        - Diagonally flipped tiles are not currently supported
14:27:26.604 [FXGL Background Thread 1 ] WARN  TilesetLoader        - Diagonally flipped tiles are not currently supported
14:27:26.605 [FXGL Background Thread 1 ] WARN  TilesetLoader        - Diagonally flipped tiles are not currently supported
14:27:26.605 [FXGL Background Thread 1 ] WARN  TilesetLoader        - Diagonally flipped tiles are not currently supported
14:27:26.605 [FXGL Background Thread 1 ] WARN  TilesetLoader        - Diagonally flipped tiles are not currently supported
14:27:26.606 [FXGL Background Thread 1 ] WARN  TilesetLoader        - Diagonally flipped tiles are not currently supported
14:27:26.606 [FXGL Background Thread 1 ] WARN  TilesetLoader        - Diagonally flipped tiles are not currently supported
14:27:26.607 [FXGL Background Thread 1 ] WARN  TilesetLoader        - Diagonally flipped tiles are not currently supported
14:27:26.607 [FXGL Background Thread 1 ] WARN  TilesetLoader        - Diagonally flipped tiles are not currently supported
14:27:26.608 [FXGL Background Thread 1 ] WARN  TilesetLoader        - Diagonally flipped tiles are not currently supported
14:27:26.608 [FXGL Background Thread 1 ] WARN  TilesetLoader        - Diagonally flipped tiles are not currently supported
14:27:26.608 [FXGL Background Thread 1 ] WARN  TilesetLoader        - Diagonally flipped tiles are not currently supported
14:27:26.609 [FXGL Background Thread 1 ] WARN  TilesetLoader        - Diagonally flipped tiles are not currently supported
14:27:26.609 [FXGL Background Thread 1 ] WARN  TilesetLoader        - Diagonally flipped tiles are not currently supported
14:27:26.610 [FXGL Background Thread 1 ] WARN  TilesetLoader        - Diagonally flipped tiles are not currently supported
14:27:26.610 [FXGL Background Thread 1 ] WARN  TilesetLoader        - Diagonally flipped tiles are not currently supported
14:27:26.611 [FXGL Background Thread 1 ] WARN  TilesetLoader        - Diagonally flipped tiles are not currently supported
14:27:26.611 [FXGL Background Thread 1 ] WARN  TilesetLoader        - Diagonally flipped tiles are not currently supported
14:27:26.611 [FXGL Background Thread 1 ] WARN  TilesetLoader        - Diagonally flipped tiles are not currently supported
14:27:26.612 [FXGL Background Thread 1 ] WARN  TilesetLoader        - Diagonally flipped tiles are not currently supported
14:27:26.612 [FXGL Background Thread 1 ] WARN  TilesetLoader        - Diagonally flipped tiles are not currently supported
14:27:26.613 [FXGL Background Thread 1 ] WARN  TilesetLoader        - Diagonally flipped tiles are not currently supported
14:27:26.614 [FXGL Background Thread 1 ] DEBUG TilesetLoader        - Loading view for layer road3
14:27:26.614 [FXGL Background Thread 1 ] DEBUG TilesetLoader        - Created buffer with size 1280.0x800.0
14:27:26.615 [FXGL Background Thread 1 ] DEBUG TilesetLoader        - Loading view for layer bg2
14:27:26.616 [FXGL Background Thread 1 ] DEBUG TilesetLoader        - Created buffer with size 1280.0x800.0
14:27:26.618 [FXGL Background Thread 1 ] WARN  TilesetLoader        - Diagonally flipped tiles are not currently supported
14:27:26.619 [FXGL Background Thread 1 ] WARN  TilesetLoader        - Diagonally flipped tiles are not currently supported
14:27:26.619 [FXGL Background Thread 1 ] WARN  TilesetLoader        - Diagonally flipped tiles are not currently supported
14:27:26.620 [FXGL Background Thread 1 ] WARN  TilesetLoader        - Diagonally flipped tiles are not currently supported
14:27:26.620 [FXGL Background Thread 1 ] WARN  TilesetLoader        - Diagonally flipped tiles are not currently supported
14:27:26.621 [FXGL Background Thread 1 ] WARN  TilesetLoader        - Diagonally flipped tiles are not currently supported
14:27:26.621 [FXGL Background Thread 1 ] WARN  TilesetLoader        - Diagonally flipped tiles are not currently supported
14:27:26.623 [FXGL Background Thread 1 ] DEBUG TMXLevelLoader       - Creating object layer entities
14:27:26.647 [FXGL Background Thread 1 ] DEBUG GameWorld            - Clearing removable entities
14:27:26.648 [FXGL Background Thread 1 ] DEBUG GameWorld            - Setting level: com.almasb.fxgl.entity.level.Level@38140a4d
14:27:26.653 [FXGL Background Thread 1 ] DEBUG FXGLAssetLoaderServi - Loading from file system: file:/E:/All%20About%20Dev/OOP/FXGL%20new%20Begining/final%20version/Tower%20Defender/Tower-Defender/target/classes/assets/textures/life.png
14:27:26.656 [FXGL Background Thread 1 ] DEBUG FXGLAssetLoaderServi - Loading from file system: file:/E:/All%20About%20Dev/OOP/FXGL%20new%20Begining/final%20version/Tower%20Defender/Tower-Defender/target/classes/assets/textures/skull.png
14:27:26.673 [FXGL Background Thread 1 ] INFO  FXGLApplication      - Game initialization took: 0.429 sec
14:27:26.685 [JavaFX Application Thread] DEBUG Input                - Clearing active input actions
14:27:26.697 [JavaFX Application Thread] DEBUG GameApplicationServi - Removing overlay from FXGLLoadingScene and adding to GameScene
14:27:26.697 [JavaFX Application Thread] DEBUG PrimaryStageWindow   - FXGLLoadingScene -> GameScene
14:27:26.717 [JavaFX Application Thread] DEBUG FXGLAssetLoaderServi - Loading from file system: file:/E:/All%20About%20Dev/OOP/FXGL%20new%20Begining/final%20version/Tower%20Defender/Tower-Defender/target/classes/assets/textures/wolf.png
14:27:26.735 [JavaFX Application Thread] DEBUG FXGLAssetLoaderServi - Loading from file system: file:/E:/All%20About%20Dev/OOP/FXGL%20new%20Begining/final%20version/Tower%20Defender/Tower-Defender/target/classes/assets/textures/bird.png
14:27:27.103 [FXGL Background Thread 2 ] INFO  UpdaterService       - Your current version:  21.1
14:27:27.103 [FXGL Background Thread 2 ] INFO  UpdaterService       - Latest stable version: 25
14:27:28.149 [JavaFX Application Thread] DEBUG PrimaryStageWindow   - Push state: DialogSubScene
14:27:28.150 [JavaFX Application Thread] DEBUG Input                - Clearing active input actions
14:27:28.155 [JavaFX Application Thread] DEBUG GameApplicationServi - Removing overlay from GameScene and adding to DialogSubScene
14:27:28.156 [JavaFX Application Thread] DEBUG PrimaryStageWindow   - GameScene -> DialogSubScene
14:27:29.141 [FXGL Background Thread 3 ] DEBUG Engine               - Logging environment variables
14:27:29.141 [FXGL Background Thread 3 ] DEBUG Engine               - achievements: []
14:27:29.141 [FXGL Background Thread 3 ] DEBUG Engine               - actualHeight: 800.0
14:27:29.141 [FXGL Background Thread 3 ] DEBUG Engine               - actualHeightProperty: ReadOnlyDoubleProperty [value: 800.0]
14:27:29.141 [FXGL Background Thread 3 ] DEBUG Engine               - actualWidth: 1280.0
14:27:29.141 [FXGL Background Thread 3 ] DEBUG Engine               - actualWidthProperty: ReadOnlyDoubleProperty [value: 1280.0]
14:27:29.141 [FXGL Background Thread 3 ] DEBUG Engine               - appIcon: fxgl_icon.png
14:27:29.141 [FXGL Background Thread 3 ] DEBUG Engine               - applicationMode: DEVELOPER
14:27:29.141 [FXGL Background Thread 3 ] DEBUG Engine               - cSSList: [fxgl_dark.css]
14:27:29.141 [FXGL Background Thread 3 ] DEBUG Engine               - collisionDetectionStrategy: BRUTE_FORCE
14:27:29.143 [FXGL Background Thread 3 ] DEBUG Engine               - configClass: Optional.empty
14:27:29.143 [FXGL Background Thread 3 ] DEBUG Engine               - credits: []
14:27:29.143 [FXGL Background Thread 3 ] DEBUG Engine               - defaultCursor: CursorInfo(imageName=fxgl_default_cursor.png, hotspotX=7.0, hotspotY=6.0)
14:27:29.143 [FXGL Background Thread 3 ] DEBUG Engine               - devBBoxColorProperty: ObjectProperty [value: 0xff0000ff]
14:27:29.143 [FXGL Background Thread 3 ] DEBUG Engine               - devEnableDebugCameraProperty: BooleanProperty [value: false]
14:27:29.143 [FXGL Background Thread 3 ] DEBUG Engine               - devSensorColorProperty: ObjectProperty [value: 0xffff00ff]
14:27:29.143 [FXGL Background Thread 3 ] DEBUG Engine               - devShowBBoxProperty: BooleanProperty [value: false]
14:27:29.143 [FXGL Background Thread 3 ] DEBUG Engine               - devShowPositionProperty: BooleanProperty [value: false]
14:27:29.143 [FXGL Background Thread 3 ] DEBUG Engine               - enabledMenuItems: []
14:27:29.144 [FXGL Background Thread 3 ] DEBUG Engine               - engineServices: [class com.almasb.fxgl.app.services.FXGLAssetLoaderService, class com.almasb.fxgl.app.FXGLApplication$GameApplicationService, class com.almasb.fxgl.app.services.FXGLDialogService, class com.almasb.fxgl.app.services.IOTaskExecutorService, class com.almasb.fxgl.io.FileSystemService, class com.almasb.fxgl.localization.LocalizationService, class com.almasb.fxgl.app.services.SystemBundleService, class com.almasb.fxgl.profile.SaveLoadService, class com.almasb.fxgl.ui.FXGLUIFactoryServiceProvider, class com.almasb.fxgl.ui.FXGLDialogFactoryServiceProvider, class com.almasb.fxgl.audio.AudioPlayer, class com.almasb.fxgl.notification.impl.NotificationServiceProvider, class com.almasb.fxgl.achievement.AchievementService, class com.almasb.fxgl.cutscene.CutsceneService, class com.almasb.fxgl.minigames.MiniGameService, class com.almasb.fxgl.net.NetService, class com.almasb.fxgl.app.services.UpdaterService, class com.almasb.fxgl.dev.DevService]
14:27:29.144 [FXGL Background Thread 3 ] DEBUG Engine               - fontGame: Abel-Regular.ttf
14:27:29.144 [FXGL Background Thread 3 ] DEBUG Engine               - fontMono: TerminalLandMono-Regular.otf
14:27:29.144 [FXGL Background Thread 3 ] DEBUG Engine               - fontSizeScaleUI: 1.0
14:27:29.144 [FXGL Background Thread 3 ] DEBUG Engine               - fontText: Courier-Prime.ttf
14:27:29.144 [FXGL Background Thread 3 ] DEBUG Engine               - fontUI: VarelaRound-Regular.ttf
14:27:29.144 [FXGL Background Thread 3 ] DEBUG Engine               - fullScreen: BooleanProperty [value: false]
14:27:29.144 [FXGL Background Thread 3 ] DEBUG Engine               - gameDifficulty: MEDIUM
14:27:29.144 [FXGL Background Thread 3 ] DEBUG Engine               - gameDifficultyProperty: ObjectProperty [value: MEDIUM]
14:27:29.144 [FXGL Background Thread 3 ] DEBUG Engine               - globalMusicVolume: 0.5
14:27:29.144 [FXGL Background Thread 3 ] DEBUG Engine               - globalMusicVolumeProperty: DoubleProperty [value: 0.5]
14:27:29.144 [FXGL Background Thread 3 ] DEBUG Engine               - globalSoundVolume: 0.5
14:27:29.144 [FXGL Background Thread 3 ] DEBUG Engine               - globalSoundVolumeProperty: DoubleProperty [value: 0.5]
14:27:29.144 [FXGL Background Thread 3 ] DEBUG Engine               - height: 800
14:27:29.144 [FXGL Background Thread 3 ] DEBUG Engine               - is3D: false
14:27:29.144 [FXGL Background Thread 3 ] DEBUG Engine               - isAndroid: false
14:27:29.144 [FXGL Background Thread 3 ] DEBUG Engine               - isBrowser: false
14:27:29.144 [FXGL Background Thread 3 ] DEBUG Engine               - isClickFeedbackEnabled: false
14:27:29.144 [FXGL Background Thread 3 ] DEBUG Engine               - isCloseConfirmation: false
14:27:29.145 [FXGL Background Thread 3 ] DEBUG Engine               - isDesktop: true
14:27:29.145 [FXGL Background Thread 3 ] DEBUG Engine               - isDeveloperMenuEnabled: false
14:27:29.145 [FXGL Background Thread 3 ] DEBUG Engine               - isEmbedded: false
14:27:29.145 [FXGL Background Thread 3 ] DEBUG Engine               - isEntityPreloadEnabled: true
14:27:29.145 [FXGL Background Thread 3 ] DEBUG Engine               - isExperimentalTiledLargeMap: false
14:27:29.145 [FXGL Background Thread 3 ] DEBUG Engine               - isFileSystemWriteAllowed: true
14:27:29.145 [FXGL Background Thread 3 ] DEBUG Engine               - isFullScreenAllowed: true
14:27:29.145 [FXGL Background Thread 3 ] DEBUG Engine               - isFullScreenFromStart: false
14:27:29.145 [FXGL Background Thread 3 ] DEBUG Engine               - isGameMenuEnabled: true
14:27:29.145 [FXGL Background Thread 3 ] DEBUG Engine               - isIOS: false
14:27:29.145 [FXGL Background Thread 3 ] DEBUG Engine               - isIntroEnabled: false
14:27:29.145 [FXGL Background Thread 3 ] DEBUG Engine               - isLinux: false
14:27:29.145 [FXGL Background Thread 3 ] DEBUG Engine               - isMac: false
14:27:29.145 [FXGL Background Thread 3 ] DEBUG Engine               - isMainMenuEnabled: false
14:27:29.145 [FXGL Background Thread 3 ] DEBUG Engine               - isManualResizeEnabled: true
14:27:29.145 [FXGL Background Thread 3 ] DEBUG Engine               - isMobile: false
14:27:29.145 [FXGL Background Thread 3 ] DEBUG Engine               - isNative: false
14:27:29.145 [FXGL Background Thread 3 ] DEBUG Engine               - isPauseMusicWhenMinimized: true
14:27:29.145 [FXGL Background Thread 3 ] DEBUG Engine               - isPreserveResizeRatio: false
14:27:29.145 [FXGL Background Thread 3 ] DEBUG Engine               - isProfilingEnabled: false
14:27:29.145 [FXGL Background Thread 3 ] DEBUG Engine               - isScaleAffectedOnResize: true
14:27:29.145 [FXGL Background Thread 3 ] DEBUG Engine               - isSingleStep: false
14:27:29.145 [FXGL Background Thread 3 ] DEBUG Engine               - isUserProfileEnabled: false
14:27:29.145 [FXGL Background Thread 3 ] DEBUG Engine               - isWindows: true
14:27:29.145 [FXGL Background Thread 3 ] DEBUG Engine               - language: ObjectProperty [value: ENGLISH]
14:27:29.145 [FXGL Background Thread 3 ] DEBUG Engine               - menuKey: ESCAPE
14:27:29.146 [FXGL Background Thread 3 ] DEBUG Engine               - mouseSensitivity: 0.2
14:27:29.146 [FXGL Background Thread 3 ] DEBUG Engine               - notificationViewClass: class com.almasb.fxgl.notification.view.XboxNotificationView
14:27:29.146 [FXGL Background Thread 3 ] DEBUG Engine               - pixelsPerMeter: 50.0
14:27:29.146 [FXGL Background Thread 3 ] DEBUG Engine               - platform: WINDOWS
14:27:29.146 [FXGL Background Thread 3 ] DEBUG Engine               - prefHeightProperty: ReadOnlyDoubleProperty [value: 800.0]
14:27:29.146 [FXGL Background Thread 3 ] DEBUG Engine               - prefWidthProperty: ReadOnlyDoubleProperty [value: 1280.0]
14:27:29.146 [FXGL Background Thread 3 ] DEBUG Engine               - profileDir: profiles/
14:27:29.146 [FXGL Background Thread 3 ] DEBUG Engine               - profileName: StringProperty [value: DEFAULT]
14:27:29.146 [FXGL Background Thread 3 ] DEBUG Engine               - randomSeed: -1
14:27:29.146 [FXGL Background Thread 3 ] DEBUG Engine               - runtimeInfo: RuntimeInfo(platform=WINDOWS, version=21.1, build=27.03.2024 07.52)
14:27:29.146 [FXGL Background Thread 3 ] DEBUG Engine               - saveFileExt: sav
14:27:29.146 [FXGL Background Thread 3 ] DEBUG Engine               - scaledHeightProp$fxgl: DoubleProperty [bound, value: 800.0]
14:27:29.146 [FXGL Background Thread 3 ] DEBUG Engine               - scaledWidthProp$fxgl: DoubleProperty [bound, value: 1280.0]
14:27:29.146 [FXGL Background Thread 3 ] DEBUG Engine               - sceneFactory: com.almasb.fxgl.app.scene.SceneFactory@28a5bcb2
14:27:29.146 [FXGL Background Thread 3 ] DEBUG Engine               - secondsIn24h: 60
14:27:29.147 [FXGL Background Thread 3 ] DEBUG Engine               - soundMenuBack: menu/back.wav
14:27:29.147 [FXGL Background Thread 3 ] DEBUG Engine               - soundMenuPress: menu/press.wav
14:27:29.147 [FXGL Background Thread 3 ] DEBUG Engine               - soundMenuSelect: menu/select.wav
14:27:29.147 [FXGL Background Thread 3 ] DEBUG Engine               - soundNotification: core/notification.wav
14:27:29.147 [FXGL Background Thread 3 ] DEBUG Engine               - stageStyle: DECORATED
14:27:29.147 [FXGL Background Thread 3 ] DEBUG Engine               - supportedLanguages: [ENGLISH, FRENCH, GERMAN, HUNGARIAN, RUSSIAN]
14:27:29.147 [FXGL Background Thread 3 ] DEBUG Engine               - ticksPerSecond: -1
14:27:29.147 [FXGL Background Thread 3 ] DEBUG Engine               - title: Ghost Hunter
14:27:29.147 [FXGL Background Thread 3 ] DEBUG Engine               - urlGithub: https://github.com/AlmasB/FXGL
14:27:29.147 [FXGL Background Thread 3 ] DEBUG Engine               - urlLeaderboard: http://fxgl-top.herokuapp.com/
14:27:29.147 [FXGL Background Thread 3 ] DEBUG Engine               - urlPOM: https://raw.githubusercontent.com/AlmasB/FXGL/release/README.md
14:27:29.147 [FXGL Background Thread 3 ] DEBUG Engine               - userAppClass: class org.saikat.Game
14:27:29.147 [FXGL Background Thread 3 ] DEBUG Engine               - version: 1.0
14:27:29.147 [FXGL Background Thread 3 ] DEBUG Engine               - versionCheckDays: 7
14:27:29.147 [FXGL Background Thread 3 ] DEBUG Engine               - width: 1280
14:27:29.147 [FXGL Background Thread 3 ] DEBUG Engine               - Logging services
14:27:29.147 [FXGL Background Thread 3 ] DEBUG Engine               - class com.almasb.fxgl.app.services.FXGLAssetLoaderService
14:27:29.147 [FXGL Background Thread 3 ] DEBUG Engine               - class com.almasb.fxgl.app.FXGLApplication$GameApplicationService
14:27:29.147 [FXGL Background Thread 3 ] DEBUG Engine               - class com.almasb.fxgl.app.services.FXGLDialogService
14:27:29.147 [FXGL Background Thread 3 ] DEBUG Engine               - class com.almasb.fxgl.app.services.IOTaskExecutorService
14:27:29.147 [FXGL Background Thread 3 ] DEBUG Engine               - class com.almasb.fxgl.io.FileSystemService
14:27:29.147 [FXGL Background Thread 3 ] DEBUG Engine               - class com.almasb.fxgl.localization.LocalizationService
14:27:29.147 [FXGL Background Thread 3 ] DEBUG Engine               - class com.almasb.fxgl.app.services.SystemBundleService
14:27:29.147 [FXGL Background Thread 3 ] DEBUG Engine               - class com.almasb.fxgl.profile.SaveLoadService
14:27:29.147 [FXGL Background Thread 3 ] DEBUG Engine               - class com.almasb.fxgl.ui.FXGLUIFactoryServiceProvider
14:27:29.147 [FXGL Background Thread 3 ] DEBUG Engine               - class com.almasb.fxgl.ui.FXGLDialogFactoryServiceProvider
14:27:29.147 [FXGL Background Thread 3 ] DEBUG Engine               - class com.almasb.fxgl.audio.AudioPlayer
14:27:29.147 [FXGL Background Thread 3 ] DEBUG Engine               - class com.almasb.fxgl.notification.impl.NotificationServiceProvider
14:27:29.147 [FXGL Background Thread 3 ] DEBUG Engine               - class com.almasb.fxgl.achievement.AchievementService
14:27:29.147 [FXGL Background Thread 3 ] DEBUG Engine               - class com.almasb.fxgl.cutscene.CutsceneService
14:27:29.147 [FXGL Background Thread 3 ] DEBUG Engine               - class com.almasb.fxgl.minigames.MiniGameService
14:27:29.147 [FXGL Background Thread 3 ] DEBUG Engine               - class com.almasb.fxgl.net.NetService
14:27:29.147 [FXGL Background Thread 3 ] DEBUG Engine               - class com.almasb.fxgl.app.services.UpdaterService
14:27:29.147 [FXGL Background Thread 3 ] DEBUG Engine               - class com.almasb.fxgl.dev.DevService
14:27:29.697 [JavaFX Application Thread] DEBUG PrimaryStageWindow   - Pop state: DialogSubScene
14:27:29.697 [JavaFX Application Thread] DEBUG Input                - Clearing active input actions
14:27:29.699 [JavaFX Application Thread] DEBUG GameApplicationServi - Removing overlay from DialogSubScene and adding to GameScene
14:27:29.700 [JavaFX Application Thread] DEBUG PrimaryStageWindow   - GameScene <- DialogSubScene
14:27:29.700 [JavaFX Application Thread] DEBUG FXGLAssetLoaderServi - Loading from file system: file:/E:/All%20About%20Dev/OOP/FXGL%20new%20Begining/final%20version/Tower%20Defender/Tower-Defender/target/classes/assets/textures/tank_bullet.png
14:27:29.704 [JavaFX Application Thread] DEBUG FXGLAssetLoaderServi - Loading from file system: file:/E:/All%20About%20Dev/OOP/FXGL%20new%20Begining/final%20version/Tower%20Defender/Tower-Defender/target/classes/assets/textures/spell.png
14:27:30.688 [JavaFX Application Thread] DEBUG PrimaryStageWindow   - Push state: DialogSubScene
14:27:30.688 [JavaFX Application Thread] DEBUG Input                - Clearing active input actions
14:27:30.690 [JavaFX Application Thread] DEBUG GameApplicationServi - Removing overlay from GameScene and adding to DialogSubScene
14:27:30.690 [JavaFX Application Thread] DEBUG PrimaryStageWindow   - GameScene -> DialogSubScene
14:27:33.030 [JavaFX Application Thread] DEBUG PrimaryStageWindow   - Pop state: DialogSubScene
14:27:33.030 [JavaFX Application Thread] DEBUG Input                - Clearing active input actions
14:27:33.030 [JavaFX Application Thread] DEBUG GameApplicationServi - Removing overlay from DialogSubScene and adding to GameScene
14:27:33.030 [JavaFX Application Thread] DEBUG PrimaryStageWindow   - GameScene <- DialogSubScene
14:27:33.032 [JavaFX Application Thread] DEBUG FXGLAssetLoaderServi - Loading from file system: file:/E:/All%20About%20Dev/OOP/FXGL%20new%20Begining/final%20version/Tower%20Defender/Tower-Defender/target/classes/assets/textures/wildfire.png
14:27:34.065 [JavaFX Application Thread] DEBUG PrimaryStageWindow   - Push state: DialogSubScene
14:27:34.065 [JavaFX Application Thread] DEBUG Input                - Clearing active input actions
14:27:34.066 [JavaFX Application Thread] DEBUG GameApplicationServi - Removing overlay from GameScene and adding to DialogSubScene
14:27:34.066 [JavaFX Application Thread] DEBUG PrimaryStageWindow   - GameScene -> DialogSubScene
14:27:35.535 [JavaFX Application Thread] DEBUG PrimaryStageWindow   - Pop state: DialogSubScene
14:27:35.535 [JavaFX Application Thread] DEBUG Input                - Clearing active input actions
14:27:35.536 [JavaFX Application Thread] DEBUG GameApplicationServi - Removing overlay from DialogSubScene and adding to GameScene
14:27:35.536 [JavaFX Application Thread] DEBUG PrimaryStageWindow   - GameScene <- DialogSubScene
14:27:35.537 [JavaFX Application Thread] DEBUG PrimaryStageWindow   - Push state: DialogSubScene
14:27:35.537 [JavaFX Application Thread] DEBUG Input                - Clearing active input actions
14:27:35.537 [JavaFX Application Thread] DEBUG GameApplicationServi - Removing overlay from GameScene and adding to DialogSubScene
14:27:35.537 [JavaFX Application Thread] DEBUG PrimaryStageWindow   - GameScene -> DialogSubScene
14:27:37.890 [JavaFX Application Thread] DEBUG PrimaryStageWindow   - Pop state: DialogSubScene
14:27:37.890 [JavaFX Application Thread] DEBUG Input                - Clearing active input actions
14:27:37.890 [JavaFX Application Thread] DEBUG GameApplicationServi - Removing overlay from DialogSubScene and adding to GameScene
14:27:37.890 [JavaFX Application Thread] DEBUG PrimaryStageWindow   - GameScene <- DialogSubScene
14:27:39.225 [JavaFX Application Thread] DEBUG PrimaryStageWindow   - Push state: DialogSubScene
14:27:39.225 [JavaFX Application Thread] DEBUG Input                - Clearing active input actions
14:27:39.226 [JavaFX Application Thread] DEBUG GameApplicationServi - Removing overlay from GameScene and adding to DialogSubScene
14:27:39.226 [JavaFX Application Thread] DEBUG PrimaryStageWindow   - GameScene -> DialogSubScene
14:27:40.696 [JavaFX Application Thread] DEBUG PrimaryStageWindow   - Pop state: DialogSubScene
14:27:40.696 [JavaFX Application Thread] DEBUG Input                - Clearing active input actions
14:27:40.697 [JavaFX Application Thread] DEBUG GameApplicationServi - Removing overlay from DialogSubScene and adding to GameScene
14:27:40.697 [JavaFX Application Thread] DEBUG PrimaryStageWindow   - GameScene <- DialogSubScene
14:27:41.947 [JavaFX Application Thread] DEBUG PrimaryStageWindow   - Push state: DialogSubScene
14:27:41.947 [JavaFX Application Thread] DEBUG Input                - Clearing active input actions
14:27:41.948 [JavaFX Application Thread] DEBUG GameApplicationServi - Removing overlay from GameScene and adding to DialogSubScene
14:27:41.948 [JavaFX Application Thread] DEBUG PrimaryStageWindow   - GameScene -> DialogSubScene
14:27:43.212 [JavaFX Application Thread] DEBUG PrimaryStageWindow   - Pop state: DialogSubScene
14:27:43.212 [JavaFX Application Thread] DEBUG Input                - Clearing active input actions
14:27:43.213 [JavaFX Application Thread] DEBUG GameApplicationServi - Removing overlay from DialogSubScene and adding to GameScene
14:27:43.213 [JavaFX Application Thread] DEBUG PrimaryStageWindow   - GameScene <- DialogSubScene
14:27:43.232 [JavaFX Application Thread] DEBUG FXGLAssetLoaderServi - Loading from file system: file:/E:/All%20About%20Dev/OOP/FXGL%20new%20Begining/final%20version/Tower%20Defender/Tower-Defender/target/classes/assets/textures/wildfire2.png
14:28:06.649 [JavaFX Application Thread] DEBUG PrimaryStageWindow   - Push state: DialogSubScene
14:28:06.649 [JavaFX Application Thread] DEBUG Input                - Clearing active input actions
14:28:06.649 [JavaFX Application Thread] DEBUG GameApplicationServi - Removing overlay from GameScene and adding to DialogSubScene
14:28:06.649 [JavaFX Application Thread] DEBUG PrimaryStageWindow   - GameScene -> DialogSubScene
14:28:09.108 [JavaFX Application Thread] DEBUG PrimaryStageWindow   - Pop state: DialogSubScene
14:28:09.108 [JavaFX Application Thread] DEBUG Input                - Clearing active input actions
14:28:09.109 [JavaFX Application Thread] DEBUG GameApplicationServi - Removing overlay from DialogSubScene and adding to GameScene
14:28:09.109 [JavaFX Application Thread] DEBUG PrimaryStageWindow   - GameScene <- DialogSubScene
14:28:09.109 [JavaFX Application Thread] DEBUG LoopRunner           - Stopping loop
14:28:09.114 [JavaFX Application Thread] FATAL FXGLApplication      - Uncaught Exception:
java.lang.IllegalArgumentException: Property getSpot does not exist
	at com.almasb.fxgl.core.collection.PropertyMap.get(PropertyMap.kt:298)
	at com.almasb.fxgl.core.collection.PropertyMap.objectProperty(PropertyMap.kt:198)
	at com.almasb.fxgl.core.collection.PropertyMap.getObject(PropertyMap.kt:187)
	at com.almasb.fxgl.entity.Entity.getObject(Entity.java:328)
	at org.saikat.Helper.lambda$removeTower$1(Helper.java:102)
	at com.almasb.fxgl.app.services.FXGLDialogService.showChoiceBox$lambda$2(FXGLDialogService.kt:139)
	at com.almasb.fxgl.ui.FXGLDialogFactoryServiceProvider.choiceDialog$lambda$5$lambda$4(FXGLDialogFactoryServiceProvider.kt:134)
	at com.sun.javafx.event.CompositeEventHandler.dispatchBubblingEvent(CompositeEventHandler.java:86)
	at com.sun.javafx.event.EventHandlerManager.dispatchBubblingEvent(EventHandlerManager.java:232)
	at com.sun.javafx.event.EventHandlerManager.dispatchBubblingEvent(EventHandlerManager.java:189)
	at com.sun.javafx.event.CompositeEventDispatcher.dispatchBubblingEvent(CompositeEventDispatcher.java:59)
	at com.sun.javafx.event.BasicEventDispatcher.dispatchEvent(BasicEventDispatcher.java:58)
	at com.sun.javafx.event.EventDispatchChainImpl.dispatchEvent(EventDispatchChainImpl.java:114)
	at com.sun.javafx.event.BasicEventDispatcher.dispatchEvent(BasicEventDispatcher.java:56)
	at com.sun.javafx.event.EventDispatchChainImpl.dispatchEvent(EventDispatchChainImpl.java:114)
	at com.sun.javafx.event.BasicEventDispatcher.dispatchEvent(BasicEventDispatcher.java:56)
	at com.sun.javafx.event.EventDispatchChainImpl.dispatchEvent(EventDispatchChainImpl.java:114)
	at com.sun.javafx.event.BasicEventDispatcher.dispatchEvent(BasicEventDispatcher.java:56)
	at com.sun.javafx.event.EventDispatchChainImpl.dispatchEvent(EventDispatchChainImpl.java:114)
	at com.sun.javafx.event.EventUtil.fireEventImpl(EventUtil.java:74)
	at com.sun.javafx.event.EventUtil.fireEvent(EventUtil.java:49)
	at javafx.event.Event.fireEvent(Event.java:198)
	at javafx.scene.Node.fireEvent(Node.java:8875)
	at javafx.scene.control.Button.fire(Button.java:203)
	at com.sun.javafx.scene.control.behavior.ButtonBehavior.mouseReleased(ButtonBehavior.java:207)
	at com.sun.javafx.scene.control.inputmap.InputMap.handle(InputMap.java:274)
	at com.sun.javafx.event.CompositeEventHandler$NormalEventHandlerRecord.handleBubblingEvent(CompositeEventHandler.java:247)
	at com.sun.javafx.event.CompositeEventHandler.dispatchBubblingEvent(CompositeEventHandler.java:80)
	at com.sun.javafx.event.EventHandlerManager.dispatchBubblingEvent(EventHandlerManager.java:232)
	at com.sun.javafx.event.EventHandlerManager.dispatchBubblingEvent(EventHandlerManager.java:189)
	at com.sun.javafx.event.CompositeEventDispatcher.dispatchBubblingEvent(CompositeEventDispatcher.java:59)
	at com.sun.javafx.event.BasicEventDispatcher.dispatchEvent(BasicEventDispatcher.java:58)
	at com.sun.javafx.event.EventDispatchChainImpl.dispatchEvent(EventDispatchChainImpl.java:114)
	at com.sun.javafx.event.BasicEventDispatcher.dispatchEvent(BasicEventDispatcher.java:56)
	at com.sun.javafx.event.EventDispatchChainImpl.dispatchEvent(EventDispatchChainImpl.java:114)
	at com.sun.javafx.event.BasicEventDispatcher.dispatchEvent(BasicEventDispatcher.java:56)
	at com.sun.javafx.event.EventDispatchChainImpl.dispatchEvent(EventDispatchChainImpl.java:114)
	at com.sun.javafx.event.BasicEventDispatcher.dispatchEvent(BasicEventDispatcher.java:56)
	at com.sun.javafx.event.EventDispatchChainImpl.dispatchEvent(EventDispatchChainImpl.java:114)
	at com.sun.javafx.event.EventUtil.fireEventImpl(EventUtil.java:74)
	at com.sun.javafx.event.EventUtil.fireEvent(EventUtil.java:54)
	at javafx.event.Event.fireEvent(Event.java:198)
	at javafx.scene.Scene$MouseHandler.process(Scene.java:3984)
	at javafx.scene.Scene.processMouseEvent(Scene.java:1890)
	at javafx.scene.Scene$ScenePeerListener.mouseEvent(Scene.java:2708)
	at com.sun.javafx.tk.quantum.GlassViewEventHandler$MouseEventNotification.run(GlassViewEventHandler.java:411)
	at com.sun.javafx.tk.quantum.GlassViewEventHandler$MouseEventNotification.run(GlassViewEventHandler.java:301)
	at java.base/java.security.AccessController.doPrivileged(AccessController.java:400)
	at com.sun.javafx.tk.quantum.GlassViewEventHandler.lambda$handleMouseEvent$2(GlassViewEventHandler.java:450)
	at com.sun.javafx.tk.quantum.QuantumToolkit.runWithoutRenderLock(QuantumToolkit.java:424)
	at com.sun.javafx.tk.quantum.GlassViewEventHandler.handleMouseEvent(GlassViewEventHandler.java:449)
	at com.sun.glass.ui.View.handleMouseEvent(View.java:551)
	at com.sun.glass.ui.View.notifyMouse(View.java:937)
	at com.sun.glass.ui.win.WinApplication._runLoop(Native Method)
	at com.sun.glass.ui.win.WinApplication.lambda$runLoop$3(WinApplication.java:185)
	at java.base/java.lang.Thread.run(Thread.java:1583)

14:28:09.115 [JavaFX Application Thread] FATAL FXGLApplication      - Application will now exit
14:28:09.145 [JavaFX Application Thread] DEBUG PrimaryStageWindow   - Push state: ErrorSubScene
14:28:09.145 [JavaFX Application Thread] DEBUG Input                - Clearing active input actions
14:28:09.147 [JavaFX Application Thread] DEBUG GameApplicationServi - Removing overlay from GameScene and adding to ErrorSubScene
14:28:09.147 [JavaFX Application Thread] DEBUG PrimaryStageWindow   - GameScene -> ErrorSubScene
14:28:17.663 [JavaFX Application Thread] DEBUG FXGLApplication      - Exiting FXGL
14:28:17.663 [JavaFX Application Thread] DEBUG Async                - Shutting down background threads
14:28:17.663 [JavaFX Application Thread] DEBUG PrimaryStageWindow   - Closing main window
14:28:17.684 [JavaFX Application Thread] DEBUG Logger               - Closing Logger
