17:22:42.893 [main                     ] DEBUG Logger               - Configured Logger
17:22:42.930 [main                     ] DEBUG GameApplication      - Logging settings
Title: 1945
Version: 0.1
Width: 800
Height: 800
Fullscreen: false
Intro: false
Profiling: false
Single step:false
App Mode: DEVELOPER
Menu Key: ESCAPE
Stage Style: DECORATED
Scene Factory: class com.almasb.fxgl.app.scene.SceneFactory

17:22:43.599 [JavaFX Application Thread] DEBUG FXGLApplication      - Initializing FXGL
17:22:43.609 [JavaFX Application Thread] INFO  Engine               - FXGL-21.1 (27.03.2024 07.52) on WINDOWS (J:21.0.9 FX:21.0.1)
17:22:43.610 [JavaFX Application Thread] DEBUG Engine               - JRE Vendor Name: Oracle Corporation
17:22:43.610 [JavaFX Application Thread] DEBUG Engine               - Running on OS: Windows 11 version 10.0
17:22:43.611 [JavaFX Application Thread] DEBUG Engine               - Architecture: amd64
17:22:43.611 [JavaFX Application Thread] INFO  Engine               - Source code and latest versions at: https://github.com/AlmasB/FXGL
17:22:43.611 [JavaFX Application Thread] INFO  Engine               -       Ask questions and discuss at: https://github.com/AlmasB/FXGL/discussions
17:22:43.611 [JavaFX Application Thread] INFO  Engine               -              Join the FXGL chat at: https://gitter.im/AlmasB/FXGL
17:22:43.764 [JavaFX Application Thread] DEBUG PrimaryStageWindow   - Creating a JavaFX scene
17:22:43.853 [JavaFX Application Thread] DEBUG PrimaryStageWindow   - Target settings size: 800.0 x 800.0
17:22:43.853 [JavaFX Application Thread] DEBUG PrimaryStageWindow   - Scaled scene size:    800.0 x 800.0
17:22:43.853 [JavaFX Application Thread] DEBUG PrimaryStageWindow   - Scaled ratio: (1.0, 1.0)
17:22:43.855 [JavaFX Application Thread] DEBUG PrimaryStageWindow   - Set initial scene to FXGLStartupScene
17:22:43.859 [JavaFX Application Thread] DEBUG PrimaryStageWindow   - Opening main window
17:22:44.012 [JavaFX Application Thread] DEBUG PrimaryStageWindow   - Window border size: (14.4000244140625, 37.5999755859375)
17:22:44.012 [JavaFX Application Thread] DEBUG PrimaryStageWindow   - Scaled size: 800.0 x 800.0
17:22:44.012 [JavaFX Application Thread] DEBUG PrimaryStageWindow   - Scaled ratio: (1.0, 1.0)
17:22:44.013 [JavaFX Application Thread] DEBUG PrimaryStageWindow   - Scene size: 800.0 x 800.0
17:22:44.013 [JavaFX Application Thread] DEBUG PrimaryStageWindow   - Stage size: 814.4000244140625 x 837.5999755859375
17:22:44.027 [FXGL Background Thread 1 ] DEBUG Engine               - Initializing environment variables
17:22:44.113 [FXGL Background Thread 1 ] DEBUG FXGLAssetLoaderServi - User app class for loading assets: class org.example.Main
17:22:44.113 [FXGL Background Thread 1 ] DEBUG GameApplicationServi - Applying CSS: fxgl_dark.css
17:22:44.114 [FXGL Background Thread 1 ] DEBUG FXGLAssetLoaderServi - Loading from file system: jar:file:/C:/Users/HP/.m2/repository/com/github/almasb/fxgl/21.1/fxgl-21.1.jar!/fxglassets/ui/css/fxgl_dark.css
17:22:44.167 [FXGL Background Thread 1 ] DEBUG GameApplicationServi - Initializing application scenes
17:22:44.225 [FXGL Background Thread 1 ] DEBUG GameWorld            - Game world initialized
17:22:44.307 [FXGL Background Thread 1 ] DEBUG PhysicsWorld         - Physics world initialized: appHeight=800, physics.ppm=50.0
17:22:44.307 [FXGL Background Thread 1 ] DEBUG PhysicsWorld         - Using strategy: BRUTE_FORCE
17:22:44.312 [FXGL Background Thread 1 ] DEBUG GameScene            - Game scene initialized: 800x800
17:22:44.324 [FXGL Background Thread 1 ] DEBUG FXGL.DefaultMenu     - createMenuBodyGameMenu()
17:22:44.342 [FXGL Background Thread 1 ] DEBUG FXGL.DefaultMenu     - createOptionsMenu()
17:22:44.355 [FXGL Background Thread 1 ] DEBUG FXGLAssetLoaderServi - Loading from file system: jar:file:/C:/Users/HP/.m2/repository/com/github/almasb/fxgl/21.1/fxgl-21.1.jar!/fxglassets/textures/particles/smoke.png
17:22:44.481 [FXGL Background Thread 1 ] DEBUG FXGLAssetLoaderServi - Loading from file system: jar:file:/C:/Users/HP/.m2/repository/com/github/almasb/fxgl/21.1/fxgl-21.1.jar!/fxglassets/textures/particles/trace_horizontal.png
17:22:44.511 [FXGL Background Thread 1 ] DEBUG GameApplicationServi - Application scenes initialized
17:22:44.531 [FXGL Background Thread 1 ] DEBUG SystemBundleService  - Loading FXGL system data
17:22:44.538 [FXGL Background Thread 1 ] DEBUG FileSystemAccess     - Reading from: E:\Downloads\Newbegining-main\Newbegining-main\system\fxgl.bundle
17:22:44.555 [FXGL Background Thread 1 ] DEBUG SystemBundleService  - Bundle FXGL: {}
17:22:44.556 [FXGL Background Thread 1 ] DEBUG UpdaterService       - Checking for updates
17:22:44.562 [FXGL Background Thread 4 ] DEBUG FXGLApplication      - Loading fonts
17:22:44.563 [FXGL Background Thread 4 ] DEBUG FXGLAssetLoaderServi - Loading from file system: jar:file:/C:/Users/HP/.m2/repository/com/github/almasb/fxgl/21.1/fxgl-21.1.jar!/fxglassets/ui/fonts/VarelaRound-Regular.ttf
17:22:44.564 [FXGL Background Thread 1 ] DEBUG FXGLApplication      - Loading default localization
17:22:44.565 [FXGL Background Thread 1 ] DEBUG FXGLAssetLoaderServi - Loading from file system: jar:file:/C:/Users/HP/.m2/repository/com/github/almasb/fxgl/21.1/fxgl-21.1.jar!/fxglassets/languages/english.lang
17:22:44.607 [FXGL Background Thread 1 ] INFO  FXGLApplication      - FXGL initialization took: 0.579 sec
17:22:44.608 [JavaFX Application Thread] DEBUG FXGLAssetLoaderServi - Loading from file system: jar:file:/C:/Users/HP/.m2/repository/com/github/almasb/fxgl/21.1/fxgl-21.1.jar!/fxglassets/textures/fxgl_icon.png
17:22:44.627 [FXGL Background Thread 4 ] DEBUG FXGLAssetLoaderServi - Loading from file system: jar:file:/C:/Users/HP/.m2/repository/com/github/almasb/fxgl/21.1/fxgl-21.1.jar!/fxglassets/ui/fonts/Abel-Regular.ttf
17:22:44.634 [FXGL Background Thread 4 ] DEBUG FXGLAssetLoaderServi - Loading from file system: jar:file:/C:/Users/HP/.m2/repository/com/github/almasb/fxgl/21.1/fxgl-21.1.jar!/fxglassets/ui/fonts/TerminalLandMono-Regular.otf
17:22:44.641 [FXGL Background Thread 4 ] DEBUG FXGLAssetLoaderServi - Loading from file system: jar:file:/C:/Users/HP/.m2/repository/com/github/almasb/fxgl/21.1/fxgl-21.1.jar!/fxglassets/ui/fonts/Courier-Prime.ttf
17:22:44.649 [JavaFX Application Thread] DEBUG FXGLAssetLoaderServi - Loading from file system: jar:file:/C:/Users/HP/.m2/repository/com/github/almasb/fxgl/21.1/fxgl-21.1.jar!/fxglassets/textures/fxgl_default_cursor.png
17:22:44.669 [JavaFX Application Thread] DEBUG Input                - Registered new binding: Screenshot - CTRL+8
17:22:44.670 [JavaFX Application Thread] DEBUG Input                - Registered new binding: System info dump - CTRL+9
17:22:44.671 [JavaFX Application Thread] DEBUG Input                - Registered new binding: Restart - CTRL+R
17:22:44.672 [JavaFX Application Thread] DEBUG Input                - Registered new binding: Toggle Debug Camera - CTRL+7
17:22:44.677 [JavaFX Application Thread] DEBUG LoopRunner           - Starting loop
17:22:44.678 [JavaFX Application Thread] DEBUG LoopRunner           - Initializing JavaFX AnimationTimerLoop
17:22:44.680 [JavaFX Application Thread] DEBUG GameApplicationServi - Starting new game
17:22:44.681 [JavaFX Application Thread] DEBUG Input                - Clearing active input actions
17:22:44.702 [JavaFX Application Thread] DEBUG GameApplicationServi - Removing overlay from FXGLStartupScene and adding to FXGLLoadingScene
17:22:44.703 [JavaFX Application Thread] DEBUG PrimaryStageWindow   - FXGLStartupScene -> FXGLLoadingScene
17:22:44.703 [JavaFX Application Thread] DEBUG GameApplicationServi - Clearing previous game
17:22:44.703 [JavaFX Application Thread] DEBUG GameScene            - Clearing game scene
17:22:44.703 [JavaFX Application Thread] DEBUG GameWorld            - Clearing game world
17:22:44.704 [JavaFX Application Thread] DEBUG PhysicsWorld         - Clearing physics world
17:22:44.707 [FXGL Background Thread 4 ] DEBUG FXGLApplication      - Initializing game
17:22:44.707 [JavaFX Application Thread] DEBUG FXGLApplication      - Registering font factories with UI factory
17:22:44.716 [FXGL Background Thread 4 ] WARN  FXGLAssetLoaderServi - Asset "/assets/levels/untitled.tmx" was not found!
17:22:44.790 [JavaFX Application Thread] DEBUG LoopRunner           - Stopping loop
17:22:44.794 [JavaFX Application Thread] FATAL FXGLApplication      - Uncaught Exception:
java.lang.RuntimeException: Initialization failed
	at com.almasb.fxgl.app.FXGLApplication$InitAppTask.failed(FXGLApplication.kt:347)
	at javafx.concurrent.Task.setState(Task.java:710)
	at javafx.concurrent.Task$TaskCallable.lambda$call$2(Task.java:1429)
	at com.sun.javafx.application.PlatformImpl.lambda$runLater$10(PlatformImpl.java:456)
	at java.base/java.security.AccessController.doPrivileged(AccessController.java:400)
	at com.sun.javafx.application.PlatformImpl.lambda$runLater$11(PlatformImpl.java:455)
	at com.sun.glass.ui.InvokeLaterDispatcher$Future.run(InvokeLaterDispatcher.java:95)
	at com.sun.glass.ui.win.WinApplication._runLoop(Native Method)
	at com.sun.glass.ui.win.WinApplication.lambda$runLoop$3(WinApplication.java:185)
	at java.base/java.lang.Thread.run(Thread.java:1583)
Caused by: java.lang.IllegalArgumentException: Loading level failed. Asset not found: untitled.tmx
	at com.almasb.fxgl.app.services.FXGLAssetLoaderService.loadLevel(FXGLAssetLoaderService.kt:446)
	at com.almasb.fxgl.dsl.FXGL$Companion.setLevelFromMap(FXGL.kt:643)
	at com.almasb.fxgl.dsl.FXGL.setLevelFromMap(FXGL.kt)
	at org.example.Main.initGame(Main.java:79)
	at com.almasb.fxgl.app.FXGLApplication$InitAppTask.initGame(FXGLApplication.kt:343)
	at com.almasb.fxgl.app.FXGLApplication$InitAppTask.call(FXGLApplication.kt:321)
	at com.almasb.fxgl.app.FXGLApplication$InitAppTask.call(FXGLApplication.kt:313)
	at javafx.concurrent.Task$TaskCallable.call(Task.java:1399)
	at java.base/java.util.concurrent.FutureTask.run(FutureTask.java:317)
	at java.base/java.util.concurrent.Executors$RunnableAdapter.call(Executors.java:572)
	at java.base/java.util.concurrent.FutureTask.run(FutureTask.java:317)
	at java.base/java.util.concurrent.ThreadPoolExecutor.runWorker(ThreadPoolExecutor.java:1144)
	at java.base/java.util.concurrent.ThreadPoolExecutor$Worker.run(ThreadPoolExecutor.java:642)
	... 1 more

17:22:44.795 [JavaFX Application Thread] FATAL FXGLApplication      - Application will now exit
17:22:44.826 [JavaFX Application Thread] DEBUG PrimaryStageWindow   - Push state: ErrorSubScene
17:22:44.827 [JavaFX Application Thread] DEBUG Input                - Clearing active input actions
17:22:44.855 [JavaFX Application Thread] DEBUG GameApplicationServi - Removing overlay from FXGLLoadingScene and adding to ErrorSubScene
17:22:44.856 [JavaFX Application Thread] DEBUG PrimaryStageWindow   - FXGLLoadingScene -> ErrorSubScene
17:22:45.893 [FXGL Background Thread 2 ] INFO  UpdaterService       - Your current version:  21.1
17:22:45.894 [FXGL Background Thread 2 ] INFO  UpdaterService       - Latest stable version: 25
17:22:47.560 [FXGL Background Thread 3 ] DEBUG Engine               - Logging environment variables
17:22:47.561 [FXGL Background Thread 3 ] DEBUG Engine               - achievements: []
17:22:47.561 [FXGL Background Thread 3 ] DEBUG Engine               - actualHeight: 800.0
17:22:47.561 [FXGL Background Thread 3 ] DEBUG Engine               - actualHeightProperty: ReadOnlyDoubleProperty [value: 800.0]
17:22:47.561 [FXGL Background Thread 3 ] DEBUG Engine               - actualWidth: 800.0
17:22:47.561 [FXGL Background Thread 3 ] DEBUG Engine               - actualWidthProperty: ReadOnlyDoubleProperty [value: 800.0]
17:22:47.561 [FXGL Background Thread 3 ] DEBUG Engine               - appIcon: fxgl_icon.png
17:22:47.561 [FXGL Background Thread 3 ] DEBUG Engine               - applicationMode: DEVELOPER
17:22:47.561 [FXGL Background Thread 3 ] DEBUG Engine               - cSSList: [fxgl_dark.css]
17:22:47.561 [FXGL Background Thread 3 ] DEBUG Engine               - collisionDetectionStrategy: BRUTE_FORCE
17:22:47.561 [FXGL Background Thread 3 ] DEBUG Engine               - configClass: Optional.empty
17:22:47.561 [FXGL Background Thread 3 ] DEBUG Engine               - credits: []
17:22:47.562 [FXGL Background Thread 3 ] DEBUG Engine               - defaultCursor: CursorInfo(imageName=fxgl_default_cursor.png, hotspotX=7.0, hotspotY=6.0)
17:22:47.562 [FXGL Background Thread 3 ] DEBUG Engine               - devBBoxColorProperty: ObjectProperty [value: 0xff0000ff]
17:22:47.562 [FXGL Background Thread 3 ] DEBUG Engine               - devEnableDebugCameraProperty: BooleanProperty [value: false]
17:22:47.562 [FXGL Background Thread 3 ] DEBUG Engine               - devSensorColorProperty: ObjectProperty [value: 0xffff00ff]
17:22:47.562 [FXGL Background Thread 3 ] DEBUG Engine               - devShowBBoxProperty: BooleanProperty [value: false]
17:22:47.562 [FXGL Background Thread 3 ] DEBUG Engine               - devShowPositionProperty: BooleanProperty [value: false]
17:22:47.562 [FXGL Background Thread 3 ] DEBUG Engine               - enabledMenuItems: []
17:22:47.562 [FXGL Background Thread 3 ] DEBUG Engine               - engineServices: [class com.almasb.fxgl.app.services.FXGLAssetLoaderService, class com.almasb.fxgl.app.FXGLApplication$GameApplicationService, class com.almasb.fxgl.app.services.FXGLDialogService, class com.almasb.fxgl.app.services.IOTaskExecutorService, class com.almasb.fxgl.io.FileSystemService, class com.almasb.fxgl.localization.LocalizationService, class com.almasb.fxgl.app.services.SystemBundleService, class com.almasb.fxgl.profile.SaveLoadService, class com.almasb.fxgl.ui.FXGLUIFactoryServiceProvider, class com.almasb.fxgl.ui.FXGLDialogFactoryServiceProvider, class com.almasb.fxgl.audio.AudioPlayer, class com.almasb.fxgl.notification.impl.NotificationServiceProvider, class com.almasb.fxgl.achievement.AchievementService, class com.almasb.fxgl.cutscene.CutsceneService, class com.almasb.fxgl.minigames.MiniGameService, class com.almasb.fxgl.net.NetService, class com.almasb.fxgl.app.services.UpdaterService, class com.almasb.fxgl.dev.DevService]
17:22:47.562 [FXGL Background Thread 3 ] DEBUG Engine               - fontGame: Abel-Regular.ttf
17:22:47.562 [FXGL Background Thread 3 ] DEBUG Engine               - fontMono: TerminalLandMono-Regular.otf
17:22:47.562 [FXGL Background Thread 3 ] DEBUG Engine               - fontSizeScaleUI: 1.0
17:22:47.562 [FXGL Background Thread 3 ] DEBUG Engine               - fontText: Courier-Prime.ttf
17:22:47.562 [FXGL Background Thread 3 ] DEBUG Engine               - fontUI: VarelaRound-Regular.ttf
17:22:47.562 [FXGL Background Thread 3 ] DEBUG Engine               - fullScreen: BooleanProperty [value: false]
17:22:47.562 [FXGL Background Thread 3 ] DEBUG Engine               - gameDifficulty: MEDIUM
17:22:47.562 [FXGL Background Thread 3 ] DEBUG Engine               - gameDifficultyProperty: ObjectProperty [value: MEDIUM]
17:22:47.562 [FXGL Background Thread 3 ] DEBUG Engine               - globalMusicVolume: 0.5
17:22:47.562 [FXGL Background Thread 3 ] DEBUG Engine               - globalMusicVolumeProperty: DoubleProperty [value: 0.5]
17:22:47.562 [FXGL Background Thread 3 ] DEBUG Engine               - globalSoundVolume: 0.5
17:22:47.563 [FXGL Background Thread 3 ] DEBUG Engine               - globalSoundVolumeProperty: DoubleProperty [value: 0.5]
17:22:47.563 [FXGL Background Thread 3 ] DEBUG Engine               - height: 800
17:22:47.563 [FXGL Background Thread 3 ] DEBUG Engine               - is3D: false
17:22:47.563 [FXGL Background Thread 3 ] DEBUG Engine               - isAndroid: false
17:22:47.563 [FXGL Background Thread 3 ] DEBUG Engine               - isBrowser: false
17:22:47.563 [FXGL Background Thread 3 ] DEBUG Engine               - isClickFeedbackEnabled: false
17:22:47.563 [FXGL Background Thread 3 ] DEBUG Engine               - isCloseConfirmation: false
17:22:47.563 [FXGL Background Thread 3 ] DEBUG Engine               - isDesktop: true
17:22:47.563 [FXGL Background Thread 3 ] DEBUG Engine               - isDeveloperMenuEnabled: false
17:22:47.563 [FXGL Background Thread 3 ] DEBUG Engine               - isEmbedded: false
17:22:47.563 [FXGL Background Thread 3 ] DEBUG Engine               - isEntityPreloadEnabled: true
17:22:47.563 [FXGL Background Thread 3 ] DEBUG Engine               - isExperimentalTiledLargeMap: false
17:22:47.563 [FXGL Background Thread 3 ] DEBUG Engine               - isFileSystemWriteAllowed: true
17:22:47.563 [FXGL Background Thread 3 ] DEBUG Engine               - isFullScreenAllowed: false
17:22:47.563 [FXGL Background Thread 3 ] DEBUG Engine               - isFullScreenFromStart: false
17:22:47.563 [FXGL Background Thread 3 ] DEBUG Engine               - isGameMenuEnabled: true
17:22:47.563 [FXGL Background Thread 3 ] DEBUG Engine               - isIOS: false
17:22:47.563 [FXGL Background Thread 3 ] DEBUG Engine               - isIntroEnabled: false
17:22:47.563 [FXGL Background Thread 3 ] DEBUG Engine               - isLinux: false
17:22:47.563 [FXGL Background Thread 3 ] DEBUG Engine               - isMac: false
17:22:47.563 [FXGL Background Thread 3 ] DEBUG Engine               - isMainMenuEnabled: false
17:22:47.563 [FXGL Background Thread 3 ] DEBUG Engine               - isManualResizeEnabled: true
17:22:47.564 [FXGL Background Thread 3 ] DEBUG Engine               - isMobile: false
17:22:47.564 [FXGL Background Thread 3 ] DEBUG Engine               - isNative: false
17:22:47.564 [FXGL Background Thread 3 ] DEBUG Engine               - isPauseMusicWhenMinimized: true
17:22:47.564 [FXGL Background Thread 3 ] DEBUG Engine               - isPreserveResizeRatio: false
17:22:47.564 [FXGL Background Thread 3 ] DEBUG Engine               - isProfilingEnabled: false
17:22:47.564 [FXGL Background Thread 3 ] DEBUG Engine               - isScaleAffectedOnResize: true
17:22:47.564 [FXGL Background Thread 3 ] DEBUG Engine               - isSingleStep: false
17:22:47.564 [FXGL Background Thread 3 ] DEBUG Engine               - isUserProfileEnabled: false
17:22:47.564 [FXGL Background Thread 3 ] DEBUG Engine               - isWindows: true
17:22:47.564 [FXGL Background Thread 3 ] DEBUG Engine               - language: ObjectProperty [value: ENGLISH]
17:22:47.564 [FXGL Background Thread 3 ] DEBUG Engine               - menuKey: ESCAPE
17:22:47.564 [FXGL Background Thread 3 ] DEBUG Engine               - mouseSensitivity: 0.2
17:22:47.564 [FXGL Background Thread 3 ] DEBUG Engine               - notificationViewClass: class com.almasb.fxgl.notification.view.XboxNotificationView
17:22:47.564 [FXGL Background Thread 3 ] DEBUG Engine               - pixelsPerMeter: 50.0
17:22:47.564 [FXGL Background Thread 3 ] DEBUG Engine               - platform: WINDOWS
17:22:47.564 [FXGL Background Thread 3 ] DEBUG Engine               - prefHeightProperty: ReadOnlyDoubleProperty [value: 800.0]
17:22:47.564 [FXGL Background Thread 3 ] DEBUG Engine               - prefWidthProperty: ReadOnlyDoubleProperty [value: 800.0]
17:22:47.564 [FXGL Background Thread 3 ] DEBUG Engine               - profileDir: profiles/
17:22:47.564 [FXGL Background Thread 3 ] DEBUG Engine               - profileName: StringProperty [value: DEFAULT]
17:22:47.564 [FXGL Background Thread 3 ] DEBUG Engine               - randomSeed: -1
17:22:47.565 [FXGL Background Thread 3 ] DEBUG Engine               - runtimeInfo: RuntimeInfo(platform=WINDOWS, version=21.1, build=27.03.2024 07.52)
17:22:47.565 [FXGL Background Thread 3 ] DEBUG Engine               - saveFileExt: sav
17:22:47.565 [FXGL Background Thread 3 ] DEBUG Engine               - scaledHeightProp$fxgl: DoubleProperty [bound, value: 800.0]
17:22:47.565 [FXGL Background Thread 3 ] DEBUG Engine               - scaledWidthProp$fxgl: DoubleProperty [bound, value: 800.0]
17:22:47.565 [FXGL Background Thread 3 ] DEBUG Engine               - sceneFactory: com.almasb.fxgl.app.scene.SceneFactory@2f25a1a2
17:22:47.565 [FXGL Background Thread 3 ] DEBUG Engine               - secondsIn24h: 60
17:22:47.565 [FXGL Background Thread 3 ] DEBUG Engine               - soundMenuBack: menu/back.wav
17:22:47.565 [FXGL Background Thread 3 ] DEBUG Engine               - soundMenuPress: menu/press.wav
17:22:47.565 [FXGL Background Thread 3 ] DEBUG Engine               - soundMenuSelect: menu/select.wav
17:22:47.565 [FXGL Background Thread 3 ] DEBUG Engine               - soundNotification: core/notification.wav
17:22:47.565 [FXGL Background Thread 3 ] DEBUG Engine               - stageStyle: DECORATED
17:22:47.565 [FXGL Background Thread 3 ] DEBUG Engine               - supportedLanguages: [ENGLISH, FRENCH, GERMAN, HUNGARIAN, RUSSIAN]
17:22:47.565 [FXGL Background Thread 3 ] DEBUG Engine               - ticksPerSecond: -1
17:22:47.565 [FXGL Background Thread 3 ] DEBUG Engine               - title: 1945
17:22:47.565 [FXGL Background Thread 3 ] DEBUG Engine               - urlGithub: https://github.com/AlmasB/FXGL
17:22:47.566 [FXGL Background Thread 3 ] DEBUG Engine               - urlLeaderboard: http://fxgl-top.herokuapp.com/
17:22:47.566 [FXGL Background Thread 3 ] DEBUG Engine               - urlPOM: https://raw.githubusercontent.com/AlmasB/FXGL/release/README.md
17:22:47.566 [FXGL Background Thread 3 ] DEBUG Engine               - userAppClass: class org.example.Main
17:22:47.566 [FXGL Background Thread 3 ] DEBUG Engine               - version: 0.1
17:22:47.566 [FXGL Background Thread 3 ] DEBUG Engine               - versionCheckDays: 7
17:22:47.566 [FXGL Background Thread 3 ] DEBUG Engine               - width: 800
17:22:47.566 [FXGL Background Thread 3 ] DEBUG Engine               - Logging services
17:22:47.566 [FXGL Background Thread 3 ] DEBUG Engine               - class com.almasb.fxgl.app.services.FXGLAssetLoaderService
17:22:47.566 [FXGL Background Thread 3 ] DEBUG Engine               - class com.almasb.fxgl.app.FXGLApplication$GameApplicationService
17:22:47.566 [FXGL Background Thread 3 ] DEBUG Engine               - class com.almasb.fxgl.app.services.FXGLDialogService
17:22:47.566 [FXGL Background Thread 3 ] DEBUG Engine               - class com.almasb.fxgl.app.services.IOTaskExecutorService
17:22:47.566 [FXGL Background Thread 3 ] DEBUG Engine               - class com.almasb.fxgl.io.FileSystemService
17:22:47.566 [FXGL Background Thread 3 ] DEBUG Engine               - class com.almasb.fxgl.localization.LocalizationService
17:22:47.567 [FXGL Background Thread 3 ] DEBUG Engine               - class com.almasb.fxgl.app.services.SystemBundleService
17:22:47.567 [FXGL Background Thread 3 ] DEBUG Engine               - class com.almasb.fxgl.profile.SaveLoadService
17:22:47.567 [FXGL Background Thread 3 ] DEBUG Engine               - class com.almasb.fxgl.ui.FXGLUIFactoryServiceProvider
17:22:47.567 [FXGL Background Thread 3 ] DEBUG Engine               - class com.almasb.fxgl.ui.FXGLDialogFactoryServiceProvider
17:22:47.567 [FXGL Background Thread 3 ] DEBUG Engine               - class com.almasb.fxgl.audio.AudioPlayer
17:22:47.567 [FXGL Background Thread 3 ] DEBUG Engine               - class com.almasb.fxgl.notification.impl.NotificationServiceProvider
17:22:47.567 [FXGL Background Thread 3 ] DEBUG Engine               - class com.almasb.fxgl.achievement.AchievementService
17:22:47.567 [FXGL Background Thread 3 ] DEBUG Engine               - class com.almasb.fxgl.cutscene.CutsceneService
17:22:47.567 [FXGL Background Thread 3 ] DEBUG Engine               - class com.almasb.fxgl.minigames.MiniGameService
17:22:47.567 [FXGL Background Thread 3 ] DEBUG Engine               - class com.almasb.fxgl.net.NetService
17:22:47.568 [FXGL Background Thread 3 ] DEBUG Engine               - class com.almasb.fxgl.app.services.UpdaterService
17:22:47.568 [FXGL Background Thread 3 ] DEBUG Engine               - class com.almasb.fxgl.dev.DevService
17:22:47.897 [JavaFX Application Thread] DEBUG FXGLApplication      - Exiting FXGL
17:22:47.897 [JavaFX Application Thread] DEBUG Async                - Shutting down background threads
17:22:47.897 [JavaFX Application Thread] DEBUG PrimaryStageWindow   - Closing main window
17:22:47.926 [JavaFX Application Thread] DEBUG Logger               - Closing Logger
