18:29:06.172 [main                     ] DEBUG Logger               - Configured Logger
18:29:06.193 [main                     ] DEBUG GameApplication      - Logging settings
Title: 1945
Version: 0.1
Width: 1280
Height: 800
Fullscreen: true
Intro: false
Profiling: false
Single step:false
App Mode: DEVELOPER
Menu Key: ESCAPE
Stage Style: DECORATED
Scene Factory: class com.almasb.fxgl.app.scene.SceneFactory

18:29:06.636 [JavaFX Application Thread] DEBUG FXGLApplication      - Initializing FXGL
18:29:06.646 [JavaFX Application Thread] INFO  Engine               - FXGL-21.1 (27.03.2024 07.52) on WINDOWS (J:21.0.9 FX:21.0.1)
18:29:06.647 [JavaFX Application Thread] DEBUG Engine               - JRE Vendor Name: Oracle Corporation
18:29:06.647 [JavaFX Application Thread] DEBUG Engine               - Running on OS: Windows 11 version 10.0
18:29:06.648 [JavaFX Application Thread] DEBUG Engine               - Architecture: amd64
18:29:06.648 [JavaFX Application Thread] INFO  Engine               - Source code and latest versions at: https://github.com/AlmasB/FXGL
18:29:06.648 [JavaFX Application Thread] INFO  Engine               -       Ask questions and discuss at: https://github.com/AlmasB/FXGL/discussions
18:29:06.648 [JavaFX Application Thread] INFO  Engine               -              Join the FXGL chat at: https://gitter.im/AlmasB/FXGL
18:29:06.735 [JavaFX Application Thread] DEBUG PrimaryStageWindow   - Creating a JavaFX scene
18:29:06.783 [JavaFX Application Thread] DEBUG PrimaryStageWindow   - Target settings size: 1280.0 x 800.0
18:29:06.783 [JavaFX Application Thread] DEBUG PrimaryStageWindow   - Scaled scene size:    1280.0 x 800.0
18:29:06.783 [JavaFX Application Thread] DEBUG PrimaryStageWindow   - Scaled ratio: (1.0, 1.0)
18:29:06.784 [JavaFX Application Thread] DEBUG PrimaryStageWindow   - Set initial scene to FXGLStartupScene
18:29:06.787 [JavaFX Application Thread] DEBUG PrimaryStageWindow   - Opening main window
18:29:06.874 [JavaFX Application Thread] DEBUG PrimaryStageWindow   - Window border size: (14.4000244140625, 37.5999755859375)
18:29:06.874 [JavaFX Application Thread] DEBUG PrimaryStageWindow   - Scaled size: 1280.0 x 800.0
18:29:06.874 [JavaFX Application Thread] DEBUG PrimaryStageWindow   - Scaled ratio: (1.0, 1.0)
18:29:06.875 [JavaFX Application Thread] DEBUG PrimaryStageWindow   - Scene size: 1280.0 x 800.0
18:29:06.875 [JavaFX Application Thread] DEBUG PrimaryStageWindow   - Stage size: 1294.4000244140625 x 837.5999755859375
18:29:06.889 [FXGL Background Thread 1 ] DEBUG Engine               - Initializing environment variables
18:29:06.984 [FXGL Background Thread 1 ] DEBUG FXGLAssetLoaderServi - User app class for loading assets: class org.saikat.Main
18:29:06.985 [FXGL Background Thread 1 ] DEBUG GameApplicationServi - Applying CSS: fxgl_dark.css
18:29:06.986 [FXGL Background Thread 1 ] DEBUG FXGLAssetLoaderServi - Loading from file system: jar:file:/C:/Users/HP/.m2/repository/com/github/almasb/fxgl/21.1/fxgl-21.1.jar!/fxglassets/ui/css/fxgl_dark.css
18:29:07.039 [FXGL Background Thread 1 ] DEBUG GameApplicationServi - Initializing application scenes
18:29:07.101 [FXGL Background Thread 1 ] DEBUG GameWorld            - Game world initialized
18:29:07.221 [FXGL Background Thread 1 ] DEBUG PhysicsWorld         - Physics world initialized: appHeight=800, physics.ppm=50.0
18:29:07.221 [FXGL Background Thread 1 ] DEBUG PhysicsWorld         - Using strategy: BRUTE_FORCE
18:29:07.225 [FXGL Background Thread 1 ] DEBUG GameScene            - Game scene initialized: 1280x800
18:29:07.236 [FXGL Background Thread 1 ] DEBUG FXGL.DefaultMenu     - createMenuBodyGameMenu()
18:29:07.248 [FXGL Background Thread 1 ] DEBUG FXGL.DefaultMenu     - createOptionsMenu()
18:29:07.257 [FXGL Background Thread 1 ] DEBUG FXGLAssetLoaderServi - Loading from file system: jar:file:/C:/Users/HP/.m2/repository/com/github/almasb/fxgl/21.1/fxgl-21.1.jar!/fxglassets/textures/particles/smoke.png
18:29:07.382 [FXGL Background Thread 1 ] DEBUG FXGLAssetLoaderServi - Loading from file system: jar:file:/C:/Users/HP/.m2/repository/com/github/almasb/fxgl/21.1/fxgl-21.1.jar!/fxglassets/textures/particles/trace_horizontal.png
18:29:07.410 [FXGL Background Thread 1 ] DEBUG GameApplicationServi - Application scenes initialized
18:29:07.423 [FXGL Background Thread 1 ] DEBUG SystemBundleService  - Loading FXGL system data
18:29:07.427 [FXGL Background Thread 1 ] DEBUG FileSystemAccess     - Reading from: E:\Downloads\Newbegining-main\Newbegining-main\system\fxgl.bundle
18:29:07.441 [FXGL Background Thread 1 ] DEBUG SystemBundleService  - Bundle FXGL: {}
18:29:07.442 [FXGL Background Thread 1 ] DEBUG UpdaterService       - Checking for updates
18:29:07.450 [FXGL Background Thread 4 ] DEBUG FXGLApplication      - Loading fonts
18:29:07.451 [FXGL Background Thread 4 ] DEBUG FXGLAssetLoaderServi - Loading from file system: jar:file:/C:/Users/HP/.m2/repository/com/github/almasb/fxgl/21.1/fxgl-21.1.jar!/fxglassets/ui/fonts/VarelaRound-Regular.ttf
18:29:07.451 [FXGL Background Thread 1 ] DEBUG FXGLApplication      - Loading default localization
18:29:07.452 [FXGL Background Thread 1 ] DEBUG FXGLAssetLoaderServi - Loading from file system: jar:file:/C:/Users/HP/.m2/repository/com/github/almasb/fxgl/21.1/fxgl-21.1.jar!/fxglassets/languages/english.lang
18:29:07.505 [FXGL Background Thread 1 ] INFO  FXGLApplication      - FXGL initialization took: 0.615 sec
18:29:07.506 [JavaFX Application Thread] DEBUG FXGLAssetLoaderServi - Loading from file system: jar:file:/C:/Users/HP/.m2/repository/com/github/almasb/fxgl/21.1/fxgl-21.1.jar!/fxglassets/textures/fxgl_icon.png
18:29:07.511 [FXGL Background Thread 4 ] DEBUG FXGLAssetLoaderServi - Loading from file system: jar:file:/C:/Users/HP/.m2/repository/com/github/almasb/fxgl/21.1/fxgl-21.1.jar!/fxglassets/ui/fonts/Abel-Regular.ttf
18:29:07.517 [FXGL Background Thread 4 ] DEBUG FXGLAssetLoaderServi - Loading from file system: jar:file:/C:/Users/HP/.m2/repository/com/github/almasb/fxgl/21.1/fxgl-21.1.jar!/fxglassets/ui/fonts/TerminalLandMono-Regular.otf
18:29:07.524 [FXGL Background Thread 4 ] DEBUG FXGLAssetLoaderServi - Loading from file system: jar:file:/C:/Users/HP/.m2/repository/com/github/almasb/fxgl/21.1/fxgl-21.1.jar!/fxglassets/ui/fonts/Courier-Prime.ttf
18:29:07.533 [JavaFX Application Thread] DEBUG FXGLAssetLoaderServi - Loading from file system: jar:file:/C:/Users/HP/.m2/repository/com/github/almasb/fxgl/21.1/fxgl-21.1.jar!/fxglassets/textures/fxgl_default_cursor.png
18:29:07.549 [JavaFX Application Thread] DEBUG Input                - Registered new binding: Screenshot - CTRL+8
18:29:07.550 [JavaFX Application Thread] DEBUG Input                - Registered new binding: System info dump - CTRL+9
18:29:07.550 [JavaFX Application Thread] DEBUG Input                - Registered new binding: Restart - CTRL+R
18:29:07.551 [JavaFX Application Thread] DEBUG Input                - Registered new binding: Toggle Debug Camera - CTRL+7
18:29:07.557 [JavaFX Application Thread] DEBUG LoopRunner           - Starting loop
18:29:07.557 [JavaFX Application Thread] DEBUG LoopRunner           - Initializing JavaFX AnimationTimerLoop
18:29:07.561 [JavaFX Application Thread] DEBUG GameApplicationServi - Starting new game
18:29:07.562 [JavaFX Application Thread] DEBUG Input                - Clearing active input actions
18:29:07.576 [JavaFX Application Thread] DEBUG GameApplicationServi - Removing overlay from FXGLStartupScene and adding to FXGLLoadingScene
18:29:07.577 [JavaFX Application Thread] DEBUG PrimaryStageWindow   - FXGLStartupScene -> FXGLLoadingScene
18:29:07.577 [JavaFX Application Thread] DEBUG GameApplicationServi - Clearing previous game
18:29:07.577 [JavaFX Application Thread] DEBUG GameScene            - Clearing game scene
18:29:07.577 [JavaFX Application Thread] DEBUG GameWorld            - Clearing game world
18:29:07.577 [JavaFX Application Thread] DEBUG PhysicsWorld         - Clearing physics world
18:29:07.579 [FXGL Background Thread 4 ] DEBUG FXGLApplication      - Initializing game
18:29:07.581 [JavaFX Application Thread] DEBUG FXGLApplication      - Registering font factories with UI factory
18:29:08.348 [FXGL Background Thread 4 ] WARN  TMXLevelLoader       - TiledMap generated from 1.12.2. Supported version: 1.9.0. Some features may not be parsed fully.
18:29:08.357 [FXGL Background Thread 4 ] DEBUG TMXLevelLoader       - Parsed TiledMap: file:/E:/Downloads/Newbegining-main/Newbegining-main/target/classes/assets/levels/wall.tmx
18:29:08.360 [FXGL Background Thread 4 ] DEBUG TMXLevelLoader       - Creating tile layer entities
18:29:08.362 [FXGL Background Thread 4 ] DEBUG TilesetLoader        - Loading view for layer background
18:29:08.363 [FXGL Background Thread 4 ] DEBUG TilesetLoader        - Created buffer with size 1280.0x800.0
18:29:08.395 [FXGL Background Thread 4 ] DEBUG TilesetLoader        - Loading view for layer Road
18:29:08.397 [FXGL Background Thread 4 ] DEBUG TilesetLoader        - Created buffer with size 1280.0x800.0
18:29:08.399 [FXGL Background Thread 4 ] DEBUG TMXLevelLoader       - Creating object layer entities
18:29:08.400 [FXGL Background Thread 4 ] DEBUG GameWorld            - Clearing removable entities
18:29:08.530 [FXGL Background Thread 2 ] INFO  UpdaterService       - Your current version:  21.1
18:29:08.530 [FXGL Background Thread 2 ] INFO  UpdaterService       - Latest stable version: 25
18:29:08.644 [FXGL Background Thread 4 ] DEBUG GameWorld            - Setting level: com.almasb.fxgl.entity.level.Level@74b4867a
18:29:08.649 [FXGL Background Thread 4 ] INFO  FXGLApplication      - Game initialization took: 1.070 sec
18:29:08.658 [JavaFX Application Thread] DEBUG Input                - Clearing active input actions
18:29:08.667 [JavaFX Application Thread] DEBUG GameApplicationServi - Removing overlay from FXGLLoadingScene and adding to GameScene
18:29:08.668 [JavaFX Application Thread] DEBUG PrimaryStageWindow   - FXGLLoadingScene -> GameScene
18:29:09.631 [JavaFX Application Thread] WARN  FXGLAssetLoaderServi - Asset "/assets/textures/_Run.png" was not found!
18:29:09.631 [JavaFX Application Thread] WARN  FXGLAssetLoaderServi - Failed to load IMAGE
18:29:09.652 [JavaFX Application Thread] WARN  FXGLAssetLoaderServi - Asset "/assets/textures/_Run.png" was not found!
18:29:09.652 [JavaFX Application Thread] WARN  FXGLAssetLoaderServi - Failed to load IMAGE
18:29:10.446 [FXGL Background Thread 3 ] DEBUG Engine               - Logging environment variables
18:29:10.447 [FXGL Background Thread 3 ] DEBUG Engine               - achievements: []
18:29:10.447 [FXGL Background Thread 3 ] DEBUG Engine               - actualHeight: 800.0
18:29:10.447 [FXGL Background Thread 3 ] DEBUG Engine               - actualHeightProperty: ReadOnlyDoubleProperty [value: 800.0]
18:29:10.447 [FXGL Background Thread 3 ] DEBUG Engine               - actualWidth: 1280.0
18:29:10.447 [FXGL Background Thread 3 ] DEBUG Engine               - actualWidthProperty: ReadOnlyDoubleProperty [value: 1280.0]
18:29:10.447 [FXGL Background Thread 3 ] DEBUG Engine               - appIcon: fxgl_icon.png
18:29:10.447 [FXGL Background Thread 3 ] DEBUG Engine               - applicationMode: DEVELOPER
18:29:10.447 [FXGL Background Thread 3 ] DEBUG Engine               - cSSList: [fxgl_dark.css]
18:29:10.447 [FXGL Background Thread 3 ] DEBUG Engine               - collisionDetectionStrategy: BRUTE_FORCE
18:29:10.447 [FXGL Background Thread 3 ] DEBUG Engine               - configClass: Optional.empty
18:29:10.447 [FXGL Background Thread 3 ] DEBUG Engine               - credits: []
18:29:10.447 [FXGL Background Thread 3 ] DEBUG Engine               - defaultCursor: CursorInfo(imageName=fxgl_default_cursor.png, hotspotX=7.0, hotspotY=6.0)
18:29:10.447 [FXGL Background Thread 3 ] DEBUG Engine               - devBBoxColorProperty: ObjectProperty [value: 0xff0000ff]
18:29:10.447 [FXGL Background Thread 3 ] DEBUG Engine               - devEnableDebugCameraProperty: BooleanProperty [value: false]
18:29:10.448 [FXGL Background Thread 3 ] DEBUG Engine               - devSensorColorProperty: ObjectProperty [value: 0xffff00ff]
18:29:10.448 [FXGL Background Thread 3 ] DEBUG Engine               - devShowBBoxProperty: BooleanProperty [value: false]
18:29:10.448 [FXGL Background Thread 3 ] DEBUG Engine               - devShowPositionProperty: BooleanProperty [value: false]
18:29:10.448 [FXGL Background Thread 3 ] DEBUG Engine               - enabledMenuItems: []
18:29:10.448 [FXGL Background Thread 3 ] DEBUG Engine               - engineServices: [class com.almasb.fxgl.app.services.FXGLAssetLoaderService, class com.almasb.fxgl.app.FXGLApplication$GameApplicationService, class com.almasb.fxgl.app.services.FXGLDialogService, class com.almasb.fxgl.app.services.IOTaskExecutorService, class com.almasb.fxgl.io.FileSystemService, class com.almasb.fxgl.localization.LocalizationService, class com.almasb.fxgl.app.services.SystemBundleService, class com.almasb.fxgl.profile.SaveLoadService, class com.almasb.fxgl.ui.FXGLUIFactoryServiceProvider, class com.almasb.fxgl.ui.FXGLDialogFactoryServiceProvider, class com.almasb.fxgl.audio.AudioPlayer, class com.almasb.fxgl.notification.impl.NotificationServiceProvider, class com.almasb.fxgl.achievement.AchievementService, class com.almasb.fxgl.cutscene.CutsceneService, class com.almasb.fxgl.minigames.MiniGameService, class com.almasb.fxgl.net.NetService, class com.almasb.fxgl.app.services.UpdaterService, class com.almasb.fxgl.dev.DevService]
18:29:10.448 [FXGL Background Thread 3 ] DEBUG Engine               - fontGame: Abel-Regular.ttf
18:29:10.448 [FXGL Background Thread 3 ] DEBUG Engine               - fontMono: TerminalLandMono-Regular.otf
18:29:10.448 [FXGL Background Thread 3 ] DEBUG Engine               - fontSizeScaleUI: 1.0
18:29:10.448 [FXGL Background Thread 3 ] DEBUG Engine               - fontText: Courier-Prime.ttf
18:29:10.448 [FXGL Background Thread 3 ] DEBUG Engine               - fontUI: VarelaRound-Regular.ttf
18:29:10.448 [FXGL Background Thread 3 ] DEBUG Engine               - fullScreen: BooleanProperty [value: false]
18:29:10.448 [FXGL Background Thread 3 ] DEBUG Engine               - gameDifficulty: MEDIUM
18:29:10.448 [FXGL Background Thread 3 ] DEBUG Engine               - gameDifficultyProperty: ObjectProperty [value: MEDIUM]
18:29:10.448 [FXGL Background Thread 3 ] DEBUG Engine               - globalMusicVolume: 0.5
18:29:10.448 [FXGL Background Thread 3 ] DEBUG Engine               - globalMusicVolumeProperty: DoubleProperty [value: 0.5]
18:29:10.448 [FXGL Background Thread 3 ] DEBUG Engine               - globalSoundVolume: 0.5
18:29:10.448 [FXGL Background Thread 3 ] DEBUG Engine               - globalSoundVolumeProperty: DoubleProperty [value: 0.5]
18:29:10.448 [FXGL Background Thread 3 ] DEBUG Engine               - height: 800
18:29:10.448 [FXGL Background Thread 3 ] DEBUG Engine               - is3D: false
18:29:10.448 [FXGL Background Thread 3 ] DEBUG Engine               - isAndroid: false
18:29:10.448 [FXGL Background Thread 3 ] DEBUG Engine               - isBrowser: false
18:29:10.448 [FXGL Background Thread 3 ] DEBUG Engine               - isClickFeedbackEnabled: false
18:29:10.448 [FXGL Background Thread 3 ] DEBUG Engine               - isCloseConfirmation: false
18:29:10.448 [FXGL Background Thread 3 ] DEBUG Engine               - isDesktop: true
18:29:10.448 [FXGL Background Thread 3 ] DEBUG Engine               - isDeveloperMenuEnabled: false
18:29:10.449 [FXGL Background Thread 3 ] DEBUG Engine               - isEmbedded: false
18:29:10.449 [FXGL Background Thread 3 ] DEBUG Engine               - isEntityPreloadEnabled: true
18:29:10.449 [FXGL Background Thread 3 ] DEBUG Engine               - isExperimentalTiledLargeMap: false
18:29:10.450 [FXGL Background Thread 3 ] DEBUG Engine               - isFileSystemWriteAllowed: true
18:29:10.450 [FXGL Background Thread 3 ] DEBUG Engine               - isFullScreenAllowed: true
18:29:10.450 [FXGL Background Thread 3 ] DEBUG Engine               - isFullScreenFromStart: false
18:29:10.450 [FXGL Background Thread 3 ] DEBUG Engine               - isGameMenuEnabled: true
18:29:10.450 [FXGL Background Thread 3 ] DEBUG Engine               - isIOS: false
18:29:10.450 [FXGL Background Thread 3 ] DEBUG Engine               - isIntroEnabled: false
18:29:10.450 [FXGL Background Thread 3 ] DEBUG Engine               - isLinux: false
18:29:10.450 [FXGL Background Thread 3 ] DEBUG Engine               - isMac: false
18:29:10.450 [FXGL Background Thread 3 ] DEBUG Engine               - isMainMenuEnabled: false
18:29:10.450 [FXGL Background Thread 3 ] DEBUG Engine               - isManualResizeEnabled: true
18:29:10.450 [FXGL Background Thread 3 ] DEBUG Engine               - isMobile: false
18:29:10.450 [FXGL Background Thread 3 ] DEBUG Engine               - isNative: false
18:29:10.451 [FXGL Background Thread 3 ] DEBUG Engine               - isPauseMusicWhenMinimized: true
18:29:10.451 [FXGL Background Thread 3 ] DEBUG Engine               - isPreserveResizeRatio: false
18:29:10.451 [FXGL Background Thread 3 ] DEBUG Engine               - isProfilingEnabled: false
18:29:10.451 [FXGL Background Thread 3 ] DEBUG Engine               - isScaleAffectedOnResize: true
18:29:10.451 [FXGL Background Thread 3 ] DEBUG Engine               - isSingleStep: false
18:29:10.451 [FXGL Background Thread 3 ] DEBUG Engine               - isUserProfileEnabled: false
18:29:10.451 [FXGL Background Thread 3 ] DEBUG Engine               - isWindows: true
18:29:10.451 [FXGL Background Thread 3 ] DEBUG Engine               - language: ObjectProperty [value: ENGLISH]
18:29:10.451 [FXGL Background Thread 3 ] DEBUG Engine               - menuKey: ESCAPE
18:29:10.451 [FXGL Background Thread 3 ] DEBUG Engine               - mouseSensitivity: 0.2
18:29:10.451 [FXGL Background Thread 3 ] DEBUG Engine               - notificationViewClass: class com.almasb.fxgl.notification.view.XboxNotificationView
18:29:10.451 [FXGL Background Thread 3 ] DEBUG Engine               - pixelsPerMeter: 50.0
18:29:10.451 [FXGL Background Thread 3 ] DEBUG Engine               - platform: WINDOWS
18:29:10.451 [FXGL Background Thread 3 ] DEBUG Engine               - prefHeightProperty: ReadOnlyDoubleProperty [value: 800.0]
18:29:10.451 [FXGL Background Thread 3 ] DEBUG Engine               - prefWidthProperty: ReadOnlyDoubleProperty [value: 1280.0]
18:29:10.451 [FXGL Background Thread 3 ] DEBUG Engine               - profileDir: profiles/
18:29:10.451 [FXGL Background Thread 3 ] DEBUG Engine               - profileName: StringProperty [value: DEFAULT]
18:29:10.451 [FXGL Background Thread 3 ] DEBUG Engine               - randomSeed: -1
18:29:10.452 [FXGL Background Thread 3 ] DEBUG Engine               - runtimeInfo: RuntimeInfo(platform=WINDOWS, version=21.1, build=27.03.2024 07.52)
18:29:10.452 [FXGL Background Thread 3 ] DEBUG Engine               - saveFileExt: sav
18:29:10.452 [FXGL Background Thread 3 ] DEBUG Engine               - scaledHeightProp$fxgl: DoubleProperty [bound, value: 800.0]
18:29:10.452 [FXGL Background Thread 3 ] DEBUG Engine               - scaledWidthProp$fxgl: DoubleProperty [bound, value: 1280.0]
18:29:10.452 [FXGL Background Thread 3 ] DEBUG Engine               - sceneFactory: com.almasb.fxgl.app.scene.SceneFactory@73e05b60
18:29:10.452 [FXGL Background Thread 3 ] DEBUG Engine               - secondsIn24h: 60
18:29:10.452 [FXGL Background Thread 3 ] DEBUG Engine               - soundMenuBack: menu/back.wav
18:29:10.452 [FXGL Background Thread 3 ] DEBUG Engine               - soundMenuPress: menu/press.wav
18:29:10.452 [FXGL Background Thread 3 ] DEBUG Engine               - soundMenuSelect: menu/select.wav
18:29:10.452 [FXGL Background Thread 3 ] DEBUG Engine               - soundNotification: core/notification.wav
18:29:10.452 [FXGL Background Thread 3 ] DEBUG Engine               - stageStyle: DECORATED
18:29:10.452 [FXGL Background Thread 3 ] DEBUG Engine               - supportedLanguages: [ENGLISH, FRENCH, GERMAN, HUNGARIAN, RUSSIAN]
18:29:10.452 [FXGL Background Thread 3 ] DEBUG Engine               - ticksPerSecond: -1
18:29:10.452 [FXGL Background Thread 3 ] DEBUG Engine               - title: 1945
18:29:10.452 [FXGL Background Thread 3 ] DEBUG Engine               - urlGithub: https://github.com/AlmasB/FXGL
18:29:10.452 [FXGL Background Thread 3 ] DEBUG Engine               - urlLeaderboard: http://fxgl-top.herokuapp.com/
18:29:10.452 [FXGL Background Thread 3 ] DEBUG Engine               - urlPOM: https://raw.githubusercontent.com/AlmasB/FXGL/release/README.md
18:29:10.452 [FXGL Background Thread 3 ] DEBUG Engine               - userAppClass: class org.saikat.Main
18:29:10.452 [FXGL Background Thread 3 ] DEBUG Engine               - version: 0.1
18:29:10.452 [FXGL Background Thread 3 ] DEBUG Engine               - versionCheckDays: 7
18:29:10.452 [FXGL Background Thread 3 ] DEBUG Engine               - width: 1280
18:29:10.452 [FXGL Background Thread 3 ] DEBUG Engine               - Logging services
18:29:10.452 [FXGL Background Thread 3 ] DEBUG Engine               - class com.almasb.fxgl.app.services.FXGLAssetLoaderService
18:29:10.452 [FXGL Background Thread 3 ] DEBUG Engine               - class com.almasb.fxgl.app.FXGLApplication$GameApplicationService
18:29:10.452 [FXGL Background Thread 3 ] DEBUG Engine               - class com.almasb.fxgl.app.services.FXGLDialogService
18:29:10.452 [FXGL Background Thread 3 ] DEBUG Engine               - class com.almasb.fxgl.app.services.IOTaskExecutorService
18:29:10.452 [FXGL Background Thread 3 ] DEBUG Engine               - class com.almasb.fxgl.io.FileSystemService
18:29:10.452 [FXGL Background Thread 3 ] DEBUG Engine               - class com.almasb.fxgl.localization.LocalizationService
18:29:10.452 [FXGL Background Thread 3 ] DEBUG Engine               - class com.almasb.fxgl.app.services.SystemBundleService
18:29:10.452 [FXGL Background Thread 3 ] DEBUG Engine               - class com.almasb.fxgl.profile.SaveLoadService
18:29:10.452 [FXGL Background Thread 3 ] DEBUG Engine               - class com.almasb.fxgl.ui.FXGLUIFactoryServiceProvider
18:29:10.452 [FXGL Background Thread 3 ] DEBUG Engine               - class com.almasb.fxgl.ui.FXGLDialogFactoryServiceProvider
18:29:10.452 [FXGL Background Thread 3 ] DEBUG Engine               - class com.almasb.fxgl.audio.AudioPlayer
18:29:10.453 [FXGL Background Thread 3 ] DEBUG Engine               - class com.almasb.fxgl.notification.impl.NotificationServiceProvider
18:29:10.453 [FXGL Background Thread 3 ] DEBUG Engine               - class com.almasb.fxgl.achievement.AchievementService
18:29:10.453 [FXGL Background Thread 3 ] DEBUG Engine               - class com.almasb.fxgl.cutscene.CutsceneService
18:29:10.453 [FXGL Background Thread 3 ] DEBUG Engine               - class com.almasb.fxgl.minigames.MiniGameService
18:29:10.453 [FXGL Background Thread 3 ] DEBUG Engine               - class com.almasb.fxgl.net.NetService
18:29:10.453 [FXGL Background Thread 3 ] DEBUG Engine               - class com.almasb.fxgl.app.services.UpdaterService
18:29:10.453 [FXGL Background Thread 3 ] DEBUG Engine               - class com.almasb.fxgl.dev.DevService
18:29:10.797 [JavaFX Application Thread] WARN  FXGLAssetLoaderServi - Asset "/assets/textures/_Run.png" was not found!
18:29:10.797 [JavaFX Application Thread] WARN  FXGLAssetLoaderServi - Failed to load IMAGE
18:29:10.799 [JavaFX Application Thread] WARN  FXGLAssetLoaderServi - Asset "/assets/textures/_Run.png" was not found!
18:29:10.800 [JavaFX Application Thread] WARN  FXGLAssetLoaderServi - Failed to load IMAGE
18:29:11.931 [JavaFX Application Thread] WARN  FXGLAssetLoaderServi - Asset "/assets/textures/_Run.png" was not found!
18:29:11.932 [JavaFX Application Thread] WARN  FXGLAssetLoaderServi - Failed to load IMAGE
18:29:11.933 [JavaFX Application Thread] WARN  FXGLAssetLoaderServi - Asset "/assets/textures/_Run.png" was not found!
18:29:11.934 [JavaFX Application Thread] WARN  FXGLAssetLoaderServi - Failed to load IMAGE
18:29:12.957 [JavaFX Application Thread] WARN  FXGLAssetLoaderServi - Asset "/assets/textures/_Run.png" was not found!
18:29:12.958 [JavaFX Application Thread] WARN  FXGLAssetLoaderServi - Failed to load IMAGE
18:29:12.960 [JavaFX Application Thread] WARN  FXGLAssetLoaderServi - Asset "/assets/textures/_Run.png" was not found!
18:29:12.960 [JavaFX Application Thread] WARN  FXGLAssetLoaderServi - Failed to load IMAGE
18:29:13.963 [JavaFX Application Thread] WARN  FXGLAssetLoaderServi - Asset "/assets/textures/_Run.png" was not found!
18:29:13.964 [JavaFX Application Thread] WARN  FXGLAssetLoaderServi - Failed to load IMAGE
18:29:13.965 [JavaFX Application Thread] WARN  FXGLAssetLoaderServi - Asset "/assets/textures/_Run.png" was not found!
18:29:13.966 [JavaFX Application Thread] WARN  FXGLAssetLoaderServi - Failed to load IMAGE
18:29:14.956 [JavaFX Application Thread] WARN  FXGLAssetLoaderServi - Asset "/assets/textures/_Run.png" was not found!
18:29:14.957 [JavaFX Application Thread] WARN  FXGLAssetLoaderServi - Failed to load IMAGE
18:29:14.958 [JavaFX Application Thread] WARN  FXGLAssetLoaderServi - Asset "/assets/textures/_Run.png" was not found!
18:29:14.958 [JavaFX Application Thread] WARN  FXGLAssetLoaderServi - Failed to load IMAGE
18:29:15.963 [JavaFX Application Thread] WARN  FXGLAssetLoaderServi - Asset "/assets/textures/_Run.png" was not found!
18:29:15.963 [JavaFX Application Thread] WARN  FXGLAssetLoaderServi - Failed to load IMAGE
18:29:15.966 [JavaFX Application Thread] WARN  FXGLAssetLoaderServi - Asset "/assets/textures/_Run.png" was not found!
18:29:15.966 [JavaFX Application Thread] WARN  FXGLAssetLoaderServi - Failed to load IMAGE
18:29:16.960 [JavaFX Application Thread] WARN  FXGLAssetLoaderServi - Asset "/assets/textures/_Run.png" was not found!
18:29:16.961 [JavaFX Application Thread] WARN  FXGLAssetLoaderServi - Failed to load IMAGE
18:29:16.963 [JavaFX Application Thread] WARN  FXGLAssetLoaderServi - Asset "/assets/textures/_Run.png" was not found!
18:29:16.963 [JavaFX Application Thread] WARN  FXGLAssetLoaderServi - Failed to load IMAGE
18:29:17.961 [JavaFX Application Thread] WARN  FXGLAssetLoaderServi - Asset "/assets/textures/_Run.png" was not found!
18:29:17.961 [JavaFX Application Thread] WARN  FXGLAssetLoaderServi - Failed to load IMAGE
18:29:17.963 [JavaFX Application Thread] WARN  FXGLAssetLoaderServi - Asset "/assets/textures/_Run.png" was not found!
18:29:17.963 [JavaFX Application Thread] WARN  FXGLAssetLoaderServi - Failed to load IMAGE
18:29:18.959 [JavaFX Application Thread] WARN  FXGLAssetLoaderServi - Asset "/assets/textures/_Run.png" was not found!
18:29:18.959 [JavaFX Application Thread] WARN  FXGLAssetLoaderServi - Failed to load IMAGE
18:29:18.961 [JavaFX Application Thread] WARN  FXGLAssetLoaderServi - Asset "/assets/textures/_Run.png" was not found!
18:29:18.961 [JavaFX Application Thread] WARN  FXGLAssetLoaderServi - Failed to load IMAGE
18:29:19.963 [JavaFX Application Thread] WARN  FXGLAssetLoaderServi - Asset "/assets/textures/_Run.png" was not found!
18:29:19.963 [JavaFX Application Thread] WARN  FXGLAssetLoaderServi - Failed to load IMAGE
18:29:19.967 [JavaFX Application Thread] WARN  FXGLAssetLoaderServi - Asset "/assets/textures/_Run.png" was not found!
18:29:19.967 [JavaFX Application Thread] WARN  FXGLAssetLoaderServi - Failed to load IMAGE
18:29:20.988 [JavaFX Application Thread] WARN  FXGLAssetLoaderServi - Asset "/assets/textures/_Run.png" was not found!
18:29:20.988 [JavaFX Application Thread] WARN  FXGLAssetLoaderServi - Failed to load IMAGE
18:29:20.990 [JavaFX Application Thread] WARN  FXGLAssetLoaderServi - Asset "/assets/textures/_Run.png" was not found!
18:29:20.990 [JavaFX Application Thread] WARN  FXGLAssetLoaderServi - Failed to load IMAGE
18:29:21.981 [JavaFX Application Thread] WARN  FXGLAssetLoaderServi - Asset "/assets/textures/_Run.png" was not found!
18:29:21.981 [JavaFX Application Thread] WARN  FXGLAssetLoaderServi - Failed to load IMAGE
18:29:21.983 [JavaFX Application Thread] WARN  FXGLAssetLoaderServi - Asset "/assets/textures/_Run.png" was not found!
18:29:21.983 [JavaFX Application Thread] WARN  FXGLAssetLoaderServi - Failed to load IMAGE
18:29:22.971 [JavaFX Application Thread] WARN  FXGLAssetLoaderServi - Asset "/assets/textures/_Run.png" was not found!
18:29:22.972 [JavaFX Application Thread] WARN  FXGLAssetLoaderServi - Failed to load IMAGE
18:29:22.973 [JavaFX Application Thread] WARN  FXGLAssetLoaderServi - Asset "/assets/textures/_Run.png" was not found!
18:29:22.974 [JavaFX Application Thread] WARN  FXGLAssetLoaderServi - Failed to load IMAGE
18:29:23.980 [JavaFX Application Thread] WARN  FXGLAssetLoaderServi - Asset "/assets/textures/_Run.png" was not found!
18:29:23.981 [JavaFX Application Thread] WARN  FXGLAssetLoaderServi - Failed to load IMAGE
18:29:23.982 [JavaFX Application Thread] WARN  FXGLAssetLoaderServi - Asset "/assets/textures/_Run.png" was not found!
18:29:23.982 [JavaFX Application Thread] WARN  FXGLAssetLoaderServi - Failed to load IMAGE
18:29:24.972 [JavaFX Application Thread] WARN  FXGLAssetLoaderServi - Asset "/assets/textures/_Run.png" was not found!
18:29:24.972 [JavaFX Application Thread] WARN  FXGLAssetLoaderServi - Failed to load IMAGE
18:29:24.973 [JavaFX Application Thread] WARN  FXGLAssetLoaderServi - Asset "/assets/textures/_Run.png" was not found!
18:29:24.973 [JavaFX Application Thread] WARN  FXGLAssetLoaderServi - Failed to load IMAGE
18:29:25.981 [JavaFX Application Thread] WARN  FXGLAssetLoaderServi - Asset "/assets/textures/_Run.png" was not found!
18:29:25.981 [JavaFX Application Thread] WARN  FXGLAssetLoaderServi - Failed to load IMAGE
18:29:25.982 [JavaFX Application Thread] WARN  FXGLAssetLoaderServi - Asset "/assets/textures/_Run.png" was not found!
18:29:25.982 [JavaFX Application Thread] WARN  FXGLAssetLoaderServi - Failed to load IMAGE
18:29:26.971 [JavaFX Application Thread] WARN  FXGLAssetLoaderServi - Asset "/assets/textures/_Run.png" was not found!
18:29:26.972 [JavaFX Application Thread] WARN  FXGLAssetLoaderServi - Failed to load IMAGE
18:29:26.973 [JavaFX Application Thread] WARN  FXGLAssetLoaderServi - Asset "/assets/textures/_Run.png" was not found!
18:29:26.973 [JavaFX Application Thread] WARN  FXGLAssetLoaderServi - Failed to load IMAGE
18:29:27.980 [JavaFX Application Thread] WARN  FXGLAssetLoaderServi - Asset "/assets/textures/_Run.png" was not found!
18:29:27.981 [JavaFX Application Thread] WARN  FXGLAssetLoaderServi - Failed to load IMAGE
18:29:27.982 [JavaFX Application Thread] WARN  FXGLAssetLoaderServi - Asset "/assets/textures/_Run.png" was not found!
18:29:27.983 [JavaFX Application Thread] WARN  FXGLAssetLoaderServi - Failed to load IMAGE
18:29:28.971 [JavaFX Application Thread] WARN  FXGLAssetLoaderServi - Asset "/assets/textures/_Run.png" was not found!
18:29:28.972 [JavaFX Application Thread] WARN  FXGLAssetLoaderServi - Failed to load IMAGE
18:29:28.973 [JavaFX Application Thread] WARN  FXGLAssetLoaderServi - Asset "/assets/textures/_Run.png" was not found!
18:29:28.973 [JavaFX Application Thread] WARN  FXGLAssetLoaderServi - Failed to load IMAGE
18:29:29.980 [JavaFX Application Thread] WARN  FXGLAssetLoaderServi - Asset "/assets/textures/_Run.png" was not found!
18:29:29.980 [JavaFX Application Thread] WARN  FXGLAssetLoaderServi - Failed to load IMAGE
18:29:29.982 [JavaFX Application Thread] WARN  FXGLAssetLoaderServi - Asset "/assets/textures/_Run.png" was not found!
18:29:29.982 [JavaFX Application Thread] WARN  FXGLAssetLoaderServi - Failed to load IMAGE
18:29:30.971 [JavaFX Application Thread] WARN  FXGLAssetLoaderServi - Asset "/assets/textures/_Run.png" was not found!
18:29:30.972 [JavaFX Application Thread] WARN  FXGLAssetLoaderServi - Failed to load IMAGE
18:29:30.972 [JavaFX Application Thread] WARN  FXGLAssetLoaderServi - Asset "/assets/textures/_Run.png" was not found!
18:29:30.973 [JavaFX Application Thread] WARN  FXGLAssetLoaderServi - Failed to load IMAGE
18:29:31.963 [JavaFX Application Thread] WARN  FXGLAssetLoaderServi - Asset "/assets/textures/_Run.png" was not found!
18:29:31.963 [JavaFX Application Thread] WARN  FXGLAssetLoaderServi - Failed to load IMAGE
18:29:31.964 [JavaFX Application Thread] WARN  FXGLAssetLoaderServi - Asset "/assets/textures/_Run.png" was not found!
18:29:31.965 [JavaFX Application Thread] WARN  FXGLAssetLoaderServi - Failed to load IMAGE
18:29:32.971 [JavaFX Application Thread] WARN  FXGLAssetLoaderServi - Asset "/assets/textures/_Run.png" was not found!
18:29:32.972 [JavaFX Application Thread] WARN  FXGLAssetLoaderServi - Failed to load IMAGE
18:29:32.972 [JavaFX Application Thread] WARN  FXGLAssetLoaderServi - Asset "/assets/textures/_Run.png" was not found!
18:29:32.972 [JavaFX Application Thread] WARN  FXGLAssetLoaderServi - Failed to load IMAGE
18:29:33.963 [JavaFX Application Thread] WARN  FXGLAssetLoaderServi - Asset "/assets/textures/_Run.png" was not found!
18:29:33.963 [JavaFX Application Thread] WARN  FXGLAssetLoaderServi - Failed to load IMAGE
18:29:33.964 [JavaFX Application Thread] WARN  FXGLAssetLoaderServi - Asset "/assets/textures/_Run.png" was not found!
18:29:33.965 [JavaFX Application Thread] WARN  FXGLAssetLoaderServi - Failed to load IMAGE
18:29:34.971 [JavaFX Application Thread] WARN  FXGLAssetLoaderServi - Asset "/assets/textures/_Run.png" was not found!
18:29:34.971 [JavaFX Application Thread] WARN  FXGLAssetLoaderServi - Failed to load IMAGE
18:29:34.972 [JavaFX Application Thread] WARN  FXGLAssetLoaderServi - Asset "/assets/textures/_Run.png" was not found!
18:29:34.972 [JavaFX Application Thread] WARN  FXGLAssetLoaderServi - Failed to load IMAGE
18:29:35.517 [JavaFX Application Thread] DEBUG LoopRunner           - Pausing loop
18:29:35.522 [JavaFX Application Thread] DEBUG PrimaryStageWindow   - Push state: DialogSubScene
18:29:35.522 [JavaFX Application Thread] DEBUG Input                - Clearing active input actions
18:29:35.532 [JavaFX Application Thread] DEBUG GameApplicationServi - Removing overlay from GameScene and adding to DialogSubScene
18:29:35.532 [JavaFX Application Thread] DEBUG PrimaryStageWindow   - GameScene -> DialogSubScene
18:29:37.505 [JavaFX Application Thread] DEBUG FXGLApplication      - Exiting FXGL
18:29:37.505 [JavaFX Application Thread] DEBUG LoopRunner           - Stopping loop
18:29:37.505 [JavaFX Application Thread] DEBUG SystemBundleService  - Saving FXGL system data
18:29:37.509 [JavaFX Application Thread] DEBUG FileSystemAccess     - Writing to: E:\Downloads\Newbegining-main\Newbegining-main\system\fxgl.bundle
18:29:37.513 [JavaFX Application Thread] DEBUG Async                - Shutting down background threads
18:29:37.513 [JavaFX Application Thread] DEBUG PrimaryStageWindow   - Closing main window
18:29:37.541 [JavaFX Application Thread] DEBUG Logger               - Closing Logger
