20:52:17.740 [main                     ] DEBUG Logger               - Configured Logger
20:52:17.765 [main                     ] DEBUG GameApplication      - Logging settings
Title: Ghost Hunter
Version: 1.0
Width: 1280
Height: 800
Fullscreen: true
Intro: false
Profiling: false
Single step:false
App Mode: DEVELOPER
Menu Key: ESCAPE
Stage Style: DECORATED
Scene Factory: class com.almasb.fxgl.app.scene.SceneFactory

20:52:18.466 [JavaFX Application Thread] DEBUG FXGLApplication      - Initializing FXGL
20:52:18.471 [JavaFX Application Thread] INFO  Engine               - FXGL-21.1 (27.03.2024 07.52) on WINDOWS (J:21.0.9 FX:21.0.1)
20:52:18.471 [JavaFX Application Thread] DEBUG Engine               - JRE Vendor Name: Oracle Corporation
20:52:18.472 [JavaFX Application Thread] DEBUG Engine               - Running on OS: Windows 11 version 10.0
20:52:18.472 [JavaFX Application Thread] DEBUG Engine               - Architecture: amd64
20:52:18.472 [JavaFX Application Thread] INFO  Engine               - Source code and latest versions at: https://github.com/AlmasB/FXGL
20:52:18.472 [JavaFX Application Thread] INFO  Engine               -       Ask questions and discuss at: https://github.com/AlmasB/FXGL/discussions
20:52:18.472 [JavaFX Application Thread] INFO  Engine               -              Join the FXGL chat at: https://gitter.im/AlmasB/FXGL
20:52:18.676 [JavaFX Application Thread] DEBUG PrimaryStageWindow   - Creating a JavaFX scene
20:52:18.770 [JavaFX Application Thread] DEBUG PrimaryStageWindow   - Target settings size: 1280.0 x 800.0
20:52:18.771 [JavaFX Application Thread] DEBUG PrimaryStageWindow   - Scaled scene size:    1280.0 x 800.0
20:52:18.771 [JavaFX Application Thread] DEBUG PrimaryStageWindow   - Scaled ratio: (1.0, 1.0)
20:52:18.773 [JavaFX Application Thread] DEBUG PrimaryStageWindow   - Set initial scene to FXGLStartupScene
20:52:18.778 [JavaFX Application Thread] DEBUG PrimaryStageWindow   - Opening main window
20:52:18.922 [JavaFX Application Thread] DEBUG PrimaryStageWindow   - Window border size: (14.4000244140625, 37.5999755859375)
20:52:18.923 [JavaFX Application Thread] DEBUG PrimaryStageWindow   - Scaled size: 1280.0 x 800.0
20:52:18.923 [JavaFX Application Thread] DEBUG PrimaryStageWindow   - Scaled ratio: (1.0, 1.0)
20:52:18.923 [JavaFX Application Thread] DEBUG PrimaryStageWindow   - Scene size: 1280.0 x 800.0
20:52:18.923 [JavaFX Application Thread] DEBUG PrimaryStageWindow   - Stage size: 1294.4000244140625 x 837.5999755859375
20:52:18.935 [FXGL Background Thread 1 ] DEBUG Engine               - Initializing environment variables
20:52:19.023 [FXGL Background Thread 1 ] DEBUG FXGLAssetLoaderServi - User app class for loading assets: class org.saikat.Game
20:52:19.024 [FXGL Background Thread 1 ] DEBUG GameApplicationServi - Applying CSS: fxgl_dark.css
20:52:19.025 [FXGL Background Thread 1 ] DEBUG FXGLAssetLoaderServi - Loading from file system: jar:file:/C:/Users/HP/.m2/repository/com/github/almasb/fxgl/21.1/fxgl-21.1.jar!/fxglassets/ui/css/fxgl_dark.css
20:52:19.069 [FXGL Background Thread 1 ] DEBUG GameApplicationServi - Initializing application scenes
20:52:19.135 [FXGL Background Thread 1 ] DEBUG GameWorld            - Game world initialized
20:52:19.224 [FXGL Background Thread 1 ] DEBUG PhysicsWorld         - Physics world initialized: appHeight=800, physics.ppm=50.0
20:52:19.224 [FXGL Background Thread 1 ] DEBUG PhysicsWorld         - Using strategy: BRUTE_FORCE
20:52:19.230 [FXGL Background Thread 1 ] DEBUG GameScene            - Game scene initialized: 1280x800
20:52:19.247 [FXGL Background Thread 1 ] DEBUG FXGL.DefaultMenu     - createMenuBodyGameMenu()
20:52:19.265 [FXGL Background Thread 1 ] DEBUG FXGL.DefaultMenu     - createOptionsMenu()
20:52:19.277 [FXGL Background Thread 1 ] DEBUG FXGLAssetLoaderServi - Loading from file system: jar:file:/C:/Users/HP/.m2/repository/com/github/almasb/fxgl/21.1/fxgl-21.1.jar!/fxglassets/textures/particles/smoke.png
20:52:19.413 [FXGL Background Thread 1 ] DEBUG FXGLAssetLoaderServi - Loading from file system: jar:file:/C:/Users/HP/.m2/repository/com/github/almasb/fxgl/21.1/fxgl-21.1.jar!/fxglassets/textures/particles/trace_horizontal.png
20:52:19.443 [FXGL Background Thread 1 ] DEBUG GameApplicationServi - Application scenes initialized
20:52:19.455 [FXGL Background Thread 1 ] DEBUG SystemBundleService  - Loading FXGL system data
20:52:19.462 [FXGL Background Thread 1 ] DEBUG FileSystemAccess     - Reading from: E:\All About Dev\OOP\FXGL new Begining\final version\Tower Defender\Tower-Defender\system\fxgl.bundle
20:52:19.477 [FXGL Background Thread 1 ] DEBUG SystemBundleService  - Bundle FXGL: {}
20:52:19.478 [FXGL Background Thread 1 ] DEBUG UpdaterService       - Checking for updates
20:52:19.483 [FXGL Background Thread 4 ] DEBUG FXGLApplication      - Loading fonts
20:52:19.484 [FXGL Background Thread 4 ] DEBUG FXGLAssetLoaderServi - Loading from file system: jar:file:/C:/Users/HP/.m2/repository/com/github/almasb/fxgl/21.1/fxgl-21.1.jar!/fxglassets/ui/fonts/VarelaRound-Regular.ttf
20:52:19.484 [FXGL Background Thread 1 ] DEBUG FXGLApplication      - Loading default localization
20:52:19.484 [FXGL Background Thread 1 ] DEBUG FXGLAssetLoaderServi - Loading from file system: jar:file:/C:/Users/HP/.m2/repository/com/github/almasb/fxgl/21.1/fxgl-21.1.jar!/fxglassets/languages/english.lang
20:52:19.517 [FXGL Background Thread 1 ] INFO  FXGLApplication      - FXGL initialization took: 0.581 sec
20:52:19.523 [JavaFX Application Thread] DEBUG Input                - Registered new binding: add tower - LMB
20:52:19.523 [JavaFX Application Thread] DEBUG Input                - Registered new binding: remove tower - RMB
20:52:19.524 [JavaFX Application Thread] DEBUG FXGLAssetLoaderServi - Loading from file system: jar:file:/C:/Users/HP/.m2/repository/com/github/almasb/fxgl/21.1/fxgl-21.1.jar!/fxglassets/textures/fxgl_icon.png
20:52:19.549 [JavaFX Application Thread] DEBUG FXGLAssetLoaderServi - Loading from file system: jar:file:/C:/Users/HP/.m2/repository/com/github/almasb/fxgl/21.1/fxgl-21.1.jar!/fxglassets/textures/fxgl_default_cursor.png
20:52:19.559 [JavaFX Application Thread] DEBUG Input                - Registered new binding: Screenshot - CTRL+8
20:52:19.561 [JavaFX Application Thread] DEBUG Input                - Registered new binding: System info dump - CTRL+9
20:52:19.561 [JavaFX Application Thread] DEBUG Input                - Registered new binding: Restart - CTRL+R
20:52:19.563 [JavaFX Application Thread] DEBUG Input                - Registered new binding: Toggle Debug Camera - CTRL+7
20:52:19.568 [JavaFX Application Thread] DEBUG LoopRunner           - Starting loop
20:52:19.568 [JavaFX Application Thread] DEBUG LoopRunner           - Initializing JavaFX AnimationTimerLoop
20:52:19.571 [JavaFX Application Thread] DEBUG GameApplicationServi - Starting new game
20:52:19.571 [JavaFX Application Thread] DEBUG Input                - Clearing active input actions
20:52:19.587 [JavaFX Application Thread] DEBUG GameApplicationServi - Removing overlay from FXGLStartupScene and adding to FXGLLoadingScene
20:52:19.587 [JavaFX Application Thread] DEBUG PrimaryStageWindow   - FXGLStartupScene -> FXGLLoadingScene
20:52:19.587 [JavaFX Application Thread] DEBUG GameApplicationServi - Clearing previous game
20:52:19.587 [JavaFX Application Thread] DEBUG GameScene            - Clearing game scene
20:52:19.587 [JavaFX Application Thread] DEBUG GameWorld            - Clearing game world
20:52:19.588 [JavaFX Application Thread] DEBUG PhysicsWorld         - Clearing physics world
20:52:19.590 [FXGL Background Thread 1 ] DEBUG FXGLApplication      - Initializing game
20:52:19.655 [FXGL Background Thread 4 ] DEBUG FXGLAssetLoaderServi - Loading from file system: jar:file:/C:/Users/HP/.m2/repository/com/github/almasb/fxgl/21.1/fxgl-21.1.jar!/fxglassets/ui/fonts/Abel-Regular.ttf
20:52:19.663 [FXGL Background Thread 4 ] DEBUG FXGLAssetLoaderServi - Loading from file system: jar:file:/C:/Users/HP/.m2/repository/com/github/almasb/fxgl/21.1/fxgl-21.1.jar!/fxglassets/ui/fonts/TerminalLandMono-Regular.otf
20:52:19.671 [FXGL Background Thread 4 ] DEBUG FXGLAssetLoaderServi - Loading from file system: jar:file:/C:/Users/HP/.m2/repository/com/github/almasb/fxgl/21.1/fxgl-21.1.jar!/fxglassets/ui/fonts/Courier-Prime.ttf
20:52:19.716 [FXGL Background Thread 1 ] WARN  TMXLevelLoader       - TiledMap generated from 1.12.2. Supported version: 1.9.0. Some features may not be parsed fully.
20:52:19.754 [FXGL Background Thread 1 ] DEBUG TMXLevelLoader       - Parsed TiledMap: file:/E:/All%20About%20Dev/OOP/FXGL%20new%20Begining/final%20version/Tower%20Defender/Tower-Defender/target/classes/assets/levels/wall.tmx
20:52:19.758 [FXGL Background Thread 1 ] DEBUG TMXLevelLoader       - Creating tile layer entities
20:52:19.763 [FXGL Background Thread 1 ] DEBUG TilesetLoader        - Loading view for layer background
20:52:19.765 [FXGL Background Thread 1 ] DEBUG TilesetLoader        - Created buffer with size 1280.0x800.0
20:52:19.795 [FXGL Background Thread 1 ] DEBUG TilesetLoader        - Loading view for layer tower spot layer
20:52:19.797 [FXGL Background Thread 1 ] DEBUG TilesetLoader        - Created buffer with size 1280.0x800.0
20:52:19.805 [FXGL Background Thread 1 ] DEBUG TilesetLoader        - Loading view for layer Road
20:52:19.808 [FXGL Background Thread 1 ] DEBUG TilesetLoader        - Created buffer with size 1280.0x800.0
20:52:19.813 [FXGL Background Thread 1 ] DEBUG TilesetLoader        - Loading view for layer road2
20:52:19.816 [FXGL Background Thread 1 ] DEBUG TilesetLoader        - Created buffer with size 1280.0x800.0
20:52:19.817 [JavaFX Application Thread] DEBUG FXGLApplication      - Registering font factories with UI factory
20:52:19.819 [FXGL Background Thread 1 ] WARN  TilesetLoader        - Diagonally flipped tiles are not currently supported
20:52:19.821 [FXGL Background Thread 1 ] WARN  TilesetLoader        - Diagonally flipped tiles are not currently supported
20:52:19.822 [FXGL Background Thread 1 ] WARN  TilesetLoader        - Diagonally flipped tiles are not currently supported
20:52:19.823 [FXGL Background Thread 1 ] WARN  TilesetLoader        - Diagonally flipped tiles are not currently supported
20:52:19.823 [FXGL Background Thread 1 ] WARN  TilesetLoader        - Diagonally flipped tiles are not currently supported
20:52:19.824 [FXGL Background Thread 1 ] WARN  TilesetLoader        - Diagonally flipped tiles are not currently supported
20:52:19.825 [FXGL Background Thread 1 ] WARN  TilesetLoader        - Diagonally flipped tiles are not currently supported
20:52:19.825 [FXGL Background Thread 1 ] WARN  TilesetLoader        - Diagonally flipped tiles are not currently supported
20:52:19.826 [FXGL Background Thread 1 ] WARN  TilesetLoader        - Diagonally flipped tiles are not currently supported
20:52:19.827 [FXGL Background Thread 1 ] WARN  TilesetLoader        - Diagonally flipped tiles are not currently supported
20:52:19.828 [FXGL Background Thread 1 ] WARN  TilesetLoader        - Diagonally flipped tiles are not currently supported
20:52:19.829 [FXGL Background Thread 1 ] WARN  TilesetLoader        - Diagonally flipped tiles are not currently supported
20:52:19.830 [FXGL Background Thread 1 ] WARN  TilesetLoader        - Diagonally flipped tiles are not currently supported
20:52:19.831 [FXGL Background Thread 1 ] WARN  TilesetLoader        - Diagonally flipped tiles are not currently supported
20:52:19.832 [FXGL Background Thread 1 ] WARN  TilesetLoader        - Diagonally flipped tiles are not currently supported
20:52:19.833 [FXGL Background Thread 1 ] WARN  TilesetLoader        - Diagonally flipped tiles are not currently supported
20:52:19.834 [FXGL Background Thread 1 ] WARN  TilesetLoader        - Diagonally flipped tiles are not currently supported
20:52:19.835 [FXGL Background Thread 1 ] WARN  TilesetLoader        - Diagonally flipped tiles are not currently supported
20:52:19.837 [FXGL Background Thread 1 ] WARN  TilesetLoader        - Diagonally flipped tiles are not currently supported
20:52:19.838 [FXGL Background Thread 1 ] WARN  TilesetLoader        - Diagonally flipped tiles are not currently supported
20:52:19.839 [FXGL Background Thread 1 ] WARN  TilesetLoader        - Diagonally flipped tiles are not currently supported
20:52:19.840 [FXGL Background Thread 1 ] WARN  TilesetLoader        - Diagonally flipped tiles are not currently supported
20:52:19.841 [FXGL Background Thread 1 ] WARN  TilesetLoader        - Diagonally flipped tiles are not currently supported
20:52:19.842 [FXGL Background Thread 1 ] WARN  TilesetLoader        - Diagonally flipped tiles are not currently supported
20:52:19.842 [FXGL Background Thread 1 ] WARN  TilesetLoader        - Diagonally flipped tiles are not currently supported
20:52:19.843 [FXGL Background Thread 1 ] WARN  TilesetLoader        - Diagonally flipped tiles are not currently supported
20:52:19.843 [FXGL Background Thread 1 ] WARN  TilesetLoader        - Diagonally flipped tiles are not currently supported
20:52:19.844 [FXGL Background Thread 1 ] WARN  TilesetLoader        - Diagonally flipped tiles are not currently supported
20:52:19.845 [FXGL Background Thread 1 ] WARN  TilesetLoader        - Diagonally flipped tiles are not currently supported
20:52:19.845 [FXGL Background Thread 1 ] WARN  TilesetLoader        - Diagonally flipped tiles are not currently supported
20:52:19.845 [FXGL Background Thread 1 ] WARN  TilesetLoader        - Diagonally flipped tiles are not currently supported
20:52:19.846 [FXGL Background Thread 1 ] WARN  TilesetLoader        - Diagonally flipped tiles are not currently supported
20:52:19.846 [FXGL Background Thread 1 ] WARN  TilesetLoader        - Diagonally flipped tiles are not currently supported
20:52:19.847 [FXGL Background Thread 1 ] WARN  TilesetLoader        - Diagonally flipped tiles are not currently supported
20:52:19.847 [FXGL Background Thread 1 ] WARN  TilesetLoader        - Diagonally flipped tiles are not currently supported
20:52:19.847 [FXGL Background Thread 1 ] WARN  TilesetLoader        - Diagonally flipped tiles are not currently supported
20:52:19.848 [FXGL Background Thread 1 ] WARN  TilesetLoader        - Diagonally flipped tiles are not currently supported
20:52:19.855 [FXGL Background Thread 1 ] WARN  TilesetLoader        - Diagonally flipped tiles are not currently supported
20:52:19.856 [FXGL Background Thread 1 ] WARN  TilesetLoader        - Diagonally flipped tiles are not currently supported
20:52:19.856 [FXGL Background Thread 1 ] WARN  TilesetLoader        - Diagonally flipped tiles are not currently supported
20:52:19.857 [FXGL Background Thread 1 ] WARN  TilesetLoader        - Diagonally flipped tiles are not currently supported
20:52:19.857 [FXGL Background Thread 1 ] WARN  TilesetLoader        - Diagonally flipped tiles are not currently supported
20:52:19.858 [FXGL Background Thread 1 ] WARN  TilesetLoader        - Diagonally flipped tiles are not currently supported
20:52:19.858 [FXGL Background Thread 1 ] WARN  TilesetLoader        - Diagonally flipped tiles are not currently supported
20:52:19.859 [FXGL Background Thread 1 ] WARN  TilesetLoader        - Diagonally flipped tiles are not currently supported
20:52:19.860 [FXGL Background Thread 1 ] WARN  TilesetLoader        - Diagonally flipped tiles are not currently supported
20:52:19.860 [FXGL Background Thread 1 ] WARN  TilesetLoader        - Diagonally flipped tiles are not currently supported
20:52:19.861 [FXGL Background Thread 1 ] WARN  TilesetLoader        - Diagonally flipped tiles are not currently supported
20:52:19.861 [FXGL Background Thread 1 ] WARN  TilesetLoader        - Diagonally flipped tiles are not currently supported
20:52:19.862 [FXGL Background Thread 1 ] WARN  TilesetLoader        - Diagonally flipped tiles are not currently supported
20:52:19.862 [FXGL Background Thread 1 ] WARN  TilesetLoader        - Diagonally flipped tiles are not currently supported
20:52:19.863 [FXGL Background Thread 1 ] WARN  TilesetLoader        - Diagonally flipped tiles are not currently supported
20:52:19.863 [FXGL Background Thread 1 ] WARN  TilesetLoader        - Diagonally flipped tiles are not currently supported
20:52:19.863 [FXGL Background Thread 1 ] WARN  TilesetLoader        - Diagonally flipped tiles are not currently supported
20:52:19.864 [FXGL Background Thread 1 ] WARN  TilesetLoader        - Diagonally flipped tiles are not currently supported
20:52:19.864 [FXGL Background Thread 1 ] WARN  TilesetLoader        - Diagonally flipped tiles are not currently supported
20:52:19.865 [FXGL Background Thread 1 ] WARN  TilesetLoader        - Diagonally flipped tiles are not currently supported
20:52:19.865 [FXGL Background Thread 1 ] WARN  TilesetLoader        - Diagonally flipped tiles are not currently supported
20:52:19.866 [FXGL Background Thread 1 ] WARN  TilesetLoader        - Diagonally flipped tiles are not currently supported
20:52:19.866 [FXGL Background Thread 1 ] WARN  TilesetLoader        - Diagonally flipped tiles are not currently supported
20:52:19.867 [FXGL Background Thread 1 ] WARN  TilesetLoader        - Diagonally flipped tiles are not currently supported
20:52:19.867 [FXGL Background Thread 1 ] WARN  TilesetLoader        - Diagonally flipped tiles are not currently supported
20:52:19.868 [FXGL Background Thread 1 ] WARN  TilesetLoader        - Diagonally flipped tiles are not currently supported
20:52:19.868 [FXGL Background Thread 1 ] WARN  TilesetLoader        - Diagonally flipped tiles are not currently supported
20:52:19.869 [FXGL Background Thread 1 ] WARN  TilesetLoader        - Diagonally flipped tiles are not currently supported
20:52:19.869 [FXGL Background Thread 1 ] WARN  TilesetLoader        - Diagonally flipped tiles are not currently supported
20:52:19.870 [FXGL Background Thread 1 ] WARN  TilesetLoader        - Diagonally flipped tiles are not currently supported
20:52:19.870 [FXGL Background Thread 1 ] WARN  TilesetLoader        - Diagonally flipped tiles are not currently supported
20:52:19.871 [FXGL Background Thread 1 ] WARN  TilesetLoader        - Diagonally flipped tiles are not currently supported
20:52:19.871 [FXGL Background Thread 1 ] WARN  TilesetLoader        - Diagonally flipped tiles are not currently supported
20:52:19.872 [FXGL Background Thread 1 ] WARN  TilesetLoader        - Diagonally flipped tiles are not currently supported
20:52:19.872 [FXGL Background Thread 1 ] WARN  TilesetLoader        - Diagonally flipped tiles are not currently supported
20:52:19.873 [FXGL Background Thread 1 ] WARN  TilesetLoader        - Diagonally flipped tiles are not currently supported
20:52:19.873 [FXGL Background Thread 1 ] WARN  TilesetLoader        - Diagonally flipped tiles are not currently supported
20:52:19.874 [FXGL Background Thread 1 ] WARN  TilesetLoader        - Diagonally flipped tiles are not currently supported
20:52:19.875 [FXGL Background Thread 1 ] WARN  TilesetLoader        - Diagonally flipped tiles are not currently supported
20:52:19.876 [FXGL Background Thread 1 ] WARN  TilesetLoader        - Diagonally flipped tiles are not currently supported
20:52:19.876 [FXGL Background Thread 1 ] WARN  TilesetLoader        - Diagonally flipped tiles are not currently supported
20:52:19.877 [FXGL Background Thread 1 ] WARN  TilesetLoader        - Diagonally flipped tiles are not currently supported
20:52:19.878 [FXGL Background Thread 1 ] WARN  TilesetLoader        - Diagonally flipped tiles are not currently supported
20:52:19.878 [FXGL Background Thread 1 ] WARN  TilesetLoader        - Diagonally flipped tiles are not currently supported
20:52:19.879 [FXGL Background Thread 1 ] WARN  TilesetLoader        - Diagonally flipped tiles are not currently supported
20:52:19.879 [FXGL Background Thread 1 ] WARN  TilesetLoader        - Diagonally flipped tiles are not currently supported
20:52:19.880 [FXGL Background Thread 1 ] WARN  TilesetLoader        - Diagonally flipped tiles are not currently supported
20:52:19.881 [FXGL Background Thread 1 ] WARN  TilesetLoader        - Diagonally flipped tiles are not currently supported
20:52:19.882 [FXGL Background Thread 1 ] WARN  TilesetLoader        - Diagonally flipped tiles are not currently supported
20:52:19.883 [FXGL Background Thread 1 ] WARN  TilesetLoader        - Diagonally flipped tiles are not currently supported
20:52:19.883 [FXGL Background Thread 1 ] WARN  TilesetLoader        - Diagonally flipped tiles are not currently supported
20:52:19.884 [FXGL Background Thread 1 ] WARN  TilesetLoader        - Diagonally flipped tiles are not currently supported
20:52:19.885 [FXGL Background Thread 1 ] WARN  TilesetLoader        - Diagonally flipped tiles are not currently supported
20:52:19.885 [FXGL Background Thread 1 ] WARN  TilesetLoader        - Diagonally flipped tiles are not currently supported
20:52:19.886 [FXGL Background Thread 1 ] WARN  TilesetLoader        - Diagonally flipped tiles are not currently supported
20:52:19.886 [FXGL Background Thread 1 ] WARN  TilesetLoader        - Diagonally flipped tiles are not currently supported
20:52:19.886 [FXGL Background Thread 1 ] WARN  TilesetLoader        - Diagonally flipped tiles are not currently supported
20:52:19.887 [FXGL Background Thread 1 ] WARN  TilesetLoader        - Diagonally flipped tiles are not currently supported
20:52:19.887 [FXGL Background Thread 1 ] WARN  TilesetLoader        - Diagonally flipped tiles are not currently supported
20:52:19.887 [FXGL Background Thread 1 ] WARN  TilesetLoader        - Diagonally flipped tiles are not currently supported
20:52:19.887 [FXGL Background Thread 1 ] WARN  TilesetLoader        - Diagonally flipped tiles are not currently supported
20:52:19.888 [FXGL Background Thread 1 ] WARN  TilesetLoader        - Diagonally flipped tiles are not currently supported
20:52:19.888 [FXGL Background Thread 1 ] WARN  TilesetLoader        - Diagonally flipped tiles are not currently supported
20:52:19.889 [FXGL Background Thread 1 ] WARN  TilesetLoader        - Diagonally flipped tiles are not currently supported
20:52:19.889 [FXGL Background Thread 1 ] WARN  TilesetLoader        - Diagonally flipped tiles are not currently supported
20:52:19.889 [FXGL Background Thread 1 ] WARN  TilesetLoader        - Diagonally flipped tiles are not currently supported
20:52:19.890 [FXGL Background Thread 1 ] WARN  TilesetLoader        - Diagonally flipped tiles are not currently supported
20:52:19.890 [FXGL Background Thread 1 ] WARN  TilesetLoader        - Diagonally flipped tiles are not currently supported
20:52:19.891 [FXGL Background Thread 1 ] WARN  TilesetLoader        - Diagonally flipped tiles are not currently supported
20:52:19.891 [FXGL Background Thread 1 ] WARN  TilesetLoader        - Diagonally flipped tiles are not currently supported
20:52:19.892 [FXGL Background Thread 1 ] WARN  TilesetLoader        - Diagonally flipped tiles are not currently supported
20:52:19.895 [FXGL Background Thread 1 ] WARN  TilesetLoader        - Diagonally flipped tiles are not currently supported
20:52:19.895 [FXGL Background Thread 1 ] WARN  TilesetLoader        - Diagonally flipped tiles are not currently supported
20:52:19.896 [FXGL Background Thread 1 ] WARN  TilesetLoader        - Diagonally flipped tiles are not currently supported
20:52:19.896 [FXGL Background Thread 1 ] WARN  TilesetLoader        - Diagonally flipped tiles are not currently supported
20:52:19.897 [FXGL Background Thread 1 ] WARN  TilesetLoader        - Diagonally flipped tiles are not currently supported
20:52:19.897 [FXGL Background Thread 1 ] WARN  TilesetLoader        - Diagonally flipped tiles are not currently supported
20:52:19.898 [FXGL Background Thread 1 ] WARN  TilesetLoader        - Diagonally flipped tiles are not currently supported
20:52:19.898 [FXGL Background Thread 1 ] WARN  TilesetLoader        - Diagonally flipped tiles are not currently supported
20:52:19.899 [FXGL Background Thread 1 ] WARN  TilesetLoader        - Diagonally flipped tiles are not currently supported
20:52:19.899 [FXGL Background Thread 1 ] WARN  TilesetLoader        - Diagonally flipped tiles are not currently supported
20:52:19.899 [FXGL Background Thread 1 ] WARN  TilesetLoader        - Diagonally flipped tiles are not currently supported
20:52:19.900 [FXGL Background Thread 1 ] WARN  TilesetLoader        - Diagonally flipped tiles are not currently supported
20:52:19.900 [FXGL Background Thread 1 ] WARN  TilesetLoader        - Diagonally flipped tiles are not currently supported
20:52:19.901 [FXGL Background Thread 1 ] WARN  TilesetLoader        - Diagonally flipped tiles are not currently supported
20:52:19.901 [FXGL Background Thread 1 ] WARN  TilesetLoader        - Diagonally flipped tiles are not currently supported
20:52:19.901 [FXGL Background Thread 1 ] WARN  TilesetLoader        - Diagonally flipped tiles are not currently supported
20:52:19.902 [FXGL Background Thread 1 ] WARN  TilesetLoader        - Diagonally flipped tiles are not currently supported
20:52:19.902 [FXGL Background Thread 1 ] WARN  TilesetLoader        - Diagonally flipped tiles are not currently supported
20:52:19.902 [FXGL Background Thread 1 ] WARN  TilesetLoader        - Diagonally flipped tiles are not currently supported
20:52:19.903 [FXGL Background Thread 1 ] WARN  TilesetLoader        - Diagonally flipped tiles are not currently supported
20:52:19.903 [FXGL Background Thread 1 ] WARN  TilesetLoader        - Diagonally flipped tiles are not currently supported
20:52:19.903 [FXGL Background Thread 1 ] WARN  TilesetLoader        - Diagonally flipped tiles are not currently supported
20:52:19.904 [FXGL Background Thread 1 ] WARN  TilesetLoader        - Diagonally flipped tiles are not currently supported
20:52:19.904 [FXGL Background Thread 1 ] WARN  TilesetLoader        - Diagonally flipped tiles are not currently supported
20:52:19.904 [FXGL Background Thread 1 ] WARN  TilesetLoader        - Diagonally flipped tiles are not currently supported
20:52:19.905 [FXGL Background Thread 1 ] WARN  TilesetLoader        - Diagonally flipped tiles are not currently supported
20:52:19.905 [FXGL Background Thread 1 ] WARN  TilesetLoader        - Diagonally flipped tiles are not currently supported
20:52:19.906 [FXGL Background Thread 1 ] WARN  TilesetLoader        - Diagonally flipped tiles are not currently supported
20:52:19.906 [FXGL Background Thread 1 ] WARN  TilesetLoader        - Diagonally flipped tiles are not currently supported
20:52:19.906 [FXGL Background Thread 1 ] WARN  TilesetLoader        - Diagonally flipped tiles are not currently supported
20:52:19.907 [FXGL Background Thread 1 ] WARN  TilesetLoader        - Diagonally flipped tiles are not currently supported
20:52:19.907 [FXGL Background Thread 1 ] WARN  TilesetLoader        - Diagonally flipped tiles are not currently supported
20:52:19.907 [FXGL Background Thread 1 ] WARN  TilesetLoader        - Diagonally flipped tiles are not currently supported
20:52:19.907 [FXGL Background Thread 1 ] WARN  TilesetLoader        - Diagonally flipped tiles are not currently supported
20:52:19.908 [FXGL Background Thread 1 ] WARN  TilesetLoader        - Diagonally flipped tiles are not currently supported
20:52:19.908 [FXGL Background Thread 1 ] WARN  TilesetLoader        - Diagonally flipped tiles are not currently supported
20:52:19.909 [FXGL Background Thread 1 ] WARN  TilesetLoader        - Diagonally flipped tiles are not currently supported
20:52:19.909 [FXGL Background Thread 1 ] WARN  TilesetLoader        - Diagonally flipped tiles are not currently supported
20:52:19.910 [FXGL Background Thread 1 ] WARN  TilesetLoader        - Diagonally flipped tiles are not currently supported
20:52:19.910 [FXGL Background Thread 1 ] WARN  TilesetLoader        - Diagonally flipped tiles are not currently supported
20:52:19.910 [FXGL Background Thread 1 ] WARN  TilesetLoader        - Diagonally flipped tiles are not currently supported
20:52:19.912 [FXGL Background Thread 1 ] DEBUG TilesetLoader        - Loading view for layer road3
20:52:19.915 [FXGL Background Thread 1 ] DEBUG TilesetLoader        - Created buffer with size 1280.0x800.0
20:52:19.916 [FXGL Background Thread 1 ] DEBUG TilesetLoader        - Loading view for layer bg2
20:52:19.918 [FXGL Background Thread 1 ] DEBUG TilesetLoader        - Created buffer with size 1280.0x800.0
20:52:20.033 [FXGL Background Thread 1 ] DEBUG TilesetLoader        - Loading view for layer icons
20:52:20.035 [FXGL Background Thread 1 ] DEBUG TilesetLoader        - Created buffer with size 1280.0x800.0
20:52:20.045 [FXGL Background Thread 1 ] DEBUG TMXLevelLoader       - Creating object layer entities
20:52:20.077 [FXGL Background Thread 1 ] DEBUG GameWorld            - Clearing removable entities
20:52:20.078 [FXGL Background Thread 1 ] DEBUG GameWorld            - Setting level: com.almasb.fxgl.entity.level.Level@5f51565e
20:52:20.091 [FXGL Background Thread 1 ] INFO  FXGLApplication      - Game initialization took: 0.501 sec
20:52:20.092 [JavaFX Application Thread] DEBUG Input                - Clearing active input actions
20:52:20.101 [JavaFX Application Thread] DEBUG GameApplicationServi - Removing overlay from FXGLLoadingScene and adding to GameScene
20:52:20.101 [JavaFX Application Thread] DEBUG PrimaryStageWindow   - FXGLLoadingScene -> GameScene
20:52:20.120 [JavaFX Application Thread] DEBUG FXGLAssetLoaderServi - Loading from file system: file:/E:/All%20About%20Dev/OOP/FXGL%20new%20Begining/final%20version/Tower%20Defender/Tower-Defender/target/classes/assets/textures/wolf.png
20:52:20.139 [JavaFX Application Thread] DEBUG FXGLAssetLoaderServi - Loading from file system: file:/E:/All%20About%20Dev/OOP/FXGL%20new%20Begining/final%20version/Tower%20Defender/Tower-Defender/target/classes/assets/textures/bird.png
20:52:20.375 [FXGL Background Thread 2 ] INFO  UpdaterService       - Your current version:  21.1
20:52:20.375 [FXGL Background Thread 2 ] INFO  UpdaterService       - Latest stable version: 25
20:52:22.481 [FXGL Background Thread 3 ] DEBUG Engine               - Logging environment variables
20:52:22.482 [FXGL Background Thread 3 ] DEBUG Engine               - achievements: []
20:52:22.482 [FXGL Background Thread 3 ] DEBUG Engine               - actualHeight: 800.0
20:52:22.483 [FXGL Background Thread 3 ] DEBUG Engine               - actualHeightProperty: ReadOnlyDoubleProperty [value: 800.0]
20:52:22.483 [FXGL Background Thread 3 ] DEBUG Engine               - actualWidth: 1280.0
20:52:22.483 [FXGL Background Thread 3 ] DEBUG Engine               - actualWidthProperty: ReadOnlyDoubleProperty [value: 1280.0]
20:52:22.483 [FXGL Background Thread 3 ] DEBUG Engine               - appIcon: fxgl_icon.png
20:52:22.483 [FXGL Background Thread 3 ] DEBUG Engine               - applicationMode: DEVELOPER
20:52:22.483 [FXGL Background Thread 3 ] DEBUG Engine               - cSSList: [fxgl_dark.css]
20:52:22.483 [FXGL Background Thread 3 ] DEBUG Engine               - collisionDetectionStrategy: BRUTE_FORCE
20:52:22.483 [FXGL Background Thread 3 ] DEBUG Engine               - configClass: Optional.empty
20:52:22.483 [FXGL Background Thread 3 ] DEBUG Engine               - credits: []
20:52:22.484 [FXGL Background Thread 3 ] DEBUG Engine               - defaultCursor: CursorInfo(imageName=fxgl_default_cursor.png, hotspotX=7.0, hotspotY=6.0)
20:52:22.484 [FXGL Background Thread 3 ] DEBUG Engine               - devBBoxColorProperty: ObjectProperty [value: 0xff0000ff]
20:52:22.484 [FXGL Background Thread 3 ] DEBUG Engine               - devEnableDebugCameraProperty: BooleanProperty [value: false]
20:52:22.484 [FXGL Background Thread 3 ] DEBUG Engine               - devSensorColorProperty: ObjectProperty [value: 0xffff00ff]
20:52:22.484 [FXGL Background Thread 3 ] DEBUG Engine               - devShowBBoxProperty: BooleanProperty [value: false]
20:52:22.484 [FXGL Background Thread 3 ] DEBUG Engine               - devShowPositionProperty: BooleanProperty [value: false]
20:52:22.484 [FXGL Background Thread 3 ] DEBUG Engine               - enabledMenuItems: []
20:52:22.484 [FXGL Background Thread 3 ] DEBUG Engine               - engineServices: [class com.almasb.fxgl.app.services.FXGLAssetLoaderService, class com.almasb.fxgl.app.FXGLApplication$GameApplicationService, class com.almasb.fxgl.app.services.FXGLDialogService, class com.almasb.fxgl.app.services.IOTaskExecutorService, class com.almasb.fxgl.io.FileSystemService, class com.almasb.fxgl.localization.LocalizationService, class com.almasb.fxgl.app.services.SystemBundleService, class com.almasb.fxgl.profile.SaveLoadService, class com.almasb.fxgl.ui.FXGLUIFactoryServiceProvider, class com.almasb.fxgl.ui.FXGLDialogFactoryServiceProvider, class com.almasb.fxgl.audio.AudioPlayer, class com.almasb.fxgl.notification.impl.NotificationServiceProvider, class com.almasb.fxgl.achievement.AchievementService, class com.almasb.fxgl.cutscene.CutsceneService, class com.almasb.fxgl.minigames.MiniGameService, class com.almasb.fxgl.net.NetService, class com.almasb.fxgl.app.services.UpdaterService, class com.almasb.fxgl.dev.DevService]
20:52:22.484 [FXGL Background Thread 3 ] DEBUG Engine               - fontGame: Abel-Regular.ttf
20:52:22.484 [FXGL Background Thread 3 ] DEBUG Engine               - fontMono: TerminalLandMono-Regular.otf
20:52:22.484 [FXGL Background Thread 3 ] DEBUG Engine               - fontSizeScaleUI: 1.0
20:52:22.484 [FXGL Background Thread 3 ] DEBUG Engine               - fontText: Courier-Prime.ttf
20:52:22.484 [FXGL Background Thread 3 ] DEBUG Engine               - fontUI: VarelaRound-Regular.ttf
20:52:22.484 [FXGL Background Thread 3 ] DEBUG Engine               - fullScreen: BooleanProperty [value: false]
20:52:22.484 [FXGL Background Thread 3 ] DEBUG Engine               - gameDifficulty: MEDIUM
20:52:22.484 [FXGL Background Thread 3 ] DEBUG Engine               - gameDifficultyProperty: ObjectProperty [value: MEDIUM]
20:52:22.484 [FXGL Background Thread 3 ] DEBUG Engine               - globalMusicVolume: 0.5
20:52:22.484 [FXGL Background Thread 3 ] DEBUG Engine               - globalMusicVolumeProperty: DoubleProperty [value: 0.5]
20:52:22.484 [FXGL Background Thread 3 ] DEBUG Engine               - globalSoundVolume: 0.5
20:52:22.484 [FXGL Background Thread 3 ] DEBUG Engine               - globalSoundVolumeProperty: DoubleProperty [value: 0.5]
20:52:22.484 [FXGL Background Thread 3 ] DEBUG Engine               - height: 800
20:52:22.484 [FXGL Background Thread 3 ] DEBUG Engine               - is3D: false
20:52:22.485 [FXGL Background Thread 3 ] DEBUG Engine               - isAndroid: false
20:52:22.485 [FXGL Background Thread 3 ] DEBUG Engine               - isBrowser: false
20:52:22.485 [FXGL Background Thread 3 ] DEBUG Engine               - isClickFeedbackEnabled: false
20:52:22.485 [FXGL Background Thread 3 ] DEBUG Engine               - isCloseConfirmation: false
20:52:22.485 [FXGL Background Thread 3 ] DEBUG Engine               - isDesktop: true
20:52:22.485 [FXGL Background Thread 3 ] DEBUG Engine               - isDeveloperMenuEnabled: false
20:52:22.485 [FXGL Background Thread 3 ] DEBUG Engine               - isEmbedded: false
20:52:22.485 [FXGL Background Thread 3 ] DEBUG Engine               - isEntityPreloadEnabled: true
20:52:22.485 [FXGL Background Thread 3 ] DEBUG Engine               - isExperimentalTiledLargeMap: false
20:52:22.485 [FXGL Background Thread 3 ] DEBUG Engine               - isFileSystemWriteAllowed: true
20:52:22.485 [FXGL Background Thread 3 ] DEBUG Engine               - isFullScreenAllowed: true
20:52:22.485 [FXGL Background Thread 3 ] DEBUG Engine               - isFullScreenFromStart: false
20:52:22.485 [FXGL Background Thread 3 ] DEBUG Engine               - isGameMenuEnabled: true
20:52:22.485 [FXGL Background Thread 3 ] DEBUG Engine               - isIOS: false
20:52:22.485 [FXGL Background Thread 3 ] DEBUG Engine               - isIntroEnabled: false
20:52:22.485 [FXGL Background Thread 3 ] DEBUG Engine               - isLinux: false
20:52:22.485 [FXGL Background Thread 3 ] DEBUG Engine               - isMac: false
20:52:22.485 [FXGL Background Thread 3 ] DEBUG Engine               - isMainMenuEnabled: false
20:52:22.485 [FXGL Background Thread 3 ] DEBUG Engine               - isManualResizeEnabled: true
20:52:22.485 [FXGL Background Thread 3 ] DEBUG Engine               - isMobile: false
20:52:22.485 [FXGL Background Thread 3 ] DEBUG Engine               - isNative: false
20:52:22.485 [FXGL Background Thread 3 ] DEBUG Engine               - isPauseMusicWhenMinimized: true
20:52:22.485 [FXGL Background Thread 3 ] DEBUG Engine               - isPreserveResizeRatio: false
20:52:22.485 [FXGL Background Thread 3 ] DEBUG Engine               - isProfilingEnabled: false
20:52:22.485 [FXGL Background Thread 3 ] DEBUG Engine               - isScaleAffectedOnResize: true
20:52:22.485 [FXGL Background Thread 3 ] DEBUG Engine               - isSingleStep: false
20:52:22.485 [FXGL Background Thread 3 ] DEBUG Engine               - isUserProfileEnabled: false
20:52:22.485 [FXGL Background Thread 3 ] DEBUG Engine               - isWindows: true
20:52:22.485 [FXGL Background Thread 3 ] DEBUG Engine               - language: ObjectProperty [value: ENGLISH]
20:52:22.485 [FXGL Background Thread 3 ] DEBUG Engine               - menuKey: ESCAPE
20:52:22.485 [FXGL Background Thread 3 ] DEBUG Engine               - mouseSensitivity: 0.2
20:52:22.485 [FXGL Background Thread 3 ] DEBUG Engine               - notificationViewClass: class com.almasb.fxgl.notification.view.XboxNotificationView
20:52:22.485 [FXGL Background Thread 3 ] DEBUG Engine               - pixelsPerMeter: 50.0
20:52:22.485 [FXGL Background Thread 3 ] DEBUG Engine               - platform: WINDOWS
20:52:22.485 [FXGL Background Thread 3 ] DEBUG Engine               - prefHeightProperty: ReadOnlyDoubleProperty [value: 800.0]
20:52:22.485 [FXGL Background Thread 3 ] DEBUG Engine               - prefWidthProperty: ReadOnlyDoubleProperty [value: 1280.0]
20:52:22.485 [FXGL Background Thread 3 ] DEBUG Engine               - profileDir: profiles/
20:52:22.485 [FXGL Background Thread 3 ] DEBUG Engine               - profileName: StringProperty [value: DEFAULT]
20:52:22.485 [FXGL Background Thread 3 ] DEBUG Engine               - randomSeed: -1
20:52:22.486 [FXGL Background Thread 3 ] DEBUG Engine               - runtimeInfo: RuntimeInfo(platform=WINDOWS, version=21.1, build=27.03.2024 07.52)
20:52:22.486 [FXGL Background Thread 3 ] DEBUG Engine               - saveFileExt: sav
20:52:22.486 [FXGL Background Thread 3 ] DEBUG Engine               - scaledHeightProp$fxgl: DoubleProperty [bound, value: 800.0]
20:52:22.486 [FXGL Background Thread 3 ] DEBUG Engine               - scaledWidthProp$fxgl: DoubleProperty [bound, value: 1280.0]
20:52:22.486 [FXGL Background Thread 3 ] DEBUG Engine               - sceneFactory: com.almasb.fxgl.app.scene.SceneFactory@6db6d369
20:52:22.486 [FXGL Background Thread 3 ] DEBUG Engine               - secondsIn24h: 60
20:52:22.486 [FXGL Background Thread 3 ] DEBUG Engine               - soundMenuBack: menu/back.wav
20:52:22.486 [FXGL Background Thread 3 ] DEBUG Engine               - soundMenuPress: menu/press.wav
20:52:22.486 [FXGL Background Thread 3 ] DEBUG Engine               - soundMenuSelect: menu/select.wav
20:52:22.486 [FXGL Background Thread 3 ] DEBUG Engine               - soundNotification: core/notification.wav
20:52:22.486 [FXGL Background Thread 3 ] DEBUG Engine               - stageStyle: DECORATED
20:52:22.486 [FXGL Background Thread 3 ] DEBUG Engine               - supportedLanguages: [ENGLISH, FRENCH, GERMAN, HUNGARIAN, RUSSIAN]
20:52:22.486 [FXGL Background Thread 3 ] DEBUG Engine               - ticksPerSecond: -1
20:52:22.486 [FXGL Background Thread 3 ] DEBUG Engine               - title: Ghost Hunter
20:52:22.486 [FXGL Background Thread 3 ] DEBUG Engine               - urlGithub: https://github.com/AlmasB/FXGL
20:52:22.486 [FXGL Background Thread 3 ] DEBUG Engine               - urlLeaderboard: http://fxgl-top.herokuapp.com/
20:52:22.486 [FXGL Background Thread 3 ] DEBUG Engine               - urlPOM: https://raw.githubusercontent.com/AlmasB/FXGL/release/README.md
20:52:22.486 [FXGL Background Thread 3 ] DEBUG Engine               - userAppClass: class org.saikat.Game
20:52:22.486 [FXGL Background Thread 3 ] DEBUG Engine               - version: 1.0
20:52:22.486 [FXGL Background Thread 3 ] DEBUG Engine               - versionCheckDays: 7
20:52:22.486 [FXGL Background Thread 3 ] DEBUG Engine               - width: 1280
20:52:22.486 [FXGL Background Thread 3 ] DEBUG Engine               - Logging services
20:52:22.486 [FXGL Background Thread 3 ] DEBUG Engine               - class com.almasb.fxgl.app.services.FXGLAssetLoaderService
20:52:22.486 [FXGL Background Thread 3 ] DEBUG Engine               - class com.almasb.fxgl.app.FXGLApplication$GameApplicationService
20:52:22.486 [FXGL Background Thread 3 ] DEBUG Engine               - class com.almasb.fxgl.app.services.FXGLDialogService
20:52:22.486 [FXGL Background Thread 3 ] DEBUG Engine               - class com.almasb.fxgl.app.services.IOTaskExecutorService
20:52:22.486 [FXGL Background Thread 3 ] DEBUG Engine               - class com.almasb.fxgl.io.FileSystemService
20:52:22.486 [FXGL Background Thread 3 ] DEBUG Engine               - class com.almasb.fxgl.localization.LocalizationService
20:52:22.486 [FXGL Background Thread 3 ] DEBUG Engine               - class com.almasb.fxgl.app.services.SystemBundleService
20:52:22.486 [FXGL Background Thread 3 ] DEBUG Engine               - class com.almasb.fxgl.profile.SaveLoadService
20:52:22.486 [FXGL Background Thread 3 ] DEBUG Engine               - class com.almasb.fxgl.ui.FXGLUIFactoryServiceProvider
20:52:22.486 [FXGL Background Thread 3 ] DEBUG Engine               - class com.almasb.fxgl.ui.FXGLDialogFactoryServiceProvider
20:52:22.486 [FXGL Background Thread 3 ] DEBUG Engine               - class com.almasb.fxgl.audio.AudioPlayer
20:52:22.486 [FXGL Background Thread 3 ] DEBUG Engine               - class com.almasb.fxgl.notification.impl.NotificationServiceProvider
20:52:22.486 [FXGL Background Thread 3 ] DEBUG Engine               - class com.almasb.fxgl.achievement.AchievementService
20:52:22.486 [FXGL Background Thread 3 ] DEBUG Engine               - class com.almasb.fxgl.cutscene.CutsceneService
20:52:22.486 [FXGL Background Thread 3 ] DEBUG Engine               - class com.almasb.fxgl.minigames.MiniGameService
20:52:22.486 [FXGL Background Thread 3 ] DEBUG Engine               - class com.almasb.fxgl.net.NetService
20:52:22.486 [FXGL Background Thread 3 ] DEBUG Engine               - class com.almasb.fxgl.app.services.UpdaterService
20:52:22.486 [FXGL Background Thread 3 ] DEBUG Engine               - class com.almasb.fxgl.dev.DevService
20:53:33.179 [JavaFX Application Thread] DEBUG PrimaryStageWindow   - Push state: DialogSubScene
20:53:33.182 [JavaFX Application Thread] DEBUG Input                - Clearing active input actions
20:53:33.190 [JavaFX Application Thread] DEBUG GameApplicationServi - Removing overlay from GameScene and adding to DialogSubScene
20:53:33.191 [JavaFX Application Thread] DEBUG PrimaryStageWindow   - GameScene -> DialogSubScene
20:53:48.824 [JavaFX Application Thread] DEBUG PrimaryStageWindow   - Pop state: DialogSubScene
20:53:48.824 [JavaFX Application Thread] DEBUG Input                - Clearing active input actions
20:53:48.825 [JavaFX Application Thread] DEBUG GameApplicationServi - Removing overlay from DialogSubScene and adding to GameScene
20:53:48.825 [JavaFX Application Thread] DEBUG PrimaryStageWindow   - GameScene <- DialogSubScene
20:53:48.825 [JavaFX Application Thread] DEBUG GameApplicationServi - Starting new game
20:53:48.825 [JavaFX Application Thread] DEBUG Input                - Clearing active input actions
20:53:48.832 [JavaFX Application Thread] DEBUG GameApplicationServi - Removing overlay from GameScene and adding to FXGLLoadingScene
20:53:48.832 [JavaFX Application Thread] DEBUG PrimaryStageWindow   - GameScene -> FXGLLoadingScene
20:53:48.832 [JavaFX Application Thread] DEBUG GameApplicationServi - Clearing previous game
20:53:48.832 [JavaFX Application Thread] DEBUG GameScene            - Clearing game scene
20:53:48.832 [JavaFX Application Thread] DEBUG GameWorld            - Clearing game world
20:53:48.835 [JavaFX Application Thread] DEBUG PhysicsWorld         - Clearing physics world
20:53:48.837 [FXGL Background Thread 5 ] DEBUG FXGLApplication      - Initializing game
20:53:48.844 [FXGL Background Thread 5 ] WARN  TMXLevelLoader       - TiledMap generated from 1.12.2. Supported version: 1.9.0. Some features may not be parsed fully.
20:53:48.860 [FXGL Background Thread 5 ] DEBUG TMXLevelLoader       - Parsed TiledMap: file:/E:/All%20About%20Dev/OOP/FXGL%20new%20Begining/final%20version/Tower%20Defender/Tower-Defender/target/classes/assets/levels/wall.tmx
20:53:48.860 [FXGL Background Thread 5 ] DEBUG TMXLevelLoader       - Creating tile layer entities
20:53:48.861 [FXGL Background Thread 5 ] DEBUG TilesetLoader        - Loading view for layer background
20:53:48.862 [FXGL Background Thread 5 ] DEBUG TilesetLoader        - Created buffer with size 1280.0x800.0
20:53:48.884 [FXGL Background Thread 5 ] DEBUG TilesetLoader        - Loading view for layer tower spot layer
20:53:48.886 [FXGL Background Thread 5 ] DEBUG TilesetLoader        - Created buffer with size 1280.0x800.0
20:53:48.895 [FXGL Background Thread 5 ] DEBUG TilesetLoader        - Loading view for layer Road
20:53:48.897 [FXGL Background Thread 5 ] DEBUG TilesetLoader        - Created buffer with size 1280.0x800.0
20:53:48.900 [FXGL Background Thread 5 ] DEBUG TilesetLoader        - Loading view for layer road2
20:53:48.903 [FXGL Background Thread 5 ] DEBUG TilesetLoader        - Created buffer with size 1280.0x800.0
20:53:48.904 [FXGL Background Thread 5 ] WARN  TilesetLoader        - Diagonally flipped tiles are not currently supported
20:53:48.905 [FXGL Background Thread 5 ] WARN  TilesetLoader        - Diagonally flipped tiles are not currently supported
20:53:48.905 [FXGL Background Thread 5 ] WARN  TilesetLoader        - Diagonally flipped tiles are not currently supported
20:53:48.905 [FXGL Background Thread 5 ] WARN  TilesetLoader        - Diagonally flipped tiles are not currently supported
20:53:48.906 [FXGL Background Thread 5 ] WARN  TilesetLoader        - Diagonally flipped tiles are not currently supported
20:53:48.906 [FXGL Background Thread 5 ] WARN  TilesetLoader        - Diagonally flipped tiles are not currently supported
20:53:48.906 [FXGL Background Thread 5 ] WARN  TilesetLoader        - Diagonally flipped tiles are not currently supported
20:53:48.907 [FXGL Background Thread 5 ] WARN  TilesetLoader        - Diagonally flipped tiles are not currently supported
20:53:48.907 [FXGL Background Thread 5 ] WARN  TilesetLoader        - Diagonally flipped tiles are not currently supported
20:53:48.908 [FXGL Background Thread 5 ] WARN  TilesetLoader        - Diagonally flipped tiles are not currently supported
20:53:48.908 [FXGL Background Thread 5 ] WARN  TilesetLoader        - Diagonally flipped tiles are not currently supported
20:53:48.909 [FXGL Background Thread 5 ] WARN  TilesetLoader        - Diagonally flipped tiles are not currently supported
20:53:48.909 [FXGL Background Thread 5 ] WARN  TilesetLoader        - Diagonally flipped tiles are not currently supported
20:53:48.910 [FXGL Background Thread 5 ] WARN  TilesetLoader        - Diagonally flipped tiles are not currently supported
20:53:48.911 [FXGL Background Thread 5 ] WARN  TilesetLoader        - Diagonally flipped tiles are not currently supported
20:53:48.912 [FXGL Background Thread 5 ] WARN  TilesetLoader        - Diagonally flipped tiles are not currently supported
20:53:48.913 [FXGL Background Thread 5 ] WARN  TilesetLoader        - Diagonally flipped tiles are not currently supported
20:53:48.913 [FXGL Background Thread 5 ] WARN  TilesetLoader        - Diagonally flipped tiles are not currently supported
20:53:48.914 [FXGL Background Thread 5 ] WARN  TilesetLoader        - Diagonally flipped tiles are not currently supported
20:53:48.914 [FXGL Background Thread 5 ] WARN  TilesetLoader        - Diagonally flipped tiles are not currently supported
20:53:48.915 [FXGL Background Thread 5 ] WARN  TilesetLoader        - Diagonally flipped tiles are not currently supported
20:53:48.918 [FXGL Background Thread 5 ] WARN  TilesetLoader        - Diagonally flipped tiles are not currently supported
20:53:48.919 [FXGL Background Thread 5 ] WARN  TilesetLoader        - Diagonally flipped tiles are not currently supported
20:53:48.919 [FXGL Background Thread 5 ] WARN  TilesetLoader        - Diagonally flipped tiles are not currently supported
20:53:48.920 [FXGL Background Thread 5 ] WARN  TilesetLoader        - Diagonally flipped tiles are not currently supported
20:53:48.920 [FXGL Background Thread 5 ] WARN  TilesetLoader        - Diagonally flipped tiles are not currently supported
20:53:48.921 [FXGL Background Thread 5 ] WARN  TilesetLoader        - Diagonally flipped tiles are not currently supported
20:53:48.921 [FXGL Background Thread 5 ] WARN  TilesetLoader        - Diagonally flipped tiles are not currently supported
20:53:48.921 [FXGL Background Thread 5 ] WARN  TilesetLoader        - Diagonally flipped tiles are not currently supported
20:53:48.922 [FXGL Background Thread 5 ] WARN  TilesetLoader        - Diagonally flipped tiles are not currently supported
20:53:48.922 [FXGL Background Thread 5 ] WARN  TilesetLoader        - Diagonally flipped tiles are not currently supported
20:53:48.922 [FXGL Background Thread 5 ] WARN  TilesetLoader        - Diagonally flipped tiles are not currently supported
20:53:48.923 [FXGL Background Thread 5 ] WARN  TilesetLoader        - Diagonally flipped tiles are not currently supported
20:53:48.923 [FXGL Background Thread 5 ] WARN  TilesetLoader        - Diagonally flipped tiles are not currently supported
20:53:48.924 [FXGL Background Thread 5 ] WARN  TilesetLoader        - Diagonally flipped tiles are not currently supported
20:53:48.924 [FXGL Background Thread 5 ] WARN  TilesetLoader        - Diagonally flipped tiles are not currently supported
20:53:48.925 [FXGL Background Thread 5 ] WARN  TilesetLoader        - Diagonally flipped tiles are not currently supported
20:53:48.925 [FXGL Background Thread 5 ] WARN  TilesetLoader        - Diagonally flipped tiles are not currently supported
20:53:48.926 [FXGL Background Thread 5 ] WARN  TilesetLoader        - Diagonally flipped tiles are not currently supported
20:53:48.926 [FXGL Background Thread 5 ] WARN  TilesetLoader        - Diagonally flipped tiles are not currently supported
20:53:48.927 [FXGL Background Thread 5 ] WARN  TilesetLoader        - Diagonally flipped tiles are not currently supported
20:53:48.927 [FXGL Background Thread 5 ] WARN  TilesetLoader        - Diagonally flipped tiles are not currently supported
20:53:48.928 [FXGL Background Thread 5 ] WARN  TilesetLoader        - Diagonally flipped tiles are not currently supported
20:53:48.928 [FXGL Background Thread 5 ] WARN  TilesetLoader        - Diagonally flipped tiles are not currently supported
20:53:48.929 [FXGL Background Thread 5 ] WARN  TilesetLoader        - Diagonally flipped tiles are not currently supported
20:53:48.929 [FXGL Background Thread 5 ] WARN  TilesetLoader        - Diagonally flipped tiles are not currently supported
20:53:48.929 [FXGL Background Thread 5 ] WARN  TilesetLoader        - Diagonally flipped tiles are not currently supported
20:53:48.930 [FXGL Background Thread 5 ] WARN  TilesetLoader        - Diagonally flipped tiles are not currently supported
20:53:48.930 [FXGL Background Thread 5 ] WARN  TilesetLoader        - Diagonally flipped tiles are not currently supported
20:53:48.930 [FXGL Background Thread 5 ] WARN  TilesetLoader        - Diagonally flipped tiles are not currently supported
20:53:48.931 [FXGL Background Thread 5 ] WARN  TilesetLoader        - Diagonally flipped tiles are not currently supported
20:53:48.931 [FXGL Background Thread 5 ] WARN  TilesetLoader        - Diagonally flipped tiles are not currently supported
20:53:48.931 [FXGL Background Thread 5 ] WARN  TilesetLoader        - Diagonally flipped tiles are not currently supported
20:53:48.932 [FXGL Background Thread 5 ] WARN  TilesetLoader        - Diagonally flipped tiles are not currently supported
20:53:48.932 [FXGL Background Thread 5 ] WARN  TilesetLoader        - Diagonally flipped tiles are not currently supported
20:53:48.932 [FXGL Background Thread 5 ] WARN  TilesetLoader        - Diagonally flipped tiles are not currently supported
20:53:48.933 [FXGL Background Thread 5 ] WARN  TilesetLoader        - Diagonally flipped tiles are not currently supported
20:53:48.933 [FXGL Background Thread 5 ] WARN  TilesetLoader        - Diagonally flipped tiles are not currently supported
20:53:48.933 [FXGL Background Thread 5 ] WARN  TilesetLoader        - Diagonally flipped tiles are not currently supported
20:53:48.934 [FXGL Background Thread 5 ] WARN  TilesetLoader        - Diagonally flipped tiles are not currently supported
20:53:48.934 [FXGL Background Thread 5 ] WARN  TilesetLoader        - Diagonally flipped tiles are not currently supported
20:53:48.934 [FXGL Background Thread 5 ] WARN  TilesetLoader        - Diagonally flipped tiles are not currently supported
20:53:48.934 [FXGL Background Thread 5 ] WARN  TilesetLoader        - Diagonally flipped tiles are not currently supported
20:53:48.935 [FXGL Background Thread 5 ] WARN  TilesetLoader        - Diagonally flipped tiles are not currently supported
20:53:48.935 [FXGL Background Thread 5 ] WARN  TilesetLoader        - Diagonally flipped tiles are not currently supported
20:53:48.936 [FXGL Background Thread 5 ] WARN  TilesetLoader        - Diagonally flipped tiles are not currently supported
20:53:48.936 [FXGL Background Thread 5 ] WARN  TilesetLoader        - Diagonally flipped tiles are not currently supported
20:53:48.936 [FXGL Background Thread 5 ] WARN  TilesetLoader        - Diagonally flipped tiles are not currently supported
20:53:48.937 [FXGL Background Thread 5 ] WARN  TilesetLoader        - Diagonally flipped tiles are not currently supported
20:53:48.937 [FXGL Background Thread 5 ] WARN  TilesetLoader        - Diagonally flipped tiles are not currently supported
20:53:48.937 [FXGL Background Thread 5 ] WARN  TilesetLoader        - Diagonally flipped tiles are not currently supported
20:53:48.937 [FXGL Background Thread 5 ] WARN  TilesetLoader        - Diagonally flipped tiles are not currently supported
20:53:48.938 [FXGL Background Thread 5 ] WARN  TilesetLoader        - Diagonally flipped tiles are not currently supported
20:53:48.938 [FXGL Background Thread 5 ] WARN  TilesetLoader        - Diagonally flipped tiles are not currently supported
20:53:48.938 [FXGL Background Thread 5 ] WARN  TilesetLoader        - Diagonally flipped tiles are not currently supported
20:53:48.939 [FXGL Background Thread 5 ] WARN  TilesetLoader        - Diagonally flipped tiles are not currently supported
20:53:48.939 [FXGL Background Thread 5 ] WARN  TilesetLoader        - Diagonally flipped tiles are not currently supported
20:53:48.939 [FXGL Background Thread 5 ] WARN  TilesetLoader        - Diagonally flipped tiles are not currently supported
20:53:48.939 [FXGL Background Thread 5 ] WARN  TilesetLoader        - Diagonally flipped tiles are not currently supported
20:53:48.940 [FXGL Background Thread 5 ] WARN  TilesetLoader        - Diagonally flipped tiles are not currently supported
20:53:48.940 [FXGL Background Thread 5 ] WARN  TilesetLoader        - Diagonally flipped tiles are not currently supported
20:53:48.941 [FXGL Background Thread 5 ] WARN  TilesetLoader        - Diagonally flipped tiles are not currently supported
20:53:48.941 [FXGL Background Thread 5 ] WARN  TilesetLoader        - Diagonally flipped tiles are not currently supported
20:53:48.941 [FXGL Background Thread 5 ] WARN  TilesetLoader        - Diagonally flipped tiles are not currently supported
20:53:48.941 [FXGL Background Thread 5 ] WARN  TilesetLoader        - Diagonally flipped tiles are not currently supported
20:53:48.942 [FXGL Background Thread 5 ] WARN  TilesetLoader        - Diagonally flipped tiles are not currently supported
20:53:48.942 [FXGL Background Thread 5 ] WARN  TilesetLoader        - Diagonally flipped tiles are not currently supported
20:53:48.943 [FXGL Background Thread 5 ] WARN  TilesetLoader        - Diagonally flipped tiles are not currently supported
20:53:48.943 [FXGL Background Thread 5 ] WARN  TilesetLoader        - Diagonally flipped tiles are not currently supported
20:53:48.943 [FXGL Background Thread 5 ] WARN  TilesetLoader        - Diagonally flipped tiles are not currently supported
20:53:48.944 [FXGL Background Thread 5 ] WARN  TilesetLoader        - Diagonally flipped tiles are not currently supported
20:53:48.944 [FXGL Background Thread 5 ] WARN  TilesetLoader        - Diagonally flipped tiles are not currently supported
20:53:48.944 [FXGL Background Thread 5 ] WARN  TilesetLoader        - Diagonally flipped tiles are not currently supported
20:53:48.944 [FXGL Background Thread 5 ] WARN  TilesetLoader        - Diagonally flipped tiles are not currently supported
20:53:48.945 [FXGL Background Thread 5 ] WARN  TilesetLoader        - Diagonally flipped tiles are not currently supported
20:53:48.945 [FXGL Background Thread 5 ] WARN  TilesetLoader        - Diagonally flipped tiles are not currently supported
20:53:48.945 [FXGL Background Thread 5 ] WARN  TilesetLoader        - Diagonally flipped tiles are not currently supported
20:53:48.945 [FXGL Background Thread 5 ] WARN  TilesetLoader        - Diagonally flipped tiles are not currently supported
20:53:48.945 [FXGL Background Thread 5 ] WARN  TilesetLoader        - Diagonally flipped tiles are not currently supported
20:53:48.946 [FXGL Background Thread 5 ] WARN  TilesetLoader        - Diagonally flipped tiles are not currently supported
20:53:48.946 [FXGL Background Thread 5 ] WARN  TilesetLoader        - Diagonally flipped tiles are not currently supported
20:53:48.946 [FXGL Background Thread 5 ] WARN  TilesetLoader        - Diagonally flipped tiles are not currently supported
20:53:48.947 [FXGL Background Thread 5 ] WARN  TilesetLoader        - Diagonally flipped tiles are not currently supported
20:53:48.947 [FXGL Background Thread 5 ] WARN  TilesetLoader        - Diagonally flipped tiles are not currently supported
20:53:48.947 [FXGL Background Thread 5 ] WARN  TilesetLoader        - Diagonally flipped tiles are not currently supported
20:53:48.948 [FXGL Background Thread 5 ] WARN  TilesetLoader        - Diagonally flipped tiles are not currently supported
20:53:48.948 [FXGL Background Thread 5 ] WARN  TilesetLoader        - Diagonally flipped tiles are not currently supported
20:53:48.948 [FXGL Background Thread 5 ] WARN  TilesetLoader        - Diagonally flipped tiles are not currently supported
20:53:48.949 [FXGL Background Thread 5 ] WARN  TilesetLoader        - Diagonally flipped tiles are not currently supported
20:53:48.949 [FXGL Background Thread 5 ] WARN  TilesetLoader        - Diagonally flipped tiles are not currently supported
20:53:48.949 [FXGL Background Thread 5 ] WARN  TilesetLoader        - Diagonally flipped tiles are not currently supported
20:53:48.950 [FXGL Background Thread 5 ] WARN  TilesetLoader        - Diagonally flipped tiles are not currently supported
20:53:48.950 [FXGL Background Thread 5 ] WARN  TilesetLoader        - Diagonally flipped tiles are not currently supported
20:53:48.950 [FXGL Background Thread 5 ] WARN  TilesetLoader        - Diagonally flipped tiles are not currently supported
20:53:48.951 [FXGL Background Thread 5 ] WARN  TilesetLoader        - Diagonally flipped tiles are not currently supported
20:53:48.951 [FXGL Background Thread 5 ] WARN  TilesetLoader        - Diagonally flipped tiles are not currently supported
20:53:48.952 [FXGL Background Thread 5 ] WARN  TilesetLoader        - Diagonally flipped tiles are not currently supported
20:53:48.952 [FXGL Background Thread 5 ] WARN  TilesetLoader        - Diagonally flipped tiles are not currently supported
20:53:48.955 [FXGL Background Thread 5 ] WARN  TilesetLoader        - Diagonally flipped tiles are not currently supported
20:53:48.956 [FXGL Background Thread 5 ] WARN  TilesetLoader        - Diagonally flipped tiles are not currently supported
20:53:48.956 [FXGL Background Thread 5 ] WARN  TilesetLoader        - Diagonally flipped tiles are not currently supported
20:53:48.956 [FXGL Background Thread 5 ] WARN  TilesetLoader        - Diagonally flipped tiles are not currently supported
20:53:48.957 [FXGL Background Thread 5 ] WARN  TilesetLoader        - Diagonally flipped tiles are not currently supported
20:53:48.957 [FXGL Background Thread 5 ] WARN  TilesetLoader        - Diagonally flipped tiles are not currently supported
20:53:48.957 [FXGL Background Thread 5 ] WARN  TilesetLoader        - Diagonally flipped tiles are not currently supported
20:53:48.958 [FXGL Background Thread 5 ] WARN  TilesetLoader        - Diagonally flipped tiles are not currently supported
20:53:48.958 [FXGL Background Thread 5 ] WARN  TilesetLoader        - Diagonally flipped tiles are not currently supported
20:53:48.958 [FXGL Background Thread 5 ] WARN  TilesetLoader        - Diagonally flipped tiles are not currently supported
20:53:48.959 [FXGL Background Thread 5 ] WARN  TilesetLoader        - Diagonally flipped tiles are not currently supported
20:53:48.959 [FXGL Background Thread 5 ] WARN  TilesetLoader        - Diagonally flipped tiles are not currently supported
20:53:48.959 [FXGL Background Thread 5 ] WARN  TilesetLoader        - Diagonally flipped tiles are not currently supported
20:53:48.959 [FXGL Background Thread 5 ] WARN  TilesetLoader        - Diagonally flipped tiles are not currently supported
20:53:48.959 [FXGL Background Thread 5 ] WARN  TilesetLoader        - Diagonally flipped tiles are not currently supported
20:53:48.960 [FXGL Background Thread 5 ] WARN  TilesetLoader        - Diagonally flipped tiles are not currently supported
20:53:48.960 [FXGL Background Thread 5 ] WARN  TilesetLoader        - Diagonally flipped tiles are not currently supported
20:53:48.960 [FXGL Background Thread 5 ] WARN  TilesetLoader        - Diagonally flipped tiles are not currently supported
20:53:48.960 [FXGL Background Thread 5 ] WARN  TilesetLoader        - Diagonally flipped tiles are not currently supported
20:53:48.961 [FXGL Background Thread 5 ] WARN  TilesetLoader        - Diagonally flipped tiles are not currently supported
20:53:48.961 [FXGL Background Thread 5 ] WARN  TilesetLoader        - Diagonally flipped tiles are not currently supported
20:53:48.961 [FXGL Background Thread 5 ] WARN  TilesetLoader        - Diagonally flipped tiles are not currently supported
20:53:48.961 [FXGL Background Thread 5 ] WARN  TilesetLoader        - Diagonally flipped tiles are not currently supported
20:53:48.962 [FXGL Background Thread 5 ] WARN  TilesetLoader        - Diagonally flipped tiles are not currently supported
20:53:48.962 [FXGL Background Thread 5 ] WARN  TilesetLoader        - Diagonally flipped tiles are not currently supported
20:53:48.962 [FXGL Background Thread 5 ] WARN  TilesetLoader        - Diagonally flipped tiles are not currently supported
20:53:48.962 [FXGL Background Thread 5 ] WARN  TilesetLoader        - Diagonally flipped tiles are not currently supported
20:53:48.962 [FXGL Background Thread 5 ] WARN  TilesetLoader        - Diagonally flipped tiles are not currently supported
20:53:48.963 [FXGL Background Thread 5 ] WARN  TilesetLoader        - Diagonally flipped tiles are not currently supported
20:53:48.963 [FXGL Background Thread 5 ] WARN  TilesetLoader        - Diagonally flipped tiles are not currently supported
20:53:48.963 [FXGL Background Thread 5 ] WARN  TilesetLoader        - Diagonally flipped tiles are not currently supported
20:53:48.969 [FXGL Background Thread 5 ] DEBUG TilesetLoader        - Loading view for layer road3
20:53:48.969 [FXGL Background Thread 5 ] DEBUG TilesetLoader        - Created buffer with size 1280.0x800.0
20:53:48.971 [FXGL Background Thread 5 ] DEBUG TilesetLoader        - Loading view for layer bg2
20:53:48.971 [FXGL Background Thread 5 ] DEBUG TilesetLoader        - Created buffer with size 1280.0x800.0
20:53:49.019 [FXGL Background Thread 5 ] DEBUG TilesetLoader        - Loading view for layer icons
20:53:49.021 [FXGL Background Thread 5 ] DEBUG TilesetLoader        - Created buffer with size 1280.0x800.0
20:53:49.027 [FXGL Background Thread 5 ] DEBUG TMXLevelLoader       - Creating object layer entities
20:53:49.030 [FXGL Background Thread 5 ] DEBUG GameWorld            - Clearing removable entities
20:53:49.031 [FXGL Background Thread 5 ] DEBUG GameWorld            - Setting level: com.almasb.fxgl.entity.level.Level@cecde0b
20:53:49.031 [FXGL Background Thread 5 ] INFO  FXGLApplication      - Game initialization took: 0.195 sec
20:53:49.049 [JavaFX Application Thread] DEBUG Input                - Clearing active input actions
20:53:49.058 [JavaFX Application Thread] DEBUG GameApplicationServi - Removing overlay from FXGLLoadingScene and adding to GameScene
20:53:49.058 [JavaFX Application Thread] DEBUG PrimaryStageWindow   - FXGLLoadingScene -> GameScene
20:53:51.943 [JavaFX Application Thread] DEBUG FXGLApplication      - Exiting FXGL
20:53:51.943 [JavaFX Application Thread] DEBUG LoopRunner           - Stopping loop
20:53:51.943 [JavaFX Application Thread] DEBUG SystemBundleService  - Saving FXGL system data
20:53:51.951 [JavaFX Application Thread] DEBUG FileSystemAccess     - Writing to: E:\All About Dev\OOP\FXGL new Begining\final version\Tower Defender\Tower-Defender\system\fxgl.bundle
20:53:51.956 [JavaFX Application Thread] DEBUG Async                - Shutting down background threads
20:53:51.956 [JavaFX Application Thread] DEBUG PrimaryStageWindow   - Closing main window
20:53:51.986 [JavaFX Application Thread] DEBUG Logger               - Closing Logger
