20:45:35.728 [main                     ] DEBUG Logger               - Configured Logger
20:45:35.754 [main                     ] DEBUG GameApplication      - Logging settings
Title: Ghost Hunter
Version: 1.0
Width: 1280
Height: 800
Fullscreen: true
Intro: false
Profiling: false
Single step:false
App Mode: DEVELOPER
Menu Key: ESCAPE
Stage Style: DECORATED
Scene Factory: class com.almasb.fxgl.app.scene.SceneFactory

20:45:36.590 [JavaFX Application Thread] DEBUG FXGLApplication      - Initializing FXGL
20:45:36.599 [JavaFX Application Thread] INFO  Engine               - FXGL-21.1 (27.03.2024 07.52) on WINDOWS (J:21.0.9 FX:21.0.1)
20:45:36.599 [JavaFX Application Thread] DEBUG Engine               - JRE Vendor Name: Oracle Corporation
20:45:36.600 [JavaFX Application Thread] DEBUG Engine               - Running on OS: Windows 11 version 10.0
20:45:36.600 [JavaFX Application Thread] DEBUG Engine               - Architecture: amd64
20:45:36.600 [JavaFX Application Thread] INFO  Engine               - Source code and latest versions at: https://github.com/AlmasB/FXGL
20:45:36.600 [JavaFX Application Thread] INFO  Engine               -       Ask questions and discuss at: https://github.com/AlmasB/FXGL/discussions
20:45:36.600 [JavaFX Application Thread] INFO  Engine               -              Join the FXGL chat at: https://gitter.im/AlmasB/FXGL
20:45:36.782 [JavaFX Application Thread] DEBUG PrimaryStageWindow   - Creating a JavaFX scene
20:45:36.860 [JavaFX Application Thread] DEBUG PrimaryStageWindow   - Target settings size: 1280.0 x 800.0
20:45:36.861 [JavaFX Application Thread] DEBUG PrimaryStageWindow   - Scaled scene size:    1280.0 x 800.0
20:45:36.861 [JavaFX Application Thread] DEBUG PrimaryStageWindow   - Scaled ratio: (1.0, 1.0)
20:45:36.863 [JavaFX Application Thread] DEBUG PrimaryStageWindow   - Set initial scene to FXGLStartupScene
20:45:36.868 [JavaFX Application Thread] DEBUG PrimaryStageWindow   - Opening main window
20:45:37.063 [JavaFX Application Thread] DEBUG PrimaryStageWindow   - Window border size: (14.4000244140625, 37.5999755859375)
20:45:37.064 [JavaFX Application Thread] DEBUG PrimaryStageWindow   - Scaled size: 1280.0 x 800.0
20:45:37.064 [JavaFX Application Thread] DEBUG PrimaryStageWindow   - Scaled ratio: (1.0, 1.0)
20:45:37.065 [JavaFX Application Thread] DEBUG PrimaryStageWindow   - Scene size: 1280.0 x 800.0
20:45:37.065 [JavaFX Application Thread] DEBUG PrimaryStageWindow   - Stage size: 1294.4000244140625 x 837.5999755859375
20:45:37.078 [FXGL Background Thread 1 ] DEBUG Engine               - Initializing environment variables
20:45:37.176 [FXGL Background Thread 1 ] DEBUG FXGLAssetLoaderServi - User app class for loading assets: class org.saikat.Game
20:45:37.176 [FXGL Background Thread 1 ] DEBUG GameApplicationServi - Applying CSS: fxgl_dark.css
20:45:37.177 [FXGL Background Thread 1 ] DEBUG FXGLAssetLoaderServi - Loading from file system: jar:file:/C:/Users/HP/.m2/repository/com/github/almasb/fxgl/21.1/fxgl-21.1.jar!/fxglassets/ui/css/fxgl_dark.css
20:45:37.244 [FXGL Background Thread 1 ] DEBUG GameApplicationServi - Initializing application scenes
20:45:37.333 [FXGL Background Thread 1 ] DEBUG GameWorld            - Game world initialized
20:45:37.438 [FXGL Background Thread 1 ] DEBUG PhysicsWorld         - Physics world initialized: appHeight=800, physics.ppm=50.0
20:45:37.438 [FXGL Background Thread 1 ] DEBUG PhysicsWorld         - Using strategy: BRUTE_FORCE
20:45:37.444 [FXGL Background Thread 1 ] DEBUG GameScene            - Game scene initialized: 1280x800
20:45:37.462 [FXGL Background Thread 1 ] DEBUG FXGL.DefaultMenu     - createMenuBodyGameMenu()
20:45:37.485 [FXGL Background Thread 1 ] DEBUG FXGL.DefaultMenu     - createOptionsMenu()
20:45:37.500 [FXGL Background Thread 1 ] DEBUG FXGLAssetLoaderServi - Loading from file system: jar:file:/C:/Users/HP/.m2/repository/com/github/almasb/fxgl/21.1/fxgl-21.1.jar!/fxglassets/textures/particles/smoke.png
20:45:37.657 [FXGL Background Thread 1 ] DEBUG FXGLAssetLoaderServi - Loading from file system: jar:file:/C:/Users/HP/.m2/repository/com/github/almasb/fxgl/21.1/fxgl-21.1.jar!/fxglassets/textures/particles/trace_horizontal.png
20:45:37.689 [FXGL Background Thread 1 ] DEBUG GameApplicationServi - Application scenes initialized
20:45:37.715 [FXGL Background Thread 1 ] DEBUG SystemBundleService  - Loading FXGL system data
20:45:37.728 [FXGL Background Thread 1 ] DEBUG FileSystemAccess     - Reading from: E:\All About Dev\OOP\FXGL new Begining\final version\Tower Defender\Tower-Defender\system\fxgl.bundle
20:45:37.752 [FXGL Background Thread 1 ] DEBUG SystemBundleService  - Bundle FXGL: {}
20:45:37.752 [FXGL Background Thread 1 ] DEBUG UpdaterService       - Checking for updates
20:45:37.760 [FXGL Background Thread 4 ] DEBUG FXGLApplication      - Loading fonts
20:45:37.761 [FXGL Background Thread 4 ] DEBUG FXGLAssetLoaderServi - Loading from file system: jar:file:/C:/Users/HP/.m2/repository/com/github/almasb/fxgl/21.1/fxgl-21.1.jar!/fxglassets/ui/fonts/VarelaRound-Regular.ttf
20:45:37.762 [FXGL Background Thread 1 ] DEBUG FXGLApplication      - Loading default localization
20:45:37.763 [FXGL Background Thread 1 ] DEBUG FXGLAssetLoaderServi - Loading from file system: jar:file:/C:/Users/HP/.m2/repository/com/github/almasb/fxgl/21.1/fxgl-21.1.jar!/fxglassets/languages/english.lang
20:45:37.796 [FXGL Background Thread 1 ] INFO  FXGLApplication      - FXGL initialization took: 0.717 sec
20:45:37.804 [JavaFX Application Thread] DEBUG Input                - Registered new binding: add tower - LMB
20:45:37.804 [JavaFX Application Thread] DEBUG Input                - Registered new binding: remove tower - RMB
20:45:37.805 [JavaFX Application Thread] DEBUG FXGLAssetLoaderServi - Loading from file system: jar:file:/C:/Users/HP/.m2/repository/com/github/almasb/fxgl/21.1/fxgl-21.1.jar!/fxglassets/textures/fxgl_icon.png
20:45:37.836 [JavaFX Application Thread] DEBUG FXGLAssetLoaderServi - Loading from file system: jar:file:/C:/Users/HP/.m2/repository/com/github/almasb/fxgl/21.1/fxgl-21.1.jar!/fxglassets/textures/fxgl_default_cursor.png
20:45:37.849 [JavaFX Application Thread] DEBUG Input                - Registered new binding: Screenshot - CTRL+8
20:45:37.850 [JavaFX Application Thread] DEBUG Input                - Registered new binding: System info dump - CTRL+9
20:45:37.850 [JavaFX Application Thread] DEBUG Input                - Registered new binding: Restart - CTRL+R
20:45:37.852 [JavaFX Application Thread] DEBUG Input                - Registered new binding: Toggle Debug Camera - CTRL+7
20:45:37.856 [JavaFX Application Thread] DEBUG LoopRunner           - Starting loop
20:45:37.856 [JavaFX Application Thread] DEBUG LoopRunner           - Initializing JavaFX AnimationTimerLoop
20:45:37.858 [JavaFX Application Thread] DEBUG GameApplicationServi - Starting new game
20:45:37.860 [JavaFX Application Thread] DEBUG Input                - Clearing active input actions
20:45:37.876 [JavaFX Application Thread] DEBUG GameApplicationServi - Removing overlay from FXGLStartupScene and adding to FXGLLoadingScene
20:45:37.877 [JavaFX Application Thread] DEBUG PrimaryStageWindow   - FXGLStartupScene -> FXGLLoadingScene
20:45:37.877 [JavaFX Application Thread] DEBUG GameApplicationServi - Clearing previous game
20:45:37.877 [JavaFX Application Thread] DEBUG GameScene            - Clearing game scene
20:45:37.877 [JavaFX Application Thread] DEBUG GameWorld            - Clearing game world
20:45:37.877 [JavaFX Application Thread] DEBUG PhysicsWorld         - Clearing physics world
20:45:37.879 [FXGL Background Thread 1 ] DEBUG FXGLApplication      - Initializing game
20:45:37.974 [FXGL Background Thread 1 ] WARN  TMXLevelLoader       - TiledMap generated from 1.12.2. Supported version: 1.9.0. Some features may not be parsed fully.
20:45:38.014 [FXGL Background Thread 1 ] DEBUG TMXLevelLoader       - Parsed TiledMap: file:/E:/All%20About%20Dev/OOP/FXGL%20new%20Begining/final%20version/Tower%20Defender/Tower-Defender/target/classes/assets/levels/wall.tmx
20:45:38.016 [FXGL Background Thread 1 ] DEBUG TMXLevelLoader       - Creating tile layer entities
20:45:38.019 [FXGL Background Thread 1 ] DEBUG TilesetLoader        - Loading view for layer background
20:45:38.021 [FXGL Background Thread 1 ] DEBUG TilesetLoader        - Created buffer with size 1280.0x800.0
20:45:38.045 [FXGL Background Thread 4 ] DEBUG FXGLAssetLoaderServi - Loading from file system: jar:file:/C:/Users/HP/.m2/repository/com/github/almasb/fxgl/21.1/fxgl-21.1.jar!/fxglassets/ui/fonts/Abel-Regular.ttf
20:45:38.052 [FXGL Background Thread 4 ] DEBUG FXGLAssetLoaderServi - Loading from file system: jar:file:/C:/Users/HP/.m2/repository/com/github/almasb/fxgl/21.1/fxgl-21.1.jar!/fxglassets/ui/fonts/TerminalLandMono-Regular.otf
20:45:38.055 [FXGL Background Thread 1 ] DEBUG TilesetLoader        - Loading view for layer tower spot layer
20:45:38.057 [FXGL Background Thread 1 ] DEBUG TilesetLoader        - Created buffer with size 1280.0x800.0
20:45:38.058 [FXGL Background Thread 4 ] DEBUG FXGLAssetLoaderServi - Loading from file system: jar:file:/C:/Users/HP/.m2/repository/com/github/almasb/fxgl/21.1/fxgl-21.1.jar!/fxglassets/ui/fonts/Courier-Prime.ttf
20:45:38.066 [FXGL Background Thread 1 ] DEBUG TilesetLoader        - Loading view for layer Road
20:45:38.069 [FXGL Background Thread 1 ] DEBUG TilesetLoader        - Created buffer with size 1280.0x800.0
20:45:38.075 [FXGL Background Thread 1 ] DEBUG TilesetLoader        - Loading view for layer road2
20:45:38.077 [FXGL Background Thread 1 ] DEBUG TilesetLoader        - Created buffer with size 1280.0x800.0
20:45:38.079 [FXGL Background Thread 1 ] WARN  TilesetLoader        - Diagonally flipped tiles are not currently supported
20:45:38.081 [JavaFX Application Thread] DEBUG FXGLApplication      - Registering font factories with UI factory
20:45:38.081 [FXGL Background Thread 1 ] WARN  TilesetLoader        - Diagonally flipped tiles are not currently supported
20:45:38.082 [FXGL Background Thread 1 ] WARN  TilesetLoader        - Diagonally flipped tiles are not currently supported
20:45:38.083 [FXGL Background Thread 1 ] WARN  TilesetLoader        - Diagonally flipped tiles are not currently supported
20:45:38.083 [FXGL Background Thread 1 ] WARN  TilesetLoader        - Diagonally flipped tiles are not currently supported
20:45:38.084 [FXGL Background Thread 1 ] WARN  TilesetLoader        - Diagonally flipped tiles are not currently supported
20:45:38.086 [FXGL Background Thread 1 ] WARN  TilesetLoader        - Diagonally flipped tiles are not currently supported
20:45:38.086 [FXGL Background Thread 1 ] WARN  TilesetLoader        - Diagonally flipped tiles are not currently supported
20:45:38.087 [FXGL Background Thread 1 ] WARN  TilesetLoader        - Diagonally flipped tiles are not currently supported
20:45:38.087 [FXGL Background Thread 1 ] WARN  TilesetLoader        - Diagonally flipped tiles are not currently supported
20:45:38.088 [FXGL Background Thread 1 ] WARN  TilesetLoader        - Diagonally flipped tiles are not currently supported
20:45:38.088 [FXGL Background Thread 1 ] WARN  TilesetLoader        - Diagonally flipped tiles are not currently supported
20:45:38.088 [FXGL Background Thread 1 ] WARN  TilesetLoader        - Diagonally flipped tiles are not currently supported
20:45:38.090 [FXGL Background Thread 1 ] WARN  TilesetLoader        - Diagonally flipped tiles are not currently supported
20:45:38.090 [FXGL Background Thread 1 ] WARN  TilesetLoader        - Diagonally flipped tiles are not currently supported
20:45:38.091 [FXGL Background Thread 1 ] WARN  TilesetLoader        - Diagonally flipped tiles are not currently supported
20:45:38.091 [FXGL Background Thread 1 ] WARN  TilesetLoader        - Diagonally flipped tiles are not currently supported
20:45:38.092 [FXGL Background Thread 1 ] WARN  TilesetLoader        - Diagonally flipped tiles are not currently supported
20:45:38.092 [FXGL Background Thread 1 ] WARN  TilesetLoader        - Diagonally flipped tiles are not currently supported
20:45:38.092 [FXGL Background Thread 1 ] WARN  TilesetLoader        - Diagonally flipped tiles are not currently supported
20:45:38.093 [FXGL Background Thread 1 ] WARN  TilesetLoader        - Diagonally flipped tiles are not currently supported
20:45:38.093 [FXGL Background Thread 1 ] WARN  TilesetLoader        - Diagonally flipped tiles are not currently supported
20:45:38.093 [FXGL Background Thread 1 ] WARN  TilesetLoader        - Diagonally flipped tiles are not currently supported
20:45:38.100 [FXGL Background Thread 1 ] WARN  TilesetLoader        - Diagonally flipped tiles are not currently supported
20:45:38.101 [FXGL Background Thread 1 ] WARN  TilesetLoader        - Diagonally flipped tiles are not currently supported
20:45:38.101 [FXGL Background Thread 1 ] WARN  TilesetLoader        - Diagonally flipped tiles are not currently supported
20:45:38.102 [FXGL Background Thread 1 ] WARN  TilesetLoader        - Diagonally flipped tiles are not currently supported
20:45:38.103 [FXGL Background Thread 1 ] WARN  TilesetLoader        - Diagonally flipped tiles are not currently supported
20:45:38.103 [FXGL Background Thread 1 ] WARN  TilesetLoader        - Diagonally flipped tiles are not currently supported
20:45:38.104 [FXGL Background Thread 1 ] WARN  TilesetLoader        - Diagonally flipped tiles are not currently supported
20:45:38.105 [FXGL Background Thread 1 ] WARN  TilesetLoader        - Diagonally flipped tiles are not currently supported
20:45:38.105 [FXGL Background Thread 1 ] WARN  TilesetLoader        - Diagonally flipped tiles are not currently supported
20:45:38.107 [FXGL Background Thread 1 ] WARN  TilesetLoader        - Diagonally flipped tiles are not currently supported
20:45:38.107 [FXGL Background Thread 1 ] WARN  TilesetLoader        - Diagonally flipped tiles are not currently supported
20:45:38.108 [FXGL Background Thread 1 ] WARN  TilesetLoader        - Diagonally flipped tiles are not currently supported
20:45:38.108 [FXGL Background Thread 1 ] WARN  TilesetLoader        - Diagonally flipped tiles are not currently supported
20:45:38.109 [FXGL Background Thread 1 ] WARN  TilesetLoader        - Diagonally flipped tiles are not currently supported
20:45:38.110 [FXGL Background Thread 1 ] WARN  TilesetLoader        - Diagonally flipped tiles are not currently supported
20:45:38.111 [FXGL Background Thread 1 ] WARN  TilesetLoader        - Diagonally flipped tiles are not currently supported
20:45:38.111 [FXGL Background Thread 1 ] WARN  TilesetLoader        - Diagonally flipped tiles are not currently supported
20:45:38.112 [FXGL Background Thread 1 ] WARN  TilesetLoader        - Diagonally flipped tiles are not currently supported
20:45:38.113 [FXGL Background Thread 1 ] WARN  TilesetLoader        - Diagonally flipped tiles are not currently supported
20:45:38.113 [FXGL Background Thread 1 ] WARN  TilesetLoader        - Diagonally flipped tiles are not currently supported
20:45:38.114 [FXGL Background Thread 1 ] WARN  TilesetLoader        - Diagonally flipped tiles are not currently supported
20:45:38.114 [FXGL Background Thread 1 ] WARN  TilesetLoader        - Diagonally flipped tiles are not currently supported
20:45:38.115 [FXGL Background Thread 1 ] WARN  TilesetLoader        - Diagonally flipped tiles are not currently supported
20:45:38.116 [FXGL Background Thread 1 ] WARN  TilesetLoader        - Diagonally flipped tiles are not currently supported
20:45:38.116 [FXGL Background Thread 1 ] WARN  TilesetLoader        - Diagonally flipped tiles are not currently supported
20:45:38.117 [FXGL Background Thread 1 ] WARN  TilesetLoader        - Diagonally flipped tiles are not currently supported
20:45:38.117 [FXGL Background Thread 1 ] WARN  TilesetLoader        - Diagonally flipped tiles are not currently supported
20:45:38.117 [FXGL Background Thread 1 ] WARN  TilesetLoader        - Diagonally flipped tiles are not currently supported
20:45:38.118 [FXGL Background Thread 1 ] WARN  TilesetLoader        - Diagonally flipped tiles are not currently supported
20:45:38.118 [FXGL Background Thread 1 ] WARN  TilesetLoader        - Diagonally flipped tiles are not currently supported
20:45:38.118 [FXGL Background Thread 1 ] WARN  TilesetLoader        - Diagonally flipped tiles are not currently supported
20:45:38.119 [FXGL Background Thread 1 ] WARN  TilesetLoader        - Diagonally flipped tiles are not currently supported
20:45:38.119 [FXGL Background Thread 1 ] WARN  TilesetLoader        - Diagonally flipped tiles are not currently supported
20:45:38.120 [FXGL Background Thread 1 ] WARN  TilesetLoader        - Diagonally flipped tiles are not currently supported
20:45:38.121 [FXGL Background Thread 1 ] WARN  TilesetLoader        - Diagonally flipped tiles are not currently supported
20:45:38.121 [FXGL Background Thread 1 ] WARN  TilesetLoader        - Diagonally flipped tiles are not currently supported
20:45:38.122 [FXGL Background Thread 1 ] WARN  TilesetLoader        - Diagonally flipped tiles are not currently supported
20:45:38.122 [FXGL Background Thread 1 ] WARN  TilesetLoader        - Diagonally flipped tiles are not currently supported
20:45:38.122 [FXGL Background Thread 1 ] WARN  TilesetLoader        - Diagonally flipped tiles are not currently supported
20:45:38.124 [FXGL Background Thread 1 ] WARN  TilesetLoader        - Diagonally flipped tiles are not currently supported
20:45:38.124 [FXGL Background Thread 1 ] WARN  TilesetLoader        - Diagonally flipped tiles are not currently supported
20:45:38.124 [FXGL Background Thread 1 ] WARN  TilesetLoader        - Diagonally flipped tiles are not currently supported
20:45:38.125 [FXGL Background Thread 1 ] WARN  TilesetLoader        - Diagonally flipped tiles are not currently supported
20:45:38.125 [FXGL Background Thread 1 ] WARN  TilesetLoader        - Diagonally flipped tiles are not currently supported
20:45:38.125 [FXGL Background Thread 1 ] WARN  TilesetLoader        - Diagonally flipped tiles are not currently supported
20:45:38.126 [FXGL Background Thread 1 ] WARN  TilesetLoader        - Diagonally flipped tiles are not currently supported
20:45:38.126 [FXGL Background Thread 1 ] WARN  TilesetLoader        - Diagonally flipped tiles are not currently supported
20:45:38.126 [FXGL Background Thread 1 ] WARN  TilesetLoader        - Diagonally flipped tiles are not currently supported
20:45:38.126 [FXGL Background Thread 1 ] WARN  TilesetLoader        - Diagonally flipped tiles are not currently supported
20:45:38.127 [FXGL Background Thread 1 ] WARN  TilesetLoader        - Diagonally flipped tiles are not currently supported
20:45:38.127 [FXGL Background Thread 1 ] WARN  TilesetLoader        - Diagonally flipped tiles are not currently supported
20:45:38.127 [FXGL Background Thread 1 ] WARN  TilesetLoader        - Diagonally flipped tiles are not currently supported
20:45:38.128 [FXGL Background Thread 1 ] WARN  TilesetLoader        - Diagonally flipped tiles are not currently supported
20:45:38.128 [FXGL Background Thread 1 ] WARN  TilesetLoader        - Diagonally flipped tiles are not currently supported
20:45:38.128 [FXGL Background Thread 1 ] WARN  TilesetLoader        - Diagonally flipped tiles are not currently supported
20:45:38.129 [FXGL Background Thread 1 ] WARN  TilesetLoader        - Diagonally flipped tiles are not currently supported
20:45:38.129 [FXGL Background Thread 1 ] WARN  TilesetLoader        - Diagonally flipped tiles are not currently supported
20:45:38.129 [FXGL Background Thread 1 ] WARN  TilesetLoader        - Diagonally flipped tiles are not currently supported
20:45:38.132 [FXGL Background Thread 1 ] WARN  TilesetLoader        - Diagonally flipped tiles are not currently supported
20:45:38.133 [FXGL Background Thread 1 ] WARN  TilesetLoader        - Diagonally flipped tiles are not currently supported
20:45:38.134 [FXGL Background Thread 1 ] WARN  TilesetLoader        - Diagonally flipped tiles are not currently supported
20:45:38.134 [FXGL Background Thread 1 ] WARN  TilesetLoader        - Diagonally flipped tiles are not currently supported
20:45:38.135 [FXGL Background Thread 1 ] WARN  TilesetLoader        - Diagonally flipped tiles are not currently supported
20:45:38.135 [FXGL Background Thread 1 ] WARN  TilesetLoader        - Diagonally flipped tiles are not currently supported
20:45:38.136 [FXGL Background Thread 1 ] WARN  TilesetLoader        - Diagonally flipped tiles are not currently supported
20:45:38.136 [FXGL Background Thread 1 ] WARN  TilesetLoader        - Diagonally flipped tiles are not currently supported
20:45:38.136 [FXGL Background Thread 1 ] WARN  TilesetLoader        - Diagonally flipped tiles are not currently supported
20:45:38.137 [FXGL Background Thread 1 ] WARN  TilesetLoader        - Diagonally flipped tiles are not currently supported
20:45:38.137 [FXGL Background Thread 1 ] WARN  TilesetLoader        - Diagonally flipped tiles are not currently supported
20:45:38.137 [FXGL Background Thread 1 ] WARN  TilesetLoader        - Diagonally flipped tiles are not currently supported
20:45:38.138 [FXGL Background Thread 1 ] WARN  TilesetLoader        - Diagonally flipped tiles are not currently supported
20:45:38.138 [FXGL Background Thread 1 ] WARN  TilesetLoader        - Diagonally flipped tiles are not currently supported
20:45:38.138 [FXGL Background Thread 1 ] WARN  TilesetLoader        - Diagonally flipped tiles are not currently supported
20:45:38.138 [FXGL Background Thread 1 ] WARN  TilesetLoader        - Diagonally flipped tiles are not currently supported
20:45:38.139 [FXGL Background Thread 1 ] WARN  TilesetLoader        - Diagonally flipped tiles are not currently supported
20:45:38.139 [FXGL Background Thread 1 ] WARN  TilesetLoader        - Diagonally flipped tiles are not currently supported
20:45:38.139 [FXGL Background Thread 1 ] WARN  TilesetLoader        - Diagonally flipped tiles are not currently supported
20:45:38.140 [FXGL Background Thread 1 ] WARN  TilesetLoader        - Diagonally flipped tiles are not currently supported
20:45:38.140 [FXGL Background Thread 1 ] WARN  TilesetLoader        - Diagonally flipped tiles are not currently supported
20:45:38.141 [FXGL Background Thread 1 ] WARN  TilesetLoader        - Diagonally flipped tiles are not currently supported
20:45:38.141 [FXGL Background Thread 1 ] WARN  TilesetLoader        - Diagonally flipped tiles are not currently supported
20:45:38.141 [FXGL Background Thread 1 ] WARN  TilesetLoader        - Diagonally flipped tiles are not currently supported
20:45:38.142 [FXGL Background Thread 1 ] WARN  TilesetLoader        - Diagonally flipped tiles are not currently supported
20:45:38.142 [FXGL Background Thread 1 ] WARN  TilesetLoader        - Diagonally flipped tiles are not currently supported
20:45:38.143 [FXGL Background Thread 1 ] WARN  TilesetLoader        - Diagonally flipped tiles are not currently supported
20:45:38.143 [FXGL Background Thread 1 ] WARN  TilesetLoader        - Diagonally flipped tiles are not currently supported
20:45:38.143 [FXGL Background Thread 1 ] WARN  TilesetLoader        - Diagonally flipped tiles are not currently supported
20:45:38.144 [FXGL Background Thread 1 ] WARN  TilesetLoader        - Diagonally flipped tiles are not currently supported
20:45:38.144 [FXGL Background Thread 1 ] WARN  TilesetLoader        - Diagonally flipped tiles are not currently supported
20:45:38.145 [FXGL Background Thread 1 ] WARN  TilesetLoader        - Diagonally flipped tiles are not currently supported
20:45:38.145 [FXGL Background Thread 1 ] WARN  TilesetLoader        - Diagonally flipped tiles are not currently supported
20:45:38.145 [FXGL Background Thread 1 ] WARN  TilesetLoader        - Diagonally flipped tiles are not currently supported
20:45:38.145 [FXGL Background Thread 1 ] WARN  TilesetLoader        - Diagonally flipped tiles are not currently supported
20:45:38.146 [FXGL Background Thread 1 ] WARN  TilesetLoader        - Diagonally flipped tiles are not currently supported
20:45:38.146 [FXGL Background Thread 1 ] WARN  TilesetLoader        - Diagonally flipped tiles are not currently supported
20:45:38.146 [FXGL Background Thread 1 ] WARN  TilesetLoader        - Diagonally flipped tiles are not currently supported
20:45:38.146 [FXGL Background Thread 1 ] WARN  TilesetLoader        - Diagonally flipped tiles are not currently supported
20:45:38.147 [FXGL Background Thread 1 ] WARN  TilesetLoader        - Diagonally flipped tiles are not currently supported
20:45:38.147 [FXGL Background Thread 1 ] WARN  TilesetLoader        - Diagonally flipped tiles are not currently supported
20:45:38.147 [FXGL Background Thread 1 ] WARN  TilesetLoader        - Diagonally flipped tiles are not currently supported
20:45:38.147 [FXGL Background Thread 1 ] WARN  TilesetLoader        - Diagonally flipped tiles are not currently supported
20:45:38.148 [FXGL Background Thread 1 ] WARN  TilesetLoader        - Diagonally flipped tiles are not currently supported
20:45:38.148 [FXGL Background Thread 1 ] WARN  TilesetLoader        - Diagonally flipped tiles are not currently supported
20:45:38.148 [FXGL Background Thread 1 ] WARN  TilesetLoader        - Diagonally flipped tiles are not currently supported
20:45:38.149 [FXGL Background Thread 1 ] WARN  TilesetLoader        - Diagonally flipped tiles are not currently supported
20:45:38.149 [FXGL Background Thread 1 ] WARN  TilesetLoader        - Diagonally flipped tiles are not currently supported
20:45:38.150 [FXGL Background Thread 1 ] WARN  TilesetLoader        - Diagonally flipped tiles are not currently supported
20:45:38.150 [FXGL Background Thread 1 ] WARN  TilesetLoader        - Diagonally flipped tiles are not currently supported
20:45:38.151 [FXGL Background Thread 1 ] WARN  TilesetLoader        - Diagonally flipped tiles are not currently supported
20:45:38.151 [FXGL Background Thread 1 ] WARN  TilesetLoader        - Diagonally flipped tiles are not currently supported
20:45:38.152 [FXGL Background Thread 1 ] WARN  TilesetLoader        - Diagonally flipped tiles are not currently supported
20:45:38.152 [FXGL Background Thread 1 ] WARN  TilesetLoader        - Diagonally flipped tiles are not currently supported
20:45:38.153 [FXGL Background Thread 1 ] WARN  TilesetLoader        - Diagonally flipped tiles are not currently supported
20:45:38.153 [FXGL Background Thread 1 ] WARN  TilesetLoader        - Diagonally flipped tiles are not currently supported
20:45:38.153 [FXGL Background Thread 1 ] WARN  TilesetLoader        - Diagonally flipped tiles are not currently supported
20:45:38.154 [FXGL Background Thread 1 ] WARN  TilesetLoader        - Diagonally flipped tiles are not currently supported
20:45:38.154 [FXGL Background Thread 1 ] WARN  TilesetLoader        - Diagonally flipped tiles are not currently supported
20:45:38.154 [FXGL Background Thread 1 ] WARN  TilesetLoader        - Diagonally flipped tiles are not currently supported
20:45:38.155 [FXGL Background Thread 1 ] WARN  TilesetLoader        - Diagonally flipped tiles are not currently supported
20:45:38.155 [FXGL Background Thread 1 ] WARN  TilesetLoader        - Diagonally flipped tiles are not currently supported
20:45:38.155 [FXGL Background Thread 1 ] WARN  TilesetLoader        - Diagonally flipped tiles are not currently supported
20:45:38.155 [FXGL Background Thread 1 ] WARN  TilesetLoader        - Diagonally flipped tiles are not currently supported
20:45:38.157 [FXGL Background Thread 1 ] WARN  TilesetLoader        - Diagonally flipped tiles are not currently supported
20:45:38.157 [FXGL Background Thread 1 ] WARN  TilesetLoader        - Diagonally flipped tiles are not currently supported
20:45:38.157 [FXGL Background Thread 1 ] WARN  TilesetLoader        - Diagonally flipped tiles are not currently supported
20:45:38.158 [FXGL Background Thread 1 ] WARN  TilesetLoader        - Diagonally flipped tiles are not currently supported
20:45:38.159 [FXGL Background Thread 1 ] DEBUG TilesetLoader        - Loading view for layer road3
20:45:38.162 [FXGL Background Thread 1 ] DEBUG TilesetLoader        - Created buffer with size 1280.0x800.0
20:45:38.164 [FXGL Background Thread 1 ] DEBUG TilesetLoader        - Loading view for layer bg2
20:45:38.165 [FXGL Background Thread 1 ] DEBUG TilesetLoader        - Created buffer with size 1280.0x800.0
20:45:38.278 [FXGL Background Thread 1 ] DEBUG TilesetLoader        - Loading view for layer icons
20:45:38.281 [FXGL Background Thread 1 ] DEBUG TilesetLoader        - Created buffer with size 1280.0x800.0
20:45:38.298 [FXGL Background Thread 1 ] DEBUG TMXLevelLoader       - Creating object layer entities
20:45:38.330 [FXGL Background Thread 1 ] DEBUG GameWorld            - Clearing removable entities
20:45:38.331 [FXGL Background Thread 1 ] DEBUG GameWorld            - Setting level: com.almasb.fxgl.entity.level.Level@26f7f680
20:45:38.346 [FXGL Background Thread 1 ] INFO  FXGLApplication      - Game initialization took: 0.466 sec
20:45:38.360 [JavaFX Application Thread] DEBUG Input                - Clearing active input actions
20:45:38.372 [JavaFX Application Thread] DEBUG GameApplicationServi - Removing overlay from FXGLLoadingScene and adding to GameScene
20:45:38.372 [JavaFX Application Thread] DEBUG PrimaryStageWindow   - FXGLLoadingScene -> GameScene
20:45:38.394 [JavaFX Application Thread] DEBUG FXGLAssetLoaderServi - Loading from file system: file:/E:/All%20About%20Dev/OOP/FXGL%20new%20Begining/final%20version/Tower%20Defender/Tower-Defender/target/classes/assets/textures/wolf.png
20:45:38.417 [JavaFX Application Thread] DEBUG FXGLAssetLoaderServi - Loading from file system: file:/E:/All%20About%20Dev/OOP/FXGL%20new%20Begining/final%20version/Tower%20Defender/Tower-Defender/target/classes/assets/textures/bird.png
20:45:39.755 [FXGL Background Thread 2 ] INFO  UpdaterService       - Your current version:  21.1
20:45:39.755 [FXGL Background Thread 2 ] INFO  UpdaterService       - Latest stable version: 25
20:45:40.757 [FXGL Background Thread 3 ] DEBUG Engine               - Logging environment variables
20:45:40.758 [FXGL Background Thread 3 ] DEBUG Engine               - achievements: []
20:45:40.758 [FXGL Background Thread 3 ] DEBUG Engine               - actualHeight: 800.0
20:45:40.758 [FXGL Background Thread 3 ] DEBUG Engine               - actualHeightProperty: ReadOnlyDoubleProperty [value: 800.0]
20:45:40.758 [FXGL Background Thread 3 ] DEBUG Engine               - actualWidth: 1280.0
20:45:40.758 [FXGL Background Thread 3 ] DEBUG Engine               - actualWidthProperty: ReadOnlyDoubleProperty [value: 1280.0]
20:45:40.758 [FXGL Background Thread 3 ] DEBUG Engine               - appIcon: fxgl_icon.png
20:45:40.758 [FXGL Background Thread 3 ] DEBUG Engine               - applicationMode: DEVELOPER
20:45:40.758 [FXGL Background Thread 3 ] DEBUG Engine               - cSSList: [fxgl_dark.css]
20:45:40.758 [FXGL Background Thread 3 ] DEBUG Engine               - collisionDetectionStrategy: BRUTE_FORCE
20:45:40.758 [FXGL Background Thread 3 ] DEBUG Engine               - configClass: Optional.empty
20:45:40.758 [FXGL Background Thread 3 ] DEBUG Engine               - credits: []
20:45:40.759 [FXGL Background Thread 3 ] DEBUG Engine               - defaultCursor: CursorInfo(imageName=fxgl_default_cursor.png, hotspotX=7.0, hotspotY=6.0)
20:45:40.759 [FXGL Background Thread 3 ] DEBUG Engine               - devBBoxColorProperty: ObjectProperty [value: 0xff0000ff]
20:45:40.759 [FXGL Background Thread 3 ] DEBUG Engine               - devEnableDebugCameraProperty: BooleanProperty [value: false]
20:45:40.759 [FXGL Background Thread 3 ] DEBUG Engine               - devSensorColorProperty: ObjectProperty [value: 0xffff00ff]
20:45:40.759 [FXGL Background Thread 3 ] DEBUG Engine               - devShowBBoxProperty: BooleanProperty [value: false]
20:45:40.759 [FXGL Background Thread 3 ] DEBUG Engine               - devShowPositionProperty: BooleanProperty [value: false]
20:45:40.759 [FXGL Background Thread 3 ] DEBUG Engine               - enabledMenuItems: []
20:45:40.759 [FXGL Background Thread 3 ] DEBUG Engine               - engineServices: [class com.almasb.fxgl.app.services.FXGLAssetLoaderService, class com.almasb.fxgl.app.FXGLApplication$GameApplicationService, class com.almasb.fxgl.app.services.FXGLDialogService, class com.almasb.fxgl.app.services.IOTaskExecutorService, class com.almasb.fxgl.io.FileSystemService, class com.almasb.fxgl.localization.LocalizationService, class com.almasb.fxgl.app.services.SystemBundleService, class com.almasb.fxgl.profile.SaveLoadService, class com.almasb.fxgl.ui.FXGLUIFactoryServiceProvider, class com.almasb.fxgl.ui.FXGLDialogFactoryServiceProvider, class com.almasb.fxgl.audio.AudioPlayer, class com.almasb.fxgl.notification.impl.NotificationServiceProvider, class com.almasb.fxgl.achievement.AchievementService, class com.almasb.fxgl.cutscene.CutsceneService, class com.almasb.fxgl.minigames.MiniGameService, class com.almasb.fxgl.net.NetService, class com.almasb.fxgl.app.services.UpdaterService, class com.almasb.fxgl.dev.DevService]
20:45:40.760 [FXGL Background Thread 3 ] DEBUG Engine               - fontGame: Abel-Regular.ttf
20:45:40.760 [FXGL Background Thread 3 ] DEBUG Engine               - fontMono: TerminalLandMono-Regular.otf
20:45:40.760 [FXGL Background Thread 3 ] DEBUG Engine               - fontSizeScaleUI: 1.0
20:45:40.760 [FXGL Background Thread 3 ] DEBUG Engine               - fontText: Courier-Prime.ttf
20:45:40.760 [FXGL Background Thread 3 ] DEBUG Engine               - fontUI: VarelaRound-Regular.ttf
20:45:40.760 [FXGL Background Thread 3 ] DEBUG Engine               - fullScreen: BooleanProperty [value: false]
20:45:40.760 [FXGL Background Thread 3 ] DEBUG Engine               - gameDifficulty: MEDIUM
20:45:40.760 [FXGL Background Thread 3 ] DEBUG Engine               - gameDifficultyProperty: ObjectProperty [value: MEDIUM]
20:45:40.760 [FXGL Background Thread 3 ] DEBUG Engine               - globalMusicVolume: 0.5
20:45:40.760 [FXGL Background Thread 3 ] DEBUG Engine               - globalMusicVolumeProperty: DoubleProperty [value: 0.5]
20:45:40.760 [FXGL Background Thread 3 ] DEBUG Engine               - globalSoundVolume: 0.5
20:45:40.760 [FXGL Background Thread 3 ] DEBUG Engine               - globalSoundVolumeProperty: DoubleProperty [value: 0.5]
20:45:40.760 [FXGL Background Thread 3 ] DEBUG Engine               - height: 800
20:45:40.760 [FXGL Background Thread 3 ] DEBUG Engine               - is3D: false
20:45:40.760 [FXGL Background Thread 3 ] DEBUG Engine               - isAndroid: false
20:45:40.760 [FXGL Background Thread 3 ] DEBUG Engine               - isBrowser: false
20:45:40.760 [FXGL Background Thread 3 ] DEBUG Engine               - isClickFeedbackEnabled: false
20:45:40.760 [FXGL Background Thread 3 ] DEBUG Engine               - isCloseConfirmation: false
20:45:40.760 [FXGL Background Thread 3 ] DEBUG Engine               - isDesktop: true
20:45:40.760 [FXGL Background Thread 3 ] DEBUG Engine               - isDeveloperMenuEnabled: false
20:45:40.760 [FXGL Background Thread 3 ] DEBUG Engine               - isEmbedded: false
20:45:40.760 [FXGL Background Thread 3 ] DEBUG Engine               - isEntityPreloadEnabled: true
20:45:40.760 [FXGL Background Thread 3 ] DEBUG Engine               - isExperimentalTiledLargeMap: false
20:45:40.760 [FXGL Background Thread 3 ] DEBUG Engine               - isFileSystemWriteAllowed: true
20:45:40.760 [FXGL Background Thread 3 ] DEBUG Engine               - isFullScreenAllowed: true
20:45:40.760 [FXGL Background Thread 3 ] DEBUG Engine               - isFullScreenFromStart: false
20:45:40.760 [FXGL Background Thread 3 ] DEBUG Engine               - isGameMenuEnabled: true
20:45:40.760 [FXGL Background Thread 3 ] DEBUG Engine               - isIOS: false
20:45:40.761 [FXGL Background Thread 3 ] DEBUG Engine               - isIntroEnabled: false
20:45:40.761 [FXGL Background Thread 3 ] DEBUG Engine               - isLinux: false
20:45:40.761 [FXGL Background Thread 3 ] DEBUG Engine               - isMac: false
20:45:40.761 [FXGL Background Thread 3 ] DEBUG Engine               - isMainMenuEnabled: false
20:45:40.761 [FXGL Background Thread 3 ] DEBUG Engine               - isManualResizeEnabled: true
20:45:40.761 [FXGL Background Thread 3 ] DEBUG Engine               - isMobile: false
20:45:40.761 [FXGL Background Thread 3 ] DEBUG Engine               - isNative: false
20:45:40.761 [FXGL Background Thread 3 ] DEBUG Engine               - isPauseMusicWhenMinimized: true
20:45:40.761 [FXGL Background Thread 3 ] DEBUG Engine               - isPreserveResizeRatio: false
20:45:40.761 [FXGL Background Thread 3 ] DEBUG Engine               - isProfilingEnabled: false
20:45:40.761 [FXGL Background Thread 3 ] DEBUG Engine               - isScaleAffectedOnResize: true
20:45:40.761 [FXGL Background Thread 3 ] DEBUG Engine               - isSingleStep: false
20:45:40.761 [FXGL Background Thread 3 ] DEBUG Engine               - isUserProfileEnabled: false
20:45:40.761 [FXGL Background Thread 3 ] DEBUG Engine               - isWindows: true
20:45:40.761 [FXGL Background Thread 3 ] DEBUG Engine               - language: ObjectProperty [value: ENGLISH]
20:45:40.761 [FXGL Background Thread 3 ] DEBUG Engine               - menuKey: ESCAPE
20:45:40.761 [FXGL Background Thread 3 ] DEBUG Engine               - mouseSensitivity: 0.2
20:45:40.761 [FXGL Background Thread 3 ] DEBUG Engine               - notificationViewClass: class com.almasb.fxgl.notification.view.XboxNotificationView
20:45:40.761 [FXGL Background Thread 3 ] DEBUG Engine               - pixelsPerMeter: 50.0
20:45:40.761 [FXGL Background Thread 3 ] DEBUG Engine               - platform: WINDOWS
20:45:40.761 [FXGL Background Thread 3 ] DEBUG Engine               - prefHeightProperty: ReadOnlyDoubleProperty [value: 800.0]
20:45:40.761 [FXGL Background Thread 3 ] DEBUG Engine               - prefWidthProperty: ReadOnlyDoubleProperty [value: 1280.0]
20:45:40.761 [FXGL Background Thread 3 ] DEBUG Engine               - profileDir: profiles/
20:45:40.762 [FXGL Background Thread 3 ] DEBUG Engine               - profileName: StringProperty [value: DEFAULT]
20:45:40.762 [FXGL Background Thread 3 ] DEBUG Engine               - randomSeed: -1
20:45:40.762 [FXGL Background Thread 3 ] DEBUG Engine               - runtimeInfo: RuntimeInfo(platform=WINDOWS, version=21.1, build=27.03.2024 07.52)
20:45:40.762 [FXGL Background Thread 3 ] DEBUG Engine               - saveFileExt: sav
20:45:40.762 [FXGL Background Thread 3 ] DEBUG Engine               - scaledHeightProp$fxgl: DoubleProperty [bound, value: 800.0]
20:45:40.762 [FXGL Background Thread 3 ] DEBUG Engine               - scaledWidthProp$fxgl: DoubleProperty [bound, value: 1280.0]
20:45:40.763 [FXGL Background Thread 3 ] DEBUG Engine               - sceneFactory: com.almasb.fxgl.app.scene.SceneFactory@62e49230
20:45:40.763 [FXGL Background Thread 3 ] DEBUG Engine               - secondsIn24h: 60
20:45:40.763 [FXGL Background Thread 3 ] DEBUG Engine               - soundMenuBack: menu/back.wav
20:45:40.763 [FXGL Background Thread 3 ] DEBUG Engine               - soundMenuPress: menu/press.wav
20:45:40.763 [FXGL Background Thread 3 ] DEBUG Engine               - soundMenuSelect: menu/select.wav
20:45:40.763 [FXGL Background Thread 3 ] DEBUG Engine               - soundNotification: core/notification.wav
20:45:40.763 [FXGL Background Thread 3 ] DEBUG Engine               - stageStyle: DECORATED
20:45:40.763 [FXGL Background Thread 3 ] DEBUG Engine               - supportedLanguages: [ENGLISH, FRENCH, GERMAN, HUNGARIAN, RUSSIAN]
20:45:40.763 [FXGL Background Thread 3 ] DEBUG Engine               - ticksPerSecond: -1
20:45:40.763 [FXGL Background Thread 3 ] DEBUG Engine               - title: Ghost Hunter
20:45:40.763 [FXGL Background Thread 3 ] DEBUG Engine               - urlGithub: https://github.com/AlmasB/FXGL
20:45:40.763 [FXGL Background Thread 3 ] DEBUG Engine               - urlLeaderboard: http://fxgl-top.herokuapp.com/
20:45:40.763 [FXGL Background Thread 3 ] DEBUG Engine               - urlPOM: https://raw.githubusercontent.com/AlmasB/FXGL/release/README.md
20:45:40.763 [FXGL Background Thread 3 ] DEBUG Engine               - userAppClass: class org.saikat.Game
20:45:40.763 [FXGL Background Thread 3 ] DEBUG Engine               - version: 1.0
20:45:40.763 [FXGL Background Thread 3 ] DEBUG Engine               - versionCheckDays: 7
20:45:40.763 [FXGL Background Thread 3 ] DEBUG Engine               - width: 1280
20:45:40.763 [FXGL Background Thread 3 ] DEBUG Engine               - Logging services
20:45:40.763 [FXGL Background Thread 3 ] DEBUG Engine               - class com.almasb.fxgl.app.services.FXGLAssetLoaderService
20:45:40.763 [FXGL Background Thread 3 ] DEBUG Engine               - class com.almasb.fxgl.app.FXGLApplication$GameApplicationService
20:45:40.764 [FXGL Background Thread 3 ] DEBUG Engine               - class com.almasb.fxgl.app.services.FXGLDialogService
20:45:40.764 [FXGL Background Thread 3 ] DEBUG Engine               - class com.almasb.fxgl.app.services.IOTaskExecutorService
20:45:40.764 [FXGL Background Thread 3 ] DEBUG Engine               - class com.almasb.fxgl.io.FileSystemService
20:45:40.764 [FXGL Background Thread 3 ] DEBUG Engine               - class com.almasb.fxgl.localization.LocalizationService
20:45:40.764 [FXGL Background Thread 3 ] DEBUG Engine               - class com.almasb.fxgl.app.services.SystemBundleService
20:45:40.764 [FXGL Background Thread 3 ] DEBUG Engine               - class com.almasb.fxgl.profile.SaveLoadService
20:45:40.764 [FXGL Background Thread 3 ] DEBUG Engine               - class com.almasb.fxgl.ui.FXGLUIFactoryServiceProvider
20:45:40.764 [FXGL Background Thread 3 ] DEBUG Engine               - class com.almasb.fxgl.ui.FXGLDialogFactoryServiceProvider
20:45:40.764 [FXGL Background Thread 3 ] DEBUG Engine               - class com.almasb.fxgl.audio.AudioPlayer
20:45:40.764 [FXGL Background Thread 3 ] DEBUG Engine               - class com.almasb.fxgl.notification.impl.NotificationServiceProvider
20:45:40.764 [FXGL Background Thread 3 ] DEBUG Engine               - class com.almasb.fxgl.achievement.AchievementService
20:45:40.764 [FXGL Background Thread 3 ] DEBUG Engine               - class com.almasb.fxgl.cutscene.CutsceneService
20:45:40.764 [FXGL Background Thread 3 ] DEBUG Engine               - class com.almasb.fxgl.minigames.MiniGameService
20:45:40.764 [FXGL Background Thread 3 ] DEBUG Engine               - class com.almasb.fxgl.net.NetService
20:45:40.764 [FXGL Background Thread 3 ] DEBUG Engine               - class com.almasb.fxgl.app.services.UpdaterService
20:45:40.764 [FXGL Background Thread 3 ] DEBUG Engine               - class com.almasb.fxgl.dev.DevService
20:45:46.444 [JavaFX Application Thread] DEBUG FXGLApplication      - Exiting FXGL
20:45:46.444 [JavaFX Application Thread] DEBUG LoopRunner           - Stopping loop
20:45:46.444 [JavaFX Application Thread] DEBUG SystemBundleService  - Saving FXGL system data
20:45:46.450 [JavaFX Application Thread] DEBUG FileSystemAccess     - Writing to: E:\All About Dev\OOP\FXGL new Begining\final version\Tower Defender\Tower-Defender\system\fxgl.bundle
20:45:46.454 [JavaFX Application Thread] DEBUG Async                - Shutting down background threads
20:45:46.454 [JavaFX Application Thread] DEBUG PrimaryStageWindow   - Closing main window
20:45:46.481 [JavaFX Application Thread] DEBUG Logger               - Closing Logger
