10:47:46.739 [main                     ] DEBUG Logger               - Configured Logger
10:47:46.763 [main                     ] DEBUG GameApplication      - Logging settings
Title: 1945
Version: 0.1
Width: 800
Height: 800
Fullscreen: false
Intro: false
Profiling: false
Single step:false
App Mode: DEVELOPER
Menu Key: ESCAPE
Stage Style: DECORATED
Scene Factory: class com.almasb.fxgl.app.scene.SceneFactory

10:47:47.290 [JavaFX Application Thread] DEBUG FXGLApplication      - Initializing FXGL
10:47:47.293 [JavaFX Application Thread] INFO  Engine               - FXGL-21.1 (27.03.2024 07.52) on WINDOWS (J:21.0.9 FX:21.0.1)
10:47:47.294 [JavaFX Application Thread] DEBUG Engine               - JRE Vendor Name: Oracle Corporation
10:47:47.294 [JavaFX Application Thread] DEBUG Engine               - Running on OS: Windows 11 version 10.0
10:47:47.294 [JavaFX Application Thread] DEBUG Engine               - Architecture: amd64
10:47:47.294 [JavaFX Application Thread] INFO  Engine               - Source code and latest versions at: https://github.com/AlmasB/FXGL
10:47:47.294 [JavaFX Application Thread] INFO  Engine               -       Ask questions and discuss at: https://github.com/AlmasB/FXGL/discussions
10:47:47.294 [JavaFX Application Thread] INFO  Engine               -              Join the FXGL chat at: https://gitter.im/AlmasB/FXGL
10:47:47.395 [JavaFX Application Thread] DEBUG PrimaryStageWindow   - Creating a JavaFX scene
10:47:47.442 [JavaFX Application Thread] DEBUG PrimaryStageWindow   - Target settings size: 800.0 x 800.0
10:47:47.442 [JavaFX Application Thread] DEBUG PrimaryStageWindow   - Scaled scene size:    800.0 x 800.0
10:47:47.442 [JavaFX Application Thread] DEBUG PrimaryStageWindow   - Scaled ratio: (1.0, 1.0)
10:47:47.443 [JavaFX Application Thread] DEBUG PrimaryStageWindow   - Set initial scene to FXGLStartupScene
10:47:47.446 [JavaFX Application Thread] DEBUG PrimaryStageWindow   - Opening main window
10:47:47.551 [JavaFX Application Thread] DEBUG PrimaryStageWindow   - Window border size: (14.4000244140625, 37.5999755859375)
10:47:47.552 [JavaFX Application Thread] DEBUG PrimaryStageWindow   - Scaled size: 800.0 x 800.0
10:47:47.552 [JavaFX Application Thread] DEBUG PrimaryStageWindow   - Scaled ratio: (1.0, 1.0)
10:47:47.553 [JavaFX Application Thread] DEBUG PrimaryStageWindow   - Scene size: 800.0 x 800.0
10:47:47.553 [JavaFX Application Thread] DEBUG PrimaryStageWindow   - Stage size: 814.4000244140625 x 837.5999755859375
10:47:47.565 [FXGL Background Thread 1 ] DEBUG Engine               - Initializing environment variables
10:47:47.642 [FXGL Background Thread 1 ] DEBUG FXGLAssetLoaderServi - User app class for loading assets: class org.example.Main
10:47:47.642 [FXGL Background Thread 1 ] DEBUG GameApplicationServi - Applying CSS: fxgl_dark.css
10:47:47.643 [FXGL Background Thread 1 ] DEBUG FXGLAssetLoaderServi - Loading from file system: jar:file:/C:/Users/HP/.m2/repository/com/github/almasb/fxgl/21.1/fxgl-21.1.jar!/fxglassets/ui/css/fxgl_dark.css
10:47:47.693 [FXGL Background Thread 1 ] DEBUG GameApplicationServi - Initializing application scenes
10:47:47.745 [FXGL Background Thread 1 ] DEBUG GameWorld            - Game world initialized
10:47:47.832 [FXGL Background Thread 1 ] DEBUG PhysicsWorld         - Physics world initialized: appHeight=800, physics.ppm=50.0
10:47:47.832 [FXGL Background Thread 1 ] DEBUG PhysicsWorld         - Using strategy: BRUTE_FORCE
10:47:47.839 [FXGL Background Thread 1 ] DEBUG GameScene            - Game scene initialized: 800x800
10:47:47.858 [FXGL Background Thread 1 ] DEBUG FXGL.DefaultMenu     - createMenuBodyMainMenu()
10:47:47.872 [FXGL Background Thread 1 ] DEBUG FXGL.DefaultMenu     - createOptionsMenu()
10:47:47.880 [FXGL Background Thread 1 ] DEBUG FXGLAssetLoaderServi - Loading from file system: jar:file:/C:/Users/HP/.m2/repository/com/github/almasb/fxgl/21.1/fxgl-21.1.jar!/fxglassets/textures/particles/smoke.png
10:47:47.992 [FXGL Background Thread 1 ] DEBUG FXGLAssetLoaderServi - Loading from file system: jar:file:/C:/Users/HP/.m2/repository/com/github/almasb/fxgl/21.1/fxgl-21.1.jar!/fxglassets/textures/particles/trace_horizontal.png
10:47:48.014 [FXGL Background Thread 1 ] DEBUG FXGL.DefaultMenu     - createMenuBodyGameMenu()
10:47:48.015 [FXGL Background Thread 1 ] DEBUG FXGL.DefaultMenu     - createOptionsMenu()
10:47:48.022 [FXGL Background Thread 1 ] DEBUG GameApplicationServi - Application scenes initialized
10:47:48.036 [FXGL Background Thread 1 ] DEBUG SystemBundleService  - Loading FXGL system data
10:47:48.039 [FXGL Background Thread 1 ] DEBUG FileSystemAccess     - Reading from: E:\Downloads\Newbegining-main\Newbegining-main\system\fxgl.bundle
10:47:48.049 [FXGL Background Thread 1 ] DEBUG SystemBundleService  - Bundle FXGL: {}
10:47:48.049 [FXGL Background Thread 1 ] DEBUG UpdaterService       - Checking for updates
10:47:48.055 [FXGL Background Thread 4 ] DEBUG FXGLApplication      - Loading fonts
10:47:48.055 [FXGL Background Thread 1 ] DEBUG FXGLApplication      - Loading default localization
10:47:48.055 [FXGL Background Thread 4 ] DEBUG FXGLAssetLoaderServi - Loading from file system: jar:file:/C:/Users/HP/.m2/repository/com/github/almasb/fxgl/21.1/fxgl-21.1.jar!/fxglassets/ui/fonts/VarelaRound-Regular.ttf
10:47:48.056 [FXGL Background Thread 1 ] DEBUG FXGLAssetLoaderServi - Loading from file system: jar:file:/C:/Users/HP/.m2/repository/com/github/almasb/fxgl/21.1/fxgl-21.1.jar!/fxglassets/languages/english.lang
10:47:48.096 [FXGL Background Thread 1 ] INFO  FXGLApplication      - FXGL initialization took: 0.531 sec
10:47:48.096 [JavaFX Application Thread] DEBUG FXGLAssetLoaderServi - Loading from file system: jar:file:/C:/Users/HP/.m2/repository/com/github/almasb/fxgl/21.1/fxgl-21.1.jar!/fxglassets/textures/fxgl_icon.png
10:47:48.109 [FXGL Background Thread 4 ] DEBUG FXGLAssetLoaderServi - Loading from file system: jar:file:/C:/Users/HP/.m2/repository/com/github/almasb/fxgl/21.1/fxgl-21.1.jar!/fxglassets/ui/fonts/Abel-Regular.ttf
10:47:48.113 [FXGL Background Thread 4 ] DEBUG FXGLAssetLoaderServi - Loading from file system: jar:file:/C:/Users/HP/.m2/repository/com/github/almasb/fxgl/21.1/fxgl-21.1.jar!/fxglassets/ui/fonts/TerminalLandMono-Regular.otf
10:47:48.117 [FXGL Background Thread 4 ] DEBUG FXGLAssetLoaderServi - Loading from file system: jar:file:/C:/Users/HP/.m2/repository/com/github/almasb/fxgl/21.1/fxgl-21.1.jar!/fxglassets/ui/fonts/Courier-Prime.ttf
10:47:48.122 [JavaFX Application Thread] DEBUG FXGLAssetLoaderServi - Loading from file system: jar:file:/C:/Users/HP/.m2/repository/com/github/almasb/fxgl/21.1/fxgl-21.1.jar!/fxglassets/textures/fxgl_default_cursor.png
10:47:48.137 [JavaFX Application Thread] DEBUG Input                - Registered new binding: Screenshot - CTRL+8
10:47:48.138 [JavaFX Application Thread] DEBUG Input                - Registered new binding: System info dump - CTRL+9
10:47:48.139 [JavaFX Application Thread] DEBUG Input                - Registered new binding: Restart - CTRL+R
10:47:48.141 [JavaFX Application Thread] DEBUG Input                - Registered new binding: Toggle Debug Camera - CTRL+7
10:47:48.144 [JavaFX Application Thread] DEBUG LoopRunner           - Starting loop
10:47:48.144 [JavaFX Application Thread] DEBUG LoopRunner           - Initializing JavaFX AnimationTimerLoop
10:47:48.147 [JavaFX Application Thread] DEBUG Input                - Clearing active input actions
10:47:48.155 [JavaFX Application Thread] DEBUG GameApplicationServi - Removing overlay from FXGLStartupScene and adding to FXGLMainMenuDummyScene
10:47:48.156 [JavaFX Application Thread] DEBUG PrimaryStageWindow   - FXGLStartupScene -> FXGLMainMenuDummyScene
10:47:48.156 [JavaFX Application Thread] DEBUG PrimaryStageWindow   - Push state: FXGLDefaultMenu
10:47:48.168 [JavaFX Application Thread] DEBUG Input                - Clearing active input actions
10:47:48.180 [JavaFX Application Thread] DEBUG GameApplicationServi - Removing overlay from FXGLMainMenuDummyScene and adding to FXGLDefaultMenu
10:47:48.181 [JavaFX Application Thread] DEBUG PrimaryStageWindow   - FXGLMainMenuDummyScene -> FXGLDefaultMenu
10:47:48.181 [JavaFX Application Thread] DEBUG FXGLApplication      - Registering font factories with UI factory
10:47:49.564 [FXGL Background Thread 2 ] INFO  UpdaterService       - Your current version:  21.1
10:47:49.565 [FXGL Background Thread 2 ] INFO  UpdaterService       - Latest stable version: 25
10:47:50.608 [JavaFX Application Thread] DEBUG Menu                 - fireNewGame()
10:47:50.609 [JavaFX Application Thread] DEBUG GameApplicationServi - Starting new game
10:47:50.611 [JavaFX Application Thread] DEBUG PrimaryStageWindow   - Pop state: FXGLDefaultMenu
10:47:50.611 [JavaFX Application Thread] DEBUG Input                - Clearing active input actions
10:47:50.612 [JavaFX Application Thread] DEBUG GameApplicationServi - Removing overlay from FXGLDefaultMenu and adding to FXGLMainMenuDummyScene
10:47:50.613 [JavaFX Application Thread] DEBUG PrimaryStageWindow   - FXGLMainMenuDummyScene <- FXGLDefaultMenu
10:47:50.614 [JavaFX Application Thread] DEBUG Input                - Clearing active input actions
10:47:50.630 [JavaFX Application Thread] DEBUG GameApplicationServi - Removing overlay from FXGLMainMenuDummyScene and adding to FXGLLoadingScene
10:47:50.630 [JavaFX Application Thread] DEBUG PrimaryStageWindow   - FXGLMainMenuDummyScene -> FXGLLoadingScene
10:47:50.631 [JavaFX Application Thread] DEBUG GameApplicationServi - Clearing previous game
10:47:50.631 [JavaFX Application Thread] DEBUG GameScene            - Clearing game scene
10:47:50.631 [JavaFX Application Thread] DEBUG GameWorld            - Clearing game world
10:47:50.631 [JavaFX Application Thread] DEBUG PhysicsWorld         - Clearing physics world
10:47:50.633 [FXGL Background Thread 2 ] DEBUG FXGLApplication      - Initializing game
10:47:51.053 [FXGL Background Thread 3 ] DEBUG Engine               - Logging environment variables
10:47:51.054 [FXGL Background Thread 3 ] DEBUG Engine               - achievements: []
10:47:51.054 [FXGL Background Thread 3 ] DEBUG Engine               - actualHeight: 800.0
10:47:51.054 [FXGL Background Thread 3 ] DEBUG Engine               - actualHeightProperty: ReadOnlyDoubleProperty [value: 800.0]
10:47:51.054 [FXGL Background Thread 3 ] DEBUG Engine               - actualWidth: 800.0
10:47:51.055 [FXGL Background Thread 3 ] DEBUG Engine               - actualWidthProperty: ReadOnlyDoubleProperty [value: 800.0]
10:47:51.055 [FXGL Background Thread 3 ] DEBUG Engine               - appIcon: fxgl_icon.png
10:47:51.055 [FXGL Background Thread 3 ] DEBUG Engine               - applicationMode: DEVELOPER
10:47:51.055 [FXGL Background Thread 3 ] DEBUG Engine               - cSSList: [fxgl_dark.css]
10:47:51.055 [FXGL Background Thread 3 ] DEBUG Engine               - collisionDetectionStrategy: BRUTE_FORCE
10:47:51.055 [FXGL Background Thread 3 ] DEBUG Engine               - configClass: Optional.empty
10:47:51.056 [FXGL Background Thread 3 ] DEBUG Engine               - credits: []
10:47:51.057 [FXGL Background Thread 3 ] DEBUG Engine               - defaultCursor: CursorInfo(imageName=fxgl_default_cursor.png, hotspotX=7.0, hotspotY=6.0)
10:47:51.057 [FXGL Background Thread 3 ] DEBUG Engine               - devBBoxColorProperty: ObjectProperty [value: 0xff0000ff]
10:47:51.058 [FXGL Background Thread 3 ] DEBUG Engine               - devEnableDebugCameraProperty: BooleanProperty [value: false]
10:47:51.058 [FXGL Background Thread 3 ] DEBUG Engine               - devSensorColorProperty: ObjectProperty [value: 0xffff00ff]
10:47:51.058 [FXGL Background Thread 3 ] DEBUG Engine               - devShowBBoxProperty: BooleanProperty [value: false]
10:47:51.058 [FXGL Background Thread 3 ] DEBUG Engine               - devShowPositionProperty: BooleanProperty [value: false]
10:47:51.058 [FXGL Background Thread 3 ] DEBUG Engine               - enabledMenuItems: []
10:47:51.058 [FXGL Background Thread 3 ] DEBUG Engine               - engineServices: [class com.almasb.fxgl.app.services.FXGLAssetLoaderService, class com.almasb.fxgl.app.FXGLApplication$GameApplicationService, class com.almasb.fxgl.app.services.FXGLDialogService, class com.almasb.fxgl.app.services.IOTaskExecutorService, class com.almasb.fxgl.io.FileSystemService, class com.almasb.fxgl.localization.LocalizationService, class com.almasb.fxgl.app.services.SystemBundleService, class com.almasb.fxgl.profile.SaveLoadService, class com.almasb.fxgl.ui.FXGLUIFactoryServiceProvider, class com.almasb.fxgl.ui.FXGLDialogFactoryServiceProvider, class com.almasb.fxgl.audio.AudioPlayer, class com.almasb.fxgl.notification.impl.NotificationServiceProvider, class com.almasb.fxgl.achievement.AchievementService, class com.almasb.fxgl.cutscene.CutsceneService, class com.almasb.fxgl.minigames.MiniGameService, class com.almasb.fxgl.net.NetService, class com.almasb.fxgl.app.services.UpdaterService, class com.almasb.fxgl.dev.DevService]
10:47:51.058 [FXGL Background Thread 3 ] DEBUG Engine               - fontGame: Abel-Regular.ttf
10:47:51.059 [FXGL Background Thread 3 ] DEBUG Engine               - fontMono: TerminalLandMono-Regular.otf
10:47:51.059 [FXGL Background Thread 3 ] DEBUG Engine               - fontSizeScaleUI: 1.0
10:47:51.059 [FXGL Background Thread 3 ] DEBUG Engine               - fontText: Courier-Prime.ttf
10:47:51.059 [FXGL Background Thread 3 ] DEBUG Engine               - fontUI: VarelaRound-Regular.ttf
10:47:51.059 [FXGL Background Thread 3 ] DEBUG Engine               - fullScreen: BooleanProperty [value: false]
10:47:51.059 [FXGL Background Thread 3 ] DEBUG Engine               - gameDifficulty: MEDIUM
10:47:51.059 [FXGL Background Thread 3 ] DEBUG Engine               - gameDifficultyProperty: ObjectProperty [value: MEDIUM]
10:47:51.059 [FXGL Background Thread 3 ] DEBUG Engine               - globalMusicVolume: 0.5
10:47:51.060 [FXGL Background Thread 3 ] DEBUG Engine               - globalMusicVolumeProperty: DoubleProperty [value: 0.5]
10:47:51.060 [FXGL Background Thread 3 ] DEBUG Engine               - globalSoundVolume: 0.5
10:47:51.061 [FXGL Background Thread 3 ] DEBUG Engine               - globalSoundVolumeProperty: DoubleProperty [value: 0.5]
10:47:51.061 [FXGL Background Thread 3 ] DEBUG Engine               - height: 800
10:47:51.061 [FXGL Background Thread 3 ] DEBUG Engine               - is3D: false
10:47:51.061 [FXGL Background Thread 3 ] DEBUG Engine               - isAndroid: false
10:47:51.061 [FXGL Background Thread 3 ] DEBUG Engine               - isBrowser: false
10:47:51.061 [FXGL Background Thread 3 ] DEBUG Engine               - isClickFeedbackEnabled: false
10:47:51.061 [FXGL Background Thread 3 ] DEBUG Engine               - isCloseConfirmation: false
10:47:51.061 [FXGL Background Thread 3 ] DEBUG Engine               - isDesktop: true
10:47:51.061 [FXGL Background Thread 3 ] DEBUG Engine               - isDeveloperMenuEnabled: false
10:47:51.061 [FXGL Background Thread 3 ] DEBUG Engine               - isEmbedded: false
10:47:51.061 [FXGL Background Thread 3 ] DEBUG Engine               - isEntityPreloadEnabled: true
10:47:51.061 [FXGL Background Thread 3 ] DEBUG Engine               - isExperimentalTiledLargeMap: false
10:47:51.061 [FXGL Background Thread 3 ] DEBUG Engine               - isFileSystemWriteAllowed: true
10:47:51.061 [FXGL Background Thread 3 ] DEBUG Engine               - isFullScreenAllowed: false
10:47:51.061 [FXGL Background Thread 3 ] DEBUG Engine               - isFullScreenFromStart: false
10:47:51.061 [FXGL Background Thread 3 ] DEBUG Engine               - isGameMenuEnabled: true
10:47:51.061 [FXGL Background Thread 3 ] DEBUG Engine               - isIOS: false
10:47:51.061 [FXGL Background Thread 3 ] DEBUG Engine               - isIntroEnabled: false
10:47:51.061 [FXGL Background Thread 3 ] DEBUG Engine               - isLinux: false
10:47:51.061 [FXGL Background Thread 3 ] DEBUG Engine               - isMac: false
10:47:51.061 [FXGL Background Thread 3 ] DEBUG Engine               - isMainMenuEnabled: true
10:47:51.062 [FXGL Background Thread 3 ] DEBUG Engine               - isManualResizeEnabled: true
10:47:51.062 [FXGL Background Thread 3 ] DEBUG Engine               - isMobile: false
10:47:51.062 [FXGL Background Thread 3 ] DEBUG Engine               - isNative: false
10:47:51.062 [FXGL Background Thread 3 ] DEBUG Engine               - isPauseMusicWhenMinimized: true
10:47:51.062 [FXGL Background Thread 3 ] DEBUG Engine               - isPreserveResizeRatio: false
10:47:51.062 [FXGL Background Thread 3 ] DEBUG Engine               - isProfilingEnabled: false
10:47:51.062 [FXGL Background Thread 3 ] DEBUG Engine               - isScaleAffectedOnResize: true
10:47:51.062 [FXGL Background Thread 3 ] DEBUG Engine               - isSingleStep: false
10:47:51.062 [FXGL Background Thread 3 ] DEBUG Engine               - isUserProfileEnabled: false
10:47:51.062 [FXGL Background Thread 3 ] DEBUG Engine               - isWindows: true
10:47:51.062 [FXGL Background Thread 3 ] DEBUG Engine               - language: ObjectProperty [value: ENGLISH]
10:47:51.062 [FXGL Background Thread 3 ] DEBUG Engine               - menuKey: ESCAPE
10:47:51.062 [FXGL Background Thread 3 ] DEBUG Engine               - mouseSensitivity: 0.2
10:47:51.062 [FXGL Background Thread 3 ] DEBUG Engine               - notificationViewClass: class com.almasb.fxgl.notification.view.XboxNotificationView
10:47:51.062 [FXGL Background Thread 3 ] DEBUG Engine               - pixelsPerMeter: 50.0
10:47:51.062 [FXGL Background Thread 3 ] DEBUG Engine               - platform: WINDOWS
10:47:51.062 [FXGL Background Thread 3 ] DEBUG Engine               - prefHeightProperty: ReadOnlyDoubleProperty [value: 800.0]
10:47:51.062 [FXGL Background Thread 3 ] DEBUG Engine               - prefWidthProperty: ReadOnlyDoubleProperty [value: 800.0]
10:47:51.062 [FXGL Background Thread 3 ] DEBUG Engine               - profileDir: profiles/
10:47:51.062 [FXGL Background Thread 3 ] DEBUG Engine               - profileName: StringProperty [value: DEFAULT]
10:47:51.062 [FXGL Background Thread 3 ] DEBUG Engine               - randomSeed: -1
10:47:51.063 [FXGL Background Thread 3 ] DEBUG Engine               - runtimeInfo: RuntimeInfo(platform=WINDOWS, version=21.1, build=27.03.2024 07.52)
10:47:51.063 [FXGL Background Thread 3 ] DEBUG Engine               - saveFileExt: sav
10:47:51.063 [FXGL Background Thread 3 ] DEBUG Engine               - scaledHeightProp$fxgl: DoubleProperty [bound, value: 800.0]
10:47:51.063 [FXGL Background Thread 3 ] DEBUG Engine               - scaledWidthProp$fxgl: DoubleProperty [bound, value: 800.0]
10:47:51.063 [FXGL Background Thread 3 ] DEBUG Engine               - sceneFactory: com.almasb.fxgl.app.scene.SceneFactory@4cf03da9
10:47:51.063 [FXGL Background Thread 3 ] DEBUG Engine               - secondsIn24h: 60
10:47:51.063 [FXGL Background Thread 3 ] DEBUG Engine               - soundMenuBack: menu/back.wav
10:47:51.063 [FXGL Background Thread 3 ] DEBUG Engine               - soundMenuPress: menu/press.wav
10:47:51.063 [FXGL Background Thread 3 ] DEBUG Engine               - soundMenuSelect: menu/select.wav
10:47:51.064 [FXGL Background Thread 3 ] DEBUG Engine               - soundNotification: core/notification.wav
10:47:51.064 [FXGL Background Thread 3 ] DEBUG Engine               - stageStyle: DECORATED
10:47:51.064 [FXGL Background Thread 3 ] DEBUG Engine               - supportedLanguages: [ENGLISH, FRENCH, GERMAN, HUNGARIAN, RUSSIAN]
10:47:51.064 [FXGL Background Thread 3 ] DEBUG Engine               - ticksPerSecond: -1
10:47:51.064 [FXGL Background Thread 3 ] DEBUG Engine               - title: 1945
10:47:51.064 [FXGL Background Thread 3 ] DEBUG Engine               - urlGithub: https://github.com/AlmasB/FXGL
10:47:51.064 [FXGL Background Thread 3 ] DEBUG Engine               - urlLeaderboard: http://fxgl-top.herokuapp.com/
10:47:51.064 [FXGL Background Thread 3 ] DEBUG Engine               - urlPOM: https://raw.githubusercontent.com/AlmasB/FXGL/release/README.md
10:47:51.064 [FXGL Background Thread 3 ] DEBUG Engine               - userAppClass: class org.example.Main
10:47:51.065 [FXGL Background Thread 3 ] DEBUG Engine               - version: 0.1
10:47:51.065 [FXGL Background Thread 3 ] DEBUG Engine               - versionCheckDays: 7
10:47:51.065 [FXGL Background Thread 3 ] DEBUG Engine               - width: 800
10:47:51.065 [FXGL Background Thread 3 ] DEBUG Engine               - Logging services
10:47:51.065 [FXGL Background Thread 3 ] DEBUG Engine               - class com.almasb.fxgl.app.services.FXGLAssetLoaderService
10:47:51.065 [FXGL Background Thread 3 ] DEBUG Engine               - class com.almasb.fxgl.app.FXGLApplication$GameApplicationService
10:47:51.065 [FXGL Background Thread 3 ] DEBUG Engine               - class com.almasb.fxgl.app.services.FXGLDialogService
10:47:51.065 [FXGL Background Thread 3 ] DEBUG Engine               - class com.almasb.fxgl.app.services.IOTaskExecutorService
10:47:51.076 [FXGL Background Thread 3 ] DEBUG Engine               - class com.almasb.fxgl.io.FileSystemService
10:47:51.076 [FXGL Background Thread 3 ] DEBUG Engine               - class com.almasb.fxgl.localization.LocalizationService
10:47:51.076 [FXGL Background Thread 3 ] DEBUG Engine               - class com.almasb.fxgl.app.services.SystemBundleService
10:47:51.076 [FXGL Background Thread 3 ] DEBUG Engine               - class com.almasb.fxgl.profile.SaveLoadService
10:47:51.076 [FXGL Background Thread 3 ] DEBUG Engine               - class com.almasb.fxgl.ui.FXGLUIFactoryServiceProvider
10:47:51.076 [FXGL Background Thread 3 ] DEBUG Engine               - class com.almasb.fxgl.ui.FXGLDialogFactoryServiceProvider
10:47:51.076 [FXGL Background Thread 3 ] DEBUG Engine               - class com.almasb.fxgl.audio.AudioPlayer
10:47:51.076 [FXGL Background Thread 3 ] DEBUG Engine               - class com.almasb.fxgl.notification.impl.NotificationServiceProvider
10:47:51.076 [FXGL Background Thread 3 ] DEBUG Engine               - class com.almasb.fxgl.achievement.AchievementService
10:47:51.076 [FXGL Background Thread 3 ] DEBUG Engine               - class com.almasb.fxgl.cutscene.CutsceneService
10:47:51.076 [FXGL Background Thread 3 ] DEBUG Engine               - class com.almasb.fxgl.minigames.MiniGameService
10:47:51.076 [FXGL Background Thread 3 ] DEBUG Engine               - class com.almasb.fxgl.net.NetService
10:47:51.077 [FXGL Background Thread 3 ] DEBUG Engine               - class com.almasb.fxgl.app.services.UpdaterService
10:47:51.077 [FXGL Background Thread 3 ] DEBUG Engine               - class com.almasb.fxgl.dev.DevService
10:47:51.173 [FXGL Background Thread 2 ] WARN  FXGLAssetLoaderServi - Asset "/assets/levels/untitled.tmx" was not found!
10:47:51.184 [JavaFX Application Thread] DEBUG LoopRunner           - Stopping loop
10:47:51.187 [JavaFX Application Thread] FATAL FXGLApplication      - Uncaught Exception:
java.lang.RuntimeException: Initialization failed
	at com.almasb.fxgl.app.FXGLApplication$InitAppTask.failed(FXGLApplication.kt:347)
	at javafx.concurrent.Task.setState(Task.java:710)
	at javafx.concurrent.Task$TaskCallable.lambda$call$2(Task.java:1429)
	at com.sun.javafx.application.PlatformImpl.lambda$runLater$10(PlatformImpl.java:456)
	at java.base/java.security.AccessController.doPrivileged(AccessController.java:400)
	at com.sun.javafx.application.PlatformImpl.lambda$runLater$11(PlatformImpl.java:455)
	at com.sun.glass.ui.InvokeLaterDispatcher$Future.run(InvokeLaterDispatcher.java:95)
	at com.sun.glass.ui.win.WinApplication._runLoop(Native Method)
	at com.sun.glass.ui.win.WinApplication.lambda$runLoop$3(WinApplication.java:185)
	at java.base/java.lang.Thread.run(Thread.java:1583)
Caused by: java.lang.IllegalArgumentException: Loading level failed. Asset not found: untitled.tmx
	at com.almasb.fxgl.app.services.FXGLAssetLoaderService.loadLevel(FXGLAssetLoaderService.kt:446)
	at org.example.Main.initGame(Main.java:77)
	at com.almasb.fxgl.app.FXGLApplication$InitAppTask.initGame(FXGLApplication.kt:343)
	at com.almasb.fxgl.app.FXGLApplication$InitAppTask.call(FXGLApplication.kt:321)
	at com.almasb.fxgl.app.FXGLApplication$InitAppTask.call(FXGLApplication.kt:313)
	at javafx.concurrent.Task$TaskCallable.call(Task.java:1399)
	at java.base/java.util.concurrent.FutureTask.run(FutureTask.java:317)
	at java.base/java.util.concurrent.Executors$RunnableAdapter.call(Executors.java:572)
	at java.base/java.util.concurrent.FutureTask.run(FutureTask.java:317)
	at java.base/java.util.concurrent.ThreadPoolExecutor.runWorker(ThreadPoolExecutor.java:1144)
	at java.base/java.util.concurrent.ThreadPoolExecutor$Worker.run(ThreadPoolExecutor.java:642)
	... 1 more

10:47:51.188 [JavaFX Application Thread] FATAL FXGLApplication      - Application will now exit
10:47:51.218 [JavaFX Application Thread] DEBUG PrimaryStageWindow   - Push state: ErrorSubScene
10:47:51.218 [JavaFX Application Thread] DEBUG Input                - Clearing active input actions
10:47:51.222 [JavaFX Application Thread] DEBUG GameApplicationServi - Removing overlay from FXGLLoadingScene and adding to ErrorSubScene
10:47:51.223 [JavaFX Application Thread] DEBUG PrimaryStageWindow   - FXGLLoadingScene -> ErrorSubScene
10:48:01.903 [JavaFX Application Thread] DEBUG FXGLApplication      - Exiting FXGL
10:48:01.904 [JavaFX Application Thread] DEBUG Async                - Shutting down background threads
10:48:01.904 [JavaFX Application Thread] DEBUG PrimaryStageWindow   - Closing main window
10:48:01.951 [JavaFX Application Thread] DEBUG Logger               - Closing Logger
