19:03:38.205 [main                     ] DEBUG Logger               - Configured Logger
19:03:38.231 [main                     ] DEBUG GameApplication      - Logging settings
Title: 1945
Version: 0.1
Width: 1280
Height: 800
Fullscreen: true
Intro: false
Profiling: false
Single step:false
App Mode: DEVELOPER
Menu Key: ESCAPE
Stage Style: DECORATED
Scene Factory: class com.almasb.fxgl.app.scene.SceneFactory

19:03:39.003 [JavaFX Application Thread] DEBUG FXGLApplication      - Initializing FXGL
19:03:39.016 [JavaFX Application Thread] INFO  Engine               - FXGL-21.1 (27.03.2024 07.52) on WINDOWS (J:21.0.9 FX:21.0.1)
19:03:39.016 [JavaFX Application Thread] DEBUG Engine               - JRE Vendor Name: Oracle Corporation
19:03:39.017 [JavaFX Application Thread] DEBUG Engine               - Running on OS: Windows 11 version 10.0
19:03:39.017 [JavaFX Application Thread] DEBUG Engine               - Architecture: amd64
19:03:39.017 [JavaFX Application Thread] INFO  Engine               - Source code and latest versions at: https://github.com/AlmasB/FXGL
19:03:39.017 [JavaFX Application Thread] INFO  Engine               -       Ask questions and discuss at: https://github.com/AlmasB/FXGL/discussions
19:03:39.017 [JavaFX Application Thread] INFO  Engine               -              Join the FXGL chat at: https://gitter.im/AlmasB/FXGL
19:03:39.191 [JavaFX Application Thread] DEBUG PrimaryStageWindow   - Creating a JavaFX scene
19:03:39.262 [JavaFX Application Thread] DEBUG PrimaryStageWindow   - Target settings size: 1280.0 x 800.0
19:03:39.262 [JavaFX Application Thread] DEBUG PrimaryStageWindow   - Scaled scene size:    1280.0 x 800.0
19:03:39.262 [JavaFX Application Thread] DEBUG PrimaryStageWindow   - Scaled ratio: (1.0, 1.0)
19:03:39.263 [JavaFX Application Thread] DEBUG PrimaryStageWindow   - Set initial scene to FXGLStartupScene
19:03:39.267 [JavaFX Application Thread] DEBUG PrimaryStageWindow   - Opening main window
19:03:39.389 [JavaFX Application Thread] DEBUG PrimaryStageWindow   - Window border size: (14.4000244140625, 37.5999755859375)
19:03:39.389 [JavaFX Application Thread] DEBUG PrimaryStageWindow   - Scaled size: 1280.0 x 800.0
19:03:39.389 [JavaFX Application Thread] DEBUG PrimaryStageWindow   - Scaled ratio: (1.0, 1.0)
19:03:39.389 [JavaFX Application Thread] DEBUG PrimaryStageWindow   - Scene size: 1280.0 x 800.0
19:03:39.389 [JavaFX Application Thread] DEBUG PrimaryStageWindow   - Stage size: 1294.4000244140625 x 837.5999755859375
19:03:39.401 [FXGL Background Thread 1 ] DEBUG Engine               - Initializing environment variables
19:03:39.485 [FXGL Background Thread 1 ] DEBUG FXGLAssetLoaderServi - User app class for loading assets: class org.saikat.Main
19:03:39.485 [FXGL Background Thread 1 ] DEBUG GameApplicationServi - Applying CSS: fxgl_dark.css
19:03:39.487 [FXGL Background Thread 1 ] DEBUG FXGLAssetLoaderServi - Loading from file system: jar:file:/C:/Users/HP/.m2/repository/com/github/almasb/fxgl/21.1/fxgl-21.1.jar!/fxglassets/ui/css/fxgl_dark.css
19:03:39.542 [FXGL Background Thread 1 ] DEBUG GameApplicationServi - Initializing application scenes
19:03:39.601 [FXGL Background Thread 1 ] DEBUG GameWorld            - Game world initialized
19:03:39.680 [FXGL Background Thread 1 ] DEBUG PhysicsWorld         - Physics world initialized: appHeight=800, physics.ppm=50.0
19:03:39.681 [FXGL Background Thread 1 ] DEBUG PhysicsWorld         - Using strategy: BRUTE_FORCE
19:03:39.685 [FXGL Background Thread 1 ] DEBUG GameScene            - Game scene initialized: 1280x800
19:03:39.696 [FXGL Background Thread 1 ] DEBUG FXGL.DefaultMenu     - createMenuBodyMainMenu()
19:03:39.713 [FXGL Background Thread 1 ] DEBUG FXGL.DefaultMenu     - createOptionsMenu()
19:03:39.722 [FXGL Background Thread 1 ] DEBUG FXGLAssetLoaderServi - Loading from file system: jar:file:/C:/Users/HP/.m2/repository/com/github/almasb/fxgl/21.1/fxgl-21.1.jar!/fxglassets/textures/particles/smoke.png
19:03:39.831 [FXGL Background Thread 1 ] DEBUG FXGLAssetLoaderServi - Loading from file system: jar:file:/C:/Users/HP/.m2/repository/com/github/almasb/fxgl/21.1/fxgl-21.1.jar!/fxglassets/textures/particles/trace_horizontal.png
19:03:39.862 [FXGL Background Thread 1 ] DEBUG FXGL.DefaultMenu     - createMenuBodyGameMenu()
19:03:39.863 [FXGL Background Thread 1 ] DEBUG FXGL.DefaultMenu     - createOptionsMenu()
19:03:39.871 [FXGL Background Thread 1 ] DEBUG GameApplicationServi - Application scenes initialized
19:03:39.884 [FXGL Background Thread 1 ] DEBUG SystemBundleService  - Loading FXGL system data
19:03:39.890 [FXGL Background Thread 1 ] DEBUG FileSystemAccess     - Reading from: E:\All About Dev\OOP\FXGL new Begining\final version\Tower Defender\Tower-Defender\system\fxgl.bundle
19:03:39.907 [FXGL Background Thread 1 ] DEBUG SystemBundleService  - Bundle FXGL: {}
19:03:39.907 [FXGL Background Thread 1 ] DEBUG UpdaterService       - Checking for updates
19:03:39.914 [FXGL Background Thread 4 ] DEBUG FXGLApplication      - Loading fonts
19:03:39.914 [FXGL Background Thread 1 ] DEBUG FXGLApplication      - Loading default localization
19:03:39.914 [FXGL Background Thread 4 ] DEBUG FXGLAssetLoaderServi - Loading from file system: jar:file:/C:/Users/HP/.m2/repository/com/github/almasb/fxgl/21.1/fxgl-21.1.jar!/fxglassets/ui/fonts/VarelaRound-Regular.ttf
19:03:39.915 [FXGL Background Thread 1 ] DEBUG FXGLAssetLoaderServi - Loading from file system: jar:file:/C:/Users/HP/.m2/repository/com/github/almasb/fxgl/21.1/fxgl-21.1.jar!/fxglassets/languages/english.lang
19:03:39.946 [FXGL Background Thread 1 ] INFO  FXGLApplication      - FXGL initialization took: 0.544 sec
19:03:39.954 [JavaFX Application Thread] DEBUG Input                - Registered new binding: add tower - LMB
19:03:39.954 [JavaFX Application Thread] DEBUG Input                - Registered new binding: remove tower - RMB
19:03:39.955 [JavaFX Application Thread] DEBUG FXGLAssetLoaderServi - Loading from file system: jar:file:/C:/Users/HP/.m2/repository/com/github/almasb/fxgl/21.1/fxgl-21.1.jar!/fxglassets/textures/fxgl_icon.png
19:03:39.963 [FXGL Background Thread 4 ] DEBUG FXGLAssetLoaderServi - Loading from file system: jar:file:/C:/Users/HP/.m2/repository/com/github/almasb/fxgl/21.1/fxgl-21.1.jar!/fxglassets/ui/fonts/Abel-Regular.ttf
19:03:39.968 [FXGL Background Thread 4 ] DEBUG FXGLAssetLoaderServi - Loading from file system: jar:file:/C:/Users/HP/.m2/repository/com/github/almasb/fxgl/21.1/fxgl-21.1.jar!/fxglassets/ui/fonts/TerminalLandMono-Regular.otf
19:03:39.976 [FXGL Background Thread 4 ] DEBUG FXGLAssetLoaderServi - Loading from file system: jar:file:/C:/Users/HP/.m2/repository/com/github/almasb/fxgl/21.1/fxgl-21.1.jar!/fxglassets/ui/fonts/Courier-Prime.ttf
19:03:39.979 [JavaFX Application Thread] DEBUG FXGLAssetLoaderServi - Loading from file system: jar:file:/C:/Users/HP/.m2/repository/com/github/almasb/fxgl/21.1/fxgl-21.1.jar!/fxglassets/textures/fxgl_default_cursor.png
19:03:39.989 [JavaFX Application Thread] DEBUG Input                - Registered new binding: Screenshot - CTRL+8
19:03:39.989 [JavaFX Application Thread] DEBUG Input                - Registered new binding: System info dump - CTRL+9
19:03:39.990 [JavaFX Application Thread] DEBUG Input                - Registered new binding: Restart - CTRL+R
19:03:39.992 [JavaFX Application Thread] DEBUG Input                - Registered new binding: Toggle Debug Camera - CTRL+7
19:03:39.997 [JavaFX Application Thread] DEBUG LoopRunner           - Starting loop
19:03:39.997 [JavaFX Application Thread] DEBUG LoopRunner           - Initializing JavaFX AnimationTimerLoop
19:03:40.002 [JavaFX Application Thread] DEBUG Input                - Clearing active input actions
19:03:40.009 [JavaFX Application Thread] DEBUG GameApplicationServi - Removing overlay from FXGLStartupScene and adding to FXGLMainMenuDummyScene
19:03:40.009 [JavaFX Application Thread] DEBUG PrimaryStageWindow   - FXGLStartupScene -> FXGLMainMenuDummyScene
19:03:40.009 [JavaFX Application Thread] DEBUG PrimaryStageWindow   - Push state: FXGLDefaultMenu
19:03:40.019 [JavaFX Application Thread] DEBUG Input                - Clearing active input actions
19:03:40.034 [JavaFX Application Thread] DEBUG GameApplicationServi - Removing overlay from FXGLMainMenuDummyScene and adding to FXGLDefaultMenu
19:03:40.035 [JavaFX Application Thread] DEBUG PrimaryStageWindow   - FXGLMainMenuDummyScene -> FXGLDefaultMenu
19:03:40.035 [JavaFX Application Thread] DEBUG FXGLApplication      - Registering font factories with UI factory
19:03:41.045 [FXGL Background Thread 2 ] INFO  UpdaterService       - Your current version:  21.1
19:03:41.045 [FXGL Background Thread 2 ] INFO  UpdaterService       - Latest stable version: 25
19:03:42.548 [JavaFX Application Thread] DEBUG Menu                 - fireNewGame()
19:03:42.550 [JavaFX Application Thread] DEBUG GameApplicationServi - Starting new game
19:03:42.551 [JavaFX Application Thread] DEBUG PrimaryStageWindow   - Pop state: FXGLDefaultMenu
19:03:42.551 [JavaFX Application Thread] DEBUG Input                - Clearing active input actions
19:03:42.554 [JavaFX Application Thread] DEBUG GameApplicationServi - Removing overlay from FXGLDefaultMenu and adding to FXGLMainMenuDummyScene
19:03:42.554 [JavaFX Application Thread] DEBUG PrimaryStageWindow   - FXGLMainMenuDummyScene <- FXGLDefaultMenu
19:03:42.555 [JavaFX Application Thread] DEBUG Input                - Clearing active input actions
19:03:42.567 [JavaFX Application Thread] DEBUG GameApplicationServi - Removing overlay from FXGLMainMenuDummyScene and adding to FXGLLoadingScene
19:03:42.568 [JavaFX Application Thread] DEBUG PrimaryStageWindow   - FXGLMainMenuDummyScene -> FXGLLoadingScene
19:03:42.568 [JavaFX Application Thread] DEBUG GameApplicationServi - Clearing previous game
19:03:42.568 [JavaFX Application Thread] DEBUG GameScene            - Clearing game scene
19:03:42.568 [JavaFX Application Thread] DEBUG GameWorld            - Clearing game world
19:03:42.568 [JavaFX Application Thread] DEBUG PhysicsWorld         - Clearing physics world
19:03:42.571 [FXGL Background Thread 2 ] DEBUG FXGLApplication      - Initializing game
19:03:42.657 [FXGL Background Thread 2 ] WARN  TMXLevelLoader       - TiledMap generated from 1.12.2. Supported version: 1.9.0. Some features may not be parsed fully.
19:03:42.691 [FXGL Background Thread 2 ] DEBUG TMXLevelLoader       - Parsed TiledMap: file:/E:/All%20About%20Dev/OOP/FXGL%20new%20Begining/final%20version/Tower%20Defender/Tower-Defender/target/classes/assets/levels/wall.tmx
19:03:42.693 [FXGL Background Thread 2 ] DEBUG TMXLevelLoader       - Creating tile layer entities
19:03:42.695 [FXGL Background Thread 2 ] DEBUG TilesetLoader        - Loading view for layer background
19:03:42.700 [FXGL Background Thread 2 ] DEBUG TilesetLoader        - Created buffer with size 1280.0x800.0
19:03:42.738 [FXGL Background Thread 2 ] DEBUG TilesetLoader        - Loading view for layer tower spot layer
19:03:42.740 [FXGL Background Thread 2 ] DEBUG TilesetLoader        - Created buffer with size 1280.0x800.0
19:03:42.751 [FXGL Background Thread 2 ] DEBUG TilesetLoader        - Loading view for layer Road
19:03:42.753 [FXGL Background Thread 2 ] DEBUG TilesetLoader        - Created buffer with size 1280.0x800.0
19:03:42.755 [FXGL Background Thread 2 ] DEBUG TilesetLoader        - Loading view for layer road2
19:03:42.758 [FXGL Background Thread 2 ] DEBUG TilesetLoader        - Created buffer with size 1280.0x800.0
19:03:42.760 [FXGL Background Thread 2 ] WARN  TilesetLoader        - Diagonally flipped tiles are not currently supported
19:03:42.761 [FXGL Background Thread 2 ] WARN  TilesetLoader        - Diagonally flipped tiles are not currently supported
19:03:42.762 [FXGL Background Thread 2 ] WARN  TilesetLoader        - Diagonally flipped tiles are not currently supported
19:03:42.763 [FXGL Background Thread 2 ] WARN  TilesetLoader        - Diagonally flipped tiles are not currently supported
19:03:42.763 [FXGL Background Thread 2 ] WARN  TilesetLoader        - Diagonally flipped tiles are not currently supported
19:03:42.764 [FXGL Background Thread 2 ] WARN  TilesetLoader        - Diagonally flipped tiles are not currently supported
19:03:42.764 [FXGL Background Thread 2 ] WARN  TilesetLoader        - Diagonally flipped tiles are not currently supported
19:03:42.765 [FXGL Background Thread 2 ] WARN  TilesetLoader        - Diagonally flipped tiles are not currently supported
19:03:42.773 [FXGL Background Thread 2 ] WARN  TilesetLoader        - Diagonally flipped tiles are not currently supported
19:03:42.774 [FXGL Background Thread 2 ] WARN  TilesetLoader        - Diagonally flipped tiles are not currently supported
19:03:42.775 [FXGL Background Thread 2 ] WARN  TilesetLoader        - Diagonally flipped tiles are not currently supported
19:03:42.776 [FXGL Background Thread 2 ] WARN  TilesetLoader        - Diagonally flipped tiles are not currently supported
19:03:42.776 [FXGL Background Thread 2 ] WARN  TilesetLoader        - Diagonally flipped tiles are not currently supported
19:03:42.777 [FXGL Background Thread 2 ] WARN  TilesetLoader        - Diagonally flipped tiles are not currently supported
19:03:42.777 [FXGL Background Thread 2 ] WARN  TilesetLoader        - Diagonally flipped tiles are not currently supported
19:03:42.777 [FXGL Background Thread 2 ] WARN  TilesetLoader        - Diagonally flipped tiles are not currently supported
19:03:42.778 [FXGL Background Thread 2 ] WARN  TilesetLoader        - Diagonally flipped tiles are not currently supported
19:03:42.778 [FXGL Background Thread 2 ] WARN  TilesetLoader        - Diagonally flipped tiles are not currently supported
19:03:42.779 [FXGL Background Thread 2 ] WARN  TilesetLoader        - Diagonally flipped tiles are not currently supported
19:03:42.779 [FXGL Background Thread 2 ] WARN  TilesetLoader        - Diagonally flipped tiles are not currently supported
19:03:42.780 [FXGL Background Thread 2 ] WARN  TilesetLoader        - Diagonally flipped tiles are not currently supported
19:03:42.780 [FXGL Background Thread 2 ] WARN  TilesetLoader        - Diagonally flipped tiles are not currently supported
19:03:42.780 [FXGL Background Thread 2 ] WARN  TilesetLoader        - Diagonally flipped tiles are not currently supported
19:03:42.781 [FXGL Background Thread 2 ] WARN  TilesetLoader        - Diagonally flipped tiles are not currently supported
19:03:42.781 [FXGL Background Thread 2 ] WARN  TilesetLoader        - Diagonally flipped tiles are not currently supported
19:03:42.782 [FXGL Background Thread 2 ] WARN  TilesetLoader        - Diagonally flipped tiles are not currently supported
19:03:42.782 [FXGL Background Thread 2 ] WARN  TilesetLoader        - Diagonally flipped tiles are not currently supported
19:03:42.782 [FXGL Background Thread 2 ] WARN  TilesetLoader        - Diagonally flipped tiles are not currently supported
19:03:42.783 [FXGL Background Thread 2 ] WARN  TilesetLoader        - Diagonally flipped tiles are not currently supported
19:03:42.783 [FXGL Background Thread 2 ] WARN  TilesetLoader        - Diagonally flipped tiles are not currently supported
19:03:42.783 [FXGL Background Thread 2 ] WARN  TilesetLoader        - Diagonally flipped tiles are not currently supported
19:03:42.784 [FXGL Background Thread 2 ] WARN  TilesetLoader        - Diagonally flipped tiles are not currently supported
19:03:42.784 [FXGL Background Thread 2 ] WARN  TilesetLoader        - Diagonally flipped tiles are not currently supported
19:03:42.785 [FXGL Background Thread 2 ] WARN  TilesetLoader        - Diagonally flipped tiles are not currently supported
19:03:42.785 [FXGL Background Thread 2 ] WARN  TilesetLoader        - Diagonally flipped tiles are not currently supported
19:03:42.785 [FXGL Background Thread 2 ] WARN  TilesetLoader        - Diagonally flipped tiles are not currently supported
19:03:42.786 [FXGL Background Thread 2 ] WARN  TilesetLoader        - Diagonally flipped tiles are not currently supported
19:03:42.786 [FXGL Background Thread 2 ] WARN  TilesetLoader        - Diagonally flipped tiles are not currently supported
19:03:42.787 [FXGL Background Thread 2 ] WARN  TilesetLoader        - Diagonally flipped tiles are not currently supported
19:03:42.787 [FXGL Background Thread 2 ] WARN  TilesetLoader        - Diagonally flipped tiles are not currently supported
19:03:42.787 [FXGL Background Thread 2 ] WARN  TilesetLoader        - Diagonally flipped tiles are not currently supported
19:03:42.788 [FXGL Background Thread 2 ] WARN  TilesetLoader        - Diagonally flipped tiles are not currently supported
19:03:42.788 [FXGL Background Thread 2 ] WARN  TilesetLoader        - Diagonally flipped tiles are not currently supported
19:03:42.789 [FXGL Background Thread 2 ] WARN  TilesetLoader        - Diagonally flipped tiles are not currently supported
19:03:42.789 [FXGL Background Thread 2 ] WARN  TilesetLoader        - Diagonally flipped tiles are not currently supported
19:03:42.789 [FXGL Background Thread 2 ] WARN  TilesetLoader        - Diagonally flipped tiles are not currently supported
19:03:42.790 [FXGL Background Thread 2 ] WARN  TilesetLoader        - Diagonally flipped tiles are not currently supported
19:03:42.790 [FXGL Background Thread 2 ] WARN  TilesetLoader        - Diagonally flipped tiles are not currently supported
19:03:42.790 [FXGL Background Thread 2 ] WARN  TilesetLoader        - Diagonally flipped tiles are not currently supported
19:03:42.791 [FXGL Background Thread 2 ] WARN  TilesetLoader        - Diagonally flipped tiles are not currently supported
19:03:42.791 [FXGL Background Thread 2 ] WARN  TilesetLoader        - Diagonally flipped tiles are not currently supported
19:03:42.791 [FXGL Background Thread 2 ] WARN  TilesetLoader        - Diagonally flipped tiles are not currently supported
19:03:42.792 [FXGL Background Thread 2 ] WARN  TilesetLoader        - Diagonally flipped tiles are not currently supported
19:03:42.792 [FXGL Background Thread 2 ] WARN  TilesetLoader        - Diagonally flipped tiles are not currently supported
19:03:42.792 [FXGL Background Thread 2 ] WARN  TilesetLoader        - Diagonally flipped tiles are not currently supported
19:03:42.793 [FXGL Background Thread 2 ] WARN  TilesetLoader        - Diagonally flipped tiles are not currently supported
19:03:42.793 [FXGL Background Thread 2 ] WARN  TilesetLoader        - Diagonally flipped tiles are not currently supported
19:03:42.793 [FXGL Background Thread 2 ] WARN  TilesetLoader        - Diagonally flipped tiles are not currently supported
19:03:42.794 [FXGL Background Thread 2 ] WARN  TilesetLoader        - Diagonally flipped tiles are not currently supported
19:03:42.794 [FXGL Background Thread 2 ] WARN  TilesetLoader        - Diagonally flipped tiles are not currently supported
19:03:42.794 [FXGL Background Thread 2 ] WARN  TilesetLoader        - Diagonally flipped tiles are not currently supported
19:03:42.795 [FXGL Background Thread 2 ] WARN  TilesetLoader        - Diagonally flipped tiles are not currently supported
19:03:42.795 [FXGL Background Thread 2 ] WARN  TilesetLoader        - Diagonally flipped tiles are not currently supported
19:03:42.795 [FXGL Background Thread 2 ] WARN  TilesetLoader        - Diagonally flipped tiles are not currently supported
19:03:42.796 [FXGL Background Thread 2 ] WARN  TilesetLoader        - Diagonally flipped tiles are not currently supported
19:03:42.796 [FXGL Background Thread 2 ] WARN  TilesetLoader        - Diagonally flipped tiles are not currently supported
19:03:42.797 [FXGL Background Thread 2 ] WARN  TilesetLoader        - Diagonally flipped tiles are not currently supported
19:03:42.797 [FXGL Background Thread 2 ] WARN  TilesetLoader        - Diagonally flipped tiles are not currently supported
19:03:42.798 [FXGL Background Thread 2 ] WARN  TilesetLoader        - Diagonally flipped tiles are not currently supported
19:03:42.798 [FXGL Background Thread 2 ] WARN  TilesetLoader        - Diagonally flipped tiles are not currently supported
19:03:42.799 [FXGL Background Thread 2 ] WARN  TilesetLoader        - Diagonally flipped tiles are not currently supported
19:03:42.799 [FXGL Background Thread 2 ] WARN  TilesetLoader        - Diagonally flipped tiles are not currently supported
19:03:42.800 [FXGL Background Thread 2 ] WARN  TilesetLoader        - Diagonally flipped tiles are not currently supported
19:03:42.800 [FXGL Background Thread 2 ] WARN  TilesetLoader        - Diagonally flipped tiles are not currently supported
19:03:42.801 [FXGL Background Thread 2 ] WARN  TilesetLoader        - Diagonally flipped tiles are not currently supported
19:03:42.801 [FXGL Background Thread 2 ] WARN  TilesetLoader        - Diagonally flipped tiles are not currently supported
19:03:42.801 [FXGL Background Thread 2 ] WARN  TilesetLoader        - Diagonally flipped tiles are not currently supported
19:03:42.802 [FXGL Background Thread 2 ] WARN  TilesetLoader        - Diagonally flipped tiles are not currently supported
19:03:42.802 [FXGL Background Thread 2 ] WARN  TilesetLoader        - Diagonally flipped tiles are not currently supported
19:03:42.803 [FXGL Background Thread 2 ] WARN  TilesetLoader        - Diagonally flipped tiles are not currently supported
19:03:42.803 [FXGL Background Thread 2 ] WARN  TilesetLoader        - Diagonally flipped tiles are not currently supported
19:03:42.803 [FXGL Background Thread 2 ] WARN  TilesetLoader        - Diagonally flipped tiles are not currently supported
19:03:42.804 [FXGL Background Thread 2 ] WARN  TilesetLoader        - Diagonally flipped tiles are not currently supported
19:03:42.804 [FXGL Background Thread 2 ] WARN  TilesetLoader        - Diagonally flipped tiles are not currently supported
19:03:42.804 [FXGL Background Thread 2 ] WARN  TilesetLoader        - Diagonally flipped tiles are not currently supported
19:03:42.805 [FXGL Background Thread 2 ] WARN  TilesetLoader        - Diagonally flipped tiles are not currently supported
19:03:42.805 [FXGL Background Thread 2 ] WARN  TilesetLoader        - Diagonally flipped tiles are not currently supported
19:03:42.805 [FXGL Background Thread 2 ] WARN  TilesetLoader        - Diagonally flipped tiles are not currently supported
19:03:42.806 [FXGL Background Thread 2 ] WARN  TilesetLoader        - Diagonally flipped tiles are not currently supported
19:03:42.806 [FXGL Background Thread 2 ] WARN  TilesetLoader        - Diagonally flipped tiles are not currently supported
19:03:42.807 [FXGL Background Thread 2 ] WARN  TilesetLoader        - Diagonally flipped tiles are not currently supported
19:03:42.807 [FXGL Background Thread 2 ] WARN  TilesetLoader        - Diagonally flipped tiles are not currently supported
19:03:42.807 [FXGL Background Thread 2 ] WARN  TilesetLoader        - Diagonally flipped tiles are not currently supported
19:03:42.808 [FXGL Background Thread 2 ] WARN  TilesetLoader        - Diagonally flipped tiles are not currently supported
19:03:42.808 [FXGL Background Thread 2 ] WARN  TilesetLoader        - Diagonally flipped tiles are not currently supported
19:03:42.808 [FXGL Background Thread 2 ] WARN  TilesetLoader        - Diagonally flipped tiles are not currently supported
19:03:42.809 [FXGL Background Thread 2 ] WARN  TilesetLoader        - Diagonally flipped tiles are not currently supported
19:03:42.809 [FXGL Background Thread 2 ] WARN  TilesetLoader        - Diagonally flipped tiles are not currently supported
19:03:42.810 [FXGL Background Thread 2 ] WARN  TilesetLoader        - Diagonally flipped tiles are not currently supported
19:03:42.810 [FXGL Background Thread 2 ] WARN  TilesetLoader        - Diagonally flipped tiles are not currently supported
19:03:42.810 [FXGL Background Thread 2 ] WARN  TilesetLoader        - Diagonally flipped tiles are not currently supported
19:03:42.811 [FXGL Background Thread 2 ] WARN  TilesetLoader        - Diagonally flipped tiles are not currently supported
19:03:42.811 [FXGL Background Thread 2 ] WARN  TilesetLoader        - Diagonally flipped tiles are not currently supported
19:03:42.811 [FXGL Background Thread 2 ] WARN  TilesetLoader        - Diagonally flipped tiles are not currently supported
19:03:42.812 [FXGL Background Thread 2 ] WARN  TilesetLoader        - Diagonally flipped tiles are not currently supported
19:03:42.812 [FXGL Background Thread 2 ] WARN  TilesetLoader        - Diagonally flipped tiles are not currently supported
19:03:42.812 [FXGL Background Thread 2 ] WARN  TilesetLoader        - Diagonally flipped tiles are not currently supported
19:03:42.812 [FXGL Background Thread 2 ] WARN  TilesetLoader        - Diagonally flipped tiles are not currently supported
19:03:42.813 [FXGL Background Thread 2 ] WARN  TilesetLoader        - Diagonally flipped tiles are not currently supported
19:03:42.813 [FXGL Background Thread 2 ] WARN  TilesetLoader        - Diagonally flipped tiles are not currently supported
19:03:42.813 [FXGL Background Thread 2 ] WARN  TilesetLoader        - Diagonally flipped tiles are not currently supported
19:03:42.814 [FXGL Background Thread 2 ] WARN  TilesetLoader        - Diagonally flipped tiles are not currently supported
19:03:42.818 [FXGL Background Thread 2 ] WARN  TilesetLoader        - Diagonally flipped tiles are not currently supported
19:03:42.818 [FXGL Background Thread 2 ] WARN  TilesetLoader        - Diagonally flipped tiles are not currently supported
19:03:42.819 [FXGL Background Thread 2 ] WARN  TilesetLoader        - Diagonally flipped tiles are not currently supported
19:03:42.819 [FXGL Background Thread 2 ] WARN  TilesetLoader        - Diagonally flipped tiles are not currently supported
19:03:42.819 [FXGL Background Thread 2 ] WARN  TilesetLoader        - Diagonally flipped tiles are not currently supported
19:03:42.820 [FXGL Background Thread 2 ] WARN  TilesetLoader        - Diagonally flipped tiles are not currently supported
19:03:42.820 [FXGL Background Thread 2 ] WARN  TilesetLoader        - Diagonally flipped tiles are not currently supported
19:03:42.821 [FXGL Background Thread 2 ] WARN  TilesetLoader        - Diagonally flipped tiles are not currently supported
19:03:42.821 [FXGL Background Thread 2 ] WARN  TilesetLoader        - Diagonally flipped tiles are not currently supported
19:03:42.822 [FXGL Background Thread 2 ] WARN  TilesetLoader        - Diagonally flipped tiles are not currently supported
19:03:42.822 [FXGL Background Thread 2 ] WARN  TilesetLoader        - Diagonally flipped tiles are not currently supported
19:03:42.823 [FXGL Background Thread 2 ] WARN  TilesetLoader        - Diagonally flipped tiles are not currently supported
19:03:42.823 [FXGL Background Thread 2 ] WARN  TilesetLoader        - Diagonally flipped tiles are not currently supported
19:03:42.824 [FXGL Background Thread 2 ] WARN  TilesetLoader        - Diagonally flipped tiles are not currently supported
19:03:42.824 [FXGL Background Thread 2 ] WARN  TilesetLoader        - Diagonally flipped tiles are not currently supported
19:03:42.825 [FXGL Background Thread 2 ] WARN  TilesetLoader        - Diagonally flipped tiles are not currently supported
19:03:42.825 [FXGL Background Thread 2 ] WARN  TilesetLoader        - Diagonally flipped tiles are not currently supported
19:03:42.826 [FXGL Background Thread 2 ] WARN  TilesetLoader        - Diagonally flipped tiles are not currently supported
19:03:42.826 [FXGL Background Thread 2 ] WARN  TilesetLoader        - Diagonally flipped tiles are not currently supported
19:03:42.826 [FXGL Background Thread 2 ] WARN  TilesetLoader        - Diagonally flipped tiles are not currently supported
19:03:42.827 [FXGL Background Thread 2 ] WARN  TilesetLoader        - Diagonally flipped tiles are not currently supported
19:03:42.827 [FXGL Background Thread 2 ] WARN  TilesetLoader        - Diagonally flipped tiles are not currently supported
19:03:42.827 [FXGL Background Thread 2 ] WARN  TilesetLoader        - Diagonally flipped tiles are not currently supported
19:03:42.828 [FXGL Background Thread 2 ] WARN  TilesetLoader        - Diagonally flipped tiles are not currently supported
19:03:42.828 [FXGL Background Thread 2 ] WARN  TilesetLoader        - Diagonally flipped tiles are not currently supported
19:03:42.828 [FXGL Background Thread 2 ] WARN  TilesetLoader        - Diagonally flipped tiles are not currently supported
19:03:42.828 [FXGL Background Thread 2 ] WARN  TilesetLoader        - Diagonally flipped tiles are not currently supported
19:03:42.829 [FXGL Background Thread 2 ] WARN  TilesetLoader        - Diagonally flipped tiles are not currently supported
19:03:42.829 [FXGL Background Thread 2 ] WARN  TilesetLoader        - Diagonally flipped tiles are not currently supported
19:03:42.829 [FXGL Background Thread 2 ] WARN  TilesetLoader        - Diagonally flipped tiles are not currently supported
19:03:42.830 [FXGL Background Thread 2 ] WARN  TilesetLoader        - Diagonally flipped tiles are not currently supported
19:03:42.830 [FXGL Background Thread 2 ] WARN  TilesetLoader        - Diagonally flipped tiles are not currently supported
19:03:42.831 [FXGL Background Thread 2 ] WARN  TilesetLoader        - Diagonally flipped tiles are not currently supported
19:03:42.831 [FXGL Background Thread 2 ] WARN  TilesetLoader        - Diagonally flipped tiles are not currently supported
19:03:42.831 [FXGL Background Thread 2 ] WARN  TilesetLoader        - Diagonally flipped tiles are not currently supported
19:03:42.832 [FXGL Background Thread 2 ] WARN  TilesetLoader        - Diagonally flipped tiles are not currently supported
19:03:42.832 [FXGL Background Thread 2 ] WARN  TilesetLoader        - Diagonally flipped tiles are not currently supported
19:03:42.832 [FXGL Background Thread 2 ] DEBUG TilesetLoader        - Loading view for layer road3
19:03:42.834 [FXGL Background Thread 2 ] DEBUG TilesetLoader        - Created buffer with size 1280.0x800.0
19:03:42.840 [FXGL Background Thread 2 ] WARN  TilesetLoader        - ../textures/ultimate_map 2.png cannot be loaded using mapURL=file:/E:/All%20About%20Dev/OOP/FXGL%20new%20Begining/final%20version/Tower%20Defender/Tower-Defender/target/classes/assets/levels/wall.tmx
java.lang.IllegalArgumentException: Illegal character in path at index 154: file:/E:/All%20About%20Dev/OOP/FXGL%20new%20Begining/final%20version/Tower%20Defender/Tower-Defender/target/classes/assets/levels/../textures/ultimate_map 2.png
	at java.base/java.net.URI.create(URI.java:932)
	at com.almasb.fxgl.entity.level.tiled.TilesetLoader.loadImage(TilesetLoader.kt:429)
	at com.almasb.fxgl.entity.level.tiled.TilesetLoader.loadView(TilesetLoader.kt:134)
	at com.almasb.fxgl.entity.level.tiled.TMXLevelLoader$createTileLayerEntities$1.invoke(TMXLevelLoader.kt:99)
	at com.almasb.fxgl.entity.level.tiled.TMXLevelLoader$createTileLayerEntities$1.invoke(TMXLevelLoader.kt:88)
	at com.almasb.fxgl.entity.level.tiled.TMXLevelLoader.createTileLayerEntities$lambda$3(TMXLevelLoader.kt:88)
	at java.base/java.util.stream.ReferencePipeline$3$1.accept(ReferencePipeline.java:197)
	at java.base/java.util.ArrayList$ArrayListSpliterator.forEachRemaining(ArrayList.java:1708)
	at java.base/java.util.stream.AbstractPipeline.copyInto(AbstractPipeline.java:509)
	at java.base/java.util.stream.AbstractPipeline.wrapAndCopyInto(AbstractPipeline.java:499)
	at java.base/java.util.stream.ReduceOps$ReduceOp.evaluateSequential(ReduceOps.java:921)
	at java.base/java.util.stream.AbstractPipeline.evaluate(AbstractPipeline.java:234)
	at java.base/java.util.stream.ReferencePipeline.collect(ReferencePipeline.java:682)
	at com.almasb.fxgl.entity.level.tiled.TMXLevelLoader.createTileLayerEntities(TMXLevelLoader.kt:116)
	at com.almasb.fxgl.entity.level.tiled.TMXLevelLoader.load(TMXLevelLoader.kt:58)
	at com.almasb.fxgl.app.services.FXGLAssetLoaderService.loadLevel(FXGLAssetLoaderService.kt:449)
	at com.almasb.fxgl.dsl.FXGL$Companion.setLevelFromMap(FXGL.kt:643)
	at com.almasb.fxgl.dsl.FXGL.setLevelFromMap(FXGL.kt)
	at org.saikat.Main.initGame(Main.java:145)
	at com.almasb.fxgl.app.FXGLApplication$InitAppTask.initGame(FXGLApplication.kt:343)
	at com.almasb.fxgl.app.FXGLApplication$InitAppTask.call(FXGLApplication.kt:321)
	at com.almasb.fxgl.app.FXGLApplication$InitAppTask.call(FXGLApplication.kt:313)
	at javafx.concurrent.Task$TaskCallable.call(Task.java:1399)
	at java.base/java.util.concurrent.FutureTask.run(FutureTask.java:317)
	at java.base/java.util.concurrent.Executors$RunnableAdapter.call(Executors.java:572)
	at java.base/java.util.concurrent.FutureTask.run(FutureTask.java:317)
	at java.base/java.util.concurrent.ThreadPoolExecutor.runWorker(ThreadPoolExecutor.java:1144)
	at java.base/java.util.concurrent.ThreadPoolExecutor$Worker.run(ThreadPoolExecutor.java:642)
	at java.base/java.lang.Thread.run(Thread.java:1583)
Caused by: java.net.URISyntaxException: Illegal character in path at index 154: file:/E:/All%20About%20Dev/OOP/FXGL%20new%20Begining/final%20version/Tower%20Defender/Tower-Defender/target/classes/assets/levels/../textures/ultimate_map 2.png
	at java.base/java.net.URI$Parser.fail(URI.java:2995)
	at java.base/java.net.URI$Parser.checkChars(URI.java:3166)
	at java.base/java.net.URI$Parser.parseHierarchical(URI.java:3248)
	at java.base/java.net.URI$Parser.parse(URI.java:3196)
	at java.base/java.net.URI.<init>(URI.java:645)
	at java.base/java.net.URI.create(URI.java:930)
	... 28 more

19:03:42.913 [FXGL Background Thread 3 ] DEBUG Engine               - Logging environment variables
19:03:42.913 [FXGL Background Thread 3 ] DEBUG Engine               - achievements: []
19:03:42.914 [FXGL Background Thread 3 ] DEBUG Engine               - actualHeight: 800.0
19:03:42.914 [FXGL Background Thread 3 ] DEBUG Engine               - actualHeightProperty: ReadOnlyDoubleProperty [value: 800.0]
19:03:42.914 [FXGL Background Thread 3 ] DEBUG Engine               - actualWidth: 1280.0
19:03:42.914 [FXGL Background Thread 3 ] DEBUG Engine               - actualWidthProperty: ReadOnlyDoubleProperty [value: 1280.0]
19:03:42.914 [FXGL Background Thread 3 ] DEBUG Engine               - appIcon: fxgl_icon.png
19:03:42.914 [FXGL Background Thread 3 ] DEBUG Engine               - applicationMode: DEVELOPER
19:03:42.914 [FXGL Background Thread 3 ] DEBUG Engine               - cSSList: [fxgl_dark.css]
19:03:42.914 [FXGL Background Thread 3 ] DEBUG Engine               - collisionDetectionStrategy: BRUTE_FORCE
19:03:42.914 [FXGL Background Thread 3 ] DEBUG Engine               - configClass: Optional.empty
19:03:42.914 [FXGL Background Thread 3 ] DEBUG Engine               - credits: []
19:03:42.915 [FXGL Background Thread 3 ] DEBUG Engine               - defaultCursor: CursorInfo(imageName=fxgl_default_cursor.png, hotspotX=7.0, hotspotY=6.0)
19:03:42.915 [FXGL Background Thread 3 ] DEBUG Engine               - devBBoxColorProperty: ObjectProperty [value: 0xff0000ff]
19:03:42.915 [FXGL Background Thread 3 ] DEBUG Engine               - devEnableDebugCameraProperty: BooleanProperty [value: false]
19:03:42.915 [FXGL Background Thread 3 ] DEBUG Engine               - devSensorColorProperty: ObjectProperty [value: 0xffff00ff]
19:03:42.915 [FXGL Background Thread 3 ] DEBUG Engine               - devShowBBoxProperty: BooleanProperty [value: false]
19:03:42.915 [FXGL Background Thread 3 ] DEBUG Engine               - devShowPositionProperty: BooleanProperty [value: false]
19:03:42.915 [FXGL Background Thread 3 ] DEBUG Engine               - enabledMenuItems: []
19:03:42.915 [FXGL Background Thread 3 ] DEBUG Engine               - engineServices: [class com.almasb.fxgl.app.services.FXGLAssetLoaderService, class com.almasb.fxgl.app.FXGLApplication$GameApplicationService, class com.almasb.fxgl.app.services.FXGLDialogService, class com.almasb.fxgl.app.services.IOTaskExecutorService, class com.almasb.fxgl.io.FileSystemService, class com.almasb.fxgl.localization.LocalizationService, class com.almasb.fxgl.app.services.SystemBundleService, class com.almasb.fxgl.profile.SaveLoadService, class com.almasb.fxgl.ui.FXGLUIFactoryServiceProvider, class com.almasb.fxgl.ui.FXGLDialogFactoryServiceProvider, class com.almasb.fxgl.audio.AudioPlayer, class com.almasb.fxgl.notification.impl.NotificationServiceProvider, class com.almasb.fxgl.achievement.AchievementService, class com.almasb.fxgl.cutscene.CutsceneService, class com.almasb.fxgl.minigames.MiniGameService, class com.almasb.fxgl.net.NetService, class com.almasb.fxgl.app.services.UpdaterService, class com.almasb.fxgl.dev.DevService]
19:03:42.915 [FXGL Background Thread 3 ] DEBUG Engine               - fontGame: Abel-Regular.ttf
19:03:42.915 [FXGL Background Thread 3 ] DEBUG Engine               - fontMono: TerminalLandMono-Regular.otf
19:03:42.915 [FXGL Background Thread 3 ] DEBUG Engine               - fontSizeScaleUI: 1.0
19:03:42.915 [FXGL Background Thread 3 ] DEBUG Engine               - fontText: Courier-Prime.ttf
19:03:42.915 [FXGL Background Thread 3 ] DEBUG Engine               - fontUI: VarelaRound-Regular.ttf
19:03:42.915 [FXGL Background Thread 3 ] DEBUG Engine               - fullScreen: BooleanProperty [value: false]
19:03:42.915 [FXGL Background Thread 3 ] DEBUG Engine               - gameDifficulty: MEDIUM
19:03:42.915 [FXGL Background Thread 3 ] DEBUG Engine               - gameDifficultyProperty: ObjectProperty [value: MEDIUM]
19:03:42.916 [FXGL Background Thread 3 ] DEBUG Engine               - globalMusicVolume: 0.5
19:03:42.916 [FXGL Background Thread 3 ] DEBUG Engine               - globalMusicVolumeProperty: DoubleProperty [value: 0.5]
19:03:42.916 [FXGL Background Thread 3 ] DEBUG Engine               - globalSoundVolume: 0.5
19:03:42.916 [FXGL Background Thread 3 ] DEBUG Engine               - globalSoundVolumeProperty: DoubleProperty [value: 0.5]
19:03:42.916 [FXGL Background Thread 3 ] DEBUG Engine               - height: 800
19:03:42.916 [FXGL Background Thread 3 ] DEBUG Engine               - is3D: false
19:03:42.916 [FXGL Background Thread 3 ] DEBUG Engine               - isAndroid: false
19:03:42.916 [FXGL Background Thread 3 ] DEBUG Engine               - isBrowser: false
19:03:42.916 [FXGL Background Thread 3 ] DEBUG Engine               - isClickFeedbackEnabled: false
19:03:42.916 [FXGL Background Thread 3 ] DEBUG Engine               - isCloseConfirmation: false
19:03:42.916 [FXGL Background Thread 3 ] DEBUG Engine               - isDesktop: true
19:03:42.916 [FXGL Background Thread 3 ] DEBUG Engine               - isDeveloperMenuEnabled: false
19:03:42.916 [FXGL Background Thread 3 ] DEBUG Engine               - isEmbedded: false
19:03:42.916 [FXGL Background Thread 3 ] DEBUG Engine               - isEntityPreloadEnabled: true
19:03:42.916 [FXGL Background Thread 3 ] DEBUG Engine               - isExperimentalTiledLargeMap: false
19:03:42.916 [FXGL Background Thread 3 ] DEBUG Engine               - isFileSystemWriteAllowed: true
19:03:42.916 [FXGL Background Thread 3 ] DEBUG Engine               - isFullScreenAllowed: true
19:03:42.916 [FXGL Background Thread 3 ] DEBUG Engine               - isFullScreenFromStart: false
19:03:42.916 [FXGL Background Thread 3 ] DEBUG Engine               - isGameMenuEnabled: true
19:03:42.916 [FXGL Background Thread 3 ] DEBUG Engine               - isIOS: false
19:03:42.916 [FXGL Background Thread 3 ] DEBUG Engine               - isIntroEnabled: false
19:03:42.916 [FXGL Background Thread 3 ] DEBUG Engine               - isLinux: false
19:03:42.916 [FXGL Background Thread 3 ] DEBUG Engine               - isMac: false
19:03:42.916 [FXGL Background Thread 3 ] DEBUG Engine               - isMainMenuEnabled: true
19:03:42.916 [FXGL Background Thread 3 ] DEBUG Engine               - isManualResizeEnabled: true
19:03:42.916 [FXGL Background Thread 3 ] DEBUG Engine               - isMobile: false
19:03:42.916 [FXGL Background Thread 3 ] DEBUG Engine               - isNative: false
19:03:42.916 [FXGL Background Thread 3 ] DEBUG Engine               - isPauseMusicWhenMinimized: true
19:03:42.916 [FXGL Background Thread 3 ] DEBUG Engine               - isPreserveResizeRatio: false
19:03:42.916 [FXGL Background Thread 3 ] DEBUG Engine               - isProfilingEnabled: false
19:03:42.916 [FXGL Background Thread 3 ] DEBUG Engine               - isScaleAffectedOnResize: true
19:03:42.916 [FXGL Background Thread 3 ] DEBUG Engine               - isSingleStep: false
19:03:42.916 [FXGL Background Thread 3 ] DEBUG Engine               - isUserProfileEnabled: false
19:03:42.916 [FXGL Background Thread 3 ] DEBUG Engine               - isWindows: true
19:03:42.916 [FXGL Background Thread 3 ] DEBUG Engine               - language: ObjectProperty [value: ENGLISH]
19:03:42.916 [FXGL Background Thread 3 ] DEBUG Engine               - menuKey: ESCAPE
19:03:42.916 [FXGL Background Thread 3 ] DEBUG Engine               - mouseSensitivity: 0.2
19:03:42.916 [FXGL Background Thread 3 ] DEBUG Engine               - notificationViewClass: class com.almasb.fxgl.notification.view.XboxNotificationView
19:03:42.916 [FXGL Background Thread 3 ] DEBUG Engine               - pixelsPerMeter: 50.0
19:03:42.916 [FXGL Background Thread 3 ] DEBUG Engine               - platform: WINDOWS
19:03:42.916 [FXGL Background Thread 3 ] DEBUG Engine               - prefHeightProperty: ReadOnlyDoubleProperty [value: 800.0]
19:03:42.916 [FXGL Background Thread 3 ] DEBUG Engine               - prefWidthProperty: ReadOnlyDoubleProperty [value: 1280.0]
19:03:42.916 [FXGL Background Thread 3 ] DEBUG Engine               - profileDir: profiles/
19:03:42.917 [FXGL Background Thread 3 ] DEBUG Engine               - profileName: StringProperty [value: DEFAULT]
19:03:42.917 [FXGL Background Thread 3 ] DEBUG Engine               - randomSeed: -1
19:03:42.917 [FXGL Background Thread 3 ] DEBUG Engine               - runtimeInfo: RuntimeInfo(platform=WINDOWS, version=21.1, build=27.03.2024 07.52)
19:03:42.917 [FXGL Background Thread 3 ] DEBUG Engine               - saveFileExt: sav
19:03:42.917 [FXGL Background Thread 3 ] DEBUG Engine               - scaledHeightProp$fxgl: DoubleProperty [bound, value: 800.0]
19:03:42.917 [FXGL Background Thread 3 ] DEBUG Engine               - scaledWidthProp$fxgl: DoubleProperty [bound, value: 1280.0]
19:03:42.917 [FXGL Background Thread 3 ] DEBUG Engine               - sceneFactory: com.almasb.fxgl.app.scene.SceneFactory@49df000d
19:03:42.917 [FXGL Background Thread 3 ] DEBUG Engine               - secondsIn24h: 60
19:03:42.917 [FXGL Background Thread 3 ] DEBUG Engine               - soundMenuBack: menu/back.wav
19:03:42.917 [FXGL Background Thread 3 ] DEBUG Engine               - soundMenuPress: menu/press.wav
19:03:42.917 [FXGL Background Thread 3 ] DEBUG Engine               - soundMenuSelect: menu/select.wav
19:03:42.917 [FXGL Background Thread 3 ] DEBUG Engine               - soundNotification: core/notification.wav
19:03:42.917 [FXGL Background Thread 3 ] DEBUG Engine               - stageStyle: DECORATED
19:03:42.917 [FXGL Background Thread 3 ] DEBUG Engine               - supportedLanguages: [ENGLISH, FRENCH, GERMAN, HUNGARIAN, RUSSIAN]
19:03:42.917 [FXGL Background Thread 3 ] DEBUG Engine               - ticksPerSecond: -1
19:03:42.917 [FXGL Background Thread 3 ] DEBUG Engine               - title: 1945
19:03:42.917 [FXGL Background Thread 3 ] DEBUG Engine               - urlGithub: https://github.com/AlmasB/FXGL
19:03:42.917 [FXGL Background Thread 3 ] DEBUG Engine               - urlLeaderboard: http://fxgl-top.herokuapp.com/
19:03:42.917 [FXGL Background Thread 3 ] DEBUG Engine               - urlPOM: https://raw.githubusercontent.com/AlmasB/FXGL/release/README.md
19:03:42.917 [FXGL Background Thread 3 ] DEBUG Engine               - userAppClass: class org.saikat.Main
19:03:42.917 [FXGL Background Thread 3 ] DEBUG Engine               - version: 0.1
19:03:42.917 [FXGL Background Thread 3 ] DEBUG Engine               - versionCheckDays: 7
19:03:42.917 [FXGL Background Thread 3 ] DEBUG Engine               - width: 1280
19:03:42.917 [FXGL Background Thread 3 ] DEBUG Engine               - Logging services
19:03:42.917 [FXGL Background Thread 3 ] DEBUG Engine               - class com.almasb.fxgl.app.services.FXGLAssetLoaderService
19:03:42.917 [FXGL Background Thread 3 ] DEBUG Engine               - class com.almasb.fxgl.app.FXGLApplication$GameApplicationService
19:03:42.917 [FXGL Background Thread 3 ] DEBUG Engine               - class com.almasb.fxgl.app.services.FXGLDialogService
19:03:42.917 [FXGL Background Thread 3 ] DEBUG Engine               - class com.almasb.fxgl.app.services.IOTaskExecutorService
19:03:42.918 [FXGL Background Thread 3 ] DEBUG Engine               - class com.almasb.fxgl.io.FileSystemService
19:03:42.918 [FXGL Background Thread 3 ] DEBUG Engine               - class com.almasb.fxgl.localization.LocalizationService
19:03:42.918 [FXGL Background Thread 3 ] DEBUG Engine               - class com.almasb.fxgl.app.services.SystemBundleService
19:03:42.918 [FXGL Background Thread 3 ] DEBUG Engine               - class com.almasb.fxgl.profile.SaveLoadService
19:03:42.918 [FXGL Background Thread 3 ] DEBUG Engine               - class com.almasb.fxgl.ui.FXGLUIFactoryServiceProvider
19:03:42.918 [FXGL Background Thread 3 ] DEBUG Engine               - class com.almasb.fxgl.ui.FXGLDialogFactoryServiceProvider
19:03:42.918 [FXGL Background Thread 3 ] DEBUG Engine               - class com.almasb.fxgl.audio.AudioPlayer
19:03:42.918 [FXGL Background Thread 3 ] DEBUG Engine               - class com.almasb.fxgl.notification.impl.NotificationServiceProvider
19:03:42.918 [FXGL Background Thread 3 ] DEBUG Engine               - class com.almasb.fxgl.achievement.AchievementService
19:03:42.918 [FXGL Background Thread 3 ] DEBUG Engine               - class com.almasb.fxgl.cutscene.CutsceneService
19:03:42.918 [FXGL Background Thread 3 ] DEBUG Engine               - class com.almasb.fxgl.minigames.MiniGameService
19:03:42.918 [FXGL Background Thread 3 ] DEBUG Engine               - class com.almasb.fxgl.net.NetService
19:03:42.918 [FXGL Background Thread 3 ] DEBUG Engine               - class com.almasb.fxgl.app.services.UpdaterService
19:03:42.918 [FXGL Background Thread 3 ] DEBUG Engine               - class com.almasb.fxgl.dev.DevService
19:03:43.040 [FXGL Background Thread 2 ] DEBUG TilesetLoader        - Loading view for layer bg2
19:03:43.041 [FXGL Background Thread 2 ] DEBUG TilesetLoader        - Created buffer with size 1280.0x800.0
19:03:43.085 [FXGL Background Thread 2 ] DEBUG TilesetLoader        - Loading view for layer icons
19:03:43.086 [FXGL Background Thread 2 ] DEBUG TilesetLoader        - Created buffer with size 1280.0x800.0
19:03:43.092 [FXGL Background Thread 2 ] DEBUG TMXLevelLoader       - Creating object layer entities
19:03:43.108 [FXGL Background Thread 2 ] DEBUG GameWorld            - Clearing removable entities
19:03:43.108 [FXGL Background Thread 2 ] DEBUG GameWorld            - Setting level: com.almasb.fxgl.entity.level.Level@ec741e9
19:03:43.113 [FXGL Background Thread 2 ] INFO  FXGLApplication      - Game initialization took: 0.542 sec
19:03:43.122 [JavaFX Application Thread] DEBUG Input                - Clearing active input actions
19:03:43.127 [JavaFX Application Thread] DEBUG GameApplicationServi - Removing overlay from FXGLLoadingScene and adding to GameScene
19:03:43.127 [JavaFX Application Thread] DEBUG PrimaryStageWindow   - FXGLLoadingScene -> GameScene
19:04:08.083 [JavaFX Application Thread] DEBUG PrimaryStageWindow   - Push state: DialogSubScene
19:04:08.083 [JavaFX Application Thread] DEBUG Input                - Clearing active input actions
19:04:08.084 [JavaFX Application Thread] DEBUG GameApplicationServi - Removing overlay from GameScene and adding to DialogSubScene
19:04:08.084 [JavaFX Application Thread] DEBUG PrimaryStageWindow   - GameScene -> DialogSubScene
19:04:14.234 [JavaFX Application Thread] DEBUG PrimaryStageWindow   - Pop state: DialogSubScene
19:04:14.235 [JavaFX Application Thread] DEBUG Input                - Clearing active input actions
19:04:14.235 [JavaFX Application Thread] DEBUG GameApplicationServi - Removing overlay from DialogSubScene and adding to GameScene
19:04:14.236 [JavaFX Application Thread] DEBUG PrimaryStageWindow   - GameScene <- DialogSubScene
19:04:14.236 [JavaFX Application Thread] DEBUG GameApplicationServi - Starting new game
19:04:14.236 [JavaFX Application Thread] DEBUG Input                - Clearing active input actions
19:04:14.244 [JavaFX Application Thread] DEBUG GameApplicationServi - Removing overlay from GameScene and adding to FXGLLoadingScene
19:04:14.244 [JavaFX Application Thread] DEBUG PrimaryStageWindow   - GameScene -> FXGLLoadingScene
19:04:14.244 [JavaFX Application Thread] DEBUG GameApplicationServi - Clearing previous game
19:04:14.244 [JavaFX Application Thread] DEBUG GameScene            - Clearing game scene
19:04:14.244 [JavaFX Application Thread] DEBUG GameWorld            - Clearing game world
19:04:14.250 [JavaFX Application Thread] DEBUG PhysicsWorld         - Clearing physics world
19:04:14.251 [FXGL Background Thread 2 ] DEBUG FXGLApplication      - Initializing game
19:04:14.255 [FXGL Background Thread 2 ] WARN  TMXLevelLoader       - TiledMap generated from 1.12.2. Supported version: 1.9.0. Some features may not be parsed fully.
19:04:14.273 [FXGL Background Thread 2 ] DEBUG TMXLevelLoader       - Parsed TiledMap: file:/E:/All%20About%20Dev/OOP/FXGL%20new%20Begining/final%20version/Tower%20Defender/Tower-Defender/target/classes/assets/levels/wall.tmx
19:04:14.273 [FXGL Background Thread 2 ] DEBUG TMXLevelLoader       - Creating tile layer entities
19:04:14.273 [FXGL Background Thread 2 ] DEBUG TilesetLoader        - Loading view for layer background
19:04:14.274 [FXGL Background Thread 2 ] DEBUG TilesetLoader        - Created buffer with size 1280.0x800.0
19:04:14.286 [FXGL Background Thread 2 ] DEBUG TilesetLoader        - Loading view for layer tower spot layer
19:04:14.287 [FXGL Background Thread 2 ] DEBUG TilesetLoader        - Created buffer with size 1280.0x800.0
19:04:14.293 [FXGL Background Thread 2 ] DEBUG TilesetLoader        - Loading view for layer Road
19:04:14.294 [FXGL Background Thread 2 ] DEBUG TilesetLoader        - Created buffer with size 1280.0x800.0
19:04:14.296 [FXGL Background Thread 2 ] DEBUG TilesetLoader        - Loading view for layer road2
19:04:14.298 [FXGL Background Thread 2 ] DEBUG TilesetLoader        - Created buffer with size 1280.0x800.0
19:04:14.298 [FXGL Background Thread 2 ] WARN  TilesetLoader        - Diagonally flipped tiles are not currently supported
19:04:14.298 [FXGL Background Thread 2 ] WARN  TilesetLoader        - Diagonally flipped tiles are not currently supported
19:04:14.299 [FXGL Background Thread 2 ] WARN  TilesetLoader        - Diagonally flipped tiles are not currently supported
19:04:14.299 [FXGL Background Thread 2 ] WARN  TilesetLoader        - Diagonally flipped tiles are not currently supported
19:04:14.299 [FXGL Background Thread 2 ] WARN  TilesetLoader        - Diagonally flipped tiles are not currently supported
19:04:14.299 [FXGL Background Thread 2 ] WARN  TilesetLoader        - Diagonally flipped tiles are not currently supported
19:04:14.300 [FXGL Background Thread 2 ] WARN  TilesetLoader        - Diagonally flipped tiles are not currently supported
19:04:14.300 [FXGL Background Thread 2 ] WARN  TilesetLoader        - Diagonally flipped tiles are not currently supported
19:04:14.300 [FXGL Background Thread 2 ] WARN  TilesetLoader        - Diagonally flipped tiles are not currently supported
19:04:14.300 [FXGL Background Thread 2 ] WARN  TilesetLoader        - Diagonally flipped tiles are not currently supported
19:04:14.301 [FXGL Background Thread 2 ] WARN  TilesetLoader        - Diagonally flipped tiles are not currently supported
19:04:14.301 [FXGL Background Thread 2 ] WARN  TilesetLoader        - Diagonally flipped tiles are not currently supported
19:04:14.301 [FXGL Background Thread 2 ] WARN  TilesetLoader        - Diagonally flipped tiles are not currently supported
19:04:14.301 [FXGL Background Thread 2 ] WARN  TilesetLoader        - Diagonally flipped tiles are not currently supported
19:04:14.302 [FXGL Background Thread 2 ] WARN  TilesetLoader        - Diagonally flipped tiles are not currently supported
19:04:14.302 [FXGL Background Thread 2 ] WARN  TilesetLoader        - Diagonally flipped tiles are not currently supported
19:04:14.302 [FXGL Background Thread 2 ] WARN  TilesetLoader        - Diagonally flipped tiles are not currently supported
19:04:14.304 [FXGL Background Thread 2 ] WARN  TilesetLoader        - Diagonally flipped tiles are not currently supported
19:04:14.305 [FXGL Background Thread 2 ] WARN  TilesetLoader        - Diagonally flipped tiles are not currently supported
19:04:14.305 [FXGL Background Thread 2 ] WARN  TilesetLoader        - Diagonally flipped tiles are not currently supported
19:04:14.305 [FXGL Background Thread 2 ] WARN  TilesetLoader        - Diagonally flipped tiles are not currently supported
19:04:14.305 [FXGL Background Thread 2 ] WARN  TilesetLoader        - Diagonally flipped tiles are not currently supported
19:04:14.306 [FXGL Background Thread 2 ] WARN  TilesetLoader        - Diagonally flipped tiles are not currently supported
19:04:14.306 [FXGL Background Thread 2 ] WARN  TilesetLoader        - Diagonally flipped tiles are not currently supported
19:04:14.306 [FXGL Background Thread 2 ] WARN  TilesetLoader        - Diagonally flipped tiles are not currently supported
19:04:14.306 [FXGL Background Thread 2 ] WARN  TilesetLoader        - Diagonally flipped tiles are not currently supported
19:04:14.307 [FXGL Background Thread 2 ] WARN  TilesetLoader        - Diagonally flipped tiles are not currently supported
19:04:14.307 [FXGL Background Thread 2 ] WARN  TilesetLoader        - Diagonally flipped tiles are not currently supported
19:04:14.307 [FXGL Background Thread 2 ] WARN  TilesetLoader        - Diagonally flipped tiles are not currently supported
19:04:14.307 [FXGL Background Thread 2 ] WARN  TilesetLoader        - Diagonally flipped tiles are not currently supported
19:04:14.307 [FXGL Background Thread 2 ] WARN  TilesetLoader        - Diagonally flipped tiles are not currently supported
19:04:14.308 [FXGL Background Thread 2 ] WARN  TilesetLoader        - Diagonally flipped tiles are not currently supported
19:04:14.308 [FXGL Background Thread 2 ] WARN  TilesetLoader        - Diagonally flipped tiles are not currently supported
19:04:14.308 [FXGL Background Thread 2 ] WARN  TilesetLoader        - Diagonally flipped tiles are not currently supported
19:04:14.308 [FXGL Background Thread 2 ] WARN  TilesetLoader        - Diagonally flipped tiles are not currently supported
19:04:14.309 [FXGL Background Thread 2 ] WARN  TilesetLoader        - Diagonally flipped tiles are not currently supported
19:04:14.309 [FXGL Background Thread 2 ] WARN  TilesetLoader        - Diagonally flipped tiles are not currently supported
19:04:14.309 [FXGL Background Thread 2 ] WARN  TilesetLoader        - Diagonally flipped tiles are not currently supported
19:04:14.309 [FXGL Background Thread 2 ] WARN  TilesetLoader        - Diagonally flipped tiles are not currently supported
19:04:14.310 [FXGL Background Thread 2 ] WARN  TilesetLoader        - Diagonally flipped tiles are not currently supported
19:04:14.310 [FXGL Background Thread 2 ] WARN  TilesetLoader        - Diagonally flipped tiles are not currently supported
19:04:14.310 [FXGL Background Thread 2 ] WARN  TilesetLoader        - Diagonally flipped tiles are not currently supported
19:04:14.310 [FXGL Background Thread 2 ] WARN  TilesetLoader        - Diagonally flipped tiles are not currently supported
19:04:14.311 [FXGL Background Thread 2 ] WARN  TilesetLoader        - Diagonally flipped tiles are not currently supported
19:04:14.311 [FXGL Background Thread 2 ] WARN  TilesetLoader        - Diagonally flipped tiles are not currently supported
19:04:14.311 [FXGL Background Thread 2 ] WARN  TilesetLoader        - Diagonally flipped tiles are not currently supported
19:04:14.311 [FXGL Background Thread 2 ] WARN  TilesetLoader        - Diagonally flipped tiles are not currently supported
19:04:14.311 [FXGL Background Thread 2 ] WARN  TilesetLoader        - Diagonally flipped tiles are not currently supported
19:04:14.311 [FXGL Background Thread 2 ] WARN  TilesetLoader        - Diagonally flipped tiles are not currently supported
19:04:14.311 [FXGL Background Thread 2 ] WARN  TilesetLoader        - Diagonally flipped tiles are not currently supported
19:04:14.312 [FXGL Background Thread 2 ] WARN  TilesetLoader        - Diagonally flipped tiles are not currently supported
19:04:14.312 [FXGL Background Thread 2 ] WARN  TilesetLoader        - Diagonally flipped tiles are not currently supported
19:04:14.312 [FXGL Background Thread 2 ] WARN  TilesetLoader        - Diagonally flipped tiles are not currently supported
19:04:14.312 [FXGL Background Thread 2 ] WARN  TilesetLoader        - Diagonally flipped tiles are not currently supported
19:04:14.312 [FXGL Background Thread 2 ] WARN  TilesetLoader        - Diagonally flipped tiles are not currently supported
19:04:14.312 [FXGL Background Thread 2 ] WARN  TilesetLoader        - Diagonally flipped tiles are not currently supported
19:04:14.312 [FXGL Background Thread 2 ] WARN  TilesetLoader        - Diagonally flipped tiles are not currently supported
19:04:14.313 [FXGL Background Thread 2 ] WARN  TilesetLoader        - Diagonally flipped tiles are not currently supported
19:04:14.313 [FXGL Background Thread 2 ] WARN  TilesetLoader        - Diagonally flipped tiles are not currently supported
19:04:14.313 [FXGL Background Thread 2 ] WARN  TilesetLoader        - Diagonally flipped tiles are not currently supported
19:04:14.313 [FXGL Background Thread 2 ] WARN  TilesetLoader        - Diagonally flipped tiles are not currently supported
19:04:14.313 [FXGL Background Thread 2 ] WARN  TilesetLoader        - Diagonally flipped tiles are not currently supported
19:04:14.313 [FXGL Background Thread 2 ] WARN  TilesetLoader        - Diagonally flipped tiles are not currently supported
19:04:14.313 [FXGL Background Thread 2 ] WARN  TilesetLoader        - Diagonally flipped tiles are not currently supported
19:04:14.314 [FXGL Background Thread 2 ] WARN  TilesetLoader        - Diagonally flipped tiles are not currently supported
19:04:14.314 [FXGL Background Thread 2 ] WARN  TilesetLoader        - Diagonally flipped tiles are not currently supported
19:04:14.314 [FXGL Background Thread 2 ] WARN  TilesetLoader        - Diagonally flipped tiles are not currently supported
19:04:14.314 [FXGL Background Thread 2 ] WARN  TilesetLoader        - Diagonally flipped tiles are not currently supported
19:04:14.314 [FXGL Background Thread 2 ] WARN  TilesetLoader        - Diagonally flipped tiles are not currently supported
19:04:14.314 [FXGL Background Thread 2 ] WARN  TilesetLoader        - Diagonally flipped tiles are not currently supported
19:04:14.314 [FXGL Background Thread 2 ] WARN  TilesetLoader        - Diagonally flipped tiles are not currently supported
19:04:14.315 [FXGL Background Thread 2 ] WARN  TilesetLoader        - Diagonally flipped tiles are not currently supported
19:04:14.315 [FXGL Background Thread 2 ] WARN  TilesetLoader        - Diagonally flipped tiles are not currently supported
19:04:14.315 [FXGL Background Thread 2 ] WARN  TilesetLoader        - Diagonally flipped tiles are not currently supported
19:04:14.315 [FXGL Background Thread 2 ] WARN  TilesetLoader        - Diagonally flipped tiles are not currently supported
19:04:14.315 [FXGL Background Thread 2 ] WARN  TilesetLoader        - Diagonally flipped tiles are not currently supported
19:04:14.315 [FXGL Background Thread 2 ] WARN  TilesetLoader        - Diagonally flipped tiles are not currently supported
19:04:14.316 [FXGL Background Thread 2 ] WARN  TilesetLoader        - Diagonally flipped tiles are not currently supported
19:04:14.316 [FXGL Background Thread 2 ] WARN  TilesetLoader        - Diagonally flipped tiles are not currently supported
19:04:14.316 [FXGL Background Thread 2 ] WARN  TilesetLoader        - Diagonally flipped tiles are not currently supported
19:04:14.316 [FXGL Background Thread 2 ] WARN  TilesetLoader        - Diagonally flipped tiles are not currently supported
19:04:14.316 [FXGL Background Thread 2 ] WARN  TilesetLoader        - Diagonally flipped tiles are not currently supported
19:04:14.316 [FXGL Background Thread 2 ] WARN  TilesetLoader        - Diagonally flipped tiles are not currently supported
19:04:14.317 [FXGL Background Thread 2 ] WARN  TilesetLoader        - Diagonally flipped tiles are not currently supported
19:04:14.317 [FXGL Background Thread 2 ] WARN  TilesetLoader        - Diagonally flipped tiles are not currently supported
19:04:14.317 [FXGL Background Thread 2 ] WARN  TilesetLoader        - Diagonally flipped tiles are not currently supported
19:04:14.317 [FXGL Background Thread 2 ] WARN  TilesetLoader        - Diagonally flipped tiles are not currently supported
19:04:14.318 [FXGL Background Thread 2 ] WARN  TilesetLoader        - Diagonally flipped tiles are not currently supported
19:04:14.318 [FXGL Background Thread 2 ] WARN  TilesetLoader        - Diagonally flipped tiles are not currently supported
19:04:14.318 [FXGL Background Thread 2 ] WARN  TilesetLoader        - Diagonally flipped tiles are not currently supported
19:04:14.318 [FXGL Background Thread 2 ] WARN  TilesetLoader        - Diagonally flipped tiles are not currently supported
19:04:14.319 [FXGL Background Thread 2 ] WARN  TilesetLoader        - Diagonally flipped tiles are not currently supported
19:04:14.319 [FXGL Background Thread 2 ] WARN  TilesetLoader        - Diagonally flipped tiles are not currently supported
19:04:14.319 [FXGL Background Thread 2 ] WARN  TilesetLoader        - Diagonally flipped tiles are not currently supported
19:04:14.320 [FXGL Background Thread 2 ] WARN  TilesetLoader        - Diagonally flipped tiles are not currently supported
19:04:14.320 [FXGL Background Thread 2 ] WARN  TilesetLoader        - Diagonally flipped tiles are not currently supported
19:04:14.320 [FXGL Background Thread 2 ] WARN  TilesetLoader        - Diagonally flipped tiles are not currently supported
19:04:14.320 [FXGL Background Thread 2 ] WARN  TilesetLoader        - Diagonally flipped tiles are not currently supported
19:04:14.321 [FXGL Background Thread 2 ] WARN  TilesetLoader        - Diagonally flipped tiles are not currently supported
19:04:14.321 [FXGL Background Thread 2 ] WARN  TilesetLoader        - Diagonally flipped tiles are not currently supported
19:04:14.321 [FXGL Background Thread 2 ] WARN  TilesetLoader        - Diagonally flipped tiles are not currently supported
19:04:14.321 [FXGL Background Thread 2 ] WARN  TilesetLoader        - Diagonally flipped tiles are not currently supported
19:04:14.321 [FXGL Background Thread 2 ] WARN  TilesetLoader        - Diagonally flipped tiles are not currently supported
19:04:14.321 [FXGL Background Thread 2 ] WARN  TilesetLoader        - Diagonally flipped tiles are not currently supported
19:04:14.321 [FXGL Background Thread 2 ] WARN  TilesetLoader        - Diagonally flipped tiles are not currently supported
19:04:14.321 [FXGL Background Thread 2 ] WARN  TilesetLoader        - Diagonally flipped tiles are not currently supported
19:04:14.321 [FXGL Background Thread 2 ] WARN  TilesetLoader        - Diagonally flipped tiles are not currently supported
19:04:14.321 [FXGL Background Thread 2 ] WARN  TilesetLoader        - Diagonally flipped tiles are not currently supported
19:04:14.322 [FXGL Background Thread 2 ] WARN  TilesetLoader        - Diagonally flipped tiles are not currently supported
19:04:14.322 [FXGL Background Thread 2 ] WARN  TilesetLoader        - Diagonally flipped tiles are not currently supported
19:04:14.322 [FXGL Background Thread 2 ] WARN  TilesetLoader        - Diagonally flipped tiles are not currently supported
19:04:14.322 [FXGL Background Thread 2 ] WARN  TilesetLoader        - Diagonally flipped tiles are not currently supported
19:04:14.322 [FXGL Background Thread 2 ] WARN  TilesetLoader        - Diagonally flipped tiles are not currently supported
19:04:14.322 [FXGL Background Thread 2 ] WARN  TilesetLoader        - Diagonally flipped tiles are not currently supported
19:04:14.323 [FXGL Background Thread 2 ] WARN  TilesetLoader        - Diagonally flipped tiles are not currently supported
19:04:14.323 [FXGL Background Thread 2 ] WARN  TilesetLoader        - Diagonally flipped tiles are not currently supported
19:04:14.323 [FXGL Background Thread 2 ] WARN  TilesetLoader        - Diagonally flipped tiles are not currently supported
19:04:14.323 [FXGL Background Thread 2 ] WARN  TilesetLoader        - Diagonally flipped tiles are not currently supported
19:04:14.323 [FXGL Background Thread 2 ] WARN  TilesetLoader        - Diagonally flipped tiles are not currently supported
19:04:14.324 [FXGL Background Thread 2 ] WARN  TilesetLoader        - Diagonally flipped tiles are not currently supported
19:04:14.324 [FXGL Background Thread 2 ] WARN  TilesetLoader        - Diagonally flipped tiles are not currently supported
19:04:14.324 [FXGL Background Thread 2 ] WARN  TilesetLoader        - Diagonally flipped tiles are not currently supported
19:04:14.324 [FXGL Background Thread 2 ] WARN  TilesetLoader        - Diagonally flipped tiles are not currently supported
19:04:14.324 [FXGL Background Thread 2 ] WARN  TilesetLoader        - Diagonally flipped tiles are not currently supported
19:04:14.324 [FXGL Background Thread 2 ] WARN  TilesetLoader        - Diagonally flipped tiles are not currently supported
19:04:14.324 [FXGL Background Thread 2 ] WARN  TilesetLoader        - Diagonally flipped tiles are not currently supported
19:04:14.324 [FXGL Background Thread 2 ] WARN  TilesetLoader        - Diagonally flipped tiles are not currently supported
19:04:14.324 [FXGL Background Thread 2 ] WARN  TilesetLoader        - Diagonally flipped tiles are not currently supported
19:04:14.324 [FXGL Background Thread 2 ] WARN  TilesetLoader        - Diagonally flipped tiles are not currently supported
19:04:14.325 [FXGL Background Thread 2 ] WARN  TilesetLoader        - Diagonally flipped tiles are not currently supported
19:04:14.325 [FXGL Background Thread 2 ] WARN  TilesetLoader        - Diagonally flipped tiles are not currently supported
19:04:14.325 [FXGL Background Thread 2 ] WARN  TilesetLoader        - Diagonally flipped tiles are not currently supported
19:04:14.325 [FXGL Background Thread 2 ] WARN  TilesetLoader        - Diagonally flipped tiles are not currently supported
19:04:14.325 [FXGL Background Thread 2 ] WARN  TilesetLoader        - Diagonally flipped tiles are not currently supported
19:04:14.325 [FXGL Background Thread 2 ] WARN  TilesetLoader        - Diagonally flipped tiles are not currently supported
19:04:14.325 [FXGL Background Thread 2 ] WARN  TilesetLoader        - Diagonally flipped tiles are not currently supported
19:04:14.325 [FXGL Background Thread 2 ] WARN  TilesetLoader        - Diagonally flipped tiles are not currently supported
19:04:14.325 [FXGL Background Thread 2 ] WARN  TilesetLoader        - Diagonally flipped tiles are not currently supported
19:04:14.327 [FXGL Background Thread 2 ] WARN  TilesetLoader        - Diagonally flipped tiles are not currently supported
19:04:14.327 [FXGL Background Thread 2 ] WARN  TilesetLoader        - Diagonally flipped tiles are not currently supported
19:04:14.327 [FXGL Background Thread 2 ] WARN  TilesetLoader        - Diagonally flipped tiles are not currently supported
19:04:14.327 [FXGL Background Thread 2 ] WARN  TilesetLoader        - Diagonally flipped tiles are not currently supported
19:04:14.327 [FXGL Background Thread 2 ] WARN  TilesetLoader        - Diagonally flipped tiles are not currently supported
19:04:14.327 [FXGL Background Thread 2 ] WARN  TilesetLoader        - Diagonally flipped tiles are not currently supported
19:04:14.327 [FXGL Background Thread 2 ] WARN  TilesetLoader        - Diagonally flipped tiles are not currently supported
19:04:14.327 [FXGL Background Thread 2 ] WARN  TilesetLoader        - Diagonally flipped tiles are not currently supported
19:04:14.328 [FXGL Background Thread 2 ] WARN  TilesetLoader        - Diagonally flipped tiles are not currently supported
19:04:14.328 [FXGL Background Thread 2 ] WARN  TilesetLoader        - Diagonally flipped tiles are not currently supported
19:04:14.328 [FXGL Background Thread 2 ] WARN  TilesetLoader        - Diagonally flipped tiles are not currently supported
19:04:14.328 [FXGL Background Thread 2 ] DEBUG TilesetLoader        - Loading view for layer road3
19:04:14.329 [FXGL Background Thread 2 ] DEBUG TilesetLoader        - Created buffer with size 1280.0x800.0
19:04:14.330 [FXGL Background Thread 2 ] WARN  TilesetLoader        - ../textures/ultimate_map 2.png cannot be loaded using mapURL=file:/E:/All%20About%20Dev/OOP/FXGL%20new%20Begining/final%20version/Tower%20Defender/Tower-Defender/target/classes/assets/levels/wall.tmx
java.lang.IllegalArgumentException: Illegal character in path at index 154: file:/E:/All%20About%20Dev/OOP/FXGL%20new%20Begining/final%20version/Tower%20Defender/Tower-Defender/target/classes/assets/levels/../textures/ultimate_map 2.png
	at java.base/java.net.URI.create(URI.java:932)
	at com.almasb.fxgl.entity.level.tiled.TilesetLoader.loadImage(TilesetLoader.kt:429)
	at com.almasb.fxgl.entity.level.tiled.TilesetLoader.loadView(TilesetLoader.kt:134)
	at com.almasb.fxgl.entity.level.tiled.TMXLevelLoader$createTileLayerEntities$1.invoke(TMXLevelLoader.kt:99)
	at com.almasb.fxgl.entity.level.tiled.TMXLevelLoader$createTileLayerEntities$1.invoke(TMXLevelLoader.kt:88)
	at com.almasb.fxgl.entity.level.tiled.TMXLevelLoader.createTileLayerEntities$lambda$3(TMXLevelLoader.kt:88)
	at java.base/java.util.stream.ReferencePipeline$3$1.accept(ReferencePipeline.java:197)
	at java.base/java.util.ArrayList$ArrayListSpliterator.forEachRemaining(ArrayList.java:1708)
	at java.base/java.util.stream.AbstractPipeline.copyInto(AbstractPipeline.java:509)
	at java.base/java.util.stream.AbstractPipeline.wrapAndCopyInto(AbstractPipeline.java:499)
	at java.base/java.util.stream.ReduceOps$ReduceOp.evaluateSequential(ReduceOps.java:921)
	at java.base/java.util.stream.AbstractPipeline.evaluate(AbstractPipeline.java:234)
	at java.base/java.util.stream.ReferencePipeline.collect(ReferencePipeline.java:682)
	at com.almasb.fxgl.entity.level.tiled.TMXLevelLoader.createTileLayerEntities(TMXLevelLoader.kt:116)
	at com.almasb.fxgl.entity.level.tiled.TMXLevelLoader.load(TMXLevelLoader.kt:58)
	at com.almasb.fxgl.app.services.FXGLAssetLoaderService.loadLevel(FXGLAssetLoaderService.kt:449)
	at com.almasb.fxgl.dsl.FXGL$Companion.setLevelFromMap(FXGL.kt:643)
	at com.almasb.fxgl.dsl.FXGL.setLevelFromMap(FXGL.kt)
	at org.saikat.Main.initGame(Main.java:145)
	at com.almasb.fxgl.app.FXGLApplication$InitAppTask.initGame(FXGLApplication.kt:343)
	at com.almasb.fxgl.app.FXGLApplication$InitAppTask.call(FXGLApplication.kt:321)
	at com.almasb.fxgl.app.FXGLApplication$InitAppTask.call(FXGLApplication.kt:313)
	at javafx.concurrent.Task$TaskCallable.call(Task.java:1399)
	at java.base/java.util.concurrent.FutureTask.run(FutureTask.java:317)
	at java.base/java.util.concurrent.Executors$RunnableAdapter.call(Executors.java:572)
	at java.base/java.util.concurrent.FutureTask.run(FutureTask.java:317)
	at java.base/java.util.concurrent.ThreadPoolExecutor.runWorker(ThreadPoolExecutor.java:1144)
	at java.base/java.util.concurrent.ThreadPoolExecutor$Worker.run(ThreadPoolExecutor.java:642)
	at java.base/java.lang.Thread.run(Thread.java:1583)
Caused by: java.net.URISyntaxException: Illegal character in path at index 154: file:/E:/All%20About%20Dev/OOP/FXGL%20new%20Begining/final%20version/Tower%20Defender/Tower-Defender/target/classes/assets/levels/../textures/ultimate_map 2.png
	at java.base/java.net.URI$Parser.fail(URI.java:2995)
	at java.base/java.net.URI$Parser.checkChars(URI.java:3166)
	at java.base/java.net.URI$Parser.parseHierarchical(URI.java:3248)
	at java.base/java.net.URI$Parser.parse(URI.java:3196)
	at java.base/java.net.URI.<init>(URI.java:645)
	at java.base/java.net.URI.create(URI.java:930)
	... 28 more

19:04:14.412 [FXGL Background Thread 2 ] DEBUG TilesetLoader        - Loading view for layer bg2
19:04:14.414 [FXGL Background Thread 2 ] DEBUG TilesetLoader        - Created buffer with size 1280.0x800.0
19:04:14.459 [FXGL Background Thread 2 ] DEBUG TilesetLoader        - Loading view for layer icons
19:04:14.460 [FXGL Background Thread 2 ] DEBUG TilesetLoader        - Created buffer with size 1280.0x800.0
19:04:14.466 [FXGL Background Thread 2 ] DEBUG TMXLevelLoader       - Creating object layer entities
19:04:14.473 [FXGL Background Thread 2 ] DEBUG GameWorld            - Clearing removable entities
19:04:14.473 [FXGL Background Thread 2 ] DEBUG GameWorld            - Setting level: com.almasb.fxgl.entity.level.Level@15f4082d
19:04:14.474 [FXGL Background Thread 2 ] INFO  FXGLApplication      - Game initialization took: 0.224 sec
19:04:14.475 [JavaFX Application Thread] DEBUG Input                - Clearing active input actions
19:04:14.480 [JavaFX Application Thread] DEBUG GameApplicationServi - Removing overlay from FXGLLoadingScene and adding to GameScene
19:04:14.481 [JavaFX Application Thread] DEBUG PrimaryStageWindow   - FXGLLoadingScene -> GameScene
19:04:16.860 [JavaFX Application Thread] DEBUG FXGLApplication      - Exiting FXGL
19:04:16.860 [JavaFX Application Thread] DEBUG LoopRunner           - Stopping loop
19:04:16.860 [JavaFX Application Thread] DEBUG SystemBundleService  - Saving FXGL system data
19:04:16.867 [JavaFX Application Thread] DEBUG FileSystemAccess     - Writing to: E:\All About Dev\OOP\FXGL new Begining\final version\Tower Defender\Tower-Defender\system\fxgl.bundle
19:04:16.874 [JavaFX Application Thread] DEBUG Async                - Shutting down background threads
19:04:16.874 [JavaFX Application Thread] DEBUG PrimaryStageWindow   - Closing main window
19:04:16.911 [JavaFX Application Thread] DEBUG Logger               - Closing Logger
