04:52:01.086 [main                     ] DEBUG Logger               - Configured Logger
04:52:01.116 [main                     ] DEBUG GameApplication      - Logging settings
Title: Ghost Hunter
Version: 1.0
Width: 1280
Height: 800
Fullscreen: true
Intro: false
Profiling: false
Single step:false
App Mode: DEVELOPER
Menu Key: ESCAPE
Stage Style: DECORATED
Scene Factory: class com.almasb.fxgl.app.scene.SceneFactory

04:52:01.721 [JavaFX Application Thread] DEBUG FXGLApplication      - Initializing FXGL
04:52:01.736 [JavaFX Application Thread] INFO  Engine               - FXGL-21.1 (27.03.2024 07.52) on WINDOWS (J:21.0.9 FX:21.0.1)
04:52:01.736 [JavaFX Application Thread] DEBUG Engine               - JRE Vendor Name: Oracle Corporation
04:52:01.736 [JavaFX Application Thread] DEBUG Engine               - Running on OS: Windows 11 version 10.0
04:52:01.737 [JavaFX Application Thread] DEBUG Engine               - Architecture: amd64
04:52:01.737 [JavaFX Application Thread] INFO  Engine               - Source code and latest versions at: https://github.com/AlmasB/FXGL
04:52:01.737 [JavaFX Application Thread] INFO  Engine               -       Ask questions and discuss at: https://github.com/AlmasB/FXGL/discussions
04:52:01.737 [JavaFX Application Thread] INFO  Engine               -              Join the FXGL chat at: https://gitter.im/AlmasB/FXGL
04:52:01.859 [JavaFX Application Thread] DEBUG PrimaryStageWindow   - Creating a JavaFX scene
04:52:01.921 [JavaFX Application Thread] DEBUG PrimaryStageWindow   - Target settings size: 1280.0 x 800.0
04:52:01.921 [JavaFX Application Thread] DEBUG PrimaryStageWindow   - Scaled scene size:    1280.0 x 800.0
04:52:01.922 [JavaFX Application Thread] DEBUG PrimaryStageWindow   - Scaled ratio: (1.0, 1.0)
04:52:01.923 [JavaFX Application Thread] DEBUG PrimaryStageWindow   - Set initial scene to FXGLStartupScene
04:52:01.927 [JavaFX Application Thread] DEBUG PrimaryStageWindow   - Opening main window
04:52:02.081 [JavaFX Application Thread] DEBUG PrimaryStageWindow   - Window border size: (14.4000244140625, 37.5999755859375)
04:52:02.082 [JavaFX Application Thread] DEBUG PrimaryStageWindow   - Scaled size: 1280.0 x 800.0
04:52:02.083 [JavaFX Application Thread] DEBUG PrimaryStageWindow   - Scaled ratio: (1.0, 1.0)
04:52:02.083 [JavaFX Application Thread] DEBUG PrimaryStageWindow   - Scene size: 1280.0 x 800.0
04:52:02.084 [JavaFX Application Thread] DEBUG PrimaryStageWindow   - Stage size: 1294.4000244140625 x 837.5999755859375
04:52:02.099 [FXGL Background Thread 1 ] DEBUG Engine               - Initializing environment variables
04:52:02.195 [FXGL Background Thread 1 ] DEBUG FXGLAssetLoaderServi - User app class for loading assets: class org.saikat.Game
04:52:02.196 [FXGL Background Thread 1 ] DEBUG GameApplicationServi - Applying CSS: fxgl_dark.css
04:52:02.197 [FXGL Background Thread 1 ] DEBUG FXGLAssetLoaderServi - Loading from file system: jar:file:/C:/Users/HP/.m2/repository/com/github/almasb/fxgl/21.1/fxgl-21.1.jar!/fxglassets/ui/css/fxgl_dark.css
04:52:02.252 [FXGL Background Thread 1 ] DEBUG GameApplicationServi - Initializing application scenes
04:52:02.310 [FXGL Background Thread 1 ] DEBUG GameWorld            - Game world initialized
04:52:02.415 [FXGL Background Thread 1 ] DEBUG PhysicsWorld         - Physics world initialized: appHeight=800, physics.ppm=50.0
04:52:02.415 [FXGL Background Thread 1 ] DEBUG PhysicsWorld         - Using strategy: BRUTE_FORCE
04:52:02.420 [FXGL Background Thread 1 ] DEBUG GameScene            - Game scene initialized: 1280x800
04:52:02.437 [FXGL Background Thread 1 ] DEBUG FXGL.DefaultMenu     - createMenuBodyMainMenu()
04:52:02.451 [FXGL Background Thread 1 ] DEBUG FXGL.DefaultMenu     - createOptionsMenu()
04:52:02.463 [FXGL Background Thread 1 ] DEBUG FXGLAssetLoaderServi - Loading from file system: jar:file:/C:/Users/HP/.m2/repository/com/github/almasb/fxgl/21.1/fxgl-21.1.jar!/fxglassets/textures/particles/smoke.png
04:52:02.582 [FXGL Background Thread 1 ] DEBUG FXGLAssetLoaderServi - Loading from file system: jar:file:/C:/Users/HP/.m2/repository/com/github/almasb/fxgl/21.1/fxgl-21.1.jar!/fxglassets/textures/particles/trace_horizontal.png
04:52:02.613 [FXGL Background Thread 1 ] DEBUG FXGL.DefaultMenu     - createMenuBodyGameMenu()
04:52:02.614 [FXGL Background Thread 1 ] DEBUG FXGL.DefaultMenu     - createOptionsMenu()
04:52:02.626 [FXGL Background Thread 1 ] DEBUG GameApplicationServi - Application scenes initialized
04:52:02.639 [FXGL Background Thread 1 ] DEBUG SystemBundleService  - Loading FXGL system data
04:52:02.646 [FXGL Background Thread 1 ] DEBUG FileSystemAccess     - Reading from: E:\All About Dev\OOP\FXGL new Begining\final version\Tower Defender\Tower-Defender\system\fxgl.bundle
04:52:02.660 [FXGL Background Thread 1 ] DEBUG SystemBundleService  - Bundle FXGL: {}
04:52:02.660 [FXGL Background Thread 1 ] DEBUG UpdaterService       - Checking for updates
04:52:02.666 [FXGL Background Thread 4 ] DEBUG FXGLApplication      - Loading fonts
04:52:02.667 [FXGL Background Thread 4 ] DEBUG FXGLAssetLoaderServi - Loading from file system: jar:file:/C:/Users/HP/.m2/repository/com/github/almasb/fxgl/21.1/fxgl-21.1.jar!/fxglassets/ui/fonts/VarelaRound-Regular.ttf
04:52:02.667 [FXGL Background Thread 1 ] DEBUG FXGLApplication      - Loading default localization
04:52:02.668 [FXGL Background Thread 1 ] DEBUG FXGLAssetLoaderServi - Loading from file system: jar:file:/C:/Users/HP/.m2/repository/com/github/almasb/fxgl/21.1/fxgl-21.1.jar!/fxglassets/languages/english.lang
04:52:02.697 [FXGL Background Thread 1 ] INFO  FXGLApplication      - FXGL initialization took: 0.599 sec
04:52:02.706 [JavaFX Application Thread] DEBUG Input                - Registered new binding: add tower - LMB
04:52:02.708 [JavaFX Application Thread] DEBUG Input                - Registered new binding: remove tower - RMB
04:52:02.709 [JavaFX Application Thread] DEBUG FXGLAssetLoaderServi - Loading from file system: jar:file:/C:/Users/HP/.m2/repository/com/github/almasb/fxgl/21.1/fxgl-21.1.jar!/fxglassets/textures/fxgl_icon.png
04:52:02.715 [FXGL Background Thread 4 ] DEBUG FXGLAssetLoaderServi - Loading from file system: jar:file:/C:/Users/HP/.m2/repository/com/github/almasb/fxgl/21.1/fxgl-21.1.jar!/fxglassets/ui/fonts/Abel-Regular.ttf
04:52:02.720 [FXGL Background Thread 4 ] DEBUG FXGLAssetLoaderServi - Loading from file system: jar:file:/C:/Users/HP/.m2/repository/com/github/almasb/fxgl/21.1/fxgl-21.1.jar!/fxglassets/ui/fonts/TerminalLandMono-Regular.otf
04:52:02.730 [FXGL Background Thread 4 ] DEBUG FXGLAssetLoaderServi - Loading from file system: jar:file:/C:/Users/HP/.m2/repository/com/github/almasb/fxgl/21.1/fxgl-21.1.jar!/fxglassets/ui/fonts/Courier-Prime.ttf
04:52:02.737 [JavaFX Application Thread] DEBUG FXGLAssetLoaderServi - Loading from file system: jar:file:/C:/Users/HP/.m2/repository/com/github/almasb/fxgl/21.1/fxgl-21.1.jar!/fxglassets/textures/fxgl_default_cursor.png
04:52:02.748 [JavaFX Application Thread] DEBUG Input                - Registered new binding: Screenshot - CTRL+8
04:52:02.749 [JavaFX Application Thread] DEBUG Input                - Registered new binding: System info dump - CTRL+9
04:52:02.750 [JavaFX Application Thread] DEBUG Input                - Registered new binding: Restart - CTRL+R
04:52:02.751 [JavaFX Application Thread] DEBUG Input                - Registered new binding: Toggle Debug Camera - CTRL+7
04:52:02.755 [JavaFX Application Thread] DEBUG LoopRunner           - Starting loop
04:52:02.755 [JavaFX Application Thread] DEBUG LoopRunner           - Initializing JavaFX AnimationTimerLoop
04:52:02.760 [JavaFX Application Thread] DEBUG Input                - Clearing active input actions
04:52:02.767 [JavaFX Application Thread] DEBUG GameApplicationServi - Removing overlay from FXGLStartupScene and adding to FXGLMainMenuDummyScene
04:52:02.768 [JavaFX Application Thread] DEBUG PrimaryStageWindow   - FXGLStartupScene -> FXGLMainMenuDummyScene
04:52:02.768 [JavaFX Application Thread] DEBUG PrimaryStageWindow   - Push state: FXGLDefaultMenu
04:52:02.786 [JavaFX Application Thread] DEBUG Input                - Clearing active input actions
04:52:02.804 [JavaFX Application Thread] DEBUG GameApplicationServi - Removing overlay from FXGLMainMenuDummyScene and adding to FXGLDefaultMenu
04:52:02.805 [JavaFX Application Thread] DEBUG PrimaryStageWindow   - FXGLMainMenuDummyScene -> FXGLDefaultMenu
04:52:02.818 [JavaFX Application Thread] DEBUG FXGLApplication      - Registering font factories with UI factory
04:52:04.137 [FXGL Background Thread 2 ] INFO  UpdaterService       - Your current version:  21.1
04:52:04.137 [FXGL Background Thread 2 ] INFO  UpdaterService       - Latest stable version: 25
04:52:04.867 [JavaFX Application Thread] DEBUG Menu                 - fireNewGame()
04:52:04.868 [JavaFX Application Thread] DEBUG GameApplicationServi - Starting new game
04:52:04.870 [JavaFX Application Thread] DEBUG PrimaryStageWindow   - Pop state: FXGLDefaultMenu
04:52:04.871 [JavaFX Application Thread] DEBUG Input                - Clearing active input actions
04:52:04.872 [JavaFX Application Thread] DEBUG GameApplicationServi - Removing overlay from FXGLDefaultMenu and adding to FXGLMainMenuDummyScene
04:52:04.873 [JavaFX Application Thread] DEBUG PrimaryStageWindow   - FXGLMainMenuDummyScene <- FXGLDefaultMenu
04:52:04.873 [JavaFX Application Thread] DEBUG Input                - Clearing active input actions
04:52:04.892 [JavaFX Application Thread] DEBUG GameApplicationServi - Removing overlay from FXGLMainMenuDummyScene and adding to FXGLLoadingScene
04:52:04.892 [JavaFX Application Thread] DEBUG PrimaryStageWindow   - FXGLMainMenuDummyScene -> FXGLLoadingScene
04:52:04.892 [JavaFX Application Thread] DEBUG GameApplicationServi - Clearing previous game
04:52:04.892 [JavaFX Application Thread] DEBUG GameScene            - Clearing game scene
04:52:04.892 [JavaFX Application Thread] DEBUG GameWorld            - Clearing game world
04:52:04.893 [JavaFX Application Thread] DEBUG PhysicsWorld         - Clearing physics world
04:52:04.896 [FXGL Background Thread 2 ] DEBUG FXGLApplication      - Initializing game
04:52:04.983 [FXGL Background Thread 2 ] WARN  TMXLevelLoader       - TiledMap generated from 1.12.2. Supported version: 1.9.0. Some features may not be parsed fully.
04:52:05.003 [FXGL Background Thread 2 ] DEBUG TMXLevelLoader       - Parsed TiledMap: file:/E:/All%20About%20Dev/OOP/FXGL%20new%20Begining/final%20version/Tower%20Defender/Tower-Defender/target/classes/assets/levels/wall.tmx
04:52:05.005 [FXGL Background Thread 2 ] DEBUG TMXLevelLoader       - Creating tile layer entities
04:52:05.009 [FXGL Background Thread 2 ] DEBUG TilesetLoader        - Loading view for layer icons
04:52:05.010 [FXGL Background Thread 2 ] DEBUG TilesetLoader        - Created buffer with size 1280.0x800.0
04:52:05.025 [FXGL Background Thread 2 ] DEBUG TilesetLoader        - Loading view for layer background
04:52:05.025 [FXGL Background Thread 2 ] DEBUG TilesetLoader        - Created buffer with size 1280.0x800.0
04:52:05.100 [FXGL Background Thread 2 ] DEBUG TilesetLoader        - Loading view for layer tower spot layer
04:52:05.102 [FXGL Background Thread 2 ] DEBUG TilesetLoader        - Created buffer with size 1280.0x800.0
04:52:05.111 [FXGL Background Thread 2 ] DEBUG TilesetLoader        - Loading view for layer Road
04:52:05.113 [FXGL Background Thread 2 ] DEBUG TilesetLoader        - Created buffer with size 1280.0x800.0
04:52:05.118 [FXGL Background Thread 2 ] DEBUG TilesetLoader        - Loading view for layer road2
04:52:05.120 [FXGL Background Thread 2 ] DEBUG TilesetLoader        - Created buffer with size 1280.0x800.0
04:52:05.122 [FXGL Background Thread 2 ] WARN  TilesetLoader        - Diagonally flipped tiles are not currently supported
04:52:05.122 [FXGL Background Thread 2 ] WARN  TilesetLoader        - Diagonally flipped tiles are not currently supported
04:52:05.123 [FXGL Background Thread 2 ] WARN  TilesetLoader        - Diagonally flipped tiles are not currently supported
04:52:05.123 [FXGL Background Thread 2 ] WARN  TilesetLoader        - Diagonally flipped tiles are not currently supported
04:52:05.124 [FXGL Background Thread 2 ] WARN  TilesetLoader        - Diagonally flipped tiles are not currently supported
04:52:05.125 [FXGL Background Thread 2 ] WARN  TilesetLoader        - Diagonally flipped tiles are not currently supported
04:52:05.125 [FXGL Background Thread 2 ] WARN  TilesetLoader        - Diagonally flipped tiles are not currently supported
04:52:05.125 [FXGL Background Thread 2 ] WARN  TilesetLoader        - Diagonally flipped tiles are not currently supported
04:52:05.125 [FXGL Background Thread 2 ] WARN  TilesetLoader        - Diagonally flipped tiles are not currently supported
04:52:05.125 [FXGL Background Thread 2 ] WARN  TilesetLoader        - Diagonally flipped tiles are not currently supported
04:52:05.125 [FXGL Background Thread 2 ] WARN  TilesetLoader        - Diagonally flipped tiles are not currently supported
04:52:05.125 [FXGL Background Thread 2 ] WARN  TilesetLoader        - Diagonally flipped tiles are not currently supported
04:52:05.125 [FXGL Background Thread 2 ] WARN  TilesetLoader        - Diagonally flipped tiles are not currently supported
04:52:05.125 [FXGL Background Thread 2 ] WARN  TilesetLoader        - Diagonally flipped tiles are not currently supported
04:52:05.126 [FXGL Background Thread 2 ] WARN  TilesetLoader        - Diagonally flipped tiles are not currently supported
04:52:05.126 [FXGL Background Thread 2 ] WARN  TilesetLoader        - Diagonally flipped tiles are not currently supported
04:52:05.126 [FXGL Background Thread 2 ] WARN  TilesetLoader        - Diagonally flipped tiles are not currently supported
04:52:05.126 [FXGL Background Thread 2 ] WARN  TilesetLoader        - Diagonally flipped tiles are not currently supported
04:52:05.127 [FXGL Background Thread 2 ] WARN  TilesetLoader        - Diagonally flipped tiles are not currently supported
04:52:05.132 [FXGL Background Thread 2 ] WARN  TilesetLoader        - Diagonally flipped tiles are not currently supported
04:52:05.133 [FXGL Background Thread 2 ] WARN  TilesetLoader        - Diagonally flipped tiles are not currently supported
04:52:05.133 [FXGL Background Thread 2 ] WARN  TilesetLoader        - Diagonally flipped tiles are not currently supported
04:52:05.134 [FXGL Background Thread 2 ] WARN  TilesetLoader        - Diagonally flipped tiles are not currently supported
04:52:05.134 [FXGL Background Thread 2 ] WARN  TilesetLoader        - Diagonally flipped tiles are not currently supported
04:52:05.135 [FXGL Background Thread 2 ] WARN  TilesetLoader        - Diagonally flipped tiles are not currently supported
04:52:05.135 [FXGL Background Thread 2 ] WARN  TilesetLoader        - Diagonally flipped tiles are not currently supported
04:52:05.135 [FXGL Background Thread 2 ] WARN  TilesetLoader        - Diagonally flipped tiles are not currently supported
04:52:05.135 [FXGL Background Thread 2 ] WARN  TilesetLoader        - Diagonally flipped tiles are not currently supported
04:52:05.136 [FXGL Background Thread 2 ] WARN  TilesetLoader        - Diagonally flipped tiles are not currently supported
04:52:05.136 [FXGL Background Thread 2 ] WARN  TilesetLoader        - Diagonally flipped tiles are not currently supported
04:52:05.137 [FXGL Background Thread 2 ] WARN  TilesetLoader        - Diagonally flipped tiles are not currently supported
04:52:05.137 [FXGL Background Thread 2 ] WARN  TilesetLoader        - Diagonally flipped tiles are not currently supported
04:52:05.137 [FXGL Background Thread 2 ] WARN  TilesetLoader        - Diagonally flipped tiles are not currently supported
04:52:05.138 [FXGL Background Thread 2 ] WARN  TilesetLoader        - Diagonally flipped tiles are not currently supported
04:52:05.138 [FXGL Background Thread 2 ] WARN  TilesetLoader        - Diagonally flipped tiles are not currently supported
04:52:05.138 [FXGL Background Thread 2 ] WARN  TilesetLoader        - Diagonally flipped tiles are not currently supported
04:52:05.138 [FXGL Background Thread 2 ] WARN  TilesetLoader        - Diagonally flipped tiles are not currently supported
04:52:05.138 [FXGL Background Thread 2 ] WARN  TilesetLoader        - Diagonally flipped tiles are not currently supported
04:52:05.138 [FXGL Background Thread 2 ] WARN  TilesetLoader        - Diagonally flipped tiles are not currently supported
04:52:05.139 [FXGL Background Thread 2 ] WARN  TilesetLoader        - Diagonally flipped tiles are not currently supported
04:52:05.139 [FXGL Background Thread 2 ] WARN  TilesetLoader        - Diagonally flipped tiles are not currently supported
04:52:05.139 [FXGL Background Thread 2 ] WARN  TilesetLoader        - Diagonally flipped tiles are not currently supported
04:52:05.139 [FXGL Background Thread 2 ] WARN  TilesetLoader        - Diagonally flipped tiles are not currently supported
04:52:05.139 [FXGL Background Thread 2 ] WARN  TilesetLoader        - Diagonally flipped tiles are not currently supported
04:52:05.139 [FXGL Background Thread 2 ] WARN  TilesetLoader        - Diagonally flipped tiles are not currently supported
04:52:05.140 [FXGL Background Thread 2 ] WARN  TilesetLoader        - Diagonally flipped tiles are not currently supported
04:52:05.140 [FXGL Background Thread 2 ] WARN  TilesetLoader        - Diagonally flipped tiles are not currently supported
04:52:05.140 [FXGL Background Thread 2 ] WARN  TilesetLoader        - Diagonally flipped tiles are not currently supported
04:52:05.140 [FXGL Background Thread 2 ] WARN  TilesetLoader        - Diagonally flipped tiles are not currently supported
04:52:05.140 [FXGL Background Thread 2 ] WARN  TilesetLoader        - Diagonally flipped tiles are not currently supported
04:52:05.141 [FXGL Background Thread 2 ] WARN  TilesetLoader        - Diagonally flipped tiles are not currently supported
04:52:05.141 [FXGL Background Thread 2 ] WARN  TilesetLoader        - Diagonally flipped tiles are not currently supported
04:52:05.141 [FXGL Background Thread 2 ] WARN  TilesetLoader        - Diagonally flipped tiles are not currently supported
04:52:05.141 [FXGL Background Thread 2 ] WARN  TilesetLoader        - Diagonally flipped tiles are not currently supported
04:52:05.141 [FXGL Background Thread 2 ] WARN  TilesetLoader        - Diagonally flipped tiles are not currently supported
04:52:05.142 [FXGL Background Thread 2 ] WARN  TilesetLoader        - Diagonally flipped tiles are not currently supported
04:52:05.143 [FXGL Background Thread 2 ] WARN  TilesetLoader        - Diagonally flipped tiles are not currently supported
04:52:05.144 [FXGL Background Thread 2 ] WARN  TilesetLoader        - Diagonally flipped tiles are not currently supported
04:52:05.144 [FXGL Background Thread 2 ] WARN  TilesetLoader        - Diagonally flipped tiles are not currently supported
04:52:05.145 [FXGL Background Thread 2 ] WARN  TilesetLoader        - Diagonally flipped tiles are not currently supported
04:52:05.145 [FXGL Background Thread 2 ] WARN  TilesetLoader        - Diagonally flipped tiles are not currently supported
04:52:05.146 [FXGL Background Thread 2 ] WARN  TilesetLoader        - Diagonally flipped tiles are not currently supported
04:52:05.146 [FXGL Background Thread 2 ] WARN  TilesetLoader        - Diagonally flipped tiles are not currently supported
04:52:05.147 [FXGL Background Thread 2 ] WARN  TilesetLoader        - Diagonally flipped tiles are not currently supported
04:52:05.147 [FXGL Background Thread 2 ] WARN  TilesetLoader        - Diagonally flipped tiles are not currently supported
04:52:05.147 [FXGL Background Thread 2 ] WARN  TilesetLoader        - Diagonally flipped tiles are not currently supported
04:52:05.148 [FXGL Background Thread 2 ] WARN  TilesetLoader        - Diagonally flipped tiles are not currently supported
04:52:05.148 [FXGL Background Thread 2 ] WARN  TilesetLoader        - Diagonally flipped tiles are not currently supported
04:52:05.148 [FXGL Background Thread 2 ] WARN  TilesetLoader        - Diagonally flipped tiles are not currently supported
04:52:05.148 [FXGL Background Thread 2 ] WARN  TilesetLoader        - Diagonally flipped tiles are not currently supported
04:52:05.149 [FXGL Background Thread 2 ] WARN  TilesetLoader        - Diagonally flipped tiles are not currently supported
04:52:05.149 [FXGL Background Thread 2 ] WARN  TilesetLoader        - Diagonally flipped tiles are not currently supported
04:52:05.149 [FXGL Background Thread 2 ] WARN  TilesetLoader        - Diagonally flipped tiles are not currently supported
04:52:05.150 [FXGL Background Thread 2 ] WARN  TilesetLoader        - Diagonally flipped tiles are not currently supported
04:52:05.150 [FXGL Background Thread 2 ] WARN  TilesetLoader        - Diagonally flipped tiles are not currently supported
04:52:05.151 [FXGL Background Thread 2 ] WARN  TilesetLoader        - Diagonally flipped tiles are not currently supported
04:52:05.156 [FXGL Background Thread 2 ] WARN  TilesetLoader        - Diagonally flipped tiles are not currently supported
04:52:05.157 [FXGL Background Thread 2 ] WARN  TilesetLoader        - Diagonally flipped tiles are not currently supported
04:52:05.157 [FXGL Background Thread 2 ] WARN  TilesetLoader        - Diagonally flipped tiles are not currently supported
04:52:05.158 [FXGL Background Thread 2 ] WARN  TilesetLoader        - Diagonally flipped tiles are not currently supported
04:52:05.159 [FXGL Background Thread 2 ] WARN  TilesetLoader        - Diagonally flipped tiles are not currently supported
04:52:05.159 [FXGL Background Thread 2 ] WARN  TilesetLoader        - Diagonally flipped tiles are not currently supported
04:52:05.159 [FXGL Background Thread 2 ] WARN  TilesetLoader        - Diagonally flipped tiles are not currently supported
04:52:05.160 [FXGL Background Thread 2 ] WARN  TilesetLoader        - Diagonally flipped tiles are not currently supported
04:52:05.160 [FXGL Background Thread 2 ] WARN  TilesetLoader        - Diagonally flipped tiles are not currently supported
04:52:05.161 [FXGL Background Thread 2 ] WARN  TilesetLoader        - Diagonally flipped tiles are not currently supported
04:52:05.161 [FXGL Background Thread 2 ] WARN  TilesetLoader        - Diagonally flipped tiles are not currently supported
04:52:05.161 [FXGL Background Thread 2 ] WARN  TilesetLoader        - Diagonally flipped tiles are not currently supported
04:52:05.162 [FXGL Background Thread 2 ] WARN  TilesetLoader        - Diagonally flipped tiles are not currently supported
04:52:05.162 [FXGL Background Thread 2 ] WARN  TilesetLoader        - Diagonally flipped tiles are not currently supported
04:52:05.162 [FXGL Background Thread 2 ] WARN  TilesetLoader        - Diagonally flipped tiles are not currently supported
04:52:05.162 [FXGL Background Thread 2 ] WARN  TilesetLoader        - Diagonally flipped tiles are not currently supported
04:52:05.162 [FXGL Background Thread 2 ] WARN  TilesetLoader        - Diagonally flipped tiles are not currently supported
04:52:05.163 [FXGL Background Thread 2 ] WARN  TilesetLoader        - Diagonally flipped tiles are not currently supported
04:52:05.163 [FXGL Background Thread 2 ] WARN  TilesetLoader        - Diagonally flipped tiles are not currently supported
04:52:05.165 [FXGL Background Thread 2 ] WARN  TilesetLoader        - Diagonally flipped tiles are not currently supported
04:52:05.165 [FXGL Background Thread 2 ] WARN  TilesetLoader        - Diagonally flipped tiles are not currently supported
04:52:05.165 [FXGL Background Thread 2 ] WARN  TilesetLoader        - Diagonally flipped tiles are not currently supported
04:52:05.166 [FXGL Background Thread 2 ] WARN  TilesetLoader        - Diagonally flipped tiles are not currently supported
04:52:05.166 [FXGL Background Thread 2 ] WARN  TilesetLoader        - Diagonally flipped tiles are not currently supported
04:52:05.166 [FXGL Background Thread 2 ] WARN  TilesetLoader        - Diagonally flipped tiles are not currently supported
04:52:05.167 [FXGL Background Thread 2 ] WARN  TilesetLoader        - Diagonally flipped tiles are not currently supported
04:52:05.167 [FXGL Background Thread 2 ] WARN  TilesetLoader        - Diagonally flipped tiles are not currently supported
04:52:05.167 [FXGL Background Thread 2 ] WARN  TilesetLoader        - Diagonally flipped tiles are not currently supported
04:52:05.168 [FXGL Background Thread 2 ] WARN  TilesetLoader        - Diagonally flipped tiles are not currently supported
04:52:05.168 [FXGL Background Thread 2 ] WARN  TilesetLoader        - Diagonally flipped tiles are not currently supported
04:52:05.168 [FXGL Background Thread 2 ] WARN  TilesetLoader        - Diagonally flipped tiles are not currently supported
04:52:05.168 [FXGL Background Thread 2 ] WARN  TilesetLoader        - Diagonally flipped tiles are not currently supported
04:52:05.169 [FXGL Background Thread 2 ] WARN  TilesetLoader        - Diagonally flipped tiles are not currently supported
04:52:05.169 [FXGL Background Thread 2 ] WARN  TilesetLoader        - Diagonally flipped tiles are not currently supported
04:52:05.169 [FXGL Background Thread 2 ] WARN  TilesetLoader        - Diagonally flipped tiles are not currently supported
04:52:05.170 [FXGL Background Thread 2 ] WARN  TilesetLoader        - Diagonally flipped tiles are not currently supported
04:52:05.170 [FXGL Background Thread 2 ] WARN  TilesetLoader        - Diagonally flipped tiles are not currently supported
04:52:05.170 [FXGL Background Thread 2 ] WARN  TilesetLoader        - Diagonally flipped tiles are not currently supported
04:52:05.171 [FXGL Background Thread 2 ] WARN  TilesetLoader        - Diagonally flipped tiles are not currently supported
04:52:05.171 [FXGL Background Thread 2 ] WARN  TilesetLoader        - Diagonally flipped tiles are not currently supported
04:52:05.171 [FXGL Background Thread 2 ] WARN  TilesetLoader        - Diagonally flipped tiles are not currently supported
04:52:05.172 [FXGL Background Thread 2 ] WARN  TilesetLoader        - Diagonally flipped tiles are not currently supported
04:52:05.172 [FXGL Background Thread 2 ] WARN  TilesetLoader        - Diagonally flipped tiles are not currently supported
04:52:05.172 [FXGL Background Thread 2 ] WARN  TilesetLoader        - Diagonally flipped tiles are not currently supported
04:52:05.173 [FXGL Background Thread 2 ] WARN  TilesetLoader        - Diagonally flipped tiles are not currently supported
04:52:05.173 [FXGL Background Thread 2 ] WARN  TilesetLoader        - Diagonally flipped tiles are not currently supported
04:52:05.173 [FXGL Background Thread 2 ] WARN  TilesetLoader        - Diagonally flipped tiles are not currently supported
04:52:05.173 [FXGL Background Thread 2 ] WARN  TilesetLoader        - Diagonally flipped tiles are not currently supported
04:52:05.174 [FXGL Background Thread 2 ] WARN  TilesetLoader        - Diagonally flipped tiles are not currently supported
04:52:05.174 [FXGL Background Thread 2 ] WARN  TilesetLoader        - Diagonally flipped tiles are not currently supported
04:52:05.174 [FXGL Background Thread 2 ] WARN  TilesetLoader        - Diagonally flipped tiles are not currently supported
04:52:05.175 [FXGL Background Thread 2 ] WARN  TilesetLoader        - Diagonally flipped tiles are not currently supported
04:52:05.175 [FXGL Background Thread 2 ] WARN  TilesetLoader        - Diagonally flipped tiles are not currently supported
04:52:05.175 [FXGL Background Thread 2 ] WARN  TilesetLoader        - Diagonally flipped tiles are not currently supported
04:52:05.175 [FXGL Background Thread 2 ] WARN  TilesetLoader        - Diagonally flipped tiles are not currently supported
04:52:05.176 [FXGL Background Thread 2 ] WARN  TilesetLoader        - Diagonally flipped tiles are not currently supported
04:52:05.176 [FXGL Background Thread 2 ] WARN  TilesetLoader        - Diagonally flipped tiles are not currently supported
04:52:05.176 [FXGL Background Thread 2 ] WARN  TilesetLoader        - Diagonally flipped tiles are not currently supported
04:52:05.177 [FXGL Background Thread 2 ] WARN  TilesetLoader        - Diagonally flipped tiles are not currently supported
04:52:05.177 [FXGL Background Thread 2 ] WARN  TilesetLoader        - Diagonally flipped tiles are not currently supported
04:52:05.177 [FXGL Background Thread 2 ] WARN  TilesetLoader        - Diagonally flipped tiles are not currently supported
04:52:05.178 [FXGL Background Thread 2 ] WARN  TilesetLoader        - Diagonally flipped tiles are not currently supported
04:52:05.178 [FXGL Background Thread 2 ] WARN  TilesetLoader        - Diagonally flipped tiles are not currently supported
04:52:05.179 [FXGL Background Thread 2 ] WARN  TilesetLoader        - Diagonally flipped tiles are not currently supported
04:52:05.180 [FXGL Background Thread 2 ] WARN  TilesetLoader        - Diagonally flipped tiles are not currently supported
04:52:05.180 [FXGL Background Thread 2 ] WARN  TilesetLoader        - Diagonally flipped tiles are not currently supported
04:52:05.181 [FXGL Background Thread 2 ] WARN  TilesetLoader        - Diagonally flipped tiles are not currently supported
04:52:05.182 [FXGL Background Thread 2 ] WARN  TilesetLoader        - Diagonally flipped tiles are not currently supported
04:52:05.183 [FXGL Background Thread 2 ] WARN  TilesetLoader        - Diagonally flipped tiles are not currently supported
04:52:05.183 [FXGL Background Thread 2 ] WARN  TilesetLoader        - Diagonally flipped tiles are not currently supported
04:52:05.183 [FXGL Background Thread 2 ] WARN  TilesetLoader        - Diagonally flipped tiles are not currently supported
04:52:05.184 [FXGL Background Thread 2 ] WARN  TilesetLoader        - Diagonally flipped tiles are not currently supported
04:52:05.184 [FXGL Background Thread 2 ] WARN  TilesetLoader        - Diagonally flipped tiles are not currently supported
04:52:05.185 [FXGL Background Thread 2 ] DEBUG TilesetLoader        - Loading view for layer road3
04:52:05.187 [FXGL Background Thread 2 ] DEBUG TilesetLoader        - Created buffer with size 1280.0x800.0
04:52:05.188 [FXGL Background Thread 2 ] DEBUG TilesetLoader        - Loading view for layer bg2
04:52:05.190 [FXGL Background Thread 2 ] DEBUG TilesetLoader        - Created buffer with size 1280.0x800.0
04:52:05.195 [FXGL Background Thread 2 ] WARN  TilesetLoader        - Diagonally flipped tiles are not currently supported
04:52:05.195 [FXGL Background Thread 2 ] WARN  TilesetLoader        - Diagonally flipped tiles are not currently supported
04:52:05.196 [FXGL Background Thread 2 ] WARN  TilesetLoader        - Diagonally flipped tiles are not currently supported
04:52:05.196 [FXGL Background Thread 2 ] WARN  TilesetLoader        - Diagonally flipped tiles are not currently supported
04:52:05.197 [FXGL Background Thread 2 ] WARN  TilesetLoader        - Diagonally flipped tiles are not currently supported
04:52:05.198 [FXGL Background Thread 2 ] WARN  TilesetLoader        - Diagonally flipped tiles are not currently supported
04:52:05.198 [FXGL Background Thread 2 ] WARN  TilesetLoader        - Diagonally flipped tiles are not currently supported
04:52:05.202 [FXGL Background Thread 2 ] DEBUG TilesetLoader        - Loading view for layer temp
04:52:05.204 [FXGL Background Thread 2 ] DEBUG TilesetLoader        - Created buffer with size 1280.0x800.0
04:52:05.206 [FXGL Background Thread 2 ] DEBUG TMXLevelLoader       - Creating object layer entities
04:52:05.236 [FXGL Background Thread 2 ] DEBUG GameWorld            - Clearing removable entities
04:52:05.237 [FXGL Background Thread 2 ] DEBUG GameWorld            - Setting level: com.almasb.fxgl.entity.level.Level@416cf370
04:52:05.246 [FXGL Background Thread 2 ] DEBUG FXGLAssetLoaderServi - Loading from file system: file:/E:/All%20About%20Dev/OOP/FXGL%20new%20Begining/final%20version/Tower%20Defender/Tower-Defender/target/classes/assets/textures/life.png
04:52:05.249 [FXGL Background Thread 2 ] DEBUG FXGLAssetLoaderServi - Loading from file system: file:/E:/All%20About%20Dev/OOP/FXGL%20new%20Begining/final%20version/Tower%20Defender/Tower-Defender/target/classes/assets/textures/skull.png
04:52:05.271 [FXGL Background Thread 2 ] INFO  FXGLApplication      - Game initialization took: 0.375 sec
04:52:05.280 [JavaFX Application Thread] DEBUG Input                - Clearing active input actions
04:52:05.286 [JavaFX Application Thread] DEBUG GameApplicationServi - Removing overlay from FXGLLoadingScene and adding to GameScene
04:52:05.286 [JavaFX Application Thread] DEBUG PrimaryStageWindow   - FXGLLoadingScene -> GameScene
04:52:05.302 [JavaFX Application Thread] DEBUG FXGLAssetLoaderServi - Loading from file system: file:/E:/All%20About%20Dev/OOP/FXGL%20new%20Begining/final%20version/Tower%20Defender/Tower-Defender/target/classes/assets/textures/goblin.png
04:52:05.665 [FXGL Background Thread 3 ] DEBUG Engine               - Logging environment variables
04:52:05.666 [FXGL Background Thread 3 ] DEBUG Engine               - achievements: []
04:52:05.666 [FXGL Background Thread 3 ] DEBUG Engine               - actualHeight: 800.0
04:52:05.666 [FXGL Background Thread 3 ] DEBUG Engine               - actualHeightProperty: ReadOnlyDoubleProperty [value: 800.0]
04:52:05.666 [FXGL Background Thread 3 ] DEBUG Engine               - actualWidth: 1280.0
04:52:05.666 [FXGL Background Thread 3 ] DEBUG Engine               - actualWidthProperty: ReadOnlyDoubleProperty [value: 1280.0]
04:52:05.666 [FXGL Background Thread 3 ] DEBUG Engine               - appIcon: fxgl_icon.png
04:52:05.666 [FXGL Background Thread 3 ] DEBUG Engine               - applicationMode: DEVELOPER
04:52:05.666 [FXGL Background Thread 3 ] DEBUG Engine               - cSSList: [fxgl_dark.css]
04:52:05.666 [FXGL Background Thread 3 ] DEBUG Engine               - collisionDetectionStrategy: BRUTE_FORCE
04:52:05.666 [FXGL Background Thread 3 ] DEBUG Engine               - configClass: Optional.empty
04:52:05.666 [FXGL Background Thread 3 ] DEBUG Engine               - credits: []
04:52:05.667 [FXGL Background Thread 3 ] DEBUG Engine               - defaultCursor: CursorInfo(imageName=fxgl_default_cursor.png, hotspotX=7.0, hotspotY=6.0)
04:52:05.667 [FXGL Background Thread 3 ] DEBUG Engine               - devBBoxColorProperty: ObjectProperty [value: 0xff0000ff]
04:52:05.667 [FXGL Background Thread 3 ] DEBUG Engine               - devEnableDebugCameraProperty: BooleanProperty [value: false]
04:52:05.667 [FXGL Background Thread 3 ] DEBUG Engine               - devSensorColorProperty: ObjectProperty [value: 0xffff00ff]
04:52:05.667 [FXGL Background Thread 3 ] DEBUG Engine               - devShowBBoxProperty: BooleanProperty [value: false]
04:52:05.667 [FXGL Background Thread 3 ] DEBUG Engine               - devShowPositionProperty: BooleanProperty [value: false]
04:52:05.667 [FXGL Background Thread 3 ] DEBUG Engine               - enabledMenuItems: []
04:52:05.667 [FXGL Background Thread 3 ] DEBUG Engine               - engineServices: [class com.almasb.fxgl.app.services.FXGLAssetLoaderService, class com.almasb.fxgl.app.FXGLApplication$GameApplicationService, class com.almasb.fxgl.app.services.FXGLDialogService, class com.almasb.fxgl.app.services.IOTaskExecutorService, class com.almasb.fxgl.io.FileSystemService, class com.almasb.fxgl.localization.LocalizationService, class com.almasb.fxgl.app.services.SystemBundleService, class com.almasb.fxgl.profile.SaveLoadService, class com.almasb.fxgl.ui.FXGLUIFactoryServiceProvider, class com.almasb.fxgl.ui.FXGLDialogFactoryServiceProvider, class com.almasb.fxgl.audio.AudioPlayer, class com.almasb.fxgl.notification.impl.NotificationServiceProvider, class com.almasb.fxgl.achievement.AchievementService, class com.almasb.fxgl.cutscene.CutsceneService, class com.almasb.fxgl.minigames.MiniGameService, class com.almasb.fxgl.net.NetService, class com.almasb.fxgl.app.services.UpdaterService, class com.almasb.fxgl.dev.DevService]
04:52:05.667 [FXGL Background Thread 3 ] DEBUG Engine               - fontGame: Abel-Regular.ttf
04:52:05.667 [FXGL Background Thread 3 ] DEBUG Engine               - fontMono: TerminalLandMono-Regular.otf
04:52:05.667 [FXGL Background Thread 3 ] DEBUG Engine               - fontSizeScaleUI: 1.0
04:52:05.667 [FXGL Background Thread 3 ] DEBUG Engine               - fontText: Courier-Prime.ttf
04:52:05.667 [FXGL Background Thread 3 ] DEBUG Engine               - fontUI: VarelaRound-Regular.ttf
04:52:05.667 [FXGL Background Thread 3 ] DEBUG Engine               - fullScreen: BooleanProperty [value: false]
04:52:05.667 [FXGL Background Thread 3 ] DEBUG Engine               - gameDifficulty: MEDIUM
04:52:05.667 [FXGL Background Thread 3 ] DEBUG Engine               - gameDifficultyProperty: ObjectProperty [value: MEDIUM]
04:52:05.667 [FXGL Background Thread 3 ] DEBUG Engine               - globalMusicVolume: 0.5
04:52:05.667 [FXGL Background Thread 3 ] DEBUG Engine               - globalMusicVolumeProperty: DoubleProperty [value: 0.5]
04:52:05.667 [FXGL Background Thread 3 ] DEBUG Engine               - globalSoundVolume: 0.5
04:52:05.667 [FXGL Background Thread 3 ] DEBUG Engine               - globalSoundVolumeProperty: DoubleProperty [value: 0.5]
04:52:05.667 [FXGL Background Thread 3 ] DEBUG Engine               - height: 800
04:52:05.667 [FXGL Background Thread 3 ] DEBUG Engine               - is3D: false
04:52:05.667 [FXGL Background Thread 3 ] DEBUG Engine               - isAndroid: false
04:52:05.667 [FXGL Background Thread 3 ] DEBUG Engine               - isBrowser: false
04:52:05.667 [FXGL Background Thread 3 ] DEBUG Engine               - isClickFeedbackEnabled: false
04:52:05.667 [FXGL Background Thread 3 ] DEBUG Engine               - isCloseConfirmation: false
04:52:05.667 [FXGL Background Thread 3 ] DEBUG Engine               - isDesktop: true
04:52:05.667 [FXGL Background Thread 3 ] DEBUG Engine               - isDeveloperMenuEnabled: false
04:52:05.667 [FXGL Background Thread 3 ] DEBUG Engine               - isEmbedded: false
04:52:05.667 [FXGL Background Thread 3 ] DEBUG Engine               - isEntityPreloadEnabled: true
04:52:05.667 [FXGL Background Thread 3 ] DEBUG Engine               - isExperimentalTiledLargeMap: false
04:52:05.667 [FXGL Background Thread 3 ] DEBUG Engine               - isFileSystemWriteAllowed: true
04:52:05.667 [FXGL Background Thread 3 ] DEBUG Engine               - isFullScreenAllowed: true
04:52:05.667 [FXGL Background Thread 3 ] DEBUG Engine               - isFullScreenFromStart: false
04:52:05.667 [FXGL Background Thread 3 ] DEBUG Engine               - isGameMenuEnabled: true
04:52:05.667 [FXGL Background Thread 3 ] DEBUG Engine               - isIOS: false
04:52:05.667 [FXGL Background Thread 3 ] DEBUG Engine               - isIntroEnabled: false
04:52:05.667 [FXGL Background Thread 3 ] DEBUG Engine               - isLinux: false
04:52:05.667 [FXGL Background Thread 3 ] DEBUG Engine               - isMac: false
04:52:05.667 [FXGL Background Thread 3 ] DEBUG Engine               - isMainMenuEnabled: true
04:52:05.667 [FXGL Background Thread 3 ] DEBUG Engine               - isManualResizeEnabled: true
04:52:05.667 [FXGL Background Thread 3 ] DEBUG Engine               - isMobile: false
04:52:05.667 [FXGL Background Thread 3 ] DEBUG Engine               - isNative: false
04:52:05.667 [FXGL Background Thread 3 ] DEBUG Engine               - isPauseMusicWhenMinimized: true
04:52:05.667 [FXGL Background Thread 3 ] DEBUG Engine               - isPreserveResizeRatio: false
04:52:05.667 [FXGL Background Thread 3 ] DEBUG Engine               - isProfilingEnabled: false
04:52:05.667 [FXGL Background Thread 3 ] DEBUG Engine               - isScaleAffectedOnResize: true
04:52:05.667 [FXGL Background Thread 3 ] DEBUG Engine               - isSingleStep: false
04:52:05.667 [FXGL Background Thread 3 ] DEBUG Engine               - isUserProfileEnabled: false
04:52:05.667 [FXGL Background Thread 3 ] DEBUG Engine               - isWindows: true
04:52:05.667 [FXGL Background Thread 3 ] DEBUG Engine               - language: ObjectProperty [value: ENGLISH]
04:52:05.667 [FXGL Background Thread 3 ] DEBUG Engine               - menuKey: ESCAPE
04:52:05.667 [FXGL Background Thread 3 ] DEBUG Engine               - mouseSensitivity: 0.2
04:52:05.667 [FXGL Background Thread 3 ] DEBUG Engine               - notificationViewClass: class com.almasb.fxgl.notification.view.XboxNotificationView
04:52:05.667 [FXGL Background Thread 3 ] DEBUG Engine               - pixelsPerMeter: 50.0
04:52:05.667 [FXGL Background Thread 3 ] DEBUG Engine               - platform: WINDOWS
04:52:05.668 [FXGL Background Thread 3 ] DEBUG Engine               - prefHeightProperty: ReadOnlyDoubleProperty [value: 800.0]
04:52:05.668 [FXGL Background Thread 3 ] DEBUG Engine               - prefWidthProperty: ReadOnlyDoubleProperty [value: 1280.0]
04:52:05.668 [FXGL Background Thread 3 ] DEBUG Engine               - profileDir: profiles/
04:52:05.668 [FXGL Background Thread 3 ] DEBUG Engine               - profileName: StringProperty [value: DEFAULT]
04:52:05.668 [FXGL Background Thread 3 ] DEBUG Engine               - randomSeed: -1
04:52:05.668 [FXGL Background Thread 3 ] DEBUG Engine               - runtimeInfo: RuntimeInfo(platform=WINDOWS, version=21.1, build=27.03.2024 07.52)
04:52:05.668 [FXGL Background Thread 3 ] DEBUG Engine               - saveFileExt: sav
04:52:05.668 [FXGL Background Thread 3 ] DEBUG Engine               - scaledHeightProp$fxgl: DoubleProperty [bound, value: 800.0]
04:52:05.668 [FXGL Background Thread 3 ] DEBUG Engine               - scaledWidthProp$fxgl: DoubleProperty [bound, value: 1280.0]
04:52:05.668 [FXGL Background Thread 3 ] DEBUG Engine               - sceneFactory: com.almasb.fxgl.app.scene.SceneFactory@47e388c9
04:52:05.668 [FXGL Background Thread 3 ] DEBUG Engine               - secondsIn24h: 60
04:52:05.668 [FXGL Background Thread 3 ] DEBUG Engine               - soundMenuBack: menu/back.wav
04:52:05.668 [FXGL Background Thread 3 ] DEBUG Engine               - soundMenuPress: menu/press.wav
04:52:05.668 [FXGL Background Thread 3 ] DEBUG Engine               - soundMenuSelect: menu/select.wav
04:52:05.668 [FXGL Background Thread 3 ] DEBUG Engine               - soundNotification: core/notification.wav
04:52:05.668 [FXGL Background Thread 3 ] DEBUG Engine               - stageStyle: DECORATED
04:52:05.668 [FXGL Background Thread 3 ] DEBUG Engine               - supportedLanguages: [ENGLISH, FRENCH, GERMAN, HUNGARIAN, RUSSIAN]
04:52:05.668 [FXGL Background Thread 3 ] DEBUG Engine               - ticksPerSecond: -1
04:52:05.668 [FXGL Background Thread 3 ] DEBUG Engine               - title: Ghost Hunter
04:52:05.668 [FXGL Background Thread 3 ] DEBUG Engine               - urlGithub: https://github.com/AlmasB/FXGL
04:52:05.668 [FXGL Background Thread 3 ] DEBUG Engine               - urlLeaderboard: http://fxgl-top.herokuapp.com/
04:52:05.668 [FXGL Background Thread 3 ] DEBUG Engine               - urlPOM: https://raw.githubusercontent.com/AlmasB/FXGL/release/README.md
04:52:05.668 [FXGL Background Thread 3 ] DEBUG Engine               - userAppClass: class org.saikat.Game
04:52:05.668 [FXGL Background Thread 3 ] DEBUG Engine               - version: 1.0
04:52:05.668 [FXGL Background Thread 3 ] DEBUG Engine               - versionCheckDays: 7
04:52:05.668 [FXGL Background Thread 3 ] DEBUG Engine               - width: 1280
04:52:05.668 [FXGL Background Thread 3 ] DEBUG Engine               - Logging services
04:52:05.670 [FXGL Background Thread 3 ] DEBUG Engine               - class com.almasb.fxgl.app.services.FXGLAssetLoaderService
04:52:05.670 [FXGL Background Thread 3 ] DEBUG Engine               - class com.almasb.fxgl.app.FXGLApplication$GameApplicationService
04:52:05.670 [FXGL Background Thread 3 ] DEBUG Engine               - class com.almasb.fxgl.app.services.FXGLDialogService
04:52:05.670 [FXGL Background Thread 3 ] DEBUG Engine               - class com.almasb.fxgl.app.services.IOTaskExecutorService
04:52:05.670 [FXGL Background Thread 3 ] DEBUG Engine               - class com.almasb.fxgl.io.FileSystemService
04:52:05.670 [FXGL Background Thread 3 ] DEBUG Engine               - class com.almasb.fxgl.localization.LocalizationService
04:52:05.670 [FXGL Background Thread 3 ] DEBUG Engine               - class com.almasb.fxgl.app.services.SystemBundleService
04:52:05.670 [FXGL Background Thread 3 ] DEBUG Engine               - class com.almasb.fxgl.profile.SaveLoadService
04:52:05.670 [FXGL Background Thread 3 ] DEBUG Engine               - class com.almasb.fxgl.ui.FXGLUIFactoryServiceProvider
04:52:05.670 [FXGL Background Thread 3 ] DEBUG Engine               - class com.almasb.fxgl.ui.FXGLDialogFactoryServiceProvider
04:52:05.670 [FXGL Background Thread 3 ] DEBUG Engine               - class com.almasb.fxgl.audio.AudioPlayer
04:52:05.670 [FXGL Background Thread 3 ] DEBUG Engine               - class com.almasb.fxgl.notification.impl.NotificationServiceProvider
04:52:05.670 [FXGL Background Thread 3 ] DEBUG Engine               - class com.almasb.fxgl.achievement.AchievementService
04:52:05.670 [FXGL Background Thread 3 ] DEBUG Engine               - class com.almasb.fxgl.cutscene.CutsceneService
04:52:05.670 [FXGL Background Thread 3 ] DEBUG Engine               - class com.almasb.fxgl.minigames.MiniGameService
04:52:05.670 [FXGL Background Thread 3 ] DEBUG Engine               - class com.almasb.fxgl.net.NetService
04:52:05.670 [FXGL Background Thread 3 ] DEBUG Engine               - class com.almasb.fxgl.app.services.UpdaterService
04:52:05.670 [FXGL Background Thread 3 ] DEBUG Engine               - class com.almasb.fxgl.dev.DevService
04:52:08.050 [JavaFX Application Thread] DEBUG PrimaryStageWindow   - Push state: DialogSubScene
04:52:08.051 [JavaFX Application Thread] DEBUG Input                - Clearing active input actions
04:52:08.052 [JavaFX Application Thread] DEBUG GameApplicationServi - Removing overlay from GameScene and adding to DialogSubScene
04:52:08.053 [JavaFX Application Thread] DEBUG PrimaryStageWindow   - GameScene -> DialogSubScene
04:52:09.507 [JavaFX Application Thread] DEBUG PrimaryStageWindow   - Pop state: DialogSubScene
04:52:09.507 [JavaFX Application Thread] DEBUG Input                - Clearing active input actions
04:52:09.508 [JavaFX Application Thread] DEBUG GameApplicationServi - Removing overlay from DialogSubScene and adding to GameScene
04:52:09.509 [JavaFX Application Thread] DEBUG PrimaryStageWindow   - GameScene <- DialogSubScene
04:52:09.510 [JavaFX Application Thread] DEBUG FXGLAssetLoaderServi - Loading from file system: file:/E:/All%20About%20Dev/OOP/FXGL%20new%20Begining/final%20version/Tower%20Defender/Tower-Defender/target/classes/assets/textures/spell2.png
04:52:09.559 [JavaFX Application Thread] DEBUG FXGLAssetLoaderServi - Loading from file system: file:/E:/All%20About%20Dev/OOP/FXGL%20new%20Begining/final%20version/Tower%20Defender/Tower-Defender/target/classes/assets/textures/red.png
04:52:15.875 [JavaFX Application Thread] DEBUG PrimaryStageWindow   - Push state: DialogSubScene
04:52:15.875 [JavaFX Application Thread] DEBUG Input                - Clearing active input actions
04:52:15.876 [JavaFX Application Thread] DEBUG GameApplicationServi - Removing overlay from GameScene and adding to DialogSubScene
04:52:15.876 [JavaFX Application Thread] DEBUG PrimaryStageWindow   - GameScene -> DialogSubScene
04:52:17.177 [JavaFX Application Thread] DEBUG PrimaryStageWindow   - Pop state: DialogSubScene
04:52:17.177 [JavaFX Application Thread] DEBUG Input                - Clearing active input actions
04:52:17.178 [JavaFX Application Thread] DEBUG GameApplicationServi - Removing overlay from DialogSubScene and adding to GameScene
04:52:17.178 [JavaFX Application Thread] DEBUG PrimaryStageWindow   - GameScene <- DialogSubScene
04:52:17.179 [JavaFX Application Thread] DEBUG FXGLAssetLoaderServi - Loading from file system: file:/E:/All%20About%20Dev/OOP/FXGL%20new%20Begining/final%20version/Tower%20Defender/Tower-Defender/target/classes/assets/textures/wildfire.png
04:52:17.211 [JavaFX Application Thread] DEBUG FXGLAssetLoaderServi - Loading from file system: file:/E:/All%20About%20Dev/OOP/FXGL%20new%20Begining/final%20version/Tower%20Defender/Tower-Defender/target/classes/assets/textures/green.png
04:52:18.650 [JavaFX Application Thread] DEBUG FXGLAssetLoaderServi - Loading from file system: file:/E:/All%20About%20Dev/OOP/FXGL%20new%20Begining/final%20version/Tower%20Defender/Tower-Defender/target/classes/assets/textures/bird.png
04:52:26.065 [JavaFX Application Thread] DEBUG PrimaryStageWindow   - Push state: DialogSubScene
04:52:26.066 [JavaFX Application Thread] DEBUG Input                - Clearing active input actions
04:52:26.067 [JavaFX Application Thread] DEBUG GameApplicationServi - Removing overlay from GameScene and adding to DialogSubScene
04:52:26.067 [JavaFX Application Thread] DEBUG PrimaryStageWindow   - GameScene -> DialogSubScene
04:52:27.803 [JavaFX Application Thread] DEBUG PrimaryStageWindow   - Pop state: DialogSubScene
04:52:27.803 [JavaFX Application Thread] DEBUG Input                - Clearing active input actions
04:52:27.803 [JavaFX Application Thread] DEBUG GameApplicationServi - Removing overlay from DialogSubScene and adding to GameScene
04:52:27.803 [JavaFX Application Thread] DEBUG PrimaryStageWindow   - GameScene <- DialogSubScene
04:52:35.319 [JavaFX Application Thread] DEBUG FXGLAssetLoaderServi - Loading from file system: file:/E:/All%20About%20Dev/OOP/FXGL%20new%20Begining/final%20version/Tower%20Defender/Tower-Defender/target/classes/assets/textures/wolf.png
04:52:50.559 [JavaFX Application Thread] DEBUG LoopRunner           - Pausing loop
04:54:14.706 [JavaFX Application Thread] DEBUG LoopRunner           - Resuming loop
04:54:22.088 [JavaFX Application Thread] DEBUG FXGLAssetLoaderServi - Loading from file system: file:/E:/All%20About%20Dev/OOP/FXGL%20new%20Begining/final%20version/Tower%20Defender/Tower-Defender/target/classes/assets/textures/motherflame.png
04:54:36.824 [JavaFX Application Thread] WARN  GameWorld            - Attempted to remove entity which is not active
04:54:52.024 [JavaFX Application Thread] DEBUG FXGLApplication      - Exiting FXGL
04:54:52.025 [JavaFX Application Thread] DEBUG LoopRunner           - Stopping loop
04:54:52.025 [JavaFX Application Thread] DEBUG SystemBundleService  - Saving FXGL system data
04:54:52.030 [JavaFX Application Thread] DEBUG FileSystemAccess     - Writing to: E:\All About Dev\OOP\FXGL new Begining\final version\Tower Defender\Tower-Defender\system\fxgl.bundle
04:54:52.034 [JavaFX Application Thread] DEBUG Async                - Shutting down background threads
04:54:52.034 [JavaFX Application Thread] DEBUG PrimaryStageWindow   - Closing main window
04:54:52.083 [JavaFX Application Thread] DEBUG Logger               - Closing Logger
