05:16:41.618 [main                     ] DEBUG Logger               - Configured Logger
05:16:41.644 [main                     ] DEBUG GameApplication      - Logging settings
Title: 1945
Version: 0.1
Width: 1280
Height: 800
Fullscreen: true
Intro: false
Profiling: false
Single step:false
App Mode: DEVELOPER
Menu Key: ESCAPE
Stage Style: DECORATED
Scene Factory: class com.almasb.fxgl.app.scene.SceneFactory

05:16:42.406 [JavaFX Application Thread] DEBUG FXGLApplication      - Initializing FXGL
05:16:42.411 [JavaFX Application Thread] INFO  Engine               - FXGL-21.1 (27.03.2024 07.52) on WINDOWS (J:21.0.9 FX:21.0.1)
05:16:42.411 [JavaFX Application Thread] DEBUG Engine               - JRE Vendor Name: Oracle Corporation
05:16:42.411 [JavaFX Application Thread] DEBUG Engine               - Running on OS: Windows 11 version 10.0
05:16:42.411 [JavaFX Application Thread] DEBUG Engine               - Architecture: amd64
05:16:42.412 [JavaFX Application Thread] INFO  Engine               - Source code and latest versions at: https://github.com/AlmasB/FXGL
05:16:42.412 [JavaFX Application Thread] INFO  Engine               -       Ask questions and discuss at: https://github.com/AlmasB/FXGL/discussions
05:16:42.412 [JavaFX Application Thread] INFO  Engine               -              Join the FXGL chat at: https://gitter.im/AlmasB/FXGL
05:16:42.552 [JavaFX Application Thread] DEBUG PrimaryStageWindow   - Creating a JavaFX scene
05:16:42.611 [JavaFX Application Thread] DEBUG PrimaryStageWindow   - Target settings size: 1280.0 x 800.0
05:16:42.611 [JavaFX Application Thread] DEBUG PrimaryStageWindow   - Scaled scene size:    1280.0 x 800.0
05:16:42.612 [JavaFX Application Thread] DEBUG PrimaryStageWindow   - Scaled ratio: (1.0, 1.0)
05:16:42.613 [JavaFX Application Thread] DEBUG PrimaryStageWindow   - Set initial scene to FXGLStartupScene
05:16:42.618 [JavaFX Application Thread] DEBUG PrimaryStageWindow   - Opening main window
05:16:42.753 [JavaFX Application Thread] DEBUG PrimaryStageWindow   - Window border size: (14.4000244140625, 37.5999755859375)
05:16:42.754 [JavaFX Application Thread] DEBUG PrimaryStageWindow   - Scaled size: 1280.0 x 800.0
05:16:42.754 [JavaFX Application Thread] DEBUG PrimaryStageWindow   - Scaled ratio: (1.0, 1.0)
05:16:42.754 [JavaFX Application Thread] DEBUG PrimaryStageWindow   - Scene size: 1280.0 x 800.0
05:16:42.755 [JavaFX Application Thread] DEBUG PrimaryStageWindow   - Stage size: 1294.4000244140625 x 837.5999755859375
05:16:42.771 [FXGL Background Thread 1 ] DEBUG Engine               - Initializing environment variables
05:16:42.874 [FXGL Background Thread 1 ] DEBUG FXGLAssetLoaderServi - User app class for loading assets: class org.saikat.Main
05:16:42.874 [FXGL Background Thread 1 ] DEBUG GameApplicationServi - Applying CSS: fxgl_dark.css
05:16:42.876 [FXGL Background Thread 1 ] DEBUG FXGLAssetLoaderServi - Loading from file system: jar:file:/C:/Users/HP/.m2/repository/com/github/almasb/fxgl/21.1/fxgl-21.1.jar!/fxglassets/ui/css/fxgl_dark.css
05:16:42.933 [FXGL Background Thread 1 ] DEBUG GameApplicationServi - Initializing application scenes
05:16:43.006 [FXGL Background Thread 1 ] DEBUG GameWorld            - Game world initialized
05:16:43.082 [FXGL Background Thread 1 ] DEBUG PhysicsWorld         - Physics world initialized: appHeight=800, physics.ppm=50.0
05:16:43.083 [FXGL Background Thread 1 ] DEBUG PhysicsWorld         - Using strategy: BRUTE_FORCE
05:16:43.086 [FXGL Background Thread 1 ] DEBUG GameScene            - Game scene initialized: 1280x800
05:16:43.100 [FXGL Background Thread 1 ] DEBUG FXGL.DefaultMenu     - createMenuBodyGameMenu()
05:16:43.117 [FXGL Background Thread 1 ] DEBUG FXGL.DefaultMenu     - createOptionsMenu()
05:16:43.131 [FXGL Background Thread 1 ] DEBUG FXGLAssetLoaderServi - Loading from file system: jar:file:/C:/Users/HP/.m2/repository/com/github/almasb/fxgl/21.1/fxgl-21.1.jar!/fxglassets/textures/particles/smoke.png
05:16:43.262 [FXGL Background Thread 1 ] DEBUG FXGLAssetLoaderServi - Loading from file system: jar:file:/C:/Users/HP/.m2/repository/com/github/almasb/fxgl/21.1/fxgl-21.1.jar!/fxglassets/textures/particles/trace_horizontal.png
05:16:43.281 [FXGL Background Thread 1 ] DEBUG GameApplicationServi - Application scenes initialized
05:16:43.296 [FXGL Background Thread 1 ] DEBUG SystemBundleService  - Loading FXGL system data
05:16:43.302 [FXGL Background Thread 1 ] DEBUG FileSystemAccess     - Reading from: E:\All About Dev\OOP\FXGL new Begining\final version\Tower Defender\Tower-Defender\system\fxgl.bundle
05:16:43.317 [FXGL Background Thread 1 ] DEBUG SystemBundleService  - Bundle FXGL: {}
05:16:43.317 [FXGL Background Thread 1 ] DEBUG UpdaterService       - Checking for updates
05:16:43.322 [FXGL Background Thread 4 ] DEBUG FXGLApplication      - Loading fonts
05:16:43.322 [FXGL Background Thread 1 ] DEBUG FXGLApplication      - Loading default localization
05:16:43.323 [FXGL Background Thread 4 ] DEBUG FXGLAssetLoaderServi - Loading from file system: jar:file:/C:/Users/HP/.m2/repository/com/github/almasb/fxgl/21.1/fxgl-21.1.jar!/fxglassets/ui/fonts/VarelaRound-Regular.ttf
05:16:43.323 [FXGL Background Thread 1 ] DEBUG FXGLAssetLoaderServi - Loading from file system: jar:file:/C:/Users/HP/.m2/repository/com/github/almasb/fxgl/21.1/fxgl-21.1.jar!/fxglassets/languages/english.lang
05:16:43.359 [FXGL Background Thread 1 ] INFO  FXGLApplication      - FXGL initialization took: 0.588 sec
05:16:43.368 [JavaFX Application Thread] DEBUG Input                - Registered new binding: Add Tower - LMB
05:16:43.368 [JavaFX Application Thread] DEBUG FXGLAssetLoaderServi - Loading from file system: jar:file:/C:/Users/HP/.m2/repository/com/github/almasb/fxgl/21.1/fxgl-21.1.jar!/fxglassets/textures/fxgl_icon.png
05:16:43.392 [JavaFX Application Thread] DEBUG FXGLAssetLoaderServi - Loading from file system: jar:file:/C:/Users/HP/.m2/repository/com/github/almasb/fxgl/21.1/fxgl-21.1.jar!/fxglassets/textures/fxgl_default_cursor.png
05:16:43.402 [JavaFX Application Thread] DEBUG Input                - Registered new binding: Screenshot - CTRL+8
05:16:43.403 [JavaFX Application Thread] DEBUG Input                - Registered new binding: System info dump - CTRL+9
05:16:43.403 [JavaFX Application Thread] DEBUG Input                - Registered new binding: Restart - CTRL+R
05:16:43.404 [JavaFX Application Thread] DEBUG Input                - Registered new binding: Toggle Debug Camera - CTRL+7
05:16:43.409 [JavaFX Application Thread] DEBUG LoopRunner           - Starting loop
05:16:43.409 [JavaFX Application Thread] DEBUG LoopRunner           - Initializing JavaFX AnimationTimerLoop
05:16:43.411 [JavaFX Application Thread] DEBUG GameApplicationServi - Starting new game
05:16:43.411 [JavaFX Application Thread] DEBUG Input                - Clearing active input actions
05:16:43.427 [JavaFX Application Thread] DEBUG GameApplicationServi - Removing overlay from FXGLStartupScene and adding to FXGLLoadingScene
05:16:43.428 [JavaFX Application Thread] DEBUG PrimaryStageWindow   - FXGLStartupScene -> FXGLLoadingScene
05:16:43.428 [JavaFX Application Thread] DEBUG GameApplicationServi - Clearing previous game
05:16:43.428 [JavaFX Application Thread] DEBUG GameScene            - Clearing game scene
05:16:43.428 [JavaFX Application Thread] DEBUG GameWorld            - Clearing game world
05:16:43.428 [JavaFX Application Thread] DEBUG PhysicsWorld         - Clearing physics world
05:16:43.431 [FXGL Background Thread 1 ] DEBUG FXGLApplication      - Initializing game
05:16:43.520 [FXGL Background Thread 1 ] WARN  TMXLevelLoader       - TiledMap generated from 1.12.2. Supported version: 1.9.0. Some features may not be parsed fully.
05:16:43.541 [FXGL Background Thread 1 ] DEBUG TMXLevelLoader       - Parsed TiledMap: file:/E:/All%20About%20Dev/OOP/FXGL%20new%20Begining/final%20version/Tower%20Defender/Tower-Defender/target/classes/assets/levels/wall.tmx
05:16:43.543 [FXGL Background Thread 1 ] DEBUG TMXLevelLoader       - Creating tile layer entities
05:16:43.546 [FXGL Background Thread 1 ] DEBUG TilesetLoader        - Loading view for layer background
05:16:43.549 [FXGL Background Thread 1 ] DEBUG TilesetLoader        - Created buffer with size 1280.0x800.0
05:16:43.581 [FXGL Background Thread 1 ] DEBUG TilesetLoader        - Loading view for layer tower spot layer
05:16:43.583 [FXGL Background Thread 1 ] DEBUG TilesetLoader        - Created buffer with size 1280.0x800.0
05:16:43.592 [FXGL Background Thread 1 ] DEBUG TilesetLoader        - Loading view for layer Road
05:16:43.594 [FXGL Background Thread 1 ] DEBUG TilesetLoader        - Created buffer with size 1280.0x800.0
05:16:43.596 [FXGL Background Thread 1 ] DEBUG TMXLevelLoader       - Creating object layer entities
05:16:43.606 [FXGL Background Thread 4 ] DEBUG FXGLAssetLoaderServi - Loading from file system: jar:file:/C:/Users/HP/.m2/repository/com/github/almasb/fxgl/21.1/fxgl-21.1.jar!/fxglassets/ui/fonts/Abel-Regular.ttf
05:16:43.613 [FXGL Background Thread 4 ] DEBUG FXGLAssetLoaderServi - Loading from file system: jar:file:/C:/Users/HP/.m2/repository/com/github/almasb/fxgl/21.1/fxgl-21.1.jar!/fxglassets/ui/fonts/TerminalLandMono-Regular.otf
05:16:43.622 [FXGL Background Thread 4 ] DEBUG FXGLAssetLoaderServi - Loading from file system: jar:file:/C:/Users/HP/.m2/repository/com/github/almasb/fxgl/21.1/fxgl-21.1.jar!/fxglassets/ui/fonts/Courier-Prime.ttf
05:16:43.634 [FXGL Background Thread 1 ] DEBUG GameWorld            - Clearing removable entities
05:16:43.635 [FXGL Background Thread 1 ] DEBUG GameWorld            - Setting level: com.almasb.fxgl.entity.level.Level@1aaf076
05:16:43.670 [FXGL Background Thread 1 ] INFO  FXGLApplication      - Game initialization took: 0.239 sec
05:16:43.687 [JavaFX Application Thread] DEBUG FXGLApplication      - Registering font factories with UI factory
05:16:43.691 [JavaFX Application Thread] DEBUG Input                - Clearing active input actions
05:16:43.714 [JavaFX Application Thread] DEBUG GameApplicationServi - Removing overlay from FXGLLoadingScene and adding to GameScene
05:16:43.714 [JavaFX Application Thread] DEBUG PrimaryStageWindow   - FXGLLoadingScene -> GameScene
05:16:46.320 [FXGL Background Thread 3 ] DEBUG Engine               - Logging environment variables
05:16:46.321 [FXGL Background Thread 3 ] DEBUG Engine               - achievements: []
05:16:46.321 [FXGL Background Thread 3 ] DEBUG Engine               - actualHeight: 800.0
05:16:46.321 [FXGL Background Thread 3 ] DEBUG Engine               - actualHeightProperty: ReadOnlyDoubleProperty [value: 800.0]
05:16:46.321 [FXGL Background Thread 3 ] DEBUG Engine               - actualWidth: 1280.0
05:16:46.321 [FXGL Background Thread 3 ] DEBUG Engine               - actualWidthProperty: ReadOnlyDoubleProperty [value: 1280.0]
05:16:46.321 [FXGL Background Thread 3 ] DEBUG Engine               - appIcon: fxgl_icon.png
05:16:46.321 [FXGL Background Thread 3 ] DEBUG Engine               - applicationMode: DEVELOPER
05:16:46.321 [FXGL Background Thread 3 ] DEBUG Engine               - cSSList: [fxgl_dark.css]
05:16:46.321 [FXGL Background Thread 3 ] DEBUG Engine               - collisionDetectionStrategy: BRUTE_FORCE
05:16:46.321 [FXGL Background Thread 3 ] DEBUG Engine               - configClass: Optional.empty
05:16:46.321 [FXGL Background Thread 3 ] DEBUG Engine               - credits: []
05:16:46.322 [FXGL Background Thread 3 ] DEBUG Engine               - defaultCursor: CursorInfo(imageName=fxgl_default_cursor.png, hotspotX=7.0, hotspotY=6.0)
05:16:46.322 [FXGL Background Thread 3 ] DEBUG Engine               - devBBoxColorProperty: ObjectProperty [value: 0xff0000ff]
05:16:46.322 [FXGL Background Thread 3 ] DEBUG Engine               - devEnableDebugCameraProperty: BooleanProperty [value: false]
05:16:46.322 [FXGL Background Thread 3 ] DEBUG Engine               - devSensorColorProperty: ObjectProperty [value: 0xffff00ff]
05:16:46.322 [FXGL Background Thread 3 ] DEBUG Engine               - devShowBBoxProperty: BooleanProperty [value: false]
05:16:46.322 [FXGL Background Thread 3 ] DEBUG Engine               - devShowPositionProperty: BooleanProperty [value: false]
05:16:46.322 [FXGL Background Thread 3 ] DEBUG Engine               - enabledMenuItems: []
05:16:46.322 [FXGL Background Thread 3 ] DEBUG Engine               - engineServices: [class com.almasb.fxgl.app.services.FXGLAssetLoaderService, class com.almasb.fxgl.app.FXGLApplication$GameApplicationService, class com.almasb.fxgl.app.services.FXGLDialogService, class com.almasb.fxgl.app.services.IOTaskExecutorService, class com.almasb.fxgl.io.FileSystemService, class com.almasb.fxgl.localization.LocalizationService, class com.almasb.fxgl.app.services.SystemBundleService, class com.almasb.fxgl.profile.SaveLoadService, class com.almasb.fxgl.ui.FXGLUIFactoryServiceProvider, class com.almasb.fxgl.ui.FXGLDialogFactoryServiceProvider, class com.almasb.fxgl.audio.AudioPlayer, class com.almasb.fxgl.notification.impl.NotificationServiceProvider, class com.almasb.fxgl.achievement.AchievementService, class com.almasb.fxgl.cutscene.CutsceneService, class com.almasb.fxgl.minigames.MiniGameService, class com.almasb.fxgl.net.NetService, class com.almasb.fxgl.app.services.UpdaterService, class com.almasb.fxgl.dev.DevService]
05:16:46.323 [FXGL Background Thread 3 ] DEBUG Engine               - fontGame: Abel-Regular.ttf
05:16:46.323 [FXGL Background Thread 3 ] DEBUG Engine               - fontMono: TerminalLandMono-Regular.otf
05:16:46.323 [FXGL Background Thread 3 ] DEBUG Engine               - fontSizeScaleUI: 1.0
05:16:46.323 [FXGL Background Thread 3 ] DEBUG Engine               - fontText: Courier-Prime.ttf
05:16:46.323 [FXGL Background Thread 3 ] DEBUG Engine               - fontUI: VarelaRound-Regular.ttf
05:16:46.323 [FXGL Background Thread 3 ] DEBUG Engine               - fullScreen: BooleanProperty [value: false]
05:16:46.323 [FXGL Background Thread 3 ] DEBUG Engine               - gameDifficulty: MEDIUM
05:16:46.323 [FXGL Background Thread 3 ] DEBUG Engine               - gameDifficultyProperty: ObjectProperty [value: MEDIUM]
05:16:46.323 [FXGL Background Thread 3 ] DEBUG Engine               - globalMusicVolume: 0.5
05:16:46.323 [FXGL Background Thread 3 ] DEBUG Engine               - globalMusicVolumeProperty: DoubleProperty [value: 0.5]
05:16:46.323 [FXGL Background Thread 3 ] DEBUG Engine               - globalSoundVolume: 0.5
05:16:46.323 [FXGL Background Thread 3 ] DEBUG Engine               - globalSoundVolumeProperty: DoubleProperty [value: 0.5]
05:16:46.323 [FXGL Background Thread 3 ] DEBUG Engine               - height: 800
05:16:46.324 [FXGL Background Thread 3 ] DEBUG Engine               - is3D: false
05:16:46.324 [FXGL Background Thread 3 ] DEBUG Engine               - isAndroid: false
05:16:46.324 [FXGL Background Thread 3 ] DEBUG Engine               - isBrowser: false
05:16:46.324 [FXGL Background Thread 3 ] DEBUG Engine               - isClickFeedbackEnabled: false
05:16:46.324 [FXGL Background Thread 3 ] DEBUG Engine               - isCloseConfirmation: false
05:16:46.324 [FXGL Background Thread 3 ] DEBUG Engine               - isDesktop: true
05:16:46.324 [FXGL Background Thread 3 ] DEBUG Engine               - isDeveloperMenuEnabled: false
05:16:46.324 [FXGL Background Thread 3 ] DEBUG Engine               - isEmbedded: false
05:16:46.324 [FXGL Background Thread 3 ] DEBUG Engine               - isEntityPreloadEnabled: true
05:16:46.324 [FXGL Background Thread 3 ] DEBUG Engine               - isExperimentalTiledLargeMap: false
05:16:46.324 [FXGL Background Thread 3 ] DEBUG Engine               - isFileSystemWriteAllowed: true
05:16:46.325 [FXGL Background Thread 3 ] DEBUG Engine               - isFullScreenAllowed: true
05:16:46.325 [FXGL Background Thread 3 ] DEBUG Engine               - isFullScreenFromStart: false
05:16:46.325 [FXGL Background Thread 3 ] DEBUG Engine               - isGameMenuEnabled: true
05:16:46.325 [FXGL Background Thread 3 ] DEBUG Engine               - isIOS: false
05:16:46.325 [FXGL Background Thread 3 ] DEBUG Engine               - isIntroEnabled: false
05:16:46.325 [FXGL Background Thread 3 ] DEBUG Engine               - isLinux: false
05:16:46.325 [FXGL Background Thread 3 ] DEBUG Engine               - isMac: false
05:16:46.325 [FXGL Background Thread 3 ] DEBUG Engine               - isMainMenuEnabled: false
05:16:46.325 [FXGL Background Thread 3 ] DEBUG Engine               - isManualResizeEnabled: true
05:16:46.325 [FXGL Background Thread 3 ] DEBUG Engine               - isMobile: false
05:16:46.325 [FXGL Background Thread 3 ] DEBUG Engine               - isNative: false
05:16:46.325 [FXGL Background Thread 3 ] DEBUG Engine               - isPauseMusicWhenMinimized: true
05:16:46.325 [FXGL Background Thread 3 ] DEBUG Engine               - isPreserveResizeRatio: false
05:16:46.325 [FXGL Background Thread 3 ] DEBUG Engine               - isProfilingEnabled: false
05:16:46.325 [FXGL Background Thread 3 ] DEBUG Engine               - isScaleAffectedOnResize: true
05:16:46.326 [FXGL Background Thread 3 ] DEBUG Engine               - isSingleStep: false
05:16:46.326 [FXGL Background Thread 3 ] DEBUG Engine               - isUserProfileEnabled: false
05:16:46.326 [FXGL Background Thread 3 ] DEBUG Engine               - isWindows: true
05:16:46.326 [FXGL Background Thread 3 ] DEBUG Engine               - language: ObjectProperty [value: ENGLISH]
05:16:46.326 [FXGL Background Thread 3 ] DEBUG Engine               - menuKey: ESCAPE
05:16:46.326 [FXGL Background Thread 3 ] DEBUG Engine               - mouseSensitivity: 0.2
05:16:46.326 [FXGL Background Thread 3 ] DEBUG Engine               - notificationViewClass: class com.almasb.fxgl.notification.view.XboxNotificationView
05:16:46.326 [FXGL Background Thread 3 ] DEBUG Engine               - pixelsPerMeter: 50.0
05:16:46.326 [FXGL Background Thread 3 ] DEBUG Engine               - platform: WINDOWS
05:16:46.326 [FXGL Background Thread 3 ] DEBUG Engine               - prefHeightProperty: ReadOnlyDoubleProperty [value: 800.0]
05:16:46.326 [FXGL Background Thread 3 ] DEBUG Engine               - prefWidthProperty: ReadOnlyDoubleProperty [value: 1280.0]
05:16:46.326 [FXGL Background Thread 3 ] DEBUG Engine               - profileDir: profiles/
05:16:46.326 [FXGL Background Thread 3 ] DEBUG Engine               - profileName: StringProperty [value: DEFAULT]
05:16:46.326 [FXGL Background Thread 3 ] DEBUG Engine               - randomSeed: -1
05:16:46.327 [FXGL Background Thread 3 ] DEBUG Engine               - runtimeInfo: RuntimeInfo(platform=WINDOWS, version=21.1, build=27.03.2024 07.52)
05:16:46.327 [FXGL Background Thread 3 ] DEBUG Engine               - saveFileExt: sav
05:16:46.327 [FXGL Background Thread 3 ] DEBUG Engine               - scaledHeightProp$fxgl: DoubleProperty [bound, value: 800.0]
05:16:46.327 [FXGL Background Thread 3 ] DEBUG Engine               - scaledWidthProp$fxgl: DoubleProperty [bound, value: 1280.0]
05:16:46.327 [FXGL Background Thread 3 ] DEBUG Engine               - sceneFactory: com.almasb.fxgl.app.scene.SceneFactory@11e51023
05:16:46.327 [FXGL Background Thread 3 ] DEBUG Engine               - secondsIn24h: 60
05:16:46.327 [FXGL Background Thread 3 ] DEBUG Engine               - soundMenuBack: menu/back.wav
05:16:46.327 [FXGL Background Thread 3 ] DEBUG Engine               - soundMenuPress: menu/press.wav
05:16:46.327 [FXGL Background Thread 3 ] DEBUG Engine               - soundMenuSelect: menu/select.wav
05:16:46.327 [FXGL Background Thread 3 ] DEBUG Engine               - soundNotification: core/notification.wav
05:16:46.327 [FXGL Background Thread 3 ] DEBUG Engine               - stageStyle: DECORATED
05:16:46.328 [FXGL Background Thread 3 ] DEBUG Engine               - supportedLanguages: [ENGLISH, FRENCH, GERMAN, HUNGARIAN, RUSSIAN]
05:16:46.328 [FXGL Background Thread 3 ] DEBUG Engine               - ticksPerSecond: -1
05:16:46.328 [FXGL Background Thread 3 ] DEBUG Engine               - title: 1945
05:16:46.328 [FXGL Background Thread 3 ] DEBUG Engine               - urlGithub: https://github.com/AlmasB/FXGL
05:16:46.328 [FXGL Background Thread 3 ] DEBUG Engine               - urlLeaderboard: http://fxgl-top.herokuapp.com/
05:16:46.328 [FXGL Background Thread 3 ] DEBUG Engine               - urlPOM: https://raw.githubusercontent.com/AlmasB/FXGL/release/README.md
05:16:46.328 [FXGL Background Thread 3 ] DEBUG Engine               - userAppClass: class org.saikat.Main
05:16:46.328 [FXGL Background Thread 3 ] DEBUG Engine               - version: 0.1
05:16:46.328 [FXGL Background Thread 3 ] DEBUG Engine               - versionCheckDays: 7
05:16:46.328 [FXGL Background Thread 3 ] DEBUG Engine               - width: 1280
05:16:46.328 [FXGL Background Thread 3 ] DEBUG Engine               - Logging services
05:16:46.328 [FXGL Background Thread 3 ] DEBUG Engine               - class com.almasb.fxgl.app.services.FXGLAssetLoaderService
05:16:46.328 [FXGL Background Thread 3 ] DEBUG Engine               - class com.almasb.fxgl.app.FXGLApplication$GameApplicationService
05:16:46.328 [FXGL Background Thread 3 ] DEBUG Engine               - class com.almasb.fxgl.app.services.FXGLDialogService
05:16:46.328 [FXGL Background Thread 3 ] DEBUG Engine               - class com.almasb.fxgl.app.services.IOTaskExecutorService
05:16:46.328 [FXGL Background Thread 3 ] DEBUG Engine               - class com.almasb.fxgl.io.FileSystemService
05:16:46.328 [FXGL Background Thread 3 ] DEBUG Engine               - class com.almasb.fxgl.localization.LocalizationService
05:16:46.328 [FXGL Background Thread 3 ] DEBUG Engine               - class com.almasb.fxgl.app.services.SystemBundleService
05:16:46.328 [FXGL Background Thread 3 ] DEBUG Engine               - class com.almasb.fxgl.profile.SaveLoadService
05:16:46.328 [FXGL Background Thread 3 ] DEBUG Engine               - class com.almasb.fxgl.ui.FXGLUIFactoryServiceProvider
05:16:46.328 [FXGL Background Thread 3 ] DEBUG Engine               - class com.almasb.fxgl.ui.FXGLDialogFactoryServiceProvider
05:16:46.328 [FXGL Background Thread 3 ] DEBUG Engine               - class com.almasb.fxgl.audio.AudioPlayer
05:16:46.328 [FXGL Background Thread 3 ] DEBUG Engine               - class com.almasb.fxgl.notification.impl.NotificationServiceProvider
05:16:46.328 [FXGL Background Thread 3 ] DEBUG Engine               - class com.almasb.fxgl.achievement.AchievementService
05:16:46.328 [FXGL Background Thread 3 ] DEBUG Engine               - class com.almasb.fxgl.cutscene.CutsceneService
05:16:46.328 [FXGL Background Thread 3 ] DEBUG Engine               - class com.almasb.fxgl.minigames.MiniGameService
05:16:46.328 [FXGL Background Thread 3 ] DEBUG Engine               - class com.almasb.fxgl.net.NetService
05:16:46.328 [FXGL Background Thread 3 ] DEBUG Engine               - class com.almasb.fxgl.app.services.UpdaterService
05:16:46.328 [FXGL Background Thread 3 ] DEBUG Engine               - class com.almasb.fxgl.dev.DevService
05:16:53.150 [JavaFX Application Thread] DEBUG FXGLAssetLoaderServi - Loading from file system: file:/E:/All%20About%20Dev/OOP/FXGL%20new%20Begining/final%20version/Tower%20Defender/Tower-Defender/target/classes/assets/textures/FieldsTileset.png
05:16:55.746 [FXGL Background Thread 2 ] WARN  UpdaterService       - Failed to find updates: java.net.UnknownHostException: raw.githubusercontent.com
05:17:43.228 [JavaFX Application Thread] DEBUG LoopRunner           - Pausing loop
05:23:56.722 [JavaFX Application Thread] DEBUG LoopRunner           - Resuming loop
05:42:23.174 [JavaFX Application Thread] DEBUG FXGLApplication      - Exiting FXGL
05:42:23.174 [JavaFX Application Thread] DEBUG LoopRunner           - Stopping loop
05:42:23.190 [JavaFX Application Thread] DEBUG SystemBundleService  - Saving FXGL system data
05:42:23.269 [JavaFX Application Thread] DEBUG FileSystemAccess     - Writing to: E:\All About Dev\OOP\FXGL new Begining\final version\Tower Defender\Tower-Defender\system\fxgl.bundle
05:42:23.333 [JavaFX Application Thread] DEBUG Async                - Shutting down background threads
05:42:23.333 [JavaFX Application Thread] DEBUG PrimaryStageWindow   - Closing main window
05:42:23.376 [JavaFX Application Thread] DEBUG Logger               - Closing Logger
