21:38:38.138 [main                     ] DEBUG Logger               - Configured Logger
21:38:38.162 [main                     ] DEBUG GameApplication      - Logging settings
Title: 1945
Version: 0.1
Width: 1280
Height: 800
Fullscreen: true
Intro: false
Profiling: false
Single step:false
App Mode: DEVELOPER
Menu Key: ESCAPE
Stage Style: DECORATED
Scene Factory: class com.almasb.fxgl.app.scene.SceneFactory

21:38:38.908 [JavaFX Application Thread] DEBUG FXGLApplication      - Initializing FXGL
21:38:38.912 [JavaFX Application Thread] INFO  Engine               - FXGL-21.1 (27.03.2024 07.52) on WINDOWS (J:21.0.9 FX:21.0.1)
21:38:38.912 [JavaFX Application Thread] DEBUG Engine               - JRE Vendor Name: Oracle Corporation
21:38:38.913 [JavaFX Application Thread] DEBUG Engine               - Running on OS: Windows 11 version 10.0
21:38:38.913 [JavaFX Application Thread] DEBUG Engine               - Architecture: amd64
21:38:38.913 [JavaFX Application Thread] INFO  Engine               - Source code and latest versions at: https://github.com/AlmasB/FXGL
21:38:38.913 [JavaFX Application Thread] INFO  Engine               -       Ask questions and discuss at: https://github.com/AlmasB/FXGL/discussions
21:38:38.913 [JavaFX Application Thread] INFO  Engine               -              Join the FXGL chat at: https://gitter.im/AlmasB/FXGL
21:38:39.073 [JavaFX Application Thread] DEBUG PrimaryStageWindow   - Creating a JavaFX scene
21:38:39.145 [JavaFX Application Thread] DEBUG PrimaryStageWindow   - Target settings size: 1280.0 x 800.0
21:38:39.145 [JavaFX Application Thread] DEBUG PrimaryStageWindow   - Scaled scene size:    1280.0 x 800.0
21:38:39.145 [JavaFX Application Thread] DEBUG PrimaryStageWindow   - Scaled ratio: (1.0, 1.0)
21:38:39.146 [JavaFX Application Thread] DEBUG PrimaryStageWindow   - Set initial scene to FXGLStartupScene
21:38:39.151 [JavaFX Application Thread] DEBUG PrimaryStageWindow   - Opening main window
21:38:39.299 [JavaFX Application Thread] DEBUG PrimaryStageWindow   - Window border size: (14.4000244140625, 37.5999755859375)
21:38:39.300 [JavaFX Application Thread] DEBUG PrimaryStageWindow   - Scaled size: 1280.0 x 800.0
21:38:39.300 [JavaFX Application Thread] DEBUG PrimaryStageWindow   - Scaled ratio: (1.0, 1.0)
21:38:39.301 [JavaFX Application Thread] DEBUG PrimaryStageWindow   - Scene size: 1280.0 x 800.0
21:38:39.301 [JavaFX Application Thread] DEBUG PrimaryStageWindow   - Stage size: 1294.4000244140625 x 837.5999755859375
21:38:39.320 [FXGL Background Thread 1 ] DEBUG Engine               - Initializing environment variables
21:38:39.407 [FXGL Background Thread 1 ] DEBUG FXGLAssetLoaderServi - User app class for loading assets: class org.saikat.Main
21:38:39.408 [FXGL Background Thread 1 ] DEBUG GameApplicationServi - Applying CSS: fxgl_dark.css
21:38:39.410 [FXGL Background Thread 1 ] DEBUG FXGLAssetLoaderServi - Loading from file system: jar:file:/C:/Users/HP/.m2/repository/com/github/almasb/fxgl/21.1/fxgl-21.1.jar!/fxglassets/ui/css/fxgl_dark.css
21:38:39.466 [FXGL Background Thread 1 ] DEBUG GameApplicationServi - Initializing application scenes
21:38:39.537 [FXGL Background Thread 1 ] DEBUG GameWorld            - Game world initialized
21:38:39.622 [FXGL Background Thread 1 ] DEBUG PhysicsWorld         - Physics world initialized: appHeight=800, physics.ppm=50.0
21:38:39.622 [FXGL Background Thread 1 ] DEBUG PhysicsWorld         - Using strategy: BRUTE_FORCE
21:38:39.627 [FXGL Background Thread 1 ] DEBUG GameScene            - Game scene initialized: 1280x800
21:38:39.645 [FXGL Background Thread 1 ] DEBUG FXGL.DefaultMenu     - createMenuBodyGameMenu()
21:38:39.662 [FXGL Background Thread 1 ] DEBUG FXGL.DefaultMenu     - createOptionsMenu()
21:38:39.675 [FXGL Background Thread 1 ] DEBUG FXGLAssetLoaderServi - Loading from file system: jar:file:/C:/Users/HP/.m2/repository/com/github/almasb/fxgl/21.1/fxgl-21.1.jar!/fxglassets/textures/particles/smoke.png
21:38:39.817 [FXGL Background Thread 1 ] DEBUG FXGLAssetLoaderServi - Loading from file system: jar:file:/C:/Users/HP/.m2/repository/com/github/almasb/fxgl/21.1/fxgl-21.1.jar!/fxglassets/textures/particles/trace_horizontal.png
21:38:39.884 [FXGL Background Thread 1 ] DEBUG GameApplicationServi - Application scenes initialized
21:38:39.898 [FXGL Background Thread 1 ] DEBUG SystemBundleService  - Loading FXGL system data
21:38:39.903 [FXGL Background Thread 1 ] DEBUG FileSystemAccess     - Reading from: E:\All About Dev\OOP\FXGL new Begining\final version\Tower Defender\Tower-Defender\system\fxgl.bundle
21:38:39.919 [FXGL Background Thread 1 ] DEBUG SystemBundleService  - Bundle FXGL: {}
21:38:39.920 [FXGL Background Thread 1 ] DEBUG UpdaterService       - Checking for updates
21:38:39.925 [FXGL Background Thread 4 ] DEBUG FXGLApplication      - Loading fonts
21:38:39.925 [FXGL Background Thread 1 ] DEBUG FXGLApplication      - Loading default localization
21:38:39.926 [FXGL Background Thread 4 ] DEBUG FXGLAssetLoaderServi - Loading from file system: jar:file:/C:/Users/HP/.m2/repository/com/github/almasb/fxgl/21.1/fxgl-21.1.jar!/fxglassets/ui/fonts/VarelaRound-Regular.ttf
21:38:39.926 [FXGL Background Thread 1 ] DEBUG FXGLAssetLoaderServi - Loading from file system: jar:file:/C:/Users/HP/.m2/repository/com/github/almasb/fxgl/21.1/fxgl-21.1.jar!/fxglassets/languages/english.lang
21:38:39.962 [FXGL Background Thread 1 ] INFO  FXGLApplication      - FXGL initialization took: 0.642 sec
21:38:39.972 [JavaFX Application Thread] DEBUG Input                - Registered new binding: add tower - LMB
21:38:39.973 [JavaFX Application Thread] DEBUG Input                - Registered new binding: remove tower - RMB
21:38:39.974 [JavaFX Application Thread] DEBUG FXGLAssetLoaderServi - Loading from file system: jar:file:/C:/Users/HP/.m2/repository/com/github/almasb/fxgl/21.1/fxgl-21.1.jar!/fxglassets/textures/fxgl_icon.png
21:38:40.004 [JavaFX Application Thread] DEBUG FXGLAssetLoaderServi - Loading from file system: jar:file:/C:/Users/HP/.m2/repository/com/github/almasb/fxgl/21.1/fxgl-21.1.jar!/fxglassets/textures/fxgl_default_cursor.png
21:38:40.015 [JavaFX Application Thread] DEBUG Input                - Registered new binding: Screenshot - CTRL+8
21:38:40.016 [JavaFX Application Thread] DEBUG Input                - Registered new binding: System info dump - CTRL+9
21:38:40.017 [JavaFX Application Thread] DEBUG Input                - Registered new binding: Restart - CTRL+R
21:38:40.018 [JavaFX Application Thread] DEBUG Input                - Registered new binding: Toggle Debug Camera - CTRL+7
21:38:40.023 [JavaFX Application Thread] DEBUG LoopRunner           - Starting loop
21:38:40.024 [JavaFX Application Thread] DEBUG LoopRunner           - Initializing JavaFX AnimationTimerLoop
21:38:40.026 [JavaFX Application Thread] DEBUG GameApplicationServi - Starting new game
21:38:40.027 [JavaFX Application Thread] DEBUG Input                - Clearing active input actions
21:38:40.042 [JavaFX Application Thread] DEBUG GameApplicationServi - Removing overlay from FXGLStartupScene and adding to FXGLLoadingScene
21:38:40.043 [JavaFX Application Thread] DEBUG PrimaryStageWindow   - FXGLStartupScene -> FXGLLoadingScene
21:38:40.043 [JavaFX Application Thread] DEBUG GameApplicationServi - Clearing previous game
21:38:40.043 [JavaFX Application Thread] DEBUG GameScene            - Clearing game scene
21:38:40.043 [JavaFX Application Thread] DEBUG GameWorld            - Clearing game world
21:38:40.043 [JavaFX Application Thread] DEBUG PhysicsWorld         - Clearing physics world
21:38:40.045 [FXGL Background Thread 1 ] DEBUG FXGLApplication      - Initializing game
21:38:40.117 [JavaFX Application Thread] DEBUG LoopRunner           - Stopping loop
21:38:40.122 [JavaFX Application Thread] FATAL FXGLApplication      - Uncaught Exception:
java.lang.RuntimeException: Initialization failed
	at com.almasb.fxgl.app.FXGLApplication$InitAppTask.failed(FXGLApplication.kt:347)
	at javafx.concurrent.Task.setState(Task.java:710)
	at javafx.concurrent.Task$TaskCallable.lambda$call$2(Task.java:1429)
	at com.sun.javafx.application.PlatformImpl.lambda$runLater$10(PlatformImpl.java:456)
	at java.base/java.security.AccessController.doPrivileged(AccessController.java:400)
	at com.sun.javafx.application.PlatformImpl.lambda$runLater$11(PlatformImpl.java:455)
	at com.sun.glass.ui.InvokeLaterDispatcher$Future.run(InvokeLaterDispatcher.java:95)
	at com.sun.glass.ui.win.WinApplication._runLoop(Native Method)
	at com.sun.glass.ui.win.WinApplication.lambda$runLoop$3(WinApplication.java:185)
	at java.base/java.lang.Thread.run(Thread.java:1583)
Caused by: java.lang.NullPointerException: Parameter specified as non-null is null: method com.almasb.fxgl.app.FXGLApplication$InitAppTask$initGame$1.invoke, parameter value
	at com.almasb.fxgl.app.FXGLApplication$InitAppTask$initGame$1.invoke(FXGLApplication.kt)
	at com.almasb.fxgl.app.FXGLApplication$InitAppTask$initGame$1.invoke(FXGLApplication.kt:337)
	at com.almasb.fxgl.app.FXGLApplication$InitAppTask.initGame$lambda$1(FXGLApplication.kt:337)
	at java.base/java.util.HashMap.forEach(HashMap.java:1429)
	at com.almasb.fxgl.app.FXGLApplication$InitAppTask.initGame(FXGLApplication.kt:337)
	at com.almasb.fxgl.app.FXGLApplication$InitAppTask.call(FXGLApplication.kt:321)
	at com.almasb.fxgl.app.FXGLApplication$InitAppTask.call(FXGLApplication.kt:313)
	at javafx.concurrent.Task$TaskCallable.call(Task.java:1399)
	at java.base/java.util.concurrent.FutureTask.run(FutureTask.java:317)
	at java.base/java.util.concurrent.Executors$RunnableAdapter.call(Executors.java:572)
	at java.base/java.util.concurrent.FutureTask.run(FutureTask.java:317)
	at java.base/java.util.concurrent.ThreadPoolExecutor.runWorker(ThreadPoolExecutor.java:1144)
	at java.base/java.util.concurrent.ThreadPoolExecutor$Worker.run(ThreadPoolExecutor.java:642)
	... 1 more

21:38:40.123 [JavaFX Application Thread] FATAL FXGLApplication      - Application will now exit
21:38:40.167 [JavaFX Application Thread] DEBUG PrimaryStageWindow   - Push state: ErrorSubScene
21:38:40.171 [JavaFX Application Thread] DEBUG Input                - Clearing active input actions
21:38:40.199 [JavaFX Application Thread] DEBUG GameApplicationServi - Removing overlay from FXGLLoadingScene and adding to ErrorSubScene
21:38:40.200 [JavaFX Application Thread] DEBUG PrimaryStageWindow   - FXGLLoadingScene -> ErrorSubScene
21:38:40.456 [FXGL Background Thread 4 ] DEBUG FXGLAssetLoaderServi - Loading from file system: jar:file:/C:/Users/HP/.m2/repository/com/github/almasb/fxgl/21.1/fxgl-21.1.jar!/fxglassets/ui/fonts/Abel-Regular.ttf
21:38:40.465 [FXGL Background Thread 4 ] DEBUG FXGLAssetLoaderServi - Loading from file system: jar:file:/C:/Users/HP/.m2/repository/com/github/almasb/fxgl/21.1/fxgl-21.1.jar!/fxglassets/ui/fonts/TerminalLandMono-Regular.otf
21:38:40.475 [FXGL Background Thread 4 ] DEBUG FXGLAssetLoaderServi - Loading from file system: jar:file:/C:/Users/HP/.m2/repository/com/github/almasb/fxgl/21.1/fxgl-21.1.jar!/fxglassets/ui/fonts/Courier-Prime.ttf
21:38:40.517 [JavaFX Application Thread] DEBUG FXGLApplication      - Registering font factories with UI factory
21:38:41.909 [FXGL Background Thread 2 ] INFO  UpdaterService       - Your current version:  21.1
21:38:41.909 [FXGL Background Thread 2 ] INFO  UpdaterService       - Latest stable version: 25
21:38:42.923 [FXGL Background Thread 3 ] DEBUG Engine               - Logging environment variables
21:38:42.924 [FXGL Background Thread 3 ] DEBUG Engine               - achievements: []
21:38:42.924 [FXGL Background Thread 3 ] DEBUG Engine               - actualHeight: 800.0
21:38:42.924 [FXGL Background Thread 3 ] DEBUG Engine               - actualHeightProperty: ReadOnlyDoubleProperty [value: 800.0]
21:38:42.924 [FXGL Background Thread 3 ] DEBUG Engine               - actualWidth: 1280.0
21:38:42.924 [FXGL Background Thread 3 ] DEBUG Engine               - actualWidthProperty: ReadOnlyDoubleProperty [value: 1280.0]
21:38:42.924 [FXGL Background Thread 3 ] DEBUG Engine               - appIcon: fxgl_icon.png
21:38:42.924 [FXGL Background Thread 3 ] DEBUG Engine               - applicationMode: DEVELOPER
21:38:42.925 [FXGL Background Thread 3 ] DEBUG Engine               - cSSList: [fxgl_dark.css]
21:38:42.925 [FXGL Background Thread 3 ] DEBUG Engine               - collisionDetectionStrategy: BRUTE_FORCE
21:38:42.925 [FXGL Background Thread 3 ] DEBUG Engine               - configClass: Optional.empty
21:38:42.925 [FXGL Background Thread 3 ] DEBUG Engine               - credits: []
21:38:42.926 [FXGL Background Thread 3 ] DEBUG Engine               - defaultCursor: CursorInfo(imageName=fxgl_default_cursor.png, hotspotX=7.0, hotspotY=6.0)
21:38:42.926 [FXGL Background Thread 3 ] DEBUG Engine               - devBBoxColorProperty: ObjectProperty [value: 0xff0000ff]
21:38:42.926 [FXGL Background Thread 3 ] DEBUG Engine               - devEnableDebugCameraProperty: BooleanProperty [value: false]
21:38:42.926 [FXGL Background Thread 3 ] DEBUG Engine               - devSensorColorProperty: ObjectProperty [value: 0xffff00ff]
21:38:42.926 [FXGL Background Thread 3 ] DEBUG Engine               - devShowBBoxProperty: BooleanProperty [value: false]
21:38:42.927 [FXGL Background Thread 3 ] DEBUG Engine               - devShowPositionProperty: BooleanProperty [value: false]
21:38:42.927 [FXGL Background Thread 3 ] DEBUG Engine               - enabledMenuItems: []
21:38:42.927 [FXGL Background Thread 3 ] DEBUG Engine               - engineServices: [class com.almasb.fxgl.app.services.FXGLAssetLoaderService, class com.almasb.fxgl.app.FXGLApplication$GameApplicationService, class com.almasb.fxgl.app.services.FXGLDialogService, class com.almasb.fxgl.app.services.IOTaskExecutorService, class com.almasb.fxgl.io.FileSystemService, class com.almasb.fxgl.localization.LocalizationService, class com.almasb.fxgl.app.services.SystemBundleService, class com.almasb.fxgl.profile.SaveLoadService, class com.almasb.fxgl.ui.FXGLUIFactoryServiceProvider, class com.almasb.fxgl.ui.FXGLDialogFactoryServiceProvider, class com.almasb.fxgl.audio.AudioPlayer, class com.almasb.fxgl.notification.impl.NotificationServiceProvider, class com.almasb.fxgl.achievement.AchievementService, class com.almasb.fxgl.cutscene.CutsceneService, class com.almasb.fxgl.minigames.MiniGameService, class com.almasb.fxgl.net.NetService, class com.almasb.fxgl.app.services.UpdaterService, class com.almasb.fxgl.dev.DevService]
21:38:42.927 [FXGL Background Thread 3 ] DEBUG Engine               - fontGame: Abel-Regular.ttf
21:38:42.927 [FXGL Background Thread 3 ] DEBUG Engine               - fontMono: TerminalLandMono-Regular.otf
21:38:42.927 [FXGL Background Thread 3 ] DEBUG Engine               - fontSizeScaleUI: 1.0
21:38:42.927 [FXGL Background Thread 3 ] DEBUG Engine               - fontText: Courier-Prime.ttf
21:38:42.927 [FXGL Background Thread 3 ] DEBUG Engine               - fontUI: VarelaRound-Regular.ttf
21:38:42.927 [FXGL Background Thread 3 ] DEBUG Engine               - fullScreen: BooleanProperty [value: false]
21:38:42.927 [FXGL Background Thread 3 ] DEBUG Engine               - gameDifficulty: MEDIUM
21:38:42.928 [FXGL Background Thread 3 ] DEBUG Engine               - gameDifficultyProperty: ObjectProperty [value: MEDIUM]
21:38:42.928 [FXGL Background Thread 3 ] DEBUG Engine               - globalMusicVolume: 0.5
21:38:42.928 [FXGL Background Thread 3 ] DEBUG Engine               - globalMusicVolumeProperty: DoubleProperty [value: 0.5]
21:38:42.928 [FXGL Background Thread 3 ] DEBUG Engine               - globalSoundVolume: 0.5
21:38:42.928 [FXGL Background Thread 3 ] DEBUG Engine               - globalSoundVolumeProperty: DoubleProperty [value: 0.5]
21:38:42.928 [FXGL Background Thread 3 ] DEBUG Engine               - height: 800
21:38:42.928 [FXGL Background Thread 3 ] DEBUG Engine               - is3D: false
21:38:42.928 [FXGL Background Thread 3 ] DEBUG Engine               - isAndroid: false
21:38:42.928 [FXGL Background Thread 3 ] DEBUG Engine               - isBrowser: false
21:38:42.928 [FXGL Background Thread 3 ] DEBUG Engine               - isClickFeedbackEnabled: false
21:38:42.929 [FXGL Background Thread 3 ] DEBUG Engine               - isCloseConfirmation: false
21:38:42.929 [FXGL Background Thread 3 ] DEBUG Engine               - isDesktop: true
21:38:42.929 [FXGL Background Thread 3 ] DEBUG Engine               - isDeveloperMenuEnabled: false
21:38:42.929 [FXGL Background Thread 3 ] DEBUG Engine               - isEmbedded: false
21:38:42.929 [FXGL Background Thread 3 ] DEBUG Engine               - isEntityPreloadEnabled: true
21:38:42.929 [FXGL Background Thread 3 ] DEBUG Engine               - isExperimentalTiledLargeMap: false
21:38:42.929 [FXGL Background Thread 3 ] DEBUG Engine               - isFileSystemWriteAllowed: true
21:38:42.929 [FXGL Background Thread 3 ] DEBUG Engine               - isFullScreenAllowed: true
21:38:42.929 [FXGL Background Thread 3 ] DEBUG Engine               - isFullScreenFromStart: false
21:38:42.929 [FXGL Background Thread 3 ] DEBUG Engine               - isGameMenuEnabled: true
21:38:42.929 [FXGL Background Thread 3 ] DEBUG Engine               - isIOS: false
21:38:42.929 [FXGL Background Thread 3 ] DEBUG Engine               - isIntroEnabled: false
21:38:42.929 [FXGL Background Thread 3 ] DEBUG Engine               - isLinux: false
21:38:42.929 [FXGL Background Thread 3 ] DEBUG Engine               - isMac: false
21:38:42.930 [FXGL Background Thread 3 ] DEBUG Engine               - isMainMenuEnabled: false
21:38:42.930 [FXGL Background Thread 3 ] DEBUG Engine               - isManualResizeEnabled: true
21:38:42.930 [FXGL Background Thread 3 ] DEBUG Engine               - isMobile: false
21:38:42.930 [FXGL Background Thread 3 ] DEBUG Engine               - isNative: false
21:38:42.930 [FXGL Background Thread 3 ] DEBUG Engine               - isPauseMusicWhenMinimized: true
21:38:42.930 [FXGL Background Thread 3 ] DEBUG Engine               - isPreserveResizeRatio: false
21:38:42.930 [FXGL Background Thread 3 ] DEBUG Engine               - isProfilingEnabled: false
21:38:42.930 [FXGL Background Thread 3 ] DEBUG Engine               - isScaleAffectedOnResize: true
21:38:42.930 [FXGL Background Thread 3 ] DEBUG Engine               - isSingleStep: false
21:38:42.930 [FXGL Background Thread 3 ] DEBUG Engine               - isUserProfileEnabled: false
21:38:42.930 [FXGL Background Thread 3 ] DEBUG Engine               - isWindows: true
21:38:42.931 [FXGL Background Thread 3 ] DEBUG Engine               - language: ObjectProperty [value: ENGLISH]
21:38:42.931 [FXGL Background Thread 3 ] DEBUG Engine               - menuKey: ESCAPE
21:38:42.931 [FXGL Background Thread 3 ] DEBUG Engine               - mouseSensitivity: 0.2
21:38:42.931 [FXGL Background Thread 3 ] DEBUG Engine               - notificationViewClass: class com.almasb.fxgl.notification.view.XboxNotificationView
21:38:42.931 [FXGL Background Thread 3 ] DEBUG Engine               - pixelsPerMeter: 50.0
21:38:42.931 [FXGL Background Thread 3 ] DEBUG Engine               - platform: WINDOWS
21:38:42.931 [FXGL Background Thread 3 ] DEBUG Engine               - prefHeightProperty: ReadOnlyDoubleProperty [value: 800.0]
21:38:42.931 [FXGL Background Thread 3 ] DEBUG Engine               - prefWidthProperty: ReadOnlyDoubleProperty [value: 1280.0]
21:38:42.931 [FXGL Background Thread 3 ] DEBUG Engine               - profileDir: profiles/
21:38:42.932 [FXGL Background Thread 3 ] DEBUG Engine               - profileName: StringProperty [value: DEFAULT]
21:38:42.932 [FXGL Background Thread 3 ] DEBUG Engine               - randomSeed: -1
21:38:42.932 [FXGL Background Thread 3 ] DEBUG Engine               - runtimeInfo: RuntimeInfo(platform=WINDOWS, version=21.1, build=27.03.2024 07.52)
21:38:42.932 [FXGL Background Thread 3 ] DEBUG Engine               - saveFileExt: sav
21:38:42.932 [FXGL Background Thread 3 ] DEBUG Engine               - scaledHeightProp$fxgl: DoubleProperty [bound, value: 800.0]
21:38:42.932 [FXGL Background Thread 3 ] DEBUG Engine               - scaledWidthProp$fxgl: DoubleProperty [bound, value: 1280.0]
21:38:42.932 [FXGL Background Thread 3 ] DEBUG Engine               - sceneFactory: com.almasb.fxgl.app.scene.SceneFactory@4782574b
21:38:42.932 [FXGL Background Thread 3 ] DEBUG Engine               - secondsIn24h: 60
21:38:42.933 [FXGL Background Thread 3 ] DEBUG Engine               - soundMenuBack: menu/back.wav
21:38:42.933 [FXGL Background Thread 3 ] DEBUG Engine               - soundMenuPress: menu/press.wav
21:38:42.933 [FXGL Background Thread 3 ] DEBUG Engine               - soundMenuSelect: menu/select.wav
21:38:42.933 [FXGL Background Thread 3 ] DEBUG Engine               - soundNotification: core/notification.wav
21:38:42.933 [FXGL Background Thread 3 ] DEBUG Engine               - stageStyle: DECORATED
21:38:42.933 [FXGL Background Thread 3 ] DEBUG Engine               - supportedLanguages: [ENGLISH, FRENCH, GERMAN, HUNGARIAN, RUSSIAN]
21:38:42.933 [FXGL Background Thread 3 ] DEBUG Engine               - ticksPerSecond: -1
21:38:42.933 [FXGL Background Thread 3 ] DEBUG Engine               - title: 1945
21:38:42.933 [FXGL Background Thread 3 ] DEBUG Engine               - urlGithub: https://github.com/AlmasB/FXGL
21:38:42.933 [FXGL Background Thread 3 ] DEBUG Engine               - urlLeaderboard: http://fxgl-top.herokuapp.com/
21:38:42.933 [FXGL Background Thread 3 ] DEBUG Engine               - urlPOM: https://raw.githubusercontent.com/AlmasB/FXGL/release/README.md
21:38:42.933 [FXGL Background Thread 3 ] DEBUG Engine               - userAppClass: class org.saikat.Main
21:38:42.933 [FXGL Background Thread 3 ] DEBUG Engine               - version: 0.1
21:38:42.933 [FXGL Background Thread 3 ] DEBUG Engine               - versionCheckDays: 7
21:38:42.934 [FXGL Background Thread 3 ] DEBUG Engine               - width: 1280
21:38:42.934 [FXGL Background Thread 3 ] DEBUG Engine               - Logging services
21:38:42.934 [FXGL Background Thread 3 ] DEBUG Engine               - class com.almasb.fxgl.app.services.FXGLAssetLoaderService
21:38:42.934 [FXGL Background Thread 3 ] DEBUG Engine               - class com.almasb.fxgl.app.FXGLApplication$GameApplicationService
21:38:42.934 [FXGL Background Thread 3 ] DEBUG Engine               - class com.almasb.fxgl.app.services.FXGLDialogService
21:38:42.934 [FXGL Background Thread 3 ] DEBUG Engine               - class com.almasb.fxgl.app.services.IOTaskExecutorService
21:38:42.934 [FXGL Background Thread 3 ] DEBUG Engine               - class com.almasb.fxgl.io.FileSystemService
21:38:42.934 [FXGL Background Thread 3 ] DEBUG Engine               - class com.almasb.fxgl.localization.LocalizationService
21:38:42.934 [FXGL Background Thread 3 ] DEBUG Engine               - class com.almasb.fxgl.app.services.SystemBundleService
21:38:42.934 [FXGL Background Thread 3 ] DEBUG Engine               - class com.almasb.fxgl.profile.SaveLoadService
21:38:42.934 [FXGL Background Thread 3 ] DEBUG Engine               - class com.almasb.fxgl.ui.FXGLUIFactoryServiceProvider
21:38:42.934 [FXGL Background Thread 3 ] DEBUG Engine               - class com.almasb.fxgl.ui.FXGLDialogFactoryServiceProvider
21:38:42.934 [FXGL Background Thread 3 ] DEBUG Engine               - class com.almasb.fxgl.audio.AudioPlayer
21:38:42.934 [FXGL Background Thread 3 ] DEBUG Engine               - class com.almasb.fxgl.notification.impl.NotificationServiceProvider
21:38:42.935 [FXGL Background Thread 3 ] DEBUG Engine               - class com.almasb.fxgl.achievement.AchievementService
21:38:42.935 [FXGL Background Thread 3 ] DEBUG Engine               - class com.almasb.fxgl.cutscene.CutsceneService
21:38:42.935 [FXGL Background Thread 3 ] DEBUG Engine               - class com.almasb.fxgl.minigames.MiniGameService
21:38:42.935 [FXGL Background Thread 3 ] DEBUG Engine               - class com.almasb.fxgl.net.NetService
21:38:42.935 [FXGL Background Thread 3 ] DEBUG Engine               - class com.almasb.fxgl.app.services.UpdaterService
21:38:42.935 [FXGL Background Thread 3 ] DEBUG Engine               - class com.almasb.fxgl.dev.DevService
21:38:43.592 [JavaFX Application Thread] DEBUG FXGLApplication      - Exiting FXGL
21:38:43.592 [JavaFX Application Thread] DEBUG Async                - Shutting down background threads
21:38:43.593 [JavaFX Application Thread] DEBUG PrimaryStageWindow   - Closing main window
21:38:43.618 [JavaFX Application Thread] DEBUG Logger               - Closing Logger
