02:04:36.509 [main                     ] DEBUG Logger               - Configured Logger
02:04:36.542 [main                     ] DEBUG GameApplication      - Logging settings
Title: 1945
Version: 0.1
Width: 1280
Height: 800
Fullscreen: true
Intro: false
Profiling: false
Single step:false
App Mode: DEVELOPER
Menu Key: ESCAPE
Stage Style: DECORATED
Scene Factory: class com.almasb.fxgl.app.scene.SceneFactory

02:04:37.400 [JavaFX Application Thread] DEBUG FXGLApplication      - Initializing FXGL
02:04:37.410 [JavaFX Application Thread] INFO  Engine               - FXGL-21.1 (27.03.2024 07.52) on WINDOWS (J:21.0.9 FX:21.0.1)
02:04:37.410 [JavaFX Application Thread] DEBUG Engine               - JRE Vendor Name: Oracle Corporation
02:04:37.410 [JavaFX Application Thread] DEBUG Engine               - Running on OS: Windows 11 version 10.0
02:04:37.410 [JavaFX Application Thread] DEBUG Engine               - Architecture: amd64
02:04:37.411 [JavaFX Application Thread] INFO  Engine               - Source code and latest versions at: https://github.com/AlmasB/FXGL
02:04:37.411 [JavaFX Application Thread] INFO  Engine               -       Ask questions and discuss at: https://github.com/AlmasB/FXGL/discussions
02:04:37.411 [JavaFX Application Thread] INFO  Engine               -              Join the FXGL chat at: https://gitter.im/AlmasB/FXGL
02:04:37.585 [JavaFX Application Thread] DEBUG PrimaryStageWindow   - Creating a JavaFX scene
02:04:37.664 [JavaFX Application Thread] DEBUG PrimaryStageWindow   - Target settings size: 1280.0 x 800.0
02:04:37.665 [JavaFX Application Thread] DEBUG PrimaryStageWindow   - Scaled scene size:    1280.0 x 800.0
02:04:37.665 [JavaFX Application Thread] DEBUG PrimaryStageWindow   - Scaled ratio: (1.0, 1.0)
02:04:37.667 [JavaFX Application Thread] DEBUG PrimaryStageWindow   - Set initial scene to FXGLStartupScene
02:04:37.672 [JavaFX Application Thread] DEBUG PrimaryStageWindow   - Opening main window
02:04:37.817 [JavaFX Application Thread] DEBUG PrimaryStageWindow   - Window border size: (14.4000244140625, 37.5999755859375)
02:04:37.818 [JavaFX Application Thread] DEBUG PrimaryStageWindow   - Scaled size: 1280.0 x 800.0
02:04:37.818 [JavaFX Application Thread] DEBUG PrimaryStageWindow   - Scaled ratio: (1.0, 1.0)
02:04:37.818 [JavaFX Application Thread] DEBUG PrimaryStageWindow   - Scene size: 1280.0 x 800.0
02:04:37.818 [JavaFX Application Thread] DEBUG PrimaryStageWindow   - Stage size: 1294.4000244140625 x 837.5999755859375
02:04:37.831 [FXGL Background Thread 1 ] DEBUG Engine               - Initializing environment variables
02:04:37.932 [FXGL Background Thread 1 ] DEBUG FXGLAssetLoaderServi - User app class for loading assets: class org.saikat.Main
02:04:37.933 [FXGL Background Thread 1 ] DEBUG GameApplicationServi - Applying CSS: fxgl_dark.css
02:04:37.935 [FXGL Background Thread 1 ] DEBUG FXGLAssetLoaderServi - Loading from file system: jar:file:/C:/Users/HP/.m2/repository/com/github/almasb/fxgl/21.1/fxgl-21.1.jar!/fxglassets/ui/css/fxgl_dark.css
02:04:37.988 [FXGL Background Thread 1 ] DEBUG GameApplicationServi - Initializing application scenes
02:04:38.090 [FXGL Background Thread 1 ] DEBUG GameWorld            - Game world initialized
02:04:38.172 [FXGL Background Thread 1 ] DEBUG PhysicsWorld         - Physics world initialized: appHeight=800, physics.ppm=50.0
02:04:38.173 [FXGL Background Thread 1 ] DEBUG PhysicsWorld         - Using strategy: BRUTE_FORCE
02:04:38.177 [FXGL Background Thread 1 ] DEBUG GameScene            - Game scene initialized: 1280x800
02:04:38.194 [FXGL Background Thread 1 ] DEBUG FXGL.DefaultMenu     - createMenuBodyGameMenu()
02:04:38.214 [FXGL Background Thread 1 ] DEBUG FXGL.DefaultMenu     - createOptionsMenu()
02:04:38.226 [FXGL Background Thread 1 ] DEBUG FXGLAssetLoaderServi - Loading from file system: jar:file:/C:/Users/HP/.m2/repository/com/github/almasb/fxgl/21.1/fxgl-21.1.jar!/fxglassets/textures/particles/smoke.png
02:04:38.357 [FXGL Background Thread 1 ] DEBUG FXGLAssetLoaderServi - Loading from file system: jar:file:/C:/Users/HP/.m2/repository/com/github/almasb/fxgl/21.1/fxgl-21.1.jar!/fxglassets/textures/particles/trace_horizontal.png
02:04:38.392 [FXGL Background Thread 1 ] DEBUG GameApplicationServi - Application scenes initialized
02:04:38.412 [FXGL Background Thread 1 ] DEBUG SystemBundleService  - Loading FXGL system data
02:04:38.422 [FXGL Background Thread 1 ] DEBUG FileSystemAccess     - Reading from: E:\All About Dev\OOP\FXGL new Begining\final version\Tower Defender\Tower-Defender\system\fxgl.bundle
02:04:38.442 [FXGL Background Thread 1 ] DEBUG SystemBundleService  - Bundle FXGL: {}
02:04:38.443 [FXGL Background Thread 1 ] DEBUG UpdaterService       - Checking for updates
02:04:38.449 [FXGL Background Thread 4 ] DEBUG FXGLApplication      - Loading fonts
02:04:38.450 [FXGL Background Thread 4 ] DEBUG FXGLAssetLoaderServi - Loading from file system: jar:file:/C:/Users/HP/.m2/repository/com/github/almasb/fxgl/21.1/fxgl-21.1.jar!/fxglassets/ui/fonts/VarelaRound-Regular.ttf
02:04:38.450 [FXGL Background Thread 1 ] DEBUG FXGLApplication      - Loading default localization
02:04:38.451 [FXGL Background Thread 1 ] DEBUG FXGLAssetLoaderServi - Loading from file system: jar:file:/C:/Users/HP/.m2/repository/com/github/almasb/fxgl/21.1/fxgl-21.1.jar!/fxglassets/languages/english.lang
02:04:38.487 [FXGL Background Thread 1 ] INFO  FXGLApplication      - FXGL initialization took: 0.656 sec
02:04:38.494 [JavaFX Application Thread] DEBUG Input                - Registered new binding: add tower - LMB
02:04:38.494 [JavaFX Application Thread] DEBUG Input                - Registered new binding: remove tower - RMB
02:04:38.495 [JavaFX Application Thread] DEBUG FXGLAssetLoaderServi - Loading from file system: jar:file:/C:/Users/HP/.m2/repository/com/github/almasb/fxgl/21.1/fxgl-21.1.jar!/fxglassets/textures/fxgl_icon.png
02:04:38.527 [JavaFX Application Thread] DEBUG FXGLAssetLoaderServi - Loading from file system: jar:file:/C:/Users/HP/.m2/repository/com/github/almasb/fxgl/21.1/fxgl-21.1.jar!/fxglassets/textures/fxgl_default_cursor.png
02:04:38.539 [JavaFX Application Thread] DEBUG Input                - Registered new binding: Screenshot - CTRL+8
02:04:38.539 [JavaFX Application Thread] DEBUG Input                - Registered new binding: System info dump - CTRL+9
02:04:38.540 [JavaFX Application Thread] DEBUG Input                - Registered new binding: Restart - CTRL+R
02:04:38.541 [JavaFX Application Thread] DEBUG Input                - Registered new binding: Toggle Debug Camera - CTRL+7
02:04:38.546 [JavaFX Application Thread] DEBUG LoopRunner           - Starting loop
02:04:38.546 [JavaFX Application Thread] DEBUG LoopRunner           - Initializing JavaFX AnimationTimerLoop
02:04:38.551 [JavaFX Application Thread] DEBUG GameApplicationServi - Starting new game
02:04:38.551 [JavaFX Application Thread] DEBUG Input                - Clearing active input actions
02:04:38.569 [JavaFX Application Thread] DEBUG GameApplicationServi - Removing overlay from FXGLStartupScene and adding to FXGLLoadingScene
02:04:38.570 [JavaFX Application Thread] DEBUG PrimaryStageWindow   - FXGLStartupScene -> FXGLLoadingScene
02:04:38.570 [JavaFX Application Thread] DEBUG GameApplicationServi - Clearing previous game
02:04:38.570 [JavaFX Application Thread] DEBUG GameScene            - Clearing game scene
02:04:38.570 [JavaFX Application Thread] DEBUG GameWorld            - Clearing game world
02:04:38.570 [JavaFX Application Thread] DEBUG PhysicsWorld         - Clearing physics world
02:04:38.572 [FXGL Background Thread 1 ] DEBUG FXGLApplication      - Initializing game
02:04:38.723 [FXGL Background Thread 1 ] WARN  TMXLevelLoader       - TiledMap generated from 1.12.2. Supported version: 1.9.0. Some features may not be parsed fully.
02:04:38.756 [FXGL Background Thread 1 ] DEBUG TMXLevelLoader       - Parsed TiledMap: file:/E:/All%20About%20Dev/OOP/FXGL%20new%20Begining/final%20version/Tower%20Defender/Tower-Defender/target/classes/assets/levels/wall.tmx
02:04:38.758 [FXGL Background Thread 4 ] DEBUG FXGLAssetLoaderServi - Loading from file system: jar:file:/C:/Users/HP/.m2/repository/com/github/almasb/fxgl/21.1/fxgl-21.1.jar!/fxglassets/ui/fonts/Abel-Regular.ttf
02:04:38.759 [FXGL Background Thread 1 ] DEBUG TMXLevelLoader       - Creating tile layer entities
02:04:38.764 [FXGL Background Thread 4 ] DEBUG FXGLAssetLoaderServi - Loading from file system: jar:file:/C:/Users/HP/.m2/repository/com/github/almasb/fxgl/21.1/fxgl-21.1.jar!/fxglassets/ui/fonts/TerminalLandMono-Regular.otf
02:04:38.765 [FXGL Background Thread 1 ] DEBUG TilesetLoader        - Loading view for layer background
02:04:38.768 [FXGL Background Thread 1 ] DEBUG TilesetLoader        - Created buffer with size 1280.0x800.0
02:04:38.769 [FXGL Background Thread 4 ] DEBUG FXGLAssetLoaderServi - Loading from file system: jar:file:/C:/Users/HP/.m2/repository/com/github/almasb/fxgl/21.1/fxgl-21.1.jar!/fxglassets/ui/fonts/Courier-Prime.ttf
02:04:38.796 [JavaFX Application Thread] DEBUG FXGLApplication      - Registering font factories with UI factory
02:04:38.804 [FXGL Background Thread 1 ] DEBUG TilesetLoader        - Loading view for layer tower spot layer
02:04:38.807 [FXGL Background Thread 1 ] DEBUG TilesetLoader        - Created buffer with size 1280.0x800.0
02:04:38.816 [FXGL Background Thread 1 ] DEBUG TilesetLoader        - Loading view for layer icons
02:04:38.818 [FXGL Background Thread 1 ] DEBUG TilesetLoader        - Created buffer with size 1280.0x800.0
02:04:38.834 [FXGL Background Thread 1 ] DEBUG TilesetLoader        - Loading view for layer Road
02:04:38.836 [FXGL Background Thread 1 ] DEBUG TilesetLoader        - Created buffer with size 1280.0x800.0
02:04:38.842 [FXGL Background Thread 1 ] DEBUG TilesetLoader        - Loading view for layer Grass
02:04:38.844 [FXGL Background Thread 1 ] DEBUG TilesetLoader        - Created buffer with size 1280.0x800.0
02:04:38.858 [FXGL Background Thread 1 ] DEBUG TMXLevelLoader       - Creating object layer entities
02:04:38.910 [FXGL Background Thread 1 ] DEBUG GameWorld            - Clearing removable entities
02:04:38.911 [FXGL Background Thread 1 ] DEBUG GameWorld            - Setting level: com.almasb.fxgl.entity.level.Level@6f030cbc
02:04:38.952 [JavaFX Application Thread] DEBUG LoopRunner           - Stopping loop
02:04:38.956 [JavaFX Application Thread] FATAL FXGLApplication      - Uncaught Exception:
java.lang.RuntimeException: Initialization failed
	at com.almasb.fxgl.app.FXGLApplication$InitAppTask.failed(FXGLApplication.kt:347)
	at javafx.concurrent.Task.setState(Task.java:710)
	at javafx.concurrent.Task$TaskCallable.lambda$call$2(Task.java:1429)
	at com.sun.javafx.application.PlatformImpl.lambda$runLater$10(PlatformImpl.java:456)
	at java.base/java.security.AccessController.doPrivileged(AccessController.java:400)
	at com.sun.javafx.application.PlatformImpl.lambda$runLater$11(PlatformImpl.java:455)
	at com.sun.glass.ui.InvokeLaterDispatcher$Future.run(InvokeLaterDispatcher.java:95)
	at com.sun.glass.ui.win.WinApplication._runLoop(Native Method)
	at com.sun.glass.ui.win.WinApplication.lambda$runLoop$3(WinApplication.java:185)
	at java.base/java.lang.Thread.run(Thread.java:1583)
Caused by: java.lang.RuntimeException: Text.font : A bound value cannot be set.
	at javafx.beans.property.ObjectPropertyBase.set(ObjectPropertyBase.java:143)
	at javafx.css.StyleableObjectProperty.set(StyleableObjectProperty.java:82)
	at javafx.scene.text.Text.setFont(Text.java:548)
	at org.saikat.Main.initUI(Main.java:85)
	at com.almasb.fxgl.app.FXGLApplication$InitAppTask.call(FXGLApplication.kt:323)
	at com.almasb.fxgl.app.FXGLApplication$InitAppTask.call(FXGLApplication.kt:313)
	at javafx.concurrent.Task$TaskCallable.call(Task.java:1399)
	at java.base/java.util.concurrent.FutureTask.run(FutureTask.java:317)
	at java.base/java.util.concurrent.Executors$RunnableAdapter.call(Executors.java:572)
	at java.base/java.util.concurrent.FutureTask.run(FutureTask.java:317)
	at java.base/java.util.concurrent.ThreadPoolExecutor.runWorker(ThreadPoolExecutor.java:1144)
	at java.base/java.util.concurrent.ThreadPoolExecutor$Worker.run(ThreadPoolExecutor.java:642)
	... 1 more

02:04:38.956 [JavaFX Application Thread] FATAL FXGLApplication      - Application will now exit
02:04:38.990 [JavaFX Application Thread] DEBUG PrimaryStageWindow   - Push state: ErrorSubScene
02:04:38.991 [JavaFX Application Thread] DEBUG Input                - Clearing active input actions
02:04:38.999 [JavaFX Application Thread] DEBUG GameApplicationServi - Removing overlay from FXGLLoadingScene and adding to ErrorSubScene
02:04:38.999 [JavaFX Application Thread] DEBUG PrimaryStageWindow   - FXGLLoadingScene -> ErrorSubScene
02:04:40.215 [FXGL Background Thread 2 ] INFO  UpdaterService       - Your current version:  21.1
02:04:40.215 [FXGL Background Thread 2 ] INFO  UpdaterService       - Latest stable version: 25
02:04:41.446 [FXGL Background Thread 3 ] DEBUG Engine               - Logging environment variables
02:04:41.447 [FXGL Background Thread 3 ] DEBUG Engine               - achievements: []
02:04:41.447 [FXGL Background Thread 3 ] DEBUG Engine               - actualHeight: 800.0
02:04:41.447 [FXGL Background Thread 3 ] DEBUG Engine               - actualHeightProperty: ReadOnlyDoubleProperty [value: 800.0]
02:04:41.447 [FXGL Background Thread 3 ] DEBUG Engine               - actualWidth: 1280.0
02:04:41.448 [FXGL Background Thread 3 ] DEBUG Engine               - actualWidthProperty: ReadOnlyDoubleProperty [value: 1280.0]
02:04:41.448 [FXGL Background Thread 3 ] DEBUG Engine               - appIcon: fxgl_icon.png
02:04:41.448 [FXGL Background Thread 3 ] DEBUG Engine               - applicationMode: DEVELOPER
02:04:41.448 [FXGL Background Thread 3 ] DEBUG Engine               - cSSList: [fxgl_dark.css]
02:04:41.448 [FXGL Background Thread 3 ] DEBUG Engine               - collisionDetectionStrategy: BRUTE_FORCE
02:04:41.448 [FXGL Background Thread 3 ] DEBUG Engine               - configClass: Optional.empty
02:04:41.448 [FXGL Background Thread 3 ] DEBUG Engine               - credits: []
02:04:41.449 [FXGL Background Thread 3 ] DEBUG Engine               - defaultCursor: CursorInfo(imageName=fxgl_default_cursor.png, hotspotX=7.0, hotspotY=6.0)
02:04:41.449 [FXGL Background Thread 3 ] DEBUG Engine               - devBBoxColorProperty: ObjectProperty [value: 0xff0000ff]
02:04:41.449 [FXGL Background Thread 3 ] DEBUG Engine               - devEnableDebugCameraProperty: BooleanProperty [value: false]
02:04:41.449 [FXGL Background Thread 3 ] DEBUG Engine               - devSensorColorProperty: ObjectProperty [value: 0xffff00ff]
02:04:41.449 [FXGL Background Thread 3 ] DEBUG Engine               - devShowBBoxProperty: BooleanProperty [value: false]
02:04:41.449 [FXGL Background Thread 3 ] DEBUG Engine               - devShowPositionProperty: BooleanProperty [value: false]
02:04:41.449 [FXGL Background Thread 3 ] DEBUG Engine               - enabledMenuItems: []
02:04:41.450 [FXGL Background Thread 3 ] DEBUG Engine               - engineServices: [class com.almasb.fxgl.app.services.FXGLAssetLoaderService, class com.almasb.fxgl.app.FXGLApplication$GameApplicationService, class com.almasb.fxgl.app.services.FXGLDialogService, class com.almasb.fxgl.app.services.IOTaskExecutorService, class com.almasb.fxgl.io.FileSystemService, class com.almasb.fxgl.localization.LocalizationService, class com.almasb.fxgl.app.services.SystemBundleService, class com.almasb.fxgl.profile.SaveLoadService, class com.almasb.fxgl.ui.FXGLUIFactoryServiceProvider, class com.almasb.fxgl.ui.FXGLDialogFactoryServiceProvider, class com.almasb.fxgl.audio.AudioPlayer, class com.almasb.fxgl.notification.impl.NotificationServiceProvider, class com.almasb.fxgl.achievement.AchievementService, class com.almasb.fxgl.cutscene.CutsceneService, class com.almasb.fxgl.minigames.MiniGameService, class com.almasb.fxgl.net.NetService, class com.almasb.fxgl.app.services.UpdaterService, class com.almasb.fxgl.dev.DevService]
02:04:41.450 [FXGL Background Thread 3 ] DEBUG Engine               - fontGame: Abel-Regular.ttf
02:04:41.450 [FXGL Background Thread 3 ] DEBUG Engine               - fontMono: TerminalLandMono-Regular.otf
02:04:41.450 [FXGL Background Thread 3 ] DEBUG Engine               - fontSizeScaleUI: 1.0
02:04:41.450 [FXGL Background Thread 3 ] DEBUG Engine               - fontText: Courier-Prime.ttf
02:04:41.450 [FXGL Background Thread 3 ] DEBUG Engine               - fontUI: VarelaRound-Regular.ttf
02:04:41.450 [FXGL Background Thread 3 ] DEBUG Engine               - fullScreen: BooleanProperty [value: false]
02:04:41.450 [FXGL Background Thread 3 ] DEBUG Engine               - gameDifficulty: MEDIUM
02:04:41.450 [FXGL Background Thread 3 ] DEBUG Engine               - gameDifficultyProperty: ObjectProperty [value: MEDIUM]
02:04:41.450 [FXGL Background Thread 3 ] DEBUG Engine               - globalMusicVolume: 0.5
02:04:41.450 [FXGL Background Thread 3 ] DEBUG Engine               - globalMusicVolumeProperty: DoubleProperty [value: 0.5]
02:04:41.451 [FXGL Background Thread 3 ] DEBUG Engine               - globalSoundVolume: 0.5
02:04:41.451 [FXGL Background Thread 3 ] DEBUG Engine               - globalSoundVolumeProperty: DoubleProperty [value: 0.5]
02:04:41.451 [FXGL Background Thread 3 ] DEBUG Engine               - height: 800
02:04:41.451 [FXGL Background Thread 3 ] DEBUG Engine               - is3D: false
02:04:41.451 [FXGL Background Thread 3 ] DEBUG Engine               - isAndroid: false
02:04:41.451 [FXGL Background Thread 3 ] DEBUG Engine               - isBrowser: false
02:04:41.451 [FXGL Background Thread 3 ] DEBUG Engine               - isClickFeedbackEnabled: false
02:04:41.451 [FXGL Background Thread 3 ] DEBUG Engine               - isCloseConfirmation: false
02:04:41.451 [FXGL Background Thread 3 ] DEBUG Engine               - isDesktop: true
02:04:41.451 [FXGL Background Thread 3 ] DEBUG Engine               - isDeveloperMenuEnabled: false
02:04:41.451 [FXGL Background Thread 3 ] DEBUG Engine               - isEmbedded: false
02:04:41.451 [FXGL Background Thread 3 ] DEBUG Engine               - isEntityPreloadEnabled: true
02:04:41.451 [FXGL Background Thread 3 ] DEBUG Engine               - isExperimentalTiledLargeMap: false
02:04:41.452 [FXGL Background Thread 3 ] DEBUG Engine               - isFileSystemWriteAllowed: true
02:04:41.452 [FXGL Background Thread 3 ] DEBUG Engine               - isFullScreenAllowed: true
02:04:41.452 [FXGL Background Thread 3 ] DEBUG Engine               - isFullScreenFromStart: false
02:04:41.452 [FXGL Background Thread 3 ] DEBUG Engine               - isGameMenuEnabled: true
02:04:41.452 [FXGL Background Thread 3 ] DEBUG Engine               - isIOS: false
02:04:41.452 [FXGL Background Thread 3 ] DEBUG Engine               - isIntroEnabled: false
02:04:41.452 [FXGL Background Thread 3 ] DEBUG Engine               - isLinux: false
02:04:41.452 [FXGL Background Thread 3 ] DEBUG Engine               - isMac: false
02:04:41.452 [FXGL Background Thread 3 ] DEBUG Engine               - isMainMenuEnabled: false
02:04:41.452 [FXGL Background Thread 3 ] DEBUG Engine               - isManualResizeEnabled: true
02:04:41.452 [FXGL Background Thread 3 ] DEBUG Engine               - isMobile: false
02:04:41.452 [FXGL Background Thread 3 ] DEBUG Engine               - isNative: false
02:04:41.452 [FXGL Background Thread 3 ] DEBUG Engine               - isPauseMusicWhenMinimized: true
02:04:41.452 [FXGL Background Thread 3 ] DEBUG Engine               - isPreserveResizeRatio: false
02:04:41.452 [FXGL Background Thread 3 ] DEBUG Engine               - isProfilingEnabled: false
02:04:41.452 [FXGL Background Thread 3 ] DEBUG Engine               - isScaleAffectedOnResize: true
02:04:41.452 [FXGL Background Thread 3 ] DEBUG Engine               - isSingleStep: false
02:04:41.453 [FXGL Background Thread 3 ] DEBUG Engine               - isUserProfileEnabled: false
02:04:41.453 [FXGL Background Thread 3 ] DEBUG Engine               - isWindows: true
02:04:41.453 [FXGL Background Thread 3 ] DEBUG Engine               - language: ObjectProperty [value: ENGLISH]
02:04:41.453 [FXGL Background Thread 3 ] DEBUG Engine               - menuKey: ESCAPE
02:04:41.453 [FXGL Background Thread 3 ] DEBUG Engine               - mouseSensitivity: 0.2
02:04:41.453 [FXGL Background Thread 3 ] DEBUG Engine               - notificationViewClass: class com.almasb.fxgl.notification.view.XboxNotificationView
02:04:41.453 [FXGL Background Thread 3 ] DEBUG Engine               - pixelsPerMeter: 50.0
02:04:41.453 [FXGL Background Thread 3 ] DEBUG Engine               - platform: WINDOWS
02:04:41.453 [FXGL Background Thread 3 ] DEBUG Engine               - prefHeightProperty: ReadOnlyDoubleProperty [value: 800.0]
02:04:41.453 [FXGL Background Thread 3 ] DEBUG Engine               - prefWidthProperty: ReadOnlyDoubleProperty [value: 1280.0]
02:04:41.453 [FXGL Background Thread 3 ] DEBUG Engine               - profileDir: profiles/
02:04:41.453 [FXGL Background Thread 3 ] DEBUG Engine               - profileName: StringProperty [value: DEFAULT]
02:04:41.453 [FXGL Background Thread 3 ] DEBUG Engine               - randomSeed: -1
02:04:41.453 [FXGL Background Thread 3 ] DEBUG Engine               - runtimeInfo: RuntimeInfo(platform=WINDOWS, version=21.1, build=27.03.2024 07.52)
02:04:41.453 [FXGL Background Thread 3 ] DEBUG Engine               - saveFileExt: sav
02:04:41.453 [FXGL Background Thread 3 ] DEBUG Engine               - scaledHeightProp$fxgl: DoubleProperty [bound, value: 800.0]
02:04:41.454 [FXGL Background Thread 3 ] DEBUG Engine               - scaledWidthProp$fxgl: DoubleProperty [bound, value: 1280.0]
02:04:41.454 [FXGL Background Thread 3 ] DEBUG Engine               - sceneFactory: com.almasb.fxgl.app.scene.SceneFactory@57685844
02:04:41.454 [FXGL Background Thread 3 ] DEBUG Engine               - secondsIn24h: 60
02:04:41.454 [FXGL Background Thread 3 ] DEBUG Engine               - soundMenuBack: menu/back.wav
02:04:41.454 [FXGL Background Thread 3 ] DEBUG Engine               - soundMenuPress: menu/press.wav
02:04:41.454 [FXGL Background Thread 3 ] DEBUG Engine               - soundMenuSelect: menu/select.wav
02:04:41.454 [FXGL Background Thread 3 ] DEBUG Engine               - soundNotification: core/notification.wav
02:04:41.454 [FXGL Background Thread 3 ] DEBUG Engine               - stageStyle: DECORATED
02:04:41.454 [FXGL Background Thread 3 ] DEBUG Engine               - supportedLanguages: [ENGLISH, FRENCH, GERMAN, HUNGARIAN, RUSSIAN]
02:04:41.454 [FXGL Background Thread 3 ] DEBUG Engine               - ticksPerSecond: -1
02:04:41.454 [FXGL Background Thread 3 ] DEBUG Engine               - title: 1945
02:04:41.454 [FXGL Background Thread 3 ] DEBUG Engine               - urlGithub: https://github.com/AlmasB/FXGL
02:04:41.454 [FXGL Background Thread 3 ] DEBUG Engine               - urlLeaderboard: http://fxgl-top.herokuapp.com/
02:04:41.454 [FXGL Background Thread 3 ] DEBUG Engine               - urlPOM: https://raw.githubusercontent.com/AlmasB/FXGL/release/README.md
02:04:41.454 [FXGL Background Thread 3 ] DEBUG Engine               - userAppClass: class org.saikat.Main
02:04:41.454 [FXGL Background Thread 3 ] DEBUG Engine               - version: 0.1
02:04:41.454 [FXGL Background Thread 3 ] DEBUG Engine               - versionCheckDays: 7
02:04:41.454 [FXGL Background Thread 3 ] DEBUG Engine               - width: 1280
02:04:41.454 [FXGL Background Thread 3 ] DEBUG Engine               - Logging services
02:04:41.454 [FXGL Background Thread 3 ] DEBUG Engine               - class com.almasb.fxgl.app.services.FXGLAssetLoaderService
02:04:41.454 [FXGL Background Thread 3 ] DEBUG Engine               - class com.almasb.fxgl.app.FXGLApplication$GameApplicationService
02:04:41.454 [FXGL Background Thread 3 ] DEBUG Engine               - class com.almasb.fxgl.app.services.FXGLDialogService
02:04:41.454 [FXGL Background Thread 3 ] DEBUG Engine               - class com.almasb.fxgl.app.services.IOTaskExecutorService
02:04:41.454 [FXGL Background Thread 3 ] DEBUG Engine               - class com.almasb.fxgl.io.FileSystemService
02:04:41.454 [FXGL Background Thread 3 ] DEBUG Engine               - class com.almasb.fxgl.localization.LocalizationService
02:04:41.454 [FXGL Background Thread 3 ] DEBUG Engine               - class com.almasb.fxgl.app.services.SystemBundleService
02:04:41.454 [FXGL Background Thread 3 ] DEBUG Engine               - class com.almasb.fxgl.profile.SaveLoadService
02:04:41.455 [FXGL Background Thread 3 ] DEBUG Engine               - class com.almasb.fxgl.ui.FXGLUIFactoryServiceProvider
02:04:41.455 [FXGL Background Thread 3 ] DEBUG Engine               - class com.almasb.fxgl.ui.FXGLDialogFactoryServiceProvider
02:04:41.455 [FXGL Background Thread 3 ] DEBUG Engine               - class com.almasb.fxgl.audio.AudioPlayer
02:04:41.455 [FXGL Background Thread 3 ] DEBUG Engine               - class com.almasb.fxgl.notification.impl.NotificationServiceProvider
02:04:41.455 [FXGL Background Thread 3 ] DEBUG Engine               - class com.almasb.fxgl.achievement.AchievementService
02:04:41.455 [FXGL Background Thread 3 ] DEBUG Engine               - class com.almasb.fxgl.cutscene.CutsceneService
02:04:41.455 [FXGL Background Thread 3 ] DEBUG Engine               - class com.almasb.fxgl.minigames.MiniGameService
02:04:41.455 [FXGL Background Thread 3 ] DEBUG Engine               - class com.almasb.fxgl.net.NetService
02:04:41.455 [FXGL Background Thread 3 ] DEBUG Engine               - class com.almasb.fxgl.app.services.UpdaterService
02:04:41.455 [FXGL Background Thread 3 ] DEBUG Engine               - class com.almasb.fxgl.dev.DevService
02:04:44.238 [JavaFX Application Thread] DEBUG FXGLApplication      - Exiting FXGL
02:04:44.238 [JavaFX Application Thread] DEBUG Async                - Shutting down background threads
02:04:44.239 [JavaFX Application Thread] DEBUG PrimaryStageWindow   - Closing main window
02:04:44.263 [JavaFX Application Thread] DEBUG Logger               - Closing Logger
