21:54:08.230 [main                     ] DEBUG Logger               - Configured Logger
21:54:08.312 [main                     ] DEBUG GameApplication      - Logging settings
Title: Ghost Hunter
Version: 1.0
Width: 1280
Height: 800
Fullscreen: true
Intro: false
Profiling: false
Single step:false
App Mode: DEVELOPER
Menu Key: ESCAPE
Stage Style: DECORATED
Scene Factory: class com.almasb.fxgl.app.scene.SceneFactory

21:54:10.499 [JavaFX Application Thread] DEBUG FXGLApplication      - Initializing FXGL
21:54:10.514 [JavaFX Application Thread] INFO  Engine               - FXGL-21.1 (27.03.2024 07.52) on WINDOWS (J:21.0.9 FX:21.0.1)
21:54:10.515 [JavaFX Application Thread] DEBUG Engine               - JRE Vendor Name: Oracle Corporation
21:54:10.515 [JavaFX Application Thread] DEBUG Engine               - Running on OS: Windows 11 version 10.0
21:54:10.515 [JavaFX Application Thread] DEBUG Engine               - Architecture: amd64
21:54:10.515 [JavaFX Application Thread] INFO  Engine               - Source code and latest versions at: https://github.com/AlmasB/FXGL
21:54:10.516 [JavaFX Application Thread] INFO  Engine               -       Ask questions and discuss at: https://github.com/AlmasB/FXGL/discussions
21:54:10.516 [JavaFX Application Thread] INFO  Engine               -              Join the FXGL chat at: https://gitter.im/AlmasB/FXGL
21:54:10.781 [JavaFX Application Thread] DEBUG PrimaryStageWindow   - Creating a JavaFX scene
21:54:10.907 [JavaFX Application Thread] DEBUG PrimaryStageWindow   - Target settings size: 1280.0 x 800.0
21:54:10.907 [JavaFX Application Thread] DEBUG PrimaryStageWindow   - Scaled scene size:    1280.0 x 800.0
21:54:10.907 [JavaFX Application Thread] DEBUG PrimaryStageWindow   - Scaled ratio: (1.0, 1.0)
21:54:10.909 [JavaFX Application Thread] DEBUG PrimaryStageWindow   - Set initial scene to FXGLStartupScene
21:54:10.917 [JavaFX Application Thread] DEBUG PrimaryStageWindow   - Opening main window
21:54:11.251 [JavaFX Application Thread] DEBUG PrimaryStageWindow   - Window border size: (14.4000244140625, 37.5999755859375)
21:54:11.251 [JavaFX Application Thread] DEBUG PrimaryStageWindow   - Scaled size: 1280.0 x 800.0
21:54:11.252 [JavaFX Application Thread] DEBUG PrimaryStageWindow   - Scaled ratio: (1.0, 1.0)
21:54:11.252 [JavaFX Application Thread] DEBUG PrimaryStageWindow   - Scene size: 1280.0 x 800.0
21:54:11.253 [JavaFX Application Thread] DEBUG PrimaryStageWindow   - Stage size: 1294.4000244140625 x 837.5999755859375
21:54:11.278 [FXGL Background Thread 1 ] DEBUG Engine               - Initializing environment variables
21:54:11.442 [FXGL Background Thread 1 ] DEBUG FXGLAssetLoaderServi - User app class for loading assets: class org.saikat.Game
21:54:11.443 [FXGL Background Thread 1 ] DEBUG GameApplicationServi - Applying CSS: fxgl_dark.css
21:54:11.445 [FXGL Background Thread 1 ] DEBUG FXGLAssetLoaderServi - Loading from file system: jar:file:/C:/Users/HP/.m2/repository/com/github/almasb/fxgl/21.1/fxgl-21.1.jar!/fxglassets/ui/css/fxgl_dark.css
21:54:11.561 [FXGL Background Thread 1 ] DEBUG GameApplicationServi - Initializing application scenes
21:54:11.725 [FXGL Background Thread 1 ] DEBUG GameWorld            - Game world initialized
21:54:11.900 [FXGL Background Thread 1 ] DEBUG PhysicsWorld         - Physics world initialized: appHeight=800, physics.ppm=50.0
21:54:11.900 [FXGL Background Thread 1 ] DEBUG PhysicsWorld         - Using strategy: BRUTE_FORCE
21:54:11.911 [FXGL Background Thread 1 ] DEBUG GameScene            - Game scene initialized: 1280x800
21:54:11.952 [FXGL Background Thread 1 ] DEBUG FXGL.DefaultMenu     - createMenuBodyGameMenu()
21:54:12.005 [FXGL Background Thread 1 ] DEBUG FXGL.DefaultMenu     - createOptionsMenu()
21:54:12.034 [FXGL Background Thread 1 ] DEBUG FXGLAssetLoaderServi - Loading from file system: jar:file:/C:/Users/HP/.m2/repository/com/github/almasb/fxgl/21.1/fxgl-21.1.jar!/fxglassets/textures/particles/smoke.png
21:54:12.322 [FXGL Background Thread 1 ] DEBUG FXGLAssetLoaderServi - Loading from file system: jar:file:/C:/Users/HP/.m2/repository/com/github/almasb/fxgl/21.1/fxgl-21.1.jar!/fxglassets/textures/particles/trace_horizontal.png
21:54:12.390 [FXGL Background Thread 1 ] DEBUG GameApplicationServi - Application scenes initialized
21:54:12.437 [FXGL Background Thread 1 ] DEBUG SystemBundleService  - Loading FXGL system data
21:54:12.457 [FXGL Background Thread 1 ] DEBUG FileSystemAccess     - Reading from: E:\All About Dev\OOP\FXGL new Begining\final version\Tower Defender\Tower-Defender\system\fxgl.bundle
21:54:12.495 [FXGL Background Thread 1 ] DEBUG SystemBundleService  - Bundle FXGL: {}
21:54:12.496 [FXGL Background Thread 1 ] DEBUG UpdaterService       - Checking for updates
21:54:12.509 [FXGL Background Thread 4 ] DEBUG FXGLApplication      - Loading fonts
21:54:12.512 [FXGL Background Thread 4 ] DEBUG FXGLAssetLoaderServi - Loading from file system: jar:file:/C:/Users/HP/.m2/repository/com/github/almasb/fxgl/21.1/fxgl-21.1.jar!/fxglassets/ui/fonts/VarelaRound-Regular.ttf
21:54:12.512 [FXGL Background Thread 1 ] DEBUG FXGLApplication      - Loading default localization
21:54:12.514 [FXGL Background Thread 1 ] DEBUG FXGLAssetLoaderServi - Loading from file system: jar:file:/C:/Users/HP/.m2/repository/com/github/almasb/fxgl/21.1/fxgl-21.1.jar!/fxglassets/languages/english.lang
21:54:12.578 [FXGL Background Thread 1 ] INFO  FXGLApplication      - FXGL initialization took: 1.299 sec
21:54:12.594 [JavaFX Application Thread] DEBUG Input                - Registered new binding: add tower - LMB
21:54:12.596 [JavaFX Application Thread] DEBUG Input                - Registered new binding: remove tower - RMB
21:54:12.597 [JavaFX Application Thread] DEBUG FXGLAssetLoaderServi - Loading from file system: jar:file:/C:/Users/HP/.m2/repository/com/github/almasb/fxgl/21.1/fxgl-21.1.jar!/fxglassets/textures/fxgl_icon.png
21:54:12.635 [JavaFX Application Thread] DEBUG FXGLAssetLoaderServi - Loading from file system: jar:file:/C:/Users/HP/.m2/repository/com/github/almasb/fxgl/21.1/fxgl-21.1.jar!/fxglassets/textures/fxgl_default_cursor.png
21:54:12.654 [JavaFX Application Thread] DEBUG Input                - Registered new binding: Screenshot - CTRL+8
21:54:12.656 [JavaFX Application Thread] DEBUG Input                - Registered new binding: System info dump - CTRL+9
21:54:12.657 [JavaFX Application Thread] DEBUG Input                - Registered new binding: Restart - CTRL+R
21:54:12.661 [JavaFX Application Thread] DEBUG Input                - Registered new binding: Toggle Debug Camera - CTRL+7
21:54:12.669 [JavaFX Application Thread] DEBUG LoopRunner           - Starting loop
21:54:12.669 [JavaFX Application Thread] DEBUG LoopRunner           - Initializing JavaFX AnimationTimerLoop
21:54:12.673 [JavaFX Application Thread] DEBUG GameApplicationServi - Starting new game
21:54:12.674 [JavaFX Application Thread] DEBUG Input                - Clearing active input actions
21:54:12.709 [JavaFX Application Thread] DEBUG GameApplicationServi - Removing overlay from FXGLStartupScene and adding to FXGLLoadingScene
21:54:12.710 [JavaFX Application Thread] DEBUG PrimaryStageWindow   - FXGLStartupScene -> FXGLLoadingScene
21:54:12.711 [JavaFX Application Thread] DEBUG GameApplicationServi - Clearing previous game
21:54:12.711 [JavaFX Application Thread] DEBUG GameScene            - Clearing game scene
21:54:12.711 [JavaFX Application Thread] DEBUG GameWorld            - Clearing game world
21:54:12.711 [JavaFX Application Thread] DEBUG PhysicsWorld         - Clearing physics world
21:54:12.716 [FXGL Background Thread 1 ] DEBUG FXGLApplication      - Initializing game
21:54:12.849 [FXGL Background Thread 1 ] WARN  TMXLevelLoader       - TiledMap generated from 1.12.2. Supported version: 1.9.0. Some features may not be parsed fully.
21:54:12.921 [FXGL Background Thread 1 ] DEBUG TMXLevelLoader       - Parsed TiledMap: file:/E:/All%20About%20Dev/OOP/FXGL%20new%20Begining/final%20version/Tower%20Defender/Tower-Defender/target/classes/assets/levels/wall.tmx
21:54:12.925 [FXGL Background Thread 1 ] DEBUG TMXLevelLoader       - Creating tile layer entities
21:54:12.930 [FXGL Background Thread 1 ] DEBUG TilesetLoader        - Loading view for layer icons
21:54:12.934 [FXGL Background Thread 1 ] DEBUG TilesetLoader        - Created buffer with size 1280.0x800.0
21:54:12.968 [FXGL Background Thread 1 ] DEBUG TilesetLoader        - Loading view for layer background
21:54:12.972 [FXGL Background Thread 1 ] DEBUG TilesetLoader        - Created buffer with size 1280.0x800.0
21:54:12.980 [FXGL Background Thread 4 ] DEBUG FXGLAssetLoaderServi - Loading from file system: jar:file:/C:/Users/HP/.m2/repository/com/github/almasb/fxgl/21.1/fxgl-21.1.jar!/fxglassets/ui/fonts/Abel-Regular.ttf
21:54:12.992 [FXGL Background Thread 4 ] DEBUG FXGLAssetLoaderServi - Loading from file system: jar:file:/C:/Users/HP/.m2/repository/com/github/almasb/fxgl/21.1/fxgl-21.1.jar!/fxglassets/ui/fonts/TerminalLandMono-Regular.otf
21:54:13.007 [FXGL Background Thread 4 ] DEBUG FXGLAssetLoaderServi - Loading from file system: jar:file:/C:/Users/HP/.m2/repository/com/github/almasb/fxgl/21.1/fxgl-21.1.jar!/fxglassets/ui/fonts/Courier-Prime.ttf
21:54:13.045 [JavaFX Application Thread] DEBUG FXGLApplication      - Registering font factories with UI factory
21:54:13.157 [FXGL Background Thread 1 ] DEBUG TilesetLoader        - Loading view for layer tower spot layer
21:54:13.162 [FXGL Background Thread 1 ] DEBUG TilesetLoader        - Created buffer with size 1280.0x800.0
21:54:13.181 [FXGL Background Thread 1 ] DEBUG TilesetLoader        - Loading view for layer Road
21:54:13.186 [FXGL Background Thread 1 ] DEBUG TilesetLoader        - Created buffer with size 1280.0x800.0
21:54:13.192 [FXGL Background Thread 1 ] DEBUG TilesetLoader        - Loading view for layer road2
21:54:13.197 [FXGL Background Thread 1 ] DEBUG TilesetLoader        - Created buffer with size 1280.0x800.0
21:54:13.200 [FXGL Background Thread 1 ] WARN  TilesetLoader        - Diagonally flipped tiles are not currently supported
21:54:13.201 [FXGL Background Thread 1 ] WARN  TilesetLoader        - Diagonally flipped tiles are not currently supported
21:54:13.203 [FXGL Background Thread 1 ] WARN  TilesetLoader        - Diagonally flipped tiles are not currently supported
21:54:13.204 [FXGL Background Thread 1 ] WARN  TilesetLoader        - Diagonally flipped tiles are not currently supported
21:54:13.206 [FXGL Background Thread 1 ] WARN  TilesetLoader        - Diagonally flipped tiles are not currently supported
21:54:13.208 [FXGL Background Thread 1 ] WARN  TilesetLoader        - Diagonally flipped tiles are not currently supported
21:54:13.209 [FXGL Background Thread 1 ] WARN  TilesetLoader        - Diagonally flipped tiles are not currently supported
21:54:13.211 [FXGL Background Thread 1 ] WARN  TilesetLoader        - Diagonally flipped tiles are not currently supported
21:54:13.212 [FXGL Background Thread 1 ] WARN  TilesetLoader        - Diagonally flipped tiles are not currently supported
21:54:13.213 [FXGL Background Thread 1 ] WARN  TilesetLoader        - Diagonally flipped tiles are not currently supported
21:54:13.214 [FXGL Background Thread 1 ] WARN  TilesetLoader        - Diagonally flipped tiles are not currently supported
21:54:13.217 [FXGL Background Thread 1 ] WARN  TilesetLoader        - Diagonally flipped tiles are not currently supported
21:54:13.230 [FXGL Background Thread 1 ] WARN  TilesetLoader        - Diagonally flipped tiles are not currently supported
21:54:13.231 [FXGL Background Thread 1 ] WARN  TilesetLoader        - Diagonally flipped tiles are not currently supported
21:54:13.233 [FXGL Background Thread 1 ] WARN  TilesetLoader        - Diagonally flipped tiles are not currently supported
21:54:13.234 [FXGL Background Thread 1 ] WARN  TilesetLoader        - Diagonally flipped tiles are not currently supported
21:54:13.235 [FXGL Background Thread 1 ] WARN  TilesetLoader        - Diagonally flipped tiles are not currently supported
21:54:13.237 [FXGL Background Thread 1 ] WARN  TilesetLoader        - Diagonally flipped tiles are not currently supported
21:54:13.238 [FXGL Background Thread 1 ] WARN  TilesetLoader        - Diagonally flipped tiles are not currently supported
21:54:13.239 [FXGL Background Thread 1 ] WARN  TilesetLoader        - Diagonally flipped tiles are not currently supported
21:54:13.241 [FXGL Background Thread 1 ] WARN  TilesetLoader        - Diagonally flipped tiles are not currently supported
21:54:13.242 [FXGL Background Thread 1 ] WARN  TilesetLoader        - Diagonally flipped tiles are not currently supported
21:54:13.243 [FXGL Background Thread 1 ] WARN  TilesetLoader        - Diagonally flipped tiles are not currently supported
21:54:13.245 [FXGL Background Thread 1 ] WARN  TilesetLoader        - Diagonally flipped tiles are not currently supported
21:54:13.246 [FXGL Background Thread 1 ] WARN  TilesetLoader        - Diagonally flipped tiles are not currently supported
21:54:13.248 [FXGL Background Thread 1 ] WARN  TilesetLoader        - Diagonally flipped tiles are not currently supported
21:54:13.249 [FXGL Background Thread 1 ] WARN  TilesetLoader        - Diagonally flipped tiles are not currently supported
21:54:13.251 [FXGL Background Thread 1 ] WARN  TilesetLoader        - Diagonally flipped tiles are not currently supported
21:54:13.252 [FXGL Background Thread 1 ] WARN  TilesetLoader        - Diagonally flipped tiles are not currently supported
21:54:13.253 [FXGL Background Thread 1 ] WARN  TilesetLoader        - Diagonally flipped tiles are not currently supported
21:54:13.255 [FXGL Background Thread 1 ] WARN  TilesetLoader        - Diagonally flipped tiles are not currently supported
21:54:13.256 [FXGL Background Thread 1 ] WARN  TilesetLoader        - Diagonally flipped tiles are not currently supported
21:54:13.257 [FXGL Background Thread 1 ] WARN  TilesetLoader        - Diagonally flipped tiles are not currently supported
21:54:13.259 [FXGL Background Thread 1 ] WARN  TilesetLoader        - Diagonally flipped tiles are not currently supported
21:54:13.260 [FXGL Background Thread 1 ] WARN  TilesetLoader        - Diagonally flipped tiles are not currently supported
21:54:13.261 [FXGL Background Thread 1 ] WARN  TilesetLoader        - Diagonally flipped tiles are not currently supported
21:54:13.262 [FXGL Background Thread 1 ] WARN  TilesetLoader        - Diagonally flipped tiles are not currently supported
21:54:13.264 [FXGL Background Thread 1 ] WARN  TilesetLoader        - Diagonally flipped tiles are not currently supported
21:54:13.266 [FXGL Background Thread 1 ] WARN  TilesetLoader        - Diagonally flipped tiles are not currently supported
21:54:13.267 [FXGL Background Thread 1 ] WARN  TilesetLoader        - Diagonally flipped tiles are not currently supported
21:54:13.268 [FXGL Background Thread 1 ] WARN  TilesetLoader        - Diagonally flipped tiles are not currently supported
21:54:13.269 [FXGL Background Thread 1 ] WARN  TilesetLoader        - Diagonally flipped tiles are not currently supported
21:54:13.271 [FXGL Background Thread 1 ] WARN  TilesetLoader        - Diagonally flipped tiles are not currently supported
21:54:13.272 [FXGL Background Thread 1 ] WARN  TilesetLoader        - Diagonally flipped tiles are not currently supported
21:54:13.273 [FXGL Background Thread 1 ] WARN  TilesetLoader        - Diagonally flipped tiles are not currently supported
21:54:13.274 [FXGL Background Thread 1 ] WARN  TilesetLoader        - Diagonally flipped tiles are not currently supported
21:54:13.275 [FXGL Background Thread 1 ] WARN  TilesetLoader        - Diagonally flipped tiles are not currently supported
21:54:13.275 [FXGL Background Thread 1 ] WARN  TilesetLoader        - Diagonally flipped tiles are not currently supported
21:54:13.276 [FXGL Background Thread 1 ] WARN  TilesetLoader        - Diagonally flipped tiles are not currently supported
21:54:13.277 [FXGL Background Thread 1 ] WARN  TilesetLoader        - Diagonally flipped tiles are not currently supported
21:54:13.278 [FXGL Background Thread 1 ] WARN  TilesetLoader        - Diagonally flipped tiles are not currently supported
21:54:13.279 [FXGL Background Thread 1 ] WARN  TilesetLoader        - Diagonally flipped tiles are not currently supported
21:54:13.279 [FXGL Background Thread 1 ] WARN  TilesetLoader        - Diagonally flipped tiles are not currently supported
21:54:13.280 [FXGL Background Thread 1 ] WARN  TilesetLoader        - Diagonally flipped tiles are not currently supported
21:54:13.281 [FXGL Background Thread 1 ] WARN  TilesetLoader        - Diagonally flipped tiles are not currently supported
21:54:13.282 [FXGL Background Thread 1 ] WARN  TilesetLoader        - Diagonally flipped tiles are not currently supported
21:54:13.283 [FXGL Background Thread 1 ] WARN  TilesetLoader        - Diagonally flipped tiles are not currently supported
21:54:13.284 [FXGL Background Thread 1 ] WARN  TilesetLoader        - Diagonally flipped tiles are not currently supported
21:54:13.285 [FXGL Background Thread 1 ] WARN  TilesetLoader        - Diagonally flipped tiles are not currently supported
21:54:13.291 [FXGL Background Thread 1 ] WARN  TilesetLoader        - Diagonally flipped tiles are not currently supported
21:54:13.293 [FXGL Background Thread 1 ] WARN  TilesetLoader        - Diagonally flipped tiles are not currently supported
21:54:13.293 [FXGL Background Thread 1 ] WARN  TilesetLoader        - Diagonally flipped tiles are not currently supported
21:54:13.295 [FXGL Background Thread 1 ] WARN  TilesetLoader        - Diagonally flipped tiles are not currently supported
21:54:13.296 [FXGL Background Thread 1 ] WARN  TilesetLoader        - Diagonally flipped tiles are not currently supported
21:54:13.297 [FXGL Background Thread 1 ] WARN  TilesetLoader        - Diagonally flipped tiles are not currently supported
21:54:13.297 [FXGL Background Thread 1 ] WARN  TilesetLoader        - Diagonally flipped tiles are not currently supported
21:54:13.298 [FXGL Background Thread 1 ] WARN  TilesetLoader        - Diagonally flipped tiles are not currently supported
21:54:13.298 [FXGL Background Thread 1 ] WARN  TilesetLoader        - Diagonally flipped tiles are not currently supported
21:54:13.299 [FXGL Background Thread 1 ] WARN  TilesetLoader        - Diagonally flipped tiles are not currently supported
21:54:13.301 [FXGL Background Thread 1 ] WARN  TilesetLoader        - Diagonally flipped tiles are not currently supported
21:54:13.301 [FXGL Background Thread 1 ] WARN  TilesetLoader        - Diagonally flipped tiles are not currently supported
21:54:13.302 [FXGL Background Thread 1 ] WARN  TilesetLoader        - Diagonally flipped tiles are not currently supported
21:54:13.303 [FXGL Background Thread 1 ] WARN  TilesetLoader        - Diagonally flipped tiles are not currently supported
21:54:13.303 [FXGL Background Thread 1 ] WARN  TilesetLoader        - Diagonally flipped tiles are not currently supported
21:54:13.304 [FXGL Background Thread 1 ] WARN  TilesetLoader        - Diagonally flipped tiles are not currently supported
21:54:13.305 [FXGL Background Thread 1 ] WARN  TilesetLoader        - Diagonally flipped tiles are not currently supported
21:54:13.305 [FXGL Background Thread 1 ] WARN  TilesetLoader        - Diagonally flipped tiles are not currently supported
21:54:13.306 [FXGL Background Thread 1 ] WARN  TilesetLoader        - Diagonally flipped tiles are not currently supported
21:54:13.307 [FXGL Background Thread 1 ] WARN  TilesetLoader        - Diagonally flipped tiles are not currently supported
21:54:13.308 [FXGL Background Thread 1 ] WARN  TilesetLoader        - Diagonally flipped tiles are not currently supported
21:54:13.309 [FXGL Background Thread 1 ] WARN  TilesetLoader        - Diagonally flipped tiles are not currently supported
21:54:13.309 [FXGL Background Thread 1 ] WARN  TilesetLoader        - Diagonally flipped tiles are not currently supported
21:54:13.311 [FXGL Background Thread 1 ] WARN  TilesetLoader        - Diagonally flipped tiles are not currently supported
21:54:13.312 [FXGL Background Thread 1 ] WARN  TilesetLoader        - Diagonally flipped tiles are not currently supported
21:54:13.312 [FXGL Background Thread 1 ] WARN  TilesetLoader        - Diagonally flipped tiles are not currently supported
21:54:13.313 [FXGL Background Thread 1 ] WARN  TilesetLoader        - Diagonally flipped tiles are not currently supported
21:54:13.313 [FXGL Background Thread 1 ] WARN  TilesetLoader        - Diagonally flipped tiles are not currently supported
21:54:13.315 [FXGL Background Thread 1 ] WARN  TilesetLoader        - Diagonally flipped tiles are not currently supported
21:54:13.319 [FXGL Background Thread 1 ] WARN  TilesetLoader        - Diagonally flipped tiles are not currently supported
21:54:13.320 [FXGL Background Thread 1 ] WARN  TilesetLoader        - Diagonally flipped tiles are not currently supported
21:54:13.321 [FXGL Background Thread 1 ] WARN  TilesetLoader        - Diagonally flipped tiles are not currently supported
21:54:13.322 [FXGL Background Thread 1 ] WARN  TilesetLoader        - Diagonally flipped tiles are not currently supported
21:54:13.323 [FXGL Background Thread 1 ] WARN  TilesetLoader        - Diagonally flipped tiles are not currently supported
21:54:13.324 [FXGL Background Thread 1 ] WARN  TilesetLoader        - Diagonally flipped tiles are not currently supported
21:54:13.325 [FXGL Background Thread 1 ] WARN  TilesetLoader        - Diagonally flipped tiles are not currently supported
21:54:13.325 [FXGL Background Thread 1 ] WARN  TilesetLoader        - Diagonally flipped tiles are not currently supported
21:54:13.326 [FXGL Background Thread 1 ] WARN  TilesetLoader        - Diagonally flipped tiles are not currently supported
21:54:13.327 [FXGL Background Thread 1 ] WARN  TilesetLoader        - Diagonally flipped tiles are not currently supported
21:54:13.328 [FXGL Background Thread 1 ] WARN  TilesetLoader        - Diagonally flipped tiles are not currently supported
21:54:13.329 [FXGL Background Thread 1 ] WARN  TilesetLoader        - Diagonally flipped tiles are not currently supported
21:54:13.329 [FXGL Background Thread 1 ] WARN  TilesetLoader        - Diagonally flipped tiles are not currently supported
21:54:13.330 [FXGL Background Thread 1 ] WARN  TilesetLoader        - Diagonally flipped tiles are not currently supported
21:54:13.331 [FXGL Background Thread 1 ] WARN  TilesetLoader        - Diagonally flipped tiles are not currently supported
21:54:13.332 [FXGL Background Thread 1 ] WARN  TilesetLoader        - Diagonally flipped tiles are not currently supported
21:54:13.333 [FXGL Background Thread 1 ] WARN  TilesetLoader        - Diagonally flipped tiles are not currently supported
21:54:13.334 [FXGL Background Thread 1 ] WARN  TilesetLoader        - Diagonally flipped tiles are not currently supported
21:54:13.335 [FXGL Background Thread 1 ] WARN  TilesetLoader        - Diagonally flipped tiles are not currently supported
21:54:13.335 [FXGL Background Thread 1 ] WARN  TilesetLoader        - Diagonally flipped tiles are not currently supported
21:54:13.336 [FXGL Background Thread 1 ] WARN  TilesetLoader        - Diagonally flipped tiles are not currently supported
21:54:13.337 [FXGL Background Thread 1 ] WARN  TilesetLoader        - Diagonally flipped tiles are not currently supported
21:54:13.337 [FXGL Background Thread 1 ] WARN  TilesetLoader        - Diagonally flipped tiles are not currently supported
21:54:13.338 [FXGL Background Thread 1 ] WARN  TilesetLoader        - Diagonally flipped tiles are not currently supported
21:54:13.340 [FXGL Background Thread 1 ] WARN  TilesetLoader        - Diagonally flipped tiles are not currently supported
21:54:13.340 [FXGL Background Thread 1 ] WARN  TilesetLoader        - Diagonally flipped tiles are not currently supported
21:54:13.341 [FXGL Background Thread 1 ] WARN  TilesetLoader        - Diagonally flipped tiles are not currently supported
21:54:13.342 [FXGL Background Thread 1 ] WARN  TilesetLoader        - Diagonally flipped tiles are not currently supported
21:54:13.343 [FXGL Background Thread 1 ] WARN  TilesetLoader        - Diagonally flipped tiles are not currently supported
21:54:13.343 [FXGL Background Thread 1 ] WARN  TilesetLoader        - Diagonally flipped tiles are not currently supported
21:54:13.344 [FXGL Background Thread 1 ] WARN  TilesetLoader        - Diagonally flipped tiles are not currently supported
21:54:13.345 [FXGL Background Thread 1 ] WARN  TilesetLoader        - Diagonally flipped tiles are not currently supported
21:54:13.346 [FXGL Background Thread 1 ] WARN  TilesetLoader        - Diagonally flipped tiles are not currently supported
21:54:13.346 [FXGL Background Thread 1 ] WARN  TilesetLoader        - Diagonally flipped tiles are not currently supported
21:54:13.347 [FXGL Background Thread 1 ] WARN  TilesetLoader        - Diagonally flipped tiles are not currently supported
21:54:13.347 [FXGL Background Thread 1 ] WARN  TilesetLoader        - Diagonally flipped tiles are not currently supported
21:54:13.348 [FXGL Background Thread 1 ] WARN  TilesetLoader        - Diagonally flipped tiles are not currently supported
21:54:13.349 [FXGL Background Thread 1 ] WARN  TilesetLoader        - Diagonally flipped tiles are not currently supported
21:54:13.353 [FXGL Background Thread 1 ] WARN  TilesetLoader        - Diagonally flipped tiles are not currently supported
21:54:13.354 [FXGL Background Thread 1 ] WARN  TilesetLoader        - Diagonally flipped tiles are not currently supported
21:54:13.355 [FXGL Background Thread 1 ] WARN  TilesetLoader        - Diagonally flipped tiles are not currently supported
21:54:13.356 [FXGL Background Thread 1 ] WARN  TilesetLoader        - Diagonally flipped tiles are not currently supported
21:54:13.356 [FXGL Background Thread 1 ] WARN  TilesetLoader        - Diagonally flipped tiles are not currently supported
21:54:13.358 [FXGL Background Thread 1 ] WARN  TilesetLoader        - Diagonally flipped tiles are not currently supported
21:54:13.358 [FXGL Background Thread 1 ] WARN  TilesetLoader        - Diagonally flipped tiles are not currently supported
21:54:13.359 [FXGL Background Thread 1 ] WARN  TilesetLoader        - Diagonally flipped tiles are not currently supported
21:54:13.360 [FXGL Background Thread 1 ] WARN  TilesetLoader        - Diagonally flipped tiles are not currently supported
21:54:13.360 [FXGL Background Thread 1 ] WARN  TilesetLoader        - Diagonally flipped tiles are not currently supported
21:54:13.361 [FXGL Background Thread 1 ] WARN  TilesetLoader        - Diagonally flipped tiles are not currently supported
21:54:13.362 [FXGL Background Thread 1 ] WARN  TilesetLoader        - Diagonally flipped tiles are not currently supported
21:54:13.363 [FXGL Background Thread 1 ] WARN  TilesetLoader        - Diagonally flipped tiles are not currently supported
21:54:13.363 [FXGL Background Thread 1 ] WARN  TilesetLoader        - Diagonally flipped tiles are not currently supported
21:54:13.364 [FXGL Background Thread 1 ] WARN  TilesetLoader        - Diagonally flipped tiles are not currently supported
21:54:13.370 [FXGL Background Thread 1 ] WARN  TilesetLoader        - Diagonally flipped tiles are not currently supported
21:54:13.371 [FXGL Background Thread 1 ] WARN  TilesetLoader        - Diagonally flipped tiles are not currently supported
21:54:13.371 [FXGL Background Thread 1 ] WARN  TilesetLoader        - Diagonally flipped tiles are not currently supported
21:54:13.372 [FXGL Background Thread 1 ] WARN  TilesetLoader        - Diagonally flipped tiles are not currently supported
21:54:13.372 [FXGL Background Thread 1 ] WARN  TilesetLoader        - Diagonally flipped tiles are not currently supported
21:54:13.373 [FXGL Background Thread 1 ] WARN  TilesetLoader        - Diagonally flipped tiles are not currently supported
21:54:13.374 [FXGL Background Thread 1 ] WARN  TilesetLoader        - Diagonally flipped tiles are not currently supported
21:54:13.374 [FXGL Background Thread 1 ] WARN  TilesetLoader        - Diagonally flipped tiles are not currently supported
21:54:13.376 [FXGL Background Thread 1 ] DEBUG TilesetLoader        - Loading view for layer road3
21:54:13.377 [FXGL Background Thread 1 ] DEBUG TilesetLoader        - Created buffer with size 1280.0x800.0
21:54:13.381 [FXGL Background Thread 1 ] DEBUG TilesetLoader        - Loading view for layer bg2
21:54:13.382 [FXGL Background Thread 1 ] DEBUG TilesetLoader        - Created buffer with size 1280.0x800.0
21:54:13.388 [FXGL Background Thread 1 ] WARN  TilesetLoader        - Diagonally flipped tiles are not currently supported
21:54:13.389 [FXGL Background Thread 1 ] WARN  TilesetLoader        - Diagonally flipped tiles are not currently supported
21:54:13.391 [FXGL Background Thread 1 ] WARN  TilesetLoader        - Diagonally flipped tiles are not currently supported
21:54:13.392 [FXGL Background Thread 1 ] WARN  TilesetLoader        - Diagonally flipped tiles are not currently supported
21:54:13.394 [FXGL Background Thread 1 ] WARN  TilesetLoader        - Diagonally flipped tiles are not currently supported
21:54:13.395 [FXGL Background Thread 1 ] WARN  TilesetLoader        - Diagonally flipped tiles are not currently supported
21:54:13.396 [FXGL Background Thread 1 ] WARN  TilesetLoader        - Diagonally flipped tiles are not currently supported
21:54:13.404 [FXGL Background Thread 1 ] DEBUG TMXLevelLoader       - Creating object layer entities
21:54:13.454 [FXGL Background Thread 1 ] DEBUG GameWorld            - Clearing removable entities
21:54:13.457 [FXGL Background Thread 1 ] DEBUG GameWorld            - Setting level: com.almasb.fxgl.entity.level.Level@6855a868
21:54:13.473 [FXGL Background Thread 1 ] DEBUG FXGLAssetLoaderServi - Loading from file system: file:/E:/All%20About%20Dev/OOP/FXGL%20new%20Begining/final%20version/Tower%20Defender/Tower-Defender/target/classes/assets/textures/life.png
21:54:13.480 [FXGL Background Thread 1 ] DEBUG FXGLAssetLoaderServi - Loading from file system: file:/E:/All%20About%20Dev/OOP/FXGL%20new%20Begining/final%20version/Tower%20Defender/Tower-Defender/target/classes/assets/textures/skull.png
21:54:13.521 [FXGL Background Thread 1 ] INFO  FXGLApplication      - Game initialization took: 0.804 sec
21:54:13.522 [JavaFX Application Thread] DEBUG Input                - Clearing active input actions
21:54:13.546 [JavaFX Application Thread] DEBUG GameApplicationServi - Removing overlay from FXGLLoadingScene and adding to GameScene
21:54:13.546 [JavaFX Application Thread] DEBUG PrimaryStageWindow   - FXGLLoadingScene -> GameScene
21:54:13.581 [JavaFX Application Thread] DEBUG FXGLAssetLoaderServi - Loading from file system: file:/E:/All%20About%20Dev/OOP/FXGL%20new%20Begining/final%20version/Tower%20Defender/Tower-Defender/target/classes/assets/textures/wolf.png
21:54:13.612 [JavaFX Application Thread] DEBUG FXGLAssetLoaderServi - Loading from file system: file:/E:/All%20About%20Dev/OOP/FXGL%20new%20Begining/final%20version/Tower%20Defender/Tower-Defender/target/classes/assets/textures/bird.png
21:54:14.016 [FXGL Background Thread 2 ] INFO  UpdaterService       - Your current version:  21.1
21:54:14.017 [FXGL Background Thread 2 ] INFO  UpdaterService       - Latest stable version: 25
21:54:15.504 [FXGL Background Thread 3 ] DEBUG Engine               - Logging environment variables
21:54:15.506 [FXGL Background Thread 3 ] DEBUG Engine               - achievements: []
21:54:15.506 [FXGL Background Thread 3 ] DEBUG Engine               - actualHeight: 800.0
21:54:15.506 [FXGL Background Thread 3 ] DEBUG Engine               - actualHeightProperty: ReadOnlyDoubleProperty [value: 800.0]
21:54:15.506 [FXGL Background Thread 3 ] DEBUG Engine               - actualWidth: 1280.0
21:54:15.506 [FXGL Background Thread 3 ] DEBUG Engine               - actualWidthProperty: ReadOnlyDoubleProperty [value: 1280.0]
21:54:15.506 [FXGL Background Thread 3 ] DEBUG Engine               - appIcon: fxgl_icon.png
21:54:15.506 [FXGL Background Thread 3 ] DEBUG Engine               - applicationMode: DEVELOPER
21:54:15.507 [FXGL Background Thread 3 ] DEBUG Engine               - cSSList: [fxgl_dark.css]
21:54:15.507 [FXGL Background Thread 3 ] DEBUG Engine               - collisionDetectionStrategy: BRUTE_FORCE
21:54:15.507 [FXGL Background Thread 3 ] DEBUG Engine               - configClass: Optional.empty
21:54:15.507 [FXGL Background Thread 3 ] DEBUG Engine               - credits: []
21:54:15.507 [FXGL Background Thread 3 ] DEBUG Engine               - defaultCursor: CursorInfo(imageName=fxgl_default_cursor.png, hotspotX=7.0, hotspotY=6.0)
21:54:15.508 [FXGL Background Thread 3 ] DEBUG Engine               - devBBoxColorProperty: ObjectProperty [value: 0xff0000ff]
21:54:15.508 [FXGL Background Thread 3 ] DEBUG Engine               - devEnableDebugCameraProperty: BooleanProperty [value: false]
21:54:15.508 [FXGL Background Thread 3 ] DEBUG Engine               - devSensorColorProperty: ObjectProperty [value: 0xffff00ff]
21:54:15.508 [FXGL Background Thread 3 ] DEBUG Engine               - devShowBBoxProperty: BooleanProperty [value: false]
21:54:15.508 [FXGL Background Thread 3 ] DEBUG Engine               - devShowPositionProperty: BooleanProperty [value: false]
21:54:15.508 [FXGL Background Thread 3 ] DEBUG Engine               - enabledMenuItems: []
21:54:15.508 [FXGL Background Thread 3 ] DEBUG Engine               - engineServices: [class com.almasb.fxgl.app.services.FXGLAssetLoaderService, class com.almasb.fxgl.app.FXGLApplication$GameApplicationService, class com.almasb.fxgl.app.services.FXGLDialogService, class com.almasb.fxgl.app.services.IOTaskExecutorService, class com.almasb.fxgl.io.FileSystemService, class com.almasb.fxgl.localization.LocalizationService, class com.almasb.fxgl.app.services.SystemBundleService, class com.almasb.fxgl.profile.SaveLoadService, class com.almasb.fxgl.ui.FXGLUIFactoryServiceProvider, class com.almasb.fxgl.ui.FXGLDialogFactoryServiceProvider, class com.almasb.fxgl.audio.AudioPlayer, class com.almasb.fxgl.notification.impl.NotificationServiceProvider, class com.almasb.fxgl.achievement.AchievementService, class com.almasb.fxgl.cutscene.CutsceneService, class com.almasb.fxgl.minigames.MiniGameService, class com.almasb.fxgl.net.NetService, class com.almasb.fxgl.app.services.UpdaterService, class com.almasb.fxgl.dev.DevService]
21:54:15.508 [FXGL Background Thread 3 ] DEBUG Engine               - fontGame: Abel-Regular.ttf
21:54:15.508 [FXGL Background Thread 3 ] DEBUG Engine               - fontMono: TerminalLandMono-Regular.otf
21:54:15.510 [FXGL Background Thread 3 ] DEBUG Engine               - fontSizeScaleUI: 1.0
21:54:15.510 [FXGL Background Thread 3 ] DEBUG Engine               - fontText: Courier-Prime.ttf
21:54:15.510 [FXGL Background Thread 3 ] DEBUG Engine               - fontUI: VarelaRound-Regular.ttf
21:54:15.510 [FXGL Background Thread 3 ] DEBUG Engine               - fullScreen: BooleanProperty [value: false]
21:54:15.510 [FXGL Background Thread 3 ] DEBUG Engine               - gameDifficulty: MEDIUM
21:54:15.510 [FXGL Background Thread 3 ] DEBUG Engine               - gameDifficultyProperty: ObjectProperty [value: MEDIUM]
21:54:15.510 [FXGL Background Thread 3 ] DEBUG Engine               - globalMusicVolume: 0.5
21:54:15.510 [FXGL Background Thread 3 ] DEBUG Engine               - globalMusicVolumeProperty: DoubleProperty [value: 0.5]
21:54:15.510 [FXGL Background Thread 3 ] DEBUG Engine               - globalSoundVolume: 0.5
21:54:15.510 [FXGL Background Thread 3 ] DEBUG Engine               - globalSoundVolumeProperty: DoubleProperty [value: 0.5]
21:54:15.510 [FXGL Background Thread 3 ] DEBUG Engine               - height: 800
21:54:15.510 [FXGL Background Thread 3 ] DEBUG Engine               - is3D: false
21:54:15.510 [FXGL Background Thread 3 ] DEBUG Engine               - isAndroid: false
21:54:15.510 [FXGL Background Thread 3 ] DEBUG Engine               - isBrowser: false
21:54:15.510 [FXGL Background Thread 3 ] DEBUG Engine               - isClickFeedbackEnabled: false
21:54:15.510 [FXGL Background Thread 3 ] DEBUG Engine               - isCloseConfirmation: false
21:54:15.510 [FXGL Background Thread 3 ] DEBUG Engine               - isDesktop: true
21:54:15.510 [FXGL Background Thread 3 ] DEBUG Engine               - isDeveloperMenuEnabled: false
21:54:15.511 [FXGL Background Thread 3 ] DEBUG Engine               - isEmbedded: false
21:54:15.511 [FXGL Background Thread 3 ] DEBUG Engine               - isEntityPreloadEnabled: true
21:54:15.511 [FXGL Background Thread 3 ] DEBUG Engine               - isExperimentalTiledLargeMap: false
21:54:15.511 [FXGL Background Thread 3 ] DEBUG Engine               - isFileSystemWriteAllowed: true
21:54:15.511 [FXGL Background Thread 3 ] DEBUG Engine               - isFullScreenAllowed: true
21:54:15.511 [FXGL Background Thread 3 ] DEBUG Engine               - isFullScreenFromStart: false
21:54:15.511 [FXGL Background Thread 3 ] DEBUG Engine               - isGameMenuEnabled: true
21:54:15.511 [FXGL Background Thread 3 ] DEBUG Engine               - isIOS: false
21:54:15.511 [FXGL Background Thread 3 ] DEBUG Engine               - isIntroEnabled: false
21:54:15.511 [FXGL Background Thread 3 ] DEBUG Engine               - isLinux: false
21:54:15.511 [FXGL Background Thread 3 ] DEBUG Engine               - isMac: false
21:54:15.511 [FXGL Background Thread 3 ] DEBUG Engine               - isMainMenuEnabled: false
21:54:15.511 [FXGL Background Thread 3 ] DEBUG Engine               - isManualResizeEnabled: true
21:54:15.511 [FXGL Background Thread 3 ] DEBUG Engine               - isMobile: false
21:54:15.511 [FXGL Background Thread 3 ] DEBUG Engine               - isNative: false
21:54:15.512 [FXGL Background Thread 3 ] DEBUG Engine               - isPauseMusicWhenMinimized: true
21:54:15.512 [FXGL Background Thread 3 ] DEBUG Engine               - isPreserveResizeRatio: false
21:54:15.512 [FXGL Background Thread 3 ] DEBUG Engine               - isProfilingEnabled: false
21:54:15.512 [FXGL Background Thread 3 ] DEBUG Engine               - isScaleAffectedOnResize: true
21:54:15.512 [FXGL Background Thread 3 ] DEBUG Engine               - isSingleStep: false
21:54:15.512 [FXGL Background Thread 3 ] DEBUG Engine               - isUserProfileEnabled: false
21:54:15.512 [FXGL Background Thread 3 ] DEBUG Engine               - isWindows: true
21:54:15.512 [FXGL Background Thread 3 ] DEBUG Engine               - language: ObjectProperty [value: ENGLISH]
21:54:15.512 [FXGL Background Thread 3 ] DEBUG Engine               - menuKey: ESCAPE
21:54:15.512 [FXGL Background Thread 3 ] DEBUG Engine               - mouseSensitivity: 0.2
21:54:15.512 [FXGL Background Thread 3 ] DEBUG Engine               - notificationViewClass: class com.almasb.fxgl.notification.view.XboxNotificationView
21:54:15.512 [FXGL Background Thread 3 ] DEBUG Engine               - pixelsPerMeter: 50.0
21:54:15.512 [FXGL Background Thread 3 ] DEBUG Engine               - platform: WINDOWS
21:54:15.512 [FXGL Background Thread 3 ] DEBUG Engine               - prefHeightProperty: ReadOnlyDoubleProperty [value: 800.0]
21:54:15.512 [FXGL Background Thread 3 ] DEBUG Engine               - prefWidthProperty: ReadOnlyDoubleProperty [value: 1280.0]
21:54:15.512 [FXGL Background Thread 3 ] DEBUG Engine               - profileDir: profiles/
21:54:15.513 [FXGL Background Thread 3 ] DEBUG Engine               - profileName: StringProperty [value: DEFAULT]
21:54:15.513 [FXGL Background Thread 3 ] DEBUG Engine               - randomSeed: -1
21:54:15.514 [FXGL Background Thread 3 ] DEBUG Engine               - runtimeInfo: RuntimeInfo(platform=WINDOWS, version=21.1, build=27.03.2024 07.52)
21:54:15.514 [FXGL Background Thread 3 ] DEBUG Engine               - saveFileExt: sav
21:54:15.514 [FXGL Background Thread 3 ] DEBUG Engine               - scaledHeightProp$fxgl: DoubleProperty [bound, value: 800.0]
21:54:15.514 [FXGL Background Thread 3 ] DEBUG Engine               - scaledWidthProp$fxgl: DoubleProperty [bound, value: 1280.0]
21:54:15.514 [FXGL Background Thread 3 ] DEBUG Engine               - sceneFactory: com.almasb.fxgl.app.scene.SceneFactory@319c5f11
21:54:15.514 [FXGL Background Thread 3 ] DEBUG Engine               - secondsIn24h: 60
21:54:15.514 [FXGL Background Thread 3 ] DEBUG Engine               - soundMenuBack: menu/back.wav
21:54:15.514 [FXGL Background Thread 3 ] DEBUG Engine               - soundMenuPress: menu/press.wav
21:54:15.514 [FXGL Background Thread 3 ] DEBUG Engine               - soundMenuSelect: menu/select.wav
21:54:15.514 [FXGL Background Thread 3 ] DEBUG Engine               - soundNotification: core/notification.wav
21:54:15.514 [FXGL Background Thread 3 ] DEBUG Engine               - stageStyle: DECORATED
21:54:15.514 [FXGL Background Thread 3 ] DEBUG Engine               - supportedLanguages: [ENGLISH, FRENCH, GERMAN, HUNGARIAN, RUSSIAN]
21:54:15.515 [FXGL Background Thread 3 ] DEBUG Engine               - ticksPerSecond: -1
21:54:15.515 [FXGL Background Thread 3 ] DEBUG Engine               - title: Ghost Hunter
21:54:15.515 [FXGL Background Thread 3 ] DEBUG Engine               - urlGithub: https://github.com/AlmasB/FXGL
21:54:15.515 [FXGL Background Thread 3 ] DEBUG Engine               - urlLeaderboard: http://fxgl-top.herokuapp.com/
21:54:15.515 [FXGL Background Thread 3 ] DEBUG Engine               - urlPOM: https://raw.githubusercontent.com/AlmasB/FXGL/release/README.md
21:54:15.515 [FXGL Background Thread 3 ] DEBUG Engine               - userAppClass: class org.saikat.Game
21:54:15.515 [FXGL Background Thread 3 ] DEBUG Engine               - version: 1.0
21:54:15.515 [FXGL Background Thread 3 ] DEBUG Engine               - versionCheckDays: 7
21:54:15.515 [FXGL Background Thread 3 ] DEBUG Engine               - width: 1280
21:54:15.515 [FXGL Background Thread 3 ] DEBUG Engine               - Logging services
21:54:15.515 [FXGL Background Thread 3 ] DEBUG Engine               - class com.almasb.fxgl.app.services.FXGLAssetLoaderService
21:54:15.515 [FXGL Background Thread 3 ] DEBUG Engine               - class com.almasb.fxgl.app.FXGLApplication$GameApplicationService
21:54:15.515 [FXGL Background Thread 3 ] DEBUG Engine               - class com.almasb.fxgl.app.services.FXGLDialogService
21:54:15.515 [FXGL Background Thread 3 ] DEBUG Engine               - class com.almasb.fxgl.app.services.IOTaskExecutorService
21:54:15.515 [FXGL Background Thread 3 ] DEBUG Engine               - class com.almasb.fxgl.io.FileSystemService
21:54:15.515 [FXGL Background Thread 3 ] DEBUG Engine               - class com.almasb.fxgl.localization.LocalizationService
21:54:15.515 [FXGL Background Thread 3 ] DEBUG Engine               - class com.almasb.fxgl.app.services.SystemBundleService
21:54:15.515 [FXGL Background Thread 3 ] DEBUG Engine               - class com.almasb.fxgl.profile.SaveLoadService
21:54:15.516 [FXGL Background Thread 3 ] DEBUG Engine               - class com.almasb.fxgl.ui.FXGLUIFactoryServiceProvider
21:54:15.516 [FXGL Background Thread 3 ] DEBUG Engine               - class com.almasb.fxgl.ui.FXGLDialogFactoryServiceProvider
21:54:15.516 [FXGL Background Thread 3 ] DEBUG Engine               - class com.almasb.fxgl.audio.AudioPlayer
21:54:15.516 [FXGL Background Thread 3 ] DEBUG Engine               - class com.almasb.fxgl.notification.impl.NotificationServiceProvider
21:54:15.516 [FXGL Background Thread 3 ] DEBUG Engine               - class com.almasb.fxgl.achievement.AchievementService
21:54:15.516 [FXGL Background Thread 3 ] DEBUG Engine               - class com.almasb.fxgl.cutscene.CutsceneService
21:54:15.516 [FXGL Background Thread 3 ] DEBUG Engine               - class com.almasb.fxgl.minigames.MiniGameService
21:54:15.516 [FXGL Background Thread 3 ] DEBUG Engine               - class com.almasb.fxgl.net.NetService
21:54:15.516 [FXGL Background Thread 3 ] DEBUG Engine               - class com.almasb.fxgl.app.services.UpdaterService
21:54:15.516 [FXGL Background Thread 3 ] DEBUG Engine               - class com.almasb.fxgl.dev.DevService
21:54:23.963 [JavaFX Application Thread] DEBUG PrimaryStageWindow   - Push state: DialogSubScene
21:54:23.971 [JavaFX Application Thread] DEBUG Input                - Clearing active input actions
21:54:23.984 [JavaFX Application Thread] DEBUG GameApplicationServi - Removing overlay from GameScene and adding to DialogSubScene
21:54:23.985 [JavaFX Application Thread] DEBUG PrimaryStageWindow   - GameScene -> DialogSubScene
21:54:29.672 [JavaFX Application Thread] DEBUG PrimaryStageWindow   - Pop state: DialogSubScene
21:54:29.672 [JavaFX Application Thread] DEBUG Input                - Clearing active input actions
21:54:29.674 [JavaFX Application Thread] DEBUG GameApplicationServi - Removing overlay from DialogSubScene and adding to GameScene
21:54:29.675 [JavaFX Application Thread] DEBUG PrimaryStageWindow   - GameScene <- DialogSubScene
21:54:29.675 [JavaFX Application Thread] DEBUG LoopRunner           - Resuming loop
21:54:29.675 [JavaFX Application Thread] DEBUG LoopRunner           - Resuming loop
21:54:31.077 [JavaFX Application Thread] DEBUG PrimaryStageWindow   - Push state: DialogSubScene
21:54:31.077 [JavaFX Application Thread] DEBUG Input                - Clearing active input actions
21:54:31.078 [JavaFX Application Thread] DEBUG GameApplicationServi - Removing overlay from GameScene and adding to DialogSubScene
21:54:31.079 [JavaFX Application Thread] DEBUG PrimaryStageWindow   - GameScene -> DialogSubScene
21:54:35.141 [JavaFX Application Thread] DEBUG PrimaryStageWindow   - Pop state: DialogSubScene
21:54:35.141 [JavaFX Application Thread] DEBUG Input                - Clearing active input actions
21:54:35.142 [JavaFX Application Thread] DEBUG GameApplicationServi - Removing overlay from DialogSubScene and adding to GameScene
21:54:35.142 [JavaFX Application Thread] DEBUG PrimaryStageWindow   - GameScene <- DialogSubScene
21:54:35.142 [JavaFX Application Thread] DEBUG LoopRunner           - Resuming loop
21:54:35.142 [JavaFX Application Thread] DEBUG LoopRunner           - Resuming loop
21:54:47.764 [JavaFX Application Thread] DEBUG PrimaryStageWindow   - Push state: DialogSubScene
21:54:47.764 [JavaFX Application Thread] DEBUG Input                - Clearing active input actions
21:54:47.767 [JavaFX Application Thread] DEBUG GameApplicationServi - Removing overlay from GameScene and adding to DialogSubScene
21:54:47.767 [JavaFX Application Thread] DEBUG PrimaryStageWindow   - GameScene -> DialogSubScene
21:54:49.364 [JavaFX Application Thread] DEBUG PrimaryStageWindow   - Pop state: DialogSubScene
21:54:49.364 [JavaFX Application Thread] DEBUG Input                - Clearing active input actions
21:54:49.364 [JavaFX Application Thread] DEBUG GameApplicationServi - Removing overlay from DialogSubScene and adding to GameScene
21:54:49.365 [JavaFX Application Thread] DEBUG PrimaryStageWindow   - GameScene <- DialogSubScene
21:54:49.365 [JavaFX Application Thread] DEBUG LoopRunner           - Resuming loop
21:54:49.394 [JavaFX Application Thread] DEBUG FXGLAssetLoaderServi - Loading from file system: file:/E:/All%20About%20Dev/OOP/FXGL%20new%20Begining/final%20version/Tower%20Defender/Tower-Defender/target/classes/assets/textures/spell.png
21:54:49.456 [JavaFX Application Thread] DEBUG FXGLAssetLoaderServi - Loading from file system: file:/E:/All%20About%20Dev/OOP/FXGL%20new%20Begining/final%20version/Tower%20Defender/Tower-Defender/target/classes/assets/textures/tank_bullet.png
21:54:54.533 [JavaFX Application Thread] DEBUG PrimaryStageWindow   - Push state: DialogSubScene
21:54:54.533 [JavaFX Application Thread] DEBUG Input                - Clearing active input actions
21:54:54.535 [JavaFX Application Thread] DEBUG GameApplicationServi - Removing overlay from GameScene and adding to DialogSubScene
21:54:54.535 [JavaFX Application Thread] DEBUG PrimaryStageWindow   - GameScene -> DialogSubScene
21:54:58.649 [JavaFX Application Thread] DEBUG PrimaryStageWindow   - Pop state: DialogSubScene
21:54:58.649 [JavaFX Application Thread] DEBUG Input                - Clearing active input actions
21:54:58.651 [JavaFX Application Thread] DEBUG GameApplicationServi - Removing overlay from DialogSubScene and adding to GameScene
21:54:58.652 [JavaFX Application Thread] DEBUG PrimaryStageWindow   - GameScene <- DialogSubScene
21:55:08.373 [JavaFX Application Thread] DEBUG FXGLApplication      - Exiting FXGL
21:55:08.374 [JavaFX Application Thread] DEBUG LoopRunner           - Stopping loop
21:55:08.375 [JavaFX Application Thread] DEBUG SystemBundleService  - Saving FXGL system data
21:55:08.395 [JavaFX Application Thread] DEBUG FileSystemAccess     - Writing to: E:\All About Dev\OOP\FXGL new Begining\final version\Tower Defender\Tower-Defender\system\fxgl.bundle
21:55:08.404 [JavaFX Application Thread] DEBUG Async                - Shutting down background threads
21:55:08.405 [JavaFX Application Thread] DEBUG PrimaryStageWindow   - Closing main window
21:55:08.461 [JavaFX Application Thread] DEBUG Logger               - Closing Logger
