15:54:16.873 [main                     ] DEBUG Logger               - Configured Logger
15:54:16.901 [main                     ] DEBUG GameApplication      - Logging settings
Title: 1945
Version: 0.1
Width: 1280
Height: 800
Fullscreen: true
Intro: false
Profiling: false
Single step:false
App Mode: DEVELOPER
Menu Key: ESCAPE
Stage Style: DECORATED
Scene Factory: class com.almasb.fxgl.app.scene.SceneFactory

15:54:17.652 [JavaFX Application Thread] DEBUG FXGLApplication      - Initializing FXGL
15:54:17.657 [JavaFX Application Thread] INFO  Engine               - FXGL-21.1 (27.03.2024 07.52) on WINDOWS (J:21.0.9 FX:21.0.1)
15:54:17.657 [JavaFX Application Thread] DEBUG Engine               - JRE Vendor Name: Oracle Corporation
15:54:17.657 [JavaFX Application Thread] DEBUG Engine               - Running on OS: Windows 11 version 10.0
15:54:17.658 [JavaFX Application Thread] DEBUG Engine               - Architecture: amd64
15:54:17.658 [JavaFX Application Thread] INFO  Engine               - Source code and latest versions at: https://github.com/AlmasB/FXGL
15:54:17.658 [JavaFX Application Thread] INFO  Engine               -       Ask questions and discuss at: https://github.com/AlmasB/FXGL/discussions
15:54:17.658 [JavaFX Application Thread] INFO  Engine               -              Join the FXGL chat at: https://gitter.im/AlmasB/FXGL
15:54:17.796 [JavaFX Application Thread] DEBUG PrimaryStageWindow   - Creating a JavaFX scene
15:54:17.849 [JavaFX Application Thread] DEBUG PrimaryStageWindow   - Target settings size: 1280.0 x 800.0
15:54:17.849 [JavaFX Application Thread] DEBUG PrimaryStageWindow   - Scaled scene size:    1280.0 x 800.0
15:54:17.849 [JavaFX Application Thread] DEBUG PrimaryStageWindow   - Scaled ratio: (1.0, 1.0)
15:54:17.850 [JavaFX Application Thread] DEBUG PrimaryStageWindow   - Set initial scene to FXGLStartupScene
15:54:17.853 [JavaFX Application Thread] DEBUG PrimaryStageWindow   - Opening main window
15:54:17.982 [JavaFX Application Thread] DEBUG PrimaryStageWindow   - Window border size: (14.4000244140625, 37.5999755859375)
15:54:17.982 [JavaFX Application Thread] DEBUG PrimaryStageWindow   - Scaled size: 1280.0 x 800.0
15:54:17.983 [JavaFX Application Thread] DEBUG PrimaryStageWindow   - Scaled ratio: (1.0, 1.0)
15:54:17.983 [JavaFX Application Thread] DEBUG PrimaryStageWindow   - Scene size: 1280.0 x 800.0
15:54:17.984 [JavaFX Application Thread] DEBUG PrimaryStageWindow   - Stage size: 1294.4000244140625 x 837.5999755859375
15:54:18.000 [FXGL Background Thread 1 ] DEBUG Engine               - Initializing environment variables
15:54:18.088 [FXGL Background Thread 1 ] DEBUG FXGLAssetLoaderServi - User app class for loading assets: class org.example.Main
15:54:18.089 [FXGL Background Thread 1 ] DEBUG GameApplicationServi - Applying CSS: fxgl_dark.css
15:54:18.091 [FXGL Background Thread 1 ] DEBUG FXGLAssetLoaderServi - Loading from file system: jar:file:/C:/Users/HP/.m2/repository/com/github/almasb/fxgl/21.1/fxgl-21.1.jar!/fxglassets/ui/css/fxgl_dark.css
15:54:18.152 [FXGL Background Thread 1 ] DEBUG GameApplicationServi - Initializing application scenes
15:54:18.229 [FXGL Background Thread 1 ] DEBUG GameWorld            - Game world initialized
15:54:18.305 [FXGL Background Thread 1 ] DEBUG PhysicsWorld         - Physics world initialized: appHeight=800, physics.ppm=50.0
15:54:18.306 [FXGL Background Thread 1 ] DEBUG PhysicsWorld         - Using strategy: BRUTE_FORCE
15:54:18.310 [FXGL Background Thread 1 ] DEBUG GameScene            - Game scene initialized: 1280x800
15:54:18.322 [FXGL Background Thread 1 ] DEBUG FXGL.DefaultMenu     - createMenuBodyGameMenu()
15:54:18.338 [FXGL Background Thread 1 ] DEBUG FXGL.DefaultMenu     - createOptionsMenu()
15:54:18.349 [FXGL Background Thread 1 ] DEBUG FXGLAssetLoaderServi - Loading from file system: jar:file:/C:/Users/HP/.m2/repository/com/github/almasb/fxgl/21.1/fxgl-21.1.jar!/fxglassets/textures/particles/smoke.png
15:54:18.476 [FXGL Background Thread 1 ] DEBUG FXGLAssetLoaderServi - Loading from file system: jar:file:/C:/Users/HP/.m2/repository/com/github/almasb/fxgl/21.1/fxgl-21.1.jar!/fxglassets/textures/particles/trace_horizontal.png
15:54:18.507 [FXGL Background Thread 1 ] DEBUG GameApplicationServi - Application scenes initialized
15:54:18.532 [FXGL Background Thread 1 ] DEBUG SystemBundleService  - Loading FXGL system data
15:54:18.543 [FXGL Background Thread 1 ] DEBUG FileSystemAccess     - Reading from: E:\All About Dev\OOP\FXGL new Begining\final version\Tower Defender\Tower-Defender\system\fxgl.bundle
15:54:18.565 [FXGL Background Thread 1 ] DEBUG SystemBundleService  - Bundle FXGL: {}
15:54:18.565 [FXGL Background Thread 1 ] DEBUG UpdaterService       - Checking for updates
15:54:18.575 [FXGL Background Thread 4 ] DEBUG FXGLApplication      - Loading fonts
15:54:18.575 [FXGL Background Thread 4 ] DEBUG FXGLAssetLoaderServi - Loading from file system: jar:file:/C:/Users/HP/.m2/repository/com/github/almasb/fxgl/21.1/fxgl-21.1.jar!/fxglassets/ui/fonts/VarelaRound-Regular.ttf
15:54:18.576 [FXGL Background Thread 1 ] DEBUG FXGLApplication      - Loading default localization
15:54:18.577 [FXGL Background Thread 1 ] DEBUG FXGLAssetLoaderServi - Loading from file system: jar:file:/C:/Users/HP/.m2/repository/com/github/almasb/fxgl/21.1/fxgl-21.1.jar!/fxglassets/languages/english.lang
15:54:18.616 [FXGL Background Thread 1 ] INFO  FXGLApplication      - FXGL initialization took: 0.616 sec
15:54:18.625 [JavaFX Application Thread] DEBUG Input                - Registered new binding: Add Tower - LMB
15:54:18.626 [JavaFX Application Thread] DEBUG FXGLAssetLoaderServi - Loading from file system: jar:file:/C:/Users/HP/.m2/repository/com/github/almasb/fxgl/21.1/fxgl-21.1.jar!/fxglassets/textures/fxgl_icon.png
15:54:18.657 [JavaFX Application Thread] DEBUG FXGLAssetLoaderServi - Loading from file system: jar:file:/C:/Users/HP/.m2/repository/com/github/almasb/fxgl/21.1/fxgl-21.1.jar!/fxglassets/textures/fxgl_default_cursor.png
15:54:18.667 [JavaFX Application Thread] DEBUG Input                - Registered new binding: Screenshot - CTRL+8
15:54:18.668 [JavaFX Application Thread] DEBUG Input                - Registered new binding: System info dump - CTRL+9
15:54:18.669 [JavaFX Application Thread] DEBUG Input                - Registered new binding: Restart - CTRL+R
15:54:18.670 [JavaFX Application Thread] DEBUG Input                - Registered new binding: Toggle Debug Camera - CTRL+7
15:54:18.675 [JavaFX Application Thread] DEBUG LoopRunner           - Starting loop
15:54:18.675 [JavaFX Application Thread] DEBUG LoopRunner           - Initializing JavaFX AnimationTimerLoop
15:54:18.678 [JavaFX Application Thread] DEBUG GameApplicationServi - Starting new game
15:54:18.678 [JavaFX Application Thread] DEBUG Input                - Clearing active input actions
15:54:18.692 [JavaFX Application Thread] DEBUG GameApplicationServi - Removing overlay from FXGLStartupScene and adding to FXGLLoadingScene
15:54:18.693 [JavaFX Application Thread] DEBUG PrimaryStageWindow   - FXGLStartupScene -> FXGLLoadingScene
15:54:18.693 [JavaFX Application Thread] DEBUG GameApplicationServi - Clearing previous game
15:54:18.693 [JavaFX Application Thread] DEBUG GameScene            - Clearing game scene
15:54:18.693 [JavaFX Application Thread] DEBUG GameWorld            - Clearing game world
15:54:18.693 [JavaFX Application Thread] DEBUG PhysicsWorld         - Clearing physics world
15:54:18.695 [FXGL Background Thread 1 ] DEBUG FXGLApplication      - Initializing game
15:54:18.792 [FXGL Background Thread 1 ] WARN  TMXLevelLoader       - TiledMap generated from 1.12.2. Supported version: 1.9.0. Some features may not be parsed fully.
15:54:18.820 [FXGL Background Thread 1 ] DEBUG TMXLevelLoader       - Parsed TiledMap: file:/E:/All%20About%20Dev/OOP/FXGL%20new%20Begining/final%20version/Tower%20Defender/Tower-Defender/target/classes/assets/levels/wall.tmx
15:54:18.821 [FXGL Background Thread 1 ] DEBUG TMXLevelLoader       - Creating tile layer entities
15:54:18.826 [FXGL Background Thread 1 ] DEBUG TilesetLoader        - Loading view for layer background
15:54:18.828 [FXGL Background Thread 1 ] DEBUG TilesetLoader        - Created buffer with size 1280.0x800.0
15:54:18.856 [FXGL Background Thread 4 ] DEBUG FXGLAssetLoaderServi - Loading from file system: jar:file:/C:/Users/HP/.m2/repository/com/github/almasb/fxgl/21.1/fxgl-21.1.jar!/fxglassets/ui/fonts/Abel-Regular.ttf
15:54:18.862 [FXGL Background Thread 4 ] DEBUG FXGLAssetLoaderServi - Loading from file system: jar:file:/C:/Users/HP/.m2/repository/com/github/almasb/fxgl/21.1/fxgl-21.1.jar!/fxglassets/ui/fonts/TerminalLandMono-Regular.otf
15:54:18.863 [FXGL Background Thread 1 ] DEBUG TilesetLoader        - Loading view for layer tower spot layer
15:54:18.865 [FXGL Background Thread 1 ] DEBUG TilesetLoader        - Created buffer with size 1280.0x800.0
15:54:18.869 [FXGL Background Thread 4 ] DEBUG FXGLAssetLoaderServi - Loading from file system: jar:file:/C:/Users/HP/.m2/repository/com/github/almasb/fxgl/21.1/fxgl-21.1.jar!/fxglassets/ui/fonts/Courier-Prime.ttf
15:54:18.875 [FXGL Background Thread 1 ] DEBUG TilesetLoader        - Loading view for layer icons
15:54:18.877 [FXGL Background Thread 1 ] DEBUG TilesetLoader        - Created buffer with size 1280.0x800.0
15:54:18.891 [FXGL Background Thread 1 ] DEBUG TilesetLoader        - Loading view for layer Road
15:54:18.893 [FXGL Background Thread 1 ] DEBUG TilesetLoader        - Created buffer with size 1280.0x800.0
15:54:18.898 [FXGL Background Thread 1 ] DEBUG TMXLevelLoader       - Creating object layer entities
15:54:18.904 [JavaFX Application Thread] DEBUG FXGLApplication      - Registering font factories with UI factory
15:54:18.938 [FXGL Background Thread 1 ] DEBUG GameWorld            - Clearing removable entities
15:54:18.939 [FXGL Background Thread 1 ] DEBUG GameWorld            - Setting level: com.almasb.fxgl.entity.level.Level@3ac29c03
15:54:18.987 [FXGL Background Thread 1 ] INFO  FXGLApplication      - Game initialization took: 0.292 sec
15:54:19.006 [JavaFX Application Thread] DEBUG Input                - Clearing active input actions
15:54:19.033 [JavaFX Application Thread] DEBUG GameApplicationServi - Removing overlay from FXGLLoadingScene and adding to GameScene
15:54:19.033 [JavaFX Application Thread] DEBUG PrimaryStageWindow   - FXGLLoadingScene -> GameScene
15:54:20.187 [FXGL Background Thread 2 ] INFO  UpdaterService       - Your current version:  21.1
15:54:20.188 [FXGL Background Thread 2 ] INFO  UpdaterService       - Latest stable version: 25
15:54:20.316 [JavaFX Application Thread] DEBUG FXGLAssetLoaderServi - Loading from file system: file:/E:/All%20About%20Dev/OOP/FXGL%20new%20Begining/final%20version/Tower%20Defender/Tower-Defender/target/classes/assets/textures/bird.png
15:54:21.572 [FXGL Background Thread 3 ] DEBUG Engine               - Logging environment variables
15:54:21.572 [FXGL Background Thread 3 ] DEBUG Engine               - achievements: []
15:54:21.573 [FXGL Background Thread 3 ] DEBUG Engine               - actualHeight: 800.0
15:54:21.573 [FXGL Background Thread 3 ] DEBUG Engine               - actualHeightProperty: ReadOnlyDoubleProperty [value: 800.0]
15:54:21.573 [FXGL Background Thread 3 ] DEBUG Engine               - actualWidth: 1280.0
15:54:21.573 [FXGL Background Thread 3 ] DEBUG Engine               - actualWidthProperty: ReadOnlyDoubleProperty [value: 1280.0]
15:54:21.573 [FXGL Background Thread 3 ] DEBUG Engine               - appIcon: fxgl_icon.png
15:54:21.573 [FXGL Background Thread 3 ] DEBUG Engine               - applicationMode: DEVELOPER
15:54:21.573 [FXGL Background Thread 3 ] DEBUG Engine               - cSSList: [fxgl_dark.css]
15:54:21.573 [FXGL Background Thread 3 ] DEBUG Engine               - collisionDetectionStrategy: BRUTE_FORCE
15:54:21.573 [FXGL Background Thread 3 ] DEBUG Engine               - configClass: Optional.empty
15:54:21.573 [FXGL Background Thread 3 ] DEBUG Engine               - credits: []
15:54:21.573 [FXGL Background Thread 3 ] DEBUG Engine               - defaultCursor: CursorInfo(imageName=fxgl_default_cursor.png, hotspotX=7.0, hotspotY=6.0)
15:54:21.573 [FXGL Background Thread 3 ] DEBUG Engine               - devBBoxColorProperty: ObjectProperty [value: 0xff0000ff]
15:54:21.574 [FXGL Background Thread 3 ] DEBUG Engine               - devEnableDebugCameraProperty: BooleanProperty [value: false]
15:54:21.574 [FXGL Background Thread 3 ] DEBUG Engine               - devSensorColorProperty: ObjectProperty [value: 0xffff00ff]
15:54:21.574 [FXGL Background Thread 3 ] DEBUG Engine               - devShowBBoxProperty: BooleanProperty [value: false]
15:54:21.574 [FXGL Background Thread 3 ] DEBUG Engine               - devShowPositionProperty: BooleanProperty [value: false]
15:54:21.574 [FXGL Background Thread 3 ] DEBUG Engine               - enabledMenuItems: []
15:54:21.574 [FXGL Background Thread 3 ] DEBUG Engine               - engineServices: [class com.almasb.fxgl.app.services.FXGLAssetLoaderService, class com.almasb.fxgl.app.FXGLApplication$GameApplicationService, class com.almasb.fxgl.app.services.FXGLDialogService, class com.almasb.fxgl.app.services.IOTaskExecutorService, class com.almasb.fxgl.io.FileSystemService, class com.almasb.fxgl.localization.LocalizationService, class com.almasb.fxgl.app.services.SystemBundleService, class com.almasb.fxgl.profile.SaveLoadService, class com.almasb.fxgl.ui.FXGLUIFactoryServiceProvider, class com.almasb.fxgl.ui.FXGLDialogFactoryServiceProvider, class com.almasb.fxgl.audio.AudioPlayer, class com.almasb.fxgl.notification.impl.NotificationServiceProvider, class com.almasb.fxgl.achievement.AchievementService, class com.almasb.fxgl.cutscene.CutsceneService, class com.almasb.fxgl.minigames.MiniGameService, class com.almasb.fxgl.net.NetService, class com.almasb.fxgl.app.services.UpdaterService, class com.almasb.fxgl.dev.DevService]
15:54:21.574 [FXGL Background Thread 3 ] DEBUG Engine               - fontGame: Abel-Regular.ttf
15:54:21.574 [FXGL Background Thread 3 ] DEBUG Engine               - fontMono: TerminalLandMono-Regular.otf
15:54:21.574 [FXGL Background Thread 3 ] DEBUG Engine               - fontSizeScaleUI: 1.0
15:54:21.574 [FXGL Background Thread 3 ] DEBUG Engine               - fontText: Courier-Prime.ttf
15:54:21.574 [FXGL Background Thread 3 ] DEBUG Engine               - fontUI: VarelaRound-Regular.ttf
15:54:21.574 [FXGL Background Thread 3 ] DEBUG Engine               - fullScreen: BooleanProperty [value: false]
15:54:21.574 [FXGL Background Thread 3 ] DEBUG Engine               - gameDifficulty: MEDIUM
15:54:21.574 [FXGL Background Thread 3 ] DEBUG Engine               - gameDifficultyProperty: ObjectProperty [value: MEDIUM]
15:54:21.574 [FXGL Background Thread 3 ] DEBUG Engine               - globalMusicVolume: 0.5
15:54:21.574 [FXGL Background Thread 3 ] DEBUG Engine               - globalMusicVolumeProperty: DoubleProperty [value: 0.5]
15:54:21.574 [FXGL Background Thread 3 ] DEBUG Engine               - globalSoundVolume: 0.5
15:54:21.575 [FXGL Background Thread 3 ] DEBUG Engine               - globalSoundVolumeProperty: DoubleProperty [value: 0.5]
15:54:21.575 [FXGL Background Thread 3 ] DEBUG Engine               - height: 800
15:54:21.575 [FXGL Background Thread 3 ] DEBUG Engine               - is3D: false
15:54:21.575 [FXGL Background Thread 3 ] DEBUG Engine               - isAndroid: false
15:54:21.575 [FXGL Background Thread 3 ] DEBUG Engine               - isBrowser: false
15:54:21.575 [FXGL Background Thread 3 ] DEBUG Engine               - isClickFeedbackEnabled: false
15:54:21.575 [FXGL Background Thread 3 ] DEBUG Engine               - isCloseConfirmation: false
15:54:21.575 [FXGL Background Thread 3 ] DEBUG Engine               - isDesktop: true
15:54:21.575 [FXGL Background Thread 3 ] DEBUG Engine               - isDeveloperMenuEnabled: false
15:54:21.575 [FXGL Background Thread 3 ] DEBUG Engine               - isEmbedded: false
15:54:21.575 [FXGL Background Thread 3 ] DEBUG Engine               - isEntityPreloadEnabled: true
15:54:21.575 [FXGL Background Thread 3 ] DEBUG Engine               - isExperimentalTiledLargeMap: false
15:54:21.575 [FXGL Background Thread 3 ] DEBUG Engine               - isFileSystemWriteAllowed: true
15:54:21.575 [FXGL Background Thread 3 ] DEBUG Engine               - isFullScreenAllowed: true
15:54:21.575 [FXGL Background Thread 3 ] DEBUG Engine               - isFullScreenFromStart: false
15:54:21.575 [FXGL Background Thread 3 ] DEBUG Engine               - isGameMenuEnabled: true
15:54:21.575 [FXGL Background Thread 3 ] DEBUG Engine               - isIOS: false
15:54:21.575 [FXGL Background Thread 3 ] DEBUG Engine               - isIntroEnabled: false
15:54:21.575 [FXGL Background Thread 3 ] DEBUG Engine               - isLinux: false
15:54:21.575 [FXGL Background Thread 3 ] DEBUG Engine               - isMac: false
15:54:21.575 [FXGL Background Thread 3 ] DEBUG Engine               - isMainMenuEnabled: false
15:54:21.575 [FXGL Background Thread 3 ] DEBUG Engine               - isManualResizeEnabled: true
15:54:21.575 [FXGL Background Thread 3 ] DEBUG Engine               - isMobile: false
15:54:21.575 [FXGL Background Thread 3 ] DEBUG Engine               - isNative: false
15:54:21.575 [FXGL Background Thread 3 ] DEBUG Engine               - isPauseMusicWhenMinimized: true
15:54:21.575 [FXGL Background Thread 3 ] DEBUG Engine               - isPreserveResizeRatio: false
15:54:21.575 [FXGL Background Thread 3 ] DEBUG Engine               - isProfilingEnabled: false
15:54:21.575 [FXGL Background Thread 3 ] DEBUG Engine               - isScaleAffectedOnResize: true
15:54:21.575 [FXGL Background Thread 3 ] DEBUG Engine               - isSingleStep: false
15:54:21.575 [FXGL Background Thread 3 ] DEBUG Engine               - isUserProfileEnabled: false
15:54:21.575 [FXGL Background Thread 3 ] DEBUG Engine               - isWindows: true
15:54:21.576 [FXGL Background Thread 3 ] DEBUG Engine               - language: ObjectProperty [value: ENGLISH]
15:54:21.576 [FXGL Background Thread 3 ] DEBUG Engine               - menuKey: ESCAPE
15:54:21.576 [FXGL Background Thread 3 ] DEBUG Engine               - mouseSensitivity: 0.2
15:54:21.576 [FXGL Background Thread 3 ] DEBUG Engine               - notificationViewClass: class com.almasb.fxgl.notification.view.XboxNotificationView
15:54:21.576 [FXGL Background Thread 3 ] DEBUG Engine               - pixelsPerMeter: 50.0
15:54:21.576 [FXGL Background Thread 3 ] DEBUG Engine               - platform: WINDOWS
15:54:21.576 [FXGL Background Thread 3 ] DEBUG Engine               - prefHeightProperty: ReadOnlyDoubleProperty [value: 800.0]
15:54:21.576 [FXGL Background Thread 3 ] DEBUG Engine               - prefWidthProperty: ReadOnlyDoubleProperty [value: 1280.0]
15:54:21.576 [FXGL Background Thread 3 ] DEBUG Engine               - profileDir: profiles/
15:54:21.576 [FXGL Background Thread 3 ] DEBUG Engine               - profileName: StringProperty [value: DEFAULT]
15:54:21.576 [FXGL Background Thread 3 ] DEBUG Engine               - randomSeed: -1
15:54:21.577 [FXGL Background Thread 3 ] DEBUG Engine               - runtimeInfo: RuntimeInfo(platform=WINDOWS, version=21.1, build=27.03.2024 07.52)
15:54:21.577 [FXGL Background Thread 3 ] DEBUG Engine               - saveFileExt: sav
15:54:21.577 [FXGL Background Thread 3 ] DEBUG Engine               - scaledHeightProp$fxgl: DoubleProperty [bound, value: 800.0]
15:54:21.577 [FXGL Background Thread 3 ] DEBUG Engine               - scaledWidthProp$fxgl: DoubleProperty [bound, value: 1280.0]
15:54:21.578 [FXGL Background Thread 3 ] DEBUG Engine               - sceneFactory: com.almasb.fxgl.app.scene.SceneFactory@4dc4871a
15:54:21.578 [FXGL Background Thread 3 ] DEBUG Engine               - secondsIn24h: 60
15:54:21.578 [FXGL Background Thread 3 ] DEBUG Engine               - soundMenuBack: menu/back.wav
15:54:21.578 [FXGL Background Thread 3 ] DEBUG Engine               - soundMenuPress: menu/press.wav
15:54:21.578 [FXGL Background Thread 3 ] DEBUG Engine               - soundMenuSelect: menu/select.wav
15:54:21.578 [FXGL Background Thread 3 ] DEBUG Engine               - soundNotification: core/notification.wav
15:54:21.578 [FXGL Background Thread 3 ] DEBUG Engine               - stageStyle: DECORATED
15:54:21.578 [FXGL Background Thread 3 ] DEBUG Engine               - supportedLanguages: [ENGLISH, FRENCH, GERMAN, HUNGARIAN, RUSSIAN]
15:54:21.578 [FXGL Background Thread 3 ] DEBUG Engine               - ticksPerSecond: -1
15:54:21.578 [FXGL Background Thread 3 ] DEBUG Engine               - title: 1945
15:54:21.578 [FXGL Background Thread 3 ] DEBUG Engine               - urlGithub: https://github.com/AlmasB/FXGL
15:54:21.578 [FXGL Background Thread 3 ] DEBUG Engine               - urlLeaderboard: http://fxgl-top.herokuapp.com/
15:54:21.579 [FXGL Background Thread 3 ] DEBUG Engine               - urlPOM: https://raw.githubusercontent.com/AlmasB/FXGL/release/README.md
15:54:21.579 [FXGL Background Thread 3 ] DEBUG Engine               - userAppClass: class org.example.Main
15:54:21.579 [FXGL Background Thread 3 ] DEBUG Engine               - version: 0.1
15:54:21.579 [FXGL Background Thread 3 ] DEBUG Engine               - versionCheckDays: 7
15:54:21.579 [FXGL Background Thread 3 ] DEBUG Engine               - width: 1280
15:54:21.579 [FXGL Background Thread 3 ] DEBUG Engine               - Logging services
15:54:21.579 [FXGL Background Thread 3 ] DEBUG Engine               - class com.almasb.fxgl.app.services.FXGLAssetLoaderService
15:54:21.579 [FXGL Background Thread 3 ] DEBUG Engine               - class com.almasb.fxgl.app.FXGLApplication$GameApplicationService
15:54:21.579 [FXGL Background Thread 3 ] DEBUG Engine               - class com.almasb.fxgl.app.services.FXGLDialogService
15:54:21.579 [FXGL Background Thread 3 ] DEBUG Engine               - class com.almasb.fxgl.app.services.IOTaskExecutorService
15:54:21.579 [FXGL Background Thread 3 ] DEBUG Engine               - class com.almasb.fxgl.io.FileSystemService
15:54:21.579 [FXGL Background Thread 3 ] DEBUG Engine               - class com.almasb.fxgl.localization.LocalizationService
15:54:21.579 [FXGL Background Thread 3 ] DEBUG Engine               - class com.almasb.fxgl.app.services.SystemBundleService
15:54:21.579 [FXGL Background Thread 3 ] DEBUG Engine               - class com.almasb.fxgl.profile.SaveLoadService
15:54:21.579 [FXGL Background Thread 3 ] DEBUG Engine               - class com.almasb.fxgl.ui.FXGLUIFactoryServiceProvider
15:54:21.579 [FXGL Background Thread 3 ] DEBUG Engine               - class com.almasb.fxgl.ui.FXGLDialogFactoryServiceProvider
15:54:21.580 [FXGL Background Thread 3 ] DEBUG Engine               - class com.almasb.fxgl.audio.AudioPlayer
15:54:21.580 [FXGL Background Thread 3 ] DEBUG Engine               - class com.almasb.fxgl.notification.impl.NotificationServiceProvider
15:54:21.580 [FXGL Background Thread 3 ] DEBUG Engine               - class com.almasb.fxgl.achievement.AchievementService
15:54:21.580 [FXGL Background Thread 3 ] DEBUG Engine               - class com.almasb.fxgl.cutscene.CutsceneService
15:54:21.580 [FXGL Background Thread 3 ] DEBUG Engine               - class com.almasb.fxgl.minigames.MiniGameService
15:54:21.580 [FXGL Background Thread 3 ] DEBUG Engine               - class com.almasb.fxgl.net.NetService
15:54:21.580 [FXGL Background Thread 3 ] DEBUG Engine               - class com.almasb.fxgl.app.services.UpdaterService
15:54:21.580 [FXGL Background Thread 3 ] DEBUG Engine               - class com.almasb.fxgl.dev.DevService
15:54:26.626 [JavaFX Application Thread] DEBUG LoopRunner           - Pausing loop
21:41:37.741 [JavaFX Application Thread] DEBUG FXGLApplication      - Exiting FXGL
21:41:37.828 [JavaFX Application Thread] DEBUG LoopRunner           - Stopping loop
21:41:37.836 [JavaFX Application Thread] DEBUG SystemBundleService  - Saving FXGL system data
21:41:38.178 [JavaFX Application Thread] DEBUG FileSystemAccess     - Writing to: E:\All About Dev\OOP\FXGL new Begining\final version\Tower Defender\Tower-Defender\system\fxgl.bundle
21:41:38.293 [JavaFX Application Thread] DEBUG Async                - Shutting down background threads
21:41:38.307 [JavaFX Application Thread] DEBUG PrimaryStageWindow   - Closing main window
21:41:38.550 [JavaFX Application Thread] DEBUG Logger               - Closing Logger
