20:32:31.059 [main                     ] DEBUG Logger               - Configured Logger
20:32:31.089 [main                     ] DEBUG GameApplication      - Logging settings
Title: Ghost Hunter
Version: 1.0
Width: 1280
Height: 800
Fullscreen: true
Intro: false
Profiling: false
Single step:false
App Mode: DEVELOPER
Menu Key: ESCAPE
Stage Style: DECORATED
Scene Factory: class com.almasb.fxgl.app.scene.SceneFactory

20:32:31.834 [JavaFX Application Thread] DEBUG FXGLApplication      - Initializing FXGL
20:32:31.847 [JavaFX Application Thread] INFO  Engine               - FXGL-21.1 (27.03.2024 07.52) on WINDOWS (J:21.0.9 FX:21.0.1)
20:32:31.847 [JavaFX Application Thread] DEBUG Engine               - JRE Vendor Name: Oracle Corporation
20:32:31.847 [JavaFX Application Thread] DEBUG Engine               - Running on OS: Windows 11 version 10.0
20:32:31.847 [JavaFX Application Thread] DEBUG Engine               - Architecture: amd64
20:32:31.847 [JavaFX Application Thread] INFO  Engine               - Source code and latest versions at: https://github.com/AlmasB/FXGL
20:32:31.848 [JavaFX Application Thread] INFO  Engine               -       Ask questions and discuss at: https://github.com/AlmasB/FXGL/discussions
20:32:31.848 [JavaFX Application Thread] INFO  Engine               -              Join the FXGL chat at: https://gitter.im/AlmasB/FXGL
20:32:32.053 [JavaFX Application Thread] DEBUG PrimaryStageWindow   - Creating a JavaFX scene
20:32:32.141 [JavaFX Application Thread] DEBUG PrimaryStageWindow   - Target settings size: 1280.0 x 800.0
20:32:32.141 [JavaFX Application Thread] DEBUG PrimaryStageWindow   - Scaled scene size:    1280.0 x 800.0
20:32:32.142 [JavaFX Application Thread] DEBUG PrimaryStageWindow   - Scaled ratio: (1.0, 1.0)
20:32:32.144 [JavaFX Application Thread] DEBUG PrimaryStageWindow   - Set initial scene to FXGLStartupScene
20:32:32.151 [JavaFX Application Thread] DEBUG PrimaryStageWindow   - Opening main window
20:32:32.332 [JavaFX Application Thread] DEBUG PrimaryStageWindow   - Window border size: (14.4000244140625, 37.5999755859375)
20:32:32.332 [JavaFX Application Thread] DEBUG PrimaryStageWindow   - Scaled size: 1280.0 x 800.0
20:32:32.332 [JavaFX Application Thread] DEBUG PrimaryStageWindow   - Scaled ratio: (1.0, 1.0)
20:32:32.333 [JavaFX Application Thread] DEBUG PrimaryStageWindow   - Scene size: 1280.0 x 800.0
20:32:32.333 [JavaFX Application Thread] DEBUG PrimaryStageWindow   - Stage size: 1294.4000244140625 x 837.5999755859375
20:32:32.354 [FXGL Background Thread 1 ] DEBUG Engine               - Initializing environment variables
20:32:32.471 [FXGL Background Thread 1 ] DEBUG FXGLAssetLoaderServi - User app class for loading assets: class org.saikat.Game
20:32:32.472 [FXGL Background Thread 1 ] DEBUG GameApplicationServi - Applying CSS: fxgl_dark.css
20:32:32.474 [FXGL Background Thread 1 ] DEBUG FXGLAssetLoaderServi - Loading from file system: jar:file:/C:/Users/HP/.m2/repository/com/github/almasb/fxgl/21.1/fxgl-21.1.jar!/fxglassets/ui/css/fxgl_dark.css
20:32:32.539 [FXGL Background Thread 1 ] DEBUG GameApplicationServi - Initializing application scenes
20:32:32.641 [FXGL Background Thread 1 ] DEBUG GameWorld            - Game world initialized
20:32:32.783 [FXGL Background Thread 1 ] DEBUG PhysicsWorld         - Physics world initialized: appHeight=800, physics.ppm=50.0
20:32:32.784 [FXGL Background Thread 1 ] DEBUG PhysicsWorld         - Using strategy: BRUTE_FORCE
20:32:32.791 [FXGL Background Thread 1 ] DEBUG GameScene            - Game scene initialized: 1280x800
20:32:32.814 [FXGL Background Thread 1 ] DEBUG FXGL.DefaultMenu     - createMenuBodyGameMenu()
20:32:32.845 [FXGL Background Thread 1 ] DEBUG FXGL.DefaultMenu     - createOptionsMenu()
20:32:32.867 [FXGL Background Thread 1 ] DEBUG FXGLAssetLoaderServi - Loading from file system: jar:file:/C:/Users/HP/.m2/repository/com/github/almasb/fxgl/21.1/fxgl-21.1.jar!/fxglassets/textures/particles/smoke.png
20:32:33.072 [FXGL Background Thread 1 ] DEBUG FXGLAssetLoaderServi - Loading from file system: jar:file:/C:/Users/HP/.m2/repository/com/github/almasb/fxgl/21.1/fxgl-21.1.jar!/fxglassets/textures/particles/trace_horizontal.png
20:32:33.136 [FXGL Background Thread 1 ] DEBUG GameApplicationServi - Application scenes initialized
20:32:33.167 [FXGL Background Thread 1 ] DEBUG SystemBundleService  - Loading FXGL system data
20:32:33.178 [FXGL Background Thread 1 ] DEBUG FileSystemAccess     - Reading from: E:\All About Dev\OOP\FXGL new Begining\final version\Tower Defender\Tower-Defender\system\fxgl.bundle
20:32:33.204 [FXGL Background Thread 1 ] DEBUG SystemBundleService  - Bundle FXGL: {}
20:32:33.205 [FXGL Background Thread 1 ] DEBUG UpdaterService       - Checking for updates
20:32:33.215 [FXGL Background Thread 4 ] DEBUG FXGLApplication      - Loading fonts
20:32:33.216 [FXGL Background Thread 4 ] DEBUG FXGLAssetLoaderServi - Loading from file system: jar:file:/C:/Users/HP/.m2/repository/com/github/almasb/fxgl/21.1/fxgl-21.1.jar!/fxglassets/ui/fonts/VarelaRound-Regular.ttf
20:32:33.219 [FXGL Background Thread 1 ] DEBUG FXGLApplication      - Loading default localization
20:32:33.220 [FXGL Background Thread 1 ] DEBUG FXGLAssetLoaderServi - Loading from file system: jar:file:/C:/Users/HP/.m2/repository/com/github/almasb/fxgl/21.1/fxgl-21.1.jar!/fxglassets/languages/english.lang
20:32:33.290 [FXGL Background Thread 1 ] INFO  FXGLApplication      - FXGL initialization took: 0.935 sec
20:32:33.308 [JavaFX Application Thread] DEBUG Input                - Registered new binding: add tower - LMB
20:32:33.308 [JavaFX Application Thread] DEBUG Input                - Registered new binding: remove tower - RMB
20:32:33.310 [JavaFX Application Thread] DEBUG FXGLAssetLoaderServi - Loading from file system: jar:file:/C:/Users/HP/.m2/repository/com/github/almasb/fxgl/21.1/fxgl-21.1.jar!/fxglassets/textures/fxgl_icon.png
20:32:33.358 [JavaFX Application Thread] DEBUG FXGLAssetLoaderServi - Loading from file system: jar:file:/C:/Users/HP/.m2/repository/com/github/almasb/fxgl/21.1/fxgl-21.1.jar!/fxglassets/textures/fxgl_default_cursor.png
20:32:33.375 [JavaFX Application Thread] DEBUG Input                - Registered new binding: Screenshot - CTRL+8
20:32:33.377 [JavaFX Application Thread] DEBUG Input                - Registered new binding: System info dump - CTRL+9
20:32:33.379 [JavaFX Application Thread] DEBUG Input                - Registered new binding: Restart - CTRL+R
20:32:33.381 [JavaFX Application Thread] DEBUG Input                - Registered new binding: Toggle Debug Camera - CTRL+7
20:32:33.387 [JavaFX Application Thread] DEBUG LoopRunner           - Starting loop
20:32:33.388 [JavaFX Application Thread] DEBUG LoopRunner           - Initializing JavaFX AnimationTimerLoop
20:32:33.394 [JavaFX Application Thread] DEBUG GameApplicationServi - Starting new game
20:32:33.396 [JavaFX Application Thread] DEBUG Input                - Clearing active input actions
20:32:33.426 [JavaFX Application Thread] DEBUG GameApplicationServi - Removing overlay from FXGLStartupScene and adding to FXGLLoadingScene
20:32:33.427 [JavaFX Application Thread] DEBUG PrimaryStageWindow   - FXGLStartupScene -> FXGLLoadingScene
20:32:33.427 [JavaFX Application Thread] DEBUG GameApplicationServi - Clearing previous game
20:32:33.427 [JavaFX Application Thread] DEBUG GameScene            - Clearing game scene
20:32:33.427 [JavaFX Application Thread] DEBUG GameWorld            - Clearing game world
20:32:33.427 [JavaFX Application Thread] DEBUG PhysicsWorld         - Clearing physics world
20:32:33.432 [FXGL Background Thread 1 ] DEBUG FXGLApplication      - Initializing game
20:32:33.520 [FXGL Background Thread 4 ] DEBUG FXGLAssetLoaderServi - Loading from file system: jar:file:/C:/Users/HP/.m2/repository/com/github/almasb/fxgl/21.1/fxgl-21.1.jar!/fxglassets/ui/fonts/Abel-Regular.ttf
20:32:33.527 [FXGL Background Thread 4 ] DEBUG FXGLAssetLoaderServi - Loading from file system: jar:file:/C:/Users/HP/.m2/repository/com/github/almasb/fxgl/21.1/fxgl-21.1.jar!/fxglassets/ui/fonts/TerminalLandMono-Regular.otf
20:32:33.535 [FXGL Background Thread 4 ] DEBUG FXGLAssetLoaderServi - Loading from file system: jar:file:/C:/Users/HP/.m2/repository/com/github/almasb/fxgl/21.1/fxgl-21.1.jar!/fxglassets/ui/fonts/Courier-Prime.ttf
20:32:33.571 [FXGL Background Thread 1 ] WARN  TMXLevelLoader       - TiledMap generated from 1.12.2. Supported version: 1.9.0. Some features may not be parsed fully.
20:32:33.621 [FXGL Background Thread 1 ] DEBUG TMXLevelLoader       - Parsed TiledMap: file:/E:/All%20About%20Dev/OOP/FXGL%20new%20Begining/final%20version/Tower%20Defender/Tower-Defender/target/classes/assets/levels/wall.tmx
20:32:33.626 [FXGL Background Thread 1 ] DEBUG TMXLevelLoader       - Creating tile layer entities
20:32:33.633 [FXGL Background Thread 1 ] DEBUG TilesetLoader        - Loading view for layer background
20:32:33.635 [FXGL Background Thread 1 ] DEBUG TilesetLoader        - Created buffer with size 1280.0x800.0
20:32:33.687 [FXGL Background Thread 1 ] DEBUG TilesetLoader        - Loading view for layer tower spot layer
20:32:33.689 [FXGL Background Thread 1 ] DEBUG TilesetLoader        - Created buffer with size 1280.0x800.0
20:32:33.703 [FXGL Background Thread 1 ] DEBUG TilesetLoader        - Loading view for layer Road
20:32:33.705 [FXGL Background Thread 1 ] DEBUG TilesetLoader        - Created buffer with size 1280.0x800.0
20:32:33.720 [FXGL Background Thread 1 ] DEBUG TilesetLoader        - Loading view for layer road2
20:32:33.722 [FXGL Background Thread 1 ] DEBUG TilesetLoader        - Created buffer with size 1280.0x800.0
20:32:33.725 [FXGL Background Thread 1 ] WARN  TilesetLoader        - Diagonally flipped tiles are not currently supported
20:32:33.727 [FXGL Background Thread 1 ] WARN  TilesetLoader        - Diagonally flipped tiles are not currently supported
20:32:33.728 [FXGL Background Thread 1 ] WARN  TilesetLoader        - Diagonally flipped tiles are not currently supported
20:32:33.730 [FXGL Background Thread 1 ] WARN  TilesetLoader        - Diagonally flipped tiles are not currently supported
20:32:33.731 [FXGL Background Thread 1 ] WARN  TilesetLoader        - Diagonally flipped tiles are not currently supported
20:32:33.732 [FXGL Background Thread 1 ] WARN  TilesetLoader        - Diagonally flipped tiles are not currently supported
20:32:33.733 [FXGL Background Thread 1 ] WARN  TilesetLoader        - Diagonally flipped tiles are not currently supported
20:32:33.734 [FXGL Background Thread 1 ] WARN  TilesetLoader        - Diagonally flipped tiles are not currently supported
20:32:33.735 [FXGL Background Thread 1 ] WARN  TilesetLoader        - Diagonally flipped tiles are not currently supported
20:32:33.736 [FXGL Background Thread 1 ] WARN  TilesetLoader        - Diagonally flipped tiles are not currently supported
20:32:33.737 [JavaFX Application Thread] DEBUG FXGLApplication      - Registering font factories with UI factory
20:32:33.737 [FXGL Background Thread 1 ] WARN  TilesetLoader        - Diagonally flipped tiles are not currently supported
20:32:33.739 [FXGL Background Thread 1 ] WARN  TilesetLoader        - Diagonally flipped tiles are not currently supported
20:32:33.740 [FXGL Background Thread 1 ] WARN  TilesetLoader        - Diagonally flipped tiles are not currently supported
20:32:33.741 [FXGL Background Thread 1 ] WARN  TilesetLoader        - Diagonally flipped tiles are not currently supported
20:32:33.742 [FXGL Background Thread 1 ] WARN  TilesetLoader        - Diagonally flipped tiles are not currently supported
20:32:33.743 [FXGL Background Thread 1 ] WARN  TilesetLoader        - Diagonally flipped tiles are not currently supported
20:32:33.745 [FXGL Background Thread 1 ] WARN  TilesetLoader        - Diagonally flipped tiles are not currently supported
20:32:33.746 [FXGL Background Thread 1 ] WARN  TilesetLoader        - Diagonally flipped tiles are not currently supported
20:32:33.747 [FXGL Background Thread 1 ] WARN  TilesetLoader        - Diagonally flipped tiles are not currently supported
20:32:33.748 [FXGL Background Thread 1 ] WARN  TilesetLoader        - Diagonally flipped tiles are not currently supported
20:32:33.749 [FXGL Background Thread 1 ] WARN  TilesetLoader        - Diagonally flipped tiles are not currently supported
20:32:33.750 [FXGL Background Thread 1 ] WARN  TilesetLoader        - Diagonally flipped tiles are not currently supported
20:32:33.751 [FXGL Background Thread 1 ] WARN  TilesetLoader        - Diagonally flipped tiles are not currently supported
20:32:33.752 [FXGL Background Thread 1 ] WARN  TilesetLoader        - Diagonally flipped tiles are not currently supported
20:32:33.754 [FXGL Background Thread 1 ] WARN  TilesetLoader        - Diagonally flipped tiles are not currently supported
20:32:33.755 [FXGL Background Thread 1 ] WARN  TilesetLoader        - Diagonally flipped tiles are not currently supported
20:32:33.756 [FXGL Background Thread 1 ] WARN  TilesetLoader        - Diagonally flipped tiles are not currently supported
20:32:33.757 [FXGL Background Thread 1 ] WARN  TilesetLoader        - Diagonally flipped tiles are not currently supported
20:32:33.758 [FXGL Background Thread 1 ] WARN  TilesetLoader        - Diagonally flipped tiles are not currently supported
20:32:33.759 [FXGL Background Thread 1 ] WARN  TilesetLoader        - Diagonally flipped tiles are not currently supported
20:32:33.760 [FXGL Background Thread 1 ] WARN  TilesetLoader        - Diagonally flipped tiles are not currently supported
20:32:33.761 [FXGL Background Thread 1 ] WARN  TilesetLoader        - Diagonally flipped tiles are not currently supported
20:32:33.762 [FXGL Background Thread 1 ] WARN  TilesetLoader        - Diagonally flipped tiles are not currently supported
20:32:33.763 [FXGL Background Thread 1 ] WARN  TilesetLoader        - Diagonally flipped tiles are not currently supported
20:32:33.765 [FXGL Background Thread 1 ] WARN  TilesetLoader        - Diagonally flipped tiles are not currently supported
20:32:33.765 [FXGL Background Thread 1 ] WARN  TilesetLoader        - Diagonally flipped tiles are not currently supported
20:32:33.766 [FXGL Background Thread 1 ] WARN  TilesetLoader        - Diagonally flipped tiles are not currently supported
20:32:33.767 [FXGL Background Thread 1 ] WARN  TilesetLoader        - Diagonally flipped tiles are not currently supported
20:32:33.768 [FXGL Background Thread 1 ] WARN  TilesetLoader        - Diagonally flipped tiles are not currently supported
20:32:33.769 [FXGL Background Thread 1 ] WARN  TilesetLoader        - Diagonally flipped tiles are not currently supported
20:32:33.770 [FXGL Background Thread 1 ] WARN  TilesetLoader        - Diagonally flipped tiles are not currently supported
20:32:33.771 [FXGL Background Thread 1 ] WARN  TilesetLoader        - Diagonally flipped tiles are not currently supported
20:32:33.772 [FXGL Background Thread 1 ] WARN  TilesetLoader        - Diagonally flipped tiles are not currently supported
20:32:33.773 [FXGL Background Thread 1 ] WARN  TilesetLoader        - Diagonally flipped tiles are not currently supported
20:32:33.784 [FXGL Background Thread 1 ] WARN  TilesetLoader        - Diagonally flipped tiles are not currently supported
20:32:33.784 [FXGL Background Thread 1 ] WARN  TilesetLoader        - Diagonally flipped tiles are not currently supported
20:32:33.785 [FXGL Background Thread 1 ] WARN  TilesetLoader        - Diagonally flipped tiles are not currently supported
20:32:33.786 [FXGL Background Thread 1 ] WARN  TilesetLoader        - Diagonally flipped tiles are not currently supported
20:32:33.787 [FXGL Background Thread 1 ] WARN  TilesetLoader        - Diagonally flipped tiles are not currently supported
20:32:33.787 [FXGL Background Thread 1 ] WARN  TilesetLoader        - Diagonally flipped tiles are not currently supported
20:32:33.788 [FXGL Background Thread 1 ] WARN  TilesetLoader        - Diagonally flipped tiles are not currently supported
20:32:33.788 [FXGL Background Thread 1 ] WARN  TilesetLoader        - Diagonally flipped tiles are not currently supported
20:32:33.789 [FXGL Background Thread 1 ] WARN  TilesetLoader        - Diagonally flipped tiles are not currently supported
20:32:33.790 [FXGL Background Thread 1 ] WARN  TilesetLoader        - Diagonally flipped tiles are not currently supported
20:32:33.790 [FXGL Background Thread 1 ] WARN  TilesetLoader        - Diagonally flipped tiles are not currently supported
20:32:33.791 [FXGL Background Thread 1 ] WARN  TilesetLoader        - Diagonally flipped tiles are not currently supported
20:32:33.792 [FXGL Background Thread 1 ] WARN  TilesetLoader        - Diagonally flipped tiles are not currently supported
20:32:33.792 [FXGL Background Thread 1 ] WARN  TilesetLoader        - Diagonally flipped tiles are not currently supported
20:32:33.793 [FXGL Background Thread 1 ] WARN  TilesetLoader        - Diagonally flipped tiles are not currently supported
20:32:33.794 [FXGL Background Thread 1 ] WARN  TilesetLoader        - Diagonally flipped tiles are not currently supported
20:32:33.794 [FXGL Background Thread 1 ] WARN  TilesetLoader        - Diagonally flipped tiles are not currently supported
20:32:33.795 [FXGL Background Thread 1 ] WARN  TilesetLoader        - Diagonally flipped tiles are not currently supported
20:32:33.795 [FXGL Background Thread 1 ] WARN  TilesetLoader        - Diagonally flipped tiles are not currently supported
20:32:33.796 [FXGL Background Thread 1 ] WARN  TilesetLoader        - Diagonally flipped tiles are not currently supported
20:32:33.796 [FXGL Background Thread 1 ] WARN  TilesetLoader        - Diagonally flipped tiles are not currently supported
20:32:33.797 [FXGL Background Thread 1 ] WARN  TilesetLoader        - Diagonally flipped tiles are not currently supported
20:32:33.798 [FXGL Background Thread 1 ] WARN  TilesetLoader        - Diagonally flipped tiles are not currently supported
20:32:33.798 [FXGL Background Thread 1 ] WARN  TilesetLoader        - Diagonally flipped tiles are not currently supported
20:32:33.799 [FXGL Background Thread 1 ] WARN  TilesetLoader        - Diagonally flipped tiles are not currently supported
20:32:33.800 [FXGL Background Thread 1 ] WARN  TilesetLoader        - Diagonally flipped tiles are not currently supported
20:32:33.800 [FXGL Background Thread 1 ] WARN  TilesetLoader        - Diagonally flipped tiles are not currently supported
20:32:33.801 [FXGL Background Thread 1 ] WARN  TilesetLoader        - Diagonally flipped tiles are not currently supported
20:32:33.801 [FXGL Background Thread 1 ] WARN  TilesetLoader        - Diagonally flipped tiles are not currently supported
20:32:33.802 [FXGL Background Thread 1 ] WARN  TilesetLoader        - Diagonally flipped tiles are not currently supported
20:32:33.803 [FXGL Background Thread 1 ] WARN  TilesetLoader        - Diagonally flipped tiles are not currently supported
20:32:33.803 [FXGL Background Thread 1 ] WARN  TilesetLoader        - Diagonally flipped tiles are not currently supported
20:32:33.804 [FXGL Background Thread 1 ] WARN  TilesetLoader        - Diagonally flipped tiles are not currently supported
20:32:33.805 [FXGL Background Thread 1 ] WARN  TilesetLoader        - Diagonally flipped tiles are not currently supported
20:32:33.805 [FXGL Background Thread 1 ] WARN  TilesetLoader        - Diagonally flipped tiles are not currently supported
20:32:33.806 [FXGL Background Thread 1 ] WARN  TilesetLoader        - Diagonally flipped tiles are not currently supported
20:32:33.807 [FXGL Background Thread 1 ] WARN  TilesetLoader        - Diagonally flipped tiles are not currently supported
20:32:33.807 [FXGL Background Thread 1 ] WARN  TilesetLoader        - Diagonally flipped tiles are not currently supported
20:32:33.808 [FXGL Background Thread 1 ] WARN  TilesetLoader        - Diagonally flipped tiles are not currently supported
20:32:33.809 [FXGL Background Thread 1 ] WARN  TilesetLoader        - Diagonally flipped tiles are not currently supported
20:32:33.809 [FXGL Background Thread 1 ] WARN  TilesetLoader        - Diagonally flipped tiles are not currently supported
20:32:33.810 [FXGL Background Thread 1 ] WARN  TilesetLoader        - Diagonally flipped tiles are not currently supported
20:32:33.810 [FXGL Background Thread 1 ] WARN  TilesetLoader        - Diagonally flipped tiles are not currently supported
20:32:33.811 [FXGL Background Thread 1 ] WARN  TilesetLoader        - Diagonally flipped tiles are not currently supported
20:32:33.812 [FXGL Background Thread 1 ] WARN  TilesetLoader        - Diagonally flipped tiles are not currently supported
20:32:33.813 [FXGL Background Thread 1 ] WARN  TilesetLoader        - Diagonally flipped tiles are not currently supported
20:32:33.813 [FXGL Background Thread 1 ] WARN  TilesetLoader        - Diagonally flipped tiles are not currently supported
20:32:33.814 [FXGL Background Thread 1 ] WARN  TilesetLoader        - Diagonally flipped tiles are not currently supported
20:32:33.814 [FXGL Background Thread 1 ] WARN  TilesetLoader        - Diagonally flipped tiles are not currently supported
20:32:33.815 [FXGL Background Thread 1 ] WARN  TilesetLoader        - Diagonally flipped tiles are not currently supported
20:32:33.816 [FXGL Background Thread 1 ] WARN  TilesetLoader        - Diagonally flipped tiles are not currently supported
20:32:33.816 [FXGL Background Thread 1 ] WARN  TilesetLoader        - Diagonally flipped tiles are not currently supported
20:32:33.817 [FXGL Background Thread 1 ] WARN  TilesetLoader        - Diagonally flipped tiles are not currently supported
20:32:33.818 [FXGL Background Thread 1 ] WARN  TilesetLoader        - Diagonally flipped tiles are not currently supported
20:32:33.819 [FXGL Background Thread 1 ] WARN  TilesetLoader        - Diagonally flipped tiles are not currently supported
20:32:33.820 [FXGL Background Thread 1 ] WARN  TilesetLoader        - Diagonally flipped tiles are not currently supported
20:32:33.820 [FXGL Background Thread 1 ] WARN  TilesetLoader        - Diagonally flipped tiles are not currently supported
20:32:33.821 [FXGL Background Thread 1 ] WARN  TilesetLoader        - Diagonally flipped tiles are not currently supported
20:32:33.821 [FXGL Background Thread 1 ] WARN  TilesetLoader        - Diagonally flipped tiles are not currently supported
20:32:33.822 [FXGL Background Thread 1 ] WARN  TilesetLoader        - Diagonally flipped tiles are not currently supported
20:32:33.823 [FXGL Background Thread 1 ] WARN  TilesetLoader        - Diagonally flipped tiles are not currently supported
20:32:33.823 [FXGL Background Thread 1 ] WARN  TilesetLoader        - Diagonally flipped tiles are not currently supported
20:32:33.824 [FXGL Background Thread 1 ] WARN  TilesetLoader        - Diagonally flipped tiles are not currently supported
20:32:33.824 [FXGL Background Thread 1 ] WARN  TilesetLoader        - Diagonally flipped tiles are not currently supported
20:32:33.825 [FXGL Background Thread 1 ] WARN  TilesetLoader        - Diagonally flipped tiles are not currently supported
20:32:33.825 [FXGL Background Thread 1 ] WARN  TilesetLoader        - Diagonally flipped tiles are not currently supported
20:32:33.826 [FXGL Background Thread 1 ] WARN  TilesetLoader        - Diagonally flipped tiles are not currently supported
20:32:33.826 [FXGL Background Thread 1 ] WARN  TilesetLoader        - Diagonally flipped tiles are not currently supported
20:32:33.827 [FXGL Background Thread 1 ] WARN  TilesetLoader        - Diagonally flipped tiles are not currently supported
20:32:33.827 [FXGL Background Thread 1 ] WARN  TilesetLoader        - Diagonally flipped tiles are not currently supported
20:32:33.828 [FXGL Background Thread 1 ] WARN  TilesetLoader        - Diagonally flipped tiles are not currently supported
20:32:33.828 [FXGL Background Thread 1 ] WARN  TilesetLoader        - Diagonally flipped tiles are not currently supported
20:32:33.829 [FXGL Background Thread 1 ] WARN  TilesetLoader        - Diagonally flipped tiles are not currently supported
20:32:33.829 [FXGL Background Thread 1 ] WARN  TilesetLoader        - Diagonally flipped tiles are not currently supported
20:32:33.835 [FXGL Background Thread 1 ] WARN  TilesetLoader        - Diagonally flipped tiles are not currently supported
20:32:33.836 [FXGL Background Thread 1 ] WARN  TilesetLoader        - Diagonally flipped tiles are not currently supported
20:32:33.836 [FXGL Background Thread 1 ] WARN  TilesetLoader        - Diagonally flipped tiles are not currently supported
20:32:33.837 [FXGL Background Thread 1 ] WARN  TilesetLoader        - Diagonally flipped tiles are not currently supported
20:32:33.838 [FXGL Background Thread 1 ] WARN  TilesetLoader        - Diagonally flipped tiles are not currently supported
20:32:33.839 [FXGL Background Thread 1 ] WARN  TilesetLoader        - Diagonally flipped tiles are not currently supported
20:32:33.840 [FXGL Background Thread 1 ] WARN  TilesetLoader        - Diagonally flipped tiles are not currently supported
20:32:33.840 [FXGL Background Thread 1 ] WARN  TilesetLoader        - Diagonally flipped tiles are not currently supported
20:32:33.841 [FXGL Background Thread 1 ] WARN  TilesetLoader        - Diagonally flipped tiles are not currently supported
20:32:33.841 [FXGL Background Thread 1 ] WARN  TilesetLoader        - Diagonally flipped tiles are not currently supported
20:32:33.842 [FXGL Background Thread 1 ] WARN  TilesetLoader        - Diagonally flipped tiles are not currently supported
20:32:33.843 [FXGL Background Thread 1 ] WARN  TilesetLoader        - Diagonally flipped tiles are not currently supported
20:32:33.843 [FXGL Background Thread 1 ] WARN  TilesetLoader        - Diagonally flipped tiles are not currently supported
20:32:33.844 [FXGL Background Thread 1 ] WARN  TilesetLoader        - Diagonally flipped tiles are not currently supported
20:32:33.844 [FXGL Background Thread 1 ] WARN  TilesetLoader        - Diagonally flipped tiles are not currently supported
20:32:33.845 [FXGL Background Thread 1 ] WARN  TilesetLoader        - Diagonally flipped tiles are not currently supported
20:32:33.845 [FXGL Background Thread 1 ] WARN  TilesetLoader        - Diagonally flipped tiles are not currently supported
20:32:33.846 [FXGL Background Thread 1 ] WARN  TilesetLoader        - Diagonally flipped tiles are not currently supported
20:32:33.846 [FXGL Background Thread 1 ] WARN  TilesetLoader        - Diagonally flipped tiles are not currently supported
20:32:33.847 [FXGL Background Thread 1 ] WARN  TilesetLoader        - Diagonally flipped tiles are not currently supported
20:32:33.848 [FXGL Background Thread 1 ] WARN  TilesetLoader        - Diagonally flipped tiles are not currently supported
20:32:33.848 [FXGL Background Thread 1 ] WARN  TilesetLoader        - Diagonally flipped tiles are not currently supported
20:32:33.849 [FXGL Background Thread 1 ] WARN  TilesetLoader        - Diagonally flipped tiles are not currently supported
20:32:33.849 [FXGL Background Thread 1 ] WARN  TilesetLoader        - Diagonally flipped tiles are not currently supported
20:32:33.850 [FXGL Background Thread 1 ] WARN  TilesetLoader        - Diagonally flipped tiles are not currently supported
20:32:33.850 [FXGL Background Thread 1 ] WARN  TilesetLoader        - Diagonally flipped tiles are not currently supported
20:32:33.851 [FXGL Background Thread 1 ] WARN  TilesetLoader        - Diagonally flipped tiles are not currently supported
20:32:33.852 [FXGL Background Thread 1 ] WARN  TilesetLoader        - Diagonally flipped tiles are not currently supported
20:32:33.853 [FXGL Background Thread 1 ] WARN  TilesetLoader        - Diagonally flipped tiles are not currently supported
20:32:33.853 [FXGL Background Thread 1 ] WARN  TilesetLoader        - Diagonally flipped tiles are not currently supported
20:32:33.854 [FXGL Background Thread 1 ] WARN  TilesetLoader        - Diagonally flipped tiles are not currently supported
20:32:33.855 [FXGL Background Thread 1 ] DEBUG TilesetLoader        - Loading view for layer road3
20:32:33.859 [FXGL Background Thread 1 ] DEBUG TilesetLoader        - Created buffer with size 1280.0x800.0
20:32:33.863 [FXGL Background Thread 1 ] DEBUG TilesetLoader        - Loading view for layer bg2
20:32:33.864 [FXGL Background Thread 1 ] DEBUG TilesetLoader        - Created buffer with size 1280.0x800.0
20:32:34.084 [FXGL Background Thread 1 ] DEBUG TilesetLoader        - Loading view for layer icons
20:32:34.088 [FXGL Background Thread 1 ] DEBUG TilesetLoader        - Created buffer with size 1280.0x800.0
20:32:34.102 [FXGL Background Thread 1 ] DEBUG TMXLevelLoader       - Creating object layer entities
20:32:34.154 [FXGL Background Thread 1 ] DEBUG GameWorld            - Clearing removable entities
20:32:34.156 [FXGL Background Thread 1 ] DEBUG GameWorld            - Setting level: com.almasb.fxgl.entity.level.Level@4ddd423b
20:32:34.178 [FXGL Background Thread 1 ] INFO  FXGLApplication      - Game initialization took: 0.745 sec
20:32:34.179 [JavaFX Application Thread] DEBUG Input                - Clearing active input actions
20:32:34.199 [JavaFX Application Thread] DEBUG GameApplicationServi - Removing overlay from FXGLLoadingScene and adding to GameScene
20:32:34.200 [JavaFX Application Thread] DEBUG PrimaryStageWindow   - FXGLLoadingScene -> GameScene
20:32:34.230 [JavaFX Application Thread] DEBUG FXGLAssetLoaderServi - Loading from file system: file:/E:/All%20About%20Dev/OOP/FXGL%20new%20Begining/final%20version/Tower%20Defender/Tower-Defender/target/classes/assets/textures/wolf.png
20:32:34.258 [JavaFX Application Thread] DEBUG FXGLAssetLoaderServi - Loading from file system: file:/E:/All%20About%20Dev/OOP/FXGL%20new%20Begining/final%20version/Tower%20Defender/Tower-Defender/target/classes/assets/textures/bird.png
20:32:34.557 [FXGL Background Thread 2 ] INFO  UpdaterService       - Your current version:  21.1
20:32:34.557 [FXGL Background Thread 2 ] INFO  UpdaterService       - Latest stable version: 25
20:32:35.384 [JavaFX Application Thread] DEBUG PrimaryStageWindow   - Push state: DialogSubScene
20:32:35.387 [JavaFX Application Thread] DEBUG Input                - Clearing active input actions
20:32:35.396 [JavaFX Application Thread] DEBUG GameApplicationServi - Removing overlay from GameScene and adding to DialogSubScene
20:32:35.397 [JavaFX Application Thread] DEBUG PrimaryStageWindow   - GameScene -> DialogSubScene
20:32:36.211 [FXGL Background Thread 3 ] DEBUG Engine               - Logging environment variables
20:32:36.212 [FXGL Background Thread 3 ] DEBUG Engine               - achievements: []
20:32:36.212 [FXGL Background Thread 3 ] DEBUG Engine               - actualHeight: 800.0
20:32:36.212 [FXGL Background Thread 3 ] DEBUG Engine               - actualHeightProperty: ReadOnlyDoubleProperty [value: 800.0]
20:32:36.212 [FXGL Background Thread 3 ] DEBUG Engine               - actualWidth: 1280.0
20:32:36.212 [FXGL Background Thread 3 ] DEBUG Engine               - actualWidthProperty: ReadOnlyDoubleProperty [value: 1280.0]
20:32:36.213 [FXGL Background Thread 3 ] DEBUG Engine               - appIcon: fxgl_icon.png
20:32:36.213 [FXGL Background Thread 3 ] DEBUG Engine               - applicationMode: DEVELOPER
20:32:36.213 [FXGL Background Thread 3 ] DEBUG Engine               - cSSList: [fxgl_dark.css]
20:32:36.213 [FXGL Background Thread 3 ] DEBUG Engine               - collisionDetectionStrategy: BRUTE_FORCE
20:32:36.213 [FXGL Background Thread 3 ] DEBUG Engine               - configClass: Optional.empty
20:32:36.213 [FXGL Background Thread 3 ] DEBUG Engine               - credits: []
20:32:36.213 [FXGL Background Thread 3 ] DEBUG Engine               - defaultCursor: CursorInfo(imageName=fxgl_default_cursor.png, hotspotX=7.0, hotspotY=6.0)
20:32:36.214 [FXGL Background Thread 3 ] DEBUG Engine               - devBBoxColorProperty: ObjectProperty [value: 0xff0000ff]
20:32:36.214 [FXGL Background Thread 3 ] DEBUG Engine               - devEnableDebugCameraProperty: BooleanProperty [value: false]
20:32:36.214 [FXGL Background Thread 3 ] DEBUG Engine               - devSensorColorProperty: ObjectProperty [value: 0xffff00ff]
20:32:36.214 [FXGL Background Thread 3 ] DEBUG Engine               - devShowBBoxProperty: BooleanProperty [value: false]
20:32:36.214 [FXGL Background Thread 3 ] DEBUG Engine               - devShowPositionProperty: BooleanProperty [value: false]
20:32:36.214 [FXGL Background Thread 3 ] DEBUG Engine               - enabledMenuItems: []
20:32:36.214 [FXGL Background Thread 3 ] DEBUG Engine               - engineServices: [class com.almasb.fxgl.app.services.FXGLAssetLoaderService, class com.almasb.fxgl.app.FXGLApplication$GameApplicationService, class com.almasb.fxgl.app.services.FXGLDialogService, class com.almasb.fxgl.app.services.IOTaskExecutorService, class com.almasb.fxgl.io.FileSystemService, class com.almasb.fxgl.localization.LocalizationService, class com.almasb.fxgl.app.services.SystemBundleService, class com.almasb.fxgl.profile.SaveLoadService, class com.almasb.fxgl.ui.FXGLUIFactoryServiceProvider, class com.almasb.fxgl.ui.FXGLDialogFactoryServiceProvider, class com.almasb.fxgl.audio.AudioPlayer, class com.almasb.fxgl.notification.impl.NotificationServiceProvider, class com.almasb.fxgl.achievement.AchievementService, class com.almasb.fxgl.cutscene.CutsceneService, class com.almasb.fxgl.minigames.MiniGameService, class com.almasb.fxgl.net.NetService, class com.almasb.fxgl.app.services.UpdaterService, class com.almasb.fxgl.dev.DevService]
20:32:36.214 [FXGL Background Thread 3 ] DEBUG Engine               - fontGame: Abel-Regular.ttf
20:32:36.214 [FXGL Background Thread 3 ] DEBUG Engine               - fontMono: TerminalLandMono-Regular.otf
20:32:36.214 [FXGL Background Thread 3 ] DEBUG Engine               - fontSizeScaleUI: 1.0
20:32:36.214 [FXGL Background Thread 3 ] DEBUG Engine               - fontText: Courier-Prime.ttf
20:32:36.214 [FXGL Background Thread 3 ] DEBUG Engine               - fontUI: VarelaRound-Regular.ttf
20:32:36.214 [FXGL Background Thread 3 ] DEBUG Engine               - fullScreen: BooleanProperty [value: false]
20:32:36.214 [FXGL Background Thread 3 ] DEBUG Engine               - gameDifficulty: MEDIUM
20:32:36.214 [FXGL Background Thread 3 ] DEBUG Engine               - gameDifficultyProperty: ObjectProperty [value: MEDIUM]
20:32:36.214 [FXGL Background Thread 3 ] DEBUG Engine               - globalMusicVolume: 0.5
20:32:36.215 [FXGL Background Thread 3 ] DEBUG Engine               - globalMusicVolumeProperty: DoubleProperty [value: 0.5]
20:32:36.215 [FXGL Background Thread 3 ] DEBUG Engine               - globalSoundVolume: 0.5
20:32:36.215 [FXGL Background Thread 3 ] DEBUG Engine               - globalSoundVolumeProperty: DoubleProperty [value: 0.5]
20:32:36.215 [FXGL Background Thread 3 ] DEBUG Engine               - height: 800
20:32:36.215 [FXGL Background Thread 3 ] DEBUG Engine               - is3D: false
20:32:36.215 [FXGL Background Thread 3 ] DEBUG Engine               - isAndroid: false
20:32:36.215 [FXGL Background Thread 3 ] DEBUG Engine               - isBrowser: false
20:32:36.215 [FXGL Background Thread 3 ] DEBUG Engine               - isClickFeedbackEnabled: false
20:32:36.215 [FXGL Background Thread 3 ] DEBUG Engine               - isCloseConfirmation: false
20:32:36.215 [FXGL Background Thread 3 ] DEBUG Engine               - isDesktop: true
20:32:36.215 [FXGL Background Thread 3 ] DEBUG Engine               - isDeveloperMenuEnabled: false
20:32:36.215 [FXGL Background Thread 3 ] DEBUG Engine               - isEmbedded: false
20:32:36.215 [FXGL Background Thread 3 ] DEBUG Engine               - isEntityPreloadEnabled: true
20:32:36.215 [FXGL Background Thread 3 ] DEBUG Engine               - isExperimentalTiledLargeMap: false
20:32:36.215 [FXGL Background Thread 3 ] DEBUG Engine               - isFileSystemWriteAllowed: true
20:32:36.215 [FXGL Background Thread 3 ] DEBUG Engine               - isFullScreenAllowed: true
20:32:36.215 [FXGL Background Thread 3 ] DEBUG Engine               - isFullScreenFromStart: false
20:32:36.215 [FXGL Background Thread 3 ] DEBUG Engine               - isGameMenuEnabled: true
20:32:36.215 [FXGL Background Thread 3 ] DEBUG Engine               - isIOS: false
20:32:36.216 [FXGL Background Thread 3 ] DEBUG Engine               - isIntroEnabled: false
20:32:36.216 [FXGL Background Thread 3 ] DEBUG Engine               - isLinux: false
20:32:36.216 [FXGL Background Thread 3 ] DEBUG Engine               - isMac: false
20:32:36.216 [FXGL Background Thread 3 ] DEBUG Engine               - isMainMenuEnabled: false
20:32:36.216 [FXGL Background Thread 3 ] DEBUG Engine               - isManualResizeEnabled: true
20:32:36.216 [FXGL Background Thread 3 ] DEBUG Engine               - isMobile: false
20:32:36.216 [FXGL Background Thread 3 ] DEBUG Engine               - isNative: false
20:32:36.216 [FXGL Background Thread 3 ] DEBUG Engine               - isPauseMusicWhenMinimized: true
20:32:36.216 [FXGL Background Thread 3 ] DEBUG Engine               - isPreserveResizeRatio: false
20:32:36.216 [FXGL Background Thread 3 ] DEBUG Engine               - isProfilingEnabled: false
20:32:36.217 [FXGL Background Thread 3 ] DEBUG Engine               - isScaleAffectedOnResize: true
20:32:36.217 [FXGL Background Thread 3 ] DEBUG Engine               - isSingleStep: false
20:32:36.217 [FXGL Background Thread 3 ] DEBUG Engine               - isUserProfileEnabled: false
20:32:36.217 [FXGL Background Thread 3 ] DEBUG Engine               - isWindows: true
20:32:36.217 [FXGL Background Thread 3 ] DEBUG Engine               - language: ObjectProperty [value: ENGLISH]
20:32:36.217 [FXGL Background Thread 3 ] DEBUG Engine               - menuKey: ESCAPE
20:32:36.217 [FXGL Background Thread 3 ] DEBUG Engine               - mouseSensitivity: 0.2
20:32:36.217 [FXGL Background Thread 3 ] DEBUG Engine               - notificationViewClass: class com.almasb.fxgl.notification.view.XboxNotificationView
20:32:36.217 [FXGL Background Thread 3 ] DEBUG Engine               - pixelsPerMeter: 50.0
20:32:36.217 [FXGL Background Thread 3 ] DEBUG Engine               - platform: WINDOWS
20:32:36.217 [FXGL Background Thread 3 ] DEBUG Engine               - prefHeightProperty: ReadOnlyDoubleProperty [value: 800.0]
20:32:36.218 [FXGL Background Thread 3 ] DEBUG Engine               - prefWidthProperty: ReadOnlyDoubleProperty [value: 1280.0]
20:32:36.218 [FXGL Background Thread 3 ] DEBUG Engine               - profileDir: profiles/
20:32:36.218 [FXGL Background Thread 3 ] DEBUG Engine               - profileName: StringProperty [value: DEFAULT]
20:32:36.218 [FXGL Background Thread 3 ] DEBUG Engine               - randomSeed: -1
20:32:36.218 [FXGL Background Thread 3 ] DEBUG Engine               - runtimeInfo: RuntimeInfo(platform=WINDOWS, version=21.1, build=27.03.2024 07.52)
20:32:36.219 [FXGL Background Thread 3 ] DEBUG Engine               - saveFileExt: sav
20:32:36.219 [FXGL Background Thread 3 ] DEBUG Engine               - scaledHeightProp$fxgl: DoubleProperty [bound, value: 800.0]
20:32:36.219 [FXGL Background Thread 3 ] DEBUG Engine               - scaledWidthProp$fxgl: DoubleProperty [bound, value: 1280.0]
20:32:36.219 [FXGL Background Thread 3 ] DEBUG Engine               - sceneFactory: com.almasb.fxgl.app.scene.SceneFactory@6bbdc6fd
20:32:36.219 [FXGL Background Thread 3 ] DEBUG Engine               - secondsIn24h: 60
20:32:36.219 [FXGL Background Thread 3 ] DEBUG Engine               - soundMenuBack: menu/back.wav
20:32:36.219 [FXGL Background Thread 3 ] DEBUG Engine               - soundMenuPress: menu/press.wav
20:32:36.219 [FXGL Background Thread 3 ] DEBUG Engine               - soundMenuSelect: menu/select.wav
20:32:36.219 [FXGL Background Thread 3 ] DEBUG Engine               - soundNotification: core/notification.wav
20:32:36.219 [FXGL Background Thread 3 ] DEBUG Engine               - stageStyle: DECORATED
20:32:36.219 [FXGL Background Thread 3 ] DEBUG Engine               - supportedLanguages: [ENGLISH, FRENCH, GERMAN, HUNGARIAN, RUSSIAN]
20:32:36.219 [FXGL Background Thread 3 ] DEBUG Engine               - ticksPerSecond: -1
20:32:36.220 [FXGL Background Thread 3 ] DEBUG Engine               - title: Ghost Hunter
20:32:36.220 [FXGL Background Thread 3 ] DEBUG Engine               - urlGithub: https://github.com/AlmasB/FXGL
20:32:36.220 [FXGL Background Thread 3 ] DEBUG Engine               - urlLeaderboard: http://fxgl-top.herokuapp.com/
20:32:36.220 [FXGL Background Thread 3 ] DEBUG Engine               - urlPOM: https://raw.githubusercontent.com/AlmasB/FXGL/release/README.md
20:32:36.220 [FXGL Background Thread 3 ] DEBUG Engine               - userAppClass: class org.saikat.Game
20:32:36.220 [FXGL Background Thread 3 ] DEBUG Engine               - version: 1.0
20:32:36.220 [FXGL Background Thread 3 ] DEBUG Engine               - versionCheckDays: 7
20:32:36.220 [FXGL Background Thread 3 ] DEBUG Engine               - width: 1280
20:32:36.220 [FXGL Background Thread 3 ] DEBUG Engine               - Logging services
20:32:36.220 [FXGL Background Thread 3 ] DEBUG Engine               - class com.almasb.fxgl.app.services.FXGLAssetLoaderService
20:32:36.220 [FXGL Background Thread 3 ] DEBUG Engine               - class com.almasb.fxgl.app.FXGLApplication$GameApplicationService
20:32:36.220 [FXGL Background Thread 3 ] DEBUG Engine               - class com.almasb.fxgl.app.services.FXGLDialogService
20:32:36.220 [FXGL Background Thread 3 ] DEBUG Engine               - class com.almasb.fxgl.app.services.IOTaskExecutorService
20:32:36.220 [FXGL Background Thread 3 ] DEBUG Engine               - class com.almasb.fxgl.io.FileSystemService
20:32:36.221 [FXGL Background Thread 3 ] DEBUG Engine               - class com.almasb.fxgl.localization.LocalizationService
20:32:36.221 [FXGL Background Thread 3 ] DEBUG Engine               - class com.almasb.fxgl.app.services.SystemBundleService
20:32:36.221 [FXGL Background Thread 3 ] DEBUG Engine               - class com.almasb.fxgl.profile.SaveLoadService
20:32:36.221 [FXGL Background Thread 3 ] DEBUG Engine               - class com.almasb.fxgl.ui.FXGLUIFactoryServiceProvider
20:32:36.221 [FXGL Background Thread 3 ] DEBUG Engine               - class com.almasb.fxgl.ui.FXGLDialogFactoryServiceProvider
20:32:36.221 [FXGL Background Thread 3 ] DEBUG Engine               - class com.almasb.fxgl.audio.AudioPlayer
20:32:36.221 [FXGL Background Thread 3 ] DEBUG Engine               - class com.almasb.fxgl.notification.impl.NotificationServiceProvider
20:32:36.221 [FXGL Background Thread 3 ] DEBUG Engine               - class com.almasb.fxgl.achievement.AchievementService
20:32:36.221 [FXGL Background Thread 3 ] DEBUG Engine               - class com.almasb.fxgl.cutscene.CutsceneService
20:32:36.221 [FXGL Background Thread 3 ] DEBUG Engine               - class com.almasb.fxgl.minigames.MiniGameService
20:32:36.221 [FXGL Background Thread 3 ] DEBUG Engine               - class com.almasb.fxgl.net.NetService
20:32:36.221 [FXGL Background Thread 3 ] DEBUG Engine               - class com.almasb.fxgl.app.services.UpdaterService
20:32:36.221 [FXGL Background Thread 3 ] DEBUG Engine               - class com.almasb.fxgl.dev.DevService
20:32:36.850 [JavaFX Application Thread] DEBUG PrimaryStageWindow   - Pop state: DialogSubScene
20:32:36.850 [JavaFX Application Thread] DEBUG Input                - Clearing active input actions
20:32:36.851 [JavaFX Application Thread] DEBUG GameApplicationServi - Removing overlay from DialogSubScene and adding to GameScene
20:32:36.851 [JavaFX Application Thread] DEBUG PrimaryStageWindow   - GameScene <- DialogSubScene
20:32:36.851 [JavaFX Application Thread] DEBUG LoopRunner           - Resuming loop
20:32:36.856 [JavaFX Application Thread] DEBUG FXGLAssetLoaderServi - Loading from file system: file:/E:/All%20About%20Dev/OOP/FXGL%20new%20Begining/final%20version/Tower%20Defender/Tower-Defender/target/classes/assets/textures/spell.png
20:32:36.880 [JavaFX Application Thread] DEBUG FXGLAssetLoaderServi - Loading from file system: file:/E:/All%20About%20Dev/OOP/FXGL%20new%20Begining/final%20version/Tower%20Defender/Tower-Defender/target/classes/assets/textures/tank_bullet.png
20:32:38.292 [JavaFX Application Thread] DEBUG PrimaryStageWindow   - Push state: DialogSubScene
20:32:38.292 [JavaFX Application Thread] DEBUG Input                - Clearing active input actions
20:32:38.293 [JavaFX Application Thread] DEBUG GameApplicationServi - Removing overlay from GameScene and adding to DialogSubScene
20:32:38.293 [JavaFX Application Thread] DEBUG PrimaryStageWindow   - GameScene -> DialogSubScene
20:32:39.968 [JavaFX Application Thread] DEBUG PrimaryStageWindow   - Pop state: DialogSubScene
20:32:39.968 [JavaFX Application Thread] DEBUG Input                - Clearing active input actions
20:32:39.969 [JavaFX Application Thread] DEBUG GameApplicationServi - Removing overlay from DialogSubScene and adding to GameScene
20:32:39.969 [JavaFX Application Thread] DEBUG PrimaryStageWindow   - GameScene <- DialogSubScene
20:32:39.969 [JavaFX Application Thread] DEBUG LoopRunner           - Resuming loop
20:32:39.971 [JavaFX Application Thread] DEBUG FXGLAssetLoaderServi - Loading from file system: file:/E:/All%20About%20Dev/OOP/FXGL%20new%20Begining/final%20version/Tower%20Defender/Tower-Defender/target/classes/assets/textures/wildfire.png
20:32:41.570 [JavaFX Application Thread] DEBUG PrimaryStageWindow   - Push state: DialogSubScene
20:32:41.570 [JavaFX Application Thread] DEBUG Input                - Clearing active input actions
20:32:41.571 [JavaFX Application Thread] DEBUG GameApplicationServi - Removing overlay from GameScene and adding to DialogSubScene
20:32:41.571 [JavaFX Application Thread] DEBUG PrimaryStageWindow   - GameScene -> DialogSubScene
20:32:43.067 [JavaFX Application Thread] DEBUG PrimaryStageWindow   - Pop state: DialogSubScene
20:32:43.067 [JavaFX Application Thread] DEBUG Input                - Clearing active input actions
20:32:43.067 [JavaFX Application Thread] DEBUG GameApplicationServi - Removing overlay from DialogSubScene and adding to GameScene
20:32:43.068 [JavaFX Application Thread] DEBUG PrimaryStageWindow   - GameScene <- DialogSubScene
20:32:43.068 [JavaFX Application Thread] DEBUG LoopRunner           - Resuming loop
20:32:45.357 [JavaFX Application Thread] DEBUG PrimaryStageWindow   - Push state: DialogSubScene
20:32:45.357 [JavaFX Application Thread] DEBUG Input                - Clearing active input actions
20:32:45.357 [JavaFX Application Thread] DEBUG GameApplicationServi - Removing overlay from GameScene and adding to DialogSubScene
20:32:45.358 [JavaFX Application Thread] DEBUG PrimaryStageWindow   - GameScene -> DialogSubScene
20:32:47.254 [JavaFX Application Thread] DEBUG PrimaryStageWindow   - Pop state: DialogSubScene
20:32:47.254 [JavaFX Application Thread] DEBUG Input                - Clearing active input actions
20:32:47.255 [JavaFX Application Thread] DEBUG GameApplicationServi - Removing overlay from DialogSubScene and adding to GameScene
20:32:47.255 [JavaFX Application Thread] DEBUG PrimaryStageWindow   - GameScene <- DialogSubScene
20:32:47.255 [JavaFX Application Thread] DEBUG LoopRunner           - Resuming loop
20:32:48.562 [JavaFX Application Thread] DEBUG PrimaryStageWindow   - Push state: DialogSubScene
20:32:48.563 [JavaFX Application Thread] DEBUG Input                - Clearing active input actions
20:32:48.563 [JavaFX Application Thread] DEBUG GameApplicationServi - Removing overlay from GameScene and adding to DialogSubScene
20:32:48.563 [JavaFX Application Thread] DEBUG PrimaryStageWindow   - GameScene -> DialogSubScene
20:32:50.106 [JavaFX Application Thread] DEBUG PrimaryStageWindow   - Pop state: DialogSubScene
20:32:50.106 [JavaFX Application Thread] DEBUG Input                - Clearing active input actions
20:32:50.106 [JavaFX Application Thread] DEBUG GameApplicationServi - Removing overlay from DialogSubScene and adding to GameScene
20:32:50.108 [JavaFX Application Thread] DEBUG PrimaryStageWindow   - GameScene <- DialogSubScene
20:32:50.108 [JavaFX Application Thread] DEBUG LoopRunner           - Resuming loop
20:32:51.751 [JavaFX Application Thread] DEBUG PrimaryStageWindow   - Push state: DialogSubScene
20:32:51.752 [JavaFX Application Thread] DEBUG Input                - Clearing active input actions
20:32:51.752 [JavaFX Application Thread] DEBUG GameApplicationServi - Removing overlay from GameScene and adding to DialogSubScene
20:32:51.752 [JavaFX Application Thread] DEBUG PrimaryStageWindow   - GameScene -> DialogSubScene
20:32:54.229 [JavaFX Application Thread] DEBUG PrimaryStageWindow   - Pop state: DialogSubScene
20:32:54.229 [JavaFX Application Thread] DEBUG Input                - Clearing active input actions
20:32:54.230 [JavaFX Application Thread] DEBUG GameApplicationServi - Removing overlay from DialogSubScene and adding to GameScene
20:32:54.230 [JavaFX Application Thread] DEBUG PrimaryStageWindow   - GameScene <- DialogSubScene
20:32:54.230 [JavaFX Application Thread] DEBUG LoopRunner           - Resuming loop
20:32:58.264 [JavaFX Application Thread] WARN  GameWorld            - Attempted to remove entity which is not active
20:32:59.079 [JavaFX Application Thread] WARN  GameWorld            - Attempted to remove entity which is not active
20:33:01.482 [JavaFX Application Thread] WARN  GameWorld            - Attempted to remove entity which is not active
20:33:04.072 [JavaFX Application Thread] WARN  GameWorld            - Attempted to remove entity which is not active
20:33:06.508 [JavaFX Application Thread] WARN  GameWorld            - Attempted to remove entity which is not active
20:33:07.071 [JavaFX Application Thread] WARN  GameWorld            - Attempted to remove entity which is not active
20:33:08.772 [JavaFX Application Thread] WARN  GameWorld            - Attempted to remove entity which is not active
20:33:08.785 [JavaFX Application Thread] WARN  GameWorld            - Attempted to remove entity which is not active
20:33:09.180 [JavaFX Application Thread] WARN  GameWorld            - Attempted to remove entity which is not active
20:33:10.076 [JavaFX Application Thread] WARN  GameWorld            - Attempted to remove entity which is not active
20:33:10.107 [JavaFX Application Thread] WARN  GameWorld            - Attempted to remove entity which is not active
20:33:11.077 [JavaFX Application Thread] WARN  GameWorld            - Attempted to remove entity which is not active
20:33:12.144 [JavaFX Application Thread] WARN  GameWorld            - Attempted to remove entity which is not active
20:33:12.509 [JavaFX Application Thread] WARN  GameWorld            - Attempted to remove entity which is not active
20:33:12.509 [JavaFX Application Thread] WARN  GameWorld            - Attempted to remove entity which is not active
20:33:13.522 [JavaFX Application Thread] WARN  GameWorld            - Attempted to remove entity which is not active
20:33:13.528 [JavaFX Application Thread] WARN  GameWorld            - Attempted to remove entity which is not active
20:33:13.547 [JavaFX Application Thread] WARN  GameWorld            - Attempted to remove entity which is not active
20:33:13.871 [JavaFX Application Thread] WARN  GameWorld            - Attempted to remove entity which is not active
20:33:14.333 [JavaFX Application Thread] WARN  GameWorld            - Attempted to remove entity which is not active
20:33:14.550 [JavaFX Application Thread] WARN  GameWorld            - Attempted to remove entity which is not active
20:33:15.262 [JavaFX Application Thread] WARN  GameWorld            - Attempted to remove entity which is not active
20:33:15.268 [JavaFX Application Thread] WARN  GameWorld            - Attempted to remove entity which is not active
20:33:15.418 [JavaFX Application Thread] WARN  GameWorld            - Attempted to remove entity which is not active
20:33:15.423 [JavaFX Application Thread] WARN  GameWorld            - Attempted to remove entity which is not active
20:33:15.518 [JavaFX Application Thread] WARN  GameWorld            - Attempted to remove entity which is not active
20:33:16.485 [JavaFX Application Thread] WARN  GameWorld            - Attempted to remove entity which is not active
20:33:16.518 [JavaFX Application Thread] WARN  GameWorld            - Attempted to remove entity which is not active
20:33:16.518 [JavaFX Application Thread] WARN  GameWorld            - Attempted to remove entity which is not active
20:33:17.625 [JavaFX Application Thread] WARN  GameWorld            - Attempted to remove entity which is not active
20:33:18.841 [JavaFX Application Thread] WARN  GameWorld            - Attempted to remove entity which is not active
20:33:18.841 [JavaFX Application Thread] WARN  GameWorld            - Attempted to remove entity which is not active
20:33:18.981 [JavaFX Application Thread] WARN  GameWorld            - Attempted to remove entity which is not active
20:33:19.015 [JavaFX Application Thread] WARN  GameWorld            - Attempted to remove entity which is not active
20:33:20.689 [JavaFX Application Thread] WARN  GameWorld            - Attempted to remove entity which is not active
20:33:38.181 [JavaFX Application Thread] DEBUG LoopRunner           - Pausing loop
20:33:58.675 [JavaFX Application Thread] DEBUG FXGLApplication      - Exiting FXGL
20:33:58.682 [JavaFX Application Thread] DEBUG LoopRunner           - Stopping loop
20:33:58.683 [JavaFX Application Thread] DEBUG SystemBundleService  - Saving FXGL system data
20:33:58.764 [JavaFX Application Thread] DEBUG FileSystemAccess     - Writing to: E:\All About Dev\OOP\FXGL new Begining\final version\Tower Defender\Tower-Defender\system\fxgl.bundle
20:33:58.798 [JavaFX Application Thread] DEBUG Async                - Shutting down background threads
20:33:58.802 [JavaFX Application Thread] DEBUG PrimaryStageWindow   - Closing main window
20:33:58.982 [JavaFX Application Thread] DEBUG Logger               - Closing Logger
