21:58:03.681 [main                     ] DEBUG Logger               - Configured Logger
21:58:03.716 [main                     ] DEBUG GameApplication      - Logging settings
Title: Ghost Hunter
Version: 1.0
Width: 1280
Height: 800
Fullscreen: true
Intro: false
Profiling: false
Single step:false
App Mode: DEVELOPER
Menu Key: ESCAPE
Stage Style: DECORATED
Scene Factory: class com.almasb.fxgl.app.scene.SceneFactory

21:58:04.421 [JavaFX Application Thread] DEBUG FXGLApplication      - Initializing FXGL
21:58:04.431 [JavaFX Application Thread] INFO  Engine               - FXGL-21.1 (27.03.2024 07.52) on WINDOWS (J:21.0.9 FX:21.0.1)
21:58:04.431 [JavaFX Application Thread] DEBUG Engine               - JRE Vendor Name: Oracle Corporation
21:58:04.431 [JavaFX Application Thread] DEBUG Engine               - Running on OS: Windows 11 version 10.0
21:58:04.431 [JavaFX Application Thread] DEBUG Engine               - Architecture: amd64
21:58:04.432 [JavaFX Application Thread] INFO  Engine               - Source code and latest versions at: https://github.com/AlmasB/FXGL
21:58:04.432 [JavaFX Application Thread] INFO  Engine               -       Ask questions and discuss at: https://github.com/AlmasB/FXGL/discussions
21:58:04.432 [JavaFX Application Thread] INFO  Engine               -              Join the FXGL chat at: https://gitter.im/AlmasB/FXGL
21:58:04.568 [JavaFX Application Thread] DEBUG PrimaryStageWindow   - Creating a JavaFX scene
21:58:04.631 [JavaFX Application Thread] DEBUG PrimaryStageWindow   - Target settings size: 1280.0 x 800.0
21:58:04.631 [JavaFX Application Thread] DEBUG PrimaryStageWindow   - Scaled scene size:    1280.0 x 800.0
21:58:04.631 [JavaFX Application Thread] DEBUG PrimaryStageWindow   - Scaled ratio: (1.0, 1.0)
21:58:04.632 [JavaFX Application Thread] DEBUG PrimaryStageWindow   - Set initial scene to FXGLStartupScene
21:58:04.637 [JavaFX Application Thread] DEBUG PrimaryStageWindow   - Opening main window
21:58:04.783 [JavaFX Application Thread] DEBUG PrimaryStageWindow   - Window border size: (14.4000244140625, 37.5999755859375)
21:58:04.783 [JavaFX Application Thread] DEBUG PrimaryStageWindow   - Scaled size: 1280.0 x 800.0
21:58:04.784 [JavaFX Application Thread] DEBUG PrimaryStageWindow   - Scaled ratio: (1.0, 1.0)
21:58:04.784 [JavaFX Application Thread] DEBUG PrimaryStageWindow   - Scene size: 1280.0 x 800.0
21:58:04.784 [JavaFX Application Thread] DEBUG PrimaryStageWindow   - Stage size: 1294.4000244140625 x 837.5999755859375
21:58:04.801 [FXGL Background Thread 1 ] DEBUG Engine               - Initializing environment variables
21:58:04.893 [FXGL Background Thread 1 ] DEBUG FXGLAssetLoaderServi - User app class for loading assets: class org.saikat.Game
21:58:04.893 [FXGL Background Thread 1 ] DEBUG GameApplicationServi - Applying CSS: fxgl_dark.css
21:58:04.894 [FXGL Background Thread 1 ] DEBUG FXGLAssetLoaderServi - Loading from file system: jar:file:/C:/Users/HP/.m2/repository/com/github/almasb/fxgl/21.1/fxgl-21.1.jar!/fxglassets/ui/css/fxgl_dark.css
21:58:04.965 [FXGL Background Thread 1 ] DEBUG GameApplicationServi - Initializing application scenes
21:58:05.039 [FXGL Background Thread 1 ] DEBUG GameWorld            - Game world initialized
21:58:05.113 [FXGL Background Thread 1 ] DEBUG PhysicsWorld         - Physics world initialized: appHeight=800, physics.ppm=50.0
21:58:05.114 [FXGL Background Thread 1 ] DEBUG PhysicsWorld         - Using strategy: BRUTE_FORCE
21:58:05.117 [FXGL Background Thread 1 ] DEBUG GameScene            - Game scene initialized: 1280x800
21:58:05.133 [FXGL Background Thread 1 ] DEBUG FXGL.DefaultMenu     - createMenuBodyGameMenu()
21:58:05.150 [FXGL Background Thread 1 ] DEBUG FXGL.DefaultMenu     - createOptionsMenu()
21:58:05.160 [FXGL Background Thread 1 ] DEBUG FXGLAssetLoaderServi - Loading from file system: jar:file:/C:/Users/HP/.m2/repository/com/github/almasb/fxgl/21.1/fxgl-21.1.jar!/fxglassets/textures/particles/smoke.png
21:58:05.283 [FXGL Background Thread 1 ] DEBUG FXGLAssetLoaderServi - Loading from file system: jar:file:/C:/Users/HP/.m2/repository/com/github/almasb/fxgl/21.1/fxgl-21.1.jar!/fxglassets/textures/particles/trace_horizontal.png
21:58:05.315 [FXGL Background Thread 1 ] DEBUG GameApplicationServi - Application scenes initialized
21:58:05.331 [FXGL Background Thread 1 ] DEBUG SystemBundleService  - Loading FXGL system data
21:58:05.334 [FXGL Background Thread 1 ] DEBUG FileSystemAccess     - Reading from: E:\All About Dev\OOP\FXGL new Begining\final version\Tower Defender\Tower-Defender\system\fxgl.bundle
21:58:05.347 [FXGL Background Thread 1 ] DEBUG SystemBundleService  - Bundle FXGL: {}
21:58:05.347 [FXGL Background Thread 1 ] DEBUG UpdaterService       - Checking for updates
21:58:05.352 [FXGL Background Thread 4 ] DEBUG FXGLApplication      - Loading fonts
21:58:05.354 [FXGL Background Thread 4 ] DEBUG FXGLAssetLoaderServi - Loading from file system: jar:file:/C:/Users/HP/.m2/repository/com/github/almasb/fxgl/21.1/fxgl-21.1.jar!/fxglassets/ui/fonts/VarelaRound-Regular.ttf
21:58:05.354 [FXGL Background Thread 1 ] DEBUG FXGLApplication      - Loading default localization
21:58:05.355 [FXGL Background Thread 1 ] DEBUG FXGLAssetLoaderServi - Loading from file system: jar:file:/C:/Users/HP/.m2/repository/com/github/almasb/fxgl/21.1/fxgl-21.1.jar!/fxglassets/languages/english.lang
21:58:05.384 [FXGL Background Thread 1 ] INFO  FXGLApplication      - FXGL initialization took: 0.582 sec
21:58:05.390 [JavaFX Application Thread] DEBUG Input                - Registered new binding: add tower - LMB
21:58:05.391 [JavaFX Application Thread] DEBUG Input                - Registered new binding: remove tower - RMB
21:58:05.391 [JavaFX Application Thread] DEBUG FXGLAssetLoaderServi - Loading from file system: jar:file:/C:/Users/HP/.m2/repository/com/github/almasb/fxgl/21.1/fxgl-21.1.jar!/fxglassets/textures/fxgl_icon.png
21:58:05.418 [JavaFX Application Thread] DEBUG FXGLAssetLoaderServi - Loading from file system: jar:file:/C:/Users/HP/.m2/repository/com/github/almasb/fxgl/21.1/fxgl-21.1.jar!/fxglassets/textures/fxgl_default_cursor.png
21:58:05.428 [JavaFX Application Thread] DEBUG Input                - Registered new binding: Screenshot - CTRL+8
21:58:05.429 [JavaFX Application Thread] DEBUG Input                - Registered new binding: System info dump - CTRL+9
21:58:05.429 [JavaFX Application Thread] DEBUG Input                - Registered new binding: Restart - CTRL+R
21:58:05.430 [JavaFX Application Thread] DEBUG Input                - Registered new binding: Toggle Debug Camera - CTRL+7
21:58:05.433 [JavaFX Application Thread] DEBUG LoopRunner           - Starting loop
21:58:05.433 [JavaFX Application Thread] DEBUG LoopRunner           - Initializing JavaFX AnimationTimerLoop
21:58:05.435 [JavaFX Application Thread] DEBUG GameApplicationServi - Starting new game
21:58:05.435 [JavaFX Application Thread] DEBUG Input                - Clearing active input actions
21:58:05.450 [JavaFX Application Thread] DEBUG GameApplicationServi - Removing overlay from FXGLStartupScene and adding to FXGLLoadingScene
21:58:05.450 [JavaFX Application Thread] DEBUG PrimaryStageWindow   - FXGLStartupScene -> FXGLLoadingScene
21:58:05.451 [JavaFX Application Thread] DEBUG GameApplicationServi - Clearing previous game
21:58:05.451 [JavaFX Application Thread] DEBUG GameScene            - Clearing game scene
21:58:05.451 [JavaFX Application Thread] DEBUG GameWorld            - Clearing game world
21:58:05.451 [JavaFX Application Thread] DEBUG PhysicsWorld         - Clearing physics world
21:58:05.454 [FXGL Background Thread 1 ] DEBUG FXGLApplication      - Initializing game
21:58:05.579 [FXGL Background Thread 1 ] WARN  TMXLevelLoader       - TiledMap generated from 1.12.2. Supported version: 1.9.0. Some features may not be parsed fully.
21:58:05.610 [FXGL Background Thread 4 ] DEBUG FXGLAssetLoaderServi - Loading from file system: jar:file:/C:/Users/HP/.m2/repository/com/github/almasb/fxgl/21.1/fxgl-21.1.jar!/fxglassets/ui/fonts/Abel-Regular.ttf
21:58:05.611 [FXGL Background Thread 1 ] DEBUG TMXLevelLoader       - Parsed TiledMap: file:/E:/All%20About%20Dev/OOP/FXGL%20new%20Begining/final%20version/Tower%20Defender/Tower-Defender/target/classes/assets/levels/wall.tmx
21:58:05.614 [FXGL Background Thread 1 ] DEBUG TMXLevelLoader       - Creating tile layer entities
21:58:05.616 [FXGL Background Thread 4 ] DEBUG FXGLAssetLoaderServi - Loading from file system: jar:file:/C:/Users/HP/.m2/repository/com/github/almasb/fxgl/21.1/fxgl-21.1.jar!/fxglassets/ui/fonts/TerminalLandMono-Regular.otf
21:58:05.619 [FXGL Background Thread 1 ] DEBUG TilesetLoader        - Loading view for layer icons
21:58:05.621 [FXGL Background Thread 4 ] DEBUG FXGLAssetLoaderServi - Loading from file system: jar:file:/C:/Users/HP/.m2/repository/com/github/almasb/fxgl/21.1/fxgl-21.1.jar!/fxglassets/ui/fonts/Courier-Prime.ttf
21:58:05.621 [FXGL Background Thread 1 ] DEBUG TilesetLoader        - Created buffer with size 1280.0x800.0
21:58:05.641 [FXGL Background Thread 1 ] DEBUG TilesetLoader        - Loading view for layer background
21:58:05.643 [FXGL Background Thread 1 ] DEBUG TilesetLoader        - Created buffer with size 1280.0x800.0
21:58:05.668 [JavaFX Application Thread] DEBUG FXGLApplication      - Registering font factories with UI factory
21:58:05.739 [FXGL Background Thread 1 ] DEBUG TilesetLoader        - Loading view for layer tower spot layer
21:58:05.741 [FXGL Background Thread 1 ] DEBUG TilesetLoader        - Created buffer with size 1280.0x800.0
21:58:05.752 [FXGL Background Thread 1 ] DEBUG TilesetLoader        - Loading view for layer Road
21:58:05.755 [FXGL Background Thread 1 ] DEBUG TilesetLoader        - Created buffer with size 1280.0x800.0
21:58:05.757 [FXGL Background Thread 1 ] DEBUG TilesetLoader        - Loading view for layer road2
21:58:05.759 [FXGL Background Thread 1 ] DEBUG TilesetLoader        - Created buffer with size 1280.0x800.0
21:58:05.760 [FXGL Background Thread 1 ] WARN  TilesetLoader        - Diagonally flipped tiles are not currently supported
21:58:05.761 [FXGL Background Thread 1 ] WARN  TilesetLoader        - Diagonally flipped tiles are not currently supported
21:58:05.761 [FXGL Background Thread 1 ] WARN  TilesetLoader        - Diagonally flipped tiles are not currently supported
21:58:05.762 [FXGL Background Thread 1 ] WARN  TilesetLoader        - Diagonally flipped tiles are not currently supported
21:58:05.762 [FXGL Background Thread 1 ] WARN  TilesetLoader        - Diagonally flipped tiles are not currently supported
21:58:05.763 [FXGL Background Thread 1 ] WARN  TilesetLoader        - Diagonally flipped tiles are not currently supported
21:58:05.763 [FXGL Background Thread 1 ] WARN  TilesetLoader        - Diagonally flipped tiles are not currently supported
21:58:05.763 [FXGL Background Thread 1 ] WARN  TilesetLoader        - Diagonally flipped tiles are not currently supported
21:58:05.764 [FXGL Background Thread 1 ] WARN  TilesetLoader        - Diagonally flipped tiles are not currently supported
21:58:05.764 [FXGL Background Thread 1 ] WARN  TilesetLoader        - Diagonally flipped tiles are not currently supported
21:58:05.764 [FXGL Background Thread 1 ] WARN  TilesetLoader        - Diagonally flipped tiles are not currently supported
21:58:05.765 [FXGL Background Thread 1 ] WARN  TilesetLoader        - Diagonally flipped tiles are not currently supported
21:58:05.766 [FXGL Background Thread 1 ] WARN  TilesetLoader        - Diagonally flipped tiles are not currently supported
21:58:05.766 [FXGL Background Thread 1 ] WARN  TilesetLoader        - Diagonally flipped tiles are not currently supported
21:58:05.772 [FXGL Background Thread 1 ] WARN  TilesetLoader        - Diagonally flipped tiles are not currently supported
21:58:05.773 [FXGL Background Thread 1 ] WARN  TilesetLoader        - Diagonally flipped tiles are not currently supported
21:58:05.774 [FXGL Background Thread 1 ] WARN  TilesetLoader        - Diagonally flipped tiles are not currently supported
21:58:05.774 [FXGL Background Thread 1 ] WARN  TilesetLoader        - Diagonally flipped tiles are not currently supported
21:58:05.775 [FXGL Background Thread 1 ] WARN  TilesetLoader        - Diagonally flipped tiles are not currently supported
21:58:05.776 [FXGL Background Thread 1 ] WARN  TilesetLoader        - Diagonally flipped tiles are not currently supported
21:58:05.776 [FXGL Background Thread 1 ] WARN  TilesetLoader        - Diagonally flipped tiles are not currently supported
21:58:05.777 [FXGL Background Thread 1 ] WARN  TilesetLoader        - Diagonally flipped tiles are not currently supported
21:58:05.777 [FXGL Background Thread 1 ] WARN  TilesetLoader        - Diagonally flipped tiles are not currently supported
21:58:05.778 [FXGL Background Thread 1 ] WARN  TilesetLoader        - Diagonally flipped tiles are not currently supported
21:58:05.778 [FXGL Background Thread 1 ] WARN  TilesetLoader        - Diagonally flipped tiles are not currently supported
21:58:05.779 [FXGL Background Thread 1 ] WARN  TilesetLoader        - Diagonally flipped tiles are not currently supported
21:58:05.779 [FXGL Background Thread 1 ] WARN  TilesetLoader        - Diagonally flipped tiles are not currently supported
21:58:05.779 [FXGL Background Thread 1 ] WARN  TilesetLoader        - Diagonally flipped tiles are not currently supported
21:58:05.780 [FXGL Background Thread 1 ] WARN  TilesetLoader        - Diagonally flipped tiles are not currently supported
21:58:05.780 [FXGL Background Thread 1 ] WARN  TilesetLoader        - Diagonally flipped tiles are not currently supported
21:58:05.780 [FXGL Background Thread 1 ] WARN  TilesetLoader        - Diagonally flipped tiles are not currently supported
21:58:05.780 [FXGL Background Thread 1 ] WARN  TilesetLoader        - Diagonally flipped tiles are not currently supported
21:58:05.781 [FXGL Background Thread 1 ] WARN  TilesetLoader        - Diagonally flipped tiles are not currently supported
21:58:05.781 [FXGL Background Thread 1 ] WARN  TilesetLoader        - Diagonally flipped tiles are not currently supported
21:58:05.781 [FXGL Background Thread 1 ] WARN  TilesetLoader        - Diagonally flipped tiles are not currently supported
21:58:05.781 [FXGL Background Thread 1 ] WARN  TilesetLoader        - Diagonally flipped tiles are not currently supported
21:58:05.782 [FXGL Background Thread 1 ] WARN  TilesetLoader        - Diagonally flipped tiles are not currently supported
21:58:05.782 [FXGL Background Thread 1 ] WARN  TilesetLoader        - Diagonally flipped tiles are not currently supported
21:58:05.782 [FXGL Background Thread 1 ] WARN  TilesetLoader        - Diagonally flipped tiles are not currently supported
21:58:05.783 [FXGL Background Thread 1 ] WARN  TilesetLoader        - Diagonally flipped tiles are not currently supported
21:58:05.783 [FXGL Background Thread 1 ] WARN  TilesetLoader        - Diagonally flipped tiles are not currently supported
21:58:05.783 [FXGL Background Thread 1 ] WARN  TilesetLoader        - Diagonally flipped tiles are not currently supported
21:58:05.783 [FXGL Background Thread 1 ] WARN  TilesetLoader        - Diagonally flipped tiles are not currently supported
21:58:05.784 [FXGL Background Thread 1 ] WARN  TilesetLoader        - Diagonally flipped tiles are not currently supported
21:58:05.784 [FXGL Background Thread 1 ] WARN  TilesetLoader        - Diagonally flipped tiles are not currently supported
21:58:05.784 [FXGL Background Thread 1 ] WARN  TilesetLoader        - Diagonally flipped tiles are not currently supported
21:58:05.785 [FXGL Background Thread 1 ] WARN  TilesetLoader        - Diagonally flipped tiles are not currently supported
21:58:05.785 [FXGL Background Thread 1 ] WARN  TilesetLoader        - Diagonally flipped tiles are not currently supported
21:58:05.785 [FXGL Background Thread 1 ] WARN  TilesetLoader        - Diagonally flipped tiles are not currently supported
21:58:05.785 [FXGL Background Thread 1 ] WARN  TilesetLoader        - Diagonally flipped tiles are not currently supported
21:58:05.786 [FXGL Background Thread 1 ] WARN  TilesetLoader        - Diagonally flipped tiles are not currently supported
21:58:05.786 [FXGL Background Thread 1 ] WARN  TilesetLoader        - Diagonally flipped tiles are not currently supported
21:58:05.786 [FXGL Background Thread 1 ] WARN  TilesetLoader        - Diagonally flipped tiles are not currently supported
21:58:05.786 [FXGL Background Thread 1 ] WARN  TilesetLoader        - Diagonally flipped tiles are not currently supported
21:58:05.786 [FXGL Background Thread 1 ] WARN  TilesetLoader        - Diagonally flipped tiles are not currently supported
21:58:05.787 [FXGL Background Thread 1 ] WARN  TilesetLoader        - Diagonally flipped tiles are not currently supported
21:58:05.787 [FXGL Background Thread 1 ] WARN  TilesetLoader        - Diagonally flipped tiles are not currently supported
21:58:05.787 [FXGL Background Thread 1 ] WARN  TilesetLoader        - Diagonally flipped tiles are not currently supported
21:58:05.788 [FXGL Background Thread 1 ] WARN  TilesetLoader        - Diagonally flipped tiles are not currently supported
21:58:05.788 [FXGL Background Thread 1 ] WARN  TilesetLoader        - Diagonally flipped tiles are not currently supported
21:58:05.791 [FXGL Background Thread 1 ] WARN  TilesetLoader        - Diagonally flipped tiles are not currently supported
21:58:05.792 [FXGL Background Thread 1 ] WARN  TilesetLoader        - Diagonally flipped tiles are not currently supported
21:58:05.792 [FXGL Background Thread 1 ] WARN  TilesetLoader        - Diagonally flipped tiles are not currently supported
21:58:05.792 [FXGL Background Thread 1 ] WARN  TilesetLoader        - Diagonally flipped tiles are not currently supported
21:58:05.793 [FXGL Background Thread 1 ] WARN  TilesetLoader        - Diagonally flipped tiles are not currently supported
21:58:05.793 [FXGL Background Thread 1 ] WARN  TilesetLoader        - Diagonally flipped tiles are not currently supported
21:58:05.793 [FXGL Background Thread 1 ] WARN  TilesetLoader        - Diagonally flipped tiles are not currently supported
21:58:05.794 [FXGL Background Thread 1 ] WARN  TilesetLoader        - Diagonally flipped tiles are not currently supported
21:58:05.794 [FXGL Background Thread 1 ] WARN  TilesetLoader        - Diagonally flipped tiles are not currently supported
21:58:05.794 [FXGL Background Thread 1 ] WARN  TilesetLoader        - Diagonally flipped tiles are not currently supported
21:58:05.795 [FXGL Background Thread 1 ] WARN  TilesetLoader        - Diagonally flipped tiles are not currently supported
21:58:05.795 [FXGL Background Thread 1 ] WARN  TilesetLoader        - Diagonally flipped tiles are not currently supported
21:58:05.795 [FXGL Background Thread 1 ] WARN  TilesetLoader        - Diagonally flipped tiles are not currently supported
21:58:05.795 [FXGL Background Thread 1 ] WARN  TilesetLoader        - Diagonally flipped tiles are not currently supported
21:58:05.796 [FXGL Background Thread 1 ] WARN  TilesetLoader        - Diagonally flipped tiles are not currently supported
21:58:05.796 [FXGL Background Thread 1 ] WARN  TilesetLoader        - Diagonally flipped tiles are not currently supported
21:58:05.796 [FXGL Background Thread 1 ] WARN  TilesetLoader        - Diagonally flipped tiles are not currently supported
21:58:05.797 [FXGL Background Thread 1 ] WARN  TilesetLoader        - Diagonally flipped tiles are not currently supported
21:58:05.797 [FXGL Background Thread 1 ] WARN  TilesetLoader        - Diagonally flipped tiles are not currently supported
21:58:05.797 [FXGL Background Thread 1 ] WARN  TilesetLoader        - Diagonally flipped tiles are not currently supported
21:58:05.797 [FXGL Background Thread 1 ] WARN  TilesetLoader        - Diagonally flipped tiles are not currently supported
21:58:05.798 [FXGL Background Thread 1 ] WARN  TilesetLoader        - Diagonally flipped tiles are not currently supported
21:58:05.798 [FXGL Background Thread 1 ] WARN  TilesetLoader        - Diagonally flipped tiles are not currently supported
21:58:05.798 [FXGL Background Thread 1 ] WARN  TilesetLoader        - Diagonally flipped tiles are not currently supported
21:58:05.799 [FXGL Background Thread 1 ] WARN  TilesetLoader        - Diagonally flipped tiles are not currently supported
21:58:05.799 [FXGL Background Thread 1 ] WARN  TilesetLoader        - Diagonally flipped tiles are not currently supported
21:58:05.799 [FXGL Background Thread 1 ] WARN  TilesetLoader        - Diagonally flipped tiles are not currently supported
21:58:05.800 [FXGL Background Thread 1 ] WARN  TilesetLoader        - Diagonally flipped tiles are not currently supported
21:58:05.800 [FXGL Background Thread 1 ] WARN  TilesetLoader        - Diagonally flipped tiles are not currently supported
21:58:05.802 [FXGL Background Thread 1 ] WARN  TilesetLoader        - Diagonally flipped tiles are not currently supported
21:58:05.802 [FXGL Background Thread 1 ] WARN  TilesetLoader        - Diagonally flipped tiles are not currently supported
21:58:05.803 [FXGL Background Thread 1 ] WARN  TilesetLoader        - Diagonally flipped tiles are not currently supported
21:58:05.803 [FXGL Background Thread 1 ] WARN  TilesetLoader        - Diagonally flipped tiles are not currently supported
21:58:05.803 [FXGL Background Thread 1 ] WARN  TilesetLoader        - Diagonally flipped tiles are not currently supported
21:58:05.804 [FXGL Background Thread 1 ] WARN  TilesetLoader        - Diagonally flipped tiles are not currently supported
21:58:05.804 [FXGL Background Thread 1 ] WARN  TilesetLoader        - Diagonally flipped tiles are not currently supported
21:58:05.805 [FXGL Background Thread 1 ] WARN  TilesetLoader        - Diagonally flipped tiles are not currently supported
21:58:05.805 [FXGL Background Thread 1 ] WARN  TilesetLoader        - Diagonally flipped tiles are not currently supported
21:58:05.805 [FXGL Background Thread 1 ] WARN  TilesetLoader        - Diagonally flipped tiles are not currently supported
21:58:05.806 [FXGL Background Thread 1 ] WARN  TilesetLoader        - Diagonally flipped tiles are not currently supported
21:58:05.806 [FXGL Background Thread 1 ] WARN  TilesetLoader        - Diagonally flipped tiles are not currently supported
21:58:05.807 [FXGL Background Thread 1 ] WARN  TilesetLoader        - Diagonally flipped tiles are not currently supported
21:58:05.807 [FXGL Background Thread 1 ] WARN  TilesetLoader        - Diagonally flipped tiles are not currently supported
21:58:05.807 [FXGL Background Thread 1 ] WARN  TilesetLoader        - Diagonally flipped tiles are not currently supported
21:58:05.808 [FXGL Background Thread 1 ] WARN  TilesetLoader        - Diagonally flipped tiles are not currently supported
21:58:05.808 [FXGL Background Thread 1 ] WARN  TilesetLoader        - Diagonally flipped tiles are not currently supported
21:58:05.808 [FXGL Background Thread 1 ] WARN  TilesetLoader        - Diagonally flipped tiles are not currently supported
21:58:05.809 [FXGL Background Thread 1 ] WARN  TilesetLoader        - Diagonally flipped tiles are not currently supported
21:58:05.809 [FXGL Background Thread 1 ] WARN  TilesetLoader        - Diagonally flipped tiles are not currently supported
21:58:05.809 [FXGL Background Thread 1 ] WARN  TilesetLoader        - Diagonally flipped tiles are not currently supported
21:58:05.810 [FXGL Background Thread 1 ] WARN  TilesetLoader        - Diagonally flipped tiles are not currently supported
21:58:05.810 [FXGL Background Thread 1 ] WARN  TilesetLoader        - Diagonally flipped tiles are not currently supported
21:58:05.810 [FXGL Background Thread 1 ] WARN  TilesetLoader        - Diagonally flipped tiles are not currently supported
21:58:05.810 [FXGL Background Thread 1 ] WARN  TilesetLoader        - Diagonally flipped tiles are not currently supported
21:58:05.810 [FXGL Background Thread 1 ] WARN  TilesetLoader        - Diagonally flipped tiles are not currently supported
21:58:05.811 [FXGL Background Thread 1 ] WARN  TilesetLoader        - Diagonally flipped tiles are not currently supported
21:58:05.811 [FXGL Background Thread 1 ] WARN  TilesetLoader        - Diagonally flipped tiles are not currently supported
21:58:05.811 [FXGL Background Thread 1 ] WARN  TilesetLoader        - Diagonally flipped tiles are not currently supported
21:58:05.811 [FXGL Background Thread 1 ] WARN  TilesetLoader        - Diagonally flipped tiles are not currently supported
21:58:05.812 [FXGL Background Thread 1 ] WARN  TilesetLoader        - Diagonally flipped tiles are not currently supported
21:58:05.813 [FXGL Background Thread 1 ] WARN  TilesetLoader        - Diagonally flipped tiles are not currently supported
21:58:05.814 [FXGL Background Thread 1 ] WARN  TilesetLoader        - Diagonally flipped tiles are not currently supported
21:58:05.815 [FXGL Background Thread 1 ] WARN  TilesetLoader        - Diagonally flipped tiles are not currently supported
21:58:05.815 [FXGL Background Thread 1 ] WARN  TilesetLoader        - Diagonally flipped tiles are not currently supported
21:58:05.815 [FXGL Background Thread 1 ] WARN  TilesetLoader        - Diagonally flipped tiles are not currently supported
21:58:05.816 [FXGL Background Thread 1 ] WARN  TilesetLoader        - Diagonally flipped tiles are not currently supported
21:58:05.816 [FXGL Background Thread 1 ] WARN  TilesetLoader        - Diagonally flipped tiles are not currently supported
21:58:05.817 [FXGL Background Thread 1 ] WARN  TilesetLoader        - Diagonally flipped tiles are not currently supported
21:58:05.817 [FXGL Background Thread 1 ] WARN  TilesetLoader        - Diagonally flipped tiles are not currently supported
21:58:05.818 [FXGL Background Thread 1 ] WARN  TilesetLoader        - Diagonally flipped tiles are not currently supported
21:58:05.818 [FXGL Background Thread 1 ] WARN  TilesetLoader        - Diagonally flipped tiles are not currently supported
21:58:05.818 [FXGL Background Thread 1 ] WARN  TilesetLoader        - Diagonally flipped tiles are not currently supported
21:58:05.819 [FXGL Background Thread 1 ] WARN  TilesetLoader        - Diagonally flipped tiles are not currently supported
21:58:05.819 [FXGL Background Thread 1 ] WARN  TilesetLoader        - Diagonally flipped tiles are not currently supported
21:58:05.822 [FXGL Background Thread 1 ] WARN  TilesetLoader        - Diagonally flipped tiles are not currently supported
21:58:05.823 [FXGL Background Thread 1 ] WARN  TilesetLoader        - Diagonally flipped tiles are not currently supported
21:58:05.823 [FXGL Background Thread 1 ] WARN  TilesetLoader        - Diagonally flipped tiles are not currently supported
21:58:05.824 [FXGL Background Thread 1 ] WARN  TilesetLoader        - Diagonally flipped tiles are not currently supported
21:58:05.824 [FXGL Background Thread 1 ] WARN  TilesetLoader        - Diagonally flipped tiles are not currently supported
21:58:05.825 [FXGL Background Thread 1 ] WARN  TilesetLoader        - Diagonally flipped tiles are not currently supported
21:58:05.825 [FXGL Background Thread 1 ] WARN  TilesetLoader        - Diagonally flipped tiles are not currently supported
21:58:05.826 [FXGL Background Thread 1 ] WARN  TilesetLoader        - Diagonally flipped tiles are not currently supported
21:58:05.826 [FXGL Background Thread 1 ] WARN  TilesetLoader        - Diagonally flipped tiles are not currently supported
21:58:05.827 [FXGL Background Thread 1 ] WARN  TilesetLoader        - Diagonally flipped tiles are not currently supported
21:58:05.827 [FXGL Background Thread 1 ] WARN  TilesetLoader        - Diagonally flipped tiles are not currently supported
21:58:05.828 [FXGL Background Thread 1 ] WARN  TilesetLoader        - Diagonally flipped tiles are not currently supported
21:58:05.828 [FXGL Background Thread 1 ] WARN  TilesetLoader        - Diagonally flipped tiles are not currently supported
21:58:05.829 [FXGL Background Thread 1 ] WARN  TilesetLoader        - Diagonally flipped tiles are not currently supported
21:58:05.829 [FXGL Background Thread 1 ] WARN  TilesetLoader        - Diagonally flipped tiles are not currently supported
21:58:05.830 [FXGL Background Thread 1 ] DEBUG TilesetLoader        - Loading view for layer road3
21:58:05.831 [FXGL Background Thread 1 ] DEBUG TilesetLoader        - Created buffer with size 1280.0x800.0
21:58:05.833 [FXGL Background Thread 1 ] DEBUG TilesetLoader        - Loading view for layer bg2
21:58:05.834 [FXGL Background Thread 1 ] DEBUG TilesetLoader        - Created buffer with size 1280.0x800.0
21:58:05.837 [FXGL Background Thread 1 ] WARN  TilesetLoader        - Diagonally flipped tiles are not currently supported
21:58:05.837 [FXGL Background Thread 1 ] WARN  TilesetLoader        - Diagonally flipped tiles are not currently supported
21:58:05.838 [FXGL Background Thread 1 ] WARN  TilesetLoader        - Diagonally flipped tiles are not currently supported
21:58:05.839 [FXGL Background Thread 1 ] WARN  TilesetLoader        - Diagonally flipped tiles are not currently supported
21:58:05.839 [FXGL Background Thread 1 ] WARN  TilesetLoader        - Diagonally flipped tiles are not currently supported
21:58:05.840 [FXGL Background Thread 1 ] WARN  TilesetLoader        - Diagonally flipped tiles are not currently supported
21:58:05.841 [FXGL Background Thread 1 ] WARN  TilesetLoader        - Diagonally flipped tiles are not currently supported
21:58:05.842 [FXGL Background Thread 1 ] DEBUG TMXLevelLoader       - Creating object layer entities
21:58:05.883 [FXGL Background Thread 1 ] DEBUG GameWorld            - Clearing removable entities
21:58:05.884 [FXGL Background Thread 1 ] DEBUG GameWorld            - Setting level: com.almasb.fxgl.entity.level.Level@17422fb1
21:58:05.893 [FXGL Background Thread 1 ] DEBUG FXGLAssetLoaderServi - Loading from file system: file:/E:/All%20About%20Dev/OOP/FXGL%20new%20Begining/final%20version/Tower%20Defender/Tower-Defender/target/classes/assets/textures/life.png
21:58:05.896 [FXGL Background Thread 1 ] DEBUG FXGLAssetLoaderServi - Loading from file system: file:/E:/All%20About%20Dev/OOP/FXGL%20new%20Begining/final%20version/Tower%20Defender/Tower-Defender/target/classes/assets/textures/skull.png
21:58:05.940 [FXGL Background Thread 1 ] INFO  FXGLApplication      - Game initialization took: 0.486 sec
21:58:05.952 [JavaFX Application Thread] DEBUG Input                - Clearing active input actions
21:58:05.968 [JavaFX Application Thread] DEBUG GameApplicationServi - Removing overlay from FXGLLoadingScene and adding to GameScene
21:58:05.968 [JavaFX Application Thread] DEBUG PrimaryStageWindow   - FXGLLoadingScene -> GameScene
21:58:05.997 [JavaFX Application Thread] DEBUG FXGLAssetLoaderServi - Loading from file system: file:/E:/All%20About%20Dev/OOP/FXGL%20new%20Begining/final%20version/Tower%20Defender/Tower-Defender/target/classes/assets/textures/wolf.png
21:58:06.015 [JavaFX Application Thread] DEBUG FXGLAssetLoaderServi - Loading from file system: file:/E:/All%20About%20Dev/OOP/FXGL%20new%20Begining/final%20version/Tower%20Defender/Tower-Defender/target/classes/assets/textures/bird.png
21:58:06.259 [FXGL Background Thread 2 ] INFO  UpdaterService       - Your current version:  21.1
21:58:06.259 [FXGL Background Thread 2 ] INFO  UpdaterService       - Latest stable version: 25
21:58:07.889 [JavaFX Application Thread] DEBUG PrimaryStageWindow   - Push state: DialogSubScene
21:58:07.890 [JavaFX Application Thread] DEBUG Input                - Clearing active input actions
21:58:07.895 [JavaFX Application Thread] DEBUG GameApplicationServi - Removing overlay from GameScene and adding to DialogSubScene
21:58:07.896 [JavaFX Application Thread] DEBUG PrimaryStageWindow   - GameScene -> DialogSubScene
21:58:08.351 [FXGL Background Thread 3 ] DEBUG Engine               - Logging environment variables
21:58:08.352 [FXGL Background Thread 3 ] DEBUG Engine               - achievements: []
21:58:08.352 [FXGL Background Thread 3 ] DEBUG Engine               - actualHeight: 800.0
21:58:08.352 [FXGL Background Thread 3 ] DEBUG Engine               - actualHeightProperty: ReadOnlyDoubleProperty [value: 800.0]
21:58:08.352 [FXGL Background Thread 3 ] DEBUG Engine               - actualWidth: 1280.0
21:58:08.352 [FXGL Background Thread 3 ] DEBUG Engine               - actualWidthProperty: ReadOnlyDoubleProperty [value: 1280.0]
21:58:08.352 [FXGL Background Thread 3 ] DEBUG Engine               - appIcon: fxgl_icon.png
21:58:08.352 [FXGL Background Thread 3 ] DEBUG Engine               - applicationMode: DEVELOPER
21:58:08.352 [FXGL Background Thread 3 ] DEBUG Engine               - cSSList: [fxgl_dark.css]
21:58:08.352 [FXGL Background Thread 3 ] DEBUG Engine               - collisionDetectionStrategy: BRUTE_FORCE
21:58:08.352 [FXGL Background Thread 3 ] DEBUG Engine               - configClass: Optional.empty
21:58:08.352 [FXGL Background Thread 3 ] DEBUG Engine               - credits: []
21:58:08.353 [FXGL Background Thread 3 ] DEBUG Engine               - defaultCursor: CursorInfo(imageName=fxgl_default_cursor.png, hotspotX=7.0, hotspotY=6.0)
21:58:08.353 [FXGL Background Thread 3 ] DEBUG Engine               - devBBoxColorProperty: ObjectProperty [value: 0xff0000ff]
21:58:08.353 [FXGL Background Thread 3 ] DEBUG Engine               - devEnableDebugCameraProperty: BooleanProperty [value: false]
21:58:08.353 [FXGL Background Thread 3 ] DEBUG Engine               - devSensorColorProperty: ObjectProperty [value: 0xffff00ff]
21:58:08.353 [FXGL Background Thread 3 ] DEBUG Engine               - devShowBBoxProperty: BooleanProperty [value: false]
21:58:08.353 [FXGL Background Thread 3 ] DEBUG Engine               - devShowPositionProperty: BooleanProperty [value: false]
21:58:08.353 [FXGL Background Thread 3 ] DEBUG Engine               - enabledMenuItems: []
21:58:08.353 [FXGL Background Thread 3 ] DEBUG Engine               - engineServices: [class com.almasb.fxgl.app.services.FXGLAssetLoaderService, class com.almasb.fxgl.app.FXGLApplication$GameApplicationService, class com.almasb.fxgl.app.services.FXGLDialogService, class com.almasb.fxgl.app.services.IOTaskExecutorService, class com.almasb.fxgl.io.FileSystemService, class com.almasb.fxgl.localization.LocalizationService, class com.almasb.fxgl.app.services.SystemBundleService, class com.almasb.fxgl.profile.SaveLoadService, class com.almasb.fxgl.ui.FXGLUIFactoryServiceProvider, class com.almasb.fxgl.ui.FXGLDialogFactoryServiceProvider, class com.almasb.fxgl.audio.AudioPlayer, class com.almasb.fxgl.notification.impl.NotificationServiceProvider, class com.almasb.fxgl.achievement.AchievementService, class com.almasb.fxgl.cutscene.CutsceneService, class com.almasb.fxgl.minigames.MiniGameService, class com.almasb.fxgl.net.NetService, class com.almasb.fxgl.app.services.UpdaterService, class com.almasb.fxgl.dev.DevService]
21:58:08.354 [FXGL Background Thread 3 ] DEBUG Engine               - fontGame: Abel-Regular.ttf
21:58:08.354 [FXGL Background Thread 3 ] DEBUG Engine               - fontMono: TerminalLandMono-Regular.otf
21:58:08.354 [FXGL Background Thread 3 ] DEBUG Engine               - fontSizeScaleUI: 1.0
21:58:08.354 [FXGL Background Thread 3 ] DEBUG Engine               - fontText: Courier-Prime.ttf
21:58:08.354 [FXGL Background Thread 3 ] DEBUG Engine               - fontUI: VarelaRound-Regular.ttf
21:58:08.354 [FXGL Background Thread 3 ] DEBUG Engine               - fullScreen: BooleanProperty [value: false]
21:58:08.354 [FXGL Background Thread 3 ] DEBUG Engine               - gameDifficulty: MEDIUM
21:58:08.354 [FXGL Background Thread 3 ] DEBUG Engine               - gameDifficultyProperty: ObjectProperty [value: MEDIUM]
21:58:08.354 [FXGL Background Thread 3 ] DEBUG Engine               - globalMusicVolume: 0.5
21:58:08.354 [FXGL Background Thread 3 ] DEBUG Engine               - globalMusicVolumeProperty: DoubleProperty [value: 0.5]
21:58:08.354 [FXGL Background Thread 3 ] DEBUG Engine               - globalSoundVolume: 0.5
21:58:08.354 [FXGL Background Thread 3 ] DEBUG Engine               - globalSoundVolumeProperty: DoubleProperty [value: 0.5]
21:58:08.354 [FXGL Background Thread 3 ] DEBUG Engine               - height: 800
21:58:08.354 [FXGL Background Thread 3 ] DEBUG Engine               - is3D: false
21:58:08.354 [FXGL Background Thread 3 ] DEBUG Engine               - isAndroid: false
21:58:08.354 [FXGL Background Thread 3 ] DEBUG Engine               - isBrowser: false
21:58:08.354 [FXGL Background Thread 3 ] DEBUG Engine               - isClickFeedbackEnabled: false
21:58:08.354 [FXGL Background Thread 3 ] DEBUG Engine               - isCloseConfirmation: false
21:58:08.354 [FXGL Background Thread 3 ] DEBUG Engine               - isDesktop: true
21:58:08.354 [FXGL Background Thread 3 ] DEBUG Engine               - isDeveloperMenuEnabled: false
21:58:08.354 [FXGL Background Thread 3 ] DEBUG Engine               - isEmbedded: false
21:58:08.354 [FXGL Background Thread 3 ] DEBUG Engine               - isEntityPreloadEnabled: true
21:58:08.354 [FXGL Background Thread 3 ] DEBUG Engine               - isExperimentalTiledLargeMap: false
21:58:08.354 [FXGL Background Thread 3 ] DEBUG Engine               - isFileSystemWriteAllowed: true
21:58:08.354 [FXGL Background Thread 3 ] DEBUG Engine               - isFullScreenAllowed: true
21:58:08.354 [FXGL Background Thread 3 ] DEBUG Engine               - isFullScreenFromStart: false
21:58:08.354 [FXGL Background Thread 3 ] DEBUG Engine               - isGameMenuEnabled: true
21:58:08.354 [FXGL Background Thread 3 ] DEBUG Engine               - isIOS: false
21:58:08.354 [FXGL Background Thread 3 ] DEBUG Engine               - isIntroEnabled: false
21:58:08.355 [FXGL Background Thread 3 ] DEBUG Engine               - isLinux: false
21:58:08.355 [FXGL Background Thread 3 ] DEBUG Engine               - isMac: false
21:58:08.355 [FXGL Background Thread 3 ] DEBUG Engine               - isMainMenuEnabled: false
21:58:08.355 [FXGL Background Thread 3 ] DEBUG Engine               - isManualResizeEnabled: true
21:58:08.355 [FXGL Background Thread 3 ] DEBUG Engine               - isMobile: false
21:58:08.355 [FXGL Background Thread 3 ] DEBUG Engine               - isNative: false
21:58:08.355 [FXGL Background Thread 3 ] DEBUG Engine               - isPauseMusicWhenMinimized: true
21:58:08.355 [FXGL Background Thread 3 ] DEBUG Engine               - isPreserveResizeRatio: false
21:58:08.355 [FXGL Background Thread 3 ] DEBUG Engine               - isProfilingEnabled: false
21:58:08.355 [FXGL Background Thread 3 ] DEBUG Engine               - isScaleAffectedOnResize: true
21:58:08.355 [FXGL Background Thread 3 ] DEBUG Engine               - isSingleStep: false
21:58:08.355 [FXGL Background Thread 3 ] DEBUG Engine               - isUserProfileEnabled: false
21:58:08.355 [FXGL Background Thread 3 ] DEBUG Engine               - isWindows: true
21:58:08.355 [FXGL Background Thread 3 ] DEBUG Engine               - language: ObjectProperty [value: ENGLISH]
21:58:08.355 [FXGL Background Thread 3 ] DEBUG Engine               - menuKey: ESCAPE
21:58:08.355 [FXGL Background Thread 3 ] DEBUG Engine               - mouseSensitivity: 0.2
21:58:08.355 [FXGL Background Thread 3 ] DEBUG Engine               - notificationViewClass: class com.almasb.fxgl.notification.view.XboxNotificationView
21:58:08.355 [FXGL Background Thread 3 ] DEBUG Engine               - pixelsPerMeter: 50.0
21:58:08.355 [FXGL Background Thread 3 ] DEBUG Engine               - platform: WINDOWS
21:58:08.355 [FXGL Background Thread 3 ] DEBUG Engine               - prefHeightProperty: ReadOnlyDoubleProperty [value: 800.0]
21:58:08.355 [FXGL Background Thread 3 ] DEBUG Engine               - prefWidthProperty: ReadOnlyDoubleProperty [value: 1280.0]
21:58:08.355 [FXGL Background Thread 3 ] DEBUG Engine               - profileDir: profiles/
21:58:08.356 [FXGL Background Thread 3 ] DEBUG Engine               - profileName: StringProperty [value: DEFAULT]
21:58:08.356 [FXGL Background Thread 3 ] DEBUG Engine               - randomSeed: -1
21:58:08.356 [FXGL Background Thread 3 ] DEBUG Engine               - runtimeInfo: RuntimeInfo(platform=WINDOWS, version=21.1, build=27.03.2024 07.52)
21:58:08.356 [FXGL Background Thread 3 ] DEBUG Engine               - saveFileExt: sav
21:58:08.356 [FXGL Background Thread 3 ] DEBUG Engine               - scaledHeightProp$fxgl: DoubleProperty [bound, value: 800.0]
21:58:08.356 [FXGL Background Thread 3 ] DEBUG Engine               - scaledWidthProp$fxgl: DoubleProperty [bound, value: 1280.0]
21:58:08.356 [FXGL Background Thread 3 ] DEBUG Engine               - sceneFactory: com.almasb.fxgl.app.scene.SceneFactory@5db16eaa
21:58:08.356 [FXGL Background Thread 3 ] DEBUG Engine               - secondsIn24h: 60
21:58:08.356 [FXGL Background Thread 3 ] DEBUG Engine               - soundMenuBack: menu/back.wav
21:58:08.356 [FXGL Background Thread 3 ] DEBUG Engine               - soundMenuPress: menu/press.wav
21:58:08.356 [FXGL Background Thread 3 ] DEBUG Engine               - soundMenuSelect: menu/select.wav
21:58:08.356 [FXGL Background Thread 3 ] DEBUG Engine               - soundNotification: core/notification.wav
21:58:08.356 [FXGL Background Thread 3 ] DEBUG Engine               - stageStyle: DECORATED
21:58:08.356 [FXGL Background Thread 3 ] DEBUG Engine               - supportedLanguages: [ENGLISH, FRENCH, GERMAN, HUNGARIAN, RUSSIAN]
21:58:08.357 [FXGL Background Thread 3 ] DEBUG Engine               - ticksPerSecond: -1
21:58:08.357 [FXGL Background Thread 3 ] DEBUG Engine               - title: Ghost Hunter
21:58:08.357 [FXGL Background Thread 3 ] DEBUG Engine               - urlGithub: https://github.com/AlmasB/FXGL
21:58:08.357 [FXGL Background Thread 3 ] DEBUG Engine               - urlLeaderboard: http://fxgl-top.herokuapp.com/
21:58:08.357 [FXGL Background Thread 3 ] DEBUG Engine               - urlPOM: https://raw.githubusercontent.com/AlmasB/FXGL/release/README.md
21:58:08.357 [FXGL Background Thread 3 ] DEBUG Engine               - userAppClass: class org.saikat.Game
21:58:08.357 [FXGL Background Thread 3 ] DEBUG Engine               - version: 1.0
21:58:08.357 [FXGL Background Thread 3 ] DEBUG Engine               - versionCheckDays: 7
21:58:08.357 [FXGL Background Thread 3 ] DEBUG Engine               - width: 1280
21:58:08.357 [FXGL Background Thread 3 ] DEBUG Engine               - Logging services
21:58:08.357 [FXGL Background Thread 3 ] DEBUG Engine               - class com.almasb.fxgl.app.services.FXGLAssetLoaderService
21:58:08.357 [FXGL Background Thread 3 ] DEBUG Engine               - class com.almasb.fxgl.app.FXGLApplication$GameApplicationService
21:58:08.357 [FXGL Background Thread 3 ] DEBUG Engine               - class com.almasb.fxgl.app.services.FXGLDialogService
21:58:08.357 [FXGL Background Thread 3 ] DEBUG Engine               - class com.almasb.fxgl.app.services.IOTaskExecutorService
21:58:08.357 [FXGL Background Thread 3 ] DEBUG Engine               - class com.almasb.fxgl.io.FileSystemService
21:58:08.357 [FXGL Background Thread 3 ] DEBUG Engine               - class com.almasb.fxgl.localization.LocalizationService
21:58:08.357 [FXGL Background Thread 3 ] DEBUG Engine               - class com.almasb.fxgl.app.services.SystemBundleService
21:58:08.357 [FXGL Background Thread 3 ] DEBUG Engine               - class com.almasb.fxgl.profile.SaveLoadService
21:58:08.357 [FXGL Background Thread 3 ] DEBUG Engine               - class com.almasb.fxgl.ui.FXGLUIFactoryServiceProvider
21:58:08.357 [FXGL Background Thread 3 ] DEBUG Engine               - class com.almasb.fxgl.ui.FXGLDialogFactoryServiceProvider
21:58:08.357 [FXGL Background Thread 3 ] DEBUG Engine               - class com.almasb.fxgl.audio.AudioPlayer
21:58:08.357 [FXGL Background Thread 3 ] DEBUG Engine               - class com.almasb.fxgl.notification.impl.NotificationServiceProvider
21:58:08.357 [FXGL Background Thread 3 ] DEBUG Engine               - class com.almasb.fxgl.achievement.AchievementService
21:58:08.357 [FXGL Background Thread 3 ] DEBUG Engine               - class com.almasb.fxgl.cutscene.CutsceneService
21:58:08.357 [FXGL Background Thread 3 ] DEBUG Engine               - class com.almasb.fxgl.minigames.MiniGameService
21:58:08.357 [FXGL Background Thread 3 ] DEBUG Engine               - class com.almasb.fxgl.net.NetService
21:58:08.357 [FXGL Background Thread 3 ] DEBUG Engine               - class com.almasb.fxgl.app.services.UpdaterService
21:58:08.357 [FXGL Background Thread 3 ] DEBUG Engine               - class com.almasb.fxgl.dev.DevService
21:58:11.206 [JavaFX Application Thread] DEBUG PrimaryStageWindow   - Pop state: DialogSubScene
21:58:11.206 [JavaFX Application Thread] DEBUG Input                - Clearing active input actions
21:58:11.206 [JavaFX Application Thread] DEBUG GameApplicationServi - Removing overlay from DialogSubScene and adding to GameScene
21:58:11.207 [JavaFX Application Thread] DEBUG PrimaryStageWindow   - GameScene <- DialogSubScene
21:58:11.207 [JavaFX Application Thread] DEBUG LoopRunner           - Resuming loop
21:58:11.212 [JavaFX Application Thread] DEBUG FXGLAssetLoaderServi - Loading from file system: file:/E:/All%20About%20Dev/OOP/FXGL%20new%20Begining/final%20version/Tower%20Defender/Tower-Defender/target/classes/assets/textures/wildfire.png
21:58:11.232 [JavaFX Application Thread] DEBUG FXGLAssetLoaderServi - Loading from file system: file:/E:/All%20About%20Dev/OOP/FXGL%20new%20Begining/final%20version/Tower%20Defender/Tower-Defender/target/classes/assets/textures/tank_bullet.png
21:58:13.053 [JavaFX Application Thread] DEBUG PrimaryStageWindow   - Push state: DialogSubScene
21:58:13.053 [JavaFX Application Thread] DEBUG Input                - Clearing active input actions
21:58:13.055 [JavaFX Application Thread] DEBUG GameApplicationServi - Removing overlay from GameScene and adding to DialogSubScene
21:58:13.055 [JavaFX Application Thread] DEBUG PrimaryStageWindow   - GameScene -> DialogSubScene
21:58:14.609 [JavaFX Application Thread] DEBUG PrimaryStageWindow   - Pop state: DialogSubScene
21:58:14.610 [JavaFX Application Thread] DEBUG Input                - Clearing active input actions
21:58:14.610 [JavaFX Application Thread] DEBUG GameApplicationServi - Removing overlay from DialogSubScene and adding to GameScene
21:58:14.610 [JavaFX Application Thread] DEBUG PrimaryStageWindow   - GameScene <- DialogSubScene
21:58:14.610 [JavaFX Application Thread] DEBUG LoopRunner           - Resuming loop
21:58:14.614 [JavaFX Application Thread] DEBUG FXGLAssetLoaderServi - Loading from file system: file:/E:/All%20About%20Dev/OOP/FXGL%20new%20Begining/final%20version/Tower%20Defender/Tower-Defender/target/classes/assets/textures/spell.png
21:58:16.472 [JavaFX Application Thread] DEBUG PrimaryStageWindow   - Push state: DialogSubScene
21:58:16.472 [JavaFX Application Thread] DEBUG Input                - Clearing active input actions
21:58:16.473 [JavaFX Application Thread] DEBUG GameApplicationServi - Removing overlay from GameScene and adding to DialogSubScene
21:58:16.473 [JavaFX Application Thread] DEBUG PrimaryStageWindow   - GameScene -> DialogSubScene
21:58:19.161 [JavaFX Application Thread] DEBUG PrimaryStageWindow   - Pop state: DialogSubScene
21:58:19.161 [JavaFX Application Thread] DEBUG Input                - Clearing active input actions
21:58:19.162 [JavaFX Application Thread] DEBUG GameApplicationServi - Removing overlay from DialogSubScene and adding to GameScene
21:58:19.162 [JavaFX Application Thread] DEBUG PrimaryStageWindow   - GameScene <- DialogSubScene
21:58:19.162 [JavaFX Application Thread] DEBUG LoopRunner           - Resuming loop
21:58:20.415 [JavaFX Application Thread] DEBUG PrimaryStageWindow   - Push state: DialogSubScene
21:58:20.415 [JavaFX Application Thread] DEBUG Input                - Clearing active input actions
21:58:20.416 [JavaFX Application Thread] DEBUG GameApplicationServi - Removing overlay from GameScene and adding to DialogSubScene
21:58:20.416 [JavaFX Application Thread] DEBUG PrimaryStageWindow   - GameScene -> DialogSubScene
21:58:22.204 [JavaFX Application Thread] DEBUG PrimaryStageWindow   - Pop state: DialogSubScene
21:58:22.204 [JavaFX Application Thread] DEBUG Input                - Clearing active input actions
21:58:22.206 [JavaFX Application Thread] DEBUG GameApplicationServi - Removing overlay from DialogSubScene and adding to GameScene
21:58:22.206 [JavaFX Application Thread] DEBUG PrimaryStageWindow   - GameScene <- DialogSubScene
21:58:22.206 [JavaFX Application Thread] DEBUG LoopRunner           - Resuming loop
21:58:24.142 [JavaFX Application Thread] DEBUG PrimaryStageWindow   - Push state: DialogSubScene
21:58:24.142 [JavaFX Application Thread] DEBUG Input                - Clearing active input actions
21:58:24.143 [JavaFX Application Thread] DEBUG GameApplicationServi - Removing overlay from GameScene and adding to DialogSubScene
21:58:24.143 [JavaFX Application Thread] DEBUG PrimaryStageWindow   - GameScene -> DialogSubScene
21:58:26.645 [JavaFX Application Thread] DEBUG PrimaryStageWindow   - Pop state: DialogSubScene
21:58:26.645 [JavaFX Application Thread] DEBUG Input                - Clearing active input actions
21:58:26.646 [JavaFX Application Thread] DEBUG GameApplicationServi - Removing overlay from DialogSubScene and adding to GameScene
21:58:26.646 [JavaFX Application Thread] DEBUG PrimaryStageWindow   - GameScene <- DialogSubScene
21:58:26.646 [JavaFX Application Thread] DEBUG LoopRunner           - Resuming loop
21:58:28.656 [JavaFX Application Thread] DEBUG PrimaryStageWindow   - Push state: DialogSubScene
21:58:28.657 [JavaFX Application Thread] DEBUG Input                - Clearing active input actions
21:58:28.658 [JavaFX Application Thread] DEBUG GameApplicationServi - Removing overlay from GameScene and adding to DialogSubScene
21:58:28.658 [JavaFX Application Thread] DEBUG PrimaryStageWindow   - GameScene -> DialogSubScene
21:58:31.836 [JavaFX Application Thread] DEBUG PrimaryStageWindow   - Pop state: DialogSubScene
21:58:31.836 [JavaFX Application Thread] DEBUG Input                - Clearing active input actions
21:58:31.837 [JavaFX Application Thread] DEBUG GameApplicationServi - Removing overlay from DialogSubScene and adding to GameScene
21:58:31.837 [JavaFX Application Thread] DEBUG PrimaryStageWindow   - GameScene <- DialogSubScene
21:58:31.837 [JavaFX Application Thread] DEBUG LoopRunner           - Resuming loop
21:58:50.338 [JavaFX Application Thread] WARN  GameWorld            - Attempted to remove entity which is not active
21:58:50.728 [JavaFX Application Thread] WARN  GameWorld            - Attempted to remove entity which is not active
21:58:50.736 [JavaFX Application Thread] WARN  GameWorld            - Attempted to remove entity which is not active
21:59:52.147 [JavaFX Application Thread] WARN  GameWorld            - Attempted to remove entity which is not active
22:00:08.087 [JavaFX Application Thread] WARN  GameWorld            - Attempted to remove entity which is not active
22:00:25.609 [JavaFX Application Thread] WARN  GameWorld            - Attempted to remove entity which is not active
22:00:28.123 [JavaFX Application Thread] WARN  GameWorld            - Attempted to remove entity which is not active
22:00:32.275 [JavaFX Application Thread] WARN  GameWorld            - Attempted to remove entity which is not active
22:00:42.516 [JavaFX Application Thread] WARN  GameWorld            - Attempted to remove entity which is not active
22:00:59.427 [JavaFX Application Thread] WARN  GameWorld            - Attempted to remove entity which is not active
22:01:01.447 [JavaFX Application Thread] DEBUG FXGLApplication      - Exiting FXGL
22:01:01.447 [JavaFX Application Thread] DEBUG LoopRunner           - Stopping loop
22:01:01.449 [JavaFX Application Thread] DEBUG SystemBundleService  - Saving FXGL system data
22:01:01.487 [JavaFX Application Thread] DEBUG FileSystemAccess     - Writing to: E:\All About Dev\OOP\FXGL new Begining\final version\Tower Defender\Tower-Defender\system\fxgl.bundle
22:01:01.502 [JavaFX Application Thread] DEBUG Async                - Shutting down background threads
22:01:01.503 [JavaFX Application Thread] DEBUG PrimaryStageWindow   - Closing main window
22:01:01.578 [JavaFX Application Thread] DEBUG Logger               - Closing Logger
