05:00:36.194 [main                     ] DEBUG Logger               - Configured Logger
05:00:36.223 [main                     ] DEBUG GameApplication      - Logging settings
Title: Ghost Hunter
Version: 1.0
Width: 1280
Height: 800
Fullscreen: true
Intro: false
Profiling: false
Single step:false
App Mode: DEVELOPER
Menu Key: ESCAPE
Stage Style: DECORATED
Scene Factory: class com.almasb.fxgl.app.scene.SceneFactory

05:00:36.995 [JavaFX Application Thread] DEBUG FXGLApplication      - Initializing FXGL
05:00:37.005 [JavaFX Application Thread] INFO  Engine               - FXGL-21.1 (27.03.2024 07.52) on WINDOWS (J:21.0.9 FX:21.0.1)
05:00:37.006 [JavaFX Application Thread] DEBUG Engine               - JRE Vendor Name: Oracle Corporation
05:00:37.006 [JavaFX Application Thread] DEBUG Engine               - Running on OS: Windows 11 version 10.0
05:00:37.006 [JavaFX Application Thread] DEBUG Engine               - Architecture: amd64
05:00:37.006 [JavaFX Application Thread] INFO  Engine               - Source code and latest versions at: https://github.com/AlmasB/FXGL
05:00:37.006 [JavaFX Application Thread] INFO  Engine               -       Ask questions and discuss at: https://github.com/AlmasB/FXGL/discussions
05:00:37.006 [JavaFX Application Thread] INFO  Engine               -              Join the FXGL chat at: https://gitter.im/AlmasB/FXGL
05:00:37.172 [JavaFX Application Thread] DEBUG PrimaryStageWindow   - Creating a JavaFX scene
05:00:37.242 [JavaFX Application Thread] DEBUG PrimaryStageWindow   - Target settings size: 1280.0 x 800.0
05:00:37.243 [JavaFX Application Thread] DEBUG PrimaryStageWindow   - Scaled scene size:    1280.0 x 800.0
05:00:37.243 [JavaFX Application Thread] DEBUG PrimaryStageWindow   - Scaled ratio: (1.0, 1.0)
05:00:37.244 [JavaFX Application Thread] DEBUG PrimaryStageWindow   - Set initial scene to FXGLStartupScene
05:00:37.247 [JavaFX Application Thread] DEBUG PrimaryStageWindow   - Opening main window
05:00:37.382 [JavaFX Application Thread] DEBUG PrimaryStageWindow   - Window border size: (14.4000244140625, 37.5999755859375)
05:00:37.382 [JavaFX Application Thread] DEBUG PrimaryStageWindow   - Scaled size: 1280.0 x 800.0
05:00:37.382 [JavaFX Application Thread] DEBUG PrimaryStageWindow   - Scaled ratio: (1.0, 1.0)
05:00:37.382 [JavaFX Application Thread] DEBUG PrimaryStageWindow   - Scene size: 1280.0 x 800.0
05:00:37.383 [JavaFX Application Thread] DEBUG PrimaryStageWindow   - Stage size: 1294.4000244140625 x 837.5999755859375
05:00:37.397 [FXGL Background Thread 1 ] DEBUG Engine               - Initializing environment variables
05:00:37.484 [FXGL Background Thread 1 ] DEBUG FXGLAssetLoaderServi - User app class for loading assets: class org.saikat.Game
05:00:37.484 [FXGL Background Thread 1 ] DEBUG GameApplicationServi - Applying CSS: fxgl_dark.css
05:00:37.485 [FXGL Background Thread 1 ] DEBUG FXGLAssetLoaderServi - Loading from file system: jar:file:/C:/Users/HP/.m2/repository/com/github/almasb/fxgl/21.1/fxgl-21.1.jar!/fxglassets/ui/css/fxgl_dark.css
05:00:37.526 [FXGL Background Thread 1 ] DEBUG GameApplicationServi - Initializing application scenes
05:00:37.590 [FXGL Background Thread 1 ] DEBUG GameWorld            - Game world initialized
05:00:37.682 [FXGL Background Thread 1 ] DEBUG PhysicsWorld         - Physics world initialized: appHeight=800, physics.ppm=50.0
05:00:37.682 [FXGL Background Thread 1 ] DEBUG PhysicsWorld         - Using strategy: BRUTE_FORCE
05:00:37.685 [FXGL Background Thread 1 ] DEBUG GameScene            - Game scene initialized: 1280x800
05:00:37.696 [FXGL Background Thread 1 ] DEBUG FXGL.DefaultMenu     - createMenuBodyMainMenu()
05:00:37.712 [FXGL Background Thread 1 ] DEBUG FXGL.DefaultMenu     - createOptionsMenu()
05:00:37.720 [FXGL Background Thread 1 ] DEBUG FXGLAssetLoaderServi - Loading from file system: jar:file:/C:/Users/HP/.m2/repository/com/github/almasb/fxgl/21.1/fxgl-21.1.jar!/fxglassets/textures/particles/smoke.png
05:00:37.844 [FXGL Background Thread 1 ] DEBUG FXGLAssetLoaderServi - Loading from file system: jar:file:/C:/Users/HP/.m2/repository/com/github/almasb/fxgl/21.1/fxgl-21.1.jar!/fxglassets/textures/particles/trace_horizontal.png
05:00:37.868 [FXGL Background Thread 1 ] DEBUG FXGL.DefaultMenu     - createMenuBodyGameMenu()
05:00:37.869 [FXGL Background Thread 1 ] DEBUG FXGL.DefaultMenu     - createOptionsMenu()
05:00:37.879 [FXGL Background Thread 1 ] DEBUG GameApplicationServi - Application scenes initialized
05:00:37.894 [FXGL Background Thread 1 ] DEBUG SystemBundleService  - Loading FXGL system data
05:00:37.900 [FXGL Background Thread 1 ] DEBUG FileSystemAccess     - Reading from: E:\All About Dev\OOP\FXGL new Begining\final version\Tower Defender\Tower-Defender\system\fxgl.bundle
05:00:37.913 [FXGL Background Thread 1 ] DEBUG SystemBundleService  - Bundle FXGL: {}
05:00:37.913 [FXGL Background Thread 1 ] DEBUG UpdaterService       - Checking for updates
05:00:37.919 [FXGL Background Thread 4 ] DEBUG FXGLApplication      - Loading fonts
05:00:37.920 [FXGL Background Thread 4 ] DEBUG FXGLAssetLoaderServi - Loading from file system: jar:file:/C:/Users/HP/.m2/repository/com/github/almasb/fxgl/21.1/fxgl-21.1.jar!/fxglassets/ui/fonts/VarelaRound-Regular.ttf
05:00:37.920 [FXGL Background Thread 1 ] DEBUG FXGLApplication      - Loading default localization
05:00:37.921 [FXGL Background Thread 1 ] DEBUG FXGLAssetLoaderServi - Loading from file system: jar:file:/C:/Users/HP/.m2/repository/com/github/almasb/fxgl/21.1/fxgl-21.1.jar!/fxglassets/languages/english.lang
05:00:37.953 [FXGL Background Thread 1 ] INFO  FXGLApplication      - FXGL initialization took: 0.557 sec
05:00:37.960 [JavaFX Application Thread] DEBUG Input                - Registered new binding: add tower - LMB
05:00:37.960 [JavaFX Application Thread] DEBUG Input                - Registered new binding: remove tower - RMB
05:00:37.961 [JavaFX Application Thread] DEBUG FXGLAssetLoaderServi - Loading from file system: jar:file:/C:/Users/HP/.m2/repository/com/github/almasb/fxgl/21.1/fxgl-21.1.jar!/fxglassets/textures/fxgl_icon.png
05:00:37.984 [JavaFX Application Thread] DEBUG FXGLAssetLoaderServi - Loading from file system: jar:file:/C:/Users/HP/.m2/repository/com/github/almasb/fxgl/21.1/fxgl-21.1.jar!/fxglassets/textures/fxgl_default_cursor.png
05:00:37.996 [JavaFX Application Thread] DEBUG Input                - Registered new binding: Screenshot - CTRL+8
05:00:37.997 [JavaFX Application Thread] DEBUG Input                - Registered new binding: System info dump - CTRL+9
05:00:37.997 [JavaFX Application Thread] DEBUG Input                - Registered new binding: Restart - CTRL+R
05:00:37.998 [JavaFX Application Thread] DEBUG Input                - Registered new binding: Toggle Debug Camera - CTRL+7
05:00:38.003 [JavaFX Application Thread] DEBUG LoopRunner           - Starting loop
05:00:38.003 [JavaFX Application Thread] DEBUG LoopRunner           - Initializing JavaFX AnimationTimerLoop
05:00:38.008 [JavaFX Application Thread] DEBUG Input                - Clearing active input actions
05:00:38.017 [JavaFX Application Thread] DEBUG GameApplicationServi - Removing overlay from FXGLStartupScene and adding to FXGLMainMenuDummyScene
05:00:38.018 [JavaFX Application Thread] DEBUG PrimaryStageWindow   - FXGLStartupScene -> FXGLMainMenuDummyScene
05:00:38.018 [JavaFX Application Thread] DEBUG PrimaryStageWindow   - Push state: FXGLDefaultMenu
05:00:38.027 [JavaFX Application Thread] DEBUG Input                - Clearing active input actions
05:00:38.047 [JavaFX Application Thread] DEBUG GameApplicationServi - Removing overlay from FXGLMainMenuDummyScene and adding to FXGLDefaultMenu
05:00:38.047 [JavaFX Application Thread] DEBUG PrimaryStageWindow   - FXGLMainMenuDummyScene -> FXGLDefaultMenu
05:00:38.112 [FXGL Background Thread 4 ] DEBUG FXGLAssetLoaderServi - Loading from file system: jar:file:/C:/Users/HP/.m2/repository/com/github/almasb/fxgl/21.1/fxgl-21.1.jar!/fxglassets/ui/fonts/Abel-Regular.ttf
05:00:38.118 [FXGL Background Thread 4 ] DEBUG FXGLAssetLoaderServi - Loading from file system: jar:file:/C:/Users/HP/.m2/repository/com/github/almasb/fxgl/21.1/fxgl-21.1.jar!/fxglassets/ui/fonts/TerminalLandMono-Regular.otf
05:00:38.125 [FXGL Background Thread 4 ] DEBUG FXGLAssetLoaderServi - Loading from file system: jar:file:/C:/Users/HP/.m2/repository/com/github/almasb/fxgl/21.1/fxgl-21.1.jar!/fxglassets/ui/fonts/Courier-Prime.ttf
05:00:38.198 [JavaFX Application Thread] DEBUG FXGLApplication      - Registering font factories with UI factory
05:00:38.741 [FXGL Background Thread 2 ] INFO  UpdaterService       - Your current version:  21.1
05:00:38.741 [FXGL Background Thread 2 ] INFO  UpdaterService       - Latest stable version: 25
05:00:40.252 [JavaFX Application Thread] DEBUG Menu                 - fireNewGame()
05:00:40.252 [JavaFX Application Thread] DEBUG GameApplicationServi - Starting new game
05:00:40.256 [JavaFX Application Thread] DEBUG PrimaryStageWindow   - Pop state: FXGLDefaultMenu
05:00:40.256 [JavaFX Application Thread] DEBUG Input                - Clearing active input actions
05:00:40.257 [JavaFX Application Thread] DEBUG GameApplicationServi - Removing overlay from FXGLDefaultMenu and adding to FXGLMainMenuDummyScene
05:00:40.258 [JavaFX Application Thread] DEBUG PrimaryStageWindow   - FXGLMainMenuDummyScene <- FXGLDefaultMenu
05:00:40.258 [JavaFX Application Thread] DEBUG Input                - Clearing active input actions
05:00:40.265 [JavaFX Application Thread] DEBUG GameApplicationServi - Removing overlay from FXGLMainMenuDummyScene and adding to FXGLLoadingScene
05:00:40.265 [JavaFX Application Thread] DEBUG PrimaryStageWindow   - FXGLMainMenuDummyScene -> FXGLLoadingScene
05:00:40.265 [JavaFX Application Thread] DEBUG GameApplicationServi - Clearing previous game
05:00:40.265 [JavaFX Application Thread] DEBUG GameScene            - Clearing game scene
05:00:40.265 [JavaFX Application Thread] DEBUG GameWorld            - Clearing game world
05:00:40.265 [JavaFX Application Thread] DEBUG PhysicsWorld         - Clearing physics world
05:00:40.268 [FXGL Background Thread 2 ] DEBUG FXGLApplication      - Initializing game
05:00:40.380 [FXGL Background Thread 2 ] WARN  TMXLevelLoader       - TiledMap generated from 1.12.2. Supported version: 1.9.0. Some features may not be parsed fully.
05:00:40.397 [FXGL Background Thread 2 ] DEBUG TMXLevelLoader       - Parsed TiledMap: file:/E:/All%20About%20Dev/OOP/FXGL%20new%20Begining/final%20version/Tower%20Defender/Tower-Defender/target/classes/assets/levels/wall.tmx
05:00:40.400 [FXGL Background Thread 2 ] DEBUG TMXLevelLoader       - Creating tile layer entities
05:00:40.404 [FXGL Background Thread 2 ] DEBUG TilesetLoader        - Loading view for layer icons
05:00:40.406 [FXGL Background Thread 2 ] DEBUG TilesetLoader        - Created buffer with size 1280.0x800.0
05:00:40.422 [FXGL Background Thread 2 ] DEBUG TilesetLoader        - Loading view for layer background
05:00:40.426 [FXGL Background Thread 2 ] DEBUG TilesetLoader        - Created buffer with size 1280.0x800.0
05:00:40.493 [FXGL Background Thread 2 ] DEBUG TilesetLoader        - Loading view for layer tower spot layer
05:00:40.494 [FXGL Background Thread 2 ] DEBUG TilesetLoader        - Created buffer with size 1280.0x800.0
05:00:40.513 [FXGL Background Thread 2 ] DEBUG TilesetLoader        - Loading view for layer Road
05:00:40.515 [FXGL Background Thread 2 ] DEBUG TilesetLoader        - Created buffer with size 1280.0x800.0
05:00:40.516 [FXGL Background Thread 2 ] DEBUG TilesetLoader        - Loading view for layer road2
05:00:40.517 [FXGL Background Thread 2 ] DEBUG TilesetLoader        - Created buffer with size 1280.0x800.0
05:00:40.518 [FXGL Background Thread 2 ] WARN  TilesetLoader        - Diagonally flipped tiles are not currently supported
05:00:40.519 [FXGL Background Thread 2 ] WARN  TilesetLoader        - Diagonally flipped tiles are not currently supported
05:00:40.529 [FXGL Background Thread 2 ] WARN  TilesetLoader        - Diagonally flipped tiles are not currently supported
05:00:40.529 [FXGL Background Thread 2 ] WARN  TilesetLoader        - Diagonally flipped tiles are not currently supported
05:00:40.530 [FXGL Background Thread 2 ] WARN  TilesetLoader        - Diagonally flipped tiles are not currently supported
05:00:40.530 [FXGL Background Thread 2 ] WARN  TilesetLoader        - Diagonally flipped tiles are not currently supported
05:00:40.530 [FXGL Background Thread 2 ] WARN  TilesetLoader        - Diagonally flipped tiles are not currently supported
05:00:40.530 [FXGL Background Thread 2 ] WARN  TilesetLoader        - Diagonally flipped tiles are not currently supported
05:00:40.531 [FXGL Background Thread 2 ] WARN  TilesetLoader        - Diagonally flipped tiles are not currently supported
05:00:40.531 [FXGL Background Thread 2 ] WARN  TilesetLoader        - Diagonally flipped tiles are not currently supported
05:00:40.531 [FXGL Background Thread 2 ] WARN  TilesetLoader        - Diagonally flipped tiles are not currently supported
05:00:40.531 [FXGL Background Thread 2 ] WARN  TilesetLoader        - Diagonally flipped tiles are not currently supported
05:00:40.532 [FXGL Background Thread 2 ] WARN  TilesetLoader        - Diagonally flipped tiles are not currently supported
05:00:40.532 [FXGL Background Thread 2 ] WARN  TilesetLoader        - Diagonally flipped tiles are not currently supported
05:00:40.532 [FXGL Background Thread 2 ] WARN  TilesetLoader        - Diagonally flipped tiles are not currently supported
05:00:40.532 [FXGL Background Thread 2 ] WARN  TilesetLoader        - Diagonally flipped tiles are not currently supported
05:00:40.533 [FXGL Background Thread 2 ] WARN  TilesetLoader        - Diagonally flipped tiles are not currently supported
05:00:40.533 [FXGL Background Thread 2 ] WARN  TilesetLoader        - Diagonally flipped tiles are not currently supported
05:00:40.533 [FXGL Background Thread 2 ] WARN  TilesetLoader        - Diagonally flipped tiles are not currently supported
05:00:40.533 [FXGL Background Thread 2 ] WARN  TilesetLoader        - Diagonally flipped tiles are not currently supported
05:00:40.533 [FXGL Background Thread 2 ] WARN  TilesetLoader        - Diagonally flipped tiles are not currently supported
05:00:40.534 [FXGL Background Thread 2 ] WARN  TilesetLoader        - Diagonally flipped tiles are not currently supported
05:00:40.534 [FXGL Background Thread 2 ] WARN  TilesetLoader        - Diagonally flipped tiles are not currently supported
05:00:40.534 [FXGL Background Thread 2 ] WARN  TilesetLoader        - Diagonally flipped tiles are not currently supported
05:00:40.534 [FXGL Background Thread 2 ] WARN  TilesetLoader        - Diagonally flipped tiles are not currently supported
05:00:40.535 [FXGL Background Thread 2 ] WARN  TilesetLoader        - Diagonally flipped tiles are not currently supported
05:00:40.535 [FXGL Background Thread 2 ] WARN  TilesetLoader        - Diagonally flipped tiles are not currently supported
05:00:40.535 [FXGL Background Thread 2 ] WARN  TilesetLoader        - Diagonally flipped tiles are not currently supported
05:00:40.535 [FXGL Background Thread 2 ] WARN  TilesetLoader        - Diagonally flipped tiles are not currently supported
05:00:40.535 [FXGL Background Thread 2 ] WARN  TilesetLoader        - Diagonally flipped tiles are not currently supported
05:00:40.536 [FXGL Background Thread 2 ] WARN  TilesetLoader        - Diagonally flipped tiles are not currently supported
05:00:40.536 [FXGL Background Thread 2 ] WARN  TilesetLoader        - Diagonally flipped tiles are not currently supported
05:00:40.537 [FXGL Background Thread 2 ] WARN  TilesetLoader        - Diagonally flipped tiles are not currently supported
05:00:40.537 [FXGL Background Thread 2 ] WARN  TilesetLoader        - Diagonally flipped tiles are not currently supported
05:00:40.537 [FXGL Background Thread 2 ] WARN  TilesetLoader        - Diagonally flipped tiles are not currently supported
05:00:40.538 [FXGL Background Thread 2 ] WARN  TilesetLoader        - Diagonally flipped tiles are not currently supported
05:00:40.538 [FXGL Background Thread 2 ] WARN  TilesetLoader        - Diagonally flipped tiles are not currently supported
05:00:40.539 [FXGL Background Thread 2 ] WARN  TilesetLoader        - Diagonally flipped tiles are not currently supported
05:00:40.539 [FXGL Background Thread 2 ] WARN  TilesetLoader        - Diagonally flipped tiles are not currently supported
05:00:40.539 [FXGL Background Thread 2 ] WARN  TilesetLoader        - Diagonally flipped tiles are not currently supported
05:00:40.540 [FXGL Background Thread 2 ] WARN  TilesetLoader        - Diagonally flipped tiles are not currently supported
05:00:40.540 [FXGL Background Thread 2 ] WARN  TilesetLoader        - Diagonally flipped tiles are not currently supported
05:00:40.540 [FXGL Background Thread 2 ] WARN  TilesetLoader        - Diagonally flipped tiles are not currently supported
05:00:40.540 [FXGL Background Thread 2 ] WARN  TilesetLoader        - Diagonally flipped tiles are not currently supported
05:00:40.540 [FXGL Background Thread 2 ] WARN  TilesetLoader        - Diagonally flipped tiles are not currently supported
05:00:40.541 [FXGL Background Thread 2 ] WARN  TilesetLoader        - Diagonally flipped tiles are not currently supported
05:00:40.541 [FXGL Background Thread 2 ] WARN  TilesetLoader        - Diagonally flipped tiles are not currently supported
05:00:40.541 [FXGL Background Thread 2 ] WARN  TilesetLoader        - Diagonally flipped tiles are not currently supported
05:00:40.541 [FXGL Background Thread 2 ] WARN  TilesetLoader        - Diagonally flipped tiles are not currently supported
05:00:40.541 [FXGL Background Thread 2 ] WARN  TilesetLoader        - Diagonally flipped tiles are not currently supported
05:00:40.542 [FXGL Background Thread 2 ] WARN  TilesetLoader        - Diagonally flipped tiles are not currently supported
05:00:40.542 [FXGL Background Thread 2 ] WARN  TilesetLoader        - Diagonally flipped tiles are not currently supported
05:00:40.542 [FXGL Background Thread 2 ] WARN  TilesetLoader        - Diagonally flipped tiles are not currently supported
05:00:40.542 [FXGL Background Thread 2 ] WARN  TilesetLoader        - Diagonally flipped tiles are not currently supported
05:00:40.543 [FXGL Background Thread 2 ] WARN  TilesetLoader        - Diagonally flipped tiles are not currently supported
05:00:40.543 [FXGL Background Thread 2 ] WARN  TilesetLoader        - Diagonally flipped tiles are not currently supported
05:00:40.543 [FXGL Background Thread 2 ] WARN  TilesetLoader        - Diagonally flipped tiles are not currently supported
05:00:40.543 [FXGL Background Thread 2 ] WARN  TilesetLoader        - Diagonally flipped tiles are not currently supported
05:00:40.543 [FXGL Background Thread 2 ] WARN  TilesetLoader        - Diagonally flipped tiles are not currently supported
05:00:40.543 [FXGL Background Thread 2 ] WARN  TilesetLoader        - Diagonally flipped tiles are not currently supported
05:00:40.544 [FXGL Background Thread 2 ] WARN  TilesetLoader        - Diagonally flipped tiles are not currently supported
05:00:40.544 [FXGL Background Thread 2 ] WARN  TilesetLoader        - Diagonally flipped tiles are not currently supported
05:00:40.545 [FXGL Background Thread 2 ] WARN  TilesetLoader        - Diagonally flipped tiles are not currently supported
05:00:40.545 [FXGL Background Thread 2 ] WARN  TilesetLoader        - Diagonally flipped tiles are not currently supported
05:00:40.545 [FXGL Background Thread 2 ] WARN  TilesetLoader        - Diagonally flipped tiles are not currently supported
05:00:40.546 [FXGL Background Thread 2 ] WARN  TilesetLoader        - Diagonally flipped tiles are not currently supported
05:00:40.546 [FXGL Background Thread 2 ] WARN  TilesetLoader        - Diagonally flipped tiles are not currently supported
05:00:40.546 [FXGL Background Thread 2 ] WARN  TilesetLoader        - Diagonally flipped tiles are not currently supported
05:00:40.547 [FXGL Background Thread 2 ] WARN  TilesetLoader        - Diagonally flipped tiles are not currently supported
05:00:40.547 [FXGL Background Thread 2 ] WARN  TilesetLoader        - Diagonally flipped tiles are not currently supported
05:00:40.547 [FXGL Background Thread 2 ] WARN  TilesetLoader        - Diagonally flipped tiles are not currently supported
05:00:40.548 [FXGL Background Thread 2 ] WARN  TilesetLoader        - Diagonally flipped tiles are not currently supported
05:00:40.548 [FXGL Background Thread 2 ] WARN  TilesetLoader        - Diagonally flipped tiles are not currently supported
05:00:40.549 [FXGL Background Thread 2 ] WARN  TilesetLoader        - Diagonally flipped tiles are not currently supported
05:00:40.550 [FXGL Background Thread 2 ] WARN  TilesetLoader        - Diagonally flipped tiles are not currently supported
05:00:40.550 [FXGL Background Thread 2 ] WARN  TilesetLoader        - Diagonally flipped tiles are not currently supported
05:00:40.551 [FXGL Background Thread 2 ] WARN  TilesetLoader        - Diagonally flipped tiles are not currently supported
05:00:40.551 [FXGL Background Thread 2 ] WARN  TilesetLoader        - Diagonally flipped tiles are not currently supported
05:00:40.552 [FXGL Background Thread 2 ] WARN  TilesetLoader        - Diagonally flipped tiles are not currently supported
05:00:40.553 [FXGL Background Thread 2 ] WARN  TilesetLoader        - Diagonally flipped tiles are not currently supported
05:00:40.553 [FXGL Background Thread 2 ] WARN  TilesetLoader        - Diagonally flipped tiles are not currently supported
05:00:40.553 [FXGL Background Thread 2 ] WARN  TilesetLoader        - Diagonally flipped tiles are not currently supported
05:00:40.554 [FXGL Background Thread 2 ] WARN  TilesetLoader        - Diagonally flipped tiles are not currently supported
05:00:40.554 [FXGL Background Thread 2 ] WARN  TilesetLoader        - Diagonally flipped tiles are not currently supported
05:00:40.555 [FXGL Background Thread 2 ] WARN  TilesetLoader        - Diagonally flipped tiles are not currently supported
05:00:40.555 [FXGL Background Thread 2 ] WARN  TilesetLoader        - Diagonally flipped tiles are not currently supported
05:00:40.555 [FXGL Background Thread 2 ] WARN  TilesetLoader        - Diagonally flipped tiles are not currently supported
05:00:40.555 [FXGL Background Thread 2 ] WARN  TilesetLoader        - Diagonally flipped tiles are not currently supported
05:00:40.556 [FXGL Background Thread 2 ] WARN  TilesetLoader        - Diagonally flipped tiles are not currently supported
05:00:40.556 [FXGL Background Thread 2 ] WARN  TilesetLoader        - Diagonally flipped tiles are not currently supported
05:00:40.556 [FXGL Background Thread 2 ] WARN  TilesetLoader        - Diagonally flipped tiles are not currently supported
05:00:40.557 [FXGL Background Thread 2 ] WARN  TilesetLoader        - Diagonally flipped tiles are not currently supported
05:00:40.557 [FXGL Background Thread 2 ] WARN  TilesetLoader        - Diagonally flipped tiles are not currently supported
05:00:40.557 [FXGL Background Thread 2 ] WARN  TilesetLoader        - Diagonally flipped tiles are not currently supported
05:00:40.561 [FXGL Background Thread 2 ] WARN  TilesetLoader        - Diagonally flipped tiles are not currently supported
05:00:40.561 [FXGL Background Thread 2 ] WARN  TilesetLoader        - Diagonally flipped tiles are not currently supported
05:00:40.562 [FXGL Background Thread 2 ] WARN  TilesetLoader        - Diagonally flipped tiles are not currently supported
05:00:40.562 [FXGL Background Thread 2 ] WARN  TilesetLoader        - Diagonally flipped tiles are not currently supported
05:00:40.563 [FXGL Background Thread 2 ] WARN  TilesetLoader        - Diagonally flipped tiles are not currently supported
05:00:40.563 [FXGL Background Thread 2 ] WARN  TilesetLoader        - Diagonally flipped tiles are not currently supported
05:00:40.563 [FXGL Background Thread 2 ] WARN  TilesetLoader        - Diagonally flipped tiles are not currently supported
05:00:40.564 [FXGL Background Thread 2 ] WARN  TilesetLoader        - Diagonally flipped tiles are not currently supported
05:00:40.564 [FXGL Background Thread 2 ] WARN  TilesetLoader        - Diagonally flipped tiles are not currently supported
05:00:40.564 [FXGL Background Thread 2 ] WARN  TilesetLoader        - Diagonally flipped tiles are not currently supported
05:00:40.565 [FXGL Background Thread 2 ] WARN  TilesetLoader        - Diagonally flipped tiles are not currently supported
05:00:40.565 [FXGL Background Thread 2 ] WARN  TilesetLoader        - Diagonally flipped tiles are not currently supported
05:00:40.566 [FXGL Background Thread 2 ] WARN  TilesetLoader        - Diagonally flipped tiles are not currently supported
05:00:40.566 [FXGL Background Thread 2 ] WARN  TilesetLoader        - Diagonally flipped tiles are not currently supported
05:00:40.566 [FXGL Background Thread 2 ] WARN  TilesetLoader        - Diagonally flipped tiles are not currently supported
05:00:40.566 [FXGL Background Thread 2 ] WARN  TilesetLoader        - Diagonally flipped tiles are not currently supported
05:00:40.567 [FXGL Background Thread 2 ] WARN  TilesetLoader        - Diagonally flipped tiles are not currently supported
05:00:40.567 [FXGL Background Thread 2 ] WARN  TilesetLoader        - Diagonally flipped tiles are not currently supported
05:00:40.567 [FXGL Background Thread 2 ] WARN  TilesetLoader        - Diagonally flipped tiles are not currently supported
05:00:40.568 [FXGL Background Thread 2 ] WARN  TilesetLoader        - Diagonally flipped tiles are not currently supported
05:00:40.568 [FXGL Background Thread 2 ] WARN  TilesetLoader        - Diagonally flipped tiles are not currently supported
05:00:40.568 [FXGL Background Thread 2 ] WARN  TilesetLoader        - Diagonally flipped tiles are not currently supported
05:00:40.568 [FXGL Background Thread 2 ] WARN  TilesetLoader        - Diagonally flipped tiles are not currently supported
05:00:40.569 [FXGL Background Thread 2 ] WARN  TilesetLoader        - Diagonally flipped tiles are not currently supported
05:00:40.569 [FXGL Background Thread 2 ] WARN  TilesetLoader        - Diagonally flipped tiles are not currently supported
05:00:40.570 [FXGL Background Thread 2 ] WARN  TilesetLoader        - Diagonally flipped tiles are not currently supported
05:00:40.570 [FXGL Background Thread 2 ] WARN  TilesetLoader        - Diagonally flipped tiles are not currently supported
05:00:40.570 [FXGL Background Thread 2 ] WARN  TilesetLoader        - Diagonally flipped tiles are not currently supported
05:00:40.570 [FXGL Background Thread 2 ] WARN  TilesetLoader        - Diagonally flipped tiles are not currently supported
05:00:40.571 [FXGL Background Thread 2 ] WARN  TilesetLoader        - Diagonally flipped tiles are not currently supported
05:00:40.571 [FXGL Background Thread 2 ] WARN  TilesetLoader        - Diagonally flipped tiles are not currently supported
05:00:40.571 [FXGL Background Thread 2 ] WARN  TilesetLoader        - Diagonally flipped tiles are not currently supported
05:00:40.572 [FXGL Background Thread 2 ] WARN  TilesetLoader        - Diagonally flipped tiles are not currently supported
05:00:40.572 [FXGL Background Thread 2 ] WARN  TilesetLoader        - Diagonally flipped tiles are not currently supported
05:00:40.573 [FXGL Background Thread 2 ] WARN  TilesetLoader        - Diagonally flipped tiles are not currently supported
05:00:40.573 [FXGL Background Thread 2 ] WARN  TilesetLoader        - Diagonally flipped tiles are not currently supported
05:00:40.573 [FXGL Background Thread 2 ] WARN  TilesetLoader        - Diagonally flipped tiles are not currently supported
05:00:40.574 [FXGL Background Thread 2 ] WARN  TilesetLoader        - Diagonally flipped tiles are not currently supported
05:00:40.574 [FXGL Background Thread 2 ] WARN  TilesetLoader        - Diagonally flipped tiles are not currently supported
05:00:40.575 [FXGL Background Thread 2 ] WARN  TilesetLoader        - Diagonally flipped tiles are not currently supported
05:00:40.575 [FXGL Background Thread 2 ] WARN  TilesetLoader        - Diagonally flipped tiles are not currently supported
05:00:40.576 [FXGL Background Thread 2 ] WARN  TilesetLoader        - Diagonally flipped tiles are not currently supported
05:00:40.577 [FXGL Background Thread 2 ] WARN  TilesetLoader        - Diagonally flipped tiles are not currently supported
05:00:40.577 [FXGL Background Thread 2 ] WARN  TilesetLoader        - Diagonally flipped tiles are not currently supported
05:00:40.578 [FXGL Background Thread 2 ] WARN  TilesetLoader        - Diagonally flipped tiles are not currently supported
05:00:40.578 [FXGL Background Thread 2 ] WARN  TilesetLoader        - Diagonally flipped tiles are not currently supported
05:00:40.578 [FXGL Background Thread 2 ] WARN  TilesetLoader        - Diagonally flipped tiles are not currently supported
05:00:40.579 [FXGL Background Thread 2 ] WARN  TilesetLoader        - Diagonally flipped tiles are not currently supported
05:00:40.579 [FXGL Background Thread 2 ] WARN  TilesetLoader        - Diagonally flipped tiles are not currently supported
05:00:40.579 [FXGL Background Thread 2 ] WARN  TilesetLoader        - Diagonally flipped tiles are not currently supported
05:00:40.580 [FXGL Background Thread 2 ] WARN  TilesetLoader        - Diagonally flipped tiles are not currently supported
05:00:40.580 [FXGL Background Thread 2 ] WARN  TilesetLoader        - Diagonally flipped tiles are not currently supported
05:00:40.580 [FXGL Background Thread 2 ] WARN  TilesetLoader        - Diagonally flipped tiles are not currently supported
05:00:40.580 [FXGL Background Thread 2 ] WARN  TilesetLoader        - Diagonally flipped tiles are not currently supported
05:00:40.580 [FXGL Background Thread 2 ] WARN  TilesetLoader        - Diagonally flipped tiles are not currently supported
05:00:40.581 [FXGL Background Thread 2 ] DEBUG TilesetLoader        - Loading view for layer road3
05:00:40.583 [FXGL Background Thread 2 ] DEBUG TilesetLoader        - Created buffer with size 1280.0x800.0
05:00:40.585 [FXGL Background Thread 2 ] DEBUG TilesetLoader        - Loading view for layer bg2
05:00:40.586 [FXGL Background Thread 2 ] DEBUG TilesetLoader        - Created buffer with size 1280.0x800.0
05:00:40.594 [FXGL Background Thread 2 ] WARN  TilesetLoader        - Diagonally flipped tiles are not currently supported
05:00:40.595 [FXGL Background Thread 2 ] WARN  TilesetLoader        - Diagonally flipped tiles are not currently supported
05:00:40.596 [FXGL Background Thread 2 ] WARN  TilesetLoader        - Diagonally flipped tiles are not currently supported
05:00:40.596 [FXGL Background Thread 2 ] WARN  TilesetLoader        - Diagonally flipped tiles are not currently supported
05:00:40.597 [FXGL Background Thread 2 ] WARN  TilesetLoader        - Diagonally flipped tiles are not currently supported
05:00:40.598 [FXGL Background Thread 2 ] WARN  TilesetLoader        - Diagonally flipped tiles are not currently supported
05:00:40.598 [FXGL Background Thread 2 ] WARN  TilesetLoader        - Diagonally flipped tiles are not currently supported
05:00:40.603 [FXGL Background Thread 2 ] DEBUG TilesetLoader        - Loading view for layer temp
05:00:40.604 [FXGL Background Thread 2 ] DEBUG TilesetLoader        - Created buffer with size 1280.0x800.0
05:00:40.604 [FXGL Background Thread 2 ] DEBUG TMXLevelLoader       - Creating object layer entities
05:00:40.623 [FXGL Background Thread 2 ] DEBUG GameWorld            - Clearing removable entities
05:00:40.625 [FXGL Background Thread 2 ] DEBUG GameWorld            - Setting level: com.almasb.fxgl.entity.level.Level@23fcd0bc
05:00:40.631 [FXGL Background Thread 2 ] DEBUG FXGLAssetLoaderServi - Loading from file system: file:/E:/All%20About%20Dev/OOP/FXGL%20new%20Begining/final%20version/Tower%20Defender/Tower-Defender/target/classes/assets/textures/life.png
05:00:40.634 [FXGL Background Thread 2 ] DEBUG FXGLAssetLoaderServi - Loading from file system: file:/E:/All%20About%20Dev/OOP/FXGL%20new%20Begining/final%20version/Tower%20Defender/Tower-Defender/target/classes/assets/textures/skull.png
05:00:40.647 [FXGL Background Thread 2 ] INFO  FXGLApplication      - Game initialization took: 0.378 sec
05:00:40.649 [JavaFX Application Thread] DEBUG Input                - Clearing active input actions
05:00:40.655 [JavaFX Application Thread] DEBUG GameApplicationServi - Removing overlay from FXGLLoadingScene and adding to GameScene
05:00:40.655 [JavaFX Application Thread] DEBUG PrimaryStageWindow   - FXGLLoadingScene -> GameScene
05:00:40.668 [JavaFX Application Thread] DEBUG FXGLAssetLoaderServi - Loading from file system: file:/E:/All%20About%20Dev/OOP/FXGL%20new%20Begining/final%20version/Tower%20Defender/Tower-Defender/target/classes/assets/textures/goblin.png
05:00:40.918 [FXGL Background Thread 3 ] DEBUG Engine               - Logging environment variables
05:00:40.918 [FXGL Background Thread 3 ] DEBUG Engine               - achievements: []
05:00:40.918 [FXGL Background Thread 3 ] DEBUG Engine               - actualHeight: 800.0
05:00:40.918 [FXGL Background Thread 3 ] DEBUG Engine               - actualHeightProperty: ReadOnlyDoubleProperty [value: 800.0]
05:00:40.918 [FXGL Background Thread 3 ] DEBUG Engine               - actualWidth: 1280.0
05:00:40.918 [FXGL Background Thread 3 ] DEBUG Engine               - actualWidthProperty: ReadOnlyDoubleProperty [value: 1280.0]
05:00:40.918 [FXGL Background Thread 3 ] DEBUG Engine               - appIcon: fxgl_icon.png
05:00:40.918 [FXGL Background Thread 3 ] DEBUG Engine               - applicationMode: DEVELOPER
05:00:40.918 [FXGL Background Thread 3 ] DEBUG Engine               - cSSList: [fxgl_dark.css]
05:00:40.918 [FXGL Background Thread 3 ] DEBUG Engine               - collisionDetectionStrategy: BRUTE_FORCE
05:00:40.918 [FXGL Background Thread 3 ] DEBUG Engine               - configClass: Optional.empty
05:00:40.918 [FXGL Background Thread 3 ] DEBUG Engine               - credits: []
05:00:40.918 [FXGL Background Thread 3 ] DEBUG Engine               - defaultCursor: CursorInfo(imageName=fxgl_default_cursor.png, hotspotX=7.0, hotspotY=6.0)
05:00:40.919 [FXGL Background Thread 3 ] DEBUG Engine               - devBBoxColorProperty: ObjectProperty [value: 0xff0000ff]
05:00:40.919 [FXGL Background Thread 3 ] DEBUG Engine               - devEnableDebugCameraProperty: BooleanProperty [value: false]
05:00:40.919 [FXGL Background Thread 3 ] DEBUG Engine               - devSensorColorProperty: ObjectProperty [value: 0xffff00ff]
05:00:40.919 [FXGL Background Thread 3 ] DEBUG Engine               - devShowBBoxProperty: BooleanProperty [value: false]
05:00:40.919 [FXGL Background Thread 3 ] DEBUG Engine               - devShowPositionProperty: BooleanProperty [value: false]
05:00:40.919 [FXGL Background Thread 3 ] DEBUG Engine               - enabledMenuItems: []
05:00:40.919 [FXGL Background Thread 3 ] DEBUG Engine               - engineServices: [class com.almasb.fxgl.app.services.FXGLAssetLoaderService, class com.almasb.fxgl.app.FXGLApplication$GameApplicationService, class com.almasb.fxgl.app.services.FXGLDialogService, class com.almasb.fxgl.app.services.IOTaskExecutorService, class com.almasb.fxgl.io.FileSystemService, class com.almasb.fxgl.localization.LocalizationService, class com.almasb.fxgl.app.services.SystemBundleService, class com.almasb.fxgl.profile.SaveLoadService, class com.almasb.fxgl.ui.FXGLUIFactoryServiceProvider, class com.almasb.fxgl.ui.FXGLDialogFactoryServiceProvider, class com.almasb.fxgl.audio.AudioPlayer, class com.almasb.fxgl.notification.impl.NotificationServiceProvider, class com.almasb.fxgl.achievement.AchievementService, class com.almasb.fxgl.cutscene.CutsceneService, class com.almasb.fxgl.minigames.MiniGameService, class com.almasb.fxgl.net.NetService, class com.almasb.fxgl.app.services.UpdaterService, class com.almasb.fxgl.dev.DevService]
05:00:40.919 [FXGL Background Thread 3 ] DEBUG Engine               - fontGame: Abel-Regular.ttf
05:00:40.919 [FXGL Background Thread 3 ] DEBUG Engine               - fontMono: TerminalLandMono-Regular.otf
05:00:40.919 [FXGL Background Thread 3 ] DEBUG Engine               - fontSizeScaleUI: 1.0
05:00:40.919 [FXGL Background Thread 3 ] DEBUG Engine               - fontText: Courier-Prime.ttf
05:00:40.919 [FXGL Background Thread 3 ] DEBUG Engine               - fontUI: VarelaRound-Regular.ttf
05:00:40.919 [FXGL Background Thread 3 ] DEBUG Engine               - fullScreen: BooleanProperty [value: false]
05:00:40.919 [FXGL Background Thread 3 ] DEBUG Engine               - gameDifficulty: MEDIUM
05:00:40.919 [FXGL Background Thread 3 ] DEBUG Engine               - gameDifficultyProperty: ObjectProperty [value: MEDIUM]
05:00:40.919 [FXGL Background Thread 3 ] DEBUG Engine               - globalMusicVolume: 0.5
05:00:40.919 [FXGL Background Thread 3 ] DEBUG Engine               - globalMusicVolumeProperty: DoubleProperty [value: 0.5]
05:00:40.919 [FXGL Background Thread 3 ] DEBUG Engine               - globalSoundVolume: 0.5
05:00:40.919 [FXGL Background Thread 3 ] DEBUG Engine               - globalSoundVolumeProperty: DoubleProperty [value: 0.5]
05:00:40.919 [FXGL Background Thread 3 ] DEBUG Engine               - height: 800
05:00:40.920 [FXGL Background Thread 3 ] DEBUG Engine               - is3D: false
05:00:40.920 [FXGL Background Thread 3 ] DEBUG Engine               - isAndroid: false
05:00:40.920 [FXGL Background Thread 3 ] DEBUG Engine               - isBrowser: false
05:00:40.920 [FXGL Background Thread 3 ] DEBUG Engine               - isClickFeedbackEnabled: false
05:00:40.920 [FXGL Background Thread 3 ] DEBUG Engine               - isCloseConfirmation: false
05:00:40.920 [FXGL Background Thread 3 ] DEBUG Engine               - isDesktop: true
05:00:40.920 [FXGL Background Thread 3 ] DEBUG Engine               - isDeveloperMenuEnabled: false
05:00:40.920 [FXGL Background Thread 3 ] DEBUG Engine               - isEmbedded: false
05:00:40.920 [FXGL Background Thread 3 ] DEBUG Engine               - isEntityPreloadEnabled: true
05:00:40.920 [FXGL Background Thread 3 ] DEBUG Engine               - isExperimentalTiledLargeMap: false
05:00:40.920 [FXGL Background Thread 3 ] DEBUG Engine               - isFileSystemWriteAllowed: true
05:00:40.920 [FXGL Background Thread 3 ] DEBUG Engine               - isFullScreenAllowed: true
05:00:40.920 [FXGL Background Thread 3 ] DEBUG Engine               - isFullScreenFromStart: false
05:00:40.920 [FXGL Background Thread 3 ] DEBUG Engine               - isGameMenuEnabled: true
05:00:40.920 [FXGL Background Thread 3 ] DEBUG Engine               - isIOS: false
05:00:40.920 [FXGL Background Thread 3 ] DEBUG Engine               - isIntroEnabled: false
05:00:40.920 [FXGL Background Thread 3 ] DEBUG Engine               - isLinux: false
05:00:40.920 [FXGL Background Thread 3 ] DEBUG Engine               - isMac: false
05:00:40.920 [FXGL Background Thread 3 ] DEBUG Engine               - isMainMenuEnabled: true
05:00:40.920 [FXGL Background Thread 3 ] DEBUG Engine               - isManualResizeEnabled: true
05:00:40.920 [FXGL Background Thread 3 ] DEBUG Engine               - isMobile: false
05:00:40.920 [FXGL Background Thread 3 ] DEBUG Engine               - isNative: false
05:00:40.920 [FXGL Background Thread 3 ] DEBUG Engine               - isPauseMusicWhenMinimized: true
05:00:40.920 [FXGL Background Thread 3 ] DEBUG Engine               - isPreserveResizeRatio: false
05:00:40.920 [FXGL Background Thread 3 ] DEBUG Engine               - isProfilingEnabled: false
05:00:40.920 [FXGL Background Thread 3 ] DEBUG Engine               - isScaleAffectedOnResize: true
05:00:40.920 [FXGL Background Thread 3 ] DEBUG Engine               - isSingleStep: false
05:00:40.920 [FXGL Background Thread 3 ] DEBUG Engine               - isUserProfileEnabled: false
05:00:40.920 [FXGL Background Thread 3 ] DEBUG Engine               - isWindows: true
05:00:40.920 [FXGL Background Thread 3 ] DEBUG Engine               - language: ObjectProperty [value: ENGLISH]
05:00:40.920 [FXGL Background Thread 3 ] DEBUG Engine               - menuKey: ESCAPE
05:00:40.920 [FXGL Background Thread 3 ] DEBUG Engine               - mouseSensitivity: 0.2
05:00:40.920 [FXGL Background Thread 3 ] DEBUG Engine               - notificationViewClass: class com.almasb.fxgl.notification.view.XboxNotificationView
05:00:40.920 [FXGL Background Thread 3 ] DEBUG Engine               - pixelsPerMeter: 50.0
05:00:40.920 [FXGL Background Thread 3 ] DEBUG Engine               - platform: WINDOWS
05:00:40.920 [FXGL Background Thread 3 ] DEBUG Engine               - prefHeightProperty: ReadOnlyDoubleProperty [value: 800.0]
05:00:40.921 [FXGL Background Thread 3 ] DEBUG Engine               - prefWidthProperty: ReadOnlyDoubleProperty [value: 1280.0]
05:00:40.921 [FXGL Background Thread 3 ] DEBUG Engine               - profileDir: profiles/
05:00:40.921 [FXGL Background Thread 3 ] DEBUG Engine               - profileName: StringProperty [value: DEFAULT]
05:00:40.921 [FXGL Background Thread 3 ] DEBUG Engine               - randomSeed: -1
05:00:40.921 [FXGL Background Thread 3 ] DEBUG Engine               - runtimeInfo: RuntimeInfo(platform=WINDOWS, version=21.1, build=27.03.2024 07.52)
05:00:40.921 [FXGL Background Thread 3 ] DEBUG Engine               - saveFileExt: sav
05:00:40.921 [FXGL Background Thread 3 ] DEBUG Engine               - scaledHeightProp$fxgl: DoubleProperty [bound, value: 800.0]
05:00:40.921 [FXGL Background Thread 3 ] DEBUG Engine               - scaledWidthProp$fxgl: DoubleProperty [bound, value: 1280.0]
05:00:40.921 [FXGL Background Thread 3 ] DEBUG Engine               - sceneFactory: com.almasb.fxgl.app.scene.SceneFactory@2e291118
05:00:40.921 [FXGL Background Thread 3 ] DEBUG Engine               - secondsIn24h: 60
05:00:40.921 [FXGL Background Thread 3 ] DEBUG Engine               - soundMenuBack: menu/back.wav
05:00:40.921 [FXGL Background Thread 3 ] DEBUG Engine               - soundMenuPress: menu/press.wav
05:00:40.922 [FXGL Background Thread 3 ] DEBUG Engine               - soundMenuSelect: menu/select.wav
05:00:40.922 [FXGL Background Thread 3 ] DEBUG Engine               - soundNotification: core/notification.wav
05:00:40.922 [FXGL Background Thread 3 ] DEBUG Engine               - stageStyle: DECORATED
05:00:40.922 [FXGL Background Thread 3 ] DEBUG Engine               - supportedLanguages: [ENGLISH, FRENCH, GERMAN, HUNGARIAN, RUSSIAN]
05:00:40.922 [FXGL Background Thread 3 ] DEBUG Engine               - ticksPerSecond: -1
05:00:40.922 [FXGL Background Thread 3 ] DEBUG Engine               - title: Ghost Hunter
05:00:40.922 [FXGL Background Thread 3 ] DEBUG Engine               - urlGithub: https://github.com/AlmasB/FXGL
05:00:40.922 [FXGL Background Thread 3 ] DEBUG Engine               - urlLeaderboard: http://fxgl-top.herokuapp.com/
05:00:40.922 [FXGL Background Thread 3 ] DEBUG Engine               - urlPOM: https://raw.githubusercontent.com/AlmasB/FXGL/release/README.md
05:00:40.922 [FXGL Background Thread 3 ] DEBUG Engine               - userAppClass: class org.saikat.Game
05:00:40.922 [FXGL Background Thread 3 ] DEBUG Engine               - version: 1.0
05:00:40.922 [FXGL Background Thread 3 ] DEBUG Engine               - versionCheckDays: 7
05:00:40.922 [FXGL Background Thread 3 ] DEBUG Engine               - width: 1280
05:00:40.922 [FXGL Background Thread 3 ] DEBUG Engine               - Logging services
05:00:40.922 [FXGL Background Thread 3 ] DEBUG Engine               - class com.almasb.fxgl.app.services.FXGLAssetLoaderService
05:00:40.922 [FXGL Background Thread 3 ] DEBUG Engine               - class com.almasb.fxgl.app.FXGLApplication$GameApplicationService
05:00:40.922 [FXGL Background Thread 3 ] DEBUG Engine               - class com.almasb.fxgl.app.services.FXGLDialogService
05:00:40.922 [FXGL Background Thread 3 ] DEBUG Engine               - class com.almasb.fxgl.app.services.IOTaskExecutorService
05:00:40.922 [FXGL Background Thread 3 ] DEBUG Engine               - class com.almasb.fxgl.io.FileSystemService
05:00:40.923 [FXGL Background Thread 3 ] DEBUG Engine               - class com.almasb.fxgl.localization.LocalizationService
05:00:40.923 [FXGL Background Thread 3 ] DEBUG Engine               - class com.almasb.fxgl.app.services.SystemBundleService
05:00:40.923 [FXGL Background Thread 3 ] DEBUG Engine               - class com.almasb.fxgl.profile.SaveLoadService
05:00:40.923 [FXGL Background Thread 3 ] DEBUG Engine               - class com.almasb.fxgl.ui.FXGLUIFactoryServiceProvider
05:00:40.923 [FXGL Background Thread 3 ] DEBUG Engine               - class com.almasb.fxgl.ui.FXGLDialogFactoryServiceProvider
05:00:40.923 [FXGL Background Thread 3 ] DEBUG Engine               - class com.almasb.fxgl.audio.AudioPlayer
05:00:40.923 [FXGL Background Thread 3 ] DEBUG Engine               - class com.almasb.fxgl.notification.impl.NotificationServiceProvider
05:00:40.923 [FXGL Background Thread 3 ] DEBUG Engine               - class com.almasb.fxgl.achievement.AchievementService
05:00:40.923 [FXGL Background Thread 3 ] DEBUG Engine               - class com.almasb.fxgl.cutscene.CutsceneService
05:00:40.923 [FXGL Background Thread 3 ] DEBUG Engine               - class com.almasb.fxgl.minigames.MiniGameService
05:00:40.923 [FXGL Background Thread 3 ] DEBUG Engine               - class com.almasb.fxgl.net.NetService
05:00:40.923 [FXGL Background Thread 3 ] DEBUG Engine               - class com.almasb.fxgl.app.services.UpdaterService
05:00:40.923 [FXGL Background Thread 3 ] DEBUG Engine               - class com.almasb.fxgl.dev.DevService
05:00:41.995 [JavaFX Application Thread] DEBUG PrimaryStageWindow   - Push state: DialogSubScene
05:00:41.996 [JavaFX Application Thread] DEBUG Input                - Clearing active input actions
05:00:41.998 [JavaFX Application Thread] DEBUG GameApplicationServi - Removing overlay from GameScene and adding to DialogSubScene
05:00:41.998 [JavaFX Application Thread] DEBUG PrimaryStageWindow   - GameScene -> DialogSubScene
05:00:43.451 [JavaFX Application Thread] DEBUG PrimaryStageWindow   - Pop state: DialogSubScene
05:00:43.451 [JavaFX Application Thread] DEBUG Input                - Clearing active input actions
05:00:43.452 [JavaFX Application Thread] DEBUG GameApplicationServi - Removing overlay from DialogSubScene and adding to GameScene
05:00:43.452 [JavaFX Application Thread] DEBUG PrimaryStageWindow   - GameScene <- DialogSubScene
05:00:43.454 [JavaFX Application Thread] DEBUG FXGLAssetLoaderServi - Loading from file system: file:/E:/All%20About%20Dev/OOP/FXGL%20new%20Begining/final%20version/Tower%20Defender/Tower-Defender/target/classes/assets/textures/spell2.png
05:00:43.470 [JavaFX Application Thread] DEBUG FXGLAssetLoaderServi - Loading from file system: file:/E:/All%20About%20Dev/OOP/FXGL%20new%20Begining/final%20version/Tower%20Defender/Tower-Defender/target/classes/assets/textures/red.png
05:00:52.644 [JavaFX Application Thread] DEBUG FXGLAssetLoaderServi - Loading from file system: file:/E:/All%20About%20Dev/OOP/FXGL%20new%20Begining/final%20version/Tower%20Defender/Tower-Defender/target/classes/assets/textures/bird.png
05:01:07.602 [JavaFX Application Thread] DEBUG FXGLAssetLoaderServi - Loading from file system: file:/E:/All%20About%20Dev/OOP/FXGL%20new%20Begining/final%20version/Tower%20Defender/Tower-Defender/target/classes/assets/textures/wolf.png
05:01:11.575 [JavaFX Application Thread] DEBUG FXGLApplication      - Exiting FXGL
05:01:11.575 [JavaFX Application Thread] DEBUG LoopRunner           - Stopping loop
05:01:11.575 [JavaFX Application Thread] DEBUG SystemBundleService  - Saving FXGL system data
05:01:11.580 [JavaFX Application Thread] DEBUG FileSystemAccess     - Writing to: E:\All About Dev\OOP\FXGL new Begining\final version\Tower Defender\Tower-Defender\system\fxgl.bundle
05:01:11.584 [JavaFX Application Thread] DEBUG Async                - Shutting down background threads
05:01:11.584 [JavaFX Application Thread] DEBUG PrimaryStageWindow   - Closing main window
05:01:11.622 [JavaFX Application Thread] DEBUG Logger               - Closing Logger
