05:14:28.220 [main                     ] DEBUG Logger               - Configured Logger
05:14:28.252 [main                     ] DEBUG GameApplication      - Logging settings
Title: Ghost Hunter
Version: 1.0
Width: 1280
Height: 800
Fullscreen: true
Intro: false
Profiling: false
Single step:false
App Mode: DEVELOPER
Menu Key: ESCAPE
Stage Style: DECORATED
Scene Factory: class com.almasb.fxgl.app.scene.SceneFactory

05:14:29.091 [JavaFX Application Thread] DEBUG FXGLApplication      - Initializing FXGL
05:14:29.103 [JavaFX Application Thread] INFO  Engine               - FXGL-21.1 (27.03.2024 07.52) on WINDOWS (J:21.0.9 FX:21.0.1)
05:14:29.104 [JavaFX Application Thread] DEBUG Engine               - JRE Vendor Name: Oracle Corporation
05:14:29.104 [JavaFX Application Thread] DEBUG Engine               - Running on OS: Windows 11 version 10.0
05:14:29.105 [JavaFX Application Thread] DEBUG Engine               - Architecture: amd64
05:14:29.105 [JavaFX Application Thread] INFO  Engine               - Source code and latest versions at: https://github.com/AlmasB/FXGL
05:14:29.105 [JavaFX Application Thread] INFO  Engine               -       Ask questions and discuss at: https://github.com/AlmasB/FXGL/discussions
05:14:29.105 [JavaFX Application Thread] INFO  Engine               -              Join the FXGL chat at: https://gitter.im/AlmasB/FXGL
05:14:29.243 [JavaFX Application Thread] DEBUG PrimaryStageWindow   - Creating a JavaFX scene
05:14:29.290 [JavaFX Application Thread] DEBUG PrimaryStageWindow   - Target settings size: 1280.0 x 800.0
05:14:29.291 [JavaFX Application Thread] DEBUG PrimaryStageWindow   - Scaled scene size:    1280.0 x 800.0
05:14:29.291 [JavaFX Application Thread] DEBUG PrimaryStageWindow   - Scaled ratio: (1.0, 1.0)
05:14:29.292 [JavaFX Application Thread] DEBUG PrimaryStageWindow   - Set initial scene to FXGLStartupScene
05:14:29.295 [JavaFX Application Thread] DEBUG PrimaryStageWindow   - Opening main window
05:14:29.431 [JavaFX Application Thread] DEBUG PrimaryStageWindow   - Window border size: (14.4000244140625, 37.5999755859375)
05:14:29.431 [JavaFX Application Thread] DEBUG PrimaryStageWindow   - Scaled size: 1280.0 x 800.0
05:14:29.431 [JavaFX Application Thread] DEBUG PrimaryStageWindow   - Scaled ratio: (1.0, 1.0)
05:14:29.432 [JavaFX Application Thread] DEBUG PrimaryStageWindow   - Scene size: 1280.0 x 800.0
05:14:29.432 [JavaFX Application Thread] DEBUG PrimaryStageWindow   - Stage size: 1294.4000244140625 x 837.5999755859375
05:14:29.440 [FXGL Background Thread 1 ] DEBUG Engine               - Initializing environment variables
05:14:29.514 [FXGL Background Thread 1 ] DEBUG FXGLAssetLoaderServi - User app class for loading assets: class org.saikat.Game
05:14:29.514 [FXGL Background Thread 1 ] DEBUG GameApplicationServi - Applying CSS: fxgl_dark.css
05:14:29.515 [FXGL Background Thread 1 ] DEBUG FXGLAssetLoaderServi - Loading from file system: jar:file:/C:/Users/HP/.m2/repository/com/github/almasb/fxgl/21.1/fxgl-21.1.jar!/fxglassets/ui/css/fxgl_dark.css
05:14:29.570 [FXGL Background Thread 1 ] DEBUG GameApplicationServi - Initializing application scenes
05:14:29.637 [FXGL Background Thread 1 ] DEBUG GameWorld            - Game world initialized
05:14:29.716 [FXGL Background Thread 1 ] DEBUG PhysicsWorld         - Physics world initialized: appHeight=800, physics.ppm=50.0
05:14:29.717 [FXGL Background Thread 1 ] DEBUG PhysicsWorld         - Using strategy: BRUTE_FORCE
05:14:29.720 [FXGL Background Thread 1 ] DEBUG GameScene            - Game scene initialized: 1280x800
05:14:29.733 [FXGL Background Thread 1 ] DEBUG FXGL.DefaultMenu     - createMenuBodyMainMenu()
05:14:29.746 [FXGL Background Thread 1 ] DEBUG FXGL.DefaultMenu     - createOptionsMenu()
05:14:29.756 [FXGL Background Thread 1 ] DEBUG FXGLAssetLoaderServi - Loading from file system: jar:file:/C:/Users/HP/.m2/repository/com/github/almasb/fxgl/21.1/fxgl-21.1.jar!/fxglassets/textures/particles/smoke.png
05:14:29.864 [FXGL Background Thread 1 ] DEBUG FXGLAssetLoaderServi - Loading from file system: jar:file:/C:/Users/HP/.m2/repository/com/github/almasb/fxgl/21.1/fxgl-21.1.jar!/fxglassets/textures/particles/trace_horizontal.png
05:14:29.893 [FXGL Background Thread 1 ] DEBUG FXGL.DefaultMenu     - createMenuBodyGameMenu()
05:14:29.894 [FXGL Background Thread 1 ] DEBUG FXGL.DefaultMenu     - createOptionsMenu()
05:14:29.910 [FXGL Background Thread 1 ] DEBUG GameApplicationServi - Application scenes initialized
05:14:29.930 [FXGL Background Thread 1 ] DEBUG SystemBundleService  - Loading FXGL system data
05:14:29.941 [FXGL Background Thread 1 ] DEBUG FileSystemAccess     - Reading from: E:\All About Dev\OOP\FXGL new Begining\final version\Tower Defender\Tower-Defender\system\fxgl.bundle
05:14:29.960 [FXGL Background Thread 1 ] DEBUG SystemBundleService  - Bundle FXGL: {}
05:14:29.961 [FXGL Background Thread 1 ] DEBUG UpdaterService       - Checking for updates
05:14:29.966 [FXGL Background Thread 4 ] DEBUG FXGLApplication      - Loading fonts
05:14:29.967 [FXGL Background Thread 1 ] DEBUG FXGLApplication      - Loading default localization
05:14:29.967 [FXGL Background Thread 4 ] DEBUG FXGLAssetLoaderServi - Loading from file system: jar:file:/C:/Users/HP/.m2/repository/com/github/almasb/fxgl/21.1/fxgl-21.1.jar!/fxglassets/ui/fonts/VarelaRound-Regular.ttf
05:14:29.968 [FXGL Background Thread 1 ] DEBUG FXGLAssetLoaderServi - Loading from file system: jar:file:/C:/Users/HP/.m2/repository/com/github/almasb/fxgl/21.1/fxgl-21.1.jar!/fxglassets/languages/english.lang
05:14:30.005 [FXGL Background Thread 1 ] INFO  FXGLApplication      - FXGL initialization took: 0.565 sec
05:14:30.013 [JavaFX Application Thread] DEBUG Input                - Registered new binding: add tower - LMB
05:14:30.013 [JavaFX Application Thread] DEBUG Input                - Registered new binding: remove tower - RMB
05:14:30.015 [JavaFX Application Thread] DEBUG FXGLAssetLoaderServi - Loading from file system: jar:file:/C:/Users/HP/.m2/repository/com/github/almasb/fxgl/21.1/fxgl-21.1.jar!/fxglassets/textures/fxgl_icon.png
05:14:30.016 [FXGL Background Thread 4 ] DEBUG FXGLAssetLoaderServi - Loading from file system: jar:file:/C:/Users/HP/.m2/repository/com/github/almasb/fxgl/21.1/fxgl-21.1.jar!/fxglassets/ui/fonts/Abel-Regular.ttf
05:14:30.023 [FXGL Background Thread 4 ] DEBUG FXGLAssetLoaderServi - Loading from file system: jar:file:/C:/Users/HP/.m2/repository/com/github/almasb/fxgl/21.1/fxgl-21.1.jar!/fxglassets/ui/fonts/TerminalLandMono-Regular.otf
05:14:30.031 [FXGL Background Thread 4 ] DEBUG FXGLAssetLoaderServi - Loading from file system: jar:file:/C:/Users/HP/.m2/repository/com/github/almasb/fxgl/21.1/fxgl-21.1.jar!/fxglassets/ui/fonts/Courier-Prime.ttf
05:14:30.044 [JavaFX Application Thread] DEBUG FXGLAssetLoaderServi - Loading from file system: jar:file:/C:/Users/HP/.m2/repository/com/github/almasb/fxgl/21.1/fxgl-21.1.jar!/fxglassets/textures/fxgl_default_cursor.png
05:14:30.054 [JavaFX Application Thread] DEBUG Input                - Registered new binding: Screenshot - CTRL+8
05:14:30.055 [JavaFX Application Thread] DEBUG Input                - Registered new binding: System info dump - CTRL+9
05:14:30.055 [JavaFX Application Thread] DEBUG Input                - Registered new binding: Restart - CTRL+R
05:14:30.056 [JavaFX Application Thread] DEBUG Input                - Registered new binding: Toggle Debug Camera - CTRL+7
05:14:30.060 [JavaFX Application Thread] DEBUG LoopRunner           - Starting loop
05:14:30.060 [JavaFX Application Thread] DEBUG LoopRunner           - Initializing JavaFX AnimationTimerLoop
05:14:30.065 [JavaFX Application Thread] DEBUG Input                - Clearing active input actions
05:14:30.071 [JavaFX Application Thread] DEBUG GameApplicationServi - Removing overlay from FXGLStartupScene and adding to FXGLMainMenuDummyScene
05:14:30.071 [JavaFX Application Thread] DEBUG PrimaryStageWindow   - FXGLStartupScene -> FXGLMainMenuDummyScene
05:14:30.071 [JavaFX Application Thread] DEBUG PrimaryStageWindow   - Push state: FXGLDefaultMenu
05:14:30.083 [JavaFX Application Thread] DEBUG Input                - Clearing active input actions
05:14:30.097 [JavaFX Application Thread] DEBUG GameApplicationServi - Removing overlay from FXGLMainMenuDummyScene and adding to FXGLDefaultMenu
05:14:30.097 [JavaFX Application Thread] DEBUG PrimaryStageWindow   - FXGLMainMenuDummyScene -> FXGLDefaultMenu
05:14:30.098 [JavaFX Application Thread] DEBUG FXGLApplication      - Registering font factories with UI factory
05:14:31.954 [JavaFX Application Thread] DEBUG Menu                 - fireNewGame()
05:14:31.955 [JavaFX Application Thread] DEBUG GameApplicationServi - Starting new game
05:14:31.958 [JavaFX Application Thread] DEBUG PrimaryStageWindow   - Pop state: FXGLDefaultMenu
05:14:31.958 [JavaFX Application Thread] DEBUG Input                - Clearing active input actions
05:14:31.959 [JavaFX Application Thread] DEBUG GameApplicationServi - Removing overlay from FXGLDefaultMenu and adding to FXGLMainMenuDummyScene
05:14:31.960 [JavaFX Application Thread] DEBUG PrimaryStageWindow   - FXGLMainMenuDummyScene <- FXGLDefaultMenu
05:14:31.960 [JavaFX Application Thread] DEBUG Input                - Clearing active input actions
05:14:31.966 [JavaFX Application Thread] DEBUG GameApplicationServi - Removing overlay from FXGLMainMenuDummyScene and adding to FXGLLoadingScene
05:14:31.967 [JavaFX Application Thread] DEBUG PrimaryStageWindow   - FXGLMainMenuDummyScene -> FXGLLoadingScene
05:14:31.967 [JavaFX Application Thread] DEBUG GameApplicationServi - Clearing previous game
05:14:31.967 [JavaFX Application Thread] DEBUG GameScene            - Clearing game scene
05:14:31.967 [JavaFX Application Thread] DEBUG GameWorld            - Clearing game world
05:14:31.967 [JavaFX Application Thread] DEBUG PhysicsWorld         - Clearing physics world
05:14:31.968 [FXGL Background Thread 4 ] DEBUG FXGLApplication      - Initializing game
05:14:32.047 [FXGL Background Thread 4 ] WARN  TMXLevelLoader       - TiledMap generated from 1.12.2. Supported version: 1.9.0. Some features may not be parsed fully.
05:14:32.075 [FXGL Background Thread 4 ] DEBUG TMXLevelLoader       - Parsed TiledMap: file:/E:/All%20About%20Dev/OOP/FXGL%20new%20Begining/final%20version/Tower%20Defender/Tower-Defender/target/classes/assets/levels/wall.tmx
05:14:32.078 [FXGL Background Thread 4 ] DEBUG TMXLevelLoader       - Creating tile layer entities
05:14:32.082 [FXGL Background Thread 4 ] DEBUG TilesetLoader        - Loading view for layer icons
05:14:32.084 [FXGL Background Thread 4 ] DEBUG TilesetLoader        - Created buffer with size 1280.0x800.0
05:14:32.108 [FXGL Background Thread 4 ] DEBUG TilesetLoader        - Loading view for layer background
05:14:32.111 [FXGL Background Thread 4 ] DEBUG TilesetLoader        - Created buffer with size 1280.0x800.0
05:14:32.209 [FXGL Background Thread 4 ] DEBUG TilesetLoader        - Loading view for layer tower spot layer
05:14:32.212 [FXGL Background Thread 4 ] DEBUG TilesetLoader        - Created buffer with size 1280.0x800.0
05:14:32.237 [FXGL Background Thread 4 ] DEBUG TilesetLoader        - Loading view for layer Road
05:14:32.239 [FXGL Background Thread 4 ] DEBUG TilesetLoader        - Created buffer with size 1280.0x800.0
05:14:32.240 [FXGL Background Thread 4 ] DEBUG TilesetLoader        - Loading view for layer road2
05:14:32.242 [FXGL Background Thread 4 ] DEBUG TilesetLoader        - Created buffer with size 1280.0x800.0
05:14:32.243 [FXGL Background Thread 4 ] WARN  TilesetLoader        - Diagonally flipped tiles are not currently supported
05:14:32.244 [FXGL Background Thread 4 ] WARN  TilesetLoader        - Diagonally flipped tiles are not currently supported
05:14:32.254 [FXGL Background Thread 4 ] WARN  TilesetLoader        - Diagonally flipped tiles are not currently supported
05:14:32.256 [FXGL Background Thread 4 ] WARN  TilesetLoader        - Diagonally flipped tiles are not currently supported
05:14:32.256 [FXGL Background Thread 4 ] WARN  TilesetLoader        - Diagonally flipped tiles are not currently supported
05:14:32.257 [FXGL Background Thread 4 ] WARN  TilesetLoader        - Diagonally flipped tiles are not currently supported
05:14:32.257 [FXGL Background Thread 4 ] WARN  TilesetLoader        - Diagonally flipped tiles are not currently supported
05:14:32.257 [FXGL Background Thread 4 ] WARN  TilesetLoader        - Diagonally flipped tiles are not currently supported
05:14:32.257 [FXGL Background Thread 4 ] WARN  TilesetLoader        - Diagonally flipped tiles are not currently supported
05:14:32.257 [FXGL Background Thread 4 ] WARN  TilesetLoader        - Diagonally flipped tiles are not currently supported
05:14:32.258 [FXGL Background Thread 4 ] WARN  TilesetLoader        - Diagonally flipped tiles are not currently supported
05:14:32.258 [FXGL Background Thread 4 ] WARN  TilesetLoader        - Diagonally flipped tiles are not currently supported
05:14:32.258 [FXGL Background Thread 4 ] WARN  TilesetLoader        - Diagonally flipped tiles are not currently supported
05:14:32.258 [FXGL Background Thread 4 ] WARN  TilesetLoader        - Diagonally flipped tiles are not currently supported
05:14:32.259 [FXGL Background Thread 4 ] WARN  TilesetLoader        - Diagonally flipped tiles are not currently supported
05:14:32.259 [FXGL Background Thread 4 ] WARN  TilesetLoader        - Diagonally flipped tiles are not currently supported
05:14:32.259 [FXGL Background Thread 4 ] WARN  TilesetLoader        - Diagonally flipped tiles are not currently supported
05:14:32.259 [FXGL Background Thread 4 ] WARN  TilesetLoader        - Diagonally flipped tiles are not currently supported
05:14:32.259 [FXGL Background Thread 4 ] WARN  TilesetLoader        - Diagonally flipped tiles are not currently supported
05:14:32.260 [FXGL Background Thread 4 ] WARN  TilesetLoader        - Diagonally flipped tiles are not currently supported
05:14:32.260 [FXGL Background Thread 4 ] WARN  TilesetLoader        - Diagonally flipped tiles are not currently supported
05:14:32.260 [FXGL Background Thread 4 ] WARN  TilesetLoader        - Diagonally flipped tiles are not currently supported
05:14:32.260 [FXGL Background Thread 4 ] WARN  TilesetLoader        - Diagonally flipped tiles are not currently supported
05:14:32.260 [FXGL Background Thread 4 ] WARN  TilesetLoader        - Diagonally flipped tiles are not currently supported
05:14:32.261 [FXGL Background Thread 4 ] WARN  TilesetLoader        - Diagonally flipped tiles are not currently supported
05:14:32.261 [FXGL Background Thread 4 ] WARN  TilesetLoader        - Diagonally flipped tiles are not currently supported
05:14:32.261 [FXGL Background Thread 4 ] WARN  TilesetLoader        - Diagonally flipped tiles are not currently supported
05:14:32.261 [FXGL Background Thread 4 ] WARN  TilesetLoader        - Diagonally flipped tiles are not currently supported
05:14:32.262 [FXGL Background Thread 4 ] WARN  TilesetLoader        - Diagonally flipped tiles are not currently supported
05:14:32.262 [FXGL Background Thread 4 ] WARN  TilesetLoader        - Diagonally flipped tiles are not currently supported
05:14:32.262 [FXGL Background Thread 4 ] WARN  TilesetLoader        - Diagonally flipped tiles are not currently supported
05:14:32.262 [FXGL Background Thread 4 ] WARN  TilesetLoader        - Diagonally flipped tiles are not currently supported
05:14:32.263 [FXGL Background Thread 4 ] WARN  TilesetLoader        - Diagonally flipped tiles are not currently supported
05:14:32.263 [FXGL Background Thread 4 ] WARN  TilesetLoader        - Diagonally flipped tiles are not currently supported
05:14:32.264 [FXGL Background Thread 4 ] WARN  TilesetLoader        - Diagonally flipped tiles are not currently supported
05:14:32.264 [FXGL Background Thread 4 ] WARN  TilesetLoader        - Diagonally flipped tiles are not currently supported
05:14:32.264 [FXGL Background Thread 4 ] WARN  TilesetLoader        - Diagonally flipped tiles are not currently supported
05:14:32.265 [FXGL Background Thread 4 ] WARN  TilesetLoader        - Diagonally flipped tiles are not currently supported
05:14:32.265 [FXGL Background Thread 4 ] WARN  TilesetLoader        - Diagonally flipped tiles are not currently supported
05:14:32.265 [FXGL Background Thread 4 ] WARN  TilesetLoader        - Diagonally flipped tiles are not currently supported
05:14:32.265 [FXGL Background Thread 4 ] WARN  TilesetLoader        - Diagonally flipped tiles are not currently supported
05:14:32.266 [FXGL Background Thread 4 ] WARN  TilesetLoader        - Diagonally flipped tiles are not currently supported
05:14:32.266 [FXGL Background Thread 4 ] WARN  TilesetLoader        - Diagonally flipped tiles are not currently supported
05:14:32.266 [FXGL Background Thread 4 ] WARN  TilesetLoader        - Diagonally flipped tiles are not currently supported
05:14:32.266 [FXGL Background Thread 4 ] WARN  TilesetLoader        - Diagonally flipped tiles are not currently supported
05:14:32.266 [FXGL Background Thread 4 ] WARN  TilesetLoader        - Diagonally flipped tiles are not currently supported
05:14:32.267 [FXGL Background Thread 4 ] WARN  TilesetLoader        - Diagonally flipped tiles are not currently supported
05:14:32.267 [FXGL Background Thread 4 ] WARN  TilesetLoader        - Diagonally flipped tiles are not currently supported
05:14:32.267 [FXGL Background Thread 4 ] WARN  TilesetLoader        - Diagonally flipped tiles are not currently supported
05:14:32.267 [FXGL Background Thread 4 ] WARN  TilesetLoader        - Diagonally flipped tiles are not currently supported
05:14:32.268 [FXGL Background Thread 4 ] WARN  TilesetLoader        - Diagonally flipped tiles are not currently supported
05:14:32.268 [FXGL Background Thread 4 ] WARN  TilesetLoader        - Diagonally flipped tiles are not currently supported
05:14:32.268 [FXGL Background Thread 4 ] WARN  TilesetLoader        - Diagonally flipped tiles are not currently supported
05:14:32.268 [FXGL Background Thread 4 ] WARN  TilesetLoader        - Diagonally flipped tiles are not currently supported
05:14:32.268 [FXGL Background Thread 4 ] WARN  TilesetLoader        - Diagonally flipped tiles are not currently supported
05:14:32.268 [FXGL Background Thread 4 ] WARN  TilesetLoader        - Diagonally flipped tiles are not currently supported
05:14:32.268 [FXGL Background Thread 4 ] WARN  TilesetLoader        - Diagonally flipped tiles are not currently supported
05:14:32.268 [FXGL Background Thread 4 ] WARN  TilesetLoader        - Diagonally flipped tiles are not currently supported
05:14:32.269 [FXGL Background Thread 4 ] WARN  TilesetLoader        - Diagonally flipped tiles are not currently supported
05:14:32.269 [FXGL Background Thread 4 ] WARN  TilesetLoader        - Diagonally flipped tiles are not currently supported
05:14:32.269 [FXGL Background Thread 4 ] WARN  TilesetLoader        - Diagonally flipped tiles are not currently supported
05:14:32.269 [FXGL Background Thread 4 ] WARN  TilesetLoader        - Diagonally flipped tiles are not currently supported
05:14:32.269 [FXGL Background Thread 4 ] WARN  TilesetLoader        - Diagonally flipped tiles are not currently supported
05:14:32.270 [FXGL Background Thread 4 ] WARN  TilesetLoader        - Diagonally flipped tiles are not currently supported
05:14:32.270 [FXGL Background Thread 4 ] WARN  TilesetLoader        - Diagonally flipped tiles are not currently supported
05:14:32.270 [FXGL Background Thread 4 ] WARN  TilesetLoader        - Diagonally flipped tiles are not currently supported
05:14:32.270 [FXGL Background Thread 4 ] WARN  TilesetLoader        - Diagonally flipped tiles are not currently supported
05:14:32.270 [FXGL Background Thread 4 ] WARN  TilesetLoader        - Diagonally flipped tiles are not currently supported
05:14:32.271 [FXGL Background Thread 4 ] WARN  TilesetLoader        - Diagonally flipped tiles are not currently supported
05:14:32.271 [FXGL Background Thread 4 ] WARN  TilesetLoader        - Diagonally flipped tiles are not currently supported
05:14:32.271 [FXGL Background Thread 4 ] WARN  TilesetLoader        - Diagonally flipped tiles are not currently supported
05:14:32.271 [FXGL Background Thread 4 ] WARN  TilesetLoader        - Diagonally flipped tiles are not currently supported
05:14:32.272 [FXGL Background Thread 4 ] WARN  TilesetLoader        - Diagonally flipped tiles are not currently supported
05:14:32.272 [FXGL Background Thread 4 ] WARN  TilesetLoader        - Diagonally flipped tiles are not currently supported
05:14:32.272 [FXGL Background Thread 4 ] WARN  TilesetLoader        - Diagonally flipped tiles are not currently supported
05:14:32.272 [FXGL Background Thread 4 ] WARN  TilesetLoader        - Diagonally flipped tiles are not currently supported
05:14:32.273 [FXGL Background Thread 4 ] WARN  TilesetLoader        - Diagonally flipped tiles are not currently supported
05:14:32.273 [FXGL Background Thread 4 ] WARN  TilesetLoader        - Diagonally flipped tiles are not currently supported
05:14:32.273 [FXGL Background Thread 4 ] WARN  TilesetLoader        - Diagonally flipped tiles are not currently supported
05:14:32.275 [FXGL Background Thread 4 ] WARN  TilesetLoader        - Diagonally flipped tiles are not currently supported
05:14:32.279 [FXGL Background Thread 4 ] WARN  TilesetLoader        - Diagonally flipped tiles are not currently supported
05:14:32.279 [FXGL Background Thread 4 ] WARN  TilesetLoader        - Diagonally flipped tiles are not currently supported
05:14:32.280 [FXGL Background Thread 4 ] WARN  TilesetLoader        - Diagonally flipped tiles are not currently supported
05:14:32.280 [FXGL Background Thread 4 ] WARN  TilesetLoader        - Diagonally flipped tiles are not currently supported
05:14:32.280 [FXGL Background Thread 4 ] WARN  TilesetLoader        - Diagonally flipped tiles are not currently supported
05:14:32.281 [FXGL Background Thread 4 ] WARN  TilesetLoader        - Diagonally flipped tiles are not currently supported
05:14:32.281 [FXGL Background Thread 4 ] WARN  TilesetLoader        - Diagonally flipped tiles are not currently supported
05:14:32.282 [FXGL Background Thread 4 ] WARN  TilesetLoader        - Diagonally flipped tiles are not currently supported
05:14:32.282 [FXGL Background Thread 4 ] WARN  TilesetLoader        - Diagonally flipped tiles are not currently supported
05:14:32.282 [FXGL Background Thread 4 ] WARN  TilesetLoader        - Diagonally flipped tiles are not currently supported
05:14:32.283 [FXGL Background Thread 4 ] WARN  TilesetLoader        - Diagonally flipped tiles are not currently supported
05:14:32.283 [FXGL Background Thread 4 ] WARN  TilesetLoader        - Diagonally flipped tiles are not currently supported
05:14:32.283 [FXGL Background Thread 4 ] WARN  TilesetLoader        - Diagonally flipped tiles are not currently supported
05:14:32.283 [FXGL Background Thread 4 ] WARN  TilesetLoader        - Diagonally flipped tiles are not currently supported
05:14:32.283 [FXGL Background Thread 4 ] WARN  TilesetLoader        - Diagonally flipped tiles are not currently supported
05:14:32.283 [FXGL Background Thread 4 ] WARN  TilesetLoader        - Diagonally flipped tiles are not currently supported
05:14:32.284 [FXGL Background Thread 4 ] WARN  TilesetLoader        - Diagonally flipped tiles are not currently supported
05:14:32.284 [FXGL Background Thread 4 ] WARN  TilesetLoader        - Diagonally flipped tiles are not currently supported
05:14:32.284 [FXGL Background Thread 4 ] WARN  TilesetLoader        - Diagonally flipped tiles are not currently supported
05:14:32.284 [FXGL Background Thread 4 ] WARN  TilesetLoader        - Diagonally flipped tiles are not currently supported
05:14:32.284 [FXGL Background Thread 4 ] WARN  TilesetLoader        - Diagonally flipped tiles are not currently supported
05:14:32.284 [FXGL Background Thread 4 ] WARN  TilesetLoader        - Diagonally flipped tiles are not currently supported
05:14:32.284 [FXGL Background Thread 4 ] WARN  TilesetLoader        - Diagonally flipped tiles are not currently supported
05:14:32.286 [FXGL Background Thread 4 ] WARN  TilesetLoader        - Diagonally flipped tiles are not currently supported
05:14:32.286 [FXGL Background Thread 4 ] WARN  TilesetLoader        - Diagonally flipped tiles are not currently supported
05:14:32.286 [FXGL Background Thread 4 ] WARN  TilesetLoader        - Diagonally flipped tiles are not currently supported
05:14:32.286 [FXGL Background Thread 4 ] WARN  TilesetLoader        - Diagonally flipped tiles are not currently supported
05:14:32.286 [FXGL Background Thread 4 ] WARN  TilesetLoader        - Diagonally flipped tiles are not currently supported
05:14:32.286 [FXGL Background Thread 4 ] WARN  TilesetLoader        - Diagonally flipped tiles are not currently supported
05:14:32.286 [FXGL Background Thread 4 ] WARN  TilesetLoader        - Diagonally flipped tiles are not currently supported
05:14:32.286 [FXGL Background Thread 4 ] WARN  TilesetLoader        - Diagonally flipped tiles are not currently supported
05:14:32.286 [FXGL Background Thread 4 ] WARN  TilesetLoader        - Diagonally flipped tiles are not currently supported
05:14:32.287 [FXGL Background Thread 4 ] WARN  TilesetLoader        - Diagonally flipped tiles are not currently supported
05:14:32.287 [FXGL Background Thread 4 ] WARN  TilesetLoader        - Diagonally flipped tiles are not currently supported
05:14:32.287 [FXGL Background Thread 4 ] WARN  TilesetLoader        - Diagonally flipped tiles are not currently supported
05:14:32.287 [FXGL Background Thread 4 ] WARN  TilesetLoader        - Diagonally flipped tiles are not currently supported
05:14:32.288 [FXGL Background Thread 4 ] WARN  TilesetLoader        - Diagonally flipped tiles are not currently supported
05:14:32.288 [FXGL Background Thread 4 ] WARN  TilesetLoader        - Diagonally flipped tiles are not currently supported
05:14:32.288 [FXGL Background Thread 4 ] WARN  TilesetLoader        - Diagonally flipped tiles are not currently supported
05:14:32.289 [FXGL Background Thread 4 ] WARN  TilesetLoader        - Diagonally flipped tiles are not currently supported
05:14:32.289 [FXGL Background Thread 4 ] WARN  TilesetLoader        - Diagonally flipped tiles are not currently supported
05:14:32.290 [FXGL Background Thread 4 ] WARN  TilesetLoader        - Diagonally flipped tiles are not currently supported
05:14:32.290 [FXGL Background Thread 4 ] WARN  TilesetLoader        - Diagonally flipped tiles are not currently supported
05:14:32.290 [FXGL Background Thread 4 ] WARN  TilesetLoader        - Diagonally flipped tiles are not currently supported
05:14:32.291 [FXGL Background Thread 4 ] WARN  TilesetLoader        - Diagonally flipped tiles are not currently supported
05:14:32.291 [FXGL Background Thread 4 ] WARN  TilesetLoader        - Diagonally flipped tiles are not currently supported
05:14:32.291 [FXGL Background Thread 4 ] WARN  TilesetLoader        - Diagonally flipped tiles are not currently supported
05:14:32.292 [FXGL Background Thread 4 ] WARN  TilesetLoader        - Diagonally flipped tiles are not currently supported
05:14:32.292 [FXGL Background Thread 4 ] WARN  TilesetLoader        - Diagonally flipped tiles are not currently supported
05:14:32.292 [FXGL Background Thread 4 ] WARN  TilesetLoader        - Diagonally flipped tiles are not currently supported
05:14:32.293 [FXGL Background Thread 4 ] WARN  TilesetLoader        - Diagonally flipped tiles are not currently supported
05:14:32.293 [FXGL Background Thread 4 ] WARN  TilesetLoader        - Diagonally flipped tiles are not currently supported
05:14:32.293 [FXGL Background Thread 4 ] WARN  TilesetLoader        - Diagonally flipped tiles are not currently supported
05:14:32.293 [FXGL Background Thread 4 ] WARN  TilesetLoader        - Diagonally flipped tiles are not currently supported
05:14:32.295 [FXGL Background Thread 4 ] WARN  TilesetLoader        - Diagonally flipped tiles are not currently supported
05:14:32.295 [FXGL Background Thread 4 ] WARN  TilesetLoader        - Diagonally flipped tiles are not currently supported
05:14:32.296 [FXGL Background Thread 4 ] WARN  TilesetLoader        - Diagonally flipped tiles are not currently supported
05:14:32.296 [FXGL Background Thread 4 ] WARN  TilesetLoader        - Diagonally flipped tiles are not currently supported
05:14:32.296 [FXGL Background Thread 4 ] WARN  TilesetLoader        - Diagonally flipped tiles are not currently supported
05:14:32.296 [FXGL Background Thread 4 ] WARN  TilesetLoader        - Diagonally flipped tiles are not currently supported
05:14:32.297 [FXGL Background Thread 4 ] WARN  TilesetLoader        - Diagonally flipped tiles are not currently supported
05:14:32.297 [FXGL Background Thread 4 ] WARN  TilesetLoader        - Diagonally flipped tiles are not currently supported
05:14:32.298 [FXGL Background Thread 4 ] WARN  TilesetLoader        - Diagonally flipped tiles are not currently supported
05:14:32.298 [FXGL Background Thread 4 ] WARN  TilesetLoader        - Diagonally flipped tiles are not currently supported
05:14:32.299 [FXGL Background Thread 4 ] WARN  TilesetLoader        - Diagonally flipped tiles are not currently supported
05:14:32.299 [FXGL Background Thread 4 ] WARN  TilesetLoader        - Diagonally flipped tiles are not currently supported
05:14:32.300 [FXGL Background Thread 4 ] WARN  TilesetLoader        - Diagonally flipped tiles are not currently supported
05:14:32.300 [FXGL Background Thread 4 ] WARN  TilesetLoader        - Diagonally flipped tiles are not currently supported
05:14:32.300 [FXGL Background Thread 4 ] WARN  TilesetLoader        - Diagonally flipped tiles are not currently supported
05:14:32.301 [FXGL Background Thread 4 ] DEBUG TilesetLoader        - Loading view for layer road3
05:14:32.304 [FXGL Background Thread 4 ] DEBUG TilesetLoader        - Created buffer with size 1280.0x800.0
05:14:32.306 [FXGL Background Thread 4 ] DEBUG TilesetLoader        - Loading view for layer bg2
05:14:32.306 [FXGL Background Thread 4 ] DEBUG TilesetLoader        - Created buffer with size 1280.0x800.0
05:14:32.313 [FXGL Background Thread 4 ] WARN  TilesetLoader        - Diagonally flipped tiles are not currently supported
05:14:32.314 [FXGL Background Thread 4 ] WARN  TilesetLoader        - Diagonally flipped tiles are not currently supported
05:14:32.315 [FXGL Background Thread 4 ] WARN  TilesetLoader        - Diagonally flipped tiles are not currently supported
05:14:32.315 [FXGL Background Thread 4 ] WARN  TilesetLoader        - Diagonally flipped tiles are not currently supported
05:14:32.315 [FXGL Background Thread 4 ] WARN  TilesetLoader        - Diagonally flipped tiles are not currently supported
05:14:32.316 [FXGL Background Thread 4 ] WARN  TilesetLoader        - Diagonally flipped tiles are not currently supported
05:14:32.317 [FXGL Background Thread 4 ] WARN  TilesetLoader        - Diagonally flipped tiles are not currently supported
05:14:32.320 [FXGL Background Thread 4 ] DEBUG TilesetLoader        - Loading view for layer temp
05:14:32.320 [FXGL Background Thread 4 ] DEBUG TilesetLoader        - Created buffer with size 1280.0x800.0
05:14:32.321 [FXGL Background Thread 4 ] DEBUG TMXLevelLoader       - Creating object layer entities
05:14:32.346 [FXGL Background Thread 4 ] DEBUG GameWorld            - Clearing removable entities
05:14:32.347 [FXGL Background Thread 4 ] DEBUG GameWorld            - Setting level: com.almasb.fxgl.entity.level.Level@45df9a6b
05:14:32.357 [FXGL Background Thread 4 ] DEBUG FXGLAssetLoaderServi - Loading from file system: file:/E:/All%20About%20Dev/OOP/FXGL%20new%20Begining/final%20version/Tower%20Defender/Tower-Defender/target/classes/assets/textures/life.png
05:14:32.359 [FXGL Background Thread 4 ] DEBUG FXGLAssetLoaderServi - Loading from file system: file:/E:/All%20About%20Dev/OOP/FXGL%20new%20Begining/final%20version/Tower%20Defender/Tower-Defender/target/classes/assets/textures/skull.png
05:14:32.376 [FXGL Background Thread 4 ] INFO  FXGLApplication      - Game initialization took: 0.407 sec
05:14:32.377 [JavaFX Application Thread] DEBUG Input                - Clearing active input actions
05:14:32.381 [JavaFX Application Thread] DEBUG GameApplicationServi - Removing overlay from FXGLLoadingScene and adding to GameScene
05:14:32.382 [JavaFX Application Thread] DEBUG PrimaryStageWindow   - FXGLLoadingScene -> GameScene
05:14:32.396 [JavaFX Application Thread] DEBUG FXGLAssetLoaderServi - Loading from file system: file:/E:/All%20About%20Dev/OOP/FXGL%20new%20Begining/final%20version/Tower%20Defender/Tower-Defender/target/classes/assets/textures/goblin.png
05:14:32.965 [FXGL Background Thread 3 ] DEBUG Engine               - Logging environment variables
05:14:32.965 [FXGL Background Thread 3 ] DEBUG Engine               - achievements: []
05:14:32.965 [FXGL Background Thread 3 ] DEBUG Engine               - actualHeight: 800.0
05:14:32.966 [FXGL Background Thread 3 ] DEBUG Engine               - actualHeightProperty: ReadOnlyDoubleProperty [value: 800.0]
05:14:32.966 [FXGL Background Thread 3 ] DEBUG Engine               - actualWidth: 1280.0
05:14:32.966 [FXGL Background Thread 3 ] DEBUG Engine               - actualWidthProperty: ReadOnlyDoubleProperty [value: 1280.0]
05:14:32.966 [FXGL Background Thread 3 ] DEBUG Engine               - appIcon: fxgl_icon.png
05:14:32.966 [FXGL Background Thread 3 ] DEBUG Engine               - applicationMode: DEVELOPER
05:14:32.966 [FXGL Background Thread 3 ] DEBUG Engine               - cSSList: [fxgl_dark.css]
05:14:32.966 [FXGL Background Thread 3 ] DEBUG Engine               - collisionDetectionStrategy: BRUTE_FORCE
05:14:32.966 [FXGL Background Thread 3 ] DEBUG Engine               - configClass: Optional.empty
05:14:32.966 [FXGL Background Thread 3 ] DEBUG Engine               - credits: []
05:14:32.966 [FXGL Background Thread 3 ] DEBUG Engine               - defaultCursor: CursorInfo(imageName=fxgl_default_cursor.png, hotspotX=7.0, hotspotY=6.0)
05:14:32.966 [FXGL Background Thread 3 ] DEBUG Engine               - devBBoxColorProperty: ObjectProperty [value: 0xff0000ff]
05:14:32.966 [FXGL Background Thread 3 ] DEBUG Engine               - devEnableDebugCameraProperty: BooleanProperty [value: false]
05:14:32.966 [FXGL Background Thread 3 ] DEBUG Engine               - devSensorColorProperty: ObjectProperty [value: 0xffff00ff]
05:14:32.966 [FXGL Background Thread 3 ] DEBUG Engine               - devShowBBoxProperty: BooleanProperty [value: false]
05:14:32.966 [FXGL Background Thread 3 ] DEBUG Engine               - devShowPositionProperty: BooleanProperty [value: false]
05:14:32.966 [FXGL Background Thread 3 ] DEBUG Engine               - enabledMenuItems: []
05:14:32.966 [FXGL Background Thread 3 ] DEBUG Engine               - engineServices: [class com.almasb.fxgl.app.services.FXGLAssetLoaderService, class com.almasb.fxgl.app.FXGLApplication$GameApplicationService, class com.almasb.fxgl.app.services.FXGLDialogService, class com.almasb.fxgl.app.services.IOTaskExecutorService, class com.almasb.fxgl.io.FileSystemService, class com.almasb.fxgl.localization.LocalizationService, class com.almasb.fxgl.app.services.SystemBundleService, class com.almasb.fxgl.profile.SaveLoadService, class com.almasb.fxgl.ui.FXGLUIFactoryServiceProvider, class com.almasb.fxgl.ui.FXGLDialogFactoryServiceProvider, class com.almasb.fxgl.audio.AudioPlayer, class com.almasb.fxgl.notification.impl.NotificationServiceProvider, class com.almasb.fxgl.achievement.AchievementService, class com.almasb.fxgl.cutscene.CutsceneService, class com.almasb.fxgl.minigames.MiniGameService, class com.almasb.fxgl.net.NetService, class com.almasb.fxgl.app.services.UpdaterService, class com.almasb.fxgl.dev.DevService]
05:14:32.966 [FXGL Background Thread 3 ] DEBUG Engine               - fontGame: Abel-Regular.ttf
05:14:32.966 [FXGL Background Thread 3 ] DEBUG Engine               - fontMono: TerminalLandMono-Regular.otf
05:14:32.966 [FXGL Background Thread 3 ] DEBUG Engine               - fontSizeScaleUI: 1.0
05:14:32.966 [FXGL Background Thread 3 ] DEBUG Engine               - fontText: Courier-Prime.ttf
05:14:32.966 [FXGL Background Thread 3 ] DEBUG Engine               - fontUI: VarelaRound-Regular.ttf
05:14:32.966 [FXGL Background Thread 3 ] DEBUG Engine               - fullScreen: BooleanProperty [value: false]
05:14:32.966 [FXGL Background Thread 3 ] DEBUG Engine               - gameDifficulty: MEDIUM
05:14:32.966 [FXGL Background Thread 3 ] DEBUG Engine               - gameDifficultyProperty: ObjectProperty [value: MEDIUM]
05:14:32.966 [FXGL Background Thread 3 ] DEBUG Engine               - globalMusicVolume: 0.5
05:14:32.966 [FXGL Background Thread 3 ] DEBUG Engine               - globalMusicVolumeProperty: DoubleProperty [value: 0.5]
05:14:32.966 [FXGL Background Thread 3 ] DEBUG Engine               - globalSoundVolume: 0.5
05:14:32.966 [FXGL Background Thread 3 ] DEBUG Engine               - globalSoundVolumeProperty: DoubleProperty [value: 0.5]
05:14:32.966 [FXGL Background Thread 3 ] DEBUG Engine               - height: 800
05:14:32.966 [FXGL Background Thread 3 ] DEBUG Engine               - is3D: false
05:14:32.966 [FXGL Background Thread 3 ] DEBUG Engine               - isAndroid: false
05:14:32.966 [FXGL Background Thread 3 ] DEBUG Engine               - isBrowser: false
05:14:32.966 [FXGL Background Thread 3 ] DEBUG Engine               - isClickFeedbackEnabled: false
05:14:32.966 [FXGL Background Thread 3 ] DEBUG Engine               - isCloseConfirmation: false
05:14:32.967 [FXGL Background Thread 3 ] DEBUG Engine               - isDesktop: true
05:14:32.967 [FXGL Background Thread 3 ] DEBUG Engine               - isDeveloperMenuEnabled: false
05:14:32.967 [FXGL Background Thread 3 ] DEBUG Engine               - isEmbedded: false
05:14:32.967 [FXGL Background Thread 3 ] DEBUG Engine               - isEntityPreloadEnabled: true
05:14:32.967 [FXGL Background Thread 3 ] DEBUG Engine               - isExperimentalTiledLargeMap: false
05:14:32.967 [FXGL Background Thread 3 ] DEBUG Engine               - isFileSystemWriteAllowed: true
05:14:32.967 [FXGL Background Thread 3 ] DEBUG Engine               - isFullScreenAllowed: true
05:14:32.967 [FXGL Background Thread 3 ] DEBUG Engine               - isFullScreenFromStart: false
05:14:32.967 [FXGL Background Thread 3 ] DEBUG Engine               - isGameMenuEnabled: true
05:14:32.967 [FXGL Background Thread 3 ] DEBUG Engine               - isIOS: false
05:14:32.967 [FXGL Background Thread 3 ] DEBUG Engine               - isIntroEnabled: false
05:14:32.967 [FXGL Background Thread 3 ] DEBUG Engine               - isLinux: false
05:14:32.967 [FXGL Background Thread 3 ] DEBUG Engine               - isMac: false
05:14:32.967 [FXGL Background Thread 3 ] DEBUG Engine               - isMainMenuEnabled: true
05:14:32.967 [FXGL Background Thread 3 ] DEBUG Engine               - isManualResizeEnabled: true
05:14:32.967 [FXGL Background Thread 3 ] DEBUG Engine               - isMobile: false
05:14:32.967 [FXGL Background Thread 3 ] DEBUG Engine               - isNative: false
05:14:32.967 [FXGL Background Thread 3 ] DEBUG Engine               - isPauseMusicWhenMinimized: true
05:14:32.967 [FXGL Background Thread 3 ] DEBUG Engine               - isPreserveResizeRatio: false
05:14:32.967 [FXGL Background Thread 3 ] DEBUG Engine               - isProfilingEnabled: false
05:14:32.967 [FXGL Background Thread 3 ] DEBUG Engine               - isScaleAffectedOnResize: true
05:14:32.967 [FXGL Background Thread 3 ] DEBUG Engine               - isSingleStep: false
05:14:32.967 [FXGL Background Thread 3 ] DEBUG Engine               - isUserProfileEnabled: false
05:14:32.967 [FXGL Background Thread 3 ] DEBUG Engine               - isWindows: true
05:14:32.967 [FXGL Background Thread 3 ] DEBUG Engine               - language: ObjectProperty [value: ENGLISH]
05:14:32.967 [FXGL Background Thread 3 ] DEBUG Engine               - menuKey: ESCAPE
05:14:32.967 [FXGL Background Thread 3 ] DEBUG Engine               - mouseSensitivity: 0.2
05:14:32.967 [FXGL Background Thread 3 ] DEBUG Engine               - notificationViewClass: class com.almasb.fxgl.notification.view.XboxNotificationView
05:14:32.967 [FXGL Background Thread 3 ] DEBUG Engine               - pixelsPerMeter: 50.0
05:14:32.967 [FXGL Background Thread 3 ] DEBUG Engine               - platform: WINDOWS
05:14:32.967 [FXGL Background Thread 3 ] DEBUG Engine               - prefHeightProperty: ReadOnlyDoubleProperty [value: 800.0]
05:14:32.967 [FXGL Background Thread 3 ] DEBUG Engine               - prefWidthProperty: ReadOnlyDoubleProperty [value: 1280.0]
05:14:32.967 [FXGL Background Thread 3 ] DEBUG Engine               - profileDir: profiles/
05:14:32.967 [FXGL Background Thread 3 ] DEBUG Engine               - profileName: StringProperty [value: DEFAULT]
05:14:32.967 [FXGL Background Thread 3 ] DEBUG Engine               - randomSeed: -1
05:14:32.967 [FXGL Background Thread 3 ] DEBUG Engine               - runtimeInfo: RuntimeInfo(platform=WINDOWS, version=21.1, build=27.03.2024 07.52)
05:14:32.967 [FXGL Background Thread 3 ] DEBUG Engine               - saveFileExt: sav
05:14:32.967 [FXGL Background Thread 3 ] DEBUG Engine               - scaledHeightProp$fxgl: DoubleProperty [bound, value: 800.0]
05:14:32.967 [FXGL Background Thread 3 ] DEBUG Engine               - scaledWidthProp$fxgl: DoubleProperty [bound, value: 1280.0]
05:14:32.967 [FXGL Background Thread 3 ] DEBUG Engine               - sceneFactory: com.almasb.fxgl.app.scene.SceneFactory@1850b040
05:14:32.967 [FXGL Background Thread 3 ] DEBUG Engine               - secondsIn24h: 60
05:14:32.967 [FXGL Background Thread 3 ] DEBUG Engine               - soundMenuBack: menu/back.wav
05:14:32.967 [FXGL Background Thread 3 ] DEBUG Engine               - soundMenuPress: menu/press.wav
05:14:32.967 [FXGL Background Thread 3 ] DEBUG Engine               - soundMenuSelect: menu/select.wav
05:14:32.967 [FXGL Background Thread 3 ] DEBUG Engine               - soundNotification: core/notification.wav
05:14:32.967 [FXGL Background Thread 3 ] DEBUG Engine               - stageStyle: DECORATED
05:14:32.967 [FXGL Background Thread 3 ] DEBUG Engine               - supportedLanguages: [ENGLISH, FRENCH, GERMAN, HUNGARIAN, RUSSIAN]
05:14:32.967 [FXGL Background Thread 3 ] DEBUG Engine               - ticksPerSecond: -1
05:14:32.967 [FXGL Background Thread 3 ] DEBUG Engine               - title: Ghost Hunter
05:14:32.967 [FXGL Background Thread 3 ] DEBUG Engine               - urlGithub: https://github.com/AlmasB/FXGL
05:14:32.967 [FXGL Background Thread 3 ] DEBUG Engine               - urlLeaderboard: http://fxgl-top.herokuapp.com/
05:14:32.967 [FXGL Background Thread 3 ] DEBUG Engine               - urlPOM: https://raw.githubusercontent.com/AlmasB/FXGL/release/README.md
05:14:32.967 [FXGL Background Thread 3 ] DEBUG Engine               - userAppClass: class org.saikat.Game
05:14:32.967 [FXGL Background Thread 3 ] DEBUG Engine               - version: 1.0
05:14:32.967 [FXGL Background Thread 3 ] DEBUG Engine               - versionCheckDays: 7
05:14:32.967 [FXGL Background Thread 3 ] DEBUG Engine               - width: 1280
05:14:32.967 [FXGL Background Thread 3 ] DEBUG Engine               - Logging services
05:14:32.967 [FXGL Background Thread 3 ] DEBUG Engine               - class com.almasb.fxgl.app.services.FXGLAssetLoaderService
05:14:32.968 [FXGL Background Thread 3 ] DEBUG Engine               - class com.almasb.fxgl.app.FXGLApplication$GameApplicationService
05:14:32.968 [FXGL Background Thread 3 ] DEBUG Engine               - class com.almasb.fxgl.app.services.FXGLDialogService
05:14:32.968 [FXGL Background Thread 3 ] DEBUG Engine               - class com.almasb.fxgl.app.services.IOTaskExecutorService
05:14:32.968 [FXGL Background Thread 3 ] DEBUG Engine               - class com.almasb.fxgl.io.FileSystemService
05:14:32.968 [FXGL Background Thread 3 ] DEBUG Engine               - class com.almasb.fxgl.localization.LocalizationService
05:14:32.968 [FXGL Background Thread 3 ] DEBUG Engine               - class com.almasb.fxgl.app.services.SystemBundleService
05:14:32.968 [FXGL Background Thread 3 ] DEBUG Engine               - class com.almasb.fxgl.profile.SaveLoadService
05:14:32.968 [FXGL Background Thread 3 ] DEBUG Engine               - class com.almasb.fxgl.ui.FXGLUIFactoryServiceProvider
05:14:32.968 [FXGL Background Thread 3 ] DEBUG Engine               - class com.almasb.fxgl.ui.FXGLDialogFactoryServiceProvider
05:14:32.968 [FXGL Background Thread 3 ] DEBUG Engine               - class com.almasb.fxgl.audio.AudioPlayer
05:14:32.968 [FXGL Background Thread 3 ] DEBUG Engine               - class com.almasb.fxgl.notification.impl.NotificationServiceProvider
05:14:32.968 [FXGL Background Thread 3 ] DEBUG Engine               - class com.almasb.fxgl.achievement.AchievementService
05:14:32.968 [FXGL Background Thread 3 ] DEBUG Engine               - class com.almasb.fxgl.cutscene.CutsceneService
05:14:32.968 [FXGL Background Thread 3 ] DEBUG Engine               - class com.almasb.fxgl.minigames.MiniGameService
05:14:32.968 [FXGL Background Thread 3 ] DEBUG Engine               - class com.almasb.fxgl.net.NetService
05:14:32.968 [FXGL Background Thread 3 ] DEBUG Engine               - class com.almasb.fxgl.app.services.UpdaterService
05:14:32.968 [FXGL Background Thread 3 ] DEBUG Engine               - class com.almasb.fxgl.dev.DevService
05:14:34.323 [JavaFX Application Thread] DEBUG PrimaryStageWindow   - Push state: DialogSubScene
05:14:34.323 [JavaFX Application Thread] DEBUG Input                - Clearing active input actions
05:14:34.325 [JavaFX Application Thread] DEBUG GameApplicationServi - Removing overlay from GameScene and adding to DialogSubScene
05:14:34.325 [JavaFX Application Thread] DEBUG PrimaryStageWindow   - GameScene -> DialogSubScene
05:14:34.979 [FXGL Background Thread 2 ] INFO  UpdaterService       - Your current version:  21.1
05:14:34.979 [FXGL Background Thread 2 ] INFO  UpdaterService       - Latest stable version: 25
05:14:35.578 [JavaFX Application Thread] DEBUG PrimaryStageWindow   - Pop state: DialogSubScene
05:14:35.578 [JavaFX Application Thread] DEBUG Input                - Clearing active input actions
05:14:35.579 [JavaFX Application Thread] DEBUG GameApplicationServi - Removing overlay from DialogSubScene and adding to GameScene
05:14:35.579 [JavaFX Application Thread] DEBUG PrimaryStageWindow   - GameScene <- DialogSubScene
05:14:35.580 [JavaFX Application Thread] DEBUG FXGLAssetLoaderServi - Loading from file system: file:/E:/All%20About%20Dev/OOP/FXGL%20new%20Begining/final%20version/Tower%20Defender/Tower-Defender/target/classes/assets/textures/spell2.png
05:14:35.600 [JavaFX Application Thread] DEBUG FXGLAssetLoaderServi - Loading from file system: file:/E:/All%20About%20Dev/OOP/FXGL%20new%20Begining/final%20version/Tower%20Defender/Tower-Defender/target/classes/assets/textures/red.png
05:14:40.307 [JavaFX Application Thread] DEBUG PrimaryStageWindow   - Push state: DialogSubScene
05:14:40.307 [JavaFX Application Thread] DEBUG Input                - Clearing active input actions
05:14:40.308 [JavaFX Application Thread] DEBUG GameApplicationServi - Removing overlay from GameScene and adding to DialogSubScene
05:14:40.308 [JavaFX Application Thread] DEBUG PrimaryStageWindow   - GameScene -> DialogSubScene
05:14:41.630 [JavaFX Application Thread] DEBUG PrimaryStageWindow   - Pop state: DialogSubScene
05:14:41.630 [JavaFX Application Thread] DEBUG Input                - Clearing active input actions
05:14:41.630 [JavaFX Application Thread] DEBUG GameApplicationServi - Removing overlay from DialogSubScene and adding to GameScene
05:14:41.631 [JavaFX Application Thread] DEBUG PrimaryStageWindow   - GameScene <- DialogSubScene
05:14:41.632 [JavaFX Application Thread] DEBUG FXGLAssetLoaderServi - Loading from file system: file:/E:/All%20About%20Dev/OOP/FXGL%20new%20Begining/final%20version/Tower%20Defender/Tower-Defender/target/classes/assets/textures/wildfire.png
05:14:41.663 [JavaFX Application Thread] DEBUG FXGLAssetLoaderServi - Loading from file system: file:/E:/All%20About%20Dev/OOP/FXGL%20new%20Begining/final%20version/Tower%20Defender/Tower-Defender/target/classes/assets/textures/green.png
05:14:45.529 [JavaFX Application Thread] DEBUG FXGLAssetLoaderServi - Loading from file system: file:/E:/All%20About%20Dev/OOP/FXGL%20new%20Begining/final%20version/Tower%20Defender/Tower-Defender/target/classes/assets/textures/bird.png
05:14:57.805 [JavaFX Application Thread] DEBUG PrimaryStageWindow   - Push state: DialogSubScene
05:14:57.806 [JavaFX Application Thread] DEBUG Input                - Clearing active input actions
05:14:57.807 [JavaFX Application Thread] DEBUG GameApplicationServi - Removing overlay from GameScene and adding to DialogSubScene
05:14:57.807 [JavaFX Application Thread] DEBUG PrimaryStageWindow   - GameScene -> DialogSubScene
05:14:59.390 [JavaFX Application Thread] DEBUG PrimaryStageWindow   - Pop state: DialogSubScene
05:14:59.390 [JavaFX Application Thread] DEBUG Input                - Clearing active input actions
05:14:59.392 [JavaFX Application Thread] DEBUG GameApplicationServi - Removing overlay from DialogSubScene and adding to GameScene
05:14:59.392 [JavaFX Application Thread] DEBUG PrimaryStageWindow   - GameScene <- DialogSubScene
05:15:02.053 [JavaFX Application Thread] DEBUG FXGLAssetLoaderServi - Loading from file system: file:/E:/All%20About%20Dev/OOP/FXGL%20new%20Begining/final%20version/Tower%20Defender/Tower-Defender/target/classes/assets/textures/wolf.png
05:15:02.529 [JavaFX Application Thread] DEBUG PrimaryStageWindow   - Push state: DialogSubScene
05:15:02.529 [JavaFX Application Thread] DEBUG Input                - Clearing active input actions
05:15:02.529 [JavaFX Application Thread] DEBUG GameApplicationServi - Removing overlay from GameScene and adding to DialogSubScene
05:15:02.529 [JavaFX Application Thread] DEBUG PrimaryStageWindow   - GameScene -> DialogSubScene
05:15:03.955 [JavaFX Application Thread] DEBUG PrimaryStageWindow   - Pop state: DialogSubScene
05:15:03.955 [JavaFX Application Thread] DEBUG Input                - Clearing active input actions
05:15:03.956 [JavaFX Application Thread] DEBUG GameApplicationServi - Removing overlay from DialogSubScene and adding to GameScene
05:15:03.956 [JavaFX Application Thread] DEBUG PrimaryStageWindow   - GameScene <- DialogSubScene
05:15:04.924 [JavaFX Application Thread] DEBUG PrimaryStageWindow   - Push state: DialogSubScene
05:15:04.925 [JavaFX Application Thread] DEBUG Input                - Clearing active input actions
05:15:04.925 [JavaFX Application Thread] DEBUG GameApplicationServi - Removing overlay from GameScene and adding to DialogSubScene
05:15:04.925 [JavaFX Application Thread] DEBUG PrimaryStageWindow   - GameScene -> DialogSubScene
05:15:06.462 [JavaFX Application Thread] DEBUG PrimaryStageWindow   - Pop state: DialogSubScene
05:15:06.462 [JavaFX Application Thread] DEBUG Input                - Clearing active input actions
05:15:06.462 [JavaFX Application Thread] DEBUG GameApplicationServi - Removing overlay from DialogSubScene and adding to GameScene
05:15:06.462 [JavaFX Application Thread] DEBUG PrimaryStageWindow   - GameScene <- DialogSubScene
05:15:06.463 [JavaFX Application Thread] DEBUG FXGLAssetLoaderServi - Loading from file system: file:/E:/All%20About%20Dev/OOP/FXGL%20new%20Begining/final%20version/Tower%20Defender/Tower-Defender/target/classes/assets/textures/spell.png
05:15:06.496 [JavaFX Application Thread] DEBUG FXGLAssetLoaderServi - Loading from file system: file:/E:/All%20About%20Dev/OOP/FXGL%20new%20Begining/final%20version/Tower%20Defender/Tower-Defender/target/classes/assets/textures/violet.png
05:15:19.660 [JavaFX Application Thread] DEBUG PrimaryStageWindow   - Push state: DialogSubScene
05:15:19.661 [JavaFX Application Thread] DEBUG Input                - Clearing active input actions
05:15:19.661 [JavaFX Application Thread] DEBUG GameApplicationServi - Removing overlay from GameScene and adding to DialogSubScene
05:15:19.661 [JavaFX Application Thread] DEBUG PrimaryStageWindow   - GameScene -> DialogSubScene
05:15:21.992 [JavaFX Application Thread] DEBUG PrimaryStageWindow   - Pop state: DialogSubScene
05:15:21.993 [JavaFX Application Thread] DEBUG Input                - Clearing active input actions
05:15:21.993 [JavaFX Application Thread] DEBUG GameApplicationServi - Removing overlay from DialogSubScene and adding to GameScene
05:15:21.993 [JavaFX Application Thread] DEBUG PrimaryStageWindow   - GameScene <- DialogSubScene
05:15:29.765 [JavaFX Application Thread] DEBUG FXGLAssetLoaderServi - Loading from file system: file:/E:/All%20About%20Dev/OOP/FXGL%20new%20Begining/final%20version/Tower%20Defender/Tower-Defender/target/classes/assets/textures/motherflame.png
05:15:32.755 [JavaFX Application Thread] WARN  GameWorld            - Attempted to remove entity which is not active
05:15:33.270 [JavaFX Application Thread] DEBUG PrimaryStageWindow   - Push state: DialogSubScene
05:15:33.270 [JavaFX Application Thread] DEBUG Input                - Clearing active input actions
05:15:33.271 [JavaFX Application Thread] DEBUG GameApplicationServi - Removing overlay from GameScene and adding to DialogSubScene
05:15:33.271 [JavaFX Application Thread] DEBUG PrimaryStageWindow   - GameScene -> DialogSubScene
05:15:34.843 [JavaFX Application Thread] DEBUG PrimaryStageWindow   - Pop state: DialogSubScene
05:15:34.844 [JavaFX Application Thread] DEBUG Input                - Clearing active input actions
05:15:34.844 [JavaFX Application Thread] DEBUG GameApplicationServi - Removing overlay from DialogSubScene and adding to GameScene
05:15:34.844 [JavaFX Application Thread] DEBUG PrimaryStageWindow   - GameScene <- DialogSubScene
05:15:34.845 [JavaFX Application Thread] DEBUG FXGLAssetLoaderServi - Loading from file system: file:/E:/All%20About%20Dev/OOP/FXGL%20new%20Begining/final%20version/Tower%20Defender/Tower-Defender/target/classes/assets/textures/wildfire2.png
05:15:34.863 [JavaFX Application Thread] DEBUG FXGLAssetLoaderServi - Loading from file system: file:/E:/All%20About%20Dev/OOP/FXGL%20new%20Begining/final%20version/Tower%20Defender/Tower-Defender/target/classes/assets/textures/blue.png
05:15:36.398 [JavaFX Application Thread] DEBUG PrimaryStageWindow   - Push state: DialogSubScene
05:15:36.398 [JavaFX Application Thread] DEBUG Input                - Clearing active input actions
05:15:36.399 [JavaFX Application Thread] DEBUG GameApplicationServi - Removing overlay from GameScene and adding to DialogSubScene
05:15:36.399 [JavaFX Application Thread] DEBUG PrimaryStageWindow   - GameScene -> DialogSubScene
05:15:37.848 [JavaFX Application Thread] DEBUG PrimaryStageWindow   - Pop state: DialogSubScene
05:15:37.848 [JavaFX Application Thread] DEBUG Input                - Clearing active input actions
05:15:37.849 [JavaFX Application Thread] DEBUG GameApplicationServi - Removing overlay from DialogSubScene and adding to GameScene
05:15:37.849 [JavaFX Application Thread] DEBUG PrimaryStageWindow   - GameScene <- DialogSubScene
05:15:37.851 [JavaFX Application Thread] DEBUG PrimaryStageWindow   - Push state: DialogSubScene
05:15:37.851 [JavaFX Application Thread] DEBUG Input                - Clearing active input actions
05:15:37.851 [JavaFX Application Thread] DEBUG GameApplicationServi - Removing overlay from GameScene and adding to DialogSubScene
05:15:37.851 [JavaFX Application Thread] DEBUG PrimaryStageWindow   - GameScene -> DialogSubScene
05:15:40.386 [JavaFX Application Thread] DEBUG PrimaryStageWindow   - Pop state: DialogSubScene
05:15:40.386 [JavaFX Application Thread] DEBUG Input                - Clearing active input actions
05:15:40.386 [JavaFX Application Thread] DEBUG GameApplicationServi - Removing overlay from DialogSubScene and adding to GameScene
05:15:40.386 [JavaFX Application Thread] DEBUG PrimaryStageWindow   - GameScene <- DialogSubScene
05:15:41.862 [JavaFX Application Thread] DEBUG PrimaryStageWindow   - Push state: DialogSubScene
05:15:41.862 [JavaFX Application Thread] DEBUG Input                - Clearing active input actions
05:15:41.862 [JavaFX Application Thread] DEBUG GameApplicationServi - Removing overlay from GameScene and adding to DialogSubScene
05:15:41.862 [JavaFX Application Thread] DEBUG PrimaryStageWindow   - GameScene -> DialogSubScene
05:15:43.260 [JavaFX Application Thread] DEBUG PrimaryStageWindow   - Pop state: DialogSubScene
05:15:43.260 [JavaFX Application Thread] DEBUG Input                - Clearing active input actions
05:15:43.261 [JavaFX Application Thread] DEBUG GameApplicationServi - Removing overlay from DialogSubScene and adding to GameScene
05:15:43.261 [JavaFX Application Thread] DEBUG PrimaryStageWindow   - GameScene <- DialogSubScene
05:15:43.261 [JavaFX Application Thread] DEBUG PrimaryStageWindow   - Push state: DialogSubScene
05:15:43.261 [JavaFX Application Thread] DEBUG Input                - Clearing active input actions
05:15:43.261 [JavaFX Application Thread] DEBUG GameApplicationServi - Removing overlay from GameScene and adding to DialogSubScene
05:15:43.261 [JavaFX Application Thread] DEBUG PrimaryStageWindow   - GameScene -> DialogSubScene
05:15:44.556 [JavaFX Application Thread] DEBUG PrimaryStageWindow   - Pop state: DialogSubScene
05:15:44.556 [JavaFX Application Thread] DEBUG Input                - Clearing active input actions
05:15:44.556 [JavaFX Application Thread] DEBUG GameApplicationServi - Removing overlay from DialogSubScene and adding to GameScene
05:15:44.556 [JavaFX Application Thread] DEBUG PrimaryStageWindow   - GameScene <- DialogSubScene
05:15:48.682 [JavaFX Application Thread] DEBUG PrimaryStageWindow   - Push state: DialogSubScene
05:15:48.683 [JavaFX Application Thread] DEBUG Input                - Clearing active input actions
05:15:48.683 [JavaFX Application Thread] DEBUG GameApplicationServi - Removing overlay from GameScene and adding to DialogSubScene
05:15:48.684 [JavaFX Application Thread] DEBUG PrimaryStageWindow   - GameScene -> DialogSubScene
05:15:50.402 [JavaFX Application Thread] DEBUG PrimaryStageWindow   - Pop state: DialogSubScene
05:15:50.402 [JavaFX Application Thread] DEBUG Input                - Clearing active input actions
05:15:50.403 [JavaFX Application Thread] DEBUG GameApplicationServi - Removing overlay from DialogSubScene and adding to GameScene
05:15:50.403 [JavaFX Application Thread] DEBUG PrimaryStageWindow   - GameScene <- DialogSubScene
05:15:53.933 [JavaFX Application Thread] DEBUG PrimaryStageWindow   - Push state: DialogSubScene
05:15:53.933 [JavaFX Application Thread] DEBUG Input                - Clearing active input actions
05:15:53.934 [JavaFX Application Thread] DEBUG GameApplicationServi - Removing overlay from GameScene and adding to DialogSubScene
05:15:53.934 [JavaFX Application Thread] DEBUG PrimaryStageWindow   - GameScene -> DialogSubScene
05:15:56.493 [JavaFX Application Thread] DEBUG PrimaryStageWindow   - Pop state: DialogSubScene
05:15:56.493 [JavaFX Application Thread] DEBUG Input                - Clearing active input actions
05:15:56.494 [JavaFX Application Thread] DEBUG GameApplicationServi - Removing overlay from DialogSubScene and adding to GameScene
05:15:56.494 [JavaFX Application Thread] DEBUG PrimaryStageWindow   - GameScene <- DialogSubScene
05:15:56.494 [JavaFX Application Thread] DEBUG LoopRunner           - Resuming loop
05:15:58.424 [JavaFX Application Thread] DEBUG PrimaryStageWindow   - Push state: DialogSubScene
05:15:58.424 [JavaFX Application Thread] DEBUG Input                - Clearing active input actions
05:15:58.424 [JavaFX Application Thread] DEBUG GameApplicationServi - Removing overlay from GameScene and adding to DialogSubScene
05:15:58.424 [JavaFX Application Thread] DEBUG PrimaryStageWindow   - GameScene -> DialogSubScene
05:16:00.110 [JavaFX Application Thread] DEBUG PrimaryStageWindow   - Pop state: DialogSubScene
05:16:00.110 [JavaFX Application Thread] DEBUG Input                - Clearing active input actions
05:16:00.110 [JavaFX Application Thread] DEBUG GameApplicationServi - Removing overlay from DialogSubScene and adding to GameScene
05:16:00.111 [JavaFX Application Thread] DEBUG PrimaryStageWindow   - GameScene <- DialogSubScene
05:16:01.048 [JavaFX Application Thread] DEBUG PrimaryStageWindow   - Push state: DialogSubScene
05:16:01.048 [JavaFX Application Thread] DEBUG Input                - Clearing active input actions
05:16:01.048 [JavaFX Application Thread] DEBUG GameApplicationServi - Removing overlay from GameScene and adding to DialogSubScene
05:16:01.048 [JavaFX Application Thread] DEBUG PrimaryStageWindow   - GameScene -> DialogSubScene
05:16:02.308 [JavaFX Application Thread] DEBUG PrimaryStageWindow   - Pop state: DialogSubScene
05:16:02.308 [JavaFX Application Thread] DEBUG Input                - Clearing active input actions
05:16:02.310 [JavaFX Application Thread] DEBUG GameApplicationServi - Removing overlay from DialogSubScene and adding to GameScene
05:16:02.310 [JavaFX Application Thread] DEBUG PrimaryStageWindow   - GameScene <- DialogSubScene
05:16:02.946 [JavaFX Application Thread] WARN  GameWorld            - Attempted to remove entity which is not active
05:16:03.074 [JavaFX Application Thread] WARN  GameWorld            - Attempted to remove entity which is not active
05:16:04.491 [JavaFX Application Thread] DEBUG PrimaryStageWindow   - Push state: DialogSubScene
05:16:04.491 [JavaFX Application Thread] DEBUG Input                - Clearing active input actions
05:16:04.492 [JavaFX Application Thread] DEBUG GameApplicationServi - Removing overlay from GameScene and adding to DialogSubScene
05:16:04.492 [JavaFX Application Thread] DEBUG PrimaryStageWindow   - GameScene -> DialogSubScene
05:16:05.540 [JavaFX Application Thread] DEBUG PrimaryStageWindow   - Pop state: DialogSubScene
05:16:05.540 [JavaFX Application Thread] DEBUG Input                - Clearing active input actions
05:16:05.540 [JavaFX Application Thread] DEBUG GameApplicationServi - Removing overlay from DialogSubScene and adding to GameScene
05:16:05.540 [JavaFX Application Thread] DEBUG PrimaryStageWindow   - GameScene <- DialogSubScene
05:16:05.541 [JavaFX Application Thread] DEBUG PrimaryStageWindow   - Push state: DialogSubScene
05:16:05.541 [JavaFX Application Thread] DEBUG Input                - Clearing active input actions
05:16:05.542 [JavaFX Application Thread] DEBUG GameApplicationServi - Removing overlay from GameScene and adding to DialogSubScene
05:16:05.542 [JavaFX Application Thread] DEBUG PrimaryStageWindow   - GameScene -> DialogSubScene
05:16:06.810 [JavaFX Application Thread] DEBUG PrimaryStageWindow   - Pop state: DialogSubScene
05:16:06.810 [JavaFX Application Thread] DEBUG Input                - Clearing active input actions
05:16:06.812 [JavaFX Application Thread] DEBUG GameApplicationServi - Removing overlay from DialogSubScene and adding to GameScene
05:16:06.812 [JavaFX Application Thread] DEBUG PrimaryStageWindow   - GameScene <- DialogSubScene
05:16:09.139 [JavaFX Application Thread] DEBUG PrimaryStageWindow   - Push state: DialogSubScene
05:16:09.140 [JavaFX Application Thread] DEBUG Input                - Clearing active input actions
05:16:09.140 [JavaFX Application Thread] DEBUG GameApplicationServi - Removing overlay from GameScene and adding to DialogSubScene
05:16:09.140 [JavaFX Application Thread] DEBUG PrimaryStageWindow   - GameScene -> DialogSubScene
05:16:10.724 [JavaFX Application Thread] DEBUG PrimaryStageWindow   - Pop state: DialogSubScene
05:16:10.724 [JavaFX Application Thread] DEBUG Input                - Clearing active input actions
05:16:10.724 [JavaFX Application Thread] DEBUG GameApplicationServi - Removing overlay from DialogSubScene and adding to GameScene
05:16:10.724 [JavaFX Application Thread] DEBUG PrimaryStageWindow   - GameScene <- DialogSubScene
05:16:11.886 [JavaFX Application Thread] DEBUG PrimaryStageWindow   - Push state: DialogSubScene
05:16:11.886 [JavaFX Application Thread] DEBUG Input                - Clearing active input actions
05:16:11.887 [JavaFX Application Thread] DEBUG GameApplicationServi - Removing overlay from GameScene and adding to DialogSubScene
05:16:11.887 [JavaFX Application Thread] DEBUG PrimaryStageWindow   - GameScene -> DialogSubScene
05:16:13.443 [JavaFX Application Thread] DEBUG PrimaryStageWindow   - Pop state: DialogSubScene
05:16:13.443 [JavaFX Application Thread] DEBUG Input                - Clearing active input actions
05:16:13.444 [JavaFX Application Thread] DEBUG GameApplicationServi - Removing overlay from DialogSubScene and adding to GameScene
05:16:13.444 [JavaFX Application Thread] DEBUG PrimaryStageWindow   - GameScene <- DialogSubScene
05:16:13.810 [JavaFX Application Thread] WARN  GameWorld            - Attempted to remove entity which is not active
05:16:15.157 [JavaFX Application Thread] DEBUG PrimaryStageWindow   - Push state: DialogSubScene
05:16:15.157 [JavaFX Application Thread] DEBUG Input                - Clearing active input actions
05:16:15.157 [JavaFX Application Thread] DEBUG GameApplicationServi - Removing overlay from GameScene and adding to DialogSubScene
05:16:15.157 [JavaFX Application Thread] DEBUG PrimaryStageWindow   - GameScene -> DialogSubScene
05:16:16.416 [JavaFX Application Thread] DEBUG PrimaryStageWindow   - Pop state: DialogSubScene
05:16:16.416 [JavaFX Application Thread] DEBUG Input                - Clearing active input actions
05:16:16.417 [JavaFX Application Thread] DEBUG GameApplicationServi - Removing overlay from DialogSubScene and adding to GameScene
05:16:16.417 [JavaFX Application Thread] DEBUG PrimaryStageWindow   - GameScene <- DialogSubScene
05:16:18.253 [JavaFX Application Thread] DEBUG PrimaryStageWindow   - Push state: DialogSubScene
05:16:18.253 [JavaFX Application Thread] DEBUG Input                - Clearing active input actions
05:16:18.253 [JavaFX Application Thread] DEBUG GameApplicationServi - Removing overlay from GameScene and adding to DialogSubScene
05:16:18.253 [JavaFX Application Thread] DEBUG PrimaryStageWindow   - GameScene -> DialogSubScene
05:16:19.798 [JavaFX Application Thread] DEBUG PrimaryStageWindow   - Pop state: DialogSubScene
05:16:19.798 [JavaFX Application Thread] DEBUG Input                - Clearing active input actions
05:16:19.799 [JavaFX Application Thread] DEBUG GameApplicationServi - Removing overlay from DialogSubScene and adding to GameScene
05:16:19.799 [JavaFX Application Thread] DEBUG PrimaryStageWindow   - GameScene <- DialogSubScene
05:16:20.508 [JavaFX Application Thread] DEBUG PrimaryStageWindow   - Push state: DialogSubScene
05:16:20.508 [JavaFX Application Thread] DEBUG Input                - Clearing active input actions
05:16:20.509 [JavaFX Application Thread] DEBUG GameApplicationServi - Removing overlay from GameScene and adding to DialogSubScene
05:16:20.509 [JavaFX Application Thread] DEBUG PrimaryStageWindow   - GameScene -> DialogSubScene
05:16:21.544 [JavaFX Application Thread] DEBUG PrimaryStageWindow   - Pop state: DialogSubScene
05:16:21.544 [JavaFX Application Thread] DEBUG Input                - Clearing active input actions
05:16:21.545 [JavaFX Application Thread] DEBUG GameApplicationServi - Removing overlay from DialogSubScene and adding to GameScene
05:16:21.545 [JavaFX Application Thread] DEBUG PrimaryStageWindow   - GameScene <- DialogSubScene
05:16:33.894 [JavaFX Application Thread] DEBUG PrimaryStageWindow   - Push state: DialogSubScene
05:16:33.894 [JavaFX Application Thread] DEBUG Input                - Clearing active input actions
05:16:33.895 [JavaFX Application Thread] DEBUG GameApplicationServi - Removing overlay from GameScene and adding to DialogSubScene
05:16:33.895 [JavaFX Application Thread] DEBUG PrimaryStageWindow   - GameScene -> DialogSubScene
05:16:41.684 [JavaFX Application Thread] DEBUG PrimaryStageWindow   - Pop state: DialogSubScene
05:16:41.684 [JavaFX Application Thread] DEBUG Input                - Clearing active input actions
05:16:41.686 [JavaFX Application Thread] DEBUG GameApplicationServi - Removing overlay from DialogSubScene and adding to GameScene
05:16:41.686 [JavaFX Application Thread] DEBUG PrimaryStageWindow   - GameScene <- DialogSubScene
05:16:41.686 [JavaFX Application Thread] DEBUG FXGLApplication      - Exiting FXGL
05:16:41.686 [JavaFX Application Thread] DEBUG LoopRunner           - Stopping loop
05:16:41.686 [JavaFX Application Thread] DEBUG SystemBundleService  - Saving FXGL system data
05:16:41.691 [JavaFX Application Thread] DEBUG FileSystemAccess     - Writing to: E:\All About Dev\OOP\FXGL new Begining\final version\Tower Defender\Tower-Defender\system\fxgl.bundle
05:16:41.697 [JavaFX Application Thread] DEBUG Async                - Shutting down background threads
05:16:41.697 [JavaFX Application Thread] DEBUG PrimaryStageWindow   - Closing main window
05:16:41.743 [JavaFX Application Thread] DEBUG Logger               - Closing Logger
