05:06:51.260 [main                     ] DEBUG Logger               - Configured Logger
05:06:51.293 [main                     ] DEBUG GameApplication      - Logging settings
Title: Ghost Hunter
Version: 1.0
Width: 1280
Height: 800
Fullscreen: true
Intro: false
Profiling: false
Single step:false
App Mode: DEVELOPER
Menu Key: ESCAPE
Stage Style: DECORATED
Scene Factory: class com.almasb.fxgl.app.scene.SceneFactory

05:06:51.801 [JavaFX Application Thread] DEBUG FXGLApplication      - Initializing FXGL
05:06:51.807 [JavaFX Application Thread] INFO  Engine               - FXGL-21.1 (27.03.2024 07.52) on WINDOWS (J:21.0.9 FX:21.0.1)
05:06:51.807 [JavaFX Application Thread] DEBUG Engine               - JRE Vendor Name: Oracle Corporation
05:06:51.808 [JavaFX Application Thread] DEBUG Engine               - Running on OS: Windows 11 version 10.0
05:06:51.808 [JavaFX Application Thread] DEBUG Engine               - Architecture: amd64
05:06:51.808 [JavaFX Application Thread] INFO  Engine               - Source code and latest versions at: https://github.com/AlmasB/FXGL
05:06:51.808 [JavaFX Application Thread] INFO  Engine               -       Ask questions and discuss at: https://github.com/AlmasB/FXGL/discussions
05:06:51.808 [JavaFX Application Thread] INFO  Engine               -              Join the FXGL chat at: https://gitter.im/AlmasB/FXGL
05:06:51.915 [JavaFX Application Thread] DEBUG PrimaryStageWindow   - Creating a JavaFX scene
05:06:51.966 [JavaFX Application Thread] DEBUG PrimaryStageWindow   - Target settings size: 1280.0 x 800.0
05:06:51.966 [JavaFX Application Thread] DEBUG PrimaryStageWindow   - Scaled scene size:    1280.0 x 800.0
05:06:51.967 [JavaFX Application Thread] DEBUG PrimaryStageWindow   - Scaled ratio: (1.0, 1.0)
05:06:51.968 [JavaFX Application Thread] DEBUG PrimaryStageWindow   - Set initial scene to FXGLStartupScene
05:06:51.973 [JavaFX Application Thread] DEBUG PrimaryStageWindow   - Opening main window
05:06:52.121 [JavaFX Application Thread] DEBUG PrimaryStageWindow   - Window border size: (14.4000244140625, 37.5999755859375)
05:06:52.121 [JavaFX Application Thread] DEBUG PrimaryStageWindow   - Scaled size: 1280.0 x 800.0
05:06:52.122 [JavaFX Application Thread] DEBUG PrimaryStageWindow   - Scaled ratio: (1.0, 1.0)
05:06:52.122 [JavaFX Application Thread] DEBUG PrimaryStageWindow   - Scene size: 1280.0 x 800.0
05:06:52.122 [JavaFX Application Thread] DEBUG PrimaryStageWindow   - Stage size: 1294.4000244140625 x 837.5999755859375
05:06:52.136 [FXGL Background Thread 1 ] DEBUG Engine               - Initializing environment variables
05:06:52.229 [FXGL Background Thread 1 ] DEBUG FXGLAssetLoaderServi - User app class for loading assets: class org.saikat.Game
05:06:52.230 [FXGL Background Thread 1 ] DEBUG GameApplicationServi - Applying CSS: fxgl_dark.css
05:06:52.231 [FXGL Background Thread 1 ] DEBUG FXGLAssetLoaderServi - Loading from file system: jar:file:/C:/Users/HP/.m2/repository/com/github/almasb/fxgl/21.1/fxgl-21.1.jar!/fxglassets/ui/css/fxgl_dark.css
05:06:52.295 [FXGL Background Thread 1 ] DEBUG GameApplicationServi - Initializing application scenes
05:06:52.357 [FXGL Background Thread 1 ] DEBUG GameWorld            - Game world initialized
05:06:52.459 [FXGL Background Thread 1 ] DEBUG PhysicsWorld         - Physics world initialized: appHeight=800, physics.ppm=50.0
05:06:52.460 [FXGL Background Thread 1 ] DEBUG PhysicsWorld         - Using strategy: BRUTE_FORCE
05:06:52.463 [FXGL Background Thread 1 ] DEBUG GameScene            - Game scene initialized: 1280x800
05:06:52.475 [FXGL Background Thread 1 ] DEBUG FXGL.DefaultMenu     - createMenuBodyMainMenu()
05:06:52.489 [FXGL Background Thread 1 ] DEBUG FXGL.DefaultMenu     - createOptionsMenu()
05:06:52.499 [FXGL Background Thread 1 ] DEBUG FXGLAssetLoaderServi - Loading from file system: jar:file:/C:/Users/HP/.m2/repository/com/github/almasb/fxgl/21.1/fxgl-21.1.jar!/fxglassets/textures/particles/smoke.png
05:06:52.628 [FXGL Background Thread 1 ] DEBUG FXGLAssetLoaderServi - Loading from file system: jar:file:/C:/Users/HP/.m2/repository/com/github/almasb/fxgl/21.1/fxgl-21.1.jar!/fxglassets/textures/particles/trace_horizontal.png
05:06:52.661 [FXGL Background Thread 1 ] DEBUG FXGL.DefaultMenu     - createMenuBodyGameMenu()
05:06:52.662 [FXGL Background Thread 1 ] DEBUG FXGL.DefaultMenu     - createOptionsMenu()
05:06:52.673 [FXGL Background Thread 1 ] DEBUG GameApplicationServi - Application scenes initialized
05:06:52.689 [FXGL Background Thread 1 ] DEBUG SystemBundleService  - Loading FXGL system data
05:06:52.694 [FXGL Background Thread 1 ] DEBUG FileSystemAccess     - Reading from: E:\All About Dev\OOP\FXGL new Begining\final version\Tower Defender\Tower-Defender\system\fxgl.bundle
05:06:52.703 [FXGL Background Thread 1 ] DEBUG SystemBundleService  - Bundle FXGL: {}
05:06:52.703 [FXGL Background Thread 1 ] DEBUG UpdaterService       - Checking for updates
05:06:52.707 [FXGL Background Thread 4 ] DEBUG FXGLApplication      - Loading fonts
05:06:52.707 [FXGL Background Thread 1 ] DEBUG FXGLApplication      - Loading default localization
05:06:52.708 [FXGL Background Thread 4 ] DEBUG FXGLAssetLoaderServi - Loading from file system: jar:file:/C:/Users/HP/.m2/repository/com/github/almasb/fxgl/21.1/fxgl-21.1.jar!/fxglassets/ui/fonts/VarelaRound-Regular.ttf
05:06:52.708 [FXGL Background Thread 1 ] DEBUG FXGLAssetLoaderServi - Loading from file system: jar:file:/C:/Users/HP/.m2/repository/com/github/almasb/fxgl/21.1/fxgl-21.1.jar!/fxglassets/languages/english.lang
05:06:52.747 [FXGL Background Thread 1 ] INFO  FXGLApplication      - FXGL initialization took: 0.610 sec
05:06:52.759 [JavaFX Application Thread] DEBUG Input                - Registered new binding: add tower - LMB
05:06:52.759 [JavaFX Application Thread] DEBUG Input                - Registered new binding: remove tower - RMB
05:06:52.760 [JavaFX Application Thread] DEBUG FXGLAssetLoaderServi - Loading from file system: jar:file:/C:/Users/HP/.m2/repository/com/github/almasb/fxgl/21.1/fxgl-21.1.jar!/fxglassets/textures/fxgl_icon.png
05:06:52.760 [FXGL Background Thread 4 ] DEBUG FXGLAssetLoaderServi - Loading from file system: jar:file:/C:/Users/HP/.m2/repository/com/github/almasb/fxgl/21.1/fxgl-21.1.jar!/fxglassets/ui/fonts/Abel-Regular.ttf
05:06:52.766 [FXGL Background Thread 4 ] DEBUG FXGLAssetLoaderServi - Loading from file system: jar:file:/C:/Users/HP/.m2/repository/com/github/almasb/fxgl/21.1/fxgl-21.1.jar!/fxglassets/ui/fonts/TerminalLandMono-Regular.otf
05:06:52.772 [FXGL Background Thread 4 ] DEBUG FXGLAssetLoaderServi - Loading from file system: jar:file:/C:/Users/HP/.m2/repository/com/github/almasb/fxgl/21.1/fxgl-21.1.jar!/fxglassets/ui/fonts/Courier-Prime.ttf
05:06:52.791 [JavaFX Application Thread] DEBUG FXGLAssetLoaderServi - Loading from file system: jar:file:/C:/Users/HP/.m2/repository/com/github/almasb/fxgl/21.1/fxgl-21.1.jar!/fxglassets/textures/fxgl_default_cursor.png
05:06:52.800 [JavaFX Application Thread] DEBUG Input                - Registered new binding: Screenshot - CTRL+8
05:06:52.801 [JavaFX Application Thread] DEBUG Input                - Registered new binding: System info dump - CTRL+9
05:06:52.802 [JavaFX Application Thread] DEBUG Input                - Registered new binding: Restart - CTRL+R
05:06:52.803 [JavaFX Application Thread] DEBUG Input                - Registered new binding: Toggle Debug Camera - CTRL+7
05:06:52.808 [JavaFX Application Thread] DEBUG LoopRunner           - Starting loop
05:06:52.808 [JavaFX Application Thread] DEBUG LoopRunner           - Initializing JavaFX AnimationTimerLoop
05:06:52.812 [JavaFX Application Thread] DEBUG Input                - Clearing active input actions
05:06:52.819 [JavaFX Application Thread] DEBUG GameApplicationServi - Removing overlay from FXGLStartupScene and adding to FXGLMainMenuDummyScene
05:06:52.820 [JavaFX Application Thread] DEBUG PrimaryStageWindow   - FXGLStartupScene -> FXGLMainMenuDummyScene
05:06:52.820 [JavaFX Application Thread] DEBUG PrimaryStageWindow   - Push state: FXGLDefaultMenu
05:06:52.830 [JavaFX Application Thread] DEBUG Input                - Clearing active input actions
05:06:52.845 [JavaFX Application Thread] DEBUG GameApplicationServi - Removing overlay from FXGLMainMenuDummyScene and adding to FXGLDefaultMenu
05:06:52.846 [JavaFX Application Thread] DEBUG PrimaryStageWindow   - FXGLMainMenuDummyScene -> FXGLDefaultMenu
05:06:52.874 [JavaFX Application Thread] DEBUG FXGLApplication      - Registering font factories with UI factory
05:06:54.480 [FXGL Background Thread 2 ] INFO  UpdaterService       - Your current version:  21.1
05:06:54.480 [FXGL Background Thread 2 ] INFO  UpdaterService       - Latest stable version: 25
05:06:54.529 [JavaFX Application Thread] DEBUG Menu                 - fireNewGame()
05:06:54.529 [JavaFX Application Thread] DEBUG GameApplicationServi - Starting new game
05:06:54.533 [JavaFX Application Thread] DEBUG PrimaryStageWindow   - Pop state: FXGLDefaultMenu
05:06:54.533 [JavaFX Application Thread] DEBUG Input                - Clearing active input actions
05:06:54.534 [JavaFX Application Thread] DEBUG GameApplicationServi - Removing overlay from FXGLDefaultMenu and adding to FXGLMainMenuDummyScene
05:06:54.535 [JavaFX Application Thread] DEBUG PrimaryStageWindow   - FXGLMainMenuDummyScene <- FXGLDefaultMenu
05:06:54.535 [JavaFX Application Thread] DEBUG Input                - Clearing active input actions
05:06:54.541 [JavaFX Application Thread] DEBUG GameApplicationServi - Removing overlay from FXGLMainMenuDummyScene and adding to FXGLLoadingScene
05:06:54.541 [JavaFX Application Thread] DEBUG PrimaryStageWindow   - FXGLMainMenuDummyScene -> FXGLLoadingScene
05:06:54.541 [JavaFX Application Thread] DEBUG GameApplicationServi - Clearing previous game
05:06:54.541 [JavaFX Application Thread] DEBUG GameScene            - Clearing game scene
05:06:54.541 [JavaFX Application Thread] DEBUG GameWorld            - Clearing game world
05:06:54.541 [JavaFX Application Thread] DEBUG PhysicsWorld         - Clearing physics world
05:06:54.543 [FXGL Background Thread 2 ] DEBUG FXGLApplication      - Initializing game
05:06:54.610 [FXGL Background Thread 2 ] WARN  TMXLevelLoader       - TiledMap generated from 1.12.2. Supported version: 1.9.0. Some features may not be parsed fully.
05:06:54.628 [FXGL Background Thread 2 ] DEBUG TMXLevelLoader       - Parsed TiledMap: file:/E:/All%20About%20Dev/OOP/FXGL%20new%20Begining/final%20version/Tower%20Defender/Tower-Defender/target/classes/assets/levels/wall.tmx
05:06:54.630 [FXGL Background Thread 2 ] DEBUG TMXLevelLoader       - Creating tile layer entities
05:06:54.632 [FXGL Background Thread 2 ] DEBUG TilesetLoader        - Loading view for layer icons
05:06:54.634 [FXGL Background Thread 2 ] DEBUG TilesetLoader        - Created buffer with size 1280.0x800.0
05:06:54.655 [FXGL Background Thread 2 ] DEBUG TilesetLoader        - Loading view for layer background
05:06:54.657 [FXGL Background Thread 2 ] DEBUG TilesetLoader        - Created buffer with size 1280.0x800.0
05:06:54.740 [FXGL Background Thread 2 ] DEBUG TilesetLoader        - Loading view for layer tower spot layer
05:06:54.742 [FXGL Background Thread 2 ] DEBUG TilesetLoader        - Created buffer with size 1280.0x800.0
05:06:54.762 [FXGL Background Thread 2 ] DEBUG TilesetLoader        - Loading view for layer Road
05:06:54.764 [FXGL Background Thread 2 ] DEBUG TilesetLoader        - Created buffer with size 1280.0x800.0
05:06:54.773 [FXGL Background Thread 2 ] DEBUG TilesetLoader        - Loading view for layer road2
05:06:54.774 [FXGL Background Thread 2 ] DEBUG TilesetLoader        - Created buffer with size 1280.0x800.0
05:06:54.776 [FXGL Background Thread 2 ] WARN  TilesetLoader        - Diagonally flipped tiles are not currently supported
05:06:54.777 [FXGL Background Thread 2 ] WARN  TilesetLoader        - Diagonally flipped tiles are not currently supported
05:06:54.779 [FXGL Background Thread 2 ] WARN  TilesetLoader        - Diagonally flipped tiles are not currently supported
05:06:54.779 [FXGL Background Thread 2 ] WARN  TilesetLoader        - Diagonally flipped tiles are not currently supported
05:06:54.779 [FXGL Background Thread 2 ] WARN  TilesetLoader        - Diagonally flipped tiles are not currently supported
05:06:54.780 [FXGL Background Thread 2 ] WARN  TilesetLoader        - Diagonally flipped tiles are not currently supported
05:06:54.780 [FXGL Background Thread 2 ] WARN  TilesetLoader        - Diagonally flipped tiles are not currently supported
05:06:54.780 [FXGL Background Thread 2 ] WARN  TilesetLoader        - Diagonally flipped tiles are not currently supported
05:06:54.781 [FXGL Background Thread 2 ] WARN  TilesetLoader        - Diagonally flipped tiles are not currently supported
05:06:54.781 [FXGL Background Thread 2 ] WARN  TilesetLoader        - Diagonally flipped tiles are not currently supported
05:06:54.781 [FXGL Background Thread 2 ] WARN  TilesetLoader        - Diagonally flipped tiles are not currently supported
05:06:54.781 [FXGL Background Thread 2 ] WARN  TilesetLoader        - Diagonally flipped tiles are not currently supported
05:06:54.781 [FXGL Background Thread 2 ] WARN  TilesetLoader        - Diagonally flipped tiles are not currently supported
05:06:54.782 [FXGL Background Thread 2 ] WARN  TilesetLoader        - Diagonally flipped tiles are not currently supported
05:06:54.782 [FXGL Background Thread 2 ] WARN  TilesetLoader        - Diagonally flipped tiles are not currently supported
05:06:54.782 [FXGL Background Thread 2 ] WARN  TilesetLoader        - Diagonally flipped tiles are not currently supported
05:06:54.782 [FXGL Background Thread 2 ] WARN  TilesetLoader        - Diagonally flipped tiles are not currently supported
05:06:54.783 [FXGL Background Thread 2 ] WARN  TilesetLoader        - Diagonally flipped tiles are not currently supported
05:06:54.783 [FXGL Background Thread 2 ] WARN  TilesetLoader        - Diagonally flipped tiles are not currently supported
05:06:54.783 [FXGL Background Thread 2 ] WARN  TilesetLoader        - Diagonally flipped tiles are not currently supported
05:06:54.784 [FXGL Background Thread 2 ] WARN  TilesetLoader        - Diagonally flipped tiles are not currently supported
05:06:54.784 [FXGL Background Thread 2 ] WARN  TilesetLoader        - Diagonally flipped tiles are not currently supported
05:06:54.784 [FXGL Background Thread 2 ] WARN  TilesetLoader        - Diagonally flipped tiles are not currently supported
05:06:54.785 [FXGL Background Thread 2 ] WARN  TilesetLoader        - Diagonally flipped tiles are not currently supported
05:06:54.785 [FXGL Background Thread 2 ] WARN  TilesetLoader        - Diagonally flipped tiles are not currently supported
05:06:54.785 [FXGL Background Thread 2 ] WARN  TilesetLoader        - Diagonally flipped tiles are not currently supported
05:06:54.786 [FXGL Background Thread 2 ] WARN  TilesetLoader        - Diagonally flipped tiles are not currently supported
05:06:54.786 [FXGL Background Thread 2 ] WARN  TilesetLoader        - Diagonally flipped tiles are not currently supported
05:06:54.786 [FXGL Background Thread 2 ] WARN  TilesetLoader        - Diagonally flipped tiles are not currently supported
05:06:54.787 [FXGL Background Thread 2 ] WARN  TilesetLoader        - Diagonally flipped tiles are not currently supported
05:06:54.787 [FXGL Background Thread 2 ] WARN  TilesetLoader        - Diagonally flipped tiles are not currently supported
05:06:54.787 [FXGL Background Thread 2 ] WARN  TilesetLoader        - Diagonally flipped tiles are not currently supported
05:06:54.788 [FXGL Background Thread 2 ] WARN  TilesetLoader        - Diagonally flipped tiles are not currently supported
05:06:54.788 [FXGL Background Thread 2 ] WARN  TilesetLoader        - Diagonally flipped tiles are not currently supported
05:06:54.788 [FXGL Background Thread 2 ] WARN  TilesetLoader        - Diagonally flipped tiles are not currently supported
05:06:54.789 [FXGL Background Thread 2 ] WARN  TilesetLoader        - Diagonally flipped tiles are not currently supported
05:06:54.789 [FXGL Background Thread 2 ] WARN  TilesetLoader        - Diagonally flipped tiles are not currently supported
05:06:54.789 [FXGL Background Thread 2 ] WARN  TilesetLoader        - Diagonally flipped tiles are not currently supported
05:06:54.790 [FXGL Background Thread 2 ] WARN  TilesetLoader        - Diagonally flipped tiles are not currently supported
05:06:54.790 [FXGL Background Thread 2 ] WARN  TilesetLoader        - Diagonally flipped tiles are not currently supported
05:06:54.790 [FXGL Background Thread 2 ] WARN  TilesetLoader        - Diagonally flipped tiles are not currently supported
05:06:54.791 [FXGL Background Thread 2 ] WARN  TilesetLoader        - Diagonally flipped tiles are not currently supported
05:06:54.791 [FXGL Background Thread 2 ] WARN  TilesetLoader        - Diagonally flipped tiles are not currently supported
05:06:54.791 [FXGL Background Thread 2 ] WARN  TilesetLoader        - Diagonally flipped tiles are not currently supported
05:06:54.792 [FXGL Background Thread 2 ] WARN  TilesetLoader        - Diagonally flipped tiles are not currently supported
05:06:54.792 [FXGL Background Thread 2 ] WARN  TilesetLoader        - Diagonally flipped tiles are not currently supported
05:06:54.792 [FXGL Background Thread 2 ] WARN  TilesetLoader        - Diagonally flipped tiles are not currently supported
05:06:54.793 [FXGL Background Thread 2 ] WARN  TilesetLoader        - Diagonally flipped tiles are not currently supported
05:06:54.793 [FXGL Background Thread 2 ] WARN  TilesetLoader        - Diagonally flipped tiles are not currently supported
05:06:54.793 [FXGL Background Thread 2 ] WARN  TilesetLoader        - Diagonally flipped tiles are not currently supported
05:06:54.794 [FXGL Background Thread 2 ] WARN  TilesetLoader        - Diagonally flipped tiles are not currently supported
05:06:54.794 [FXGL Background Thread 2 ] WARN  TilesetLoader        - Diagonally flipped tiles are not currently supported
05:06:54.794 [FXGL Background Thread 2 ] WARN  TilesetLoader        - Diagonally flipped tiles are not currently supported
05:06:54.794 [FXGL Background Thread 2 ] WARN  TilesetLoader        - Diagonally flipped tiles are not currently supported
05:06:54.795 [FXGL Background Thread 2 ] WARN  TilesetLoader        - Diagonally flipped tiles are not currently supported
05:06:54.795 [FXGL Background Thread 2 ] WARN  TilesetLoader        - Diagonally flipped tiles are not currently supported
05:06:54.795 [FXGL Background Thread 2 ] WARN  TilesetLoader        - Diagonally flipped tiles are not currently supported
05:06:54.796 [FXGL Background Thread 2 ] WARN  TilesetLoader        - Diagonally flipped tiles are not currently supported
05:06:54.796 [FXGL Background Thread 2 ] WARN  TilesetLoader        - Diagonally flipped tiles are not currently supported
05:06:54.796 [FXGL Background Thread 2 ] WARN  TilesetLoader        - Diagonally flipped tiles are not currently supported
05:06:54.797 [FXGL Background Thread 2 ] WARN  TilesetLoader        - Diagonally flipped tiles are not currently supported
05:06:54.797 [FXGL Background Thread 2 ] WARN  TilesetLoader        - Diagonally flipped tiles are not currently supported
05:06:54.797 [FXGL Background Thread 2 ] WARN  TilesetLoader        - Diagonally flipped tiles are not currently supported
05:06:54.798 [FXGL Background Thread 2 ] WARN  TilesetLoader        - Diagonally flipped tiles are not currently supported
05:06:54.798 [FXGL Background Thread 2 ] WARN  TilesetLoader        - Diagonally flipped tiles are not currently supported
05:06:54.799 [FXGL Background Thread 2 ] WARN  TilesetLoader        - Diagonally flipped tiles are not currently supported
05:06:54.799 [FXGL Background Thread 2 ] WARN  TilesetLoader        - Diagonally flipped tiles are not currently supported
05:06:54.799 [FXGL Background Thread 2 ] WARN  TilesetLoader        - Diagonally flipped tiles are not currently supported
05:06:54.800 [FXGL Background Thread 2 ] WARN  TilesetLoader        - Diagonally flipped tiles are not currently supported
05:06:54.800 [FXGL Background Thread 2 ] WARN  TilesetLoader        - Diagonally flipped tiles are not currently supported
05:06:54.801 [FXGL Background Thread 2 ] WARN  TilesetLoader        - Diagonally flipped tiles are not currently supported
05:06:54.801 [FXGL Background Thread 2 ] WARN  TilesetLoader        - Diagonally flipped tiles are not currently supported
05:06:54.802 [FXGL Background Thread 2 ] WARN  TilesetLoader        - Diagonally flipped tiles are not currently supported
05:06:54.802 [FXGL Background Thread 2 ] WARN  TilesetLoader        - Diagonally flipped tiles are not currently supported
05:06:54.803 [FXGL Background Thread 2 ] WARN  TilesetLoader        - Diagonally flipped tiles are not currently supported
05:06:54.803 [FXGL Background Thread 2 ] WARN  TilesetLoader        - Diagonally flipped tiles are not currently supported
05:06:54.804 [FXGL Background Thread 2 ] WARN  TilesetLoader        - Diagonally flipped tiles are not currently supported
05:06:54.804 [FXGL Background Thread 2 ] WARN  TilesetLoader        - Diagonally flipped tiles are not currently supported
05:06:54.804 [FXGL Background Thread 2 ] WARN  TilesetLoader        - Diagonally flipped tiles are not currently supported
05:06:54.805 [FXGL Background Thread 2 ] WARN  TilesetLoader        - Diagonally flipped tiles are not currently supported
05:06:54.809 [FXGL Background Thread 2 ] WARN  TilesetLoader        - Diagonally flipped tiles are not currently supported
05:06:54.809 [FXGL Background Thread 2 ] WARN  TilesetLoader        - Diagonally flipped tiles are not currently supported
05:06:54.810 [FXGL Background Thread 2 ] WARN  TilesetLoader        - Diagonally flipped tiles are not currently supported
05:06:54.810 [FXGL Background Thread 2 ] WARN  TilesetLoader        - Diagonally flipped tiles are not currently supported
05:06:54.810 [FXGL Background Thread 2 ] WARN  TilesetLoader        - Diagonally flipped tiles are not currently supported
05:06:54.810 [FXGL Background Thread 2 ] WARN  TilesetLoader        - Diagonally flipped tiles are not currently supported
05:06:54.811 [FXGL Background Thread 2 ] WARN  TilesetLoader        - Diagonally flipped tiles are not currently supported
05:06:54.811 [FXGL Background Thread 2 ] WARN  TilesetLoader        - Diagonally flipped tiles are not currently supported
05:06:54.811 [FXGL Background Thread 2 ] WARN  TilesetLoader        - Diagonally flipped tiles are not currently supported
05:06:54.812 [FXGL Background Thread 2 ] WARN  TilesetLoader        - Diagonally flipped tiles are not currently supported
05:06:54.812 [FXGL Background Thread 2 ] WARN  TilesetLoader        - Diagonally flipped tiles are not currently supported
05:06:54.812 [FXGL Background Thread 2 ] WARN  TilesetLoader        - Diagonally flipped tiles are not currently supported
05:06:54.812 [FXGL Background Thread 2 ] WARN  TilesetLoader        - Diagonally flipped tiles are not currently supported
05:06:54.812 [FXGL Background Thread 2 ] WARN  TilesetLoader        - Diagonally flipped tiles are not currently supported
05:06:54.813 [FXGL Background Thread 2 ] WARN  TilesetLoader        - Diagonally flipped tiles are not currently supported
05:06:54.813 [FXGL Background Thread 2 ] WARN  TilesetLoader        - Diagonally flipped tiles are not currently supported
05:06:54.813 [FXGL Background Thread 2 ] WARN  TilesetLoader        - Diagonally flipped tiles are not currently supported
05:06:54.814 [FXGL Background Thread 2 ] WARN  TilesetLoader        - Diagonally flipped tiles are not currently supported
05:06:54.814 [FXGL Background Thread 2 ] WARN  TilesetLoader        - Diagonally flipped tiles are not currently supported
05:06:54.814 [FXGL Background Thread 2 ] WARN  TilesetLoader        - Diagonally flipped tiles are not currently supported
05:06:54.814 [FXGL Background Thread 2 ] WARN  TilesetLoader        - Diagonally flipped tiles are not currently supported
05:06:54.815 [FXGL Background Thread 2 ] WARN  TilesetLoader        - Diagonally flipped tiles are not currently supported
05:06:54.815 [FXGL Background Thread 2 ] WARN  TilesetLoader        - Diagonally flipped tiles are not currently supported
05:06:54.815 [FXGL Background Thread 2 ] WARN  TilesetLoader        - Diagonally flipped tiles are not currently supported
05:06:54.816 [FXGL Background Thread 2 ] WARN  TilesetLoader        - Diagonally flipped tiles are not currently supported
05:06:54.816 [FXGL Background Thread 2 ] WARN  TilesetLoader        - Diagonally flipped tiles are not currently supported
05:06:54.816 [FXGL Background Thread 2 ] WARN  TilesetLoader        - Diagonally flipped tiles are not currently supported
05:06:54.816 [FXGL Background Thread 2 ] WARN  TilesetLoader        - Diagonally flipped tiles are not currently supported
05:06:54.816 [FXGL Background Thread 2 ] WARN  TilesetLoader        - Diagonally flipped tiles are not currently supported
05:06:54.817 [FXGL Background Thread 2 ] WARN  TilesetLoader        - Diagonally flipped tiles are not currently supported
05:06:54.817 [FXGL Background Thread 2 ] WARN  TilesetLoader        - Diagonally flipped tiles are not currently supported
05:06:54.817 [FXGL Background Thread 2 ] WARN  TilesetLoader        - Diagonally flipped tiles are not currently supported
05:06:54.817 [FXGL Background Thread 2 ] WARN  TilesetLoader        - Diagonally flipped tiles are not currently supported
05:06:54.818 [FXGL Background Thread 2 ] WARN  TilesetLoader        - Diagonally flipped tiles are not currently supported
05:06:54.818 [FXGL Background Thread 2 ] WARN  TilesetLoader        - Diagonally flipped tiles are not currently supported
05:06:54.818 [FXGL Background Thread 2 ] WARN  TilesetLoader        - Diagonally flipped tiles are not currently supported
05:06:54.819 [FXGL Background Thread 2 ] WARN  TilesetLoader        - Diagonally flipped tiles are not currently supported
05:06:54.819 [FXGL Background Thread 2 ] WARN  TilesetLoader        - Diagonally flipped tiles are not currently supported
05:06:54.819 [FXGL Background Thread 2 ] WARN  TilesetLoader        - Diagonally flipped tiles are not currently supported
05:06:54.820 [FXGL Background Thread 2 ] WARN  TilesetLoader        - Diagonally flipped tiles are not currently supported
05:06:54.820 [FXGL Background Thread 2 ] WARN  TilesetLoader        - Diagonally flipped tiles are not currently supported
05:06:54.821 [FXGL Background Thread 2 ] WARN  TilesetLoader        - Diagonally flipped tiles are not currently supported
05:06:54.821 [FXGL Background Thread 2 ] WARN  TilesetLoader        - Diagonally flipped tiles are not currently supported
05:06:54.821 [FXGL Background Thread 2 ] WARN  TilesetLoader        - Diagonally flipped tiles are not currently supported
05:06:54.822 [FXGL Background Thread 2 ] WARN  TilesetLoader        - Diagonally flipped tiles are not currently supported
05:06:54.822 [FXGL Background Thread 2 ] WARN  TilesetLoader        - Diagonally flipped tiles are not currently supported
05:06:54.822 [FXGL Background Thread 2 ] WARN  TilesetLoader        - Diagonally flipped tiles are not currently supported
05:06:54.823 [FXGL Background Thread 2 ] WARN  TilesetLoader        - Diagonally flipped tiles are not currently supported
05:06:54.823 [FXGL Background Thread 2 ] WARN  TilesetLoader        - Diagonally flipped tiles are not currently supported
05:06:54.824 [FXGL Background Thread 2 ] WARN  TilesetLoader        - Diagonally flipped tiles are not currently supported
05:06:54.824 [FXGL Background Thread 2 ] WARN  TilesetLoader        - Diagonally flipped tiles are not currently supported
05:06:54.825 [FXGL Background Thread 2 ] WARN  TilesetLoader        - Diagonally flipped tiles are not currently supported
05:06:54.825 [FXGL Background Thread 2 ] WARN  TilesetLoader        - Diagonally flipped tiles are not currently supported
05:06:54.826 [FXGL Background Thread 2 ] WARN  TilesetLoader        - Diagonally flipped tiles are not currently supported
05:06:54.826 [FXGL Background Thread 2 ] WARN  TilesetLoader        - Diagonally flipped tiles are not currently supported
05:06:54.826 [FXGL Background Thread 2 ] WARN  TilesetLoader        - Diagonally flipped tiles are not currently supported
05:06:54.827 [FXGL Background Thread 2 ] WARN  TilesetLoader        - Diagonally flipped tiles are not currently supported
05:06:54.828 [FXGL Background Thread 2 ] WARN  TilesetLoader        - Diagonally flipped tiles are not currently supported
05:06:54.829 [FXGL Background Thread 2 ] WARN  TilesetLoader        - Diagonally flipped tiles are not currently supported
05:06:54.829 [FXGL Background Thread 2 ] WARN  TilesetLoader        - Diagonally flipped tiles are not currently supported
05:06:54.829 [FXGL Background Thread 2 ] WARN  TilesetLoader        - Diagonally flipped tiles are not currently supported
05:06:54.830 [FXGL Background Thread 2 ] WARN  TilesetLoader        - Diagonally flipped tiles are not currently supported
05:06:54.830 [FXGL Background Thread 2 ] WARN  TilesetLoader        - Diagonally flipped tiles are not currently supported
05:06:54.830 [FXGL Background Thread 2 ] WARN  TilesetLoader        - Diagonally flipped tiles are not currently supported
05:06:54.830 [FXGL Background Thread 2 ] WARN  TilesetLoader        - Diagonally flipped tiles are not currently supported
05:06:54.831 [FXGL Background Thread 2 ] WARN  TilesetLoader        - Diagonally flipped tiles are not currently supported
05:06:54.831 [FXGL Background Thread 2 ] WARN  TilesetLoader        - Diagonally flipped tiles are not currently supported
05:06:54.831 [FXGL Background Thread 2 ] WARN  TilesetLoader        - Diagonally flipped tiles are not currently supported
05:06:54.831 [FXGL Background Thread 2 ] WARN  TilesetLoader        - Diagonally flipped tiles are not currently supported
05:06:54.832 [FXGL Background Thread 2 ] DEBUG TilesetLoader        - Loading view for layer road3
05:06:54.833 [FXGL Background Thread 2 ] DEBUG TilesetLoader        - Created buffer with size 1280.0x800.0
05:06:54.835 [FXGL Background Thread 2 ] DEBUG TilesetLoader        - Loading view for layer bg2
05:06:54.835 [FXGL Background Thread 2 ] DEBUG TilesetLoader        - Created buffer with size 1280.0x800.0
05:06:54.838 [FXGL Background Thread 2 ] WARN  TilesetLoader        - Diagonally flipped tiles are not currently supported
05:06:54.838 [FXGL Background Thread 2 ] WARN  TilesetLoader        - Diagonally flipped tiles are not currently supported
05:06:54.838 [FXGL Background Thread 2 ] WARN  TilesetLoader        - Diagonally flipped tiles are not currently supported
05:06:54.839 [FXGL Background Thread 2 ] WARN  TilesetLoader        - Diagonally flipped tiles are not currently supported
05:06:54.839 [FXGL Background Thread 2 ] WARN  TilesetLoader        - Diagonally flipped tiles are not currently supported
05:06:54.839 [FXGL Background Thread 2 ] WARN  TilesetLoader        - Diagonally flipped tiles are not currently supported
05:06:54.839 [FXGL Background Thread 2 ] WARN  TilesetLoader        - Diagonally flipped tiles are not currently supported
05:06:54.845 [FXGL Background Thread 2 ] DEBUG TilesetLoader        - Loading view for layer temp
05:06:54.846 [FXGL Background Thread 2 ] DEBUG TilesetLoader        - Created buffer with size 1280.0x800.0
05:06:54.846 [FXGL Background Thread 2 ] DEBUG TMXLevelLoader       - Creating object layer entities
05:06:54.871 [FXGL Background Thread 2 ] DEBUG GameWorld            - Clearing removable entities
05:06:54.872 [FXGL Background Thread 2 ] DEBUG GameWorld            - Setting level: com.almasb.fxgl.entity.level.Level@53dd6ce6
05:06:54.882 [FXGL Background Thread 2 ] DEBUG FXGLAssetLoaderServi - Loading from file system: file:/E:/All%20About%20Dev/OOP/FXGL%20new%20Begining/final%20version/Tower%20Defender/Tower-Defender/target/classes/assets/textures/life.png
05:06:54.885 [FXGL Background Thread 2 ] DEBUG FXGLAssetLoaderServi - Loading from file system: file:/E:/All%20About%20Dev/OOP/FXGL%20new%20Begining/final%20version/Tower%20Defender/Tower-Defender/target/classes/assets/textures/skull.png
05:06:54.910 [FXGL Background Thread 2 ] INFO  FXGLApplication      - Game initialization took: 0.368 sec
05:06:54.925 [JavaFX Application Thread] DEBUG Input                - Clearing active input actions
05:06:54.931 [JavaFX Application Thread] DEBUG GameApplicationServi - Removing overlay from FXGLLoadingScene and adding to GameScene
05:06:54.931 [JavaFX Application Thread] DEBUG PrimaryStageWindow   - FXGLLoadingScene -> GameScene
05:06:54.954 [JavaFX Application Thread] DEBUG FXGLAssetLoaderServi - Loading from file system: file:/E:/All%20About%20Dev/OOP/FXGL%20new%20Begining/final%20version/Tower%20Defender/Tower-Defender/target/classes/assets/textures/goblin.png
05:06:55.707 [FXGL Background Thread 3 ] DEBUG Engine               - Logging environment variables
05:06:55.708 [FXGL Background Thread 3 ] DEBUG Engine               - achievements: []
05:06:55.708 [FXGL Background Thread 3 ] DEBUG Engine               - actualHeight: 800.0
05:06:55.708 [FXGL Background Thread 3 ] DEBUG Engine               - actualHeightProperty: ReadOnlyDoubleProperty [value: 800.0]
05:06:55.708 [FXGL Background Thread 3 ] DEBUG Engine               - actualWidth: 1280.0
05:06:55.708 [FXGL Background Thread 3 ] DEBUG Engine               - actualWidthProperty: ReadOnlyDoubleProperty [value: 1280.0]
05:06:55.708 [FXGL Background Thread 3 ] DEBUG Engine               - appIcon: fxgl_icon.png
05:06:55.708 [FXGL Background Thread 3 ] DEBUG Engine               - applicationMode: DEVELOPER
05:06:55.708 [FXGL Background Thread 3 ] DEBUG Engine               - cSSList: [fxgl_dark.css]
05:06:55.708 [FXGL Background Thread 3 ] DEBUG Engine               - collisionDetectionStrategy: BRUTE_FORCE
05:06:55.708 [FXGL Background Thread 3 ] DEBUG Engine               - configClass: Optional.empty
05:06:55.708 [FXGL Background Thread 3 ] DEBUG Engine               - credits: []
05:06:55.709 [FXGL Background Thread 3 ] DEBUG Engine               - defaultCursor: CursorInfo(imageName=fxgl_default_cursor.png, hotspotX=7.0, hotspotY=6.0)
05:06:55.709 [FXGL Background Thread 3 ] DEBUG Engine               - devBBoxColorProperty: ObjectProperty [value: 0xff0000ff]
05:06:55.709 [FXGL Background Thread 3 ] DEBUG Engine               - devEnableDebugCameraProperty: BooleanProperty [value: false]
05:06:55.709 [FXGL Background Thread 3 ] DEBUG Engine               - devSensorColorProperty: ObjectProperty [value: 0xffff00ff]
05:06:55.709 [FXGL Background Thread 3 ] DEBUG Engine               - devShowBBoxProperty: BooleanProperty [value: false]
05:06:55.709 [FXGL Background Thread 3 ] DEBUG Engine               - devShowPositionProperty: BooleanProperty [value: false]
05:06:55.709 [FXGL Background Thread 3 ] DEBUG Engine               - enabledMenuItems: []
05:06:55.709 [FXGL Background Thread 3 ] DEBUG Engine               - engineServices: [class com.almasb.fxgl.app.services.FXGLAssetLoaderService, class com.almasb.fxgl.app.FXGLApplication$GameApplicationService, class com.almasb.fxgl.app.services.FXGLDialogService, class com.almasb.fxgl.app.services.IOTaskExecutorService, class com.almasb.fxgl.io.FileSystemService, class com.almasb.fxgl.localization.LocalizationService, class com.almasb.fxgl.app.services.SystemBundleService, class com.almasb.fxgl.profile.SaveLoadService, class com.almasb.fxgl.ui.FXGLUIFactoryServiceProvider, class com.almasb.fxgl.ui.FXGLDialogFactoryServiceProvider, class com.almasb.fxgl.audio.AudioPlayer, class com.almasb.fxgl.notification.impl.NotificationServiceProvider, class com.almasb.fxgl.achievement.AchievementService, class com.almasb.fxgl.cutscene.CutsceneService, class com.almasb.fxgl.minigames.MiniGameService, class com.almasb.fxgl.net.NetService, class com.almasb.fxgl.app.services.UpdaterService, class com.almasb.fxgl.dev.DevService]
05:06:55.709 [FXGL Background Thread 3 ] DEBUG Engine               - fontGame: Abel-Regular.ttf
05:06:55.709 [FXGL Background Thread 3 ] DEBUG Engine               - fontMono: TerminalLandMono-Regular.otf
05:06:55.709 [FXGL Background Thread 3 ] DEBUG Engine               - fontSizeScaleUI: 1.0
05:06:55.709 [FXGL Background Thread 3 ] DEBUG Engine               - fontText: Courier-Prime.ttf
05:06:55.709 [FXGL Background Thread 3 ] DEBUG Engine               - fontUI: VarelaRound-Regular.ttf
05:06:55.709 [FXGL Background Thread 3 ] DEBUG Engine               - fullScreen: BooleanProperty [value: false]
05:06:55.709 [FXGL Background Thread 3 ] DEBUG Engine               - gameDifficulty: MEDIUM
05:06:55.709 [FXGL Background Thread 3 ] DEBUG Engine               - gameDifficultyProperty: ObjectProperty [value: MEDIUM]
05:06:55.710 [FXGL Background Thread 3 ] DEBUG Engine               - globalMusicVolume: 0.5
05:06:55.710 [FXGL Background Thread 3 ] DEBUG Engine               - globalMusicVolumeProperty: DoubleProperty [value: 0.5]
05:06:55.710 [FXGL Background Thread 3 ] DEBUG Engine               - globalSoundVolume: 0.5
05:06:55.710 [FXGL Background Thread 3 ] DEBUG Engine               - globalSoundVolumeProperty: DoubleProperty [value: 0.5]
05:06:55.710 [FXGL Background Thread 3 ] DEBUG Engine               - height: 800
05:06:55.710 [FXGL Background Thread 3 ] DEBUG Engine               - is3D: false
05:06:55.710 [FXGL Background Thread 3 ] DEBUG Engine               - isAndroid: false
05:06:55.710 [FXGL Background Thread 3 ] DEBUG Engine               - isBrowser: false
05:06:55.710 [FXGL Background Thread 3 ] DEBUG Engine               - isClickFeedbackEnabled: false
05:06:55.710 [FXGL Background Thread 3 ] DEBUG Engine               - isCloseConfirmation: false
05:06:55.710 [FXGL Background Thread 3 ] DEBUG Engine               - isDesktop: true
05:06:55.710 [FXGL Background Thread 3 ] DEBUG Engine               - isDeveloperMenuEnabled: false
05:06:55.710 [FXGL Background Thread 3 ] DEBUG Engine               - isEmbedded: false
05:06:55.710 [FXGL Background Thread 3 ] DEBUG Engine               - isEntityPreloadEnabled: true
05:06:55.710 [FXGL Background Thread 3 ] DEBUG Engine               - isExperimentalTiledLargeMap: false
05:06:55.710 [FXGL Background Thread 3 ] DEBUG Engine               - isFileSystemWriteAllowed: true
05:06:55.710 [FXGL Background Thread 3 ] DEBUG Engine               - isFullScreenAllowed: true
05:06:55.710 [FXGL Background Thread 3 ] DEBUG Engine               - isFullScreenFromStart: false
05:06:55.710 [FXGL Background Thread 3 ] DEBUG Engine               - isGameMenuEnabled: true
05:06:55.710 [FXGL Background Thread 3 ] DEBUG Engine               - isIOS: false
05:06:55.710 [FXGL Background Thread 3 ] DEBUG Engine               - isIntroEnabled: false
05:06:55.710 [FXGL Background Thread 3 ] DEBUG Engine               - isLinux: false
05:06:55.710 [FXGL Background Thread 3 ] DEBUG Engine               - isMac: false
05:06:55.711 [FXGL Background Thread 3 ] DEBUG Engine               - isMainMenuEnabled: true
05:06:55.711 [FXGL Background Thread 3 ] DEBUG Engine               - isManualResizeEnabled: true
05:06:55.711 [FXGL Background Thread 3 ] DEBUG Engine               - isMobile: false
05:06:55.711 [FXGL Background Thread 3 ] DEBUG Engine               - isNative: false
05:06:55.711 [FXGL Background Thread 3 ] DEBUG Engine               - isPauseMusicWhenMinimized: true
05:06:55.711 [FXGL Background Thread 3 ] DEBUG Engine               - isPreserveResizeRatio: false
05:06:55.711 [FXGL Background Thread 3 ] DEBUG Engine               - isProfilingEnabled: false
05:06:55.711 [FXGL Background Thread 3 ] DEBUG Engine               - isScaleAffectedOnResize: true
05:06:55.711 [FXGL Background Thread 3 ] DEBUG Engine               - isSingleStep: false
05:06:55.711 [FXGL Background Thread 3 ] DEBUG Engine               - isUserProfileEnabled: false
05:06:55.711 [FXGL Background Thread 3 ] DEBUG Engine               - isWindows: true
05:06:55.711 [FXGL Background Thread 3 ] DEBUG Engine               - language: ObjectProperty [value: ENGLISH]
05:06:55.711 [FXGL Background Thread 3 ] DEBUG Engine               - menuKey: ESCAPE
05:06:55.711 [FXGL Background Thread 3 ] DEBUG Engine               - mouseSensitivity: 0.2
05:06:55.711 [FXGL Background Thread 3 ] DEBUG Engine               - notificationViewClass: class com.almasb.fxgl.notification.view.XboxNotificationView
05:06:55.711 [FXGL Background Thread 3 ] DEBUG Engine               - pixelsPerMeter: 50.0
05:06:55.711 [FXGL Background Thread 3 ] DEBUG Engine               - platform: WINDOWS
05:06:55.711 [FXGL Background Thread 3 ] DEBUG Engine               - prefHeightProperty: ReadOnlyDoubleProperty [value: 800.0]
05:06:55.711 [FXGL Background Thread 3 ] DEBUG Engine               - prefWidthProperty: ReadOnlyDoubleProperty [value: 1280.0]
05:06:55.711 [FXGL Background Thread 3 ] DEBUG Engine               - profileDir: profiles/
05:06:55.711 [FXGL Background Thread 3 ] DEBUG Engine               - profileName: StringProperty [value: DEFAULT]
05:06:55.711 [FXGL Background Thread 3 ] DEBUG Engine               - randomSeed: -1
05:06:55.712 [FXGL Background Thread 3 ] DEBUG Engine               - runtimeInfo: RuntimeInfo(platform=WINDOWS, version=21.1, build=27.03.2024 07.52)
05:06:55.712 [FXGL Background Thread 3 ] DEBUG Engine               - saveFileExt: sav
05:06:55.712 [FXGL Background Thread 3 ] DEBUG Engine               - scaledHeightProp$fxgl: DoubleProperty [bound, value: 800.0]
05:06:55.712 [FXGL Background Thread 3 ] DEBUG Engine               - scaledWidthProp$fxgl: DoubleProperty [bound, value: 1280.0]
05:06:55.712 [FXGL Background Thread 3 ] DEBUG Engine               - sceneFactory: com.almasb.fxgl.app.scene.SceneFactory@1167ba31
05:06:55.712 [FXGL Background Thread 3 ] DEBUG Engine               - secondsIn24h: 60
05:06:55.712 [FXGL Background Thread 3 ] DEBUG Engine               - soundMenuBack: menu/back.wav
05:06:55.712 [FXGL Background Thread 3 ] DEBUG Engine               - soundMenuPress: menu/press.wav
05:06:55.712 [FXGL Background Thread 3 ] DEBUG Engine               - soundMenuSelect: menu/select.wav
05:06:55.712 [FXGL Background Thread 3 ] DEBUG Engine               - soundNotification: core/notification.wav
05:06:55.712 [FXGL Background Thread 3 ] DEBUG Engine               - stageStyle: DECORATED
05:06:55.713 [FXGL Background Thread 3 ] DEBUG Engine               - supportedLanguages: [ENGLISH, FRENCH, GERMAN, HUNGARIAN, RUSSIAN]
05:06:55.713 [FXGL Background Thread 3 ] DEBUG Engine               - ticksPerSecond: -1
05:06:55.713 [FXGL Background Thread 3 ] DEBUG Engine               - title: Ghost Hunter
05:06:55.713 [FXGL Background Thread 3 ] DEBUG Engine               - urlGithub: https://github.com/AlmasB/FXGL
05:06:55.713 [FXGL Background Thread 3 ] DEBUG Engine               - urlLeaderboard: http://fxgl-top.herokuapp.com/
05:06:55.713 [FXGL Background Thread 3 ] DEBUG Engine               - urlPOM: https://raw.githubusercontent.com/AlmasB/FXGL/release/README.md
05:06:55.713 [FXGL Background Thread 3 ] DEBUG Engine               - userAppClass: class org.saikat.Game
05:06:55.713 [FXGL Background Thread 3 ] DEBUG Engine               - version: 1.0
05:06:55.713 [FXGL Background Thread 3 ] DEBUG Engine               - versionCheckDays: 7
05:06:55.713 [FXGL Background Thread 3 ] DEBUG Engine               - width: 1280
05:06:55.713 [FXGL Background Thread 3 ] DEBUG Engine               - Logging services
05:06:55.713 [FXGL Background Thread 3 ] DEBUG Engine               - class com.almasb.fxgl.app.services.FXGLAssetLoaderService
05:06:55.713 [FXGL Background Thread 3 ] DEBUG Engine               - class com.almasb.fxgl.app.FXGLApplication$GameApplicationService
05:06:55.713 [FXGL Background Thread 3 ] DEBUG Engine               - class com.almasb.fxgl.app.services.FXGLDialogService
05:06:55.713 [FXGL Background Thread 3 ] DEBUG Engine               - class com.almasb.fxgl.app.services.IOTaskExecutorService
05:06:55.713 [FXGL Background Thread 3 ] DEBUG Engine               - class com.almasb.fxgl.io.FileSystemService
05:06:55.713 [FXGL Background Thread 3 ] DEBUG Engine               - class com.almasb.fxgl.localization.LocalizationService
05:06:55.713 [FXGL Background Thread 3 ] DEBUG Engine               - class com.almasb.fxgl.app.services.SystemBundleService
05:06:55.713 [FXGL Background Thread 3 ] DEBUG Engine               - class com.almasb.fxgl.profile.SaveLoadService
05:06:55.713 [FXGL Background Thread 3 ] DEBUG Engine               - class com.almasb.fxgl.ui.FXGLUIFactoryServiceProvider
05:06:55.713 [FXGL Background Thread 3 ] DEBUG Engine               - class com.almasb.fxgl.ui.FXGLDialogFactoryServiceProvider
05:06:55.713 [FXGL Background Thread 3 ] DEBUG Engine               - class com.almasb.fxgl.audio.AudioPlayer
05:06:55.713 [FXGL Background Thread 3 ] DEBUG Engine               - class com.almasb.fxgl.notification.impl.NotificationServiceProvider
05:06:55.713 [FXGL Background Thread 3 ] DEBUG Engine               - class com.almasb.fxgl.achievement.AchievementService
05:06:55.713 [FXGL Background Thread 3 ] DEBUG Engine               - class com.almasb.fxgl.cutscene.CutsceneService
05:06:55.713 [FXGL Background Thread 3 ] DEBUG Engine               - class com.almasb.fxgl.minigames.MiniGameService
05:06:55.713 [FXGL Background Thread 3 ] DEBUG Engine               - class com.almasb.fxgl.net.NetService
05:06:55.713 [FXGL Background Thread 3 ] DEBUG Engine               - class com.almasb.fxgl.app.services.UpdaterService
05:06:55.713 [FXGL Background Thread 3 ] DEBUG Engine               - class com.almasb.fxgl.dev.DevService
05:06:55.942 [JavaFX Application Thread] DEBUG PrimaryStageWindow   - Push state: DialogSubScene
05:06:55.942 [JavaFX Application Thread] DEBUG Input                - Clearing active input actions
05:06:55.943 [JavaFX Application Thread] DEBUG GameApplicationServi - Removing overlay from GameScene and adding to DialogSubScene
05:06:55.943 [JavaFX Application Thread] DEBUG PrimaryStageWindow   - GameScene -> DialogSubScene
05:06:57.416 [JavaFX Application Thread] DEBUG PrimaryStageWindow   - Pop state: DialogSubScene
05:06:57.416 [JavaFX Application Thread] DEBUG Input                - Clearing active input actions
05:06:57.417 [JavaFX Application Thread] DEBUG GameApplicationServi - Removing overlay from DialogSubScene and adding to GameScene
05:06:57.417 [JavaFX Application Thread] DEBUG PrimaryStageWindow   - GameScene <- DialogSubScene
05:06:57.419 [JavaFX Application Thread] DEBUG FXGLAssetLoaderServi - Loading from file system: file:/E:/All%20About%20Dev/OOP/FXGL%20new%20Begining/final%20version/Tower%20Defender/Tower-Defender/target/classes/assets/textures/wildfire.png
05:06:57.440 [JavaFX Application Thread] DEBUG FXGLAssetLoaderServi - Loading from file system: file:/E:/All%20About%20Dev/OOP/FXGL%20new%20Begining/final%20version/Tower%20Defender/Tower-Defender/target/classes/assets/textures/green.png
05:07:00.226 [JavaFX Application Thread] DEBUG PrimaryStageWindow   - Push state: DialogSubScene
05:07:00.226 [JavaFX Application Thread] DEBUG Input                - Clearing active input actions
05:07:00.227 [JavaFX Application Thread] DEBUG GameApplicationServi - Removing overlay from GameScene and adding to DialogSubScene
05:07:00.227 [JavaFX Application Thread] DEBUG PrimaryStageWindow   - GameScene -> DialogSubScene
05:07:01.494 [JavaFX Application Thread] DEBUG PrimaryStageWindow   - Pop state: DialogSubScene
05:07:01.494 [JavaFX Application Thread] DEBUG Input                - Clearing active input actions
05:07:01.495 [JavaFX Application Thread] DEBUG GameApplicationServi - Removing overlay from DialogSubScene and adding to GameScene
05:07:01.495 [JavaFX Application Thread] DEBUG PrimaryStageWindow   - GameScene <- DialogSubScene
05:07:08.180 [JavaFX Application Thread] DEBUG FXGLAssetLoaderServi - Loading from file system: file:/E:/All%20About%20Dev/OOP/FXGL%20new%20Begining/final%20version/Tower%20Defender/Tower-Defender/target/classes/assets/textures/bird.png
05:07:23.166 [JavaFX Application Thread] DEBUG FXGLAssetLoaderServi - Loading from file system: file:/E:/All%20About%20Dev/OOP/FXGL%20new%20Begining/final%20version/Tower%20Defender/Tower-Defender/target/classes/assets/textures/wolf.png
05:07:29.056 [JavaFX Application Thread] DEBUG PrimaryStageWindow   - Push state: DialogSubScene
05:07:29.057 [JavaFX Application Thread] DEBUG Input                - Clearing active input actions
05:07:29.058 [JavaFX Application Thread] DEBUG GameApplicationServi - Removing overlay from GameScene and adding to DialogSubScene
05:07:29.058 [JavaFX Application Thread] DEBUG PrimaryStageWindow   - GameScene -> DialogSubScene
05:07:30.633 [JavaFX Application Thread] DEBUG PrimaryStageWindow   - Pop state: DialogSubScene
05:07:30.633 [JavaFX Application Thread] DEBUG Input                - Clearing active input actions
05:07:30.633 [JavaFX Application Thread] DEBUG GameApplicationServi - Removing overlay from DialogSubScene and adding to GameScene
05:07:30.633 [JavaFX Application Thread] DEBUG PrimaryStageWindow   - GameScene <- DialogSubScene
05:07:31.470 [JavaFX Application Thread] DEBUG PrimaryStageWindow   - Push state: DialogSubScene
05:07:31.470 [JavaFX Application Thread] DEBUG Input                - Clearing active input actions
05:07:31.471 [JavaFX Application Thread] DEBUG GameApplicationServi - Removing overlay from GameScene and adding to DialogSubScene
05:07:31.471 [JavaFX Application Thread] DEBUG PrimaryStageWindow   - GameScene -> DialogSubScene
05:07:32.912 [JavaFX Application Thread] DEBUG PrimaryStageWindow   - Pop state: DialogSubScene
05:07:32.913 [JavaFX Application Thread] DEBUG Input                - Clearing active input actions
05:07:32.913 [JavaFX Application Thread] DEBUG GameApplicationServi - Removing overlay from DialogSubScene and adding to GameScene
05:07:32.913 [JavaFX Application Thread] DEBUG PrimaryStageWindow   - GameScene <- DialogSubScene
05:07:32.917 [JavaFX Application Thread] DEBUG FXGLAssetLoaderServi - Loading from file system: file:/E:/All%20About%20Dev/OOP/FXGL%20new%20Begining/final%20version/Tower%20Defender/Tower-Defender/target/classes/assets/textures/spell2.png
05:07:32.996 [JavaFX Application Thread] DEBUG FXGLAssetLoaderServi - Loading from file system: file:/E:/All%20About%20Dev/OOP/FXGL%20new%20Begining/final%20version/Tower%20Defender/Tower-Defender/target/classes/assets/textures/red.png
05:07:34.371 [JavaFX Application Thread] DEBUG PrimaryStageWindow   - Push state: DialogSubScene
05:07:34.371 [JavaFX Application Thread] DEBUG Input                - Clearing active input actions
05:07:34.372 [JavaFX Application Thread] DEBUG GameApplicationServi - Removing overlay from GameScene and adding to DialogSubScene
05:07:34.372 [JavaFX Application Thread] DEBUG PrimaryStageWindow   - GameScene -> DialogSubScene
05:07:35.661 [JavaFX Application Thread] DEBUG PrimaryStageWindow   - Pop state: DialogSubScene
05:07:35.661 [JavaFX Application Thread] DEBUG Input                - Clearing active input actions
05:07:35.663 [JavaFX Application Thread] DEBUG GameApplicationServi - Removing overlay from DialogSubScene and adding to GameScene
05:07:35.663 [JavaFX Application Thread] DEBUG PrimaryStageWindow   - GameScene <- DialogSubScene
05:07:36.691 [JavaFX Application Thread] DEBUG PrimaryStageWindow   - Push state: DialogSubScene
05:07:36.691 [JavaFX Application Thread] DEBUG Input                - Clearing active input actions
05:07:36.691 [JavaFX Application Thread] DEBUG GameApplicationServi - Removing overlay from GameScene and adding to DialogSubScene
05:07:36.691 [JavaFX Application Thread] DEBUG PrimaryStageWindow   - GameScene -> DialogSubScene
05:07:38.230 [JavaFX Application Thread] DEBUG PrimaryStageWindow   - Pop state: DialogSubScene
05:07:38.230 [JavaFX Application Thread] DEBUG Input                - Clearing active input actions
05:07:38.230 [JavaFX Application Thread] DEBUG GameApplicationServi - Removing overlay from DialogSubScene and adding to GameScene
05:07:38.230 [JavaFX Application Thread] DEBUG PrimaryStageWindow   - GameScene <- DialogSubScene
05:07:39.863 [JavaFX Application Thread] DEBUG PrimaryStageWindow   - Push state: DialogSubScene
05:07:39.863 [JavaFX Application Thread] DEBUG Input                - Clearing active input actions
05:07:39.864 [JavaFX Application Thread] DEBUG GameApplicationServi - Removing overlay from GameScene and adding to DialogSubScene
05:07:39.864 [JavaFX Application Thread] DEBUG PrimaryStageWindow   - GameScene -> DialogSubScene
05:07:41.475 [JavaFX Application Thread] DEBUG PrimaryStageWindow   - Pop state: DialogSubScene
05:07:41.475 [JavaFX Application Thread] DEBUG Input                - Clearing active input actions
05:07:41.475 [JavaFX Application Thread] DEBUG GameApplicationServi - Removing overlay from DialogSubScene and adding to GameScene
05:07:41.475 [JavaFX Application Thread] DEBUG PrimaryStageWindow   - GameScene <- DialogSubScene
05:07:52.975 [JavaFX Application Thread] DEBUG FXGLAssetLoaderServi - Loading from file system: file:/E:/All%20About%20Dev/OOP/FXGL%20new%20Begining/final%20version/Tower%20Defender/Tower-Defender/target/classes/assets/textures/motherflame.png
05:07:59.871 [JavaFX Application Thread] DEBUG FXGLApplication      - Exiting FXGL
05:07:59.872 [JavaFX Application Thread] DEBUG LoopRunner           - Stopping loop
05:07:59.872 [JavaFX Application Thread] DEBUG SystemBundleService  - Saving FXGL system data
05:07:59.882 [JavaFX Application Thread] DEBUG FileSystemAccess     - Writing to: E:\All About Dev\OOP\FXGL new Begining\final version\Tower Defender\Tower-Defender\system\fxgl.bundle
05:07:59.892 [JavaFX Application Thread] DEBUG Async                - Shutting down background threads
05:07:59.893 [JavaFX Application Thread] DEBUG PrimaryStageWindow   - Closing main window
05:07:59.961 [JavaFX Application Thread] DEBUG Logger               - Closing Logger
