17:54:38.836 [main                     ] DEBUG Logger               - Configured Logger
17:54:38.860 [main                     ] DEBUG GameApplication      - Logging settings
Title: 1945
Version: 0.1
Width: 960
Height: 640
Fullscreen: true
Intro: false
Profiling: false
Single step:false
App Mode: DEVELOPER
Menu Key: ESCAPE
Stage Style: DECORATED
Scene Factory: class com.almasb.fxgl.app.scene.SceneFactory

17:54:39.356 [JavaFX Application Thread] DEBUG FXGLApplication      - Initializing FXGL
17:54:39.365 [JavaFX Application Thread] INFO  Engine               - FXGL-21.1 (27.03.2024 07.52) on WINDOWS (J:21.0.9 FX:21.0.1)
17:54:39.365 [JavaFX Application Thread] DEBUG Engine               - JRE Vendor Name: Oracle Corporation
17:54:39.366 [JavaFX Application Thread] DEBUG Engine               - Running on OS: Windows 11 version 10.0
17:54:39.366 [JavaFX Application Thread] DEBUG Engine               - Architecture: amd64
17:54:39.366 [JavaFX Application Thread] INFO  Engine               - Source code and latest versions at: https://github.com/AlmasB/FXGL
17:54:39.366 [JavaFX Application Thread] INFO  Engine               -       Ask questions and discuss at: https://github.com/AlmasB/FXGL/discussions
17:54:39.366 [JavaFX Application Thread] INFO  Engine               -              Join the FXGL chat at: https://gitter.im/AlmasB/FXGL
17:54:39.467 [JavaFX Application Thread] DEBUG PrimaryStageWindow   - Creating a JavaFX scene
17:54:39.514 [JavaFX Application Thread] DEBUG PrimaryStageWindow   - Target settings size: 960.0 x 640.0
17:54:39.514 [JavaFX Application Thread] DEBUG PrimaryStageWindow   - Scaled scene size:    960.0 x 640.0
17:54:39.514 [JavaFX Application Thread] DEBUG PrimaryStageWindow   - Scaled ratio: (1.0, 1.0)
17:54:39.516 [JavaFX Application Thread] DEBUG PrimaryStageWindow   - Set initial scene to FXGLStartupScene
17:54:39.519 [JavaFX Application Thread] DEBUG PrimaryStageWindow   - Opening main window
17:54:39.623 [JavaFX Application Thread] DEBUG PrimaryStageWindow   - Window border size: (14.4000244140625, 37.5999755859375)
17:54:39.623 [JavaFX Application Thread] DEBUG PrimaryStageWindow   - Scaled size: 960.0 x 640.0
17:54:39.624 [JavaFX Application Thread] DEBUG PrimaryStageWindow   - Scaled ratio: (1.0, 1.0)
17:54:39.624 [JavaFX Application Thread] DEBUG PrimaryStageWindow   - Scene size: 960.0 x 640.0
17:54:39.625 [JavaFX Application Thread] DEBUG PrimaryStageWindow   - Stage size: 974.4000244140625 x 677.5999755859375
17:54:39.633 [FXGL Background Thread 1 ] DEBUG Engine               - Initializing environment variables
17:54:39.710 [FXGL Background Thread 1 ] DEBUG FXGLAssetLoaderServi - User app class for loading assets: class org.example.Main
17:54:39.711 [FXGL Background Thread 1 ] DEBUG GameApplicationServi - Applying CSS: fxgl_dark.css
17:54:39.713 [FXGL Background Thread 1 ] DEBUG FXGLAssetLoaderServi - Loading from file system: jar:file:/C:/Users/HP/.m2/repository/com/github/almasb/fxgl/21.1/fxgl-21.1.jar!/fxglassets/ui/css/fxgl_dark.css
17:54:39.761 [FXGL Background Thread 1 ] DEBUG GameApplicationServi - Initializing application scenes
17:54:39.811 [FXGL Background Thread 1 ] DEBUG GameWorld            - Game world initialized
17:54:39.891 [FXGL Background Thread 1 ] DEBUG PhysicsWorld         - Physics world initialized: appHeight=640, physics.ppm=50.0
17:54:39.891 [FXGL Background Thread 1 ] DEBUG PhysicsWorld         - Using strategy: BRUTE_FORCE
17:54:39.894 [FXGL Background Thread 1 ] DEBUG GameScene            - Game scene initialized: 960x640
17:54:39.907 [FXGL Background Thread 1 ] DEBUG FXGL.DefaultMenu     - createMenuBodyGameMenu()
17:54:39.921 [FXGL Background Thread 1 ] DEBUG FXGL.DefaultMenu     - createOptionsMenu()
17:54:39.930 [FXGL Background Thread 1 ] DEBUG FXGLAssetLoaderServi - Loading from file system: jar:file:/C:/Users/HP/.m2/repository/com/github/almasb/fxgl/21.1/fxgl-21.1.jar!/fxglassets/textures/particles/smoke.png
17:54:40.040 [FXGL Background Thread 1 ] DEBUG FXGLAssetLoaderServi - Loading from file system: jar:file:/C:/Users/HP/.m2/repository/com/github/almasb/fxgl/21.1/fxgl-21.1.jar!/fxglassets/textures/particles/trace_horizontal.png
17:54:40.075 [FXGL Background Thread 1 ] DEBUG GameApplicationServi - Application scenes initialized
17:54:40.088 [FXGL Background Thread 1 ] DEBUG SystemBundleService  - Loading FXGL system data
17:54:40.091 [FXGL Background Thread 1 ] DEBUG FileSystemAccess     - Reading from: E:\Downloads\Newbegining-main\Newbegining-main\system\fxgl.bundle
17:54:40.101 [FXGL Background Thread 1 ] DEBUG SystemBundleService  - Bundle FXGL: {}
17:54:40.101 [FXGL Background Thread 1 ] DEBUG UpdaterService       - Checking for updates
17:54:40.106 [FXGL Background Thread 4 ] DEBUG FXGLApplication      - Loading fonts
17:54:40.106 [FXGL Background Thread 4 ] DEBUG FXGLAssetLoaderServi - Loading from file system: jar:file:/C:/Users/HP/.m2/repository/com/github/almasb/fxgl/21.1/fxgl-21.1.jar!/fxglassets/ui/fonts/VarelaRound-Regular.ttf
17:54:40.107 [FXGL Background Thread 1 ] DEBUG FXGLApplication      - Loading default localization
17:54:40.108 [FXGL Background Thread 1 ] DEBUG FXGLAssetLoaderServi - Loading from file system: jar:file:/C:/Users/HP/.m2/repository/com/github/almasb/fxgl/21.1/fxgl-21.1.jar!/fxglassets/languages/english.lang
17:54:40.152 [FXGL Background Thread 1 ] INFO  FXGLApplication      - FXGL initialization took: 0.518 sec
17:54:40.153 [JavaFX Application Thread] DEBUG FXGLAssetLoaderServi - Loading from file system: jar:file:/C:/Users/HP/.m2/repository/com/github/almasb/fxgl/21.1/fxgl-21.1.jar!/fxglassets/textures/fxgl_icon.png
17:54:40.159 [FXGL Background Thread 4 ] DEBUG FXGLAssetLoaderServi - Loading from file system: jar:file:/C:/Users/HP/.m2/repository/com/github/almasb/fxgl/21.1/fxgl-21.1.jar!/fxglassets/ui/fonts/Abel-Regular.ttf
17:54:40.164 [FXGL Background Thread 4 ] DEBUG FXGLAssetLoaderServi - Loading from file system: jar:file:/C:/Users/HP/.m2/repository/com/github/almasb/fxgl/21.1/fxgl-21.1.jar!/fxglassets/ui/fonts/TerminalLandMono-Regular.otf
17:54:40.170 [FXGL Background Thread 4 ] DEBUG FXGLAssetLoaderServi - Loading from file system: jar:file:/C:/Users/HP/.m2/repository/com/github/almasb/fxgl/21.1/fxgl-21.1.jar!/fxglassets/ui/fonts/Courier-Prime.ttf
17:54:40.174 [JavaFX Application Thread] DEBUG FXGLAssetLoaderServi - Loading from file system: jar:file:/C:/Users/HP/.m2/repository/com/github/almasb/fxgl/21.1/fxgl-21.1.jar!/fxglassets/textures/fxgl_default_cursor.png
17:54:40.192 [JavaFX Application Thread] DEBUG Input                - Registered new binding: Screenshot - CTRL+8
17:54:40.193 [JavaFX Application Thread] DEBUG Input                - Registered new binding: System info dump - CTRL+9
17:54:40.193 [JavaFX Application Thread] DEBUG Input                - Registered new binding: Restart - CTRL+R
17:54:40.194 [JavaFX Application Thread] DEBUG Input                - Registered new binding: Toggle Debug Camera - CTRL+7
17:54:40.200 [JavaFX Application Thread] DEBUG LoopRunner           - Starting loop
17:54:40.201 [JavaFX Application Thread] DEBUG LoopRunner           - Initializing JavaFX AnimationTimerLoop
17:54:40.202 [JavaFX Application Thread] DEBUG GameApplicationServi - Starting new game
17:54:40.203 [JavaFX Application Thread] DEBUG Input                - Clearing active input actions
17:54:40.216 [JavaFX Application Thread] DEBUG GameApplicationServi - Removing overlay from FXGLStartupScene and adding to FXGLLoadingScene
17:54:40.216 [JavaFX Application Thread] DEBUG PrimaryStageWindow   - FXGLStartupScene -> FXGLLoadingScene
17:54:40.216 [JavaFX Application Thread] DEBUG GameApplicationServi - Clearing previous game
17:54:40.217 [JavaFX Application Thread] DEBUG GameScene            - Clearing game scene
17:54:40.217 [JavaFX Application Thread] DEBUG GameWorld            - Clearing game world
17:54:40.217 [JavaFX Application Thread] DEBUG PhysicsWorld         - Clearing physics world
17:54:40.220 [FXGL Background Thread 4 ] DEBUG FXGLApplication      - Initializing game
17:54:40.220 [JavaFX Application Thread] DEBUG FXGLApplication      - Registering font factories with UI factory
17:54:40.950 [FXGL Background Thread 4 ] WARN  TMXLevelLoader       - TiledMap generated from 1.12.2. Supported version: 1.9.0. Some features may not be parsed fully.
17:54:40.955 [FXGL Background Thread 4 ] DEBUG TMXLevelLoader       - Parsed TiledMap: file:/E:/Downloads/Newbegining-main/Newbegining-main/target/classes/assets/levels/wall.tmx
17:54:40.956 [FXGL Background Thread 4 ] DEBUG TMXLevelLoader       - Creating tile layer entities
17:54:40.958 [FXGL Background Thread 4 ] DEBUG TilesetLoader        - Loading view for layer Tile Layer 1
17:54:40.966 [FXGL Background Thread 4 ] DEBUG TilesetLoader        - Created buffer with size 960.0x640.0
17:54:40.983 [FXGL Background Thread 4 ] DEBUG TilesetLoader        - Loading view for layer Tile Layer 2
17:54:40.984 [FXGL Background Thread 4 ] DEBUG TilesetLoader        - Created buffer with size 960.0x640.0
17:54:41.018 [FXGL Background Thread 4 ] WARN  TilesetLoader        - Diagonally flipped tiles are not currently supported
17:54:41.018 [FXGL Background Thread 4 ] WARN  TilesetLoader        - Diagonally flipped tiles are not currently supported
17:54:41.019 [FXGL Background Thread 4 ] WARN  TilesetLoader        - Diagonally flipped tiles are not currently supported
17:54:41.019 [FXGL Background Thread 4 ] WARN  TilesetLoader        - Diagonally flipped tiles are not currently supported
17:54:41.020 [FXGL Background Thread 4 ] WARN  TilesetLoader        - Diagonally flipped tiles are not currently supported
17:54:41.020 [FXGL Background Thread 4 ] WARN  TilesetLoader        - Diagonally flipped tiles are not currently supported
17:54:41.020 [FXGL Background Thread 4 ] WARN  TilesetLoader        - Diagonally flipped tiles are not currently supported
17:54:41.021 [FXGL Background Thread 4 ] WARN  TilesetLoader        - Diagonally flipped tiles are not currently supported
17:54:41.021 [FXGL Background Thread 4 ] WARN  TilesetLoader        - Diagonally flipped tiles are not currently supported
17:54:41.021 [FXGL Background Thread 4 ] WARN  TilesetLoader        - Diagonally flipped tiles are not currently supported
17:54:41.022 [FXGL Background Thread 4 ] WARN  TilesetLoader        - Diagonally flipped tiles are not currently supported
17:54:41.022 [FXGL Background Thread 4 ] WARN  TilesetLoader        - Diagonally flipped tiles are not currently supported
17:54:41.022 [FXGL Background Thread 4 ] WARN  TilesetLoader        - Diagonally flipped tiles are not currently supported
17:54:41.023 [FXGL Background Thread 4 ] WARN  TilesetLoader        - Diagonally flipped tiles are not currently supported
17:54:41.023 [FXGL Background Thread 4 ] WARN  TilesetLoader        - Diagonally flipped tiles are not currently supported
17:54:41.023 [FXGL Background Thread 4 ] WARN  TilesetLoader        - Diagonally flipped tiles are not currently supported
17:54:41.024 [FXGL Background Thread 4 ] WARN  TilesetLoader        - Diagonally flipped tiles are not currently supported
17:54:41.024 [FXGL Background Thread 4 ] WARN  TilesetLoader        - Diagonally flipped tiles are not currently supported
17:54:41.024 [FXGL Background Thread 4 ] WARN  TilesetLoader        - Diagonally flipped tiles are not currently supported
17:54:41.025 [FXGL Background Thread 4 ] WARN  TilesetLoader        - Diagonally flipped tiles are not currently supported
17:54:41.025 [FXGL Background Thread 4 ] WARN  TilesetLoader        - Diagonally flipped tiles are not currently supported
17:54:41.025 [FXGL Background Thread 4 ] WARN  TilesetLoader        - Diagonally flipped tiles are not currently supported
17:54:41.026 [FXGL Background Thread 4 ] WARN  TilesetLoader        - Diagonally flipped tiles are not currently supported
17:54:41.026 [FXGL Background Thread 4 ] WARN  TilesetLoader        - Diagonally flipped tiles are not currently supported
17:54:41.026 [FXGL Background Thread 4 ] WARN  TilesetLoader        - Diagonally flipped tiles are not currently supported
17:54:41.027 [FXGL Background Thread 4 ] WARN  TilesetLoader        - Diagonally flipped tiles are not currently supported
17:54:41.027 [FXGL Background Thread 4 ] WARN  TilesetLoader        - Diagonally flipped tiles are not currently supported
17:54:41.027 [FXGL Background Thread 4 ] WARN  TilesetLoader        - Diagonally flipped tiles are not currently supported
17:54:41.028 [FXGL Background Thread 4 ] WARN  TilesetLoader        - Diagonally flipped tiles are not currently supported
17:54:41.028 [FXGL Background Thread 4 ] WARN  TilesetLoader        - Diagonally flipped tiles are not currently supported
17:54:41.028 [FXGL Background Thread 4 ] WARN  TilesetLoader        - Diagonally flipped tiles are not currently supported
17:54:41.029 [FXGL Background Thread 4 ] WARN  TilesetLoader        - Diagonally flipped tiles are not currently supported
17:54:41.029 [FXGL Background Thread 4 ] WARN  TilesetLoader        - Diagonally flipped tiles are not currently supported
17:54:41.029 [FXGL Background Thread 4 ] WARN  TilesetLoader        - Diagonally flipped tiles are not currently supported
17:54:41.030 [FXGL Background Thread 4 ] WARN  TilesetLoader        - Diagonally flipped tiles are not currently supported
17:54:41.030 [FXGL Background Thread 4 ] WARN  TilesetLoader        - Diagonally flipped tiles are not currently supported
17:54:41.030 [FXGL Background Thread 4 ] WARN  TilesetLoader        - Diagonally flipped tiles are not currently supported
17:54:41.031 [FXGL Background Thread 4 ] WARN  TilesetLoader        - Diagonally flipped tiles are not currently supported
17:54:41.031 [FXGL Background Thread 4 ] WARN  TilesetLoader        - Diagonally flipped tiles are not currently supported
17:54:41.031 [FXGL Background Thread 4 ] WARN  TilesetLoader        - Diagonally flipped tiles are not currently supported
17:54:41.032 [FXGL Background Thread 4 ] WARN  TilesetLoader        - Diagonally flipped tiles are not currently supported
17:54:41.041 [FXGL Background Thread 4 ] WARN  TilesetLoader        - Diagonally flipped tiles are not currently supported
17:54:41.042 [FXGL Background Thread 4 ] WARN  TilesetLoader        - Diagonally flipped tiles are not currently supported
17:54:41.042 [FXGL Background Thread 4 ] WARN  TilesetLoader        - Diagonally flipped tiles are not currently supported
17:54:41.042 [FXGL Background Thread 4 ] WARN  TilesetLoader        - Diagonally flipped tiles are not currently supported
17:54:41.043 [FXGL Background Thread 4 ] WARN  TilesetLoader        - Diagonally flipped tiles are not currently supported
17:54:41.043 [FXGL Background Thread 4 ] WARN  TilesetLoader        - Diagonally flipped tiles are not currently supported
17:54:41.043 [FXGL Background Thread 4 ] WARN  TilesetLoader        - Diagonally flipped tiles are not currently supported
17:54:41.044 [FXGL Background Thread 4 ] WARN  TilesetLoader        - Diagonally flipped tiles are not currently supported
17:54:41.044 [FXGL Background Thread 4 ] WARN  TilesetLoader        - Diagonally flipped tiles are not currently supported
17:54:41.044 [FXGL Background Thread 4 ] DEBUG TMXLevelLoader       - Creating object layer entities
17:54:41.046 [FXGL Background Thread 4 ] DEBUG GameWorld            - Clearing removable entities
17:54:41.281 [FXGL Background Thread 4 ] DEBUG GameWorld            - Setting level: com.almasb.fxgl.entity.level.Level@a9dcb9
17:54:41.290 [FXGL Background Thread 4 ] INFO  FXGLApplication      - Game initialization took: 1.070 sec
17:54:41.311 [JavaFX Application Thread] DEBUG Input                - Clearing active input actions
17:54:41.323 [JavaFX Application Thread] DEBUG GameApplicationServi - Removing overlay from FXGLLoadingScene and adding to GameScene
17:54:41.325 [JavaFX Application Thread] DEBUG PrimaryStageWindow   - FXGLLoadingScene -> GameScene
17:54:41.569 [FXGL Background Thread 2 ] INFO  UpdaterService       - Your current version:  21.1
17:54:41.570 [FXGL Background Thread 2 ] INFO  UpdaterService       - Latest stable version: 25
17:54:42.270 [JavaFX Application Thread] WARN  FXGLAssetLoaderServi - Asset "/assets/textures/_Run.png" was not found!
17:54:42.270 [JavaFX Application Thread] WARN  FXGLAssetLoaderServi - Failed to load IMAGE
17:54:42.294 [JavaFX Application Thread] WARN  FXGLAssetLoaderServi - Asset "/assets/textures/_Run.png" was not found!
17:54:42.295 [JavaFX Application Thread] WARN  FXGLAssetLoaderServi - Failed to load IMAGE
17:54:43.105 [FXGL Background Thread 3 ] DEBUG Engine               - Logging environment variables
17:54:43.106 [FXGL Background Thread 3 ] DEBUG Engine               - achievements: []
17:54:43.106 [FXGL Background Thread 3 ] DEBUG Engine               - actualHeight: 640.0
17:54:43.107 [FXGL Background Thread 3 ] DEBUG Engine               - actualHeightProperty: ReadOnlyDoubleProperty [value: 640.0]
17:54:43.107 [FXGL Background Thread 3 ] DEBUG Engine               - actualWidth: 960.0
17:54:43.107 [FXGL Background Thread 3 ] DEBUG Engine               - actualWidthProperty: ReadOnlyDoubleProperty [value: 960.0]
17:54:43.107 [FXGL Background Thread 3 ] DEBUG Engine               - appIcon: fxgl_icon.png
17:54:43.107 [FXGL Background Thread 3 ] DEBUG Engine               - applicationMode: DEVELOPER
17:54:43.107 [FXGL Background Thread 3 ] DEBUG Engine               - cSSList: [fxgl_dark.css]
17:54:43.107 [FXGL Background Thread 3 ] DEBUG Engine               - collisionDetectionStrategy: BRUTE_FORCE
17:54:43.107 [FXGL Background Thread 3 ] DEBUG Engine               - configClass: Optional.empty
17:54:43.108 [FXGL Background Thread 3 ] DEBUG Engine               - credits: []
17:54:43.108 [FXGL Background Thread 3 ] DEBUG Engine               - defaultCursor: CursorInfo(imageName=fxgl_default_cursor.png, hotspotX=7.0, hotspotY=6.0)
17:54:43.109 [FXGL Background Thread 3 ] DEBUG Engine               - devBBoxColorProperty: ObjectProperty [value: 0xff0000ff]
17:54:43.109 [FXGL Background Thread 3 ] DEBUG Engine               - devEnableDebugCameraProperty: BooleanProperty [value: false]
17:54:43.109 [FXGL Background Thread 3 ] DEBUG Engine               - devSensorColorProperty: ObjectProperty [value: 0xffff00ff]
17:54:43.110 [FXGL Background Thread 3 ] DEBUG Engine               - devShowBBoxProperty: BooleanProperty [value: false]
17:54:43.110 [FXGL Background Thread 3 ] DEBUG Engine               - devShowPositionProperty: BooleanProperty [value: false]
17:54:43.110 [FXGL Background Thread 3 ] DEBUG Engine               - enabledMenuItems: []
17:54:43.110 [FXGL Background Thread 3 ] DEBUG Engine               - engineServices: [class com.almasb.fxgl.app.services.FXGLAssetLoaderService, class com.almasb.fxgl.app.FXGLApplication$GameApplicationService, class com.almasb.fxgl.app.services.FXGLDialogService, class com.almasb.fxgl.app.services.IOTaskExecutorService, class com.almasb.fxgl.io.FileSystemService, class com.almasb.fxgl.localization.LocalizationService, class com.almasb.fxgl.app.services.SystemBundleService, class com.almasb.fxgl.profile.SaveLoadService, class com.almasb.fxgl.ui.FXGLUIFactoryServiceProvider, class com.almasb.fxgl.ui.FXGLDialogFactoryServiceProvider, class com.almasb.fxgl.audio.AudioPlayer, class com.almasb.fxgl.notification.impl.NotificationServiceProvider, class com.almasb.fxgl.achievement.AchievementService, class com.almasb.fxgl.cutscene.CutsceneService, class com.almasb.fxgl.minigames.MiniGameService, class com.almasb.fxgl.net.NetService, class com.almasb.fxgl.app.services.UpdaterService, class com.almasb.fxgl.dev.DevService]
17:54:43.110 [FXGL Background Thread 3 ] DEBUG Engine               - fontGame: Abel-Regular.ttf
17:54:43.110 [FXGL Background Thread 3 ] DEBUG Engine               - fontMono: TerminalLandMono-Regular.otf
17:54:43.110 [FXGL Background Thread 3 ] DEBUG Engine               - fontSizeScaleUI: 1.0
17:54:43.110 [FXGL Background Thread 3 ] DEBUG Engine               - fontText: Courier-Prime.ttf
17:54:43.110 [FXGL Background Thread 3 ] DEBUG Engine               - fontUI: VarelaRound-Regular.ttf
17:54:43.111 [FXGL Background Thread 3 ] DEBUG Engine               - fullScreen: BooleanProperty [value: false]
17:54:43.111 [FXGL Background Thread 3 ] DEBUG Engine               - gameDifficulty: MEDIUM
17:54:43.111 [FXGL Background Thread 3 ] DEBUG Engine               - gameDifficultyProperty: ObjectProperty [value: MEDIUM]
17:54:43.111 [FXGL Background Thread 3 ] DEBUG Engine               - globalMusicVolume: 0.5
17:54:43.111 [FXGL Background Thread 3 ] DEBUG Engine               - globalMusicVolumeProperty: DoubleProperty [value: 0.5]
17:54:43.111 [FXGL Background Thread 3 ] DEBUG Engine               - globalSoundVolume: 0.5
17:54:43.111 [FXGL Background Thread 3 ] DEBUG Engine               - globalSoundVolumeProperty: DoubleProperty [value: 0.5]
17:54:43.111 [FXGL Background Thread 3 ] DEBUG Engine               - height: 640
17:54:43.112 [FXGL Background Thread 3 ] DEBUG Engine               - is3D: false
17:54:43.112 [FXGL Background Thread 3 ] DEBUG Engine               - isAndroid: false
17:54:43.112 [FXGL Background Thread 3 ] DEBUG Engine               - isBrowser: false
17:54:43.112 [FXGL Background Thread 3 ] DEBUG Engine               - isClickFeedbackEnabled: false
17:54:43.112 [FXGL Background Thread 3 ] DEBUG Engine               - isCloseConfirmation: false
17:54:43.112 [FXGL Background Thread 3 ] DEBUG Engine               - isDesktop: true
17:54:43.112 [FXGL Background Thread 3 ] DEBUG Engine               - isDeveloperMenuEnabled: false
17:54:43.112 [FXGL Background Thread 3 ] DEBUG Engine               - isEmbedded: false
17:54:43.112 [FXGL Background Thread 3 ] DEBUG Engine               - isEntityPreloadEnabled: true
17:54:43.112 [FXGL Background Thread 3 ] DEBUG Engine               - isExperimentalTiledLargeMap: false
17:54:43.112 [FXGL Background Thread 3 ] DEBUG Engine               - isFileSystemWriteAllowed: true
17:54:43.112 [FXGL Background Thread 3 ] DEBUG Engine               - isFullScreenAllowed: true
17:54:43.113 [FXGL Background Thread 3 ] DEBUG Engine               - isFullScreenFromStart: false
17:54:43.113 [FXGL Background Thread 3 ] DEBUG Engine               - isGameMenuEnabled: true
17:54:43.113 [FXGL Background Thread 3 ] DEBUG Engine               - isIOS: false
17:54:43.113 [FXGL Background Thread 3 ] DEBUG Engine               - isIntroEnabled: false
17:54:43.113 [FXGL Background Thread 3 ] DEBUG Engine               - isLinux: false
17:54:43.113 [FXGL Background Thread 3 ] DEBUG Engine               - isMac: false
17:54:43.113 [FXGL Background Thread 3 ] DEBUG Engine               - isMainMenuEnabled: false
17:54:43.113 [FXGL Background Thread 3 ] DEBUG Engine               - isManualResizeEnabled: true
17:54:43.113 [FXGL Background Thread 3 ] DEBUG Engine               - isMobile: false
17:54:43.113 [FXGL Background Thread 3 ] DEBUG Engine               - isNative: false
17:54:43.113 [FXGL Background Thread 3 ] DEBUG Engine               - isPauseMusicWhenMinimized: true
17:54:43.113 [FXGL Background Thread 3 ] DEBUG Engine               - isPreserveResizeRatio: false
17:54:43.113 [FXGL Background Thread 3 ] DEBUG Engine               - isProfilingEnabled: false
17:54:43.113 [FXGL Background Thread 3 ] DEBUG Engine               - isScaleAffectedOnResize: true
17:54:43.113 [FXGL Background Thread 3 ] DEBUG Engine               - isSingleStep: false
17:54:43.114 [FXGL Background Thread 3 ] DEBUG Engine               - isUserProfileEnabled: false
17:54:43.114 [FXGL Background Thread 3 ] DEBUG Engine               - isWindows: true
17:54:43.114 [FXGL Background Thread 3 ] DEBUG Engine               - language: ObjectProperty [value: ENGLISH]
17:54:43.114 [FXGL Background Thread 3 ] DEBUG Engine               - menuKey: ESCAPE
17:54:43.114 [FXGL Background Thread 3 ] DEBUG Engine               - mouseSensitivity: 0.2
17:54:43.114 [FXGL Background Thread 3 ] DEBUG Engine               - notificationViewClass: class com.almasb.fxgl.notification.view.XboxNotificationView
17:54:43.114 [FXGL Background Thread 3 ] DEBUG Engine               - pixelsPerMeter: 50.0
17:54:43.114 [FXGL Background Thread 3 ] DEBUG Engine               - platform: WINDOWS
17:54:43.114 [FXGL Background Thread 3 ] DEBUG Engine               - prefHeightProperty: ReadOnlyDoubleProperty [value: 640.0]
17:54:43.114 [FXGL Background Thread 3 ] DEBUG Engine               - prefWidthProperty: ReadOnlyDoubleProperty [value: 960.0]
17:54:43.114 [FXGL Background Thread 3 ] DEBUG Engine               - profileDir: profiles/
17:54:43.114 [FXGL Background Thread 3 ] DEBUG Engine               - profileName: StringProperty [value: DEFAULT]
17:54:43.114 [FXGL Background Thread 3 ] DEBUG Engine               - randomSeed: -1
17:54:43.115 [FXGL Background Thread 3 ] DEBUG Engine               - runtimeInfo: RuntimeInfo(platform=WINDOWS, version=21.1, build=27.03.2024 07.52)
17:54:43.115 [FXGL Background Thread 3 ] DEBUG Engine               - saveFileExt: sav
17:54:43.115 [FXGL Background Thread 3 ] DEBUG Engine               - scaledHeightProp$fxgl: DoubleProperty [bound, value: 640.0]
17:54:43.115 [FXGL Background Thread 3 ] DEBUG Engine               - scaledWidthProp$fxgl: DoubleProperty [bound, value: 960.0]
17:54:43.115 [FXGL Background Thread 3 ] DEBUG Engine               - sceneFactory: com.almasb.fxgl.app.scene.SceneFactory@5a21eef4
17:54:43.115 [FXGL Background Thread 3 ] DEBUG Engine               - secondsIn24h: 60
17:54:43.115 [FXGL Background Thread 3 ] DEBUG Engine               - soundMenuBack: menu/back.wav
17:54:43.115 [FXGL Background Thread 3 ] DEBUG Engine               - soundMenuPress: menu/press.wav
17:54:43.115 [FXGL Background Thread 3 ] DEBUG Engine               - soundMenuSelect: menu/select.wav
17:54:43.115 [FXGL Background Thread 3 ] DEBUG Engine               - soundNotification: core/notification.wav
17:54:43.115 [FXGL Background Thread 3 ] DEBUG Engine               - stageStyle: DECORATED
17:54:43.115 [FXGL Background Thread 3 ] DEBUG Engine               - supportedLanguages: [ENGLISH, FRENCH, GERMAN, HUNGARIAN, RUSSIAN]
17:54:43.115 [FXGL Background Thread 3 ] DEBUG Engine               - ticksPerSecond: -1
17:54:43.115 [FXGL Background Thread 3 ] DEBUG Engine               - title: 1945
17:54:43.115 [FXGL Background Thread 3 ] DEBUG Engine               - urlGithub: https://github.com/AlmasB/FXGL
17:54:43.115 [FXGL Background Thread 3 ] DEBUG Engine               - urlLeaderboard: http://fxgl-top.herokuapp.com/
17:54:43.116 [FXGL Background Thread 3 ] DEBUG Engine               - urlPOM: https://raw.githubusercontent.com/AlmasB/FXGL/release/README.md
17:54:43.116 [FXGL Background Thread 3 ] DEBUG Engine               - userAppClass: class org.example.Main
17:54:43.116 [FXGL Background Thread 3 ] DEBUG Engine               - version: 0.1
17:54:43.116 [FXGL Background Thread 3 ] DEBUG Engine               - versionCheckDays: 7
17:54:43.116 [FXGL Background Thread 3 ] DEBUG Engine               - width: 960
17:54:43.116 [FXGL Background Thread 3 ] DEBUG Engine               - Logging services
17:54:43.116 [FXGL Background Thread 3 ] DEBUG Engine               - class com.almasb.fxgl.app.services.FXGLAssetLoaderService
17:54:43.116 [FXGL Background Thread 3 ] DEBUG Engine               - class com.almasb.fxgl.app.FXGLApplication$GameApplicationService
17:54:43.116 [FXGL Background Thread 3 ] DEBUG Engine               - class com.almasb.fxgl.app.services.FXGLDialogService
17:54:43.116 [FXGL Background Thread 3 ] DEBUG Engine               - class com.almasb.fxgl.app.services.IOTaskExecutorService
17:54:43.116 [FXGL Background Thread 3 ] DEBUG Engine               - class com.almasb.fxgl.io.FileSystemService
17:54:43.116 [FXGL Background Thread 3 ] DEBUG Engine               - class com.almasb.fxgl.localization.LocalizationService
17:54:43.116 [FXGL Background Thread 3 ] DEBUG Engine               - class com.almasb.fxgl.app.services.SystemBundleService
17:54:43.116 [FXGL Background Thread 3 ] DEBUG Engine               - class com.almasb.fxgl.profile.SaveLoadService
17:54:43.116 [FXGL Background Thread 3 ] DEBUG Engine               - class com.almasb.fxgl.ui.FXGLUIFactoryServiceProvider
17:54:43.116 [FXGL Background Thread 3 ] DEBUG Engine               - class com.almasb.fxgl.ui.FXGLDialogFactoryServiceProvider
17:54:43.116 [FXGL Background Thread 3 ] DEBUG Engine               - class com.almasb.fxgl.audio.AudioPlayer
17:54:43.116 [FXGL Background Thread 3 ] DEBUG Engine               - class com.almasb.fxgl.notification.impl.NotificationServiceProvider
17:54:43.116 [FXGL Background Thread 3 ] DEBUG Engine               - class com.almasb.fxgl.achievement.AchievementService
17:54:43.116 [FXGL Background Thread 3 ] DEBUG Engine               - class com.almasb.fxgl.cutscene.CutsceneService
17:54:43.117 [FXGL Background Thread 3 ] DEBUG Engine               - class com.almasb.fxgl.minigames.MiniGameService
17:54:43.117 [FXGL Background Thread 3 ] DEBUG Engine               - class com.almasb.fxgl.net.NetService
17:54:43.117 [FXGL Background Thread 3 ] DEBUG Engine               - class com.almasb.fxgl.app.services.UpdaterService
17:54:43.117 [FXGL Background Thread 3 ] DEBUG Engine               - class com.almasb.fxgl.dev.DevService
17:54:43.435 [JavaFX Application Thread] WARN  FXGLAssetLoaderServi - Asset "/assets/textures/_Run.png" was not found!
17:54:43.435 [JavaFX Application Thread] WARN  FXGLAssetLoaderServi - Failed to load IMAGE
17:54:43.437 [JavaFX Application Thread] WARN  FXGLAssetLoaderServi - Asset "/assets/textures/_Run.png" was not found!
17:54:43.437 [JavaFX Application Thread] WARN  FXGLAssetLoaderServi - Failed to load IMAGE
17:54:44.585 [JavaFX Application Thread] WARN  FXGLAssetLoaderServi - Asset "/assets/textures/_Run.png" was not found!
17:54:44.586 [JavaFX Application Thread] WARN  FXGLAssetLoaderServi - Failed to load IMAGE
17:54:44.587 [JavaFX Application Thread] WARN  FXGLAssetLoaderServi - Asset "/assets/textures/_Run.png" was not found!
17:54:44.587 [JavaFX Application Thread] WARN  FXGLAssetLoaderServi - Failed to load IMAGE
17:54:45.610 [JavaFX Application Thread] WARN  FXGLAssetLoaderServi - Asset "/assets/textures/_Run.png" was not found!
17:54:45.611 [JavaFX Application Thread] WARN  FXGLAssetLoaderServi - Failed to load IMAGE
17:54:45.612 [JavaFX Application Thread] WARN  FXGLAssetLoaderServi - Asset "/assets/textures/_Run.png" was not found!
17:54:45.612 [JavaFX Application Thread] WARN  FXGLAssetLoaderServi - Failed to load IMAGE
17:54:46.746 [JavaFX Application Thread] WARN  FXGLAssetLoaderServi - Asset "/assets/textures/_Run.png" was not found!
17:54:46.746 [JavaFX Application Thread] WARN  FXGLAssetLoaderServi - Failed to load IMAGE
17:54:46.748 [JavaFX Application Thread] WARN  FXGLAssetLoaderServi - Asset "/assets/textures/_Run.png" was not found!
17:54:46.748 [JavaFX Application Thread] WARN  FXGLAssetLoaderServi - Failed to load IMAGE
17:54:47.690 [JavaFX Application Thread] WARN  FXGLAssetLoaderServi - Asset "/assets/textures/_Run.png" was not found!
17:54:47.690 [JavaFX Application Thread] WARN  FXGLAssetLoaderServi - Failed to load IMAGE
17:54:47.691 [JavaFX Application Thread] WARN  FXGLAssetLoaderServi - Asset "/assets/textures/_Run.png" was not found!
17:54:47.691 [JavaFX Application Thread] WARN  FXGLAssetLoaderServi - Failed to load IMAGE
17:54:47.854 [JavaFX Application Thread] DEBUG PrimaryStageWindow   - Push state: FXGLDefaultMenu
17:54:47.858 [JavaFX Application Thread] DEBUG Input                - Clearing active input actions
17:54:47.865 [JavaFX Application Thread] DEBUG GameApplicationServi - Removing overlay from GameScene and adding to FXGLDefaultMenu
17:54:47.866 [JavaFX Application Thread] DEBUG PrimaryStageWindow   - GameScene -> FXGLDefaultMenu
17:54:50.710 [JavaFX Application Thread] DEBUG Menu                 - fireExit()
17:54:50.713 [JavaFX Application Thread] DEBUG PrimaryStageWindow   - Push state: DialogSubScene
17:54:50.713 [JavaFX Application Thread] DEBUG Input                - Clearing active input actions
17:54:50.714 [JavaFX Application Thread] DEBUG GameApplicationServi - Removing overlay from FXGLDefaultMenu and adding to DialogSubScene
17:54:50.714 [JavaFX Application Thread] DEBUG PrimaryStageWindow   - FXGLDefaultMenu -> DialogSubScene
17:54:52.675 [JavaFX Application Thread] DEBUG PrimaryStageWindow   - Pop state: DialogSubScene
17:54:52.675 [JavaFX Application Thread] DEBUG Input                - Clearing active input actions
17:54:52.677 [JavaFX Application Thread] DEBUG GameApplicationServi - Removing overlay from DialogSubScene and adding to FXGLDefaultMenu
17:54:52.678 [JavaFX Application Thread] DEBUG PrimaryStageWindow   - FXGLDefaultMenu <- DialogSubScene
17:54:52.678 [JavaFX Application Thread] DEBUG FXGLApplication      - Exiting FXGL
17:54:52.678 [JavaFX Application Thread] DEBUG LoopRunner           - Stopping loop
17:54:52.678 [JavaFX Application Thread] DEBUG SystemBundleService  - Saving FXGL system data
17:54:52.681 [JavaFX Application Thread] DEBUG FileSystemAccess     - Writing to: E:\Downloads\Newbegining-main\Newbegining-main\system\fxgl.bundle
17:54:52.684 [JavaFX Application Thread] DEBUG Async                - Shutting down background threads
17:54:52.685 [JavaFX Application Thread] DEBUG PrimaryStageWindow   - Closing main window
17:54:52.714 [JavaFX Application Thread] DEBUG Logger               - Closing Logger
