20:25:04.766 [main                     ] DEBUG Logger               - Configured Logger
20:25:04.795 [main                     ] DEBUG GameApplication      - Logging settings
Title: 1945
Version: 0.1
Width: 1280
Height: 800
Fullscreen: true
Intro: false
Profiling: false
Single step:false
App Mode: DEVELOPER
Menu Key: ESCAPE
Stage Style: DECORATED
Scene Factory: class com.almasb.fxgl.app.scene.SceneFactory

20:25:05.384 [JavaFX Application Thread] DEBUG FXGLApplication      - Initializing FXGL
20:25:05.394 [JavaFX Application Thread] INFO  Engine               - FXGL-21.1 (27.03.2024 07.52) on WINDOWS (J:21.0.9 FX:21.0.1)
20:25:05.394 [JavaFX Application Thread] DEBUG Engine               - JRE Vendor Name: Oracle Corporation
20:25:05.395 [JavaFX Application Thread] DEBUG Engine               - Running on OS: Windows 11 version 10.0
20:25:05.395 [JavaFX Application Thread] DEBUG Engine               - Architecture: amd64
20:25:05.395 [JavaFX Application Thread] INFO  Engine               - Source code and latest versions at: https://github.com/AlmasB/FXGL
20:25:05.395 [JavaFX Application Thread] INFO  Engine               -       Ask questions and discuss at: https://github.com/AlmasB/FXGL/discussions
20:25:05.395 [JavaFX Application Thread] INFO  Engine               -              Join the FXGL chat at: https://gitter.im/AlmasB/FXGL
20:25:05.538 [JavaFX Application Thread] DEBUG PrimaryStageWindow   - Creating a JavaFX scene
20:25:05.599 [JavaFX Application Thread] DEBUG PrimaryStageWindow   - Target settings size: 1280.0 x 800.0
20:25:05.600 [JavaFX Application Thread] DEBUG PrimaryStageWindow   - Scaled scene size:    1280.0 x 800.0
20:25:05.600 [JavaFX Application Thread] DEBUG PrimaryStageWindow   - Scaled ratio: (1.0, 1.0)
20:25:05.601 [JavaFX Application Thread] DEBUG PrimaryStageWindow   - Set initial scene to FXGLStartupScene
20:25:05.605 [JavaFX Application Thread] DEBUG PrimaryStageWindow   - Opening main window
20:25:05.744 [JavaFX Application Thread] DEBUG PrimaryStageWindow   - Window border size: (14.4000244140625, 37.5999755859375)
20:25:05.745 [JavaFX Application Thread] DEBUG PrimaryStageWindow   - Scaled size: 1280.0 x 800.0
20:25:05.745 [JavaFX Application Thread] DEBUG PrimaryStageWindow   - Scaled ratio: (1.0, 1.0)
20:25:05.745 [JavaFX Application Thread] DEBUG PrimaryStageWindow   - Scene size: 1280.0 x 800.0
20:25:05.745 [JavaFX Application Thread] DEBUG PrimaryStageWindow   - Stage size: 1294.4000244140625 x 837.5999755859375
20:25:05.761 [FXGL Background Thread 1 ] DEBUG Engine               - Initializing environment variables
20:25:05.849 [FXGL Background Thread 1 ] DEBUG FXGLAssetLoaderServi - User app class for loading assets: class org.saikat.Main
20:25:05.849 [FXGL Background Thread 1 ] DEBUG GameApplicationServi - Applying CSS: fxgl_dark.css
20:25:05.851 [FXGL Background Thread 1 ] DEBUG FXGLAssetLoaderServi - Loading from file system: jar:file:/C:/Users/HP/.m2/repository/com/github/almasb/fxgl/21.1/fxgl-21.1.jar!/fxglassets/ui/css/fxgl_dark.css
20:25:05.900 [FXGL Background Thread 1 ] DEBUG GameApplicationServi - Initializing application scenes
20:25:05.955 [FXGL Background Thread 1 ] DEBUG GameWorld            - Game world initialized
20:25:06.021 [FXGL Background Thread 1 ] DEBUG PhysicsWorld         - Physics world initialized: appHeight=800, physics.ppm=50.0
20:25:06.021 [FXGL Background Thread 1 ] DEBUG PhysicsWorld         - Using strategy: BRUTE_FORCE
20:25:06.025 [FXGL Background Thread 1 ] DEBUG GameScene            - Game scene initialized: 1280x800
20:25:06.037 [FXGL Background Thread 1 ] DEBUG FXGL.DefaultMenu     - createMenuBodyGameMenu()
20:25:06.050 [FXGL Background Thread 1 ] DEBUG FXGL.DefaultMenu     - createOptionsMenu()
20:25:06.058 [FXGL Background Thread 1 ] DEBUG FXGLAssetLoaderServi - Loading from file system: jar:file:/C:/Users/HP/.m2/repository/com/github/almasb/fxgl/21.1/fxgl-21.1.jar!/fxglassets/textures/particles/smoke.png
20:25:06.165 [FXGL Background Thread 1 ] DEBUG FXGLAssetLoaderServi - Loading from file system: jar:file:/C:/Users/HP/.m2/repository/com/github/almasb/fxgl/21.1/fxgl-21.1.jar!/fxglassets/textures/particles/trace_horizontal.png
20:25:06.203 [FXGL Background Thread 1 ] DEBUG GameApplicationServi - Application scenes initialized
20:25:06.227 [FXGL Background Thread 1 ] DEBUG SystemBundleService  - Loading FXGL system data
20:25:06.234 [FXGL Background Thread 1 ] DEBUG FileSystemAccess     - Reading from: E:\All About Dev\OOP\FXGL new Begining\final version\Tower Defender\Tower-Defender\system\fxgl.bundle
20:25:06.254 [FXGL Background Thread 1 ] DEBUG SystemBundleService  - Bundle FXGL: {}
20:25:06.255 [FXGL Background Thread 1 ] DEBUG UpdaterService       - Checking for updates
20:25:06.263 [FXGL Background Thread 4 ] DEBUG FXGLApplication      - Loading fonts
20:25:06.264 [FXGL Background Thread 4 ] DEBUG FXGLAssetLoaderServi - Loading from file system: jar:file:/C:/Users/HP/.m2/repository/com/github/almasb/fxgl/21.1/fxgl-21.1.jar!/fxglassets/ui/fonts/VarelaRound-Regular.ttf
20:25:06.266 [FXGL Background Thread 1 ] DEBUG FXGLApplication      - Loading default localization
20:25:06.267 [FXGL Background Thread 1 ] DEBUG FXGLAssetLoaderServi - Loading from file system: jar:file:/C:/Users/HP/.m2/repository/com/github/almasb/fxgl/21.1/fxgl-21.1.jar!/fxglassets/languages/english.lang
20:25:06.314 [FXGL Background Thread 1 ] INFO  FXGLApplication      - FXGL initialization took: 0.552 sec
20:25:06.323 [JavaFX Application Thread] DEBUG Input                - Registered new binding: add tower - LMB
20:25:06.323 [JavaFX Application Thread] DEBUG FXGLAssetLoaderServi - Loading from file system: jar:file:/C:/Users/HP/.m2/repository/com/github/almasb/fxgl/21.1/fxgl-21.1.jar!/fxglassets/textures/fxgl_icon.png
20:25:06.356 [JavaFX Application Thread] DEBUG FXGLAssetLoaderServi - Loading from file system: jar:file:/C:/Users/HP/.m2/repository/com/github/almasb/fxgl/21.1/fxgl-21.1.jar!/fxglassets/textures/fxgl_default_cursor.png
20:25:06.369 [JavaFX Application Thread] DEBUG Input                - Registered new binding: Screenshot - CTRL+8
20:25:06.370 [JavaFX Application Thread] DEBUG Input                - Registered new binding: System info dump - CTRL+9
20:25:06.371 [JavaFX Application Thread] DEBUG Input                - Registered new binding: Restart - CTRL+R
20:25:06.372 [JavaFX Application Thread] DEBUG Input                - Registered new binding: Toggle Debug Camera - CTRL+7
20:25:06.377 [FXGL Background Thread 4 ] DEBUG FXGLAssetLoaderServi - Loading from file system: jar:file:/C:/Users/HP/.m2/repository/com/github/almasb/fxgl/21.1/fxgl-21.1.jar!/fxglassets/ui/fonts/Abel-Regular.ttf
20:25:06.378 [JavaFX Application Thread] DEBUG LoopRunner           - Starting loop
20:25:06.378 [JavaFX Application Thread] DEBUG LoopRunner           - Initializing JavaFX AnimationTimerLoop
20:25:06.381 [JavaFX Application Thread] DEBUG GameApplicationServi - Starting new game
20:25:06.381 [JavaFX Application Thread] DEBUG Input                - Clearing active input actions
20:25:06.384 [FXGL Background Thread 4 ] DEBUG FXGLAssetLoaderServi - Loading from file system: jar:file:/C:/Users/HP/.m2/repository/com/github/almasb/fxgl/21.1/fxgl-21.1.jar!/fxglassets/ui/fonts/TerminalLandMono-Regular.otf
20:25:06.390 [FXGL Background Thread 4 ] DEBUG FXGLAssetLoaderServi - Loading from file system: jar:file:/C:/Users/HP/.m2/repository/com/github/almasb/fxgl/21.1/fxgl-21.1.jar!/fxglassets/ui/fonts/Courier-Prime.ttf
20:25:06.403 [JavaFX Application Thread] DEBUG GameApplicationServi - Removing overlay from FXGLStartupScene and adding to FXGLLoadingScene
20:25:06.404 [JavaFX Application Thread] DEBUG PrimaryStageWindow   - FXGLStartupScene -> FXGLLoadingScene
20:25:06.404 [JavaFX Application Thread] DEBUG GameApplicationServi - Clearing previous game
20:25:06.404 [JavaFX Application Thread] DEBUG GameScene            - Clearing game scene
20:25:06.404 [JavaFX Application Thread] DEBUG GameWorld            - Clearing game world
20:25:06.404 [JavaFX Application Thread] DEBUG PhysicsWorld         - Clearing physics world
20:25:06.408 [FXGL Background Thread 4 ] DEBUG FXGLApplication      - Initializing game
20:25:06.476 [JavaFX Application Thread] DEBUG FXGLApplication      - Registering font factories with UI factory
20:25:06.522 [FXGL Background Thread 4 ] WARN  TMXLevelLoader       - TiledMap generated from 1.12.2. Supported version: 1.9.0. Some features may not be parsed fully.
20:25:06.561 [FXGL Background Thread 4 ] DEBUG TMXLevelLoader       - Parsed TiledMap: file:/E:/All%20About%20Dev/OOP/FXGL%20new%20Begining/final%20version/Tower%20Defender/Tower-Defender/target/classes/assets/levels/wall.tmx
20:25:06.564 [FXGL Background Thread 4 ] DEBUG TMXLevelLoader       - Creating tile layer entities
20:25:06.569 [FXGL Background Thread 4 ] DEBUG TilesetLoader        - Loading view for layer background
20:25:06.571 [FXGL Background Thread 4 ] DEBUG TilesetLoader        - Created buffer with size 1280.0x800.0
20:25:06.601 [FXGL Background Thread 4 ] DEBUG TilesetLoader        - Loading view for layer tower spot layer
20:25:06.603 [FXGL Background Thread 4 ] DEBUG TilesetLoader        - Created buffer with size 1280.0x800.0
20:25:06.617 [FXGL Background Thread 4 ] DEBUG TilesetLoader        - Loading view for layer icons
20:25:06.620 [FXGL Background Thread 4 ] DEBUG TilesetLoader        - Created buffer with size 1280.0x800.0
20:25:06.636 [FXGL Background Thread 4 ] DEBUG TilesetLoader        - Loading view for layer Road
20:25:06.638 [FXGL Background Thread 4 ] DEBUG TilesetLoader        - Created buffer with size 1280.0x800.0
20:25:06.642 [FXGL Background Thread 4 ] DEBUG TilesetLoader        - Loading view for layer Grass
20:25:06.644 [FXGL Background Thread 4 ] DEBUG TilesetLoader        - Created buffer with size 1280.0x800.0
20:25:06.654 [FXGL Background Thread 4 ] DEBUG TMXLevelLoader       - Creating object layer entities
20:25:06.687 [FXGL Background Thread 4 ] DEBUG GameWorld            - Clearing removable entities
20:25:06.689 [FXGL Background Thread 4 ] DEBUG GameWorld            - Setting level: com.almasb.fxgl.entity.level.Level@737e8a9
20:25:06.699 [FXGL Background Thread 4 ] INFO  FXGLApplication      - Game initialization took: 0.291 sec
20:25:06.701 [JavaFX Application Thread] DEBUG Input                - Clearing active input actions
20:25:06.712 [JavaFX Application Thread] DEBUG GameApplicationServi - Removing overlay from FXGLLoadingScene and adding to GameScene
20:25:06.712 [JavaFX Application Thread] DEBUG PrimaryStageWindow   - FXGLLoadingScene -> GameScene
20:25:07.690 [JavaFX Application Thread] DEBUG FXGLAssetLoaderServi - Loading from file system: file:/E:/All%20About%20Dev/OOP/FXGL%20new%20Begining/final%20version/Tower%20Defender/Tower-Defender/target/classes/assets/textures/bird.png
20:25:07.817 [FXGL Background Thread 2 ] INFO  UpdaterService       - Your current version:  21.1
20:25:07.818 [FXGL Background Thread 2 ] INFO  UpdaterService       - Latest stable version: 25
20:25:09.259 [FXGL Background Thread 3 ] DEBUG Engine               - Logging environment variables
20:25:09.259 [FXGL Background Thread 3 ] DEBUG Engine               - achievements: []
20:25:09.260 [FXGL Background Thread 3 ] DEBUG Engine               - actualHeight: 800.0
20:25:09.260 [FXGL Background Thread 3 ] DEBUG Engine               - actualHeightProperty: ReadOnlyDoubleProperty [value: 800.0]
20:25:09.260 [FXGL Background Thread 3 ] DEBUG Engine               - actualWidth: 1280.0
20:25:09.260 [FXGL Background Thread 3 ] DEBUG Engine               - actualWidthProperty: ReadOnlyDoubleProperty [value: 1280.0]
20:25:09.260 [FXGL Background Thread 3 ] DEBUG Engine               - appIcon: fxgl_icon.png
20:25:09.260 [FXGL Background Thread 3 ] DEBUG Engine               - applicationMode: DEVELOPER
20:25:09.260 [FXGL Background Thread 3 ] DEBUG Engine               - cSSList: [fxgl_dark.css]
20:25:09.260 [FXGL Background Thread 3 ] DEBUG Engine               - collisionDetectionStrategy: BRUTE_FORCE
20:25:09.260 [FXGL Background Thread 3 ] DEBUG Engine               - configClass: Optional.empty
20:25:09.260 [FXGL Background Thread 3 ] DEBUG Engine               - credits: []
20:25:09.260 [FXGL Background Thread 3 ] DEBUG Engine               - defaultCursor: CursorInfo(imageName=fxgl_default_cursor.png, hotspotX=7.0, hotspotY=6.0)
20:25:09.260 [FXGL Background Thread 3 ] DEBUG Engine               - devBBoxColorProperty: ObjectProperty [value: 0xff0000ff]
20:25:09.260 [FXGL Background Thread 3 ] DEBUG Engine               - devEnableDebugCameraProperty: BooleanProperty [value: false]
20:25:09.260 [FXGL Background Thread 3 ] DEBUG Engine               - devSensorColorProperty: ObjectProperty [value: 0xffff00ff]
20:25:09.260 [FXGL Background Thread 3 ] DEBUG Engine               - devShowBBoxProperty: BooleanProperty [value: false]
20:25:09.260 [FXGL Background Thread 3 ] DEBUG Engine               - devShowPositionProperty: BooleanProperty [value: false]
20:25:09.260 [FXGL Background Thread 3 ] DEBUG Engine               - enabledMenuItems: []
20:25:09.260 [FXGL Background Thread 3 ] DEBUG Engine               - engineServices: [class com.almasb.fxgl.app.services.FXGLAssetLoaderService, class com.almasb.fxgl.app.FXGLApplication$GameApplicationService, class com.almasb.fxgl.app.services.FXGLDialogService, class com.almasb.fxgl.app.services.IOTaskExecutorService, class com.almasb.fxgl.io.FileSystemService, class com.almasb.fxgl.localization.LocalizationService, class com.almasb.fxgl.app.services.SystemBundleService, class com.almasb.fxgl.profile.SaveLoadService, class com.almasb.fxgl.ui.FXGLUIFactoryServiceProvider, class com.almasb.fxgl.ui.FXGLDialogFactoryServiceProvider, class com.almasb.fxgl.audio.AudioPlayer, class com.almasb.fxgl.notification.impl.NotificationServiceProvider, class com.almasb.fxgl.achievement.AchievementService, class com.almasb.fxgl.cutscene.CutsceneService, class com.almasb.fxgl.minigames.MiniGameService, class com.almasb.fxgl.net.NetService, class com.almasb.fxgl.app.services.UpdaterService, class com.almasb.fxgl.dev.DevService]
20:25:09.261 [FXGL Background Thread 3 ] DEBUG Engine               - fontGame: Abel-Regular.ttf
20:25:09.261 [FXGL Background Thread 3 ] DEBUG Engine               - fontMono: TerminalLandMono-Regular.otf
20:25:09.261 [FXGL Background Thread 3 ] DEBUG Engine               - fontSizeScaleUI: 1.0
20:25:09.261 [FXGL Background Thread 3 ] DEBUG Engine               - fontText: Courier-Prime.ttf
20:25:09.261 [FXGL Background Thread 3 ] DEBUG Engine               - fontUI: VarelaRound-Regular.ttf
20:25:09.261 [FXGL Background Thread 3 ] DEBUG Engine               - fullScreen: BooleanProperty [value: false]
20:25:09.261 [FXGL Background Thread 3 ] DEBUG Engine               - gameDifficulty: MEDIUM
20:25:09.261 [FXGL Background Thread 3 ] DEBUG Engine               - gameDifficultyProperty: ObjectProperty [value: MEDIUM]
20:25:09.261 [FXGL Background Thread 3 ] DEBUG Engine               - globalMusicVolume: 0.5
20:25:09.261 [FXGL Background Thread 3 ] DEBUG Engine               - globalMusicVolumeProperty: DoubleProperty [value: 0.5]
20:25:09.261 [FXGL Background Thread 3 ] DEBUG Engine               - globalSoundVolume: 0.5
20:25:09.261 [FXGL Background Thread 3 ] DEBUG Engine               - globalSoundVolumeProperty: DoubleProperty [value: 0.5]
20:25:09.261 [FXGL Background Thread 3 ] DEBUG Engine               - height: 800
20:25:09.261 [FXGL Background Thread 3 ] DEBUG Engine               - is3D: false
20:25:09.261 [FXGL Background Thread 3 ] DEBUG Engine               - isAndroid: false
20:25:09.261 [FXGL Background Thread 3 ] DEBUG Engine               - isBrowser: false
20:25:09.261 [FXGL Background Thread 3 ] DEBUG Engine               - isClickFeedbackEnabled: false
20:25:09.261 [FXGL Background Thread 3 ] DEBUG Engine               - isCloseConfirmation: false
20:25:09.261 [FXGL Background Thread 3 ] DEBUG Engine               - isDesktop: true
20:25:09.261 [FXGL Background Thread 3 ] DEBUG Engine               - isDeveloperMenuEnabled: false
20:25:09.261 [FXGL Background Thread 3 ] DEBUG Engine               - isEmbedded: false
20:25:09.262 [FXGL Background Thread 3 ] DEBUG Engine               - isEntityPreloadEnabled: true
20:25:09.262 [FXGL Background Thread 3 ] DEBUG Engine               - isExperimentalTiledLargeMap: false
20:25:09.262 [FXGL Background Thread 3 ] DEBUG Engine               - isFileSystemWriteAllowed: true
20:25:09.262 [FXGL Background Thread 3 ] DEBUG Engine               - isFullScreenAllowed: true
20:25:09.262 [FXGL Background Thread 3 ] DEBUG Engine               - isFullScreenFromStart: false
20:25:09.262 [FXGL Background Thread 3 ] DEBUG Engine               - isGameMenuEnabled: true
20:25:09.262 [FXGL Background Thread 3 ] DEBUG Engine               - isIOS: false
20:25:09.262 [FXGL Background Thread 3 ] DEBUG Engine               - isIntroEnabled: false
20:25:09.262 [FXGL Background Thread 3 ] DEBUG Engine               - isLinux: false
20:25:09.262 [FXGL Background Thread 3 ] DEBUG Engine               - isMac: false
20:25:09.262 [FXGL Background Thread 3 ] DEBUG Engine               - isMainMenuEnabled: false
20:25:09.262 [FXGL Background Thread 3 ] DEBUG Engine               - isManualResizeEnabled: true
20:25:09.262 [FXGL Background Thread 3 ] DEBUG Engine               - isMobile: false
20:25:09.262 [FXGL Background Thread 3 ] DEBUG Engine               - isNative: false
20:25:09.262 [FXGL Background Thread 3 ] DEBUG Engine               - isPauseMusicWhenMinimized: true
20:25:09.262 [FXGL Background Thread 3 ] DEBUG Engine               - isPreserveResizeRatio: false
20:25:09.263 [FXGL Background Thread 3 ] DEBUG Engine               - isProfilingEnabled: false
20:25:09.263 [FXGL Background Thread 3 ] DEBUG Engine               - isScaleAffectedOnResize: true
20:25:09.263 [FXGL Background Thread 3 ] DEBUG Engine               - isSingleStep: false
20:25:09.263 [FXGL Background Thread 3 ] DEBUG Engine               - isUserProfileEnabled: false
20:25:09.263 [FXGL Background Thread 3 ] DEBUG Engine               - isWindows: true
20:25:09.263 [FXGL Background Thread 3 ] DEBUG Engine               - language: ObjectProperty [value: ENGLISH]
20:25:09.263 [FXGL Background Thread 3 ] DEBUG Engine               - menuKey: ESCAPE
20:25:09.263 [FXGL Background Thread 3 ] DEBUG Engine               - mouseSensitivity: 0.2
20:25:09.263 [FXGL Background Thread 3 ] DEBUG Engine               - notificationViewClass: class com.almasb.fxgl.notification.view.XboxNotificationView
20:25:09.263 [FXGL Background Thread 3 ] DEBUG Engine               - pixelsPerMeter: 50.0
20:25:09.263 [FXGL Background Thread 3 ] DEBUG Engine               - platform: WINDOWS
20:25:09.263 [FXGL Background Thread 3 ] DEBUG Engine               - prefHeightProperty: ReadOnlyDoubleProperty [value: 800.0]
20:25:09.263 [FXGL Background Thread 3 ] DEBUG Engine               - prefWidthProperty: ReadOnlyDoubleProperty [value: 1280.0]
20:25:09.263 [FXGL Background Thread 3 ] DEBUG Engine               - profileDir: profiles/
20:25:09.263 [FXGL Background Thread 3 ] DEBUG Engine               - profileName: StringProperty [value: DEFAULT]
20:25:09.264 [FXGL Background Thread 3 ] DEBUG Engine               - randomSeed: -1
20:25:09.264 [FXGL Background Thread 3 ] DEBUG Engine               - runtimeInfo: RuntimeInfo(platform=WINDOWS, version=21.1, build=27.03.2024 07.52)
20:25:09.264 [FXGL Background Thread 3 ] DEBUG Engine               - saveFileExt: sav
20:25:09.264 [FXGL Background Thread 3 ] DEBUG Engine               - scaledHeightProp$fxgl: DoubleProperty [bound, value: 800.0]
20:25:09.264 [FXGL Background Thread 3 ] DEBUG Engine               - scaledWidthProp$fxgl: DoubleProperty [bound, value: 1280.0]
20:25:09.264 [FXGL Background Thread 3 ] DEBUG Engine               - sceneFactory: com.almasb.fxgl.app.scene.SceneFactory@2f25a1a2
20:25:09.264 [FXGL Background Thread 3 ] DEBUG Engine               - secondsIn24h: 60
20:25:09.264 [FXGL Background Thread 3 ] DEBUG Engine               - soundMenuBack: menu/back.wav
20:25:09.265 [FXGL Background Thread 3 ] DEBUG Engine               - soundMenuPress: menu/press.wav
20:25:09.265 [FXGL Background Thread 3 ] DEBUG Engine               - soundMenuSelect: menu/select.wav
20:25:09.265 [FXGL Background Thread 3 ] DEBUG Engine               - soundNotification: core/notification.wav
20:25:09.265 [FXGL Background Thread 3 ] DEBUG Engine               - stageStyle: DECORATED
20:25:09.265 [FXGL Background Thread 3 ] DEBUG Engine               - supportedLanguages: [ENGLISH, FRENCH, GERMAN, HUNGARIAN, RUSSIAN]
20:25:09.265 [FXGL Background Thread 3 ] DEBUG Engine               - ticksPerSecond: -1
20:25:09.265 [FXGL Background Thread 3 ] DEBUG Engine               - title: 1945
20:25:09.265 [FXGL Background Thread 3 ] DEBUG Engine               - urlGithub: https://github.com/AlmasB/FXGL
20:25:09.265 [FXGL Background Thread 3 ] DEBUG Engine               - urlLeaderboard: http://fxgl-top.herokuapp.com/
20:25:09.265 [FXGL Background Thread 3 ] DEBUG Engine               - urlPOM: https://raw.githubusercontent.com/AlmasB/FXGL/release/README.md
20:25:09.265 [FXGL Background Thread 3 ] DEBUG Engine               - userAppClass: class org.saikat.Main
20:25:09.265 [FXGL Background Thread 3 ] DEBUG Engine               - version: 0.1
20:25:09.265 [FXGL Background Thread 3 ] DEBUG Engine               - versionCheckDays: 7
20:25:09.265 [FXGL Background Thread 3 ] DEBUG Engine               - width: 1280
20:25:09.265 [FXGL Background Thread 3 ] DEBUG Engine               - Logging services
20:25:09.265 [FXGL Background Thread 3 ] DEBUG Engine               - class com.almasb.fxgl.app.services.FXGLAssetLoaderService
20:25:09.265 [FXGL Background Thread 3 ] DEBUG Engine               - class com.almasb.fxgl.app.FXGLApplication$GameApplicationService
20:25:09.265 [FXGL Background Thread 3 ] DEBUG Engine               - class com.almasb.fxgl.app.services.FXGLDialogService
20:25:09.266 [FXGL Background Thread 3 ] DEBUG Engine               - class com.almasb.fxgl.app.services.IOTaskExecutorService
20:25:09.266 [FXGL Background Thread 3 ] DEBUG Engine               - class com.almasb.fxgl.io.FileSystemService
20:25:09.266 [FXGL Background Thread 3 ] DEBUG Engine               - class com.almasb.fxgl.localization.LocalizationService
20:25:09.266 [FXGL Background Thread 3 ] DEBUG Engine               - class com.almasb.fxgl.app.services.SystemBundleService
20:25:09.266 [FXGL Background Thread 3 ] DEBUG Engine               - class com.almasb.fxgl.profile.SaveLoadService
20:25:09.266 [FXGL Background Thread 3 ] DEBUG Engine               - class com.almasb.fxgl.ui.FXGLUIFactoryServiceProvider
20:25:09.266 [FXGL Background Thread 3 ] DEBUG Engine               - class com.almasb.fxgl.ui.FXGLDialogFactoryServiceProvider
20:25:09.266 [FXGL Background Thread 3 ] DEBUG Engine               - class com.almasb.fxgl.audio.AudioPlayer
20:25:09.266 [FXGL Background Thread 3 ] DEBUG Engine               - class com.almasb.fxgl.notification.impl.NotificationServiceProvider
20:25:09.266 [FXGL Background Thread 3 ] DEBUG Engine               - class com.almasb.fxgl.achievement.AchievementService
20:25:09.266 [FXGL Background Thread 3 ] DEBUG Engine               - class com.almasb.fxgl.cutscene.CutsceneService
20:25:09.266 [FXGL Background Thread 3 ] DEBUG Engine               - class com.almasb.fxgl.minigames.MiniGameService
20:25:09.266 [FXGL Background Thread 3 ] DEBUG Engine               - class com.almasb.fxgl.net.NetService
20:25:09.266 [FXGL Background Thread 3 ] DEBUG Engine               - class com.almasb.fxgl.app.services.UpdaterService
20:25:09.266 [FXGL Background Thread 3 ] DEBUG Engine               - class com.almasb.fxgl.dev.DevService
21:41:33.841 [JavaFX Application Thread] DEBUG FXGLApplication      - Exiting FXGL
21:41:33.901 [JavaFX Application Thread] DEBUG LoopRunner           - Stopping loop
21:41:33.923 [JavaFX Application Thread] DEBUG SystemBundleService  - Saving FXGL system data
21:41:34.308 [JavaFX Application Thread] DEBUG FileSystemAccess     - Writing to: E:\All About Dev\OOP\FXGL new Begining\final version\Tower Defender\Tower-Defender\system\fxgl.bundle
21:41:34.441 [JavaFX Application Thread] DEBUG Async                - Shutting down background threads
21:41:34.455 [JavaFX Application Thread] DEBUG PrimaryStageWindow   - Closing main window
21:41:34.580 [JavaFX Application Thread] DEBUG Logger               - Closing Logger
