14:24:45.320 [main                     ] DEBUG Logger               - Configured Logger
14:24:45.345 [main                     ] DEBUG GameApplication      - Logging settings
Title: Ghost Hunter
Version: 1.0
Width: 1280
Height: 800
Fullscreen: true
Intro: false
Profiling: false
Single step:false
App Mode: DEVELOPER
Menu Key: ESCAPE
Stage Style: DECORATED
Scene Factory: class com.almasb.fxgl.app.scene.SceneFactory

14:24:46.288 [JavaFX Application Thread] DEBUG FXGLApplication      - Initializing FXGL
14:24:46.292 [JavaFX Application Thread] INFO  Engine               - FXGL-21.1 (27.03.2024 07.52) on WINDOWS (J:21.0.9 FX:21.0.1)
14:24:46.293 [JavaFX Application Thread] DEBUG Engine               - JRE Vendor Name: Oracle Corporation
14:24:46.293 [JavaFX Application Thread] DEBUG Engine               - Running on OS: Windows 11 version 10.0
14:24:46.293 [JavaFX Application Thread] DEBUG Engine               - Architecture: amd64
14:24:46.293 [JavaFX Application Thread] INFO  Engine               - Source code and latest versions at: https://github.com/AlmasB/FXGL
14:24:46.293 [JavaFX Application Thread] INFO  Engine               -       Ask questions and discuss at: https://github.com/AlmasB/FXGL/discussions
14:24:46.293 [JavaFX Application Thread] INFO  Engine               -              Join the FXGL chat at: https://gitter.im/AlmasB/FXGL
14:24:46.447 [JavaFX Application Thread] DEBUG PrimaryStageWindow   - Creating a JavaFX scene
14:24:46.513 [JavaFX Application Thread] DEBUG PrimaryStageWindow   - Target settings size: 1280.0 x 800.0
14:24:46.513 [JavaFX Application Thread] DEBUG PrimaryStageWindow   - Scaled scene size:    1280.0 x 800.0
14:24:46.513 [JavaFX Application Thread] DEBUG PrimaryStageWindow   - Scaled ratio: (1.0, 1.0)
14:24:46.514 [JavaFX Application Thread] DEBUG PrimaryStageWindow   - Set initial scene to FXGLStartupScene
14:24:46.517 [JavaFX Application Thread] DEBUG PrimaryStageWindow   - Opening main window
14:24:46.674 [JavaFX Application Thread] DEBUG PrimaryStageWindow   - Window border size: (14.4000244140625, 37.5999755859375)
14:24:46.674 [JavaFX Application Thread] DEBUG PrimaryStageWindow   - Scaled size: 1280.0 x 800.0
14:24:46.675 [JavaFX Application Thread] DEBUG PrimaryStageWindow   - Scaled ratio: (1.0, 1.0)
14:24:46.675 [JavaFX Application Thread] DEBUG PrimaryStageWindow   - Scene size: 1280.0 x 800.0
14:24:46.675 [JavaFX Application Thread] DEBUG PrimaryStageWindow   - Stage size: 1294.4000244140625 x 837.5999755859375
14:24:46.686 [FXGL Background Thread 1 ] DEBUG Engine               - Initializing environment variables
14:24:46.770 [FXGL Background Thread 1 ] DEBUG FXGLAssetLoaderServi - User app class for loading assets: class org.saikat.Game
14:24:46.770 [FXGL Background Thread 1 ] DEBUG GameApplicationServi - Applying CSS: fxgl_dark.css
14:24:46.772 [FXGL Background Thread 1 ] DEBUG FXGLAssetLoaderServi - Loading from file system: jar:file:/C:/Users/HP/.m2/repository/com/github/almasb/fxgl/21.1/fxgl-21.1.jar!/fxglassets/ui/css/fxgl_dark.css
14:24:46.836 [FXGL Background Thread 1 ] DEBUG GameApplicationServi - Initializing application scenes
14:24:46.921 [FXGL Background Thread 1 ] DEBUG GameWorld            - Game world initialized
14:24:46.992 [FXGL Background Thread 1 ] DEBUG PhysicsWorld         - Physics world initialized: appHeight=800, physics.ppm=50.0
14:24:46.993 [FXGL Background Thread 1 ] DEBUG PhysicsWorld         - Using strategy: BRUTE_FORCE
14:24:46.996 [FXGL Background Thread 1 ] DEBUG GameScene            - Game scene initialized: 1280x800
14:24:47.011 [FXGL Background Thread 1 ] DEBUG FXGL.DefaultMenu     - createMenuBodyGameMenu()
14:24:47.027 [FXGL Background Thread 1 ] DEBUG FXGL.DefaultMenu     - createOptionsMenu()
14:24:47.036 [FXGL Background Thread 1 ] DEBUG FXGLAssetLoaderServi - Loading from file system: jar:file:/C:/Users/HP/.m2/repository/com/github/almasb/fxgl/21.1/fxgl-21.1.jar!/fxglassets/textures/particles/smoke.png
14:24:47.175 [FXGL Background Thread 1 ] DEBUG FXGLAssetLoaderServi - Loading from file system: jar:file:/C:/Users/HP/.m2/repository/com/github/almasb/fxgl/21.1/fxgl-21.1.jar!/fxglassets/textures/particles/trace_horizontal.png
14:24:47.203 [FXGL Background Thread 1 ] DEBUG GameApplicationServi - Application scenes initialized
14:24:47.225 [FXGL Background Thread 1 ] DEBUG SystemBundleService  - Loading FXGL system data
14:24:47.237 [FXGL Background Thread 1 ] DEBUG FileSystemAccess     - Reading from: E:\All About Dev\OOP\FXGL new Begining\final version\Tower Defender\Tower-Defender\system\fxgl.bundle
14:24:47.256 [FXGL Background Thread 1 ] DEBUG SystemBundleService  - Bundle FXGL: {}
14:24:47.256 [FXGL Background Thread 1 ] DEBUG UpdaterService       - Checking for updates
14:24:47.264 [FXGL Background Thread 4 ] DEBUG FXGLApplication      - Loading fonts
14:24:47.265 [FXGL Background Thread 4 ] DEBUG FXGLAssetLoaderServi - Loading from file system: jar:file:/C:/Users/HP/.m2/repository/com/github/almasb/fxgl/21.1/fxgl-21.1.jar!/fxglassets/ui/fonts/VarelaRound-Regular.ttf
14:24:47.265 [FXGL Background Thread 1 ] DEBUG FXGLApplication      - Loading default localization
14:24:47.266 [FXGL Background Thread 1 ] DEBUG FXGLAssetLoaderServi - Loading from file system: jar:file:/C:/Users/HP/.m2/repository/com/github/almasb/fxgl/21.1/fxgl-21.1.jar!/fxglassets/languages/english.lang
14:24:47.295 [FXGL Background Thread 1 ] INFO  FXGLApplication      - FXGL initialization took: 0.609 sec
14:24:47.303 [JavaFX Application Thread] DEBUG Input                - Registered new binding: add tower - LMB
14:24:47.304 [JavaFX Application Thread] DEBUG Input                - Registered new binding: remove tower - RMB
14:24:47.305 [JavaFX Application Thread] DEBUG FXGLAssetLoaderServi - Loading from file system: jar:file:/C:/Users/HP/.m2/repository/com/github/almasb/fxgl/21.1/fxgl-21.1.jar!/fxglassets/textures/fxgl_icon.png
14:24:47.329 [JavaFX Application Thread] DEBUG FXGLAssetLoaderServi - Loading from file system: jar:file:/C:/Users/HP/.m2/repository/com/github/almasb/fxgl/21.1/fxgl-21.1.jar!/fxglassets/textures/fxgl_default_cursor.png
14:24:47.342 [JavaFX Application Thread] DEBUG Input                - Registered new binding: Screenshot - CTRL+8
14:24:47.342 [JavaFX Application Thread] DEBUG Input                - Registered new binding: System info dump - CTRL+9
14:24:47.343 [JavaFX Application Thread] DEBUG Input                - Registered new binding: Restart - CTRL+R
14:24:47.345 [JavaFX Application Thread] DEBUG Input                - Registered new binding: Toggle Debug Camera - CTRL+7
14:24:47.349 [JavaFX Application Thread] DEBUG LoopRunner           - Starting loop
14:24:47.349 [JavaFX Application Thread] DEBUG LoopRunner           - Initializing JavaFX AnimationTimerLoop
14:24:47.353 [JavaFX Application Thread] DEBUG GameApplicationServi - Starting new game
14:24:47.353 [JavaFX Application Thread] DEBUG Input                - Clearing active input actions
14:24:47.371 [JavaFX Application Thread] DEBUG GameApplicationServi - Removing overlay from FXGLStartupScene and adding to FXGLLoadingScene
14:24:47.372 [JavaFX Application Thread] DEBUG PrimaryStageWindow   - FXGLStartupScene -> FXGLLoadingScene
14:24:47.372 [JavaFX Application Thread] DEBUG GameApplicationServi - Clearing previous game
14:24:47.372 [JavaFX Application Thread] DEBUG GameScene            - Clearing game scene
14:24:47.372 [JavaFX Application Thread] DEBUG GameWorld            - Clearing game world
14:24:47.372 [JavaFX Application Thread] DEBUG PhysicsWorld         - Clearing physics world
14:24:47.375 [FXGL Background Thread 1 ] DEBUG FXGLApplication      - Initializing game
14:24:47.463 [FXGL Background Thread 1 ] WARN  TMXLevelLoader       - TiledMap generated from 1.12.2. Supported version: 1.9.0. Some features may not be parsed fully.
14:24:47.497 [FXGL Background Thread 1 ] DEBUG TMXLevelLoader       - Parsed TiledMap: file:/E:/All%20About%20Dev/OOP/FXGL%20new%20Begining/final%20version/Tower%20Defender/Tower-Defender/target/classes/assets/levels/wall.tmx
14:24:47.499 [FXGL Background Thread 1 ] DEBUG TMXLevelLoader       - Creating tile layer entities
14:24:47.502 [FXGL Background Thread 1 ] DEBUG TilesetLoader        - Loading view for layer icons
14:24:47.504 [FXGL Background Thread 1 ] DEBUG TilesetLoader        - Created buffer with size 1280.0x800.0
14:24:47.530 [FXGL Background Thread 1 ] DEBUG TilesetLoader        - Loading view for layer background
14:24:47.533 [FXGL Background Thread 1 ] DEBUG TilesetLoader        - Created buffer with size 1280.0x800.0
14:24:47.535 [FXGL Background Thread 4 ] DEBUG FXGLAssetLoaderServi - Loading from file system: jar:file:/C:/Users/HP/.m2/repository/com/github/almasb/fxgl/21.1/fxgl-21.1.jar!/fxglassets/ui/fonts/Abel-Regular.ttf
14:24:47.542 [FXGL Background Thread 4 ] DEBUG FXGLAssetLoaderServi - Loading from file system: jar:file:/C:/Users/HP/.m2/repository/com/github/almasb/fxgl/21.1/fxgl-21.1.jar!/fxglassets/ui/fonts/TerminalLandMono-Regular.otf
14:24:47.549 [FXGL Background Thread 4 ] DEBUG FXGLAssetLoaderServi - Loading from file system: jar:file:/C:/Users/HP/.m2/repository/com/github/almasb/fxgl/21.1/fxgl-21.1.jar!/fxglassets/ui/fonts/Courier-Prime.ttf
14:24:47.575 [JavaFX Application Thread] DEBUG FXGLApplication      - Registering font factories with UI factory
14:24:47.641 [FXGL Background Thread 1 ] DEBUG TilesetLoader        - Loading view for layer tower spot layer
14:24:47.643 [FXGL Background Thread 1 ] DEBUG TilesetLoader        - Created buffer with size 1280.0x800.0
14:24:47.671 [FXGL Background Thread 1 ] DEBUG TilesetLoader        - Loading view for layer Road
14:24:47.673 [FXGL Background Thread 1 ] DEBUG TilesetLoader        - Created buffer with size 1280.0x800.0
14:24:47.674 [FXGL Background Thread 1 ] DEBUG TilesetLoader        - Loading view for layer road2
14:24:47.676 [FXGL Background Thread 1 ] DEBUG TilesetLoader        - Created buffer with size 1280.0x800.0
14:24:47.678 [FXGL Background Thread 1 ] WARN  TilesetLoader        - Diagonally flipped tiles are not currently supported
14:24:47.679 [FXGL Background Thread 1 ] WARN  TilesetLoader        - Diagonally flipped tiles are not currently supported
14:24:47.679 [FXGL Background Thread 1 ] WARN  TilesetLoader        - Diagonally flipped tiles are not currently supported
14:24:47.680 [FXGL Background Thread 1 ] WARN  TilesetLoader        - Diagonally flipped tiles are not currently supported
14:24:47.680 [FXGL Background Thread 1 ] WARN  TilesetLoader        - Diagonally flipped tiles are not currently supported
14:24:47.681 [FXGL Background Thread 1 ] WARN  TilesetLoader        - Diagonally flipped tiles are not currently supported
14:24:47.681 [FXGL Background Thread 1 ] WARN  TilesetLoader        - Diagonally flipped tiles are not currently supported
14:24:47.682 [FXGL Background Thread 1 ] WARN  TilesetLoader        - Diagonally flipped tiles are not currently supported
14:24:47.683 [FXGL Background Thread 1 ] WARN  TilesetLoader        - Diagonally flipped tiles are not currently supported
14:24:47.684 [FXGL Background Thread 1 ] WARN  TilesetLoader        - Diagonally flipped tiles are not currently supported
14:24:47.686 [FXGL Background Thread 1 ] WARN  TilesetLoader        - Diagonally flipped tiles are not currently supported
14:24:47.687 [FXGL Background Thread 1 ] WARN  TilesetLoader        - Diagonally flipped tiles are not currently supported
14:24:47.688 [FXGL Background Thread 1 ] WARN  TilesetLoader        - Diagonally flipped tiles are not currently supported
14:24:47.689 [FXGL Background Thread 1 ] WARN  TilesetLoader        - Diagonally flipped tiles are not currently supported
14:24:47.695 [FXGL Background Thread 1 ] WARN  TilesetLoader        - Diagonally flipped tiles are not currently supported
14:24:47.696 [FXGL Background Thread 1 ] WARN  TilesetLoader        - Diagonally flipped tiles are not currently supported
14:24:47.697 [FXGL Background Thread 1 ] WARN  TilesetLoader        - Diagonally flipped tiles are not currently supported
14:24:47.697 [FXGL Background Thread 1 ] WARN  TilesetLoader        - Diagonally flipped tiles are not currently supported
14:24:47.698 [FXGL Background Thread 1 ] WARN  TilesetLoader        - Diagonally flipped tiles are not currently supported
14:24:47.699 [FXGL Background Thread 1 ] WARN  TilesetLoader        - Diagonally flipped tiles are not currently supported
14:24:47.699 [FXGL Background Thread 1 ] WARN  TilesetLoader        - Diagonally flipped tiles are not currently supported
14:24:47.700 [FXGL Background Thread 1 ] WARN  TilesetLoader        - Diagonally flipped tiles are not currently supported
14:24:47.700 [FXGL Background Thread 1 ] WARN  TilesetLoader        - Diagonally flipped tiles are not currently supported
14:24:47.701 [FXGL Background Thread 1 ] WARN  TilesetLoader        - Diagonally flipped tiles are not currently supported
14:24:47.702 [FXGL Background Thread 1 ] WARN  TilesetLoader        - Diagonally flipped tiles are not currently supported
14:24:47.703 [FXGL Background Thread 1 ] WARN  TilesetLoader        - Diagonally flipped tiles are not currently supported
14:24:47.703 [FXGL Background Thread 1 ] WARN  TilesetLoader        - Diagonally flipped tiles are not currently supported
14:24:47.704 [FXGL Background Thread 1 ] WARN  TilesetLoader        - Diagonally flipped tiles are not currently supported
14:24:47.704 [FXGL Background Thread 1 ] WARN  TilesetLoader        - Diagonally flipped tiles are not currently supported
14:24:47.705 [FXGL Background Thread 1 ] WARN  TilesetLoader        - Diagonally flipped tiles are not currently supported
14:24:47.705 [FXGL Background Thread 1 ] WARN  TilesetLoader        - Diagonally flipped tiles are not currently supported
14:24:47.706 [FXGL Background Thread 1 ] WARN  TilesetLoader        - Diagonally flipped tiles are not currently supported
14:24:47.707 [FXGL Background Thread 1 ] WARN  TilesetLoader        - Diagonally flipped tiles are not currently supported
14:24:47.707 [FXGL Background Thread 1 ] WARN  TilesetLoader        - Diagonally flipped tiles are not currently supported
14:24:47.708 [FXGL Background Thread 1 ] WARN  TilesetLoader        - Diagonally flipped tiles are not currently supported
14:24:47.709 [FXGL Background Thread 1 ] WARN  TilesetLoader        - Diagonally flipped tiles are not currently supported
14:24:47.709 [FXGL Background Thread 1 ] WARN  TilesetLoader        - Diagonally flipped tiles are not currently supported
14:24:47.710 [FXGL Background Thread 1 ] WARN  TilesetLoader        - Diagonally flipped tiles are not currently supported
14:24:47.710 [FXGL Background Thread 1 ] WARN  TilesetLoader        - Diagonally flipped tiles are not currently supported
14:24:47.711 [FXGL Background Thread 1 ] WARN  TilesetLoader        - Diagonally flipped tiles are not currently supported
14:24:47.711 [FXGL Background Thread 1 ] WARN  TilesetLoader        - Diagonally flipped tiles are not currently supported
14:24:47.712 [FXGL Background Thread 1 ] WARN  TilesetLoader        - Diagonally flipped tiles are not currently supported
14:24:47.712 [FXGL Background Thread 1 ] WARN  TilesetLoader        - Diagonally flipped tiles are not currently supported
14:24:47.713 [FXGL Background Thread 1 ] WARN  TilesetLoader        - Diagonally flipped tiles are not currently supported
14:24:47.713 [FXGL Background Thread 1 ] WARN  TilesetLoader        - Diagonally flipped tiles are not currently supported
14:24:47.713 [FXGL Background Thread 1 ] WARN  TilesetLoader        - Diagonally flipped tiles are not currently supported
14:24:47.714 [FXGL Background Thread 1 ] WARN  TilesetLoader        - Diagonally flipped tiles are not currently supported
14:24:47.714 [FXGL Background Thread 1 ] WARN  TilesetLoader        - Diagonally flipped tiles are not currently supported
14:24:47.714 [FXGL Background Thread 1 ] WARN  TilesetLoader        - Diagonally flipped tiles are not currently supported
14:24:47.715 [FXGL Background Thread 1 ] WARN  TilesetLoader        - Diagonally flipped tiles are not currently supported
14:24:47.715 [FXGL Background Thread 1 ] WARN  TilesetLoader        - Diagonally flipped tiles are not currently supported
14:24:47.715 [FXGL Background Thread 1 ] WARN  TilesetLoader        - Diagonally flipped tiles are not currently supported
14:24:47.716 [FXGL Background Thread 1 ] WARN  TilesetLoader        - Diagonally flipped tiles are not currently supported
14:24:47.716 [FXGL Background Thread 1 ] WARN  TilesetLoader        - Diagonally flipped tiles are not currently supported
14:24:47.717 [FXGL Background Thread 1 ] WARN  TilesetLoader        - Diagonally flipped tiles are not currently supported
14:24:47.717 [FXGL Background Thread 1 ] WARN  TilesetLoader        - Diagonally flipped tiles are not currently supported
14:24:47.718 [FXGL Background Thread 1 ] WARN  TilesetLoader        - Diagonally flipped tiles are not currently supported
14:24:47.718 [FXGL Background Thread 1 ] WARN  TilesetLoader        - Diagonally flipped tiles are not currently supported
14:24:47.718 [FXGL Background Thread 1 ] WARN  TilesetLoader        - Diagonally flipped tiles are not currently supported
14:24:47.719 [FXGL Background Thread 1 ] WARN  TilesetLoader        - Diagonally flipped tiles are not currently supported
14:24:47.719 [FXGL Background Thread 1 ] WARN  TilesetLoader        - Diagonally flipped tiles are not currently supported
14:24:47.720 [FXGL Background Thread 1 ] WARN  TilesetLoader        - Diagonally flipped tiles are not currently supported
14:24:47.720 [FXGL Background Thread 1 ] WARN  TilesetLoader        - Diagonally flipped tiles are not currently supported
14:24:47.720 [FXGL Background Thread 1 ] WARN  TilesetLoader        - Diagonally flipped tiles are not currently supported
14:24:47.721 [FXGL Background Thread 1 ] WARN  TilesetLoader        - Diagonally flipped tiles are not currently supported
14:24:47.721 [FXGL Background Thread 1 ] WARN  TilesetLoader        - Diagonally flipped tiles are not currently supported
14:24:47.724 [FXGL Background Thread 1 ] WARN  TilesetLoader        - Diagonally flipped tiles are not currently supported
14:24:47.725 [FXGL Background Thread 1 ] WARN  TilesetLoader        - Diagonally flipped tiles are not currently supported
14:24:47.725 [FXGL Background Thread 1 ] WARN  TilesetLoader        - Diagonally flipped tiles are not currently supported
14:24:47.725 [FXGL Background Thread 1 ] WARN  TilesetLoader        - Diagonally flipped tiles are not currently supported
14:24:47.725 [FXGL Background Thread 1 ] WARN  TilesetLoader        - Diagonally flipped tiles are not currently supported
14:24:47.726 [FXGL Background Thread 1 ] WARN  TilesetLoader        - Diagonally flipped tiles are not currently supported
14:24:47.726 [FXGL Background Thread 1 ] WARN  TilesetLoader        - Diagonally flipped tiles are not currently supported
14:24:47.726 [FXGL Background Thread 1 ] WARN  TilesetLoader        - Diagonally flipped tiles are not currently supported
14:24:47.726 [FXGL Background Thread 1 ] WARN  TilesetLoader        - Diagonally flipped tiles are not currently supported
14:24:47.727 [FXGL Background Thread 1 ] WARN  TilesetLoader        - Diagonally flipped tiles are not currently supported
14:24:47.727 [FXGL Background Thread 1 ] WARN  TilesetLoader        - Diagonally flipped tiles are not currently supported
14:24:47.727 [FXGL Background Thread 1 ] WARN  TilesetLoader        - Diagonally flipped tiles are not currently supported
14:24:47.727 [FXGL Background Thread 1 ] WARN  TilesetLoader        - Diagonally flipped tiles are not currently supported
14:24:47.727 [FXGL Background Thread 1 ] WARN  TilesetLoader        - Diagonally flipped tiles are not currently supported
14:24:47.728 [FXGL Background Thread 1 ] WARN  TilesetLoader        - Diagonally flipped tiles are not currently supported
14:24:47.728 [FXGL Background Thread 1 ] WARN  TilesetLoader        - Diagonally flipped tiles are not currently supported
14:24:47.728 [FXGL Background Thread 1 ] WARN  TilesetLoader        - Diagonally flipped tiles are not currently supported
14:24:47.728 [FXGL Background Thread 1 ] WARN  TilesetLoader        - Diagonally flipped tiles are not currently supported
14:24:47.729 [FXGL Background Thread 1 ] WARN  TilesetLoader        - Diagonally flipped tiles are not currently supported
14:24:47.729 [FXGL Background Thread 1 ] WARN  TilesetLoader        - Diagonally flipped tiles are not currently supported
14:24:47.729 [FXGL Background Thread 1 ] WARN  TilesetLoader        - Diagonally flipped tiles are not currently supported
14:24:47.729 [FXGL Background Thread 1 ] WARN  TilesetLoader        - Diagonally flipped tiles are not currently supported
14:24:47.730 [FXGL Background Thread 1 ] WARN  TilesetLoader        - Diagonally flipped tiles are not currently supported
14:24:47.730 [FXGL Background Thread 1 ] WARN  TilesetLoader        - Diagonally flipped tiles are not currently supported
14:24:47.730 [FXGL Background Thread 1 ] WARN  TilesetLoader        - Diagonally flipped tiles are not currently supported
14:24:47.731 [FXGL Background Thread 1 ] WARN  TilesetLoader        - Diagonally flipped tiles are not currently supported
14:24:47.731 [FXGL Background Thread 1 ] WARN  TilesetLoader        - Diagonally flipped tiles are not currently supported
14:24:47.731 [FXGL Background Thread 1 ] WARN  TilesetLoader        - Diagonally flipped tiles are not currently supported
14:24:47.731 [FXGL Background Thread 1 ] WARN  TilesetLoader        - Diagonally flipped tiles are not currently supported
14:24:47.732 [FXGL Background Thread 1 ] WARN  TilesetLoader        - Diagonally flipped tiles are not currently supported
14:24:47.732 [FXGL Background Thread 1 ] WARN  TilesetLoader        - Diagonally flipped tiles are not currently supported
14:24:47.732 [FXGL Background Thread 1 ] WARN  TilesetLoader        - Diagonally flipped tiles are not currently supported
14:24:47.733 [FXGL Background Thread 1 ] WARN  TilesetLoader        - Diagonally flipped tiles are not currently supported
14:24:47.733 [FXGL Background Thread 1 ] WARN  TilesetLoader        - Diagonally flipped tiles are not currently supported
14:24:47.733 [FXGL Background Thread 1 ] WARN  TilesetLoader        - Diagonally flipped tiles are not currently supported
14:24:47.734 [FXGL Background Thread 1 ] WARN  TilesetLoader        - Diagonally flipped tiles are not currently supported
14:24:47.734 [FXGL Background Thread 1 ] WARN  TilesetLoader        - Diagonally flipped tiles are not currently supported
14:24:47.735 [FXGL Background Thread 1 ] WARN  TilesetLoader        - Diagonally flipped tiles are not currently supported
14:24:47.735 [FXGL Background Thread 1 ] WARN  TilesetLoader        - Diagonally flipped tiles are not currently supported
14:24:47.735 [FXGL Background Thread 1 ] WARN  TilesetLoader        - Diagonally flipped tiles are not currently supported
14:24:47.736 [FXGL Background Thread 1 ] WARN  TilesetLoader        - Diagonally flipped tiles are not currently supported
14:24:47.736 [FXGL Background Thread 1 ] WARN  TilesetLoader        - Diagonally flipped tiles are not currently supported
14:24:47.737 [FXGL Background Thread 1 ] WARN  TilesetLoader        - Diagonally flipped tiles are not currently supported
14:24:47.737 [FXGL Background Thread 1 ] WARN  TilesetLoader        - Diagonally flipped tiles are not currently supported
14:24:47.738 [FXGL Background Thread 1 ] WARN  TilesetLoader        - Diagonally flipped tiles are not currently supported
14:24:47.738 [FXGL Background Thread 1 ] WARN  TilesetLoader        - Diagonally flipped tiles are not currently supported
14:24:47.739 [FXGL Background Thread 1 ] WARN  TilesetLoader        - Diagonally flipped tiles are not currently supported
14:24:47.739 [FXGL Background Thread 1 ] WARN  TilesetLoader        - Diagonally flipped tiles are not currently supported
14:24:47.739 [FXGL Background Thread 1 ] WARN  TilesetLoader        - Diagonally flipped tiles are not currently supported
14:24:47.740 [FXGL Background Thread 1 ] WARN  TilesetLoader        - Diagonally flipped tiles are not currently supported
14:24:47.740 [FXGL Background Thread 1 ] WARN  TilesetLoader        - Diagonally flipped tiles are not currently supported
14:24:47.740 [FXGL Background Thread 1 ] WARN  TilesetLoader        - Diagonally flipped tiles are not currently supported
14:24:47.741 [FXGL Background Thread 1 ] WARN  TilesetLoader        - Diagonally flipped tiles are not currently supported
14:24:47.741 [FXGL Background Thread 1 ] WARN  TilesetLoader        - Diagonally flipped tiles are not currently supported
14:24:47.742 [FXGL Background Thread 1 ] WARN  TilesetLoader        - Diagonally flipped tiles are not currently supported
14:24:47.742 [FXGL Background Thread 1 ] WARN  TilesetLoader        - Diagonally flipped tiles are not currently supported
14:24:47.742 [FXGL Background Thread 1 ] WARN  TilesetLoader        - Diagonally flipped tiles are not currently supported
14:24:47.743 [FXGL Background Thread 1 ] WARN  TilesetLoader        - Diagonally flipped tiles are not currently supported
14:24:47.743 [FXGL Background Thread 1 ] WARN  TilesetLoader        - Diagonally flipped tiles are not currently supported
14:24:47.743 [FXGL Background Thread 1 ] WARN  TilesetLoader        - Diagonally flipped tiles are not currently supported
14:24:47.744 [FXGL Background Thread 1 ] WARN  TilesetLoader        - Diagonally flipped tiles are not currently supported
14:24:47.744 [FXGL Background Thread 1 ] WARN  TilesetLoader        - Diagonally flipped tiles are not currently supported
14:24:47.744 [FXGL Background Thread 1 ] WARN  TilesetLoader        - Diagonally flipped tiles are not currently supported
14:24:47.745 [FXGL Background Thread 1 ] WARN  TilesetLoader        - Diagonally flipped tiles are not currently supported
14:24:47.745 [FXGL Background Thread 1 ] WARN  TilesetLoader        - Diagonally flipped tiles are not currently supported
14:24:47.746 [FXGL Background Thread 1 ] WARN  TilesetLoader        - Diagonally flipped tiles are not currently supported
14:24:47.746 [FXGL Background Thread 1 ] WARN  TilesetLoader        - Diagonally flipped tiles are not currently supported
14:24:47.748 [FXGL Background Thread 1 ] WARN  TilesetLoader        - Diagonally flipped tiles are not currently supported
14:24:47.748 [FXGL Background Thread 1 ] WARN  TilesetLoader        - Diagonally flipped tiles are not currently supported
14:24:47.749 [FXGL Background Thread 1 ] WARN  TilesetLoader        - Diagonally flipped tiles are not currently supported
14:24:47.749 [FXGL Background Thread 1 ] WARN  TilesetLoader        - Diagonally flipped tiles are not currently supported
14:24:47.750 [FXGL Background Thread 1 ] WARN  TilesetLoader        - Diagonally flipped tiles are not currently supported
14:24:47.750 [FXGL Background Thread 1 ] WARN  TilesetLoader        - Diagonally flipped tiles are not currently supported
14:24:47.750 [FXGL Background Thread 1 ] WARN  TilesetLoader        - Diagonally flipped tiles are not currently supported
14:24:47.751 [FXGL Background Thread 1 ] WARN  TilesetLoader        - Diagonally flipped tiles are not currently supported
14:24:47.751 [FXGL Background Thread 1 ] WARN  TilesetLoader        - Diagonally flipped tiles are not currently supported
14:24:47.751 [FXGL Background Thread 1 ] WARN  TilesetLoader        - Diagonally flipped tiles are not currently supported
14:24:47.752 [FXGL Background Thread 1 ] WARN  TilesetLoader        - Diagonally flipped tiles are not currently supported
14:24:47.752 [FXGL Background Thread 1 ] WARN  TilesetLoader        - Diagonally flipped tiles are not currently supported
14:24:47.753 [FXGL Background Thread 1 ] WARN  TilesetLoader        - Diagonally flipped tiles are not currently supported
14:24:47.753 [FXGL Background Thread 1 ] WARN  TilesetLoader        - Diagonally flipped tiles are not currently supported
14:24:47.754 [FXGL Background Thread 1 ] WARN  TilesetLoader        - Diagonally flipped tiles are not currently supported
14:24:47.754 [FXGL Background Thread 1 ] WARN  TilesetLoader        - Diagonally flipped tiles are not currently supported
14:24:47.755 [FXGL Background Thread 1 ] DEBUG TilesetLoader        - Loading view for layer road3
14:24:47.759 [FXGL Background Thread 1 ] DEBUG TilesetLoader        - Created buffer with size 1280.0x800.0
14:24:47.762 [FXGL Background Thread 1 ] DEBUG TilesetLoader        - Loading view for layer bg2
14:24:47.763 [FXGL Background Thread 1 ] DEBUG TilesetLoader        - Created buffer with size 1280.0x800.0
14:24:47.767 [FXGL Background Thread 1 ] WARN  TilesetLoader        - Diagonally flipped tiles are not currently supported
14:24:47.767 [FXGL Background Thread 1 ] WARN  TilesetLoader        - Diagonally flipped tiles are not currently supported
14:24:47.768 [FXGL Background Thread 1 ] WARN  TilesetLoader        - Diagonally flipped tiles are not currently supported
14:24:47.768 [FXGL Background Thread 1 ] WARN  TilesetLoader        - Diagonally flipped tiles are not currently supported
14:24:47.768 [FXGL Background Thread 1 ] WARN  TilesetLoader        - Diagonally flipped tiles are not currently supported
14:24:47.769 [FXGL Background Thread 1 ] WARN  TilesetLoader        - Diagonally flipped tiles are not currently supported
14:24:47.769 [FXGL Background Thread 1 ] WARN  TilesetLoader        - Diagonally flipped tiles are not currently supported
14:24:47.772 [FXGL Background Thread 1 ] DEBUG TMXLevelLoader       - Creating object layer entities
14:24:47.810 [FXGL Background Thread 1 ] DEBUG GameWorld            - Clearing removable entities
14:24:47.811 [FXGL Background Thread 1 ] DEBUG GameWorld            - Setting level: com.almasb.fxgl.entity.level.Level@6e7cfe2d
14:24:47.825 [FXGL Background Thread 1 ] DEBUG FXGLAssetLoaderServi - Loading from file system: file:/E:/All%20About%20Dev/OOP/FXGL%20new%20Begining/final%20version/Tower%20Defender/Tower-Defender/target/classes/assets/textures/life.png
14:24:47.828 [FXGL Background Thread 1 ] DEBUG FXGLAssetLoaderServi - Loading from file system: file:/E:/All%20About%20Dev/OOP/FXGL%20new%20Begining/final%20version/Tower%20Defender/Tower-Defender/target/classes/assets/textures/skull.png
14:24:47.856 [FXGL Background Thread 1 ] INFO  FXGLApplication      - Game initialization took: 0.481 sec
14:24:47.863 [JavaFX Application Thread] DEBUG Input                - Clearing active input actions
14:24:47.875 [JavaFX Application Thread] DEBUG GameApplicationServi - Removing overlay from FXGLLoadingScene and adding to GameScene
14:24:47.876 [JavaFX Application Thread] DEBUG PrimaryStageWindow   - FXGLLoadingScene -> GameScene
14:24:47.911 [JavaFX Application Thread] DEBUG FXGLAssetLoaderServi - Loading from file system: file:/E:/All%20About%20Dev/OOP/FXGL%20new%20Begining/final%20version/Tower%20Defender/Tower-Defender/target/classes/assets/textures/wolf.png
14:24:47.936 [JavaFX Application Thread] DEBUG FXGLAssetLoaderServi - Loading from file system: file:/E:/All%20About%20Dev/OOP/FXGL%20new%20Begining/final%20version/Tower%20Defender/Tower-Defender/target/classes/assets/textures/bird.png
14:24:48.608 [FXGL Background Thread 2 ] INFO  UpdaterService       - Your current version:  21.1
14:24:48.608 [FXGL Background Thread 2 ] INFO  UpdaterService       - Latest stable version: 25
14:24:49.629 [JavaFX Application Thread] DEBUG PrimaryStageWindow   - Push state: DialogSubScene
14:24:49.630 [JavaFX Application Thread] DEBUG Input                - Clearing active input actions
14:24:49.634 [JavaFX Application Thread] DEBUG GameApplicationServi - Removing overlay from GameScene and adding to DialogSubScene
14:24:49.634 [JavaFX Application Thread] DEBUG PrimaryStageWindow   - GameScene -> DialogSubScene
14:24:50.261 [FXGL Background Thread 3 ] DEBUG Engine               - Logging environment variables
14:24:50.262 [FXGL Background Thread 3 ] DEBUG Engine               - achievements: []
14:24:50.262 [FXGL Background Thread 3 ] DEBUG Engine               - actualHeight: 800.0
14:24:50.262 [FXGL Background Thread 3 ] DEBUG Engine               - actualHeightProperty: ReadOnlyDoubleProperty [value: 800.0]
14:24:50.262 [FXGL Background Thread 3 ] DEBUG Engine               - actualWidth: 1280.0
14:24:50.262 [FXGL Background Thread 3 ] DEBUG Engine               - actualWidthProperty: ReadOnlyDoubleProperty [value: 1280.0]
14:24:50.262 [FXGL Background Thread 3 ] DEBUG Engine               - appIcon: fxgl_icon.png
14:24:50.262 [FXGL Background Thread 3 ] DEBUG Engine               - applicationMode: DEVELOPER
14:24:50.262 [FXGL Background Thread 3 ] DEBUG Engine               - cSSList: [fxgl_dark.css]
14:24:50.262 [FXGL Background Thread 3 ] DEBUG Engine               - collisionDetectionStrategy: BRUTE_FORCE
14:24:50.262 [FXGL Background Thread 3 ] DEBUG Engine               - configClass: Optional.empty
14:24:50.262 [FXGL Background Thread 3 ] DEBUG Engine               - credits: []
14:24:50.263 [FXGL Background Thread 3 ] DEBUG Engine               - defaultCursor: CursorInfo(imageName=fxgl_default_cursor.png, hotspotX=7.0, hotspotY=6.0)
14:24:50.263 [FXGL Background Thread 3 ] DEBUG Engine               - devBBoxColorProperty: ObjectProperty [value: 0xff0000ff]
14:24:50.263 [FXGL Background Thread 3 ] DEBUG Engine               - devEnableDebugCameraProperty: BooleanProperty [value: false]
14:24:50.263 [FXGL Background Thread 3 ] DEBUG Engine               - devSensorColorProperty: ObjectProperty [value: 0xffff00ff]
14:24:50.263 [FXGL Background Thread 3 ] DEBUG Engine               - devShowBBoxProperty: BooleanProperty [value: false]
14:24:50.263 [FXGL Background Thread 3 ] DEBUG Engine               - devShowPositionProperty: BooleanProperty [value: false]
14:24:50.263 [FXGL Background Thread 3 ] DEBUG Engine               - enabledMenuItems: []
14:24:50.263 [FXGL Background Thread 3 ] DEBUG Engine               - engineServices: [class com.almasb.fxgl.app.services.FXGLAssetLoaderService, class com.almasb.fxgl.app.FXGLApplication$GameApplicationService, class com.almasb.fxgl.app.services.FXGLDialogService, class com.almasb.fxgl.app.services.IOTaskExecutorService, class com.almasb.fxgl.io.FileSystemService, class com.almasb.fxgl.localization.LocalizationService, class com.almasb.fxgl.app.services.SystemBundleService, class com.almasb.fxgl.profile.SaveLoadService, class com.almasb.fxgl.ui.FXGLUIFactoryServiceProvider, class com.almasb.fxgl.ui.FXGLDialogFactoryServiceProvider, class com.almasb.fxgl.audio.AudioPlayer, class com.almasb.fxgl.notification.impl.NotificationServiceProvider, class com.almasb.fxgl.achievement.AchievementService, class com.almasb.fxgl.cutscene.CutsceneService, class com.almasb.fxgl.minigames.MiniGameService, class com.almasb.fxgl.net.NetService, class com.almasb.fxgl.app.services.UpdaterService, class com.almasb.fxgl.dev.DevService]
14:24:50.263 [FXGL Background Thread 3 ] DEBUG Engine               - fontGame: Abel-Regular.ttf
14:24:50.263 [FXGL Background Thread 3 ] DEBUG Engine               - fontMono: TerminalLandMono-Regular.otf
14:24:50.263 [FXGL Background Thread 3 ] DEBUG Engine               - fontSizeScaleUI: 1.0
14:24:50.263 [FXGL Background Thread 3 ] DEBUG Engine               - fontText: Courier-Prime.ttf
14:24:50.263 [FXGL Background Thread 3 ] DEBUG Engine               - fontUI: VarelaRound-Regular.ttf
14:24:50.263 [FXGL Background Thread 3 ] DEBUG Engine               - fullScreen: BooleanProperty [value: false]
14:24:50.263 [FXGL Background Thread 3 ] DEBUG Engine               - gameDifficulty: MEDIUM
14:24:50.263 [FXGL Background Thread 3 ] DEBUG Engine               - gameDifficultyProperty: ObjectProperty [value: MEDIUM]
14:24:50.263 [FXGL Background Thread 3 ] DEBUG Engine               - globalMusicVolume: 0.5
14:24:50.263 [FXGL Background Thread 3 ] DEBUG Engine               - globalMusicVolumeProperty: DoubleProperty [value: 0.5]
14:24:50.263 [FXGL Background Thread 3 ] DEBUG Engine               - globalSoundVolume: 0.5
14:24:50.263 [FXGL Background Thread 3 ] DEBUG Engine               - globalSoundVolumeProperty: DoubleProperty [value: 0.5]
14:24:50.263 [FXGL Background Thread 3 ] DEBUG Engine               - height: 800
14:24:50.263 [FXGL Background Thread 3 ] DEBUG Engine               - is3D: false
14:24:50.263 [FXGL Background Thread 3 ] DEBUG Engine               - isAndroid: false
14:24:50.263 [FXGL Background Thread 3 ] DEBUG Engine               - isBrowser: false
14:24:50.263 [FXGL Background Thread 3 ] DEBUG Engine               - isClickFeedbackEnabled: false
14:24:50.263 [FXGL Background Thread 3 ] DEBUG Engine               - isCloseConfirmation: false
14:24:50.263 [FXGL Background Thread 3 ] DEBUG Engine               - isDesktop: true
14:24:50.263 [FXGL Background Thread 3 ] DEBUG Engine               - isDeveloperMenuEnabled: false
14:24:50.263 [FXGL Background Thread 3 ] DEBUG Engine               - isEmbedded: false
14:24:50.263 [FXGL Background Thread 3 ] DEBUG Engine               - isEntityPreloadEnabled: true
14:24:50.263 [FXGL Background Thread 3 ] DEBUG Engine               - isExperimentalTiledLargeMap: false
14:24:50.263 [FXGL Background Thread 3 ] DEBUG Engine               - isFileSystemWriteAllowed: true
14:24:50.263 [FXGL Background Thread 3 ] DEBUG Engine               - isFullScreenAllowed: true
14:24:50.263 [FXGL Background Thread 3 ] DEBUG Engine               - isFullScreenFromStart: false
14:24:50.263 [FXGL Background Thread 3 ] DEBUG Engine               - isGameMenuEnabled: true
14:24:50.263 [FXGL Background Thread 3 ] DEBUG Engine               - isIOS: false
14:24:50.263 [FXGL Background Thread 3 ] DEBUG Engine               - isIntroEnabled: false
14:24:50.263 [FXGL Background Thread 3 ] DEBUG Engine               - isLinux: false
14:24:50.263 [FXGL Background Thread 3 ] DEBUG Engine               - isMac: false
14:24:50.263 [FXGL Background Thread 3 ] DEBUG Engine               - isMainMenuEnabled: false
14:24:50.263 [FXGL Background Thread 3 ] DEBUG Engine               - isManualResizeEnabled: true
14:24:50.263 [FXGL Background Thread 3 ] DEBUG Engine               - isMobile: false
14:24:50.263 [FXGL Background Thread 3 ] DEBUG Engine               - isNative: false
14:24:50.263 [FXGL Background Thread 3 ] DEBUG Engine               - isPauseMusicWhenMinimized: true
14:24:50.263 [FXGL Background Thread 3 ] DEBUG Engine               - isPreserveResizeRatio: false
14:24:50.263 [FXGL Background Thread 3 ] DEBUG Engine               - isProfilingEnabled: false
14:24:50.263 [FXGL Background Thread 3 ] DEBUG Engine               - isScaleAffectedOnResize: true
14:24:50.263 [FXGL Background Thread 3 ] DEBUG Engine               - isSingleStep: false
14:24:50.263 [FXGL Background Thread 3 ] DEBUG Engine               - isUserProfileEnabled: false
14:24:50.263 [FXGL Background Thread 3 ] DEBUG Engine               - isWindows: true
14:24:50.263 [FXGL Background Thread 3 ] DEBUG Engine               - language: ObjectProperty [value: ENGLISH]
14:24:50.263 [FXGL Background Thread 3 ] DEBUG Engine               - menuKey: ESCAPE
14:24:50.263 [FXGL Background Thread 3 ] DEBUG Engine               - mouseSensitivity: 0.2
14:24:50.264 [FXGL Background Thread 3 ] DEBUG Engine               - notificationViewClass: class com.almasb.fxgl.notification.view.XboxNotificationView
14:24:50.264 [FXGL Background Thread 3 ] DEBUG Engine               - pixelsPerMeter: 50.0
14:24:50.264 [FXGL Background Thread 3 ] DEBUG Engine               - platform: WINDOWS
14:24:50.264 [FXGL Background Thread 3 ] DEBUG Engine               - prefHeightProperty: ReadOnlyDoubleProperty [value: 800.0]
14:24:50.264 [FXGL Background Thread 3 ] DEBUG Engine               - prefWidthProperty: ReadOnlyDoubleProperty [value: 1280.0]
14:24:50.264 [FXGL Background Thread 3 ] DEBUG Engine               - profileDir: profiles/
14:24:50.264 [FXGL Background Thread 3 ] DEBUG Engine               - profileName: StringProperty [value: DEFAULT]
14:24:50.264 [FXGL Background Thread 3 ] DEBUG Engine               - randomSeed: -1
14:24:50.264 [FXGL Background Thread 3 ] DEBUG Engine               - runtimeInfo: RuntimeInfo(platform=WINDOWS, version=21.1, build=27.03.2024 07.52)
14:24:50.264 [FXGL Background Thread 3 ] DEBUG Engine               - saveFileExt: sav
14:24:50.264 [FXGL Background Thread 3 ] DEBUG Engine               - scaledHeightProp$fxgl: DoubleProperty [bound, value: 800.0]
14:24:50.264 [FXGL Background Thread 3 ] DEBUG Engine               - scaledWidthProp$fxgl: DoubleProperty [bound, value: 1280.0]
14:24:50.264 [FXGL Background Thread 3 ] DEBUG Engine               - sceneFactory: com.almasb.fxgl.app.scene.SceneFactory@5db16eaa
14:24:50.264 [FXGL Background Thread 3 ] DEBUG Engine               - secondsIn24h: 60
14:24:50.264 [FXGL Background Thread 3 ] DEBUG Engine               - soundMenuBack: menu/back.wav
14:24:50.264 [FXGL Background Thread 3 ] DEBUG Engine               - soundMenuPress: menu/press.wav
14:24:50.264 [FXGL Background Thread 3 ] DEBUG Engine               - soundMenuSelect: menu/select.wav
14:24:50.264 [FXGL Background Thread 3 ] DEBUG Engine               - soundNotification: core/notification.wav
14:24:50.264 [FXGL Background Thread 3 ] DEBUG Engine               - stageStyle: DECORATED
14:24:50.264 [FXGL Background Thread 3 ] DEBUG Engine               - supportedLanguages: [ENGLISH, FRENCH, GERMAN, HUNGARIAN, RUSSIAN]
14:24:50.264 [FXGL Background Thread 3 ] DEBUG Engine               - ticksPerSecond: -1
14:24:50.264 [FXGL Background Thread 3 ] DEBUG Engine               - title: Ghost Hunter
14:24:50.264 [FXGL Background Thread 3 ] DEBUG Engine               - urlGithub: https://github.com/AlmasB/FXGL
14:24:50.264 [FXGL Background Thread 3 ] DEBUG Engine               - urlLeaderboard: http://fxgl-top.herokuapp.com/
14:24:50.264 [FXGL Background Thread 3 ] DEBUG Engine               - urlPOM: https://raw.githubusercontent.com/AlmasB/FXGL/release/README.md
14:24:50.264 [FXGL Background Thread 3 ] DEBUG Engine               - userAppClass: class org.saikat.Game
14:24:50.264 [FXGL Background Thread 3 ] DEBUG Engine               - version: 1.0
14:24:50.264 [FXGL Background Thread 3 ] DEBUG Engine               - versionCheckDays: 7
14:24:50.264 [FXGL Background Thread 3 ] DEBUG Engine               - width: 1280
14:24:50.264 [FXGL Background Thread 3 ] DEBUG Engine               - Logging services
14:24:50.264 [FXGL Background Thread 3 ] DEBUG Engine               - class com.almasb.fxgl.app.services.FXGLAssetLoaderService
14:24:50.264 [FXGL Background Thread 3 ] DEBUG Engine               - class com.almasb.fxgl.app.FXGLApplication$GameApplicationService
14:24:50.264 [FXGL Background Thread 3 ] DEBUG Engine               - class com.almasb.fxgl.app.services.FXGLDialogService
14:24:50.264 [FXGL Background Thread 3 ] DEBUG Engine               - class com.almasb.fxgl.app.services.IOTaskExecutorService
14:24:50.264 [FXGL Background Thread 3 ] DEBUG Engine               - class com.almasb.fxgl.io.FileSystemService
14:24:50.264 [FXGL Background Thread 3 ] DEBUG Engine               - class com.almasb.fxgl.localization.LocalizationService
14:24:50.264 [FXGL Background Thread 3 ] DEBUG Engine               - class com.almasb.fxgl.app.services.SystemBundleService
14:24:50.264 [FXGL Background Thread 3 ] DEBUG Engine               - class com.almasb.fxgl.profile.SaveLoadService
14:24:50.264 [FXGL Background Thread 3 ] DEBUG Engine               - class com.almasb.fxgl.ui.FXGLUIFactoryServiceProvider
14:24:50.264 [FXGL Background Thread 3 ] DEBUG Engine               - class com.almasb.fxgl.ui.FXGLDialogFactoryServiceProvider
14:24:50.264 [FXGL Background Thread 3 ] DEBUG Engine               - class com.almasb.fxgl.audio.AudioPlayer
14:24:50.264 [FXGL Background Thread 3 ] DEBUG Engine               - class com.almasb.fxgl.notification.impl.NotificationServiceProvider
14:24:50.264 [FXGL Background Thread 3 ] DEBUG Engine               - class com.almasb.fxgl.achievement.AchievementService
14:24:50.264 [FXGL Background Thread 3 ] DEBUG Engine               - class com.almasb.fxgl.cutscene.CutsceneService
14:24:50.264 [FXGL Background Thread 3 ] DEBUG Engine               - class com.almasb.fxgl.minigames.MiniGameService
14:24:50.264 [FXGL Background Thread 3 ] DEBUG Engine               - class com.almasb.fxgl.net.NetService
14:24:50.264 [FXGL Background Thread 3 ] DEBUG Engine               - class com.almasb.fxgl.app.services.UpdaterService
14:24:50.264 [FXGL Background Thread 3 ] DEBUG Engine               - class com.almasb.fxgl.dev.DevService
14:24:51.337 [JavaFX Application Thread] DEBUG PrimaryStageWindow   - Pop state: DialogSubScene
14:24:51.337 [JavaFX Application Thread] DEBUG Input                - Clearing active input actions
14:24:51.338 [JavaFX Application Thread] DEBUG GameApplicationServi - Removing overlay from DialogSubScene and adding to GameScene
14:24:51.338 [JavaFX Application Thread] DEBUG PrimaryStageWindow   - GameScene <- DialogSubScene
14:24:51.339 [JavaFX Application Thread] DEBUG FXGLAssetLoaderServi - Loading from file system: file:/E:/All%20About%20Dev/OOP/FXGL%20new%20Begining/final%20version/Tower%20Defender/Tower-Defender/target/classes/assets/textures/tank_bullet.png
14:24:51.343 [JavaFX Application Thread] DEBUG FXGLAssetLoaderServi - Loading from file system: file:/E:/All%20About%20Dev/OOP/FXGL%20new%20Begining/final%20version/Tower%20Defender/Tower-Defender/target/classes/assets/textures/spell.png
14:24:54.630 [JavaFX Application Thread] DEBUG PrimaryStageWindow   - Push state: DialogSubScene
14:24:54.631 [JavaFX Application Thread] DEBUG Input                - Clearing active input actions
14:24:54.632 [JavaFX Application Thread] DEBUG GameApplicationServi - Removing overlay from GameScene and adding to DialogSubScene
14:24:54.632 [JavaFX Application Thread] DEBUG PrimaryStageWindow   - GameScene -> DialogSubScene
14:24:56.213 [JavaFX Application Thread] DEBUG PrimaryStageWindow   - Pop state: DialogSubScene
14:24:56.213 [JavaFX Application Thread] DEBUG Input                - Clearing active input actions
14:24:56.214 [JavaFX Application Thread] DEBUG GameApplicationServi - Removing overlay from DialogSubScene and adding to GameScene
14:24:56.214 [JavaFX Application Thread] DEBUG PrimaryStageWindow   - GameScene <- DialogSubScene
14:24:56.214 [JavaFX Application Thread] DEBUG FXGLAssetLoaderServi - Loading from file system: file:/E:/All%20About%20Dev/OOP/FXGL%20new%20Begining/final%20version/Tower%20Defender/Tower-Defender/target/classes/assets/textures/wildfire.png
14:25:10.416 [JavaFX Application Thread] DEBUG PrimaryStageWindow   - Push state: DialogSubScene
14:25:10.416 [JavaFX Application Thread] DEBUG Input                - Clearing active input actions
14:25:10.417 [JavaFX Application Thread] DEBUG GameApplicationServi - Removing overlay from GameScene and adding to DialogSubScene
14:25:10.418 [JavaFX Application Thread] DEBUG PrimaryStageWindow   - GameScene -> DialogSubScene
14:25:13.521 [JavaFX Application Thread] DEBUG PrimaryStageWindow   - Pop state: DialogSubScene
14:25:13.521 [JavaFX Application Thread] DEBUG Input                - Clearing active input actions
14:25:13.522 [JavaFX Application Thread] DEBUG GameApplicationServi - Removing overlay from DialogSubScene and adding to GameScene
14:25:13.522 [JavaFX Application Thread] DEBUG PrimaryStageWindow   - GameScene <- DialogSubScene
14:25:13.522 [JavaFX Application Thread] DEBUG FXGLAssetLoaderServi - Loading from file system: file:/E:/All%20About%20Dev/OOP/FXGL%20new%20Begining/final%20version/Tower%20Defender/Tower-Defender/target/classes/assets/textures/spell2.png
14:25:25.126 [JavaFX Application Thread] DEBUG PrimaryStageWindow   - Push state: DialogSubScene
14:25:25.126 [JavaFX Application Thread] DEBUG Input                - Clearing active input actions
14:25:25.126 [JavaFX Application Thread] DEBUG GameApplicationServi - Removing overlay from GameScene and adding to DialogSubScene
14:25:25.126 [JavaFX Application Thread] DEBUG PrimaryStageWindow   - GameScene -> DialogSubScene
14:25:26.909 [JavaFX Application Thread] DEBUG PrimaryStageWindow   - Pop state: DialogSubScene
14:25:26.909 [JavaFX Application Thread] DEBUG Input                - Clearing active input actions
14:25:26.909 [JavaFX Application Thread] DEBUG GameApplicationServi - Removing overlay from DialogSubScene and adding to GameScene
14:25:26.910 [JavaFX Application Thread] DEBUG PrimaryStageWindow   - GameScene <- DialogSubScene
14:25:41.041 [JavaFX Application Thread] WARN  GameWorld            - Attempted to remove entity which is not active
14:25:43.137 [JavaFX Application Thread] WARN  GameWorld            - Attempted to remove entity which is not active
14:25:45.185 [JavaFX Application Thread] WARN  GameWorld            - Attempted to remove entity which is not active
14:25:56.345 [JavaFX Application Thread] DEBUG PrimaryStageWindow   - Push state: DialogSubScene
14:25:56.346 [JavaFX Application Thread] DEBUG Input                - Clearing active input actions
14:25:56.346 [JavaFX Application Thread] DEBUG GameApplicationServi - Removing overlay from GameScene and adding to DialogSubScene
14:25:56.346 [JavaFX Application Thread] DEBUG PrimaryStageWindow   - GameScene -> DialogSubScene
14:25:57.921 [JavaFX Application Thread] DEBUG PrimaryStageWindow   - Pop state: DialogSubScene
14:25:57.921 [JavaFX Application Thread] DEBUG Input                - Clearing active input actions
14:25:57.921 [JavaFX Application Thread] DEBUG GameApplicationServi - Removing overlay from DialogSubScene and adding to GameScene
14:25:57.921 [JavaFX Application Thread] DEBUG PrimaryStageWindow   - GameScene <- DialogSubScene
14:25:58.628 [JavaFX Application Thread] DEBUG PrimaryStageWindow   - Push state: DialogSubScene
14:25:58.628 [JavaFX Application Thread] DEBUG Input                - Clearing active input actions
14:25:58.628 [JavaFX Application Thread] DEBUG GameApplicationServi - Removing overlay from GameScene and adding to DialogSubScene
14:25:58.628 [JavaFX Application Thread] DEBUG PrimaryStageWindow   - GameScene -> DialogSubScene
14:26:02.057 [JavaFX Application Thread] DEBUG PrimaryStageWindow   - Pop state: DialogSubScene
14:26:02.057 [JavaFX Application Thread] DEBUG Input                - Clearing active input actions
14:26:02.057 [JavaFX Application Thread] DEBUG GameApplicationServi - Removing overlay from DialogSubScene and adding to GameScene
14:26:02.057 [JavaFX Application Thread] DEBUG PrimaryStageWindow   - GameScene <- DialogSubScene
14:26:02.058 [JavaFX Application Thread] DEBUG FXGLApplication      - Exiting FXGL
14:26:02.058 [JavaFX Application Thread] DEBUG LoopRunner           - Stopping loop
14:26:02.058 [JavaFX Application Thread] DEBUG SystemBundleService  - Saving FXGL system data
14:26:02.064 [JavaFX Application Thread] DEBUG FileSystemAccess     - Writing to: E:\All About Dev\OOP\FXGL new Begining\final version\Tower Defender\Tower-Defender\system\fxgl.bundle
14:26:02.069 [JavaFX Application Thread] DEBUG Async                - Shutting down background threads
14:26:02.069 [JavaFX Application Thread] DEBUG PrimaryStageWindow   - Closing main window
14:26:02.095 [JavaFX Application Thread] DEBUG Logger               - Closing Logger
