05:49:41.456 [main                     ] DEBUG Logger               - Configured Logger
05:49:41.481 [main                     ] DEBUG GameApplication      - Logging settings
Title: Ghost Hunter
Version: 1.0
Width: 1280
Height: 800
Fullscreen: true
Intro: false
Profiling: false
Single step:false
App Mode: DEVELOPER
Menu Key: ESCAPE
Stage Style: DECORATED
Scene Factory: class com.almasb.fxgl.app.scene.SceneFactory

05:49:42.400 [JavaFX Application Thread] DEBUG FXGLApplication      - Initializing FXGL
05:49:42.409 [JavaFX Application Thread] INFO  Engine               - FXGL-21.1 (27.03.2024 07.52) on WINDOWS (J:21.0.9 FX:21.0.1)
05:49:42.410 [JavaFX Application Thread] DEBUG Engine               - JRE Vendor Name: Oracle Corporation
05:49:42.410 [JavaFX Application Thread] DEBUG Engine               - Running on OS: Windows 11 version 10.0
05:49:42.410 [JavaFX Application Thread] DEBUG Engine               - Architecture: amd64
05:49:42.410 [JavaFX Application Thread] INFO  Engine               - Source code and latest versions at: https://github.com/AlmasB/FXGL
05:49:42.410 [JavaFX Application Thread] INFO  Engine               -       Ask questions and discuss at: https://github.com/AlmasB/FXGL/discussions
05:49:42.410 [JavaFX Application Thread] INFO  Engine               -              Join the FXGL chat at: https://gitter.im/AlmasB/FXGL
05:49:42.554 [JavaFX Application Thread] DEBUG PrimaryStageWindow   - Creating a JavaFX scene
05:49:42.627 [JavaFX Application Thread] DEBUG PrimaryStageWindow   - Target settings size: 1280.0 x 800.0
05:49:42.628 [JavaFX Application Thread] DEBUG PrimaryStageWindow   - Scaled scene size:    1280.0 x 800.0
05:49:42.628 [JavaFX Application Thread] DEBUG PrimaryStageWindow   - Scaled ratio: (1.0, 1.0)
05:49:42.629 [JavaFX Application Thread] DEBUG PrimaryStageWindow   - Set initial scene to FXGLStartupScene
05:49:42.633 [JavaFX Application Thread] DEBUG PrimaryStageWindow   - Opening main window
05:49:42.799 [JavaFX Application Thread] DEBUG PrimaryStageWindow   - Window border size: (14.4000244140625, 37.5999755859375)
05:49:42.799 [JavaFX Application Thread] DEBUG PrimaryStageWindow   - Scaled size: 1280.0 x 800.0
05:49:42.800 [JavaFX Application Thread] DEBUG PrimaryStageWindow   - Scaled ratio: (1.0, 1.0)
05:49:42.800 [JavaFX Application Thread] DEBUG PrimaryStageWindow   - Scene size: 1280.0 x 800.0
05:49:42.800 [JavaFX Application Thread] DEBUG PrimaryStageWindow   - Stage size: 1294.4000244140625 x 837.5999755859375
05:49:42.814 [FXGL Background Thread 1 ] DEBUG Engine               - Initializing environment variables
05:49:42.909 [FXGL Background Thread 1 ] DEBUG FXGLAssetLoaderServi - User app class for loading assets: class org.saikat.Game
05:49:42.909 [FXGL Background Thread 1 ] DEBUG GameApplicationServi - Applying CSS: fxgl_dark.css
05:49:42.911 [FXGL Background Thread 1 ] DEBUG FXGLAssetLoaderServi - Loading from file system: jar:file:/C:/Users/HP/.m2/repository/com/github/almasb/fxgl/21.1/fxgl-21.1.jar!/fxglassets/ui/css/fxgl_dark.css
05:49:42.979 [FXGL Background Thread 1 ] DEBUG GameApplicationServi - Initializing application scenes
05:49:43.056 [FXGL Background Thread 1 ] DEBUG GameWorld            - Game world initialized
05:49:43.146 [FXGL Background Thread 1 ] DEBUG PhysicsWorld         - Physics world initialized: appHeight=800, physics.ppm=50.0
05:49:43.146 [FXGL Background Thread 1 ] DEBUG PhysicsWorld         - Using strategy: BRUTE_FORCE
05:49:43.151 [FXGL Background Thread 1 ] DEBUG GameScene            - Game scene initialized: 1280x800
05:49:43.168 [FXGL Background Thread 1 ] DEBUG FXGL.DefaultMenu     - createMenuBodyGameMenu()
05:49:43.189 [FXGL Background Thread 1 ] DEBUG FXGL.DefaultMenu     - createOptionsMenu()
05:49:43.201 [FXGL Background Thread 1 ] DEBUG FXGLAssetLoaderServi - Loading from file system: jar:file:/C:/Users/HP/.m2/repository/com/github/almasb/fxgl/21.1/fxgl-21.1.jar!/fxglassets/textures/particles/smoke.png
05:49:43.345 [FXGL Background Thread 1 ] DEBUG FXGLAssetLoaderServi - Loading from file system: jar:file:/C:/Users/HP/.m2/repository/com/github/almasb/fxgl/21.1/fxgl-21.1.jar!/fxglassets/textures/particles/trace_horizontal.png
05:49:43.374 [FXGL Background Thread 1 ] DEBUG GameApplicationServi - Application scenes initialized
05:49:43.398 [FXGL Background Thread 1 ] DEBUG SystemBundleService  - Loading FXGL system data
05:49:43.414 [FXGL Background Thread 1 ] DEBUG FileSystemAccess     - Reading from: E:\All About Dev\OOP\FXGL new Begining\final version\Tower Defender\Tower-Defender\system\fxgl.bundle
05:49:43.435 [FXGL Background Thread 1 ] DEBUG SystemBundleService  - Bundle FXGL: {}
05:49:43.436 [FXGL Background Thread 1 ] DEBUG UpdaterService       - Checking for updates
05:49:43.476 [FXGL Background Thread 4 ] DEBUG FXGLApplication      - Loading fonts
05:49:43.477 [FXGL Background Thread 4 ] DEBUG FXGLAssetLoaderServi - Loading from file system: jar:file:/C:/Users/HP/.m2/repository/com/github/almasb/fxgl/21.1/fxgl-21.1.jar!/fxglassets/ui/fonts/VarelaRound-Regular.ttf
05:49:43.477 [FXGL Background Thread 1 ] DEBUG FXGLApplication      - Loading default localization
05:49:43.478 [FXGL Background Thread 1 ] DEBUG FXGLAssetLoaderServi - Loading from file system: jar:file:/C:/Users/HP/.m2/repository/com/github/almasb/fxgl/21.1/fxgl-21.1.jar!/fxglassets/languages/english.lang
05:49:43.520 [FXGL Background Thread 1 ] INFO  FXGLApplication      - FXGL initialization took: 0.705 sec
05:49:43.528 [JavaFX Application Thread] DEBUG Input                - Registered new binding: add tower - LMB
05:49:43.528 [JavaFX Application Thread] DEBUG Input                - Registered new binding: remove tower - RMB
05:49:43.529 [JavaFX Application Thread] DEBUG FXGLAssetLoaderServi - Loading from file system: jar:file:/C:/Users/HP/.m2/repository/com/github/almasb/fxgl/21.1/fxgl-21.1.jar!/fxglassets/textures/fxgl_icon.png
05:49:43.557 [JavaFX Application Thread] DEBUG FXGLAssetLoaderServi - Loading from file system: jar:file:/C:/Users/HP/.m2/repository/com/github/almasb/fxgl/21.1/fxgl-21.1.jar!/fxglassets/textures/fxgl_default_cursor.png
05:49:43.570 [JavaFX Application Thread] DEBUG Input                - Registered new binding: Screenshot - CTRL+8
05:49:43.570 [JavaFX Application Thread] DEBUG Input                - Registered new binding: Dev Options - 1
05:49:43.572 [JavaFX Application Thread] DEBUG Input                - Registered new binding: Dev Console - 2
05:49:43.573 [JavaFX Application Thread] DEBUG Input                - Registered new binding: System info dump - CTRL+9
05:49:43.573 [JavaFX Application Thread] DEBUG Input                - Registered new binding: Restart - CTRL+R
05:49:43.576 [JavaFX Application Thread] DEBUG Input                - Registered new binding: Toggle Debug Camera - CTRL+7
05:49:43.582 [JavaFX Application Thread] DEBUG LoopRunner           - Starting loop
05:49:43.618 [JavaFX Application Thread] DEBUG LoopRunner           - Initializing JavaFX AnimationTimerLoop
05:49:43.623 [JavaFX Application Thread] DEBUG GameApplicationServi - Starting new game
05:49:43.624 [JavaFX Application Thread] DEBUG Input                - Clearing active input actions
05:49:43.642 [JavaFX Application Thread] DEBUG GameApplicationServi - Removing overlay from FXGLStartupScene and adding to FXGLLoadingScene
05:49:43.647 [JavaFX Application Thread] DEBUG PrimaryStageWindow   - FXGLStartupScene -> FXGLLoadingScene
05:49:43.647 [JavaFX Application Thread] DEBUG GameApplicationServi - Clearing previous game
05:49:43.648 [JavaFX Application Thread] DEBUG GameScene            - Clearing game scene
05:49:43.648 [JavaFX Application Thread] DEBUG GameWorld            - Clearing game world
05:49:43.648 [JavaFX Application Thread] DEBUG PhysicsWorld         - Clearing physics world
05:49:43.652 [FXGL Background Thread 1 ] DEBUG FXGLApplication      - Initializing game
05:49:43.759 [FXGL Background Thread 1 ] WARN  TMXLevelLoader       - TiledMap generated from 1.12.2. Supported version: 1.9.0. Some features may not be parsed fully.
05:49:43.788 [FXGL Background Thread 4 ] DEBUG FXGLAssetLoaderServi - Loading from file system: jar:file:/C:/Users/HP/.m2/repository/com/github/almasb/fxgl/21.1/fxgl-21.1.jar!/fxglassets/ui/fonts/Abel-Regular.ttf
05:49:43.796 [FXGL Background Thread 4 ] DEBUG FXGLAssetLoaderServi - Loading from file system: jar:file:/C:/Users/HP/.m2/repository/com/github/almasb/fxgl/21.1/fxgl-21.1.jar!/fxglassets/ui/fonts/TerminalLandMono-Regular.otf
05:49:43.799 [FXGL Background Thread 1 ] DEBUG TMXLevelLoader       - Parsed TiledMap: file:/E:/All%20About%20Dev/OOP/FXGL%20new%20Begining/final%20version/Tower%20Defender/Tower-Defender/target/classes/assets/levels/wall.tmx
05:49:43.801 [FXGL Background Thread 4 ] DEBUG FXGLAssetLoaderServi - Loading from file system: jar:file:/C:/Users/HP/.m2/repository/com/github/almasb/fxgl/21.1/fxgl-21.1.jar!/fxglassets/ui/fonts/Courier-Prime.ttf
05:49:43.802 [FXGL Background Thread 1 ] DEBUG TMXLevelLoader       - Creating tile layer entities
05:49:43.807 [FXGL Background Thread 1 ] DEBUG TilesetLoader        - Loading view for layer icons
05:49:43.809 [FXGL Background Thread 1 ] DEBUG TilesetLoader        - Created buffer with size 1280.0x800.0
05:49:43.832 [FXGL Background Thread 1 ] DEBUG TilesetLoader        - Loading view for layer background
05:49:43.834 [FXGL Background Thread 1 ] DEBUG TilesetLoader        - Created buffer with size 1280.0x800.0
05:49:43.922 [FXGL Background Thread 1 ] DEBUG TilesetLoader        - Loading view for layer tower spot layer
05:49:43.924 [FXGL Background Thread 1 ] DEBUG TilesetLoader        - Created buffer with size 1280.0x800.0
05:49:43.945 [FXGL Background Thread 1 ] DEBUG TilesetLoader        - Loading view for layer Road
05:49:43.947 [FXGL Background Thread 1 ] DEBUG TilesetLoader        - Created buffer with size 1280.0x800.0
05:49:43.949 [FXGL Background Thread 1 ] DEBUG TilesetLoader        - Loading view for layer road2
05:49:43.951 [FXGL Background Thread 1 ] DEBUG TilesetLoader        - Created buffer with size 1280.0x800.0
05:49:43.952 [FXGL Background Thread 1 ] WARN  TilesetLoader        - Diagonally flipped tiles are not currently supported
05:49:43.953 [FXGL Background Thread 1 ] WARN  TilesetLoader        - Diagonally flipped tiles are not currently supported
05:49:43.954 [FXGL Background Thread 1 ] WARN  TilesetLoader        - Diagonally flipped tiles are not currently supported
05:49:43.954 [FXGL Background Thread 1 ] WARN  TilesetLoader        - Diagonally flipped tiles are not currently supported
05:49:43.955 [FXGL Background Thread 1 ] WARN  TilesetLoader        - Diagonally flipped tiles are not currently supported
05:49:43.955 [FXGL Background Thread 1 ] WARN  TilesetLoader        - Diagonally flipped tiles are not currently supported
05:49:43.956 [FXGL Background Thread 1 ] WARN  TilesetLoader        - Diagonally flipped tiles are not currently supported
05:49:43.956 [FXGL Background Thread 1 ] WARN  TilesetLoader        - Diagonally flipped tiles are not currently supported
05:49:43.957 [FXGL Background Thread 1 ] WARN  TilesetLoader        - Diagonally flipped tiles are not currently supported
05:49:43.957 [FXGL Background Thread 1 ] WARN  TilesetLoader        - Diagonally flipped tiles are not currently supported
05:49:43.964 [FXGL Background Thread 1 ] WARN  TilesetLoader        - Diagonally flipped tiles are not currently supported
05:49:43.965 [FXGL Background Thread 1 ] WARN  TilesetLoader        - Diagonally flipped tiles are not currently supported
05:49:43.966 [FXGL Background Thread 1 ] WARN  TilesetLoader        - Diagonally flipped tiles are not currently supported
05:49:43.966 [FXGL Background Thread 1 ] WARN  TilesetLoader        - Diagonally flipped tiles are not currently supported
05:49:43.967 [FXGL Background Thread 1 ] WARN  TilesetLoader        - Diagonally flipped tiles are not currently supported
05:49:43.969 [FXGL Background Thread 1 ] WARN  TilesetLoader        - Diagonally flipped tiles are not currently supported
05:49:43.969 [FXGL Background Thread 1 ] WARN  TilesetLoader        - Diagonally flipped tiles are not currently supported
05:49:43.970 [FXGL Background Thread 1 ] WARN  TilesetLoader        - Diagonally flipped tiles are not currently supported
05:49:43.971 [FXGL Background Thread 1 ] WARN  TilesetLoader        - Diagonally flipped tiles are not currently supported
05:49:43.971 [FXGL Background Thread 1 ] WARN  TilesetLoader        - Diagonally flipped tiles are not currently supported
05:49:43.972 [FXGL Background Thread 1 ] WARN  TilesetLoader        - Diagonally flipped tiles are not currently supported
05:49:43.972 [FXGL Background Thread 1 ] WARN  TilesetLoader        - Diagonally flipped tiles are not currently supported
05:49:43.973 [FXGL Background Thread 1 ] WARN  TilesetLoader        - Diagonally flipped tiles are not currently supported
05:49:43.974 [FXGL Background Thread 1 ] WARN  TilesetLoader        - Diagonally flipped tiles are not currently supported
05:49:43.974 [FXGL Background Thread 1 ] WARN  TilesetLoader        - Diagonally flipped tiles are not currently supported
05:49:43.974 [FXGL Background Thread 1 ] WARN  TilesetLoader        - Diagonally flipped tiles are not currently supported
05:49:43.975 [FXGL Background Thread 1 ] WARN  TilesetLoader        - Diagonally flipped tiles are not currently supported
05:49:43.975 [FXGL Background Thread 1 ] WARN  TilesetLoader        - Diagonally flipped tiles are not currently supported
05:49:43.975 [FXGL Background Thread 1 ] WARN  TilesetLoader        - Diagonally flipped tiles are not currently supported
05:49:43.976 [FXGL Background Thread 1 ] WARN  TilesetLoader        - Diagonally flipped tiles are not currently supported
05:49:43.976 [FXGL Background Thread 1 ] WARN  TilesetLoader        - Diagonally flipped tiles are not currently supported
05:49:43.976 [FXGL Background Thread 1 ] WARN  TilesetLoader        - Diagonally flipped tiles are not currently supported
05:49:43.976 [FXGL Background Thread 1 ] WARN  TilesetLoader        - Diagonally flipped tiles are not currently supported
05:49:43.977 [FXGL Background Thread 1 ] WARN  TilesetLoader        - Diagonally flipped tiles are not currently supported
05:49:43.977 [FXGL Background Thread 1 ] WARN  TilesetLoader        - Diagonally flipped tiles are not currently supported
05:49:43.977 [FXGL Background Thread 1 ] WARN  TilesetLoader        - Diagonally flipped tiles are not currently supported
05:49:43.978 [FXGL Background Thread 1 ] WARN  TilesetLoader        - Diagonally flipped tiles are not currently supported
05:49:43.978 [FXGL Background Thread 1 ] WARN  TilesetLoader        - Diagonally flipped tiles are not currently supported
05:49:43.978 [FXGL Background Thread 1 ] WARN  TilesetLoader        - Diagonally flipped tiles are not currently supported
05:49:43.979 [FXGL Background Thread 1 ] WARN  TilesetLoader        - Diagonally flipped tiles are not currently supported
05:49:43.979 [FXGL Background Thread 1 ] WARN  TilesetLoader        - Diagonally flipped tiles are not currently supported
05:49:43.980 [FXGL Background Thread 1 ] WARN  TilesetLoader        - Diagonally flipped tiles are not currently supported
05:49:43.980 [FXGL Background Thread 1 ] WARN  TilesetLoader        - Diagonally flipped tiles are not currently supported
05:49:43.980 [FXGL Background Thread 1 ] WARN  TilesetLoader        - Diagonally flipped tiles are not currently supported
05:49:43.981 [FXGL Background Thread 1 ] WARN  TilesetLoader        - Diagonally flipped tiles are not currently supported
05:49:43.981 [FXGL Background Thread 1 ] WARN  TilesetLoader        - Diagonally flipped tiles are not currently supported
05:49:43.981 [FXGL Background Thread 1 ] WARN  TilesetLoader        - Diagonally flipped tiles are not currently supported
05:49:43.982 [FXGL Background Thread 1 ] WARN  TilesetLoader        - Diagonally flipped tiles are not currently supported
05:49:43.983 [FXGL Background Thread 1 ] WARN  TilesetLoader        - Diagonally flipped tiles are not currently supported
05:49:43.984 [FXGL Background Thread 1 ] WARN  TilesetLoader        - Diagonally flipped tiles are not currently supported
05:49:43.984 [FXGL Background Thread 1 ] WARN  TilesetLoader        - Diagonally flipped tiles are not currently supported
05:49:43.984 [FXGL Background Thread 1 ] WARN  TilesetLoader        - Diagonally flipped tiles are not currently supported
05:49:43.985 [FXGL Background Thread 1 ] WARN  TilesetLoader        - Diagonally flipped tiles are not currently supported
05:49:43.985 [FXGL Background Thread 1 ] WARN  TilesetLoader        - Diagonally flipped tiles are not currently supported
05:49:43.985 [FXGL Background Thread 1 ] WARN  TilesetLoader        - Diagonally flipped tiles are not currently supported
05:49:43.986 [FXGL Background Thread 1 ] WARN  TilesetLoader        - Diagonally flipped tiles are not currently supported
05:49:43.986 [FXGL Background Thread 1 ] WARN  TilesetLoader        - Diagonally flipped tiles are not currently supported
05:49:43.986 [FXGL Background Thread 1 ] WARN  TilesetLoader        - Diagonally flipped tiles are not currently supported
05:49:43.987 [FXGL Background Thread 1 ] WARN  TilesetLoader        - Diagonally flipped tiles are not currently supported
05:49:43.987 [FXGL Background Thread 1 ] WARN  TilesetLoader        - Diagonally flipped tiles are not currently supported
05:49:43.987 [FXGL Background Thread 1 ] WARN  TilesetLoader        - Diagonally flipped tiles are not currently supported
05:49:43.988 [FXGL Background Thread 1 ] WARN  TilesetLoader        - Diagonally flipped tiles are not currently supported
05:49:43.988 [FXGL Background Thread 1 ] WARN  TilesetLoader        - Diagonally flipped tiles are not currently supported
05:49:43.989 [FXGL Background Thread 1 ] WARN  TilesetLoader        - Diagonally flipped tiles are not currently supported
05:49:43.989 [FXGL Background Thread 1 ] WARN  TilesetLoader        - Diagonally flipped tiles are not currently supported
05:49:43.990 [FXGL Background Thread 1 ] WARN  TilesetLoader        - Diagonally flipped tiles are not currently supported
05:49:43.990 [FXGL Background Thread 1 ] WARN  TilesetLoader        - Diagonally flipped tiles are not currently supported
05:49:43.991 [FXGL Background Thread 1 ] WARN  TilesetLoader        - Diagonally flipped tiles are not currently supported
05:49:43.991 [FXGL Background Thread 1 ] WARN  TilesetLoader        - Diagonally flipped tiles are not currently supported
05:49:43.996 [FXGL Background Thread 1 ] WARN  TilesetLoader        - Diagonally flipped tiles are not currently supported
05:49:43.996 [FXGL Background Thread 1 ] WARN  TilesetLoader        - Diagonally flipped tiles are not currently supported
05:49:43.997 [FXGL Background Thread 1 ] WARN  TilesetLoader        - Diagonally flipped tiles are not currently supported
05:49:43.997 [FXGL Background Thread 1 ] WARN  TilesetLoader        - Diagonally flipped tiles are not currently supported
05:49:43.998 [FXGL Background Thread 1 ] WARN  TilesetLoader        - Diagonally flipped tiles are not currently supported
05:49:43.998 [FXGL Background Thread 1 ] WARN  TilesetLoader        - Diagonally flipped tiles are not currently supported
05:49:43.999 [FXGL Background Thread 1 ] WARN  TilesetLoader        - Diagonally flipped tiles are not currently supported
05:49:43.999 [FXGL Background Thread 1 ] WARN  TilesetLoader        - Diagonally flipped tiles are not currently supported
05:49:44.000 [FXGL Background Thread 1 ] WARN  TilesetLoader        - Diagonally flipped tiles are not currently supported
05:49:44.000 [FXGL Background Thread 1 ] WARN  TilesetLoader        - Diagonally flipped tiles are not currently supported
05:49:44.001 [FXGL Background Thread 1 ] WARN  TilesetLoader        - Diagonally flipped tiles are not currently supported
05:49:44.001 [FXGL Background Thread 1 ] WARN  TilesetLoader        - Diagonally flipped tiles are not currently supported
05:49:44.002 [FXGL Background Thread 1 ] WARN  TilesetLoader        - Diagonally flipped tiles are not currently supported
05:49:44.002 [FXGL Background Thread 1 ] WARN  TilesetLoader        - Diagonally flipped tiles are not currently supported
05:49:44.002 [FXGL Background Thread 1 ] WARN  TilesetLoader        - Diagonally flipped tiles are not currently supported
05:49:44.003 [FXGL Background Thread 1 ] WARN  TilesetLoader        - Diagonally flipped tiles are not currently supported
05:49:44.003 [FXGL Background Thread 1 ] WARN  TilesetLoader        - Diagonally flipped tiles are not currently supported
05:49:44.004 [FXGL Background Thread 1 ] WARN  TilesetLoader        - Diagonally flipped tiles are not currently supported
05:49:44.004 [FXGL Background Thread 1 ] WARN  TilesetLoader        - Diagonally flipped tiles are not currently supported
05:49:44.005 [FXGL Background Thread 1 ] WARN  TilesetLoader        - Diagonally flipped tiles are not currently supported
05:49:44.005 [FXGL Background Thread 1 ] WARN  TilesetLoader        - Diagonally flipped tiles are not currently supported
05:49:44.005 [FXGL Background Thread 1 ] WARN  TilesetLoader        - Diagonally flipped tiles are not currently supported
05:49:44.006 [FXGL Background Thread 1 ] WARN  TilesetLoader        - Diagonally flipped tiles are not currently supported
05:49:44.006 [FXGL Background Thread 1 ] WARN  TilesetLoader        - Diagonally flipped tiles are not currently supported
05:49:44.006 [FXGL Background Thread 1 ] WARN  TilesetLoader        - Diagonally flipped tiles are not currently supported
05:49:44.006 [FXGL Background Thread 1 ] WARN  TilesetLoader        - Diagonally flipped tiles are not currently supported
05:49:44.007 [FXGL Background Thread 1 ] WARN  TilesetLoader        - Diagonally flipped tiles are not currently supported
05:49:44.007 [FXGL Background Thread 1 ] WARN  TilesetLoader        - Diagonally flipped tiles are not currently supported
05:49:44.007 [FXGL Background Thread 1 ] WARN  TilesetLoader        - Diagonally flipped tiles are not currently supported
05:49:44.008 [FXGL Background Thread 1 ] WARN  TilesetLoader        - Diagonally flipped tiles are not currently supported
05:49:44.008 [FXGL Background Thread 1 ] WARN  TilesetLoader        - Diagonally flipped tiles are not currently supported
05:49:44.008 [FXGL Background Thread 1 ] WARN  TilesetLoader        - Diagonally flipped tiles are not currently supported
05:49:44.008 [FXGL Background Thread 1 ] WARN  TilesetLoader        - Diagonally flipped tiles are not currently supported
05:49:44.009 [FXGL Background Thread 1 ] WARN  TilesetLoader        - Diagonally flipped tiles are not currently supported
05:49:44.009 [FXGL Background Thread 1 ] WARN  TilesetLoader        - Diagonally flipped tiles are not currently supported
05:49:44.009 [FXGL Background Thread 1 ] WARN  TilesetLoader        - Diagonally flipped tiles are not currently supported
05:49:44.010 [FXGL Background Thread 1 ] WARN  TilesetLoader        - Diagonally flipped tiles are not currently supported
05:49:44.010 [FXGL Background Thread 1 ] WARN  TilesetLoader        - Diagonally flipped tiles are not currently supported
05:49:44.011 [FXGL Background Thread 1 ] WARN  TilesetLoader        - Diagonally flipped tiles are not currently supported
05:49:44.011 [FXGL Background Thread 1 ] WARN  TilesetLoader        - Diagonally flipped tiles are not currently supported
05:49:44.012 [FXGL Background Thread 1 ] WARN  TilesetLoader        - Diagonally flipped tiles are not currently supported
05:49:44.012 [FXGL Background Thread 1 ] WARN  TilesetLoader        - Diagonally flipped tiles are not currently supported
05:49:44.013 [FXGL Background Thread 1 ] WARN  TilesetLoader        - Diagonally flipped tiles are not currently supported
05:49:44.013 [FXGL Background Thread 1 ] WARN  TilesetLoader        - Diagonally flipped tiles are not currently supported
05:49:44.014 [FXGL Background Thread 1 ] WARN  TilesetLoader        - Diagonally flipped tiles are not currently supported
05:49:44.014 [FXGL Background Thread 1 ] WARN  TilesetLoader        - Diagonally flipped tiles are not currently supported
05:49:44.014 [FXGL Background Thread 1 ] WARN  TilesetLoader        - Diagonally flipped tiles are not currently supported
05:49:44.015 [FXGL Background Thread 1 ] WARN  TilesetLoader        - Diagonally flipped tiles are not currently supported
05:49:44.015 [JavaFX Application Thread] DEBUG FXGLApplication      - Registering font factories with UI factory
05:49:44.015 [FXGL Background Thread 1 ] WARN  TilesetLoader        - Diagonally flipped tiles are not currently supported
05:49:44.016 [FXGL Background Thread 1 ] WARN  TilesetLoader        - Diagonally flipped tiles are not currently supported
05:49:44.016 [FXGL Background Thread 1 ] WARN  TilesetLoader        - Diagonally flipped tiles are not currently supported
05:49:44.017 [FXGL Background Thread 1 ] WARN  TilesetLoader        - Diagonally flipped tiles are not currently supported
05:49:44.017 [FXGL Background Thread 1 ] WARN  TilesetLoader        - Diagonally flipped tiles are not currently supported
05:49:44.018 [FXGL Background Thread 1 ] WARN  TilesetLoader        - Diagonally flipped tiles are not currently supported
05:49:44.018 [FXGL Background Thread 1 ] WARN  TilesetLoader        - Diagonally flipped tiles are not currently supported
05:49:44.019 [FXGL Background Thread 1 ] WARN  TilesetLoader        - Diagonally flipped tiles are not currently supported
05:49:44.019 [FXGL Background Thread 1 ] WARN  TilesetLoader        - Diagonally flipped tiles are not currently supported
05:49:44.019 [FXGL Background Thread 1 ] WARN  TilesetLoader        - Diagonally flipped tiles are not currently supported
05:49:44.019 [FXGL Background Thread 1 ] WARN  TilesetLoader        - Diagonally flipped tiles are not currently supported
05:49:44.020 [FXGL Background Thread 1 ] WARN  TilesetLoader        - Diagonally flipped tiles are not currently supported
05:49:44.020 [FXGL Background Thread 1 ] WARN  TilesetLoader        - Diagonally flipped tiles are not currently supported
05:49:44.020 [FXGL Background Thread 1 ] WARN  TilesetLoader        - Diagonally flipped tiles are not currently supported
05:49:44.021 [FXGL Background Thread 1 ] WARN  TilesetLoader        - Diagonally flipped tiles are not currently supported
05:49:44.023 [FXGL Background Thread 1 ] WARN  TilesetLoader        - Diagonally flipped tiles are not currently supported
05:49:44.024 [FXGL Background Thread 1 ] WARN  TilesetLoader        - Diagonally flipped tiles are not currently supported
05:49:44.024 [FXGL Background Thread 1 ] WARN  TilesetLoader        - Diagonally flipped tiles are not currently supported
05:49:44.024 [FXGL Background Thread 1 ] WARN  TilesetLoader        - Diagonally flipped tiles are not currently supported
05:49:44.025 [FXGL Background Thread 1 ] WARN  TilesetLoader        - Diagonally flipped tiles are not currently supported
05:49:44.026 [FXGL Background Thread 1 ] WARN  TilesetLoader        - Diagonally flipped tiles are not currently supported
05:49:44.026 [FXGL Background Thread 1 ] WARN  TilesetLoader        - Diagonally flipped tiles are not currently supported
05:49:44.026 [FXGL Background Thread 1 ] WARN  TilesetLoader        - Diagonally flipped tiles are not currently supported
05:49:44.027 [FXGL Background Thread 1 ] WARN  TilesetLoader        - Diagonally flipped tiles are not currently supported
05:49:44.027 [FXGL Background Thread 1 ] WARN  TilesetLoader        - Diagonally flipped tiles are not currently supported
05:49:44.028 [FXGL Background Thread 1 ] WARN  TilesetLoader        - Diagonally flipped tiles are not currently supported
05:49:44.028 [FXGL Background Thread 1 ] WARN  TilesetLoader        - Diagonally flipped tiles are not currently supported
05:49:44.028 [FXGL Background Thread 1 ] WARN  TilesetLoader        - Diagonally flipped tiles are not currently supported
05:49:44.029 [FXGL Background Thread 1 ] WARN  TilesetLoader        - Diagonally flipped tiles are not currently supported
05:49:44.029 [FXGL Background Thread 1 ] WARN  TilesetLoader        - Diagonally flipped tiles are not currently supported
05:49:44.029 [FXGL Background Thread 1 ] WARN  TilesetLoader        - Diagonally flipped tiles are not currently supported
05:49:44.030 [FXGL Background Thread 1 ] WARN  TilesetLoader        - Diagonally flipped tiles are not currently supported
05:49:44.031 [FXGL Background Thread 1 ] DEBUG TilesetLoader        - Loading view for layer road3
05:49:44.034 [FXGL Background Thread 1 ] DEBUG TilesetLoader        - Created buffer with size 1280.0x800.0
05:49:44.036 [FXGL Background Thread 1 ] DEBUG TilesetLoader        - Loading view for layer bg2
05:49:44.037 [FXGL Background Thread 1 ] DEBUG TilesetLoader        - Created buffer with size 1280.0x800.0
05:49:44.042 [FXGL Background Thread 1 ] WARN  TilesetLoader        - Diagonally flipped tiles are not currently supported
05:49:44.042 [FXGL Background Thread 1 ] WARN  TilesetLoader        - Diagonally flipped tiles are not currently supported
05:49:44.044 [FXGL Background Thread 1 ] WARN  TilesetLoader        - Diagonally flipped tiles are not currently supported
05:49:44.044 [FXGL Background Thread 1 ] WARN  TilesetLoader        - Diagonally flipped tiles are not currently supported
05:49:44.044 [FXGL Background Thread 1 ] WARN  TilesetLoader        - Diagonally flipped tiles are not currently supported
05:49:44.045 [FXGL Background Thread 1 ] WARN  TilesetLoader        - Diagonally flipped tiles are not currently supported
05:49:44.045 [FXGL Background Thread 1 ] WARN  TilesetLoader        - Diagonally flipped tiles are not currently supported
05:49:44.047 [FXGL Background Thread 1 ] DEBUG TilesetLoader        - Loading view for layer temp
05:49:44.049 [FXGL Background Thread 1 ] DEBUG TilesetLoader        - Created buffer with size 1280.0x800.0
05:49:44.049 [FXGL Background Thread 1 ] DEBUG TMXLevelLoader       - Creating object layer entities
05:49:44.097 [FXGL Background Thread 1 ] DEBUG GameWorld            - Clearing removable entities
05:49:44.098 [FXGL Background Thread 1 ] DEBUG GameWorld            - Setting level: com.almasb.fxgl.entity.level.Level@6204cc96
05:49:44.106 [FXGL Background Thread 1 ] DEBUG FXGLAssetLoaderServi - Loading from file system: file:/E:/All%20About%20Dev/OOP/FXGL%20new%20Begining/final%20version/Tower%20Defender/Tower-Defender/target/classes/assets/textures/life.png
05:49:44.109 [FXGL Background Thread 1 ] DEBUG FXGLAssetLoaderServi - Loading from file system: file:/E:/All%20About%20Dev/OOP/FXGL%20new%20Begining/final%20version/Tower%20Defender/Tower-Defender/target/classes/assets/textures/skull.png
05:49:44.159 [FXGL Background Thread 1 ] INFO  FXGLApplication      - Game initialization took: 0.507 sec
05:49:44.202 [JavaFX Application Thread] DEBUG Input                - Clearing active input actions
05:49:44.211 [JavaFX Application Thread] DEBUG GameApplicationServi - Removing overlay from FXGLLoadingScene and adding to GameScene
05:49:44.216 [JavaFX Application Thread] DEBUG PrimaryStageWindow   - FXGLLoadingScene -> GameScene
05:49:44.242 [JavaFX Application Thread] DEBUG FXGLAssetLoaderServi - Loading from file system: file:/E:/All%20About%20Dev/OOP/FXGL%20new%20Begining/final%20version/Tower%20Defender/Tower-Defender/target/classes/assets/textures/goblin.png
05:49:44.676 [FXGL Background Thread 2 ] INFO  UpdaterService       - Your current version:  21.1
05:49:44.676 [FXGL Background Thread 2 ] INFO  UpdaterService       - Latest stable version: 25
05:49:46.177 [JavaFX Application Thread] DEBUG PrimaryStageWindow   - Push state: DialogSubScene
05:49:46.178 [JavaFX Application Thread] DEBUG Input                - Clearing active input actions
05:49:46.179 [JavaFX Application Thread] DEBUG GameApplicationServi - Removing overlay from GameScene and adding to DialogSubScene
05:49:46.181 [JavaFX Application Thread] DEBUG PrimaryStageWindow   - GameScene -> DialogSubScene
05:49:46.474 [FXGL Background Thread 3 ] DEBUG Engine               - Logging environment variables
05:49:46.475 [FXGL Background Thread 3 ] DEBUG Engine               - achievements: []
05:49:46.475 [FXGL Background Thread 3 ] DEBUG Engine               - actualHeight: 800.0
05:49:46.475 [FXGL Background Thread 3 ] DEBUG Engine               - actualHeightProperty: ReadOnlyDoubleProperty [value: 800.0]
05:49:46.475 [FXGL Background Thread 3 ] DEBUG Engine               - actualWidth: 1280.0
05:49:46.475 [FXGL Background Thread 3 ] DEBUG Engine               - actualWidthProperty: ReadOnlyDoubleProperty [value: 1280.0]
05:49:46.475 [FXGL Background Thread 3 ] DEBUG Engine               - appIcon: fxgl_icon.png
05:49:46.475 [FXGL Background Thread 3 ] DEBUG Engine               - applicationMode: DEVELOPER
05:49:46.475 [FXGL Background Thread 3 ] DEBUG Engine               - cSSList: [fxgl_dark.css]
05:49:46.475 [FXGL Background Thread 3 ] DEBUG Engine               - collisionDetectionStrategy: BRUTE_FORCE
05:49:46.475 [FXGL Background Thread 3 ] DEBUG Engine               - configClass: Optional.empty
05:49:46.475 [FXGL Background Thread 3 ] DEBUG Engine               - credits: []
05:49:46.475 [FXGL Background Thread 3 ] DEBUG Engine               - defaultCursor: CursorInfo(imageName=fxgl_default_cursor.png, hotspotX=7.0, hotspotY=6.0)
05:49:46.476 [FXGL Background Thread 3 ] DEBUG Engine               - devBBoxColorProperty: ObjectProperty [value: 0xff0000ff]
05:49:46.476 [FXGL Background Thread 3 ] DEBUG Engine               - devEnableDebugCameraProperty: BooleanProperty [value: false]
05:49:46.476 [FXGL Background Thread 3 ] DEBUG Engine               - devSensorColorProperty: ObjectProperty [value: 0xffff00ff]
05:49:46.476 [FXGL Background Thread 3 ] DEBUG Engine               - devShowBBoxProperty: BooleanProperty [value: false]
05:49:46.476 [FXGL Background Thread 3 ] DEBUG Engine               - devShowPositionProperty: BooleanProperty [value: false]
05:49:46.476 [FXGL Background Thread 3 ] DEBUG Engine               - enabledMenuItems: []
05:49:46.476 [FXGL Background Thread 3 ] DEBUG Engine               - engineServices: [class com.almasb.fxgl.app.services.FXGLAssetLoaderService, class com.almasb.fxgl.app.FXGLApplication$GameApplicationService, class com.almasb.fxgl.app.services.FXGLDialogService, class com.almasb.fxgl.app.services.IOTaskExecutorService, class com.almasb.fxgl.io.FileSystemService, class com.almasb.fxgl.localization.LocalizationService, class com.almasb.fxgl.app.services.SystemBundleService, class com.almasb.fxgl.profile.SaveLoadService, class com.almasb.fxgl.ui.FXGLUIFactoryServiceProvider, class com.almasb.fxgl.ui.FXGLDialogFactoryServiceProvider, class com.almasb.fxgl.audio.AudioPlayer, class com.almasb.fxgl.notification.impl.NotificationServiceProvider, class com.almasb.fxgl.achievement.AchievementService, class com.almasb.fxgl.cutscene.CutsceneService, class com.almasb.fxgl.minigames.MiniGameService, class com.almasb.fxgl.net.NetService, class com.almasb.fxgl.app.services.UpdaterService, class com.almasb.fxgl.dev.DevService]
05:49:46.476 [FXGL Background Thread 3 ] DEBUG Engine               - fontGame: Abel-Regular.ttf
05:49:46.476 [FXGL Background Thread 3 ] DEBUG Engine               - fontMono: TerminalLandMono-Regular.otf
05:49:46.476 [FXGL Background Thread 3 ] DEBUG Engine               - fontSizeScaleUI: 1.0
05:49:46.476 [FXGL Background Thread 3 ] DEBUG Engine               - fontText: Courier-Prime.ttf
05:49:46.476 [FXGL Background Thread 3 ] DEBUG Engine               - fontUI: VarelaRound-Regular.ttf
05:49:46.476 [FXGL Background Thread 3 ] DEBUG Engine               - fullScreen: BooleanProperty [value: false]
05:49:46.476 [FXGL Background Thread 3 ] DEBUG Engine               - gameDifficulty: MEDIUM
05:49:46.476 [FXGL Background Thread 3 ] DEBUG Engine               - gameDifficultyProperty: ObjectProperty [value: MEDIUM]
05:49:46.476 [FXGL Background Thread 3 ] DEBUG Engine               - globalMusicVolume: 0.5
05:49:46.476 [FXGL Background Thread 3 ] DEBUG Engine               - globalMusicVolumeProperty: DoubleProperty [value: 0.5]
05:49:46.477 [FXGL Background Thread 3 ] DEBUG Engine               - globalSoundVolume: 0.5
05:49:46.477 [FXGL Background Thread 3 ] DEBUG Engine               - globalSoundVolumeProperty: DoubleProperty [value: 0.5]
05:49:46.477 [FXGL Background Thread 3 ] DEBUG Engine               - height: 800
05:49:46.477 [FXGL Background Thread 3 ] DEBUG Engine               - is3D: false
05:49:46.477 [FXGL Background Thread 3 ] DEBUG Engine               - isAndroid: false
05:49:46.477 [FXGL Background Thread 3 ] DEBUG Engine               - isBrowser: false
05:49:46.477 [FXGL Background Thread 3 ] DEBUG Engine               - isClickFeedbackEnabled: false
05:49:46.477 [FXGL Background Thread 3 ] DEBUG Engine               - isCloseConfirmation: false
05:49:46.477 [FXGL Background Thread 3 ] DEBUG Engine               - isDesktop: true
05:49:46.477 [FXGL Background Thread 3 ] DEBUG Engine               - isDeveloperMenuEnabled: true
05:49:46.477 [FXGL Background Thread 3 ] DEBUG Engine               - isEmbedded: false
05:49:46.477 [FXGL Background Thread 3 ] DEBUG Engine               - isEntityPreloadEnabled: true
05:49:46.477 [FXGL Background Thread 3 ] DEBUG Engine               - isExperimentalTiledLargeMap: false
05:49:46.477 [FXGL Background Thread 3 ] DEBUG Engine               - isFileSystemWriteAllowed: true
05:49:46.477 [FXGL Background Thread 3 ] DEBUG Engine               - isFullScreenAllowed: true
05:49:46.477 [FXGL Background Thread 3 ] DEBUG Engine               - isFullScreenFromStart: false
05:49:46.478 [FXGL Background Thread 3 ] DEBUG Engine               - isGameMenuEnabled: true
05:49:46.478 [FXGL Background Thread 3 ] DEBUG Engine               - isIOS: false
05:49:46.478 [FXGL Background Thread 3 ] DEBUG Engine               - isIntroEnabled: false
05:49:46.478 [FXGL Background Thread 3 ] DEBUG Engine               - isLinux: false
05:49:46.478 [FXGL Background Thread 3 ] DEBUG Engine               - isMac: false
05:49:46.478 [FXGL Background Thread 3 ] DEBUG Engine               - isMainMenuEnabled: false
05:49:46.478 [FXGL Background Thread 3 ] DEBUG Engine               - isManualResizeEnabled: true
05:49:46.478 [FXGL Background Thread 3 ] DEBUG Engine               - isMobile: false
05:49:46.478 [FXGL Background Thread 3 ] DEBUG Engine               - isNative: false
05:49:46.478 [FXGL Background Thread 3 ] DEBUG Engine               - isPauseMusicWhenMinimized: true
05:49:46.478 [FXGL Background Thread 3 ] DEBUG Engine               - isPreserveResizeRatio: false
05:49:46.478 [FXGL Background Thread 3 ] DEBUG Engine               - isProfilingEnabled: false
05:49:46.478 [FXGL Background Thread 3 ] DEBUG Engine               - isScaleAffectedOnResize: true
05:49:46.478 [FXGL Background Thread 3 ] DEBUG Engine               - isSingleStep: false
05:49:46.478 [FXGL Background Thread 3 ] DEBUG Engine               - isUserProfileEnabled: false
05:49:46.478 [FXGL Background Thread 3 ] DEBUG Engine               - isWindows: true
05:49:46.478 [FXGL Background Thread 3 ] DEBUG Engine               - language: ObjectProperty [value: ENGLISH]
05:49:46.480 [FXGL Background Thread 3 ] DEBUG Engine               - menuKey: ESCAPE
05:49:46.480 [FXGL Background Thread 3 ] DEBUG Engine               - mouseSensitivity: 0.2
05:49:46.480 [FXGL Background Thread 3 ] DEBUG Engine               - notificationViewClass: class com.almasb.fxgl.notification.view.XboxNotificationView
05:49:46.480 [FXGL Background Thread 3 ] DEBUG Engine               - pixelsPerMeter: 50.0
05:49:46.480 [FXGL Background Thread 3 ] DEBUG Engine               - platform: WINDOWS
05:49:46.480 [FXGL Background Thread 3 ] DEBUG Engine               - prefHeightProperty: ReadOnlyDoubleProperty [value: 800.0]
05:49:46.480 [FXGL Background Thread 3 ] DEBUG Engine               - prefWidthProperty: ReadOnlyDoubleProperty [value: 1280.0]
05:49:46.480 [FXGL Background Thread 3 ] DEBUG Engine               - profileDir: profiles/
05:49:46.480 [FXGL Background Thread 3 ] DEBUG Engine               - profileName: StringProperty [value: DEFAULT]
05:49:46.481 [FXGL Background Thread 3 ] DEBUG Engine               - randomSeed: -1
05:49:46.481 [FXGL Background Thread 3 ] DEBUG Engine               - runtimeInfo: RuntimeInfo(platform=WINDOWS, version=21.1, build=27.03.2024 07.52)
05:49:46.481 [FXGL Background Thread 3 ] DEBUG Engine               - saveFileExt: sav
05:49:46.481 [FXGL Background Thread 3 ] DEBUG Engine               - scaledHeightProp$fxgl: DoubleProperty [bound, value: 800.0]
05:49:46.482 [FXGL Background Thread 3 ] DEBUG Engine               - scaledWidthProp$fxgl: DoubleProperty [bound, value: 1280.0]
05:49:46.482 [FXGL Background Thread 3 ] DEBUG Engine               - sceneFactory: com.almasb.fxgl.app.scene.SceneFactory@4da14117
05:49:46.482 [FXGL Background Thread 3 ] DEBUG Engine               - secondsIn24h: 60
05:49:46.482 [FXGL Background Thread 3 ] DEBUG Engine               - soundMenuBack: menu/back.wav
05:49:46.482 [FXGL Background Thread 3 ] DEBUG Engine               - soundMenuPress: menu/press.wav
05:49:46.482 [FXGL Background Thread 3 ] DEBUG Engine               - soundMenuSelect: menu/select.wav
05:49:46.482 [FXGL Background Thread 3 ] DEBUG Engine               - soundNotification: core/notification.wav
05:49:46.482 [FXGL Background Thread 3 ] DEBUG Engine               - stageStyle: DECORATED
05:49:46.482 [FXGL Background Thread 3 ] DEBUG Engine               - supportedLanguages: [ENGLISH, FRENCH, GERMAN, HUNGARIAN, RUSSIAN]
05:49:46.482 [FXGL Background Thread 3 ] DEBUG Engine               - ticksPerSecond: -1
05:49:46.482 [FXGL Background Thread 3 ] DEBUG Engine               - title: Ghost Hunter
05:49:46.482 [FXGL Background Thread 3 ] DEBUG Engine               - urlGithub: https://github.com/AlmasB/FXGL
05:49:46.482 [FXGL Background Thread 3 ] DEBUG Engine               - urlLeaderboard: http://fxgl-top.herokuapp.com/
05:49:46.482 [FXGL Background Thread 3 ] DEBUG Engine               - urlPOM: https://raw.githubusercontent.com/AlmasB/FXGL/release/README.md
05:49:46.482 [FXGL Background Thread 3 ] DEBUG Engine               - userAppClass: class org.saikat.Game
05:49:46.483 [FXGL Background Thread 3 ] DEBUG Engine               - version: 1.0
05:49:46.483 [FXGL Background Thread 3 ] DEBUG Engine               - versionCheckDays: 7
05:49:46.483 [FXGL Background Thread 3 ] DEBUG Engine               - width: 1280
05:49:46.483 [FXGL Background Thread 3 ] DEBUG Engine               - Logging services
05:49:46.483 [FXGL Background Thread 3 ] DEBUG Engine               - class com.almasb.fxgl.app.services.FXGLAssetLoaderService
05:49:46.483 [FXGL Background Thread 3 ] DEBUG Engine               - class com.almasb.fxgl.app.FXGLApplication$GameApplicationService
05:49:46.483 [FXGL Background Thread 3 ] DEBUG Engine               - class com.almasb.fxgl.app.services.FXGLDialogService
05:49:46.483 [FXGL Background Thread 3 ] DEBUG Engine               - class com.almasb.fxgl.app.services.IOTaskExecutorService
05:49:46.483 [FXGL Background Thread 3 ] DEBUG Engine               - class com.almasb.fxgl.io.FileSystemService
05:49:46.483 [FXGL Background Thread 3 ] DEBUG Engine               - class com.almasb.fxgl.localization.LocalizationService
05:49:46.483 [FXGL Background Thread 3 ] DEBUG Engine               - class com.almasb.fxgl.app.services.SystemBundleService
05:49:46.483 [FXGL Background Thread 3 ] DEBUG Engine               - class com.almasb.fxgl.profile.SaveLoadService
05:49:46.483 [FXGL Background Thread 3 ] DEBUG Engine               - class com.almasb.fxgl.ui.FXGLUIFactoryServiceProvider
05:49:46.483 [FXGL Background Thread 3 ] DEBUG Engine               - class com.almasb.fxgl.ui.FXGLDialogFactoryServiceProvider
05:49:46.483 [FXGL Background Thread 3 ] DEBUG Engine               - class com.almasb.fxgl.audio.AudioPlayer
05:49:46.483 [FXGL Background Thread 3 ] DEBUG Engine               - class com.almasb.fxgl.notification.impl.NotificationServiceProvider
05:49:46.483 [FXGL Background Thread 3 ] DEBUG Engine               - class com.almasb.fxgl.achievement.AchievementService
05:49:46.483 [FXGL Background Thread 3 ] DEBUG Engine               - class com.almasb.fxgl.cutscene.CutsceneService
05:49:46.483 [FXGL Background Thread 3 ] DEBUG Engine               - class com.almasb.fxgl.minigames.MiniGameService
05:49:46.483 [FXGL Background Thread 3 ] DEBUG Engine               - class com.almasb.fxgl.net.NetService
05:49:46.483 [FXGL Background Thread 3 ] DEBUG Engine               - class com.almasb.fxgl.app.services.UpdaterService
05:49:46.483 [FXGL Background Thread 3 ] DEBUG Engine               - class com.almasb.fxgl.dev.DevService
05:49:47.502 [JavaFX Application Thread] DEBUG PrimaryStageWindow   - Pop state: DialogSubScene
05:49:47.502 [JavaFX Application Thread] DEBUG Input                - Clearing active input actions
05:49:47.503 [JavaFX Application Thread] DEBUG GameApplicationServi - Removing overlay from DialogSubScene and adding to GameScene
05:49:47.510 [JavaFX Application Thread] DEBUG PrimaryStageWindow   - GameScene <- DialogSubScene
05:49:47.512 [JavaFX Application Thread] DEBUG FXGLAssetLoaderServi - Loading from file system: file:/E:/All%20About%20Dev/OOP/FXGL%20new%20Begining/final%20version/Tower%20Defender/Tower-Defender/target/classes/assets/textures/spell2.png
05:49:47.544 [JavaFX Application Thread] DEBUG FXGLAssetLoaderServi - Loading from file system: file:/E:/All%20About%20Dev/OOP/FXGL%20new%20Begining/final%20version/Tower%20Defender/Tower-Defender/target/classes/assets/textures/red.png
05:49:50.142 [JavaFX Application Thread] DEBUG PrimaryStageWindow   - Push state: DialogSubScene
05:49:50.143 [JavaFX Application Thread] DEBUG Input                - Clearing active input actions
05:49:50.144 [JavaFX Application Thread] DEBUG GameApplicationServi - Removing overlay from GameScene and adding to DialogSubScene
05:49:50.145 [JavaFX Application Thread] DEBUG PrimaryStageWindow   - GameScene -> DialogSubScene
05:49:51.555 [JavaFX Application Thread] DEBUG PrimaryStageWindow   - Pop state: DialogSubScene
05:49:51.556 [JavaFX Application Thread] DEBUG Input                - Clearing active input actions
05:49:51.556 [JavaFX Application Thread] DEBUG GameApplicationServi - Removing overlay from DialogSubScene and adding to GameScene
05:49:51.557 [JavaFX Application Thread] DEBUG PrimaryStageWindow   - GameScene <- DialogSubScene
05:49:51.559 [JavaFX Application Thread] DEBUG FXGLAssetLoaderServi - Loading from file system: file:/E:/All%20About%20Dev/OOP/FXGL%20new%20Begining/final%20version/Tower%20Defender/Tower-Defender/target/classes/assets/textures/spell.png
05:49:51.578 [JavaFX Application Thread] DEBUG FXGLAssetLoaderServi - Loading from file system: file:/E:/All%20About%20Dev/OOP/FXGL%20new%20Begining/final%20version/Tower%20Defender/Tower-Defender/target/classes/assets/textures/violet.png
05:49:53.088 [JavaFX Application Thread] DEBUG PrimaryStageWindow   - Push state: DialogSubScene
05:49:53.088 [JavaFX Application Thread] DEBUG Input                - Clearing active input actions
05:49:53.089 [JavaFX Application Thread] DEBUG GameApplicationServi - Removing overlay from GameScene and adding to DialogSubScene
05:49:53.090 [JavaFX Application Thread] DEBUG PrimaryStageWindow   - GameScene -> DialogSubScene
05:49:54.562 [JavaFX Application Thread] DEBUG PrimaryStageWindow   - Pop state: DialogSubScene
05:49:54.562 [JavaFX Application Thread] DEBUG Input                - Clearing active input actions
05:49:54.563 [JavaFX Application Thread] DEBUG GameApplicationServi - Removing overlay from DialogSubScene and adding to GameScene
05:49:54.564 [JavaFX Application Thread] DEBUG PrimaryStageWindow   - GameScene <- DialogSubScene
05:49:55.586 [JavaFX Application Thread] DEBUG PrimaryStageWindow   - Push state: DialogSubScene
05:49:55.587 [JavaFX Application Thread] DEBUG Input                - Clearing active input actions
05:49:55.587 [JavaFX Application Thread] DEBUG GameApplicationServi - Removing overlay from GameScene and adding to DialogSubScene
05:49:55.588 [JavaFX Application Thread] DEBUG PrimaryStageWindow   - GameScene -> DialogSubScene
05:49:57.753 [JavaFX Application Thread] DEBUG PrimaryStageWindow   - Pop state: DialogSubScene
05:49:57.754 [JavaFX Application Thread] DEBUG Input                - Clearing active input actions
05:49:57.754 [JavaFX Application Thread] DEBUG GameApplicationServi - Removing overlay from DialogSubScene and adding to GameScene
05:49:57.755 [JavaFX Application Thread] DEBUG PrimaryStageWindow   - GameScene <- DialogSubScene
05:49:57.755 [JavaFX Application Thread] DEBUG FXGLAssetLoaderServi - Loading from file system: file:/E:/All%20About%20Dev/OOP/FXGL%20new%20Begining/final%20version/Tower%20Defender/Tower-Defender/target/classes/assets/textures/wildfire.png
05:49:57.774 [JavaFX Application Thread] DEBUG FXGLAssetLoaderServi - Loading from file system: file:/E:/All%20About%20Dev/OOP/FXGL%20new%20Begining/final%20version/Tower%20Defender/Tower-Defender/target/classes/assets/textures/green.png
05:50:00.754 [JavaFX Application Thread] DEBUG PrimaryStageWindow   - Push state: DialogSubScene
05:50:00.755 [JavaFX Application Thread] DEBUG Input                - Clearing active input actions
05:50:00.755 [JavaFX Application Thread] DEBUG GameApplicationServi - Removing overlay from GameScene and adding to DialogSubScene
05:50:00.755 [JavaFX Application Thread] DEBUG PrimaryStageWindow   - GameScene -> DialogSubScene
05:50:02.368 [JavaFX Application Thread] DEBUG PrimaryStageWindow   - Pop state: DialogSubScene
05:50:02.368 [JavaFX Application Thread] DEBUG Input                - Clearing active input actions
05:50:02.368 [JavaFX Application Thread] DEBUG GameApplicationServi - Removing overlay from DialogSubScene and adding to GameScene
05:50:02.369 [JavaFX Application Thread] DEBUG PrimaryStageWindow   - GameScene <- DialogSubScene
05:50:02.370 [JavaFX Application Thread] DEBUG FXGLAssetLoaderServi - Loading from file system: file:/E:/All%20About%20Dev/OOP/FXGL%20new%20Begining/final%20version/Tower%20Defender/Tower-Defender/target/classes/assets/textures/wildfire2.png
05:50:02.409 [JavaFX Application Thread] DEBUG FXGLAssetLoaderServi - Loading from file system: file:/E:/All%20About%20Dev/OOP/FXGL%20new%20Begining/final%20version/Tower%20Defender/Tower-Defender/target/classes/assets/textures/blue.png
05:50:02.479 [JavaFX Application Thread] WARN  GameWorld            - Attempted to remove entity which is not active
05:50:04.525 [JavaFX Application Thread] WARN  GameWorld            - Attempted to remove entity which is not active
05:50:05.934 [JavaFX Application Thread] WARN  GameWorld            - Attempted to remove entity which is not active
05:50:08.462 [JavaFX Application Thread] WARN  GameWorld            - Attempted to remove entity which is not active
05:50:10.398 [JavaFX Application Thread] WARN  GameWorld            - Attempted to remove entity which is not active
05:50:11.807 [JavaFX Application Thread] WARN  GameWorld            - Attempted to remove entity which is not active
05:50:13.293 [JavaFX Application Thread] WARN  GameWorld            - Attempted to remove entity which is not active
05:50:13.326 [JavaFX Application Thread] WARN  GameWorld            - Attempted to remove entity which is not active
05:50:14.798 [JavaFX Application Thread] WARN  GameWorld            - Attempted to remove entity which is not active
05:50:16.318 [JavaFX Application Thread] WARN  GameWorld            - Attempted to remove entity which is not active
05:50:20.974 [JavaFX Application Thread] WARN  GameWorld            - Attempted to remove entity which is not active
05:50:23.037 [JavaFX Application Thread] WARN  GameWorld            - Attempted to remove entity which is not active
05:50:24.957 [JavaFX Application Thread] WARN  GameWorld            - Attempted to remove entity which is not active
05:50:26.733 [JavaFX Application Thread] WARN  GameWorld            - Attempted to remove entity which is not active
05:50:28.429 [JavaFX Application Thread] WARN  GameWorld            - Attempted to remove entity which is not active
05:50:28.976 [JavaFX Application Thread] DEBUG FXGLApplication      - Exiting FXGL
05:50:28.976 [JavaFX Application Thread] DEBUG LoopRunner           - Stopping loop
05:50:28.977 [JavaFX Application Thread] DEBUG SystemBundleService  - Saving FXGL system data
05:50:28.980 [JavaFX Application Thread] DEBUG FileSystemAccess     - Writing to: E:\All About Dev\OOP\FXGL new Begining\final version\Tower Defender\Tower-Defender\system\fxgl.bundle
05:50:28.983 [JavaFX Application Thread] DEBUG Async                - Shutting down background threads
05:50:28.983 [JavaFX Application Thread] DEBUG PrimaryStageWindow   - Closing main window
05:50:29.014 [JavaFX Application Thread] DEBUG Logger               - Closing Logger
