15:06:20.116 [main                     ] DEBUG Logger               - Configured Logger
15:06:20.148 [main                     ] DEBUG GameApplication      - Logging settings
Title: Ghost Hunter
Version: 1.0
Width: 1280
Height: 800
Fullscreen: true
Intro: false
Profiling: false
Single step:false
App Mode: DEVELOPER
Menu Key: ESCAPE
Stage Style: DECORATED
Scene Factory: class com.almasb.fxgl.app.scene.SceneFactory

15:06:20.970 [JavaFX Application Thread] DEBUG FXGLApplication      - Initializing FXGL
15:06:20.974 [JavaFX Application Thread] INFO  Engine               - FXGL-21.1 (27.03.2024 07.52) on WINDOWS (J:21.0.9 FX:21.0.1)
15:06:20.974 [JavaFX Application Thread] DEBUG Engine               - JRE Vendor Name: Oracle Corporation
15:06:20.974 [JavaFX Application Thread] DEBUG Engine               - Running on OS: Windows 11 version 10.0
15:06:20.974 [JavaFX Application Thread] DEBUG Engine               - Architecture: amd64
15:06:20.974 [JavaFX Application Thread] INFO  Engine               - Source code and latest versions at: https://github.com/AlmasB/FXGL
15:06:20.974 [JavaFX Application Thread] INFO  Engine               -       Ask questions and discuss at: https://github.com/AlmasB/FXGL/discussions
15:06:20.975 [JavaFX Application Thread] INFO  Engine               -              Join the FXGL chat at: https://gitter.im/AlmasB/FXGL
15:06:21.117 [JavaFX Application Thread] DEBUG PrimaryStageWindow   - Creating a JavaFX scene
15:06:21.176 [JavaFX Application Thread] DEBUG PrimaryStageWindow   - Target settings size: 1280.0 x 800.0
15:06:21.176 [JavaFX Application Thread] DEBUG PrimaryStageWindow   - Scaled scene size:    1280.0 x 800.0
15:06:21.176 [JavaFX Application Thread] DEBUG PrimaryStageWindow   - Scaled ratio: (1.0, 1.0)
15:06:21.177 [JavaFX Application Thread] DEBUG PrimaryStageWindow   - Set initial scene to FXGLStartupScene
15:06:21.183 [JavaFX Application Thread] DEBUG PrimaryStageWindow   - Opening main window
15:06:21.303 [JavaFX Application Thread] DEBUG PrimaryStageWindow   - Window border size: (14.4000244140625, 37.5999755859375)
15:06:21.303 [JavaFX Application Thread] DEBUG PrimaryStageWindow   - Scaled size: 1280.0 x 800.0
15:06:21.303 [JavaFX Application Thread] DEBUG PrimaryStageWindow   - Scaled ratio: (1.0, 1.0)
15:06:21.304 [JavaFX Application Thread] DEBUG PrimaryStageWindow   - Scene size: 1280.0 x 800.0
15:06:21.304 [JavaFX Application Thread] DEBUG PrimaryStageWindow   - Stage size: 1294.4000244140625 x 837.5999755859375
15:06:21.317 [FXGL Background Thread 1 ] DEBUG Engine               - Initializing environment variables
15:06:21.401 [FXGL Background Thread 1 ] DEBUG FXGLAssetLoaderServi - User app class for loading assets: class org.saikat.Game
15:06:21.401 [FXGL Background Thread 1 ] DEBUG GameApplicationServi - Applying CSS: fxgl_dark.css
15:06:21.403 [FXGL Background Thread 1 ] DEBUG FXGLAssetLoaderServi - Loading from file system: jar:file:/C:/Users/HP/.m2/repository/com/github/almasb/fxgl/21.1/fxgl-21.1.jar!/fxglassets/ui/css/fxgl_dark.css
15:06:21.460 [FXGL Background Thread 1 ] DEBUG GameApplicationServi - Initializing application scenes
15:06:21.536 [FXGL Background Thread 1 ] DEBUG GameWorld            - Game world initialized
15:06:21.646 [FXGL Background Thread 1 ] DEBUG PhysicsWorld         - Physics world initialized: appHeight=800, physics.ppm=50.0
15:06:21.647 [FXGL Background Thread 1 ] DEBUG PhysicsWorld         - Using strategy: BRUTE_FORCE
15:06:21.650 [FXGL Background Thread 1 ] DEBUG GameScene            - Game scene initialized: 1280x800
15:06:21.665 [FXGL Background Thread 1 ] DEBUG FXGL.DefaultMenu     - createMenuBodyGameMenu()
15:06:21.682 [FXGL Background Thread 1 ] DEBUG FXGL.DefaultMenu     - createOptionsMenu()
15:06:21.694 [FXGL Background Thread 1 ] DEBUG FXGLAssetLoaderServi - Loading from file system: jar:file:/C:/Users/HP/.m2/repository/com/github/almasb/fxgl/21.1/fxgl-21.1.jar!/fxglassets/textures/particles/smoke.png
15:06:21.831 [FXGL Background Thread 1 ] DEBUG FXGLAssetLoaderServi - Loading from file system: jar:file:/C:/Users/HP/.m2/repository/com/github/almasb/fxgl/21.1/fxgl-21.1.jar!/fxglassets/textures/particles/trace_horizontal.png
15:06:21.885 [FXGL Background Thread 1 ] DEBUG GameApplicationServi - Application scenes initialized
15:06:21.898 [FXGL Background Thread 1 ] DEBUG SystemBundleService  - Loading FXGL system data
15:06:21.907 [FXGL Background Thread 1 ] DEBUG FileSystemAccess     - Reading from: E:\All About Dev\OOP\FXGL new Begining\final version\Tower Defender\Tower-Defender\system\fxgl.bundle
15:06:21.923 [FXGL Background Thread 1 ] DEBUG SystemBundleService  - Bundle FXGL: {}
15:06:21.923 [FXGL Background Thread 1 ] DEBUG UpdaterService       - Checking for updates
15:06:21.928 [FXGL Background Thread 4 ] DEBUG FXGLApplication      - Loading fonts
15:06:21.928 [FXGL Background Thread 1 ] DEBUG FXGLApplication      - Loading default localization
15:06:21.928 [FXGL Background Thread 4 ] DEBUG FXGLAssetLoaderServi - Loading from file system: jar:file:/C:/Users/HP/.m2/repository/com/github/almasb/fxgl/21.1/fxgl-21.1.jar!/fxglassets/ui/fonts/VarelaRound-Regular.ttf
15:06:21.929 [FXGL Background Thread 1 ] DEBUG FXGLAssetLoaderServi - Loading from file system: jar:file:/C:/Users/HP/.m2/repository/com/github/almasb/fxgl/21.1/fxgl-21.1.jar!/fxglassets/languages/english.lang
15:06:21.967 [FXGL Background Thread 1 ] INFO  FXGLApplication      - FXGL initialization took: 0.650 sec
15:06:21.972 [JavaFX Application Thread] DEBUG Input                - Registered new binding: add tower - LMB
15:06:21.973 [JavaFX Application Thread] DEBUG Input                - Registered new binding: remove tower - RMB
15:06:21.973 [JavaFX Application Thread] DEBUG FXGLAssetLoaderServi - Loading from file system: jar:file:/C:/Users/HP/.m2/repository/com/github/almasb/fxgl/21.1/fxgl-21.1.jar!/fxglassets/textures/fxgl_icon.png
15:06:21.990 [JavaFX Application Thread] DEBUG FXGLAssetLoaderServi - Loading from file system: jar:file:/C:/Users/HP/.m2/repository/com/github/almasb/fxgl/21.1/fxgl-21.1.jar!/fxglassets/textures/fxgl_default_cursor.png
15:06:22.000 [JavaFX Application Thread] DEBUG Input                - Registered new binding: Screenshot - CTRL+8
15:06:22.001 [JavaFX Application Thread] DEBUG Input                - Registered new binding: System info dump - CTRL+9
15:06:22.002 [JavaFX Application Thread] DEBUG Input                - Registered new binding: Restart - CTRL+R
15:06:22.003 [JavaFX Application Thread] DEBUG Input                - Registered new binding: Toggle Debug Camera - CTRL+7
15:06:22.007 [JavaFX Application Thread] DEBUG LoopRunner           - Starting loop
15:06:22.007 [JavaFX Application Thread] DEBUG LoopRunner           - Initializing JavaFX AnimationTimerLoop
15:06:22.009 [JavaFX Application Thread] DEBUG GameApplicationServi - Starting new game
15:06:22.010 [JavaFX Application Thread] DEBUG Input                - Clearing active input actions
15:06:22.021 [JavaFX Application Thread] DEBUG GameApplicationServi - Removing overlay from FXGLStartupScene and adding to FXGLLoadingScene
15:06:22.022 [JavaFX Application Thread] DEBUG PrimaryStageWindow   - FXGLStartupScene -> FXGLLoadingScene
15:06:22.022 [JavaFX Application Thread] DEBUG GameApplicationServi - Clearing previous game
15:06:22.022 [JavaFX Application Thread] DEBUG GameScene            - Clearing game scene
15:06:22.022 [JavaFX Application Thread] DEBUG GameWorld            - Clearing game world
15:06:22.022 [JavaFX Application Thread] DEBUG PhysicsWorld         - Clearing physics world
15:06:22.023 [FXGL Background Thread 1 ] DEBUG FXGLApplication      - Initializing game
15:06:22.123 [FXGL Background Thread 1 ] WARN  TMXLevelLoader       - TiledMap generated from 1.12.2. Supported version: 1.9.0. Some features may not be parsed fully.
15:06:22.162 [FXGL Background Thread 1 ] DEBUG TMXLevelLoader       - Parsed TiledMap: file:/E:/All%20About%20Dev/OOP/FXGL%20new%20Begining/final%20version/Tower%20Defender/Tower-Defender/target/classes/assets/levels/wall.tmx
15:06:22.164 [FXGL Background Thread 1 ] DEBUG TMXLevelLoader       - Creating tile layer entities
15:06:22.167 [FXGL Background Thread 1 ] DEBUG TilesetLoader        - Loading view for layer background
15:06:22.170 [FXGL Background Thread 1 ] DEBUG TilesetLoader        - Created buffer with size 1280.0x800.0
15:06:22.181 [FXGL Background Thread 4 ] DEBUG FXGLAssetLoaderServi - Loading from file system: jar:file:/C:/Users/HP/.m2/repository/com/github/almasb/fxgl/21.1/fxgl-21.1.jar!/fxglassets/ui/fonts/Abel-Regular.ttf
15:06:22.187 [FXGL Background Thread 4 ] DEBUG FXGLAssetLoaderServi - Loading from file system: jar:file:/C:/Users/HP/.m2/repository/com/github/almasb/fxgl/21.1/fxgl-21.1.jar!/fxglassets/ui/fonts/TerminalLandMono-Regular.otf
15:06:22.193 [FXGL Background Thread 4 ] DEBUG FXGLAssetLoaderServi - Loading from file system: jar:file:/C:/Users/HP/.m2/repository/com/github/almasb/fxgl/21.1/fxgl-21.1.jar!/fxglassets/ui/fonts/Courier-Prime.ttf
15:06:22.206 [FXGL Background Thread 1 ] DEBUG TilesetLoader        - Loading view for layer tower spot layer
15:06:22.208 [FXGL Background Thread 1 ] DEBUG TilesetLoader        - Created buffer with size 1280.0x800.0
15:06:22.216 [FXGL Background Thread 1 ] DEBUG TilesetLoader        - Loading view for layer Road
15:06:22.218 [FXGL Background Thread 1 ] DEBUG TilesetLoader        - Created buffer with size 1280.0x800.0
15:06:22.219 [JavaFX Application Thread] DEBUG FXGLApplication      - Registering font factories with UI factory
15:06:22.224 [FXGL Background Thread 1 ] DEBUG TilesetLoader        - Loading view for layer road2
15:06:22.227 [FXGL Background Thread 1 ] DEBUG TilesetLoader        - Created buffer with size 1280.0x800.0
15:06:22.229 [FXGL Background Thread 1 ] WARN  TilesetLoader        - Diagonally flipped tiles are not currently supported
15:06:22.230 [FXGL Background Thread 1 ] WARN  TilesetLoader        - Diagonally flipped tiles are not currently supported
15:06:22.231 [FXGL Background Thread 1 ] WARN  TilesetLoader        - Diagonally flipped tiles are not currently supported
15:06:22.231 [FXGL Background Thread 1 ] WARN  TilesetLoader        - Diagonally flipped tiles are not currently supported
15:06:22.231 [FXGL Background Thread 1 ] WARN  TilesetLoader        - Diagonally flipped tiles are not currently supported
15:06:22.232 [FXGL Background Thread 1 ] WARN  TilesetLoader        - Diagonally flipped tiles are not currently supported
15:06:22.232 [FXGL Background Thread 1 ] WARN  TilesetLoader        - Diagonally flipped tiles are not currently supported
15:06:22.232 [FXGL Background Thread 1 ] WARN  TilesetLoader        - Diagonally flipped tiles are not currently supported
15:06:22.233 [FXGL Background Thread 1 ] WARN  TilesetLoader        - Diagonally flipped tiles are not currently supported
15:06:22.234 [FXGL Background Thread 1 ] WARN  TilesetLoader        - Diagonally flipped tiles are not currently supported
15:06:22.234 [FXGL Background Thread 1 ] WARN  TilesetLoader        - Diagonally flipped tiles are not currently supported
15:06:22.235 [FXGL Background Thread 1 ] WARN  TilesetLoader        - Diagonally flipped tiles are not currently supported
15:06:22.235 [FXGL Background Thread 1 ] WARN  TilesetLoader        - Diagonally flipped tiles are not currently supported
15:06:22.236 [FXGL Background Thread 1 ] WARN  TilesetLoader        - Diagonally flipped tiles are not currently supported
15:06:22.236 [FXGL Background Thread 1 ] WARN  TilesetLoader        - Diagonally flipped tiles are not currently supported
15:06:22.237 [FXGL Background Thread 1 ] WARN  TilesetLoader        - Diagonally flipped tiles are not currently supported
15:06:22.238 [FXGL Background Thread 1 ] WARN  TilesetLoader        - Diagonally flipped tiles are not currently supported
15:06:22.239 [FXGL Background Thread 1 ] WARN  TilesetLoader        - Diagonally flipped tiles are not currently supported
15:06:22.239 [FXGL Background Thread 1 ] WARN  TilesetLoader        - Diagonally flipped tiles are not currently supported
15:06:22.240 [FXGL Background Thread 1 ] WARN  TilesetLoader        - Diagonally flipped tiles are not currently supported
15:06:22.240 [FXGL Background Thread 1 ] WARN  TilesetLoader        - Diagonally flipped tiles are not currently supported
15:06:22.241 [FXGL Background Thread 1 ] WARN  TilesetLoader        - Diagonally flipped tiles are not currently supported
15:06:22.241 [FXGL Background Thread 1 ] WARN  TilesetLoader        - Diagonally flipped tiles are not currently supported
15:06:22.243 [FXGL Background Thread 1 ] WARN  TilesetLoader        - Diagonally flipped tiles are not currently supported
15:06:22.244 [FXGL Background Thread 1 ] WARN  TilesetLoader        - Diagonally flipped tiles are not currently supported
15:06:22.244 [FXGL Background Thread 1 ] WARN  TilesetLoader        - Diagonally flipped tiles are not currently supported
15:06:22.245 [FXGL Background Thread 1 ] WARN  TilesetLoader        - Diagonally flipped tiles are not currently supported
15:06:22.245 [FXGL Background Thread 1 ] WARN  TilesetLoader        - Diagonally flipped tiles are not currently supported
15:06:22.246 [FXGL Background Thread 1 ] WARN  TilesetLoader        - Diagonally flipped tiles are not currently supported
15:06:22.246 [FXGL Background Thread 1 ] WARN  TilesetLoader        - Diagonally flipped tiles are not currently supported
15:06:22.247 [FXGL Background Thread 1 ] WARN  TilesetLoader        - Diagonally flipped tiles are not currently supported
15:06:22.247 [FXGL Background Thread 1 ] WARN  TilesetLoader        - Diagonally flipped tiles are not currently supported
15:06:22.248 [FXGL Background Thread 1 ] WARN  TilesetLoader        - Diagonally flipped tiles are not currently supported
15:06:22.248 [FXGL Background Thread 1 ] WARN  TilesetLoader        - Diagonally flipped tiles are not currently supported
15:06:22.249 [FXGL Background Thread 1 ] WARN  TilesetLoader        - Diagonally flipped tiles are not currently supported
15:06:22.255 [FXGL Background Thread 1 ] WARN  TilesetLoader        - Diagonally flipped tiles are not currently supported
15:06:22.256 [FXGL Background Thread 1 ] WARN  TilesetLoader        - Diagonally flipped tiles are not currently supported
15:06:22.257 [FXGL Background Thread 1 ] WARN  TilesetLoader        - Diagonally flipped tiles are not currently supported
15:06:22.257 [FXGL Background Thread 1 ] WARN  TilesetLoader        - Diagonally flipped tiles are not currently supported
15:06:22.258 [FXGL Background Thread 1 ] WARN  TilesetLoader        - Diagonally flipped tiles are not currently supported
15:06:22.259 [FXGL Background Thread 1 ] WARN  TilesetLoader        - Diagonally flipped tiles are not currently supported
15:06:22.260 [FXGL Background Thread 1 ] WARN  TilesetLoader        - Diagonally flipped tiles are not currently supported
15:06:22.261 [FXGL Background Thread 1 ] WARN  TilesetLoader        - Diagonally flipped tiles are not currently supported
15:06:22.261 [FXGL Background Thread 1 ] WARN  TilesetLoader        - Diagonally flipped tiles are not currently supported
15:06:22.262 [FXGL Background Thread 1 ] WARN  TilesetLoader        - Diagonally flipped tiles are not currently supported
15:06:22.262 [FXGL Background Thread 1 ] WARN  TilesetLoader        - Diagonally flipped tiles are not currently supported
15:06:22.263 [FXGL Background Thread 1 ] WARN  TilesetLoader        - Diagonally flipped tiles are not currently supported
15:06:22.263 [FXGL Background Thread 1 ] WARN  TilesetLoader        - Diagonally flipped tiles are not currently supported
15:06:22.264 [FXGL Background Thread 1 ] WARN  TilesetLoader        - Diagonally flipped tiles are not currently supported
15:06:22.264 [FXGL Background Thread 1 ] WARN  TilesetLoader        - Diagonally flipped tiles are not currently supported
15:06:22.265 [FXGL Background Thread 1 ] WARN  TilesetLoader        - Diagonally flipped tiles are not currently supported
15:06:22.265 [FXGL Background Thread 1 ] WARN  TilesetLoader        - Diagonally flipped tiles are not currently supported
15:06:22.265 [FXGL Background Thread 1 ] WARN  TilesetLoader        - Diagonally flipped tiles are not currently supported
15:06:22.266 [FXGL Background Thread 1 ] WARN  TilesetLoader        - Diagonally flipped tiles are not currently supported
15:06:22.266 [FXGL Background Thread 1 ] WARN  TilesetLoader        - Diagonally flipped tiles are not currently supported
15:06:22.266 [FXGL Background Thread 1 ] WARN  TilesetLoader        - Diagonally flipped tiles are not currently supported
15:06:22.267 [FXGL Background Thread 1 ] WARN  TilesetLoader        - Diagonally flipped tiles are not currently supported
15:06:22.267 [FXGL Background Thread 1 ] WARN  TilesetLoader        - Diagonally flipped tiles are not currently supported
15:06:22.267 [FXGL Background Thread 1 ] WARN  TilesetLoader        - Diagonally flipped tiles are not currently supported
15:06:22.267 [FXGL Background Thread 1 ] WARN  TilesetLoader        - Diagonally flipped tiles are not currently supported
15:06:22.267 [FXGL Background Thread 1 ] WARN  TilesetLoader        - Diagonally flipped tiles are not currently supported
15:06:22.268 [FXGL Background Thread 1 ] WARN  TilesetLoader        - Diagonally flipped tiles are not currently supported
15:06:22.268 [FXGL Background Thread 1 ] WARN  TilesetLoader        - Diagonally flipped tiles are not currently supported
15:06:22.268 [FXGL Background Thread 1 ] WARN  TilesetLoader        - Diagonally flipped tiles are not currently supported
15:06:22.268 [FXGL Background Thread 1 ] WARN  TilesetLoader        - Diagonally flipped tiles are not currently supported
15:06:22.269 [FXGL Background Thread 1 ] WARN  TilesetLoader        - Diagonally flipped tiles are not currently supported
15:06:22.269 [FXGL Background Thread 1 ] WARN  TilesetLoader        - Diagonally flipped tiles are not currently supported
15:06:22.269 [FXGL Background Thread 1 ] WARN  TilesetLoader        - Diagonally flipped tiles are not currently supported
15:06:22.269 [FXGL Background Thread 1 ] WARN  TilesetLoader        - Diagonally flipped tiles are not currently supported
15:06:22.270 [FXGL Background Thread 1 ] WARN  TilesetLoader        - Diagonally flipped tiles are not currently supported
15:06:22.270 [FXGL Background Thread 1 ] WARN  TilesetLoader        - Diagonally flipped tiles are not currently supported
15:06:22.271 [FXGL Background Thread 1 ] WARN  TilesetLoader        - Diagonally flipped tiles are not currently supported
15:06:22.271 [FXGL Background Thread 1 ] WARN  TilesetLoader        - Diagonally flipped tiles are not currently supported
15:06:22.271 [FXGL Background Thread 1 ] WARN  TilesetLoader        - Diagonally flipped tiles are not currently supported
15:06:22.271 [FXGL Background Thread 1 ] WARN  TilesetLoader        - Diagonally flipped tiles are not currently supported
15:06:22.272 [FXGL Background Thread 1 ] WARN  TilesetLoader        - Diagonally flipped tiles are not currently supported
15:06:22.272 [FXGL Background Thread 1 ] WARN  TilesetLoader        - Diagonally flipped tiles are not currently supported
15:06:22.272 [FXGL Background Thread 1 ] WARN  TilesetLoader        - Diagonally flipped tiles are not currently supported
15:06:22.272 [FXGL Background Thread 1 ] WARN  TilesetLoader        - Diagonally flipped tiles are not currently supported
15:06:22.273 [FXGL Background Thread 1 ] WARN  TilesetLoader        - Diagonally flipped tiles are not currently supported
15:06:22.273 [FXGL Background Thread 1 ] WARN  TilesetLoader        - Diagonally flipped tiles are not currently supported
15:06:22.273 [FXGL Background Thread 1 ] WARN  TilesetLoader        - Diagonally flipped tiles are not currently supported
15:06:22.273 [FXGL Background Thread 1 ] WARN  TilesetLoader        - Diagonally flipped tiles are not currently supported
15:06:22.274 [FXGL Background Thread 1 ] WARN  TilesetLoader        - Diagonally flipped tiles are not currently supported
15:06:22.274 [FXGL Background Thread 1 ] WARN  TilesetLoader        - Diagonally flipped tiles are not currently supported
15:06:22.274 [FXGL Background Thread 1 ] WARN  TilesetLoader        - Diagonally flipped tiles are not currently supported
15:06:22.274 [FXGL Background Thread 1 ] WARN  TilesetLoader        - Diagonally flipped tiles are not currently supported
15:06:22.275 [FXGL Background Thread 1 ] WARN  TilesetLoader        - Diagonally flipped tiles are not currently supported
15:06:22.275 [FXGL Background Thread 1 ] WARN  TilesetLoader        - Diagonally flipped tiles are not currently supported
15:06:22.275 [FXGL Background Thread 1 ] WARN  TilesetLoader        - Diagonally flipped tiles are not currently supported
15:06:22.275 [FXGL Background Thread 1 ] WARN  TilesetLoader        - Diagonally flipped tiles are not currently supported
15:06:22.276 [FXGL Background Thread 1 ] WARN  TilesetLoader        - Diagonally flipped tiles are not currently supported
15:06:22.276 [FXGL Background Thread 1 ] WARN  TilesetLoader        - Diagonally flipped tiles are not currently supported
15:06:22.276 [FXGL Background Thread 1 ] WARN  TilesetLoader        - Diagonally flipped tiles are not currently supported
15:06:22.277 [FXGL Background Thread 1 ] WARN  TilesetLoader        - Diagonally flipped tiles are not currently supported
15:06:22.277 [FXGL Background Thread 1 ] WARN  TilesetLoader        - Diagonally flipped tiles are not currently supported
15:06:22.277 [FXGL Background Thread 1 ] WARN  TilesetLoader        - Diagonally flipped tiles are not currently supported
15:06:22.277 [FXGL Background Thread 1 ] WARN  TilesetLoader        - Diagonally flipped tiles are not currently supported
15:06:22.277 [FXGL Background Thread 1 ] WARN  TilesetLoader        - Diagonally flipped tiles are not currently supported
15:06:22.278 [FXGL Background Thread 1 ] WARN  TilesetLoader        - Diagonally flipped tiles are not currently supported
15:06:22.278 [FXGL Background Thread 1 ] WARN  TilesetLoader        - Diagonally flipped tiles are not currently supported
15:06:22.278 [FXGL Background Thread 1 ] WARN  TilesetLoader        - Diagonally flipped tiles are not currently supported
15:06:22.278 [FXGL Background Thread 1 ] WARN  TilesetLoader        - Diagonally flipped tiles are not currently supported
15:06:22.279 [FXGL Background Thread 1 ] WARN  TilesetLoader        - Diagonally flipped tiles are not currently supported
15:06:22.279 [FXGL Background Thread 1 ] WARN  TilesetLoader        - Diagonally flipped tiles are not currently supported
15:06:22.279 [FXGL Background Thread 1 ] WARN  TilesetLoader        - Diagonally flipped tiles are not currently supported
15:06:22.279 [FXGL Background Thread 1 ] WARN  TilesetLoader        - Diagonally flipped tiles are not currently supported
15:06:22.279 [FXGL Background Thread 1 ] WARN  TilesetLoader        - Diagonally flipped tiles are not currently supported
15:06:22.279 [FXGL Background Thread 1 ] WARN  TilesetLoader        - Diagonally flipped tiles are not currently supported
15:06:22.280 [FXGL Background Thread 1 ] WARN  TilesetLoader        - Diagonally flipped tiles are not currently supported
15:06:22.283 [FXGL Background Thread 1 ] WARN  TilesetLoader        - Diagonally flipped tiles are not currently supported
15:06:22.283 [FXGL Background Thread 1 ] WARN  TilesetLoader        - Diagonally flipped tiles are not currently supported
15:06:22.283 [FXGL Background Thread 1 ] WARN  TilesetLoader        - Diagonally flipped tiles are not currently supported
15:06:22.284 [FXGL Background Thread 1 ] WARN  TilesetLoader        - Diagonally flipped tiles are not currently supported
15:06:22.284 [FXGL Background Thread 1 ] WARN  TilesetLoader        - Diagonally flipped tiles are not currently supported
15:06:22.284 [FXGL Background Thread 1 ] WARN  TilesetLoader        - Diagonally flipped tiles are not currently supported
15:06:22.284 [FXGL Background Thread 1 ] WARN  TilesetLoader        - Diagonally flipped tiles are not currently supported
15:06:22.284 [FXGL Background Thread 1 ] WARN  TilesetLoader        - Diagonally flipped tiles are not currently supported
15:06:22.285 [FXGL Background Thread 1 ] WARN  TilesetLoader        - Diagonally flipped tiles are not currently supported
15:06:22.285 [FXGL Background Thread 1 ] WARN  TilesetLoader        - Diagonally flipped tiles are not currently supported
15:06:22.285 [FXGL Background Thread 1 ] WARN  TilesetLoader        - Diagonally flipped tiles are not currently supported
15:06:22.286 [FXGL Background Thread 1 ] WARN  TilesetLoader        - Diagonally flipped tiles are not currently supported
15:06:22.287 [FXGL Background Thread 1 ] WARN  TilesetLoader        - Diagonally flipped tiles are not currently supported
15:06:22.288 [FXGL Background Thread 1 ] WARN  TilesetLoader        - Diagonally flipped tiles are not currently supported
15:06:22.288 [FXGL Background Thread 1 ] WARN  TilesetLoader        - Diagonally flipped tiles are not currently supported
15:06:22.288 [FXGL Background Thread 1 ] WARN  TilesetLoader        - Diagonally flipped tiles are not currently supported
15:06:22.289 [FXGL Background Thread 1 ] WARN  TilesetLoader        - Diagonally flipped tiles are not currently supported
15:06:22.289 [FXGL Background Thread 1 ] WARN  TilesetLoader        - Diagonally flipped tiles are not currently supported
15:06:22.289 [FXGL Background Thread 1 ] WARN  TilesetLoader        - Diagonally flipped tiles are not currently supported
15:06:22.289 [FXGL Background Thread 1 ] WARN  TilesetLoader        - Diagonally flipped tiles are not currently supported
15:06:22.289 [FXGL Background Thread 1 ] WARN  TilesetLoader        - Diagonally flipped tiles are not currently supported
15:06:22.290 [FXGL Background Thread 1 ] WARN  TilesetLoader        - Diagonally flipped tiles are not currently supported
15:06:22.290 [FXGL Background Thread 1 ] WARN  TilesetLoader        - Diagonally flipped tiles are not currently supported
15:06:22.290 [FXGL Background Thread 1 ] WARN  TilesetLoader        - Diagonally flipped tiles are not currently supported
15:06:22.290 [FXGL Background Thread 1 ] WARN  TilesetLoader        - Diagonally flipped tiles are not currently supported
15:06:22.290 [FXGL Background Thread 1 ] WARN  TilesetLoader        - Diagonally flipped tiles are not currently supported
15:06:22.291 [FXGL Background Thread 1 ] WARN  TilesetLoader        - Diagonally flipped tiles are not currently supported
15:06:22.291 [FXGL Background Thread 1 ] WARN  TilesetLoader        - Diagonally flipped tiles are not currently supported
15:06:22.291 [FXGL Background Thread 1 ] WARN  TilesetLoader        - Diagonally flipped tiles are not currently supported
15:06:22.291 [FXGL Background Thread 1 ] WARN  TilesetLoader        - Diagonally flipped tiles are not currently supported
15:06:22.292 [FXGL Background Thread 1 ] WARN  TilesetLoader        - Diagonally flipped tiles are not currently supported
15:06:22.292 [FXGL Background Thread 1 ] WARN  TilesetLoader        - Diagonally flipped tiles are not currently supported
15:06:22.292 [FXGL Background Thread 1 ] WARN  TilesetLoader        - Diagonally flipped tiles are not currently supported
15:06:22.292 [FXGL Background Thread 1 ] WARN  TilesetLoader        - Diagonally flipped tiles are not currently supported
15:06:22.293 [FXGL Background Thread 1 ] WARN  TilesetLoader        - Diagonally flipped tiles are not currently supported
15:06:22.293 [FXGL Background Thread 1 ] WARN  TilesetLoader        - Diagonally flipped tiles are not currently supported
15:06:22.293 [FXGL Background Thread 1 ] WARN  TilesetLoader        - Diagonally flipped tiles are not currently supported
15:06:22.293 [FXGL Background Thread 1 ] WARN  TilesetLoader        - Diagonally flipped tiles are not currently supported
15:06:22.293 [FXGL Background Thread 1 ] WARN  TilesetLoader        - Diagonally flipped tiles are not currently supported
15:06:22.294 [FXGL Background Thread 1 ] DEBUG TilesetLoader        - Loading view for layer road3
15:06:22.297 [FXGL Background Thread 1 ] DEBUG TilesetLoader        - Created buffer with size 1280.0x800.0
15:06:22.300 [FXGL Background Thread 1 ] DEBUG TilesetLoader        - Loading view for layer bg2
15:06:22.300 [FXGL Background Thread 1 ] DEBUG TilesetLoader        - Created buffer with size 1280.0x800.0
15:06:22.403 [FXGL Background Thread 1 ] DEBUG TilesetLoader        - Loading view for layer icons
15:06:22.404 [FXGL Background Thread 1 ] DEBUG TilesetLoader        - Created buffer with size 1280.0x800.0
15:06:22.411 [FXGL Background Thread 1 ] DEBUG TMXLevelLoader       - Creating object layer entities
15:06:22.448 [FXGL Background Thread 1 ] DEBUG GameWorld            - Clearing removable entities
15:06:22.449 [FXGL Background Thread 1 ] DEBUG GameWorld            - Setting level: com.almasb.fxgl.entity.level.Level@5ebf3245
15:06:22.466 [FXGL Background Thread 1 ] INFO  FXGLApplication      - Game initialization took: 0.443 sec
15:06:22.467 [JavaFX Application Thread] DEBUG Input                - Clearing active input actions
15:06:22.484 [JavaFX Application Thread] DEBUG GameApplicationServi - Removing overlay from FXGLLoadingScene and adding to GameScene
15:06:22.484 [JavaFX Application Thread] DEBUG PrimaryStageWindow   - FXGLLoadingScene -> GameScene
15:06:23.147 [FXGL Background Thread 2 ] INFO  UpdaterService       - Your current version:  21.1
15:06:23.147 [FXGL Background Thread 2 ] INFO  UpdaterService       - Latest stable version: 25
15:06:23.570 [JavaFX Application Thread] DEBUG FXGLAssetLoaderServi - Loading from file system: file:/E:/All%20About%20Dev/OOP/FXGL%20new%20Begining/final%20version/Tower%20Defender/Tower-Defender/target/classes/assets/textures/wolf.png
15:06:23.589 [JavaFX Application Thread] DEBUG FXGLAssetLoaderServi - Loading from file system: file:/E:/All%20About%20Dev/OOP/FXGL%20new%20Begining/final%20version/Tower%20Defender/Tower-Defender/target/classes/assets/textures/bird.png
15:06:24.926 [FXGL Background Thread 3 ] DEBUG Engine               - Logging environment variables
15:06:24.927 [FXGL Background Thread 3 ] DEBUG Engine               - achievements: []
15:06:24.927 [FXGL Background Thread 3 ] DEBUG Engine               - actualHeight: 800.0
15:06:24.927 [FXGL Background Thread 3 ] DEBUG Engine               - actualHeightProperty: ReadOnlyDoubleProperty [value: 800.0]
15:06:24.928 [FXGL Background Thread 3 ] DEBUG Engine               - actualWidth: 1280.0
15:06:24.928 [FXGL Background Thread 3 ] DEBUG Engine               - actualWidthProperty: ReadOnlyDoubleProperty [value: 1280.0]
15:06:24.928 [FXGL Background Thread 3 ] DEBUG Engine               - appIcon: fxgl_icon.png
15:06:24.928 [FXGL Background Thread 3 ] DEBUG Engine               - applicationMode: DEVELOPER
15:06:24.928 [FXGL Background Thread 3 ] DEBUG Engine               - cSSList: [fxgl_dark.css]
15:06:24.928 [FXGL Background Thread 3 ] DEBUG Engine               - collisionDetectionStrategy: BRUTE_FORCE
15:06:24.928 [FXGL Background Thread 3 ] DEBUG Engine               - configClass: Optional.empty
15:06:24.928 [FXGL Background Thread 3 ] DEBUG Engine               - credits: []
15:06:24.929 [FXGL Background Thread 3 ] DEBUG Engine               - defaultCursor: CursorInfo(imageName=fxgl_default_cursor.png, hotspotX=7.0, hotspotY=6.0)
15:06:24.929 [FXGL Background Thread 3 ] DEBUG Engine               - devBBoxColorProperty: ObjectProperty [value: 0xff0000ff]
15:06:24.929 [FXGL Background Thread 3 ] DEBUG Engine               - devEnableDebugCameraProperty: BooleanProperty [value: false]
15:06:24.929 [FXGL Background Thread 3 ] DEBUG Engine               - devSensorColorProperty: ObjectProperty [value: 0xffff00ff]
15:06:24.929 [FXGL Background Thread 3 ] DEBUG Engine               - devShowBBoxProperty: BooleanProperty [value: false]
15:06:24.929 [FXGL Background Thread 3 ] DEBUG Engine               - devShowPositionProperty: BooleanProperty [value: false]
15:06:24.929 [FXGL Background Thread 3 ] DEBUG Engine               - enabledMenuItems: []
15:06:24.929 [FXGL Background Thread 3 ] DEBUG Engine               - engineServices: [class com.almasb.fxgl.app.services.FXGLAssetLoaderService, class com.almasb.fxgl.app.FXGLApplication$GameApplicationService, class com.almasb.fxgl.app.services.FXGLDialogService, class com.almasb.fxgl.app.services.IOTaskExecutorService, class com.almasb.fxgl.io.FileSystemService, class com.almasb.fxgl.localization.LocalizationService, class com.almasb.fxgl.app.services.SystemBundleService, class com.almasb.fxgl.profile.SaveLoadService, class com.almasb.fxgl.ui.FXGLUIFactoryServiceProvider, class com.almasb.fxgl.ui.FXGLDialogFactoryServiceProvider, class com.almasb.fxgl.audio.AudioPlayer, class com.almasb.fxgl.notification.impl.NotificationServiceProvider, class com.almasb.fxgl.achievement.AchievementService, class com.almasb.fxgl.cutscene.CutsceneService, class com.almasb.fxgl.minigames.MiniGameService, class com.almasb.fxgl.net.NetService, class com.almasb.fxgl.app.services.UpdaterService, class com.almasb.fxgl.dev.DevService]
15:06:24.929 [FXGL Background Thread 3 ] DEBUG Engine               - fontGame: Abel-Regular.ttf
15:06:24.929 [FXGL Background Thread 3 ] DEBUG Engine               - fontMono: TerminalLandMono-Regular.otf
15:06:24.929 [FXGL Background Thread 3 ] DEBUG Engine               - fontSizeScaleUI: 1.0
15:06:24.929 [FXGL Background Thread 3 ] DEBUG Engine               - fontText: Courier-Prime.ttf
15:06:24.930 [FXGL Background Thread 3 ] DEBUG Engine               - fontUI: VarelaRound-Regular.ttf
15:06:24.930 [FXGL Background Thread 3 ] DEBUG Engine               - fullScreen: BooleanProperty [value: false]
15:06:24.930 [FXGL Background Thread 3 ] DEBUG Engine               - gameDifficulty: MEDIUM
15:06:24.930 [FXGL Background Thread 3 ] DEBUG Engine               - gameDifficultyProperty: ObjectProperty [value: MEDIUM]
15:06:24.930 [FXGL Background Thread 3 ] DEBUG Engine               - globalMusicVolume: 0.5
15:06:24.930 [FXGL Background Thread 3 ] DEBUG Engine               - globalMusicVolumeProperty: DoubleProperty [value: 0.5]
15:06:24.930 [FXGL Background Thread 3 ] DEBUG Engine               - globalSoundVolume: 0.5
15:06:24.930 [FXGL Background Thread 3 ] DEBUG Engine               - globalSoundVolumeProperty: DoubleProperty [value: 0.5]
15:06:24.930 [FXGL Background Thread 3 ] DEBUG Engine               - height: 800
15:06:24.930 [FXGL Background Thread 3 ] DEBUG Engine               - is3D: false
15:06:24.930 [FXGL Background Thread 3 ] DEBUG Engine               - isAndroid: false
15:06:24.930 [FXGL Background Thread 3 ] DEBUG Engine               - isBrowser: false
15:06:24.930 [FXGL Background Thread 3 ] DEBUG Engine               - isClickFeedbackEnabled: false
15:06:24.931 [FXGL Background Thread 3 ] DEBUG Engine               - isCloseConfirmation: false
15:06:24.931 [FXGL Background Thread 3 ] DEBUG Engine               - isDesktop: true
15:06:24.931 [FXGL Background Thread 3 ] DEBUG Engine               - isDeveloperMenuEnabled: false
15:06:24.931 [FXGL Background Thread 3 ] DEBUG Engine               - isEmbedded: false
15:06:24.931 [FXGL Background Thread 3 ] DEBUG Engine               - isEntityPreloadEnabled: true
15:06:24.931 [FXGL Background Thread 3 ] DEBUG Engine               - isExperimentalTiledLargeMap: false
15:06:24.931 [FXGL Background Thread 3 ] DEBUG Engine               - isFileSystemWriteAllowed: true
15:06:24.931 [FXGL Background Thread 3 ] DEBUG Engine               - isFullScreenAllowed: true
15:06:24.931 [FXGL Background Thread 3 ] DEBUG Engine               - isFullScreenFromStart: false
15:06:24.931 [FXGL Background Thread 3 ] DEBUG Engine               - isGameMenuEnabled: true
15:06:24.931 [FXGL Background Thread 3 ] DEBUG Engine               - isIOS: false
15:06:24.931 [FXGL Background Thread 3 ] DEBUG Engine               - isIntroEnabled: false
15:06:24.931 [FXGL Background Thread 3 ] DEBUG Engine               - isLinux: false
15:06:24.931 [FXGL Background Thread 3 ] DEBUG Engine               - isMac: false
15:06:24.931 [FXGL Background Thread 3 ] DEBUG Engine               - isMainMenuEnabled: false
15:06:24.931 [FXGL Background Thread 3 ] DEBUG Engine               - isManualResizeEnabled: true
15:06:24.931 [FXGL Background Thread 3 ] DEBUG Engine               - isMobile: false
15:06:24.931 [FXGL Background Thread 3 ] DEBUG Engine               - isNative: false
15:06:24.931 [FXGL Background Thread 3 ] DEBUG Engine               - isPauseMusicWhenMinimized: true
15:06:24.931 [FXGL Background Thread 3 ] DEBUG Engine               - isPreserveResizeRatio: false
15:06:24.931 [FXGL Background Thread 3 ] DEBUG Engine               - isProfilingEnabled: false
15:06:24.931 [FXGL Background Thread 3 ] DEBUG Engine               - isScaleAffectedOnResize: true
15:06:24.931 [FXGL Background Thread 3 ] DEBUG Engine               - isSingleStep: false
15:06:24.931 [FXGL Background Thread 3 ] DEBUG Engine               - isUserProfileEnabled: false
15:06:24.931 [FXGL Background Thread 3 ] DEBUG Engine               - isWindows: true
15:06:24.931 [FXGL Background Thread 3 ] DEBUG Engine               - language: ObjectProperty [value: ENGLISH]
15:06:24.931 [FXGL Background Thread 3 ] DEBUG Engine               - menuKey: ESCAPE
15:06:24.932 [FXGL Background Thread 3 ] DEBUG Engine               - mouseSensitivity: 0.2
15:06:24.932 [FXGL Background Thread 3 ] DEBUG Engine               - notificationViewClass: class com.almasb.fxgl.notification.view.XboxNotificationView
15:06:24.932 [FXGL Background Thread 3 ] DEBUG Engine               - pixelsPerMeter: 50.0
15:06:24.932 [FXGL Background Thread 3 ] DEBUG Engine               - platform: WINDOWS
15:06:24.932 [FXGL Background Thread 3 ] DEBUG Engine               - prefHeightProperty: ReadOnlyDoubleProperty [value: 800.0]
15:06:24.932 [FXGL Background Thread 3 ] DEBUG Engine               - prefWidthProperty: ReadOnlyDoubleProperty [value: 1280.0]
15:06:24.932 [FXGL Background Thread 3 ] DEBUG Engine               - profileDir: profiles/
15:06:24.932 [FXGL Background Thread 3 ] DEBUG Engine               - profileName: StringProperty [value: DEFAULT]
15:06:24.932 [FXGL Background Thread 3 ] DEBUG Engine               - randomSeed: -1
15:06:24.932 [FXGL Background Thread 3 ] DEBUG Engine               - runtimeInfo: RuntimeInfo(platform=WINDOWS, version=21.1, build=27.03.2024 07.52)
15:06:24.933 [FXGL Background Thread 3 ] DEBUG Engine               - saveFileExt: sav
15:06:24.933 [FXGL Background Thread 3 ] DEBUG Engine               - scaledHeightProp$fxgl: DoubleProperty [bound, value: 800.0]
15:06:24.933 [FXGL Background Thread 3 ] DEBUG Engine               - scaledWidthProp$fxgl: DoubleProperty [bound, value: 1280.0]
15:06:24.933 [FXGL Background Thread 3 ] DEBUG Engine               - sceneFactory: com.almasb.fxgl.app.scene.SceneFactory@58210d05
15:06:24.933 [FXGL Background Thread 3 ] DEBUG Engine               - secondsIn24h: 60
15:06:24.933 [FXGL Background Thread 3 ] DEBUG Engine               - soundMenuBack: menu/back.wav
15:06:24.934 [FXGL Background Thread 3 ] DEBUG Engine               - soundMenuPress: menu/press.wav
15:06:24.934 [FXGL Background Thread 3 ] DEBUG Engine               - soundMenuSelect: menu/select.wav
15:06:24.934 [FXGL Background Thread 3 ] DEBUG Engine               - soundNotification: core/notification.wav
15:06:24.934 [FXGL Background Thread 3 ] DEBUG Engine               - stageStyle: DECORATED
15:06:24.934 [FXGL Background Thread 3 ] DEBUG Engine               - supportedLanguages: [ENGLISH, FRENCH, GERMAN, HUNGARIAN, RUSSIAN]
15:06:24.934 [FXGL Background Thread 3 ] DEBUG Engine               - ticksPerSecond: -1
15:06:24.934 [FXGL Background Thread 3 ] DEBUG Engine               - title: Ghost Hunter
15:06:24.935 [FXGL Background Thread 3 ] DEBUG Engine               - urlGithub: https://github.com/AlmasB/FXGL
15:06:24.935 [FXGL Background Thread 3 ] DEBUG Engine               - urlLeaderboard: http://fxgl-top.herokuapp.com/
15:06:24.935 [FXGL Background Thread 3 ] DEBUG Engine               - urlPOM: https://raw.githubusercontent.com/AlmasB/FXGL/release/README.md
15:06:24.935 [FXGL Background Thread 3 ] DEBUG Engine               - userAppClass: class org.saikat.Game
15:06:24.935 [FXGL Background Thread 3 ] DEBUG Engine               - version: 1.0
15:06:24.935 [FXGL Background Thread 3 ] DEBUG Engine               - versionCheckDays: 7
15:06:24.935 [FXGL Background Thread 3 ] DEBUG Engine               - width: 1280
15:06:24.935 [FXGL Background Thread 3 ] DEBUG Engine               - Logging services
15:06:24.935 [FXGL Background Thread 3 ] DEBUG Engine               - class com.almasb.fxgl.app.services.FXGLAssetLoaderService
15:06:24.935 [FXGL Background Thread 3 ] DEBUG Engine               - class com.almasb.fxgl.app.FXGLApplication$GameApplicationService
15:06:24.935 [FXGL Background Thread 3 ] DEBUG Engine               - class com.almasb.fxgl.app.services.FXGLDialogService
15:06:24.935 [FXGL Background Thread 3 ] DEBUG Engine               - class com.almasb.fxgl.app.services.IOTaskExecutorService
15:06:24.935 [FXGL Background Thread 3 ] DEBUG Engine               - class com.almasb.fxgl.io.FileSystemService
15:06:24.935 [FXGL Background Thread 3 ] DEBUG Engine               - class com.almasb.fxgl.localization.LocalizationService
15:06:24.935 [FXGL Background Thread 3 ] DEBUG Engine               - class com.almasb.fxgl.app.services.SystemBundleService
15:06:24.935 [FXGL Background Thread 3 ] DEBUG Engine               - class com.almasb.fxgl.profile.SaveLoadService
15:06:24.935 [FXGL Background Thread 3 ] DEBUG Engine               - class com.almasb.fxgl.ui.FXGLUIFactoryServiceProvider
15:06:24.936 [FXGL Background Thread 3 ] DEBUG Engine               - class com.almasb.fxgl.ui.FXGLDialogFactoryServiceProvider
15:06:24.936 [FXGL Background Thread 3 ] DEBUG Engine               - class com.almasb.fxgl.audio.AudioPlayer
15:06:24.936 [FXGL Background Thread 3 ] DEBUG Engine               - class com.almasb.fxgl.notification.impl.NotificationServiceProvider
15:06:24.936 [FXGL Background Thread 3 ] DEBUG Engine               - class com.almasb.fxgl.achievement.AchievementService
15:06:24.936 [FXGL Background Thread 3 ] DEBUG Engine               - class com.almasb.fxgl.cutscene.CutsceneService
15:06:24.936 [FXGL Background Thread 3 ] DEBUG Engine               - class com.almasb.fxgl.minigames.MiniGameService
15:06:24.936 [FXGL Background Thread 3 ] DEBUG Engine               - class com.almasb.fxgl.net.NetService
15:06:24.936 [FXGL Background Thread 3 ] DEBUG Engine               - class com.almasb.fxgl.app.services.UpdaterService
15:06:24.936 [FXGL Background Thread 3 ] DEBUG Engine               - class com.almasb.fxgl.dev.DevService
15:06:26.096 [JavaFX Application Thread] DEBUG PrimaryStageWindow   - Push state: DialogSubScene
15:06:26.098 [JavaFX Application Thread] DEBUG Input                - Clearing active input actions
15:06:26.099 [JavaFX Application Thread] DEBUG GameApplicationServi - Removing overlay from GameScene and adding to DialogSubScene
15:06:26.100 [JavaFX Application Thread] DEBUG PrimaryStageWindow   - GameScene -> DialogSubScene
15:06:46.027 [JavaFX Application Thread] DEBUG PrimaryStageWindow   - Pop state: DialogSubScene
15:06:46.027 [JavaFX Application Thread] DEBUG Input                - Clearing active input actions
15:06:46.028 [JavaFX Application Thread] DEBUG GameApplicationServi - Removing overlay from DialogSubScene and adding to GameScene
15:06:46.029 [JavaFX Application Thread] DEBUG PrimaryStageWindow   - GameScene <- DialogSubScene
15:06:46.029 [JavaFX Application Thread] DEBUG LoopRunner           - Resuming loop
15:06:46.037 [JavaFX Application Thread] DEBUG FXGLAssetLoaderServi - Loading from file system: file:/E:/All%20About%20Dev/OOP/FXGL%20new%20Begining/final%20version/Tower%20Defender/Tower-Defender/target/classes/assets/textures/wildfire.png
15:06:46.074 [JavaFX Application Thread] DEBUG FXGLAssetLoaderServi - Loading from file system: file:/E:/All%20About%20Dev/OOP/FXGL%20new%20Begining/final%20version/Tower%20Defender/Tower-Defender/target/classes/assets/textures/tank_bullet.png
15:07:28.627 [JavaFX Application Thread] DEBUG FXGLApplication      - Exiting FXGL
15:07:28.628 [JavaFX Application Thread] DEBUG LoopRunner           - Stopping loop
15:07:28.628 [JavaFX Application Thread] DEBUG SystemBundleService  - Saving FXGL system data
15:07:28.637 [JavaFX Application Thread] DEBUG FileSystemAccess     - Writing to: E:\All About Dev\OOP\FXGL new Begining\final version\Tower Defender\Tower-Defender\system\fxgl.bundle
15:07:28.644 [JavaFX Application Thread] DEBUG Async                - Shutting down background threads
15:07:28.644 [JavaFX Application Thread] DEBUG PrimaryStageWindow   - Closing main window
15:07:28.666 [JavaFX Application Thread] DEBUG Logger               - Closing Logger
